[2022-04-15 13:46:28,140] {taskinstance.py:1043} INFO - Dependencies all met for <TaskInstance: parallel_dag.task_3 scheduled__2020-01-02T00:00:00+00:00 [queued]>
[2022-04-15 13:46:29,599] {taskinstance.py:1043} INFO - Dependencies all met for <TaskInstance: parallel_dag.task_3 scheduled__2020-01-02T00:00:00+00:00 [queued]>
[2022-04-15 13:46:29,725] {taskinstance.py:1249} INFO - 
--------------------------------------------------------------------------------
[2022-04-15 13:46:29,726] {taskinstance.py:1250} INFO - Starting attempt 1 of 1
[2022-04-15 13:46:29,726] {taskinstance.py:1251} INFO - 
--------------------------------------------------------------------------------
[2022-04-15 13:46:31,084] {taskinstance.py:1270} INFO - Executing <Task(BashOperator): task_3> on 2020-01-02 00:00:00+00:00
[2022-04-15 13:46:31,325] {standard_task_runner.py:52} INFO - Started process 101428 to run task
[2022-04-15 13:46:31,756] {standard_task_runner.py:79} INFO - Running: ['airflow', 'tasks', 'run', 'parallel_dag', 'task_3', 'scheduled__2020-01-02T00:00:00+00:00', '--job-id', '40', '--raw', '--subdir', 'DAGS_FOLDER/parallel_dag.py', '--cfg-path', '/tmp/tmpw32qi8o1', '--error-file', '/tmp/tmprovorv6_']
[2022-04-15 13:46:31,984] {standard_task_runner.py:80} INFO - Job 40: Subtask task_3
[2022-04-15 13:46:37,673] {logging_mixin.py:109} INFO - Running <TaskInstance: parallel_dag.task_3 scheduled__2020-01-02T00:00:00+00:00 [running]> on host 10.0.2.15
[2022-04-15 13:46:42,594] {taskinstance.py:1446} INFO - Exporting the following env vars:
AIRFLOW_CTX_DAG_OWNER=solfa
AIRFLOW_CTX_DAG_ID=parallel_dag
AIRFLOW_CTX_TASK_ID=task_3
AIRFLOW_CTX_EXECUTION_DATE=2020-01-02T00:00:00+00:00
AIRFLOW_CTX_DAG_RUN_ID=scheduled__2020-01-02T00:00:00+00:00
[2022-04-15 13:46:42,678] {subprocess.py:62} INFO - Tmp dir root location: 
 /tmp
[2022-04-15 13:46:42,778] {subprocess.py:74} INFO - Running command: ['bash', '-c', 'sleep 3']
[2022-04-15 13:46:43,279] {subprocess.py:85} INFO - Output:
[2022-04-15 13:46:46,992] {subprocess.py:93} INFO - Command exited with return code 0
[2022-04-15 13:46:49,283] {taskinstance.py:1278} INFO - Marking task as SUCCESS. dag_id=parallel_dag, task_id=task_3, execution_date=20200102T000000, start_date=20220415T134628, end_date=20220415T134649
[2022-04-15 13:46:50,547] {local_task_job.py:154} INFO - Task exited with return code 0
[2022-04-15 13:46:53,240] {local_task_job.py:264} INFO - 0 downstream tasks scheduled from follow-on schedule check
[2022-04-15 15:54:39,975] {taskinstance.py:1043} INFO - Dependencies all met for <TaskInstance: parallel_dag.task_3 scheduled__2020-01-02T00:00:00+00:00 [queued]>
[2022-04-15 15:54:39,983] {taskinstance.py:1043} INFO - Dependencies all met for <TaskInstance: parallel_dag.task_3 scheduled__2020-01-02T00:00:00+00:00 [queued]>
[2022-04-15 15:54:39,984] {taskinstance.py:1249} INFO - 
--------------------------------------------------------------------------------
[2022-04-15 15:54:39,984] {taskinstance.py:1250} INFO - Starting attempt 1 of 1
[2022-04-15 15:54:39,984] {taskinstance.py:1251} INFO - 
--------------------------------------------------------------------------------
[2022-04-15 15:54:40,001] {taskinstance.py:1270} INFO - Executing <Task(BashOperator): task_3> on 2020-01-02 00:00:00+00:00
[2022-04-15 15:54:40,004] {standard_task_runner.py:52} INFO - Started process 177154 to run task
[2022-04-15 15:54:40,010] {standard_task_runner.py:79} INFO - Running: ['airflow', 'tasks', 'run', 'parallel_dag', 'task_3', 'scheduled__2020-01-02T00:00:00+00:00', '--job-id', '136', '--raw', '--subdir', 'DAGS_FOLDER/parallel_dag.py', '--cfg-path', '/tmp/tmp003nltv7', '--error-file', '/tmp/tmpf36hoazs']
[2022-04-15 15:54:40,011] {standard_task_runner.py:80} INFO - Job 136: Subtask task_3
[2022-04-15 15:54:40,098] {logging_mixin.py:109} INFO - Running <TaskInstance: parallel_dag.task_3 scheduled__2020-01-02T00:00:00+00:00 [running]> on host 10.0.2.15
[2022-04-15 15:54:40,206] {taskinstance.py:1446} INFO - Exporting the following env vars:
AIRFLOW_CTX_DAG_OWNER=solfa
AIRFLOW_CTX_DAG_ID=parallel_dag
AIRFLOW_CTX_TASK_ID=task_3
AIRFLOW_CTX_EXECUTION_DATE=2020-01-02T00:00:00+00:00
AIRFLOW_CTX_DAG_RUN_ID=scheduled__2020-01-02T00:00:00+00:00
[2022-04-15 15:54:40,207] {subprocess.py:62} INFO - Tmp dir root location: 
 /tmp
[2022-04-15 15:54:40,208] {subprocess.py:74} INFO - Running command: ['bash', '-c', 'sleep 3']
[2022-04-15 15:54:40,214] {subprocess.py:85} INFO - Output:
[2022-04-15 15:54:43,220] {subprocess.py:93} INFO - Command exited with return code 0
[2022-04-15 15:54:43,274] {taskinstance.py:1278} INFO - Marking task as SUCCESS. dag_id=parallel_dag, task_id=task_3, execution_date=20200102T000000, start_date=20220415T155439, end_date=20220415T155443
[2022-04-15 15:54:43,344] {local_task_job.py:154} INFO - Task exited with return code 0
[2022-04-15 15:54:43,654] {local_task_job.py:264} INFO - 0 downstream tasks scheduled from follow-on schedule check
[2022-04-19 15:22:21,205] {taskinstance.py:1043} INFO - Dependencies all met for <TaskInstance: parallel_dag.task_3 scheduled__2020-01-02T00:00:00+00:00 [queued]>
[2022-04-19 15:22:21,437] {taskinstance.py:1043} INFO - Dependencies all met for <TaskInstance: parallel_dag.task_3 scheduled__2020-01-02T00:00:00+00:00 [queued]>
[2022-04-19 15:22:21,438] {taskinstance.py:1249} INFO - 
--------------------------------------------------------------------------------
[2022-04-19 15:22:21,438] {taskinstance.py:1250} INFO - Starting attempt 1 of 1
[2022-04-19 15:22:21,440] {taskinstance.py:1251} INFO - 
--------------------------------------------------------------------------------
[2022-04-19 15:22:21,702] {taskinstance.py:1270} INFO - Executing <Task(BashOperator): task_3> on 2020-01-02 00:00:00+00:00
[2022-04-19 15:22:21,745] {standard_task_runner.py:52} INFO - Started process 126699 to run task
[2022-04-19 15:22:21,914] {standard_task_runner.py:79} INFO - Running: ['airflow', 'tasks', 'run', 'parallel_dag', 'task_3', 'scheduled__2020-01-02T00:00:00+00:00', '--job-id', '182', '--raw', '--subdir', 'DAGS_FOLDER/parallel_dag.py', '--cfg-path', '/tmp/tmpq7qmckj2', '--error-file', '/tmp/tmpmsio7ah6']
[2022-04-19 15:22:21,941] {standard_task_runner.py:80} INFO - Job 182: Subtask task_3
[2022-04-19 15:22:23,275] {logging_mixin.py:109} INFO - Running <TaskInstance: parallel_dag.task_3 scheduled__2020-01-02T00:00:00+00:00 [running]> on host 10.0.2.15
[2022-04-19 15:22:24,365] {taskinstance.py:1446} INFO - Exporting the following env vars:
AIRFLOW_CTX_DAG_OWNER=solfa
AIRFLOW_CTX_DAG_ID=parallel_dag
AIRFLOW_CTX_TASK_ID=task_3
AIRFLOW_CTX_EXECUTION_DATE=2020-01-02T00:00:00+00:00
AIRFLOW_CTX_DAG_RUN_ID=scheduled__2020-01-02T00:00:00+00:00
[2022-04-19 15:22:24,370] {subprocess.py:62} INFO - Tmp dir root location: 
 /tmp
[2022-04-19 15:22:24,383] {subprocess.py:74} INFO - Running command: ['bash', '-c', 'sleep 3']
[2022-04-19 15:22:24,483] {subprocess.py:85} INFO - Output:
[2022-04-19 15:22:27,736] {subprocess.py:93} INFO - Command exited with return code 0
[2022-04-19 15:22:28,416] {taskinstance.py:1278} INFO - Marking task as SUCCESS. dag_id=parallel_dag, task_id=task_3, execution_date=20200102T000000, start_date=20220419T152221, end_date=20220419T152228
[2022-04-19 15:22:28,699] {local_task_job.py:154} INFO - Task exited with return code 0
[2022-04-19 15:22:29,150] {local_task_job.py:264} INFO - 1 downstream tasks scheduled from follow-on schedule check
