[2022-04-15 13:50:20,415] {taskinstance.py:1043} INFO - Dependencies all met for <TaskInstance: parallel_dag.task_4 scheduled__2020-01-14T00:00:00+00:00 [queued]>
[2022-04-15 13:50:20,708] {taskinstance.py:1043} INFO - Dependencies all met for <TaskInstance: parallel_dag.task_4 scheduled__2020-01-14T00:00:00+00:00 [queued]>
[2022-04-15 13:50:20,714] {taskinstance.py:1249} INFO - 
--------------------------------------------------------------------------------
[2022-04-15 13:50:20,715] {taskinstance.py:1250} INFO - Starting attempt 1 of 1
[2022-04-15 13:50:20,715] {taskinstance.py:1251} INFO - 
--------------------------------------------------------------------------------
[2022-04-15 13:50:20,968] {taskinstance.py:1270} INFO - Executing <Task(BashOperator): task_4> on 2020-01-14 00:00:00+00:00
[2022-04-15 13:50:21,010] {standard_task_runner.py:52} INFO - Started process 111636 to run task
[2022-04-15 13:50:21,076] {standard_task_runner.py:79} INFO - Running: ['airflow', 'tasks', 'run', 'parallel_dag', 'task_4', 'scheduled__2020-01-14T00:00:00+00:00', '--job-id', '85', '--raw', '--subdir', 'DAGS_FOLDER/parallel_dag.py', '--cfg-path', '/tmp/tmpbisxm7it', '--error-file', '/tmp/tmppwy8tiic']
[2022-04-15 13:50:21,185] {standard_task_runner.py:80} INFO - Job 85: Subtask task_4
[2022-04-15 13:50:22,870] {logging_mixin.py:109} INFO - Running <TaskInstance: parallel_dag.task_4 scheduled__2020-01-14T00:00:00+00:00 [running]> on host 10.0.2.15
[2022-04-15 13:50:24,074] {taskinstance.py:1446} INFO - Exporting the following env vars:
AIRFLOW_CTX_DAG_OWNER=solfa
AIRFLOW_CTX_DAG_ID=parallel_dag
AIRFLOW_CTX_TASK_ID=task_4
AIRFLOW_CTX_EXECUTION_DATE=2020-01-14T00:00:00+00:00
AIRFLOW_CTX_DAG_RUN_ID=scheduled__2020-01-14T00:00:00+00:00
[2022-04-15 13:50:24,086] {subprocess.py:62} INFO - Tmp dir root location: 
 /tmp
[2022-04-15 13:50:24,118] {subprocess.py:74} INFO - Running command: ['bash', '-c', 'sleep 3']
[2022-04-15 13:50:24,263] {subprocess.py:85} INFO - Output:
[2022-04-15 13:50:27,487] {subprocess.py:93} INFO - Command exited with return code 0
[2022-04-15 13:50:27,985] {taskinstance.py:1278} INFO - Marking task as SUCCESS. dag_id=parallel_dag, task_id=task_4, execution_date=20200114T000000, start_date=20220415T135020, end_date=20220415T135027
[2022-04-15 13:50:28,553] {local_task_job.py:154} INFO - Task exited with return code 0
[2022-04-15 13:50:29,271] {local_task_job.py:264} INFO - 0 downstream tasks scheduled from follow-on schedule check
