[2022-04-21 14:57:40,835] {taskinstance.py:1043} INFO - Dependencies all met for <TaskInstance: parallel_dag.task_4 scheduled__2022-04-20T00:00:00+00:00 [queued]>
[2022-04-21 14:57:40,955] {taskinstance.py:1043} INFO - Dependencies all met for <TaskInstance: parallel_dag.task_4 scheduled__2022-04-20T00:00:00+00:00 [queued]>
[2022-04-21 14:57:40,956] {taskinstance.py:1249} INFO - 
--------------------------------------------------------------------------------
[2022-04-21 14:57:40,957] {taskinstance.py:1250} INFO - Starting attempt 1 of 1
[2022-04-21 14:57:40,957] {taskinstance.py:1251} INFO - 
--------------------------------------------------------------------------------
[2022-04-21 14:57:41,067] {taskinstance.py:1270} INFO - Executing <Task(BashOperator): task_4> on 2022-04-20 00:00:00+00:00
[2022-04-21 14:57:41,107] {standard_task_runner.py:52} INFO - Started process 128948 to run task
[2022-04-21 14:57:41,151] {standard_task_runner.py:79} INFO - Running: ['airflow', 'tasks', 'run', 'parallel_dag', 'task_4', 'scheduled__2022-04-20T00:00:00+00:00', '--job-id', '194', '--raw', '--subdir', 'DAGS_FOLDER/parallel_dag.py', '--cfg-path', '/tmp/tmpkqkdcsab', '--error-file', '/tmp/tmpg9ae0hzs']
[2022-04-21 14:57:41,170] {standard_task_runner.py:80} INFO - Job 194: Subtask task_4
[2022-04-21 14:57:41,835] {logging_mixin.py:109} INFO - Running <TaskInstance: parallel_dag.task_4 scheduled__2022-04-20T00:00:00+00:00 [running]> on host airflowvm
[2022-04-21 14:57:42,568] {taskinstance.py:1446} INFO - Exporting the following env vars:
AIRFLOW_CTX_DAG_OWNER=solfa
AIRFLOW_CTX_DAG_ID=parallel_dag
AIRFLOW_CTX_TASK_ID=task_4
AIRFLOW_CTX_EXECUTION_DATE=2022-04-20T00:00:00+00:00
AIRFLOW_CTX_DAG_RUN_ID=scheduled__2022-04-20T00:00:00+00:00
[2022-04-21 14:57:42,575] {subprocess.py:62} INFO - Tmp dir root location: 
 /tmp
[2022-04-21 14:57:42,580] {subprocess.py:74} INFO - Running command: ['bash', '-c', 'sleep 3']
[2022-04-21 14:57:42,645] {subprocess.py:85} INFO - Output:
[2022-04-21 14:57:45,745] {subprocess.py:93} INFO - Command exited with return code 0
[2022-04-21 14:57:46,118] {taskinstance.py:1278} INFO - Marking task as SUCCESS. dag_id=parallel_dag, task_id=task_4, execution_date=20220420T000000, start_date=20220421T145740, end_date=20220421T145746
[2022-04-21 14:57:46,620] {local_task_job.py:154} INFO - Task exited with return code 0
[2022-04-21 14:57:46,947] {local_task_job.py:264} INFO - 0 downstream tasks scheduled from follow-on schedule check
