[2022-04-15 13:49:11,999] {taskinstance.py:1043} INFO - Dependencies all met for <TaskInstance: parallel_dag.task_3 scheduled__2020-01-12T00:00:00+00:00 [queued]>
[2022-04-15 13:49:13,011] {taskinstance.py:1043} INFO - Dependencies all met for <TaskInstance: parallel_dag.task_3 scheduled__2020-01-12T00:00:00+00:00 [queued]>
[2022-04-15 13:49:13,013] {taskinstance.py:1249} INFO - 
--------------------------------------------------------------------------------
[2022-04-15 13:49:13,066] {taskinstance.py:1250} INFO - Starting attempt 1 of 1
[2022-04-15 13:49:13,066] {taskinstance.py:1251} INFO - 
--------------------------------------------------------------------------------
[2022-04-15 13:49:14,112] {taskinstance.py:1270} INFO - Executing <Task(BashOperator): task_3> on 2020-01-12 00:00:00+00:00
[2022-04-15 13:49:14,351] {standard_task_runner.py:52} INFO - Started process 108519 to run task
[2022-04-15 13:49:14,759] {standard_task_runner.py:79} INFO - Running: ['airflow', 'tasks', 'run', 'parallel_dag', 'task_3', 'scheduled__2020-01-12T00:00:00+00:00', '--job-id', '70', '--raw', '--subdir', 'DAGS_FOLDER/parallel_dag.py', '--cfg-path', '/tmp/tmpsoh3ujkt', '--error-file', '/tmp/tmp4cdtk922']
[2022-04-15 13:49:14,863] {standard_task_runner.py:80} INFO - Job 70: Subtask task_3
[2022-04-15 13:49:19,875] {logging_mixin.py:109} INFO - Running <TaskInstance: parallel_dag.task_3 scheduled__2020-01-12T00:00:00+00:00 [running]> on host 10.0.2.15
[2022-04-15 13:49:24,856] {taskinstance.py:1446} INFO - Exporting the following env vars:
AIRFLOW_CTX_DAG_OWNER=solfa
AIRFLOW_CTX_DAG_ID=parallel_dag
AIRFLOW_CTX_TASK_ID=task_3
AIRFLOW_CTX_EXECUTION_DATE=2020-01-12T00:00:00+00:00
AIRFLOW_CTX_DAG_RUN_ID=scheduled__2020-01-12T00:00:00+00:00
[2022-04-15 13:49:24,919] {subprocess.py:62} INFO - Tmp dir root location: 
 /tmp
[2022-04-15 13:49:24,957] {subprocess.py:74} INFO - Running command: ['bash', '-c', 'sleep 3']
[2022-04-15 13:49:25,334] {subprocess.py:85} INFO - Output:
[2022-04-15 13:49:28,623] {subprocess.py:93} INFO - Command exited with return code 0
[2022-04-15 13:49:31,812] {taskinstance.py:1278} INFO - Marking task as SUCCESS. dag_id=parallel_dag, task_id=task_3, execution_date=20200112T000000, start_date=20220415T134912, end_date=20220415T134931
[2022-04-15 13:49:33,097] {local_task_job.py:154} INFO - Task exited with return code 0
[2022-04-15 13:49:35,205] {local_task_job.py:264} INFO - 0 downstream tasks scheduled from follow-on schedule check
[2022-04-15 15:56:37,134] {taskinstance.py:1043} INFO - Dependencies all met for <TaskInstance: parallel_dag.task_3 scheduled__2020-01-12T00:00:00+00:00 [queued]>
[2022-04-15 15:56:37,165] {taskinstance.py:1043} INFO - Dependencies all met for <TaskInstance: parallel_dag.task_3 scheduled__2020-01-12T00:00:00+00:00 [queued]>
[2022-04-15 15:56:37,165] {taskinstance.py:1249} INFO - 
--------------------------------------------------------------------------------
[2022-04-15 15:56:37,166] {taskinstance.py:1250} INFO - Starting attempt 1 of 1
[2022-04-15 15:56:37,166] {taskinstance.py:1251} INFO - 
--------------------------------------------------------------------------------
[2022-04-15 15:56:37,191] {taskinstance.py:1270} INFO - Executing <Task(BashOperator): task_3> on 2020-01-12 00:00:00+00:00
[2022-04-15 15:56:37,194] {standard_task_runner.py:52} INFO - Started process 182134 to run task
[2022-04-15 15:56:37,200] {standard_task_runner.py:79} INFO - Running: ['airflow', 'tasks', 'run', 'parallel_dag', 'task_3', 'scheduled__2020-01-12T00:00:00+00:00', '--job-id', '157', '--raw', '--subdir', 'DAGS_FOLDER/parallel_dag.py', '--cfg-path', '/tmp/tmpo8qc9t55', '--error-file', '/tmp/tmpwap_kkhk']
[2022-04-15 15:56:37,201] {standard_task_runner.py:80} INFO - Job 157: Subtask task_3
[2022-04-15 15:56:37,299] {logging_mixin.py:109} INFO - Running <TaskInstance: parallel_dag.task_3 scheduled__2020-01-12T00:00:00+00:00 [running]> on host 10.0.2.15
[2022-04-15 15:56:37,394] {taskinstance.py:1446} INFO - Exporting the following env vars:
AIRFLOW_CTX_DAG_OWNER=solfa
AIRFLOW_CTX_DAG_ID=parallel_dag
AIRFLOW_CTX_TASK_ID=task_3
AIRFLOW_CTX_EXECUTION_DATE=2020-01-12T00:00:00+00:00
AIRFLOW_CTX_DAG_RUN_ID=scheduled__2020-01-12T00:00:00+00:00
[2022-04-15 15:56:37,395] {subprocess.py:62} INFO - Tmp dir root location: 
 /tmp
[2022-04-15 15:56:37,395] {subprocess.py:74} INFO - Running command: ['bash', '-c', 'sleep 3']
[2022-04-15 15:56:37,401] {subprocess.py:85} INFO - Output:
[2022-04-15 15:56:40,411] {subprocess.py:93} INFO - Command exited with return code 0
[2022-04-15 15:56:40,508] {taskinstance.py:1278} INFO - Marking task as SUCCESS. dag_id=parallel_dag, task_id=task_3, execution_date=20200112T000000, start_date=20220415T155637, end_date=20220415T155640
[2022-04-15 15:56:40,688] {local_task_job.py:154} INFO - Task exited with return code 0
[2022-04-15 15:56:40,781] {local_task_job.py:264} INFO - 1 downstream tasks scheduled from follow-on schedule check
