[2022-04-15 13:48:31,788] {taskinstance.py:1043} INFO - Dependencies all met for <TaskInstance: parallel_dag.task_1 scheduled__2020-01-13T00:00:00+00:00 [queued]>
[2022-04-15 13:48:32,635] {taskinstance.py:1043} INFO - Dependencies all met for <TaskInstance: parallel_dag.task_1 scheduled__2020-01-13T00:00:00+00:00 [queued]>
[2022-04-15 13:48:32,714] {taskinstance.py:1249} INFO - 
--------------------------------------------------------------------------------
[2022-04-15 13:48:32,770] {taskinstance.py:1250} INFO - Starting attempt 1 of 1
[2022-04-15 13:48:32,770] {taskinstance.py:1251} INFO - 
--------------------------------------------------------------------------------
[2022-04-15 13:48:33,767] {taskinstance.py:1270} INFO - Executing <Task(BashOperator): task_1> on 2020-01-13 00:00:00+00:00
[2022-04-15 13:48:33,944] {standard_task_runner.py:52} INFO - Started process 106412 to run task
[2022-04-15 13:48:34,322] {standard_task_runner.py:79} INFO - Running: ['airflow', 'tasks', 'run', 'parallel_dag', 'task_1', 'scheduled__2020-01-13T00:00:00+00:00', '--job-id', '66', '--raw', '--subdir', 'DAGS_FOLDER/parallel_dag.py', '--cfg-path', '/tmp/tmpmd401tk3', '--error-file', '/tmp/tmp3k3sxgne']
[2022-04-15 13:48:34,534] {standard_task_runner.py:80} INFO - Job 66: Subtask task_1
[2022-04-15 13:48:38,943] {logging_mixin.py:109} INFO - Running <TaskInstance: parallel_dag.task_1 scheduled__2020-01-13T00:00:00+00:00 [running]> on host 10.0.2.15
[2022-04-15 13:48:43,332] {taskinstance.py:1446} INFO - Exporting the following env vars:
AIRFLOW_CTX_DAG_OWNER=solfa
AIRFLOW_CTX_DAG_ID=parallel_dag
AIRFLOW_CTX_TASK_ID=task_1
AIRFLOW_CTX_EXECUTION_DATE=2020-01-13T00:00:00+00:00
AIRFLOW_CTX_DAG_RUN_ID=scheduled__2020-01-13T00:00:00+00:00
[2022-04-15 13:48:43,387] {subprocess.py:62} INFO - Tmp dir root location: 
 /tmp
[2022-04-15 13:48:43,437] {subprocess.py:74} INFO - Running command: ['bash', '-c', 'sleep 3']
[2022-04-15 13:48:43,745] {subprocess.py:85} INFO - Output:
[2022-04-15 13:48:47,107] {subprocess.py:93} INFO - Command exited with return code 0
[2022-04-15 13:48:49,358] {taskinstance.py:1278} INFO - Marking task as SUCCESS. dag_id=parallel_dag, task_id=task_1, execution_date=20200113T000000, start_date=20220415T134831, end_date=20220415T134849
[2022-04-15 13:48:50,231] {local_task_job.py:154} INFO - Task exited with return code 0
[2022-04-15 13:48:52,754] {local_task_job.py:264} INFO - 2 downstream tasks scheduled from follow-on schedule check
[2022-04-15 15:54:08,371] {taskinstance.py:1043} INFO - Dependencies all met for <TaskInstance: parallel_dag.task_1 scheduled__2020-01-13T00:00:00+00:00 [queued]>
[2022-04-15 15:54:08,400] {taskinstance.py:1043} INFO - Dependencies all met for <TaskInstance: parallel_dag.task_1 scheduled__2020-01-13T00:00:00+00:00 [queued]>
[2022-04-15 15:54:08,401] {taskinstance.py:1249} INFO - 
--------------------------------------------------------------------------------
[2022-04-15 15:54:08,401] {taskinstance.py:1250} INFO - Starting attempt 1 of 1
[2022-04-15 15:54:08,401] {taskinstance.py:1251} INFO - 
--------------------------------------------------------------------------------
[2022-04-15 15:54:08,434] {taskinstance.py:1270} INFO - Executing <Task(BashOperator): task_1> on 2020-01-13 00:00:00+00:00
[2022-04-15 15:54:08,438] {standard_task_runner.py:52} INFO - Started process 175820 to run task
[2022-04-15 15:54:08,447] {standard_task_runner.py:79} INFO - Running: ['airflow', 'tasks', 'run', 'parallel_dag', 'task_1', 'scheduled__2020-01-13T00:00:00+00:00', '--job-id', '130', '--raw', '--subdir', 'DAGS_FOLDER/parallel_dag.py', '--cfg-path', '/tmp/tmpigooiqtm', '--error-file', '/tmp/tmp4abf9iu1']
[2022-04-15 15:54:08,448] {standard_task_runner.py:80} INFO - Job 130: Subtask task_1
[2022-04-15 15:54:08,578] {logging_mixin.py:109} INFO - Running <TaskInstance: parallel_dag.task_1 scheduled__2020-01-13T00:00:00+00:00 [running]> on host 10.0.2.15
[2022-04-15 15:54:08,917] {taskinstance.py:1446} INFO - Exporting the following env vars:
AIRFLOW_CTX_DAG_OWNER=solfa
AIRFLOW_CTX_DAG_ID=parallel_dag
AIRFLOW_CTX_TASK_ID=task_1
AIRFLOW_CTX_EXECUTION_DATE=2020-01-13T00:00:00+00:00
AIRFLOW_CTX_DAG_RUN_ID=scheduled__2020-01-13T00:00:00+00:00
[2022-04-15 15:54:08,919] {subprocess.py:62} INFO - Tmp dir root location: 
 /tmp
[2022-04-15 15:54:08,920] {subprocess.py:74} INFO - Running command: ['bash', '-c', 'sleep 3']
[2022-04-15 15:54:08,931] {subprocess.py:85} INFO - Output:
[2022-04-15 15:54:11,946] {subprocess.py:93} INFO - Command exited with return code 0
[2022-04-15 15:54:12,051] {taskinstance.py:1278} INFO - Marking task as SUCCESS. dag_id=parallel_dag, task_id=task_1, execution_date=20200113T000000, start_date=20220415T155408, end_date=20220415T155412
[2022-04-15 15:54:12,169] {local_task_job.py:154} INFO - Task exited with return code 0
[2022-04-15 15:54:12,305] {local_task_job.py:264} INFO - 2 downstream tasks scheduled from follow-on schedule check
