[2022-04-15 13:46:59,397] {taskinstance.py:1043} INFO - Dependencies all met for <TaskInstance: parallel_dag.task_1 scheduled__2020-01-09T00:00:00+00:00 [queued]>
[2022-04-15 13:47:00,184] {taskinstance.py:1043} INFO - Dependencies all met for <TaskInstance: parallel_dag.task_1 scheduled__2020-01-09T00:00:00+00:00 [queued]>
[2022-04-15 13:47:00,195] {taskinstance.py:1249} INFO - 
--------------------------------------------------------------------------------
[2022-04-15 13:47:00,256] {taskinstance.py:1250} INFO - Starting attempt 1 of 1
[2022-04-15 13:47:00,256] {taskinstance.py:1251} INFO - 
--------------------------------------------------------------------------------
[2022-04-15 13:47:01,068] {taskinstance.py:1270} INFO - Executing <Task(BashOperator): task_1> on 2020-01-09 00:00:00+00:00
[2022-04-15 13:47:01,247] {standard_task_runner.py:52} INFO - Started process 102447 to run task
[2022-04-15 13:47:01,731] {standard_task_runner.py:79} INFO - Running: ['airflow', 'tasks', 'run', 'parallel_dag', 'task_1', 'scheduled__2020-01-09T00:00:00+00:00', '--job-id', '44', '--raw', '--subdir', 'DAGS_FOLDER/parallel_dag.py', '--cfg-path', '/tmp/tmppkncmz5h', '--error-file', '/tmp/tmpc24ukl7h']
[2022-04-15 13:47:01,810] {standard_task_runner.py:80} INFO - Job 44: Subtask task_1
[2022-04-15 13:47:06,190] {logging_mixin.py:109} INFO - Running <TaskInstance: parallel_dag.task_1 scheduled__2020-01-09T00:00:00+00:00 [running]> on host 10.0.2.15
[2022-04-15 13:47:11,300] {taskinstance.py:1446} INFO - Exporting the following env vars:
AIRFLOW_CTX_DAG_OWNER=solfa
AIRFLOW_CTX_DAG_ID=parallel_dag
AIRFLOW_CTX_TASK_ID=task_1
AIRFLOW_CTX_EXECUTION_DATE=2020-01-09T00:00:00+00:00
AIRFLOW_CTX_DAG_RUN_ID=scheduled__2020-01-09T00:00:00+00:00
[2022-04-15 13:47:11,379] {subprocess.py:62} INFO - Tmp dir root location: 
 /tmp
[2022-04-15 13:47:11,419] {subprocess.py:74} INFO - Running command: ['bash', '-c', 'sleep 3']
[2022-04-15 13:47:11,797] {subprocess.py:85} INFO - Output:
[2022-04-15 13:47:15,583] {subprocess.py:93} INFO - Command exited with return code 0
[2022-04-15 13:47:17,684] {taskinstance.py:1278} INFO - Marking task as SUCCESS. dag_id=parallel_dag, task_id=task_1, execution_date=20200109T000000, start_date=20220415T134659, end_date=20220415T134717
[2022-04-15 13:47:18,748] {local_task_job.py:154} INFO - Task exited with return code 0
[2022-04-15 13:47:21,560] {local_task_job.py:264} INFO - 2 downstream tasks scheduled from follow-on schedule check
[2022-04-15 15:53:47,293] {taskinstance.py:1043} INFO - Dependencies all met for <TaskInstance: parallel_dag.task_1 scheduled__2020-01-09T00:00:00+00:00 [queued]>
[2022-04-15 15:53:47,304] {taskinstance.py:1043} INFO - Dependencies all met for <TaskInstance: parallel_dag.task_1 scheduled__2020-01-09T00:00:00+00:00 [queued]>
[2022-04-15 15:53:47,304] {taskinstance.py:1249} INFO - 
--------------------------------------------------------------------------------
[2022-04-15 15:53:47,304] {taskinstance.py:1250} INFO - Starting attempt 1 of 1
[2022-04-15 15:53:47,304] {taskinstance.py:1251} INFO - 
--------------------------------------------------------------------------------
[2022-04-15 15:53:47,317] {taskinstance.py:1270} INFO - Executing <Task(BashOperator): task_1> on 2020-01-09 00:00:00+00:00
[2022-04-15 15:53:47,320] {standard_task_runner.py:52} INFO - Started process 174953 to run task
[2022-04-15 15:53:47,327] {standard_task_runner.py:79} INFO - Running: ['airflow', 'tasks', 'run', 'parallel_dag', 'task_1', 'scheduled__2020-01-09T00:00:00+00:00', '--job-id', '126', '--raw', '--subdir', 'DAGS_FOLDER/parallel_dag.py', '--cfg-path', '/tmp/tmpu5jsvltn', '--error-file', '/tmp/tmpi4jzf6l1']
[2022-04-15 15:53:47,329] {standard_task_runner.py:80} INFO - Job 126: Subtask task_1
[2022-04-15 15:53:47,423] {logging_mixin.py:109} INFO - Running <TaskInstance: parallel_dag.task_1 scheduled__2020-01-09T00:00:00+00:00 [running]> on host 10.0.2.15
[2022-04-15 15:53:47,551] {taskinstance.py:1446} INFO - Exporting the following env vars:
AIRFLOW_CTX_DAG_OWNER=solfa
AIRFLOW_CTX_DAG_ID=parallel_dag
AIRFLOW_CTX_TASK_ID=task_1
AIRFLOW_CTX_EXECUTION_DATE=2020-01-09T00:00:00+00:00
AIRFLOW_CTX_DAG_RUN_ID=scheduled__2020-01-09T00:00:00+00:00
[2022-04-15 15:53:47,552] {subprocess.py:62} INFO - Tmp dir root location: 
 /tmp
[2022-04-15 15:53:47,552] {subprocess.py:74} INFO - Running command: ['bash', '-c', 'sleep 3']
[2022-04-15 15:53:47,563] {subprocess.py:85} INFO - Output:
[2022-04-15 15:53:50,582] {subprocess.py:93} INFO - Command exited with return code 0
[2022-04-15 15:53:50,621] {taskinstance.py:1278} INFO - Marking task as SUCCESS. dag_id=parallel_dag, task_id=task_1, execution_date=20200109T000000, start_date=20220415T155347, end_date=20220415T155350
[2022-04-15 15:53:50,676] {local_task_job.py:154} INFO - Task exited with return code 0
[2022-04-15 15:53:50,791] {local_task_job.py:264} INFO - 2 downstream tasks scheduled from follow-on schedule check
