[2022-04-15 13:47:53,654] {taskinstance.py:1043} INFO - Dependencies all met for <TaskInstance: parallel_dag.task_2 scheduled__2020-01-08T00:00:00+00:00 [queued]>
[2022-04-15 13:47:54,417] {taskinstance.py:1043} INFO - Dependencies all met for <TaskInstance: parallel_dag.task_2 scheduled__2020-01-08T00:00:00+00:00 [queued]>
[2022-04-15 13:47:54,418] {taskinstance.py:1249} INFO - 
--------------------------------------------------------------------------------
[2022-04-15 13:47:54,422] {taskinstance.py:1250} INFO - Starting attempt 1 of 1
[2022-04-15 13:47:54,433] {taskinstance.py:1251} INFO - 
--------------------------------------------------------------------------------
[2022-04-15 13:47:55,323] {taskinstance.py:1270} INFO - Executing <Task(PythonOperator): task_2> on 2020-01-08 00:00:00+00:00
[2022-04-15 13:47:55,591] {standard_task_runner.py:52} INFO - Started process 104979 to run task
[2022-04-15 13:47:55,931] {standard_task_runner.py:79} INFO - Running: ['airflow', 'tasks', 'run', 'parallel_dag', 'task_2', 'scheduled__2020-01-08T00:00:00+00:00', '--job-id', '53', '--raw', '--subdir', 'DAGS_FOLDER/parallel_dag.py', '--cfg-path', '/tmp/tmpd7f9120y', '--error-file', '/tmp/tmp5z9e9clp']
[2022-04-15 13:47:56,313] {standard_task_runner.py:80} INFO - Job 53: Subtask task_2
[2022-04-15 13:48:02,830] {logging_mixin.py:109} INFO - Running <TaskInstance: parallel_dag.task_2 scheduled__2020-01-08T00:00:00+00:00 [running]> on host 10.0.2.15
[2022-04-15 13:48:08,488] {taskinstance.py:1446} INFO - Exporting the following env vars:
AIRFLOW_CTX_DAG_OWNER=solfa
AIRFLOW_CTX_DAG_ID=parallel_dag
AIRFLOW_CTX_TASK_ID=task_2
AIRFLOW_CTX_EXECUTION_DATE=2020-01-08T00:00:00+00:00
AIRFLOW_CTX_DAG_RUN_ID=scheduled__2020-01-08T00:00:00+00:00
[2022-04-15 13:48:11,520] {python.py:175} INFO - Done. Returned value was: None
[2022-04-15 13:48:23,978] {taskinstance.py:1278} INFO - Marking task as SUCCESS. dag_id=parallel_dag, task_id=task_2, execution_date=20200108T000000, start_date=20220415T134753, end_date=20220415T134823
[2022-04-15 13:48:26,267] {local_task_job.py:154} INFO - Task exited with return code 0
[2022-04-15 13:48:29,706] {local_task_job.py:264} INFO - 1 downstream tasks scheduled from follow-on schedule check
[2022-04-15 15:55:46,687] {taskinstance.py:1043} INFO - Dependencies all met for <TaskInstance: parallel_dag.task_2 scheduled__2020-01-08T00:00:00+00:00 [queued]>
[2022-04-15 15:55:46,747] {taskinstance.py:1043} INFO - Dependencies all met for <TaskInstance: parallel_dag.task_2 scheduled__2020-01-08T00:00:00+00:00 [queued]>
[2022-04-15 15:55:46,748] {taskinstance.py:1249} INFO - 
--------------------------------------------------------------------------------
[2022-04-15 15:55:46,756] {taskinstance.py:1250} INFO - Starting attempt 1 of 1
[2022-04-15 15:55:46,756] {taskinstance.py:1251} INFO - 
--------------------------------------------------------------------------------
[2022-04-15 15:55:46,836] {taskinstance.py:1270} INFO - Executing <Task(PythonOperator): task_2> on 2020-01-08 00:00:00+00:00
[2022-04-15 15:55:46,840] {standard_task_runner.py:52} INFO - Started process 179989 to run task
[2022-04-15 15:55:46,869] {standard_task_runner.py:79} INFO - Running: ['airflow', 'tasks', 'run', 'parallel_dag', 'task_2', 'scheduled__2020-01-08T00:00:00+00:00', '--job-id', '148', '--raw', '--subdir', 'DAGS_FOLDER/parallel_dag.py', '--cfg-path', '/tmp/tmpkjsuc3jg', '--error-file', '/tmp/tmpbz0keh7b']
[2022-04-15 15:55:46,876] {standard_task_runner.py:80} INFO - Job 148: Subtask task_2
[2022-04-15 15:55:47,322] {logging_mixin.py:109} INFO - Running <TaskInstance: parallel_dag.task_2 scheduled__2020-01-08T00:00:00+00:00 [running]> on host 10.0.2.15
[2022-04-15 15:55:47,584] {taskinstance.py:1446} INFO - Exporting the following env vars:
AIRFLOW_CTX_DAG_OWNER=solfa
AIRFLOW_CTX_DAG_ID=parallel_dag
AIRFLOW_CTX_TASK_ID=task_2
AIRFLOW_CTX_EXECUTION_DATE=2020-01-08T00:00:00+00:00
AIRFLOW_CTX_DAG_RUN_ID=scheduled__2020-01-08T00:00:00+00:00
[2022-04-15 15:55:50,588] {python.py:175} INFO - Done. Returned value was: None
[2022-04-15 15:55:50,633] {taskinstance.py:1278} INFO - Marking task as SUCCESS. dag_id=parallel_dag, task_id=task_2, execution_date=20200108T000000, start_date=20220415T155546, end_date=20220415T155550
[2022-04-15 15:55:50,725] {local_task_job.py:154} INFO - Task exited with return code 0
[2022-04-15 15:55:50,952] {local_task_job.py:264} INFO - 0 downstream tasks scheduled from follow-on schedule check
