[2022-04-15 13:47:11,233] {taskinstance.py:1043} INFO - Dependencies all met for <TaskInstance: parallel_dag.task_2 scheduled__2020-01-04T00:00:00+00:00 [queued]>
[2022-04-15 13:47:12,033] {taskinstance.py:1043} INFO - Dependencies all met for <TaskInstance: parallel_dag.task_2 scheduled__2020-01-04T00:00:00+00:00 [queued]>
[2022-04-15 13:47:12,062] {taskinstance.py:1249} INFO - 
--------------------------------------------------------------------------------
[2022-04-15 13:47:12,077] {taskinstance.py:1250} INFO - Starting attempt 1 of 1
[2022-04-15 13:47:12,114] {taskinstance.py:1251} INFO - 
--------------------------------------------------------------------------------
[2022-04-15 13:47:13,074] {taskinstance.py:1270} INFO - Executing <Task(PythonOperator): task_2> on 2020-01-04 00:00:00+00:00
[2022-04-15 13:47:13,332] {standard_task_runner.py:52} INFO - Started process 102982 to run task
[2022-04-15 13:47:13,410] {standard_task_runner.py:79} INFO - Running: ['airflow', 'tasks', 'run', 'parallel_dag', 'task_2', 'scheduled__2020-01-04T00:00:00+00:00', '--job-id', '46', '--raw', '--subdir', 'DAGS_FOLDER/parallel_dag.py', '--cfg-path', '/tmp/tmpfpodx8nr', '--error-file', '/tmp/tmpfi3l_yas']
[2022-04-15 13:47:13,965] {standard_task_runner.py:80} INFO - Job 46: Subtask task_2
[2022-04-15 13:47:19,141] {logging_mixin.py:109} INFO - Running <TaskInstance: parallel_dag.task_2 scheduled__2020-01-04T00:00:00+00:00 [running]> on host 10.0.2.15
[2022-04-15 13:47:23,211] {taskinstance.py:1446} INFO - Exporting the following env vars:
AIRFLOW_CTX_DAG_OWNER=solfa
AIRFLOW_CTX_DAG_ID=parallel_dag
AIRFLOW_CTX_TASK_ID=task_2
AIRFLOW_CTX_EXECUTION_DATE=2020-01-04T00:00:00+00:00
AIRFLOW_CTX_DAG_RUN_ID=scheduled__2020-01-04T00:00:00+00:00
[2022-04-15 13:47:26,286] {python.py:175} INFO - Done. Returned value was: None
[2022-04-15 13:47:32,394] {taskinstance.py:1278} INFO - Marking task as SUCCESS. dag_id=parallel_dag, task_id=task_2, execution_date=20200104T000000, start_date=20220415T134711, end_date=20220415T134732
[2022-04-15 13:47:34,563] {local_task_job.py:154} INFO - Task exited with return code 0
[2022-04-15 13:47:37,475] {local_task_job.py:264} INFO - 1 downstream tasks scheduled from follow-on schedule check
[2022-04-15 15:55:09,743] {taskinstance.py:1043} INFO - Dependencies all met for <TaskInstance: parallel_dag.task_2 scheduled__2020-01-04T00:00:00+00:00 [queued]>
[2022-04-15 15:55:09,788] {taskinstance.py:1043} INFO - Dependencies all met for <TaskInstance: parallel_dag.task_2 scheduled__2020-01-04T00:00:00+00:00 [queued]>
[2022-04-15 15:55:09,793] {taskinstance.py:1249} INFO - 
--------------------------------------------------------------------------------
[2022-04-15 15:55:09,793] {taskinstance.py:1250} INFO - Starting attempt 1 of 1
[2022-04-15 15:55:09,793] {taskinstance.py:1251} INFO - 
--------------------------------------------------------------------------------
[2022-04-15 15:55:09,857] {taskinstance.py:1270} INFO - Executing <Task(PythonOperator): task_2> on 2020-01-04 00:00:00+00:00
[2022-04-15 15:55:09,862] {standard_task_runner.py:52} INFO - Started process 178436 to run task
[2022-04-15 15:55:09,870] {standard_task_runner.py:79} INFO - Running: ['airflow', 'tasks', 'run', 'parallel_dag', 'task_2', 'scheduled__2020-01-04T00:00:00+00:00', '--job-id', '141', '--raw', '--subdir', 'DAGS_FOLDER/parallel_dag.py', '--cfg-path', '/tmp/tmpvygaoyeh', '--error-file', '/tmp/tmpvjoh0l3s']
[2022-04-15 15:55:09,941] {standard_task_runner.py:80} INFO - Job 141: Subtask task_2
[2022-04-15 15:55:10,536] {logging_mixin.py:109} INFO - Running <TaskInstance: parallel_dag.task_2 scheduled__2020-01-04T00:00:00+00:00 [running]> on host 10.0.2.15
[2022-04-15 15:55:10,692] {taskinstance.py:1446} INFO - Exporting the following env vars:
AIRFLOW_CTX_DAG_OWNER=solfa
AIRFLOW_CTX_DAG_ID=parallel_dag
AIRFLOW_CTX_TASK_ID=task_2
AIRFLOW_CTX_EXECUTION_DATE=2020-01-04T00:00:00+00:00
AIRFLOW_CTX_DAG_RUN_ID=scheduled__2020-01-04T00:00:00+00:00
[2022-04-15 15:55:13,698] {python.py:175} INFO - Done. Returned value was: None
[2022-04-15 15:55:13,718] {taskinstance.py:1278} INFO - Marking task as SUCCESS. dag_id=parallel_dag, task_id=task_2, execution_date=20200104T000000, start_date=20220415T155509, end_date=20220415T155513
[2022-04-15 15:55:13,766] {local_task_job.py:154} INFO - Task exited with return code 0
[2022-04-15 15:55:13,973] {local_task_job.py:264} INFO - 1 downstream tasks scheduled from follow-on schedule check
