[2022-04-15 13:47:59,847] {taskinstance.py:1043} INFO - Dependencies all met for <TaskInstance: parallel_dag.task_2 scheduled__2020-01-09T00:00:00+00:00 [queued]>
[2022-04-15 13:48:01,147] {taskinstance.py:1043} INFO - Dependencies all met for <TaskInstance: parallel_dag.task_2 scheduled__2020-01-09T00:00:00+00:00 [queued]>
[2022-04-15 13:48:01,164] {taskinstance.py:1249} INFO - 
--------------------------------------------------------------------------------
[2022-04-15 13:48:01,304] {taskinstance.py:1250} INFO - Starting attempt 1 of 1
[2022-04-15 13:48:01,304] {taskinstance.py:1251} INFO - 
--------------------------------------------------------------------------------
[2022-04-15 13:48:03,029] {taskinstance.py:1270} INFO - Executing <Task(PythonOperator): task_2> on 2020-01-09 00:00:00+00:00
[2022-04-15 13:48:03,495] {standard_task_runner.py:52} INFO - Started process 105272 to run task
[2022-04-15 13:48:04,499] {standard_task_runner.py:79} INFO - Running: ['airflow', 'tasks', 'run', 'parallel_dag', 'task_2', 'scheduled__2020-01-09T00:00:00+00:00', '--job-id', '60', '--raw', '--subdir', 'DAGS_FOLDER/parallel_dag.py', '--cfg-path', '/tmp/tmp5pg8mh25', '--error-file', '/tmp/tmp5npfp5a4']
[2022-04-15 13:48:04,924] {standard_task_runner.py:80} INFO - Job 60: Subtask task_2
[2022-04-15 13:48:13,394] {logging_mixin.py:109} INFO - Running <TaskInstance: parallel_dag.task_2 scheduled__2020-01-09T00:00:00+00:00 [running]> on host 10.0.2.15
[2022-04-15 13:48:17,970] {taskinstance.py:1446} INFO - Exporting the following env vars:
AIRFLOW_CTX_DAG_OWNER=solfa
AIRFLOW_CTX_DAG_ID=parallel_dag
AIRFLOW_CTX_TASK_ID=task_2
AIRFLOW_CTX_EXECUTION_DATE=2020-01-09T00:00:00+00:00
AIRFLOW_CTX_DAG_RUN_ID=scheduled__2020-01-09T00:00:00+00:00
[2022-04-15 13:48:20,984] {python.py:175} INFO - Done. Returned value was: None
[2022-04-15 13:48:25,136] {taskinstance.py:1278} INFO - Marking task as SUCCESS. dag_id=parallel_dag, task_id=task_2, execution_date=20200109T000000, start_date=20220415T134800, end_date=20220415T134825
[2022-04-15 13:48:27,187] {local_task_job.py:154} INFO - Task exited with return code 0
[2022-04-15 13:48:30,192] {local_task_job.py:264} INFO - 0 downstream tasks scheduled from follow-on schedule check
[2022-04-15 15:55:58,179] {taskinstance.py:1043} INFO - Dependencies all met for <TaskInstance: parallel_dag.task_2 scheduled__2020-01-09T00:00:00+00:00 [queued]>
[2022-04-15 15:55:58,194] {taskinstance.py:1043} INFO - Dependencies all met for <TaskInstance: parallel_dag.task_2 scheduled__2020-01-09T00:00:00+00:00 [queued]>
[2022-04-15 15:55:58,194] {taskinstance.py:1249} INFO - 
--------------------------------------------------------------------------------
[2022-04-15 15:55:58,195] {taskinstance.py:1250} INFO - Starting attempt 1 of 1
[2022-04-15 15:55:58,195] {taskinstance.py:1251} INFO - 
--------------------------------------------------------------------------------
[2022-04-15 15:55:58,217] {taskinstance.py:1270} INFO - Executing <Task(PythonOperator): task_2> on 2020-01-09 00:00:00+00:00
[2022-04-15 15:55:58,219] {standard_task_runner.py:52} INFO - Started process 180493 to run task
[2022-04-15 15:55:58,225] {standard_task_runner.py:79} INFO - Running: ['airflow', 'tasks', 'run', 'parallel_dag', 'task_2', 'scheduled__2020-01-09T00:00:00+00:00', '--job-id', '150', '--raw', '--subdir', 'DAGS_FOLDER/parallel_dag.py', '--cfg-path', '/tmp/tmpn244kkj6', '--error-file', '/tmp/tmpk_8lqxkl']
[2022-04-15 15:55:58,226] {standard_task_runner.py:80} INFO - Job 150: Subtask task_2
[2022-04-15 15:55:58,500] {logging_mixin.py:109} INFO - Running <TaskInstance: parallel_dag.task_2 scheduled__2020-01-09T00:00:00+00:00 [running]> on host 10.0.2.15
[2022-04-15 15:55:58,794] {taskinstance.py:1446} INFO - Exporting the following env vars:
AIRFLOW_CTX_DAG_OWNER=solfa
AIRFLOW_CTX_DAG_ID=parallel_dag
AIRFLOW_CTX_TASK_ID=task_2
AIRFLOW_CTX_EXECUTION_DATE=2020-01-09T00:00:00+00:00
AIRFLOW_CTX_DAG_RUN_ID=scheduled__2020-01-09T00:00:00+00:00
[2022-04-15 15:56:01,802] {python.py:175} INFO - Done. Returned value was: None
[2022-04-15 15:56:01,838] {taskinstance.py:1278} INFO - Marking task as SUCCESS. dag_id=parallel_dag, task_id=task_2, execution_date=20200109T000000, start_date=20220415T155558, end_date=20220415T155601
[2022-04-15 15:56:02,049] {local_task_job.py:154} INFO - Task exited with return code 0
[2022-04-15 15:56:02,143] {local_task_job.py:264} INFO - 0 downstream tasks scheduled from follow-on schedule check
