[2022-04-15 13:03:13,062] {taskinstance.py:1043} INFO - Dependencies all met for <TaskInstance: parallel_dag.task_3 scheduled__2022-04-14T00:00:00+00:00 [queued]>
[2022-04-15 13:03:13,133] {taskinstance.py:1043} INFO - Dependencies all met for <TaskInstance: parallel_dag.task_3 scheduled__2022-04-14T00:00:00+00:00 [queued]>
[2022-04-15 13:03:13,134] {taskinstance.py:1249} INFO - 
--------------------------------------------------------------------------------
[2022-04-15 13:03:13,134] {taskinstance.py:1250} INFO - Starting attempt 1 of 1
[2022-04-15 13:03:13,134] {taskinstance.py:1251} INFO - 
--------------------------------------------------------------------------------
[2022-04-15 13:03:13,294] {taskinstance.py:1270} INFO - Executing <Task(BashOperator): task_3> on 2022-04-14 00:00:00+00:00
[2022-04-15 13:03:13,300] {standard_task_runner.py:52} INFO - Started process 80398 to run task
[2022-04-15 13:03:13,324] {standard_task_runner.py:79} INFO - Running: ['airflow', 'tasks', 'run', 'parallel_dag', 'task_3', 'scheduled__2022-04-14T00:00:00+00:00', '--job-id', '23', '--raw', '--subdir', 'DAGS_FOLDER/parallel_dag.py', '--cfg-path', '/tmp/tmpabz_vknu', '--error-file', '/tmp/tmp6w7wjspe']
[2022-04-15 13:03:13,374] {standard_task_runner.py:80} INFO - Job 23: Subtask task_3
[2022-04-15 13:03:14,527] {logging_mixin.py:109} INFO - Running <TaskInstance: parallel_dag.task_3 scheduled__2022-04-14T00:00:00+00:00 [running]> on host 10.0.2.15
[2022-04-15 13:03:15,820] {taskinstance.py:1446} INFO - Exporting the following env vars:
AIRFLOW_CTX_DAG_OWNER=solfa
AIRFLOW_CTX_DAG_ID=parallel_dag
AIRFLOW_CTX_TASK_ID=task_3
AIRFLOW_CTX_EXECUTION_DATE=2022-04-14T00:00:00+00:00
AIRFLOW_CTX_DAG_RUN_ID=scheduled__2022-04-14T00:00:00+00:00
[2022-04-15 13:03:15,840] {subprocess.py:62} INFO - Tmp dir root location: 
 /tmp
[2022-04-15 13:03:15,884] {subprocess.py:74} INFO - Running command: ['bash', '-c', 'sleep 3']
[2022-04-15 13:03:15,927] {subprocess.py:85} INFO - Output:
[2022-04-15 13:03:19,014] {subprocess.py:93} INFO - Command exited with return code 0
[2022-04-15 13:03:19,425] {taskinstance.py:1278} INFO - Marking task as SUCCESS. dag_id=parallel_dag, task_id=task_3, execution_date=20220414T000000, start_date=20220415T130313, end_date=20220415T130319
[2022-04-15 13:03:19,581] {local_task_job.py:154} INFO - Task exited with return code 0
[2022-04-15 13:03:19,907] {local_task_job.py:264} INFO - 1 downstream tasks scheduled from follow-on schedule check
[2022-04-15 13:06:30,810] {taskinstance.py:1043} INFO - Dependencies all met for <TaskInstance: parallel_dag.task_3 scheduled__2022-04-14T00:00:00+00:00 [queued]>
[2022-04-15 13:06:31,045] {taskinstance.py:1043} INFO - Dependencies all met for <TaskInstance: parallel_dag.task_3 scheduled__2022-04-14T00:00:00+00:00 [queued]>
[2022-04-15 13:06:31,046] {taskinstance.py:1249} INFO - 
--------------------------------------------------------------------------------
[2022-04-15 13:06:31,046] {taskinstance.py:1250} INFO - Starting attempt 1 of 1
[2022-04-15 13:06:31,046] {taskinstance.py:1251} INFO - 
--------------------------------------------------------------------------------
[2022-04-15 13:06:31,193] {taskinstance.py:1270} INFO - Executing <Task(BashOperator): task_3> on 2022-04-14 00:00:00+00:00
[2022-04-15 13:06:31,232] {standard_task_runner.py:52} INFO - Started process 82763 to run task
[2022-04-15 13:06:31,279] {standard_task_runner.py:79} INFO - Running: ['airflow', 'tasks', 'run', 'parallel_dag', 'task_3', 'scheduled__2022-04-14T00:00:00+00:00', '--job-id', '27', '--raw', '--subdir', 'DAGS_FOLDER/parallel_dag.py', '--cfg-path', '/tmp/tmpz25pfnnt', '--error-file', '/tmp/tmp6m1szxlj']
[2022-04-15 13:06:31,287] {standard_task_runner.py:80} INFO - Job 27: Subtask task_3
[2022-04-15 13:06:32,117] {logging_mixin.py:109} INFO - Running <TaskInstance: parallel_dag.task_3 scheduled__2022-04-14T00:00:00+00:00 [running]> on host 10.0.2.15
[2022-04-15 13:06:32,720] {taskinstance.py:1446} INFO - Exporting the following env vars:
AIRFLOW_CTX_DAG_OWNER=solfa
AIRFLOW_CTX_DAG_ID=parallel_dag
AIRFLOW_CTX_TASK_ID=task_3
AIRFLOW_CTX_EXECUTION_DATE=2022-04-14T00:00:00+00:00
AIRFLOW_CTX_DAG_RUN_ID=scheduled__2022-04-14T00:00:00+00:00
[2022-04-15 13:06:32,722] {subprocess.py:62} INFO - Tmp dir root location: 
 /tmp
[2022-04-15 13:06:32,728] {subprocess.py:74} INFO - Running command: ['bash', '-c', 'sleep 3']
[2022-04-15 13:06:32,741] {subprocess.py:85} INFO - Output:
[2022-04-15 13:06:35,789] {subprocess.py:93} INFO - Command exited with return code 0
[2022-04-15 13:06:36,013] {taskinstance.py:1278} INFO - Marking task as SUCCESS. dag_id=parallel_dag, task_id=task_3, execution_date=20220414T000000, start_date=20220415T130630, end_date=20220415T130636
[2022-04-15 13:06:36,121] {local_task_job.py:154} INFO - Task exited with return code 0
[2022-04-15 13:06:36,535] {local_task_job.py:264} INFO - 1 downstream tasks scheduled from follow-on schedule check
