[2022-04-15 13:51:38,772] {taskinstance.py:1043} INFO - Dependencies all met for <TaskInstance: parallel_dag.task_3 scheduled__2020-01-18T00:00:00+00:00 [queued]>
[2022-04-15 13:51:39,470] {taskinstance.py:1043} INFO - Dependencies all met for <TaskInstance: parallel_dag.task_3 scheduled__2020-01-18T00:00:00+00:00 [queued]>
[2022-04-15 13:51:39,471] {taskinstance.py:1249} INFO - 
--------------------------------------------------------------------------------
[2022-04-15 13:51:39,471] {taskinstance.py:1250} INFO - Starting attempt 1 of 1
[2022-04-15 13:51:39,475] {taskinstance.py:1251} INFO - 
--------------------------------------------------------------------------------
[2022-04-15 13:51:40,260] {taskinstance.py:1270} INFO - Executing <Task(BashOperator): task_3> on 2020-01-18 00:00:00+00:00
[2022-04-15 13:51:40,542] {standard_task_runner.py:52} INFO - Started process 114586 to run task
[2022-04-15 13:51:40,873] {standard_task_runner.py:79} INFO - Running: ['airflow', 'tasks', 'run', 'parallel_dag', 'task_3', 'scheduled__2020-01-18T00:00:00+00:00', '--job-id', '98', '--raw', '--subdir', 'DAGS_FOLDER/parallel_dag.py', '--cfg-path', '/tmp/tmptfnws59v', '--error-file', '/tmp/tmpw8hm9zku']
[2022-04-15 13:51:41,099] {standard_task_runner.py:80} INFO - Job 98: Subtask task_3
[2022-04-15 13:51:46,205] {logging_mixin.py:109} INFO - Running <TaskInstance: parallel_dag.task_3 scheduled__2020-01-18T00:00:00+00:00 [running]> on host 10.0.2.15
[2022-04-15 13:51:51,825] {taskinstance.py:1446} INFO - Exporting the following env vars:
AIRFLOW_CTX_DAG_OWNER=solfa
AIRFLOW_CTX_DAG_ID=parallel_dag
AIRFLOW_CTX_TASK_ID=task_3
AIRFLOW_CTX_EXECUTION_DATE=2020-01-18T00:00:00+00:00
AIRFLOW_CTX_DAG_RUN_ID=scheduled__2020-01-18T00:00:00+00:00
[2022-04-15 13:51:51,832] {subprocess.py:62} INFO - Tmp dir root location: 
 /tmp
[2022-04-15 13:51:52,020] {subprocess.py:74} INFO - Running command: ['bash', '-c', 'sleep 3']
[2022-04-15 13:51:52,521] {subprocess.py:85} INFO - Output:
[2022-04-15 13:51:55,952] {subprocess.py:93} INFO - Command exited with return code 0
[2022-04-15 13:51:57,949] {taskinstance.py:1278} INFO - Marking task as SUCCESS. dag_id=parallel_dag, task_id=task_3, execution_date=20200118T000000, start_date=20220415T135138, end_date=20220415T135157
[2022-04-15 13:51:59,247] {local_task_job.py:154} INFO - Task exited with return code 0
[2022-04-15 13:52:01,802] {local_task_job.py:264} INFO - 1 downstream tasks scheduled from follow-on schedule check
