[2022-04-15 13:45:46,634] {taskinstance.py:1043} INFO - Dependencies all met for <TaskInstance: parallel_dag.task_1 scheduled__2020-01-04T00:00:00+00:00 [queued]>
[2022-04-15 13:45:47,578] {taskinstance.py:1043} INFO - Dependencies all met for <TaskInstance: parallel_dag.task_1 scheduled__2020-01-04T00:00:00+00:00 [queued]>
[2022-04-15 13:45:47,601] {taskinstance.py:1249} INFO - 
--------------------------------------------------------------------------------
[2022-04-15 13:45:47,602] {taskinstance.py:1250} INFO - Starting attempt 1 of 1
[2022-04-15 13:45:47,602] {taskinstance.py:1251} INFO - 
--------------------------------------------------------------------------------
[2022-04-15 13:45:48,349] {taskinstance.py:1270} INFO - Executing <Task(BashOperator): task_1> on 2020-01-04 00:00:00+00:00
[2022-04-15 13:45:48,363] {standard_task_runner.py:79} INFO - Running: ['airflow', 'tasks', 'run', 'parallel_dag', 'task_1', 'scheduled__2020-01-04T00:00:00+00:00', '--job-id', '33', '--raw', '--subdir', 'DAGS_FOLDER/parallel_dag.py', '--cfg-path', '/tmp/tmpdtlcchbo', '--error-file', '/tmp/tmp9mpojkgl']
[2022-04-15 13:45:48,441] {standard_task_runner.py:52} INFO - Started process 99872 to run task
[2022-04-15 13:45:48,802] {standard_task_runner.py:80} INFO - Job 33: Subtask task_1
[2022-04-15 13:45:52,148] {logging_mixin.py:109} INFO - Running <TaskInstance: parallel_dag.task_1 scheduled__2020-01-04T00:00:00+00:00 [running]> on host 10.0.2.15
[2022-04-15 13:45:54,851] {taskinstance.py:1446} INFO - Exporting the following env vars:
AIRFLOW_CTX_DAG_OWNER=solfa
AIRFLOW_CTX_DAG_ID=parallel_dag
AIRFLOW_CTX_TASK_ID=task_1
AIRFLOW_CTX_EXECUTION_DATE=2020-01-04T00:00:00+00:00
AIRFLOW_CTX_DAG_RUN_ID=scheduled__2020-01-04T00:00:00+00:00
[2022-04-15 13:45:54,910] {subprocess.py:62} INFO - Tmp dir root location: 
 /tmp
[2022-04-15 13:45:55,055] {subprocess.py:74} INFO - Running command: ['bash', '-c', 'sleep 3']
[2022-04-15 13:45:55,322] {subprocess.py:85} INFO - Output:
[2022-04-15 13:45:59,017] {subprocess.py:93} INFO - Command exited with return code 0
[2022-04-15 13:46:07,266] {taskinstance.py:1278} INFO - Marking task as SUCCESS. dag_id=parallel_dag, task_id=task_1, execution_date=20200104T000000, start_date=20220415T134546, end_date=20220415T134607
[2022-04-15 13:46:08,767] {local_task_job.py:154} INFO - Task exited with return code 0
[2022-04-15 13:46:11,525] {local_task_job.py:264} INFO - 2 downstream tasks scheduled from follow-on schedule check
[2022-04-15 15:53:20,998] {taskinstance.py:1043} INFO - Dependencies all met for <TaskInstance: parallel_dag.task_1 scheduled__2020-01-04T00:00:00+00:00 [queued]>
[2022-04-15 15:53:21,035] {taskinstance.py:1043} INFO - Dependencies all met for <TaskInstance: parallel_dag.task_1 scheduled__2020-01-04T00:00:00+00:00 [queued]>
[2022-04-15 15:53:21,036] {taskinstance.py:1249} INFO - 
--------------------------------------------------------------------------------
[2022-04-15 15:53:21,036] {taskinstance.py:1250} INFO - Starting attempt 1 of 1
[2022-04-15 15:53:21,036] {taskinstance.py:1251} INFO - 
--------------------------------------------------------------------------------
[2022-04-15 15:53:21,088] {taskinstance.py:1270} INFO - Executing <Task(BashOperator): task_1> on 2020-01-04 00:00:00+00:00
[2022-04-15 15:53:21,095] {standard_task_runner.py:52} INFO - Started process 173773 to run task
[2022-04-15 15:53:21,098] {standard_task_runner.py:79} INFO - Running: ['airflow', 'tasks', 'run', 'parallel_dag', 'task_1', 'scheduled__2020-01-04T00:00:00+00:00', '--job-id', '121', '--raw', '--subdir', 'DAGS_FOLDER/parallel_dag.py', '--cfg-path', '/tmp/tmp_cw1nwhs', '--error-file', '/tmp/tmpoam2q2nn']
[2022-04-15 15:53:21,107] {standard_task_runner.py:80} INFO - Job 121: Subtask task_1
[2022-04-15 15:53:21,276] {logging_mixin.py:109} INFO - Running <TaskInstance: parallel_dag.task_1 scheduled__2020-01-04T00:00:00+00:00 [running]> on host 10.0.2.15
[2022-04-15 15:53:21,458] {taskinstance.py:1446} INFO - Exporting the following env vars:
AIRFLOW_CTX_DAG_OWNER=solfa
AIRFLOW_CTX_DAG_ID=parallel_dag
AIRFLOW_CTX_TASK_ID=task_1
AIRFLOW_CTX_EXECUTION_DATE=2020-01-04T00:00:00+00:00
AIRFLOW_CTX_DAG_RUN_ID=scheduled__2020-01-04T00:00:00+00:00
[2022-04-15 15:53:21,460] {subprocess.py:62} INFO - Tmp dir root location: 
 /tmp
[2022-04-15 15:53:21,461] {subprocess.py:74} INFO - Running command: ['bash', '-c', 'sleep 3']
[2022-04-15 15:53:21,478] {subprocess.py:85} INFO - Output:
[2022-04-15 15:53:24,497] {subprocess.py:93} INFO - Command exited with return code 0
[2022-04-15 15:53:24,552] {taskinstance.py:1278} INFO - Marking task as SUCCESS. dag_id=parallel_dag, task_id=task_1, execution_date=20200104T000000, start_date=20220415T155321, end_date=20220415T155324
[2022-04-15 15:53:24,610] {local_task_job.py:154} INFO - Task exited with return code 0
[2022-04-15 15:53:24,676] {local_task_job.py:264} INFO - 2 downstream tasks scheduled from follow-on schedule check
