[2022-04-15 13:50:08,425] {taskinstance.py:1043} INFO - Dependencies all met for <TaskInstance: parallel_dag.task_4 scheduled__2020-01-13T00:00:00+00:00 [queued]>
[2022-04-15 13:50:08,916] {taskinstance.py:1043} INFO - Dependencies all met for <TaskInstance: parallel_dag.task_4 scheduled__2020-01-13T00:00:00+00:00 [queued]>
[2022-04-15 13:50:08,917] {taskinstance.py:1249} INFO - 
--------------------------------------------------------------------------------
[2022-04-15 13:50:08,917] {taskinstance.py:1250} INFO - Starting attempt 1 of 1
[2022-04-15 13:50:08,917] {taskinstance.py:1251} INFO - 
--------------------------------------------------------------------------------
[2022-04-15 13:50:09,456] {taskinstance.py:1270} INFO - Executing <Task(BashOperator): task_4> on 2020-01-13 00:00:00+00:00
[2022-04-15 13:50:09,489] {standard_task_runner.py:79} INFO - Running: ['airflow', 'tasks', 'run', 'parallel_dag', 'task_4', 'scheduled__2020-01-13T00:00:00+00:00', '--job-id', '84', '--raw', '--subdir', 'DAGS_FOLDER/parallel_dag.py', '--cfg-path', '/tmp/tmphcmz9pk2', '--error-file', '/tmp/tmpdmnc39za']
[2022-04-15 13:50:09,552] {standard_task_runner.py:52} INFO - Started process 111100 to run task
[2022-04-15 13:50:09,776] {standard_task_runner.py:80} INFO - Job 84: Subtask task_4
[2022-04-15 13:50:12,241] {logging_mixin.py:109} INFO - Running <TaskInstance: parallel_dag.task_4 scheduled__2020-01-13T00:00:00+00:00 [running]> on host 10.0.2.15
[2022-04-15 13:50:14,022] {taskinstance.py:1446} INFO - Exporting the following env vars:
AIRFLOW_CTX_DAG_OWNER=solfa
AIRFLOW_CTX_DAG_ID=parallel_dag
AIRFLOW_CTX_TASK_ID=task_4
AIRFLOW_CTX_EXECUTION_DATE=2020-01-13T00:00:00+00:00
AIRFLOW_CTX_DAG_RUN_ID=scheduled__2020-01-13T00:00:00+00:00
[2022-04-15 13:50:14,024] {subprocess.py:62} INFO - Tmp dir root location: 
 /tmp
[2022-04-15 13:50:14,085] {subprocess.py:74} INFO - Running command: ['bash', '-c', 'sleep 3']
[2022-04-15 13:50:14,205] {subprocess.py:85} INFO - Output:
[2022-04-15 13:50:17,454] {subprocess.py:93} INFO - Command exited with return code 0
[2022-04-15 13:50:18,004] {taskinstance.py:1278} INFO - Marking task as SUCCESS. dag_id=parallel_dag, task_id=task_4, execution_date=20200113T000000, start_date=20220415T135008, end_date=20220415T135018
[2022-04-15 13:50:18,477] {local_task_job.py:154} INFO - Task exited with return code 0
[2022-04-15 13:50:19,202] {local_task_job.py:264} INFO - 0 downstream tasks scheduled from follow-on schedule check
