[2022-04-15 13:46:10,279] {taskinstance.py:1043} INFO - Dependencies all met for <TaskInstance: parallel_dag.task_2 scheduled__2020-01-01T00:00:00+00:00 [queued]>
[2022-04-15 13:46:11,206] {taskinstance.py:1043} INFO - Dependencies all met for <TaskInstance: parallel_dag.task_2 scheduled__2020-01-01T00:00:00+00:00 [queued]>
[2022-04-15 13:46:11,239] {taskinstance.py:1249} INFO - 
--------------------------------------------------------------------------------
[2022-04-15 13:46:11,240] {taskinstance.py:1250} INFO - Starting attempt 1 of 1
[2022-04-15 13:46:11,240] {taskinstance.py:1251} INFO - 
--------------------------------------------------------------------------------
[2022-04-15 13:46:12,328] {taskinstance.py:1270} INFO - Executing <Task(PythonOperator): task_2> on 2020-01-01 00:00:00+00:00
[2022-04-15 13:46:12,525] {standard_task_runner.py:52} INFO - Started process 100671 to run task
[2022-04-15 13:46:12,785] {standard_task_runner.py:79} INFO - Running: ['airflow', 'tasks', 'run', 'parallel_dag', 'task_2', 'scheduled__2020-01-01T00:00:00+00:00', '--job-id', '37', '--raw', '--subdir', 'DAGS_FOLDER/parallel_dag.py', '--cfg-path', '/tmp/tmp9cd7qc0i', '--error-file', '/tmp/tmps7az9rsl']
[2022-04-15 13:46:12,925] {standard_task_runner.py:80} INFO - Job 37: Subtask task_2
[2022-04-15 13:46:17,070] {logging_mixin.py:109} INFO - Running <TaskInstance: parallel_dag.task_2 scheduled__2020-01-01T00:00:00+00:00 [running]> on host 10.0.2.15
[2022-04-15 13:46:20,225] {taskinstance.py:1446} INFO - Exporting the following env vars:
AIRFLOW_CTX_DAG_OWNER=solfa
AIRFLOW_CTX_DAG_ID=parallel_dag
AIRFLOW_CTX_TASK_ID=task_2
AIRFLOW_CTX_EXECUTION_DATE=2020-01-01T00:00:00+00:00
AIRFLOW_CTX_DAG_RUN_ID=scheduled__2020-01-01T00:00:00+00:00
[2022-04-15 13:46:23,245] {python.py:175} INFO - Done. Returned value was: None
[2022-04-15 13:46:24,322] {taskinstance.py:1278} INFO - Marking task as SUCCESS. dag_id=parallel_dag, task_id=task_2, execution_date=20200101T000000, start_date=20220415T134610, end_date=20220415T134624
[2022-04-15 13:46:26,238] {local_task_job.py:154} INFO - Task exited with return code 0
[2022-04-15 13:46:29,216] {local_task_job.py:264} INFO - 1 downstream tasks scheduled from follow-on schedule check
[2022-04-15 15:54:28,925] {taskinstance.py:1043} INFO - Dependencies all met for <TaskInstance: parallel_dag.task_2 scheduled__2020-01-01T00:00:00+00:00 [queued]>
[2022-04-15 15:54:28,934] {taskinstance.py:1043} INFO - Dependencies all met for <TaskInstance: parallel_dag.task_2 scheduled__2020-01-01T00:00:00+00:00 [queued]>
[2022-04-15 15:54:28,934] {taskinstance.py:1249} INFO - 
--------------------------------------------------------------------------------
[2022-04-15 15:54:28,934] {taskinstance.py:1250} INFO - Starting attempt 1 of 1
[2022-04-15 15:54:28,934] {taskinstance.py:1251} INFO - 
--------------------------------------------------------------------------------
[2022-04-15 15:54:28,949] {taskinstance.py:1270} INFO - Executing <Task(PythonOperator): task_2> on 2020-01-01 00:00:00+00:00
[2022-04-15 15:54:28,952] {standard_task_runner.py:52} INFO - Started process 176660 to run task
[2022-04-15 15:54:28,961] {standard_task_runner.py:79} INFO - Running: ['airflow', 'tasks', 'run', 'parallel_dag', 'task_2', 'scheduled__2020-01-01T00:00:00+00:00', '--job-id', '134', '--raw', '--subdir', 'DAGS_FOLDER/parallel_dag.py', '--cfg-path', '/tmp/tmpdbfthyys', '--error-file', '/tmp/tmpu9sby20c']
[2022-04-15 15:54:28,963] {standard_task_runner.py:80} INFO - Job 134: Subtask task_2
[2022-04-15 15:54:29,061] {logging_mixin.py:109} INFO - Running <TaskInstance: parallel_dag.task_2 scheduled__2020-01-01T00:00:00+00:00 [running]> on host 10.0.2.15
[2022-04-15 15:54:29,163] {taskinstance.py:1446} INFO - Exporting the following env vars:
AIRFLOW_CTX_DAG_OWNER=solfa
AIRFLOW_CTX_DAG_ID=parallel_dag
AIRFLOW_CTX_TASK_ID=task_2
AIRFLOW_CTX_EXECUTION_DATE=2020-01-01T00:00:00+00:00
AIRFLOW_CTX_DAG_RUN_ID=scheduled__2020-01-01T00:00:00+00:00
[2022-04-15 15:54:32,181] {python.py:175} INFO - Done. Returned value was: None
[2022-04-15 15:54:32,199] {taskinstance.py:1278} INFO - Marking task as SUCCESS. dag_id=parallel_dag, task_id=task_2, execution_date=20200101T000000, start_date=20220415T155428, end_date=20220415T155432
[2022-04-15 15:54:32,249] {local_task_job.py:154} INFO - Task exited with return code 0
[2022-04-15 15:54:32,400] {local_task_job.py:264} INFO - 0 downstream tasks scheduled from follow-on schedule check
[2022-04-19 15:21:33,434] {taskinstance.py:1043} INFO - Dependencies all met for <TaskInstance: parallel_dag.task_2 scheduled__2020-01-01T00:00:00+00:00 [queued]>
[2022-04-19 15:21:33,702] {taskinstance.py:1043} INFO - Dependencies all met for <TaskInstance: parallel_dag.task_2 scheduled__2020-01-01T00:00:00+00:00 [queued]>
[2022-04-19 15:21:33,704] {taskinstance.py:1249} INFO - 
--------------------------------------------------------------------------------
[2022-04-19 15:21:33,707] {taskinstance.py:1250} INFO - Starting attempt 1 of 1
[2022-04-19 15:21:33,711] {taskinstance.py:1251} INFO - 
--------------------------------------------------------------------------------
[2022-04-19 15:21:33,993] {taskinstance.py:1270} INFO - Executing <Task(PythonOperator): task_2> on 2020-01-01 00:00:00+00:00
[2022-04-19 15:21:34,062] {standard_task_runner.py:52} INFO - Started process 124913 to run task
[2022-04-19 15:21:34,089] {standard_task_runner.py:79} INFO - Running: ['airflow', 'tasks', 'run', 'parallel_dag', 'task_2', 'scheduled__2020-01-01T00:00:00+00:00', '--job-id', '178', '--raw', '--subdir', 'DAGS_FOLDER/parallel_dag.py', '--cfg-path', '/tmp/tmpkay5bb3b', '--error-file', '/tmp/tmpb6b24e3r']
[2022-04-19 15:21:34,255] {standard_task_runner.py:80} INFO - Job 178: Subtask task_2
[2022-04-19 15:21:35,850] {logging_mixin.py:109} INFO - Running <TaskInstance: parallel_dag.task_2 scheduled__2020-01-01T00:00:00+00:00 [running]> on host airflowvm
[2022-04-19 15:21:37,670] {taskinstance.py:1446} INFO - Exporting the following env vars:
AIRFLOW_CTX_DAG_OWNER=solfa
AIRFLOW_CTX_DAG_ID=parallel_dag
AIRFLOW_CTX_TASK_ID=task_2
AIRFLOW_CTX_EXECUTION_DATE=2020-01-01T00:00:00+00:00
AIRFLOW_CTX_DAG_RUN_ID=scheduled__2020-01-01T00:00:00+00:00
[2022-04-19 15:21:40,676] {python.py:175} INFO - Done. Returned value was: None
[2022-04-19 15:21:40,820] {taskinstance.py:1278} INFO - Marking task as SUCCESS. dag_id=parallel_dag, task_id=task_2, execution_date=20200101T000000, start_date=20220419T152133, end_date=20220419T152140
[2022-04-19 15:21:41,049] {local_task_job.py:154} INFO - Task exited with return code 0
[2022-04-19 15:21:41,589] {local_task_job.py:264} INFO - 0 downstream tasks scheduled from follow-on schedule check
