[2022-04-21 14:56:20,921] {taskinstance.py:1043} INFO - Dependencies all met for <TaskInstance: parallel_dag.task_1 scheduled__2022-04-20T00:00:00+00:00 [queued]>
[2022-04-21 14:56:20,955] {taskinstance.py:1043} INFO - Dependencies all met for <TaskInstance: parallel_dag.task_1 scheduled__2022-04-20T00:00:00+00:00 [queued]>
[2022-04-21 14:56:20,956] {taskinstance.py:1249} INFO - 
--------------------------------------------------------------------------------
[2022-04-21 14:56:20,956] {taskinstance.py:1250} INFO - Starting attempt 1 of 1
[2022-04-21 14:56:20,956] {taskinstance.py:1251} INFO - 
--------------------------------------------------------------------------------
[2022-04-21 14:56:21,004] {taskinstance.py:1270} INFO - Executing <Task(BashOperator): task_1> on 2022-04-20 00:00:00+00:00
[2022-04-21 14:56:21,009] {standard_task_runner.py:52} INFO - Started process 127457 to run task
[2022-04-21 14:56:21,037] {standard_task_runner.py:79} INFO - Running: ['airflow', 'tasks', 'run', 'parallel_dag', 'task_1', 'scheduled__2022-04-20T00:00:00+00:00', '--job-id', '190', '--raw', '--subdir', 'DAGS_FOLDER/parallel_dag.py', '--cfg-path', '/tmp/tmp916ril5c', '--error-file', '/tmp/tmplh6e0rbv']
[2022-04-21 14:56:21,044] {standard_task_runner.py:80} INFO - Job 190: Subtask task_1
[2022-04-21 14:56:21,730] {logging_mixin.py:109} INFO - Running <TaskInstance: parallel_dag.task_1 scheduled__2022-04-20T00:00:00+00:00 [running]> on host airflowvm
[2022-04-21 14:56:23,215] {taskinstance.py:1446} INFO - Exporting the following env vars:
AIRFLOW_CTX_DAG_OWNER=solfa
AIRFLOW_CTX_DAG_ID=parallel_dag
AIRFLOW_CTX_TASK_ID=task_1
AIRFLOW_CTX_EXECUTION_DATE=2022-04-20T00:00:00+00:00
AIRFLOW_CTX_DAG_RUN_ID=scheduled__2022-04-20T00:00:00+00:00
[2022-04-21 14:56:23,228] {subprocess.py:62} INFO - Tmp dir root location: 
 /tmp
[2022-04-21 14:56:23,232] {subprocess.py:74} INFO - Running command: ['bash', '-c', 'sleep 3']
[2022-04-21 14:56:23,285] {subprocess.py:85} INFO - Output:
[2022-04-21 14:56:26,432] {subprocess.py:93} INFO - Command exited with return code 0
[2022-04-21 14:56:26,770] {taskinstance.py:1278} INFO - Marking task as SUCCESS. dag_id=parallel_dag, task_id=task_1, execution_date=20220420T000000, start_date=20220421T145620, end_date=20220421T145626
[2022-04-21 14:56:26,882] {local_task_job.py:154} INFO - Task exited with return code 0
[2022-04-21 14:56:27,277] {local_task_job.py:264} INFO - 1 downstream tasks scheduled from follow-on schedule check
