[2022-04-08 15:47:18,042] {scheduler_job.py:182} INFO - Started process (PID=11917) to work on /home/airflow/airflow/dags/user_processing.py
[2022-04-08 15:47:18,044] {scheduler_job.py:633} INFO - Processing file /home/airflow/airflow/dags/user_processing.py for tasks to queue
[2022-04-08 15:47:18,045] {logging_mixin.py:104} INFO - [2022-04-08 15:47:18,044] {dagbag.py:487} INFO - Filling up the DagBag from /home/airflow/airflow/dags/user_processing.py
[2022-04-08 15:47:18,063] {logging_mixin.py:104} WARNING - /home/airflow/sandbox/lib/python3.8/site-packages/airflow/providers/sqlite/operators/sqlite.py:25 DeprecationWarning: This decorator is deprecated. 

In previous versions, all subclasses of BaseOperator must use apply_default decorator for the`default_args` feature to work properly.

In current version, it is optional. The decorator is applied automatically using the metaclass.
[2022-04-08 15:47:18,077] {scheduler_job.py:643} INFO - DAG(s) dict_keys(['user_processing']) retrieved from /home/airflow/airflow/dags/user_processing.py
[2022-04-08 15:47:18,938] {logging_mixin.py:104} INFO - [2022-04-08 15:47:18,938] {dag.py:1832} INFO - Sync 1 DAGs
[2022-04-08 15:47:18,943] {logging_mixin.py:104} INFO - [2022-04-08 15:47:18,943] {dag.py:1851} INFO - Creating ORM DAG for user_processing
[2022-04-08 15:47:18,948] {logging_mixin.py:104} INFO - [2022-04-08 15:47:18,948] {dag.py:2305} INFO - Setting next_dagrun for user_processing to 2022-04-08T00:00:00+00:00
[2022-04-08 15:47:18,972] {scheduler_job.py:190} INFO - Processing /home/airflow/airflow/dags/user_processing.py took 0.934 seconds
[2022-04-08 15:47:52,166] {scheduler_job.py:182} INFO - Started process (PID=11993) to work on /home/airflow/airflow/dags/user_processing.py
[2022-04-08 15:47:52,168] {scheduler_job.py:633} INFO - Processing file /home/airflow/airflow/dags/user_processing.py for tasks to queue
[2022-04-08 15:47:52,168] {logging_mixin.py:104} INFO - [2022-04-08 15:47:52,168] {dagbag.py:487} INFO - Filling up the DagBag from /home/airflow/airflow/dags/user_processing.py
[2022-04-08 15:47:52,184] {logging_mixin.py:104} WARNING - /home/airflow/sandbox/lib/python3.8/site-packages/airflow/providers/sqlite/operators/sqlite.py:25 DeprecationWarning: This decorator is deprecated. 

In previous versions, all subclasses of BaseOperator must use apply_default decorator for the`default_args` feature to work properly.

In current version, it is optional. The decorator is applied automatically using the metaclass.
[2022-04-08 15:47:52,190] {scheduler_job.py:643} INFO - DAG(s) dict_keys(['user_processing']) retrieved from /home/airflow/airflow/dags/user_processing.py
[2022-04-08 15:47:52,204] {logging_mixin.py:104} INFO - [2022-04-08 15:47:52,204] {dag.py:1832} INFO - Sync 1 DAGs
[2022-04-08 15:47:52,217] {logging_mixin.py:104} INFO - [2022-04-08 15:47:52,217] {dag.py:2305} INFO - Setting next_dagrun for user_processing to 2022-04-08T00:00:00+00:00
[2022-04-08 15:47:52,234] {scheduler_job.py:190} INFO - Processing /home/airflow/airflow/dags/user_processing.py took 0.075 seconds
[2022-04-08 15:48:22,336] {scheduler_job.py:182} INFO - Started process (PID=12023) to work on /home/airflow/airflow/dags/user_processing.py
[2022-04-08 15:48:22,339] {scheduler_job.py:633} INFO - Processing file /home/airflow/airflow/dags/user_processing.py for tasks to queue
[2022-04-08 15:48:22,340] {logging_mixin.py:104} INFO - [2022-04-08 15:48:22,340] {dagbag.py:487} INFO - Filling up the DagBag from /home/airflow/airflow/dags/user_processing.py
[2022-04-08 15:48:22,354] {logging_mixin.py:104} WARNING - /home/airflow/sandbox/lib/python3.8/site-packages/airflow/providers/sqlite/operators/sqlite.py:25 DeprecationWarning: This decorator is deprecated. 

In previous versions, all subclasses of BaseOperator must use apply_default decorator for the`default_args` feature to work properly.

In current version, it is optional. The decorator is applied automatically using the metaclass.
[2022-04-08 15:48:22,359] {scheduler_job.py:643} INFO - DAG(s) dict_keys(['user_processing']) retrieved from /home/airflow/airflow/dags/user_processing.py
[2022-04-08 15:48:22,373] {logging_mixin.py:104} INFO - [2022-04-08 15:48:22,373] {dag.py:1832} INFO - Sync 1 DAGs
[2022-04-08 15:48:22,384] {logging_mixin.py:104} INFO - [2022-04-08 15:48:22,383] {dag.py:2305} INFO - Setting next_dagrun for user_processing to 2022-04-08T00:00:00+00:00
[2022-04-08 15:48:22,404] {scheduler_job.py:190} INFO - Processing /home/airflow/airflow/dags/user_processing.py took 0.073 seconds
[2022-04-08 15:48:54,615] {scheduler_job.py:182} INFO - Started process (PID=12053) to work on /home/airflow/airflow/dags/user_processing.py
[2022-04-08 15:48:54,617] {scheduler_job.py:633} INFO - Processing file /home/airflow/airflow/dags/user_processing.py for tasks to queue
[2022-04-08 15:48:54,618] {logging_mixin.py:104} INFO - [2022-04-08 15:48:54,618] {dagbag.py:487} INFO - Filling up the DagBag from /home/airflow/airflow/dags/user_processing.py
[2022-04-08 15:48:54,629] {logging_mixin.py:104} WARNING - /home/airflow/sandbox/lib/python3.8/site-packages/airflow/providers/sqlite/operators/sqlite.py:25 DeprecationWarning: This decorator is deprecated. 

In previous versions, all subclasses of BaseOperator must use apply_default decorator for the`default_args` feature to work properly.

In current version, it is optional. The decorator is applied automatically using the metaclass.
[2022-04-08 15:48:54,634] {scheduler_job.py:643} INFO - DAG(s) dict_keys(['user_processing']) retrieved from /home/airflow/airflow/dags/user_processing.py
[2022-04-08 15:48:54,643] {logging_mixin.py:104} INFO - [2022-04-08 15:48:54,643] {dag.py:1832} INFO - Sync 1 DAGs
[2022-04-08 15:48:54,654] {logging_mixin.py:104} INFO - [2022-04-08 15:48:54,654] {dag.py:2305} INFO - Setting next_dagrun for user_processing to 2022-04-08T00:00:00+00:00
[2022-04-08 15:48:54,667] {scheduler_job.py:190} INFO - Processing /home/airflow/airflow/dags/user_processing.py took 0.056 seconds
[2022-04-08 15:49:25,984] {scheduler_job.py:182} INFO - Started process (PID=12084) to work on /home/airflow/airflow/dags/user_processing.py
[2022-04-08 15:49:25,986] {scheduler_job.py:633} INFO - Processing file /home/airflow/airflow/dags/user_processing.py for tasks to queue
[2022-04-08 15:49:25,987] {logging_mixin.py:104} INFO - [2022-04-08 15:49:25,987] {dagbag.py:487} INFO - Filling up the DagBag from /home/airflow/airflow/dags/user_processing.py
[2022-04-08 15:49:26,004] {logging_mixin.py:104} WARNING - /home/airflow/sandbox/lib/python3.8/site-packages/airflow/providers/sqlite/operators/sqlite.py:25 DeprecationWarning: This decorator is deprecated. 

In previous versions, all subclasses of BaseOperator must use apply_default decorator for the`default_args` feature to work properly.

In current version, it is optional. The decorator is applied automatically using the metaclass.
[2022-04-08 15:49:26,012] {scheduler_job.py:643} INFO - DAG(s) dict_keys(['user_processing']) retrieved from /home/airflow/airflow/dags/user_processing.py
[2022-04-08 15:49:26,023] {logging_mixin.py:104} INFO - [2022-04-08 15:49:26,023] {dag.py:1832} INFO - Sync 1 DAGs
[2022-04-08 15:49:26,033] {logging_mixin.py:104} INFO - [2022-04-08 15:49:26,033] {dag.py:2305} INFO - Setting next_dagrun for user_processing to 2022-04-08T00:00:00+00:00
[2022-04-08 15:49:26,045] {scheduler_job.py:190} INFO - Processing /home/airflow/airflow/dags/user_processing.py took 0.066 seconds
[2022-04-08 15:50:00,043] {scheduler_job.py:182} INFO - Started process (PID=12118) to work on /home/airflow/airflow/dags/user_processing.py
[2022-04-08 15:50:00,045] {scheduler_job.py:633} INFO - Processing file /home/airflow/airflow/dags/user_processing.py for tasks to queue
[2022-04-08 15:50:00,046] {logging_mixin.py:104} INFO - [2022-04-08 15:50:00,046] {dagbag.py:487} INFO - Filling up the DagBag from /home/airflow/airflow/dags/user_processing.py
[2022-04-08 15:50:00,063] {logging_mixin.py:104} WARNING - /home/airflow/sandbox/lib/python3.8/site-packages/airflow/providers/sqlite/operators/sqlite.py:25 DeprecationWarning: This decorator is deprecated. 

In previous versions, all subclasses of BaseOperator must use apply_default decorator for the`default_args` feature to work properly.

In current version, it is optional. The decorator is applied automatically using the metaclass.
[2022-04-08 15:50:00,073] {scheduler_job.py:643} INFO - DAG(s) dict_keys(['user_processing']) retrieved from /home/airflow/airflow/dags/user_processing.py
[2022-04-08 15:50:00,086] {logging_mixin.py:104} INFO - [2022-04-08 15:50:00,086] {dag.py:1832} INFO - Sync 1 DAGs
[2022-04-08 15:50:00,097] {logging_mixin.py:104} INFO - [2022-04-08 15:50:00,097] {dag.py:2305} INFO - Setting next_dagrun for user_processing to 2022-04-08T00:00:00+00:00
[2022-04-08 15:50:00,109] {scheduler_job.py:190} INFO - Processing /home/airflow/airflow/dags/user_processing.py took 0.071 seconds
[2022-04-08 15:50:32,280] {scheduler_job.py:182} INFO - Started process (PID=12151) to work on /home/airflow/airflow/dags/user_processing.py
[2022-04-08 15:50:32,282] {scheduler_job.py:633} INFO - Processing file /home/airflow/airflow/dags/user_processing.py for tasks to queue
[2022-04-08 15:50:32,283] {logging_mixin.py:104} INFO - [2022-04-08 15:50:32,283] {dagbag.py:487} INFO - Filling up the DagBag from /home/airflow/airflow/dags/user_processing.py
[2022-04-08 15:50:32,300] {logging_mixin.py:104} WARNING - /home/airflow/sandbox/lib/python3.8/site-packages/airflow/providers/sqlite/operators/sqlite.py:25 DeprecationWarning: This decorator is deprecated. 

In previous versions, all subclasses of BaseOperator must use apply_default decorator for the`default_args` feature to work properly.

In current version, it is optional. The decorator is applied automatically using the metaclass.
[2022-04-08 15:50:32,312] {scheduler_job.py:643} INFO - DAG(s) dict_keys(['user_processing']) retrieved from /home/airflow/airflow/dags/user_processing.py
[2022-04-08 15:50:32,333] {logging_mixin.py:104} INFO - [2022-04-08 15:50:32,333] {dag.py:1832} INFO - Sync 1 DAGs
[2022-04-08 15:50:32,352] {logging_mixin.py:104} INFO - [2022-04-08 15:50:32,352] {dag.py:2305} INFO - Setting next_dagrun for user_processing to 2022-04-08T00:00:00+00:00
[2022-04-08 15:50:32,372] {scheduler_job.py:190} INFO - Processing /home/airflow/airflow/dags/user_processing.py took 0.097 seconds
[2022-04-08 15:51:06,306] {scheduler_job.py:182} INFO - Started process (PID=12181) to work on /home/airflow/airflow/dags/user_processing.py
[2022-04-08 15:51:06,309] {scheduler_job.py:633} INFO - Processing file /home/airflow/airflow/dags/user_processing.py for tasks to queue
[2022-04-08 15:51:06,310] {logging_mixin.py:104} INFO - [2022-04-08 15:51:06,310] {dagbag.py:487} INFO - Filling up the DagBag from /home/airflow/airflow/dags/user_processing.py
[2022-04-08 15:51:06,326] {logging_mixin.py:104} WARNING - /home/airflow/sandbox/lib/python3.8/site-packages/airflow/providers/sqlite/operators/sqlite.py:25 DeprecationWarning: This decorator is deprecated. 

In previous versions, all subclasses of BaseOperator must use apply_default decorator for the`default_args` feature to work properly.

In current version, it is optional. The decorator is applied automatically using the metaclass.
[2022-04-08 15:51:06,334] {scheduler_job.py:643} INFO - DAG(s) dict_keys(['user_processing']) retrieved from /home/airflow/airflow/dags/user_processing.py
[2022-04-08 15:51:06,346] {logging_mixin.py:104} INFO - [2022-04-08 15:51:06,346] {dag.py:1832} INFO - Sync 1 DAGs
[2022-04-08 15:51:06,358] {logging_mixin.py:104} INFO - [2022-04-08 15:51:06,358] {dag.py:2305} INFO - Setting next_dagrun for user_processing to 2022-04-08T00:00:00+00:00
[2022-04-08 15:51:06,374] {scheduler_job.py:190} INFO - Processing /home/airflow/airflow/dags/user_processing.py took 0.074 seconds
[2022-04-08 15:51:36,490] {scheduler_job.py:182} INFO - Started process (PID=12211) to work on /home/airflow/airflow/dags/user_processing.py
[2022-04-08 15:51:36,493] {scheduler_job.py:633} INFO - Processing file /home/airflow/airflow/dags/user_processing.py for tasks to queue
[2022-04-08 15:51:36,494] {logging_mixin.py:104} INFO - [2022-04-08 15:51:36,494] {dagbag.py:487} INFO - Filling up the DagBag from /home/airflow/airflow/dags/user_processing.py
[2022-04-08 15:51:36,521] {logging_mixin.py:104} WARNING - /home/airflow/sandbox/lib/python3.8/site-packages/airflow/providers/sqlite/operators/sqlite.py:25 DeprecationWarning: This decorator is deprecated. 

In previous versions, all subclasses of BaseOperator must use apply_default decorator for the`default_args` feature to work properly.

In current version, it is optional. The decorator is applied automatically using the metaclass.
[2022-04-08 15:51:36,535] {scheduler_job.py:643} INFO - DAG(s) dict_keys(['user_processing']) retrieved from /home/airflow/airflow/dags/user_processing.py
[2022-04-08 15:51:36,561] {logging_mixin.py:104} INFO - [2022-04-08 15:51:36,561] {dag.py:1832} INFO - Sync 1 DAGs
[2022-04-08 15:51:36,584] {logging_mixin.py:104} INFO - [2022-04-08 15:51:36,584] {dag.py:2305} INFO - Setting next_dagrun for user_processing to 2022-04-08T00:00:00+00:00
[2022-04-08 15:51:36,610] {scheduler_job.py:190} INFO - Processing /home/airflow/airflow/dags/user_processing.py took 0.127 seconds
[2022-04-08 15:52:09,396] {scheduler_job.py:182} INFO - Started process (PID=12242) to work on /home/airflow/airflow/dags/user_processing.py
[2022-04-08 15:52:09,397] {scheduler_job.py:633} INFO - Processing file /home/airflow/airflow/dags/user_processing.py for tasks to queue
[2022-04-08 15:52:09,398] {logging_mixin.py:104} INFO - [2022-04-08 15:52:09,397] {dagbag.py:487} INFO - Filling up the DagBag from /home/airflow/airflow/dags/user_processing.py
[2022-04-08 15:52:09,406] {logging_mixin.py:104} WARNING - /home/airflow/sandbox/lib/python3.8/site-packages/airflow/providers/sqlite/operators/sqlite.py:25 DeprecationWarning: This decorator is deprecated. 

In previous versions, all subclasses of BaseOperator must use apply_default decorator for the`default_args` feature to work properly.

In current version, it is optional. The decorator is applied automatically using the metaclass.
[2022-04-08 15:52:09,412] {scheduler_job.py:643} INFO - DAG(s) dict_keys(['user_processing']) retrieved from /home/airflow/airflow/dags/user_processing.py
[2022-04-08 15:52:09,422] {logging_mixin.py:104} INFO - [2022-04-08 15:52:09,422] {dag.py:1832} INFO - Sync 1 DAGs
[2022-04-08 15:52:09,433] {logging_mixin.py:104} INFO - [2022-04-08 15:52:09,433] {dag.py:2305} INFO - Setting next_dagrun for user_processing to 2022-04-08T00:00:00+00:00
[2022-04-08 15:52:09,445] {scheduler_job.py:190} INFO - Processing /home/airflow/airflow/dags/user_processing.py took 0.054 seconds
[2022-04-08 15:52:39,713] {scheduler_job.py:182} INFO - Started process (PID=12315) to work on /home/airflow/airflow/dags/user_processing.py
[2022-04-08 15:52:39,714] {scheduler_job.py:633} INFO - Processing file /home/airflow/airflow/dags/user_processing.py for tasks to queue
[2022-04-08 15:52:39,716] {logging_mixin.py:104} INFO - [2022-04-08 15:52:39,715] {dagbag.py:487} INFO - Filling up the DagBag from /home/airflow/airflow/dags/user_processing.py
[2022-04-08 15:52:39,734] {logging_mixin.py:104} WARNING - /home/airflow/sandbox/lib/python3.8/site-packages/airflow/providers/sqlite/operators/sqlite.py:25 DeprecationWarning: This decorator is deprecated. 

In previous versions, all subclasses of BaseOperator must use apply_default decorator for the`default_args` feature to work properly.

In current version, it is optional. The decorator is applied automatically using the metaclass.
[2022-04-08 15:52:39,740] {scheduler_job.py:643} INFO - DAG(s) dict_keys(['user_processing']) retrieved from /home/airflow/airflow/dags/user_processing.py
[2022-04-08 15:52:39,752] {logging_mixin.py:104} INFO - [2022-04-08 15:52:39,752] {dag.py:1832} INFO - Sync 1 DAGs
[2022-04-08 15:52:39,762] {logging_mixin.py:104} INFO - [2022-04-08 15:52:39,762] {dag.py:2305} INFO - Setting next_dagrun for user_processing to 2022-04-08T00:00:00+00:00
[2022-04-08 15:52:39,776] {scheduler_job.py:190} INFO - Processing /home/airflow/airflow/dags/user_processing.py took 0.068 seconds
[2022-04-08 15:53:11,341] {scheduler_job.py:182} INFO - Started process (PID=12349) to work on /home/airflow/airflow/dags/user_processing.py
[2022-04-08 15:53:11,344] {scheduler_job.py:633} INFO - Processing file /home/airflow/airflow/dags/user_processing.py for tasks to queue
[2022-04-08 15:53:11,345] {logging_mixin.py:104} INFO - [2022-04-08 15:53:11,345] {dagbag.py:487} INFO - Filling up the DagBag from /home/airflow/airflow/dags/user_processing.py
[2022-04-08 15:53:11,360] {logging_mixin.py:104} WARNING - /home/airflow/sandbox/lib/python3.8/site-packages/airflow/providers/sqlite/operators/sqlite.py:25 DeprecationWarning: This decorator is deprecated. 

In previous versions, all subclasses of BaseOperator must use apply_default decorator for the`default_args` feature to work properly.

In current version, it is optional. The decorator is applied automatically using the metaclass.
[2022-04-08 15:53:11,365] {scheduler_job.py:643} INFO - DAG(s) dict_keys(['user_processing']) retrieved from /home/airflow/airflow/dags/user_processing.py
[2022-04-08 15:53:11,376] {logging_mixin.py:104} INFO - [2022-04-08 15:53:11,376] {dag.py:1832} INFO - Sync 1 DAGs
[2022-04-08 15:53:11,385] {logging_mixin.py:104} INFO - [2022-04-08 15:53:11,385] {dag.py:2305} INFO - Setting next_dagrun for user_processing to 2022-04-08T00:00:00+00:00
[2022-04-08 15:53:11,397] {scheduler_job.py:190} INFO - Processing /home/airflow/airflow/dags/user_processing.py took 0.061 seconds
[2022-04-08 15:53:43,354] {scheduler_job.py:182} INFO - Started process (PID=12383) to work on /home/airflow/airflow/dags/user_processing.py
[2022-04-08 15:53:43,356] {scheduler_job.py:633} INFO - Processing file /home/airflow/airflow/dags/user_processing.py for tasks to queue
[2022-04-08 15:53:43,357] {logging_mixin.py:104} INFO - [2022-04-08 15:53:43,357] {dagbag.py:487} INFO - Filling up the DagBag from /home/airflow/airflow/dags/user_processing.py
[2022-04-08 15:53:43,370] {logging_mixin.py:104} WARNING - /home/airflow/sandbox/lib/python3.8/site-packages/airflow/providers/sqlite/operators/sqlite.py:25 DeprecationWarning: This decorator is deprecated. 

In previous versions, all subclasses of BaseOperator must use apply_default decorator for the`default_args` feature to work properly.

In current version, it is optional. The decorator is applied automatically using the metaclass.
[2022-04-08 15:53:43,377] {scheduler_job.py:643} INFO - DAG(s) dict_keys(['user_processing']) retrieved from /home/airflow/airflow/dags/user_processing.py
[2022-04-08 15:53:43,387] {logging_mixin.py:104} INFO - [2022-04-08 15:53:43,387] {dag.py:1832} INFO - Sync 1 DAGs
[2022-04-08 15:53:43,396] {logging_mixin.py:104} INFO - [2022-04-08 15:53:43,395] {dag.py:2305} INFO - Setting next_dagrun for user_processing to 2022-04-08T00:00:00+00:00
[2022-04-08 15:53:43,409] {scheduler_job.py:190} INFO - Processing /home/airflow/airflow/dags/user_processing.py took 0.060 seconds
[2022-04-08 15:54:13,698] {scheduler_job.py:182} INFO - Started process (PID=12413) to work on /home/airflow/airflow/dags/user_processing.py
[2022-04-08 15:54:13,699] {scheduler_job.py:633} INFO - Processing file /home/airflow/airflow/dags/user_processing.py for tasks to queue
[2022-04-08 15:54:13,700] {logging_mixin.py:104} INFO - [2022-04-08 15:54:13,700] {dagbag.py:487} INFO - Filling up the DagBag from /home/airflow/airflow/dags/user_processing.py
[2022-04-08 15:54:13,716] {logging_mixin.py:104} WARNING - /home/airflow/sandbox/lib/python3.8/site-packages/airflow/providers/sqlite/operators/sqlite.py:25 DeprecationWarning: This decorator is deprecated. 

In previous versions, all subclasses of BaseOperator must use apply_default decorator for the`default_args` feature to work properly.

In current version, it is optional. The decorator is applied automatically using the metaclass.
[2022-04-08 15:54:13,728] {scheduler_job.py:643} INFO - DAG(s) dict_keys(['user_processing']) retrieved from /home/airflow/airflow/dags/user_processing.py
[2022-04-08 15:54:13,741] {logging_mixin.py:104} INFO - [2022-04-08 15:54:13,741] {dag.py:1832} INFO - Sync 1 DAGs
[2022-04-08 15:54:13,750] {logging_mixin.py:104} INFO - [2022-04-08 15:54:13,750] {dag.py:2305} INFO - Setting next_dagrun for user_processing to 2022-04-08T00:00:00+00:00
[2022-04-08 15:54:13,760] {scheduler_job.py:190} INFO - Processing /home/airflow/airflow/dags/user_processing.py took 0.067 seconds
[2022-04-08 15:54:46,518] {scheduler_job.py:182} INFO - Started process (PID=12445) to work on /home/airflow/airflow/dags/user_processing.py
[2022-04-08 15:54:46,520] {scheduler_job.py:633} INFO - Processing file /home/airflow/airflow/dags/user_processing.py for tasks to queue
[2022-04-08 15:54:46,521] {logging_mixin.py:104} INFO - [2022-04-08 15:54:46,521] {dagbag.py:487} INFO - Filling up the DagBag from /home/airflow/airflow/dags/user_processing.py
[2022-04-08 15:54:46,537] {logging_mixin.py:104} WARNING - /home/airflow/sandbox/lib/python3.8/site-packages/airflow/providers/sqlite/operators/sqlite.py:25 DeprecationWarning: This decorator is deprecated. 

In previous versions, all subclasses of BaseOperator must use apply_default decorator for the`default_args` feature to work properly.

In current version, it is optional. The decorator is applied automatically using the metaclass.
[2022-04-08 15:54:46,544] {scheduler_job.py:643} INFO - DAG(s) dict_keys(['user_processing']) retrieved from /home/airflow/airflow/dags/user_processing.py
[2022-04-08 15:54:46,554] {logging_mixin.py:104} INFO - [2022-04-08 15:54:46,554] {dag.py:1832} INFO - Sync 1 DAGs
[2022-04-08 15:54:46,563] {logging_mixin.py:104} INFO - [2022-04-08 15:54:46,563] {dag.py:2305} INFO - Setting next_dagrun for user_processing to 2022-04-08T00:00:00+00:00
[2022-04-08 15:54:46,577] {scheduler_job.py:190} INFO - Processing /home/airflow/airflow/dags/user_processing.py took 0.063 seconds
[2022-04-08 15:55:17,175] {scheduler_job.py:182} INFO - Started process (PID=12475) to work on /home/airflow/airflow/dags/user_processing.py
[2022-04-08 15:55:17,176] {scheduler_job.py:633} INFO - Processing file /home/airflow/airflow/dags/user_processing.py for tasks to queue
[2022-04-08 15:55:17,177] {logging_mixin.py:104} INFO - [2022-04-08 15:55:17,177] {dagbag.py:487} INFO - Filling up the DagBag from /home/airflow/airflow/dags/user_processing.py
[2022-04-08 15:55:17,188] {logging_mixin.py:104} WARNING - /home/airflow/sandbox/lib/python3.8/site-packages/airflow/providers/sqlite/operators/sqlite.py:25 DeprecationWarning: This decorator is deprecated. 

In previous versions, all subclasses of BaseOperator must use apply_default decorator for the`default_args` feature to work properly.

In current version, it is optional. The decorator is applied automatically using the metaclass.
[2022-04-08 15:55:17,192] {scheduler_job.py:643} INFO - DAG(s) dict_keys(['user_processing']) retrieved from /home/airflow/airflow/dags/user_processing.py
[2022-04-08 15:55:17,202] {logging_mixin.py:104} INFO - [2022-04-08 15:55:17,202] {dag.py:1832} INFO - Sync 1 DAGs
[2022-04-08 15:55:17,211] {logging_mixin.py:104} INFO - [2022-04-08 15:55:17,211] {dag.py:2305} INFO - Setting next_dagrun for user_processing to 2022-04-08T00:00:00+00:00
[2022-04-08 15:55:17,225] {scheduler_job.py:190} INFO - Processing /home/airflow/airflow/dags/user_processing.py took 0.054 seconds
[2022-04-08 15:55:49,485] {scheduler_job.py:182} INFO - Started process (PID=12508) to work on /home/airflow/airflow/dags/user_processing.py
[2022-04-08 15:55:49,486] {scheduler_job.py:633} INFO - Processing file /home/airflow/airflow/dags/user_processing.py for tasks to queue
[2022-04-08 15:55:49,487] {logging_mixin.py:104} INFO - [2022-04-08 15:55:49,487] {dagbag.py:487} INFO - Filling up the DagBag from /home/airflow/airflow/dags/user_processing.py
[2022-04-08 15:55:49,507] {logging_mixin.py:104} WARNING - /home/airflow/sandbox/lib/python3.8/site-packages/airflow/providers/sqlite/operators/sqlite.py:25 DeprecationWarning: This decorator is deprecated. 

In previous versions, all subclasses of BaseOperator must use apply_default decorator for the`default_args` feature to work properly.

In current version, it is optional. The decorator is applied automatically using the metaclass.
[2022-04-08 15:55:49,515] {scheduler_job.py:643} INFO - DAG(s) dict_keys(['user_processing']) retrieved from /home/airflow/airflow/dags/user_processing.py
[2022-04-08 15:55:49,528] {logging_mixin.py:104} INFO - [2022-04-08 15:55:49,527] {dag.py:1832} INFO - Sync 1 DAGs
[2022-04-08 15:55:49,536] {logging_mixin.py:104} INFO - [2022-04-08 15:55:49,536] {dag.py:2305} INFO - Setting next_dagrun for user_processing to 2022-04-08T00:00:00+00:00
[2022-04-08 15:55:49,550] {scheduler_job.py:190} INFO - Processing /home/airflow/airflow/dags/user_processing.py took 0.070 seconds
[2022-04-08 15:56:20,638] {scheduler_job.py:182} INFO - Started process (PID=12541) to work on /home/airflow/airflow/dags/user_processing.py
[2022-04-08 15:56:20,642] {scheduler_job.py:633} INFO - Processing file /home/airflow/airflow/dags/user_processing.py for tasks to queue
[2022-04-08 15:56:20,643] {logging_mixin.py:104} INFO - [2022-04-08 15:56:20,643] {dagbag.py:487} INFO - Filling up the DagBag from /home/airflow/airflow/dags/user_processing.py
[2022-04-08 15:56:20,661] {logging_mixin.py:104} WARNING - /home/airflow/sandbox/lib/python3.8/site-packages/airflow/providers/sqlite/operators/sqlite.py:25 DeprecationWarning: This decorator is deprecated. 

In previous versions, all subclasses of BaseOperator must use apply_default decorator for the`default_args` feature to work properly.

In current version, it is optional. The decorator is applied automatically using the metaclass.
[2022-04-08 15:56:20,665] {scheduler_job.py:643} INFO - DAG(s) dict_keys(['user_processing']) retrieved from /home/airflow/airflow/dags/user_processing.py
[2022-04-08 15:56:20,675] {logging_mixin.py:104} INFO - [2022-04-08 15:56:20,675] {dag.py:1832} INFO - Sync 1 DAGs
[2022-04-08 15:56:20,683] {logging_mixin.py:104} INFO - [2022-04-08 15:56:20,683] {dag.py:2305} INFO - Setting next_dagrun for user_processing to 2022-04-08T00:00:00+00:00
[2022-04-08 15:56:20,697] {scheduler_job.py:190} INFO - Processing /home/airflow/airflow/dags/user_processing.py took 0.064 seconds
[2022-04-08 15:56:53,043] {scheduler_job.py:182} INFO - Started process (PID=12574) to work on /home/airflow/airflow/dags/user_processing.py
[2022-04-08 15:56:53,045] {scheduler_job.py:633} INFO - Processing file /home/airflow/airflow/dags/user_processing.py for tasks to queue
[2022-04-08 15:56:53,046] {logging_mixin.py:104} INFO - [2022-04-08 15:56:53,046] {dagbag.py:487} INFO - Filling up the DagBag from /home/airflow/airflow/dags/user_processing.py
[2022-04-08 15:56:53,064] {logging_mixin.py:104} WARNING - /home/airflow/sandbox/lib/python3.8/site-packages/airflow/providers/sqlite/operators/sqlite.py:25 DeprecationWarning: This decorator is deprecated. 

In previous versions, all subclasses of BaseOperator must use apply_default decorator for the`default_args` feature to work properly.

In current version, it is optional. The decorator is applied automatically using the metaclass.
[2022-04-08 15:56:53,071] {scheduler_job.py:643} INFO - DAG(s) dict_keys(['user_processing']) retrieved from /home/airflow/airflow/dags/user_processing.py
[2022-04-08 15:56:53,081] {logging_mixin.py:104} INFO - [2022-04-08 15:56:53,081] {dag.py:1832} INFO - Sync 1 DAGs
[2022-04-08 15:56:53,090] {logging_mixin.py:104} INFO - [2022-04-08 15:56:53,090] {dag.py:2305} INFO - Setting next_dagrun for user_processing to 2022-04-08T00:00:00+00:00
[2022-04-08 15:56:53,104] {scheduler_job.py:190} INFO - Processing /home/airflow/airflow/dags/user_processing.py took 0.065 seconds
[2022-04-08 15:57:25,925] {scheduler_job.py:182} INFO - Started process (PID=12649) to work on /home/airflow/airflow/dags/user_processing.py
[2022-04-08 15:57:25,927] {scheduler_job.py:633} INFO - Processing file /home/airflow/airflow/dags/user_processing.py for tasks to queue
[2022-04-08 15:57:25,928] {logging_mixin.py:104} INFO - [2022-04-08 15:57:25,928] {dagbag.py:487} INFO - Filling up the DagBag from /home/airflow/airflow/dags/user_processing.py
[2022-04-08 15:57:25,945] {logging_mixin.py:104} WARNING - /home/airflow/sandbox/lib/python3.8/site-packages/airflow/providers/sqlite/operators/sqlite.py:25 DeprecationWarning: This decorator is deprecated. 

In previous versions, all subclasses of BaseOperator must use apply_default decorator for the`default_args` feature to work properly.

In current version, it is optional. The decorator is applied automatically using the metaclass.
[2022-04-08 15:57:25,952] {scheduler_job.py:643} INFO - DAG(s) dict_keys(['user_processing']) retrieved from /home/airflow/airflow/dags/user_processing.py
[2022-04-08 15:57:25,962] {logging_mixin.py:104} INFO - [2022-04-08 15:57:25,962] {dag.py:1832} INFO - Sync 1 DAGs
[2022-04-08 15:57:25,973] {logging_mixin.py:104} INFO - [2022-04-08 15:57:25,973] {dag.py:2305} INFO - Setting next_dagrun for user_processing to 2022-04-08T00:00:00+00:00
[2022-04-08 15:57:25,989] {scheduler_job.py:190} INFO - Processing /home/airflow/airflow/dags/user_processing.py took 0.068 seconds
[2022-04-08 15:57:56,219] {scheduler_job.py:182} INFO - Started process (PID=12679) to work on /home/airflow/airflow/dags/user_processing.py
[2022-04-08 15:57:56,221] {scheduler_job.py:633} INFO - Processing file /home/airflow/airflow/dags/user_processing.py for tasks to queue
[2022-04-08 15:57:56,221] {logging_mixin.py:104} INFO - [2022-04-08 15:57:56,221] {dagbag.py:487} INFO - Filling up the DagBag from /home/airflow/airflow/dags/user_processing.py
[2022-04-08 15:57:56,233] {logging_mixin.py:104} WARNING - /home/airflow/sandbox/lib/python3.8/site-packages/airflow/providers/sqlite/operators/sqlite.py:25 DeprecationWarning: This decorator is deprecated. 

In previous versions, all subclasses of BaseOperator must use apply_default decorator for the`default_args` feature to work properly.

In current version, it is optional. The decorator is applied automatically using the metaclass.
[2022-04-08 15:57:56,238] {scheduler_job.py:643} INFO - DAG(s) dict_keys(['user_processing']) retrieved from /home/airflow/airflow/dags/user_processing.py
[2022-04-08 15:57:56,248] {logging_mixin.py:104} INFO - [2022-04-08 15:57:56,247] {dag.py:1832} INFO - Sync 1 DAGs
[2022-04-08 15:57:56,257] {logging_mixin.py:104} INFO - [2022-04-08 15:57:56,257] {dag.py:2305} INFO - Setting next_dagrun for user_processing to 2022-04-08T00:00:00+00:00
[2022-04-08 15:57:56,271] {scheduler_job.py:190} INFO - Processing /home/airflow/airflow/dags/user_processing.py took 0.057 seconds
[2022-04-08 15:58:32,183] {scheduler_job.py:182} INFO - Started process (PID=12712) to work on /home/airflow/airflow/dags/user_processing.py
[2022-04-08 15:58:32,185] {scheduler_job.py:633} INFO - Processing file /home/airflow/airflow/dags/user_processing.py for tasks to queue
[2022-04-08 15:58:32,186] {logging_mixin.py:104} INFO - [2022-04-08 15:58:32,186] {dagbag.py:487} INFO - Filling up the DagBag from /home/airflow/airflow/dags/user_processing.py
[2022-04-08 15:58:32,202] {logging_mixin.py:104} WARNING - /home/airflow/sandbox/lib/python3.8/site-packages/airflow/providers/sqlite/operators/sqlite.py:25 DeprecationWarning: This decorator is deprecated. 

In previous versions, all subclasses of BaseOperator must use apply_default decorator for the`default_args` feature to work properly.

In current version, it is optional. The decorator is applied automatically using the metaclass.
[2022-04-08 15:58:32,208] {scheduler_job.py:643} INFO - DAG(s) dict_keys(['user_processing']) retrieved from /home/airflow/airflow/dags/user_processing.py
[2022-04-08 15:58:32,218] {logging_mixin.py:104} INFO - [2022-04-08 15:58:32,218] {dag.py:1832} INFO - Sync 1 DAGs
[2022-04-08 15:58:32,227] {logging_mixin.py:104} INFO - [2022-04-08 15:58:32,227] {dag.py:2305} INFO - Setting next_dagrun for user_processing to 2022-04-08T00:00:00+00:00
[2022-04-08 15:58:32,240] {scheduler_job.py:190} INFO - Processing /home/airflow/airflow/dags/user_processing.py took 0.062 seconds
[2022-04-08 15:59:03,332] {scheduler_job.py:182} INFO - Started process (PID=12830) to work on /home/airflow/airflow/dags/user_processing.py
[2022-04-08 15:59:03,333] {scheduler_job.py:633} INFO - Processing file /home/airflow/airflow/dags/user_processing.py for tasks to queue
[2022-04-08 15:59:03,334] {logging_mixin.py:104} INFO - [2022-04-08 15:59:03,334] {dagbag.py:487} INFO - Filling up the DagBag from /home/airflow/airflow/dags/user_processing.py
[2022-04-08 15:59:03,351] {logging_mixin.py:104} WARNING - /home/airflow/sandbox/lib/python3.8/site-packages/airflow/providers/sqlite/operators/sqlite.py:25 DeprecationWarning: This decorator is deprecated. 

In previous versions, all subclasses of BaseOperator must use apply_default decorator for the`default_args` feature to work properly.

In current version, it is optional. The decorator is applied automatically using the metaclass.
[2022-04-08 15:59:03,358] {scheduler_job.py:643} INFO - DAG(s) dict_keys(['user_processing']) retrieved from /home/airflow/airflow/dags/user_processing.py
[2022-04-08 15:59:03,370] {logging_mixin.py:104} INFO - [2022-04-08 15:59:03,370] {dag.py:1832} INFO - Sync 1 DAGs
[2022-04-08 15:59:03,380] {logging_mixin.py:104} INFO - [2022-04-08 15:59:03,380] {dag.py:2305} INFO - Setting next_dagrun for user_processing to 2022-04-08T00:00:00+00:00
[2022-04-08 15:59:03,394] {scheduler_job.py:190} INFO - Processing /home/airflow/airflow/dags/user_processing.py took 0.068 seconds
[2022-04-08 15:59:34,935] {scheduler_job.py:182} INFO - Started process (PID=12908) to work on /home/airflow/airflow/dags/user_processing.py
[2022-04-08 15:59:34,937] {scheduler_job.py:633} INFO - Processing file /home/airflow/airflow/dags/user_processing.py for tasks to queue
[2022-04-08 15:59:34,939] {logging_mixin.py:104} INFO - [2022-04-08 15:59:34,939] {dagbag.py:487} INFO - Filling up the DagBag from /home/airflow/airflow/dags/user_processing.py
[2022-04-08 15:59:34,958] {logging_mixin.py:104} WARNING - /home/airflow/sandbox/lib/python3.8/site-packages/airflow/providers/sqlite/operators/sqlite.py:25 DeprecationWarning: This decorator is deprecated. 

In previous versions, all subclasses of BaseOperator must use apply_default decorator for the`default_args` feature to work properly.

In current version, it is optional. The decorator is applied automatically using the metaclass.
[2022-04-08 15:59:34,970] {scheduler_job.py:643} INFO - DAG(s) dict_keys(['user_processing']) retrieved from /home/airflow/airflow/dags/user_processing.py
[2022-04-08 15:59:34,991] {logging_mixin.py:104} INFO - [2022-04-08 15:59:34,991] {dag.py:1832} INFO - Sync 1 DAGs
[2022-04-08 15:59:35,013] {logging_mixin.py:104} INFO - [2022-04-08 15:59:35,013] {dag.py:2305} INFO - Setting next_dagrun for user_processing to 2022-04-08T00:00:00+00:00
[2022-04-08 15:59:35,037] {scheduler_job.py:190} INFO - Processing /home/airflow/airflow/dags/user_processing.py took 0.108 seconds
[2022-04-08 16:00:11,025] {scheduler_job.py:182} INFO - Started process (PID=12989) to work on /home/airflow/airflow/dags/user_processing.py
[2022-04-08 16:00:11,027] {scheduler_job.py:633} INFO - Processing file /home/airflow/airflow/dags/user_processing.py for tasks to queue
[2022-04-08 16:00:11,028] {logging_mixin.py:104} INFO - [2022-04-08 16:00:11,028] {dagbag.py:487} INFO - Filling up the DagBag from /home/airflow/airflow/dags/user_processing.py
[2022-04-08 16:00:11,045] {logging_mixin.py:104} WARNING - /home/airflow/sandbox/lib/python3.8/site-packages/airflow/providers/sqlite/operators/sqlite.py:25 DeprecationWarning: This decorator is deprecated. 

In previous versions, all subclasses of BaseOperator must use apply_default decorator for the`default_args` feature to work properly.

In current version, it is optional. The decorator is applied automatically using the metaclass.
[2022-04-08 16:00:11,054] {scheduler_job.py:643} INFO - DAG(s) dict_keys(['user_processing']) retrieved from /home/airflow/airflow/dags/user_processing.py
[2022-04-08 16:00:11,070] {logging_mixin.py:104} INFO - [2022-04-08 16:00:11,070] {dag.py:1832} INFO - Sync 1 DAGs
[2022-04-08 16:00:11,079] {logging_mixin.py:104} INFO - [2022-04-08 16:00:11,078] {dag.py:2305} INFO - Setting next_dagrun for user_processing to 2022-04-08T00:00:00+00:00
[2022-04-08 16:00:11,093] {scheduler_job.py:190} INFO - Processing /home/airflow/airflow/dags/user_processing.py took 0.072 seconds
[2022-04-08 16:00:43,565] {scheduler_job.py:182} INFO - Started process (PID=13021) to work on /home/airflow/airflow/dags/user_processing.py
[2022-04-08 16:00:43,566] {scheduler_job.py:633} INFO - Processing file /home/airflow/airflow/dags/user_processing.py for tasks to queue
[2022-04-08 16:00:43,567] {logging_mixin.py:104} INFO - [2022-04-08 16:00:43,567] {dagbag.py:487} INFO - Filling up the DagBag from /home/airflow/airflow/dags/user_processing.py
[2022-04-08 16:00:43,581] {logging_mixin.py:104} WARNING - /home/airflow/sandbox/lib/python3.8/site-packages/airflow/providers/sqlite/operators/sqlite.py:25 DeprecationWarning: This decorator is deprecated. 

In previous versions, all subclasses of BaseOperator must use apply_default decorator for the`default_args` feature to work properly.

In current version, it is optional. The decorator is applied automatically using the metaclass.
[2022-04-08 16:00:43,588] {scheduler_job.py:643} INFO - DAG(s) dict_keys(['user_processing']) retrieved from /home/airflow/airflow/dags/user_processing.py
[2022-04-08 16:00:43,598] {logging_mixin.py:104} INFO - [2022-04-08 16:00:43,598] {dag.py:1832} INFO - Sync 1 DAGs
[2022-04-08 16:00:43,610] {logging_mixin.py:104} INFO - [2022-04-08 16:00:43,610] {dag.py:2305} INFO - Setting next_dagrun for user_processing to 2022-04-08T00:00:00+00:00
[2022-04-08 16:00:43,624] {scheduler_job.py:190} INFO - Processing /home/airflow/airflow/dags/user_processing.py took 0.062 seconds
[2022-04-08 16:01:13,857] {scheduler_job.py:182} INFO - Started process (PID=13051) to work on /home/airflow/airflow/dags/user_processing.py
[2022-04-08 16:01:13,859] {scheduler_job.py:633} INFO - Processing file /home/airflow/airflow/dags/user_processing.py for tasks to queue
[2022-04-08 16:01:13,861] {logging_mixin.py:104} INFO - [2022-04-08 16:01:13,861] {dagbag.py:487} INFO - Filling up the DagBag from /home/airflow/airflow/dags/user_processing.py
[2022-04-08 16:01:13,877] {logging_mixin.py:104} WARNING - /home/airflow/sandbox/lib/python3.8/site-packages/airflow/providers/sqlite/operators/sqlite.py:25 DeprecationWarning: This decorator is deprecated. 

In previous versions, all subclasses of BaseOperator must use apply_default decorator for the`default_args` feature to work properly.

In current version, it is optional. The decorator is applied automatically using the metaclass.
[2022-04-08 16:01:13,883] {scheduler_job.py:643} INFO - DAG(s) dict_keys(['user_processing']) retrieved from /home/airflow/airflow/dags/user_processing.py
[2022-04-08 16:01:13,893] {logging_mixin.py:104} INFO - [2022-04-08 16:01:13,893] {dag.py:1832} INFO - Sync 1 DAGs
[2022-04-08 16:01:13,902] {logging_mixin.py:104} INFO - [2022-04-08 16:01:13,902] {dag.py:2305} INFO - Setting next_dagrun for user_processing to 2022-04-08T00:00:00+00:00
[2022-04-08 16:01:13,917] {scheduler_job.py:190} INFO - Processing /home/airflow/airflow/dags/user_processing.py took 0.065 seconds
[2022-04-08 16:01:44,102] {scheduler_job.py:182} INFO - Started process (PID=13080) to work on /home/airflow/airflow/dags/user_processing.py
[2022-04-08 16:01:44,105] {scheduler_job.py:633} INFO - Processing file /home/airflow/airflow/dags/user_processing.py for tasks to queue
[2022-04-08 16:01:44,106] {logging_mixin.py:104} INFO - [2022-04-08 16:01:44,106] {dagbag.py:487} INFO - Filling up the DagBag from /home/airflow/airflow/dags/user_processing.py
[2022-04-08 16:01:44,128] {logging_mixin.py:104} WARNING - /home/airflow/sandbox/lib/python3.8/site-packages/airflow/providers/sqlite/operators/sqlite.py:25 DeprecationWarning: This decorator is deprecated. 

In previous versions, all subclasses of BaseOperator must use apply_default decorator for the`default_args` feature to work properly.

In current version, it is optional. The decorator is applied automatically using the metaclass.
[2022-04-08 16:01:44,140] {scheduler_job.py:643} INFO - DAG(s) dict_keys(['user_processing']) retrieved from /home/airflow/airflow/dags/user_processing.py
[2022-04-08 16:01:44,163] {logging_mixin.py:104} INFO - [2022-04-08 16:01:44,163] {dag.py:1832} INFO - Sync 1 DAGs
[2022-04-08 16:01:44,185] {logging_mixin.py:104} INFO - [2022-04-08 16:01:44,185] {dag.py:2305} INFO - Setting next_dagrun for user_processing to 2022-04-08T00:00:00+00:00
[2022-04-08 16:01:44,210] {scheduler_job.py:190} INFO - Processing /home/airflow/airflow/dags/user_processing.py took 0.113 seconds
[2022-04-08 16:02:16,908] {scheduler_job.py:182} INFO - Started process (PID=13114) to work on /home/airflow/airflow/dags/user_processing.py
[2022-04-08 16:02:16,910] {scheduler_job.py:633} INFO - Processing file /home/airflow/airflow/dags/user_processing.py for tasks to queue
[2022-04-08 16:02:16,911] {logging_mixin.py:104} INFO - [2022-04-08 16:02:16,911] {dagbag.py:487} INFO - Filling up the DagBag from /home/airflow/airflow/dags/user_processing.py
[2022-04-08 16:02:16,927] {logging_mixin.py:104} WARNING - /home/airflow/sandbox/lib/python3.8/site-packages/airflow/providers/sqlite/operators/sqlite.py:25 DeprecationWarning: This decorator is deprecated. 

In previous versions, all subclasses of BaseOperator must use apply_default decorator for the`default_args` feature to work properly.

In current version, it is optional. The decorator is applied automatically using the metaclass.
[2022-04-08 16:02:16,938] {scheduler_job.py:643} INFO - DAG(s) dict_keys(['user_processing']) retrieved from /home/airflow/airflow/dags/user_processing.py
[2022-04-08 16:02:16,953] {logging_mixin.py:104} INFO - [2022-04-08 16:02:16,953] {dag.py:1832} INFO - Sync 1 DAGs
[2022-04-08 16:02:16,962] {logging_mixin.py:104} INFO - [2022-04-08 16:02:16,962] {dag.py:2305} INFO - Setting next_dagrun for user_processing to 2022-04-08T00:00:00+00:00
[2022-04-08 16:02:16,979] {scheduler_job.py:190} INFO - Processing /home/airflow/airflow/dags/user_processing.py took 0.076 seconds
[2022-04-08 16:02:51,379] {scheduler_job.py:182} INFO - Started process (PID=13244) to work on /home/airflow/airflow/dags/user_processing.py
[2022-04-08 16:02:51,381] {scheduler_job.py:633} INFO - Processing file /home/airflow/airflow/dags/user_processing.py for tasks to queue
[2022-04-08 16:02:51,382] {logging_mixin.py:104} INFO - [2022-04-08 16:02:51,382] {dagbag.py:487} INFO - Filling up the DagBag from /home/airflow/airflow/dags/user_processing.py
[2022-04-08 16:02:51,396] {logging_mixin.py:104} WARNING - /home/airflow/sandbox/lib/python3.8/site-packages/airflow/providers/sqlite/operators/sqlite.py:25 DeprecationWarning: This decorator is deprecated. 

In previous versions, all subclasses of BaseOperator must use apply_default decorator for the`default_args` feature to work properly.

In current version, it is optional. The decorator is applied automatically using the metaclass.
[2022-04-08 16:02:51,401] {scheduler_job.py:643} INFO - DAG(s) dict_keys(['user_processing']) retrieved from /home/airflow/airflow/dags/user_processing.py
[2022-04-08 16:02:51,411] {logging_mixin.py:104} INFO - [2022-04-08 16:02:51,411] {dag.py:1832} INFO - Sync 1 DAGs
[2022-04-08 16:02:51,420] {logging_mixin.py:104} INFO - [2022-04-08 16:02:51,420] {dag.py:2305} INFO - Setting next_dagrun for user_processing to 2022-04-08T00:00:00+00:00
[2022-04-08 16:02:51,433] {scheduler_job.py:190} INFO - Processing /home/airflow/airflow/dags/user_processing.py took 0.059 seconds
[2022-04-08 16:03:25,790] {scheduler_job.py:182} INFO - Started process (PID=13325) to work on /home/airflow/airflow/dags/user_processing.py
[2022-04-08 16:03:25,792] {scheduler_job.py:633} INFO - Processing file /home/airflow/airflow/dags/user_processing.py for tasks to queue
[2022-04-08 16:03:25,793] {logging_mixin.py:104} INFO - [2022-04-08 16:03:25,793] {dagbag.py:487} INFO - Filling up the DagBag from /home/airflow/airflow/dags/user_processing.py
[2022-04-08 16:03:25,800] {logging_mixin.py:104} WARNING - /home/airflow/sandbox/lib/python3.8/site-packages/airflow/providers/sqlite/operators/sqlite.py:25 DeprecationWarning: This decorator is deprecated. 

In previous versions, all subclasses of BaseOperator must use apply_default decorator for the`default_args` feature to work properly.

In current version, it is optional. The decorator is applied automatically using the metaclass.
[2022-04-08 16:03:25,805] {scheduler_job.py:643} INFO - DAG(s) dict_keys(['user_processing']) retrieved from /home/airflow/airflow/dags/user_processing.py
[2022-04-08 16:03:25,818] {logging_mixin.py:104} INFO - [2022-04-08 16:03:25,818] {dag.py:1832} INFO - Sync 1 DAGs
[2022-04-08 16:03:25,831] {logging_mixin.py:104} INFO - [2022-04-08 16:03:25,831] {dag.py:2305} INFO - Setting next_dagrun for user_processing to 2022-04-08T00:00:00+00:00
[2022-04-08 16:03:25,847] {scheduler_job.py:190} INFO - Processing /home/airflow/airflow/dags/user_processing.py took 0.060 seconds
[2022-04-08 16:04:01,053] {scheduler_job.py:182} INFO - Started process (PID=13357) to work on /home/airflow/airflow/dags/user_processing.py
[2022-04-08 16:04:01,054] {scheduler_job.py:633} INFO - Processing file /home/airflow/airflow/dags/user_processing.py for tasks to queue
[2022-04-08 16:04:01,056] {logging_mixin.py:104} INFO - [2022-04-08 16:04:01,055] {dagbag.py:487} INFO - Filling up the DagBag from /home/airflow/airflow/dags/user_processing.py
[2022-04-08 16:04:01,074] {logging_mixin.py:104} WARNING - /home/airflow/sandbox/lib/python3.8/site-packages/airflow/providers/sqlite/operators/sqlite.py:25 DeprecationWarning: This decorator is deprecated. 

In previous versions, all subclasses of BaseOperator must use apply_default decorator for the`default_args` feature to work properly.

In current version, it is optional. The decorator is applied automatically using the metaclass.
[2022-04-08 16:04:01,085] {scheduler_job.py:643} INFO - DAG(s) dict_keys(['user_processing']) retrieved from /home/airflow/airflow/dags/user_processing.py
[2022-04-08 16:04:01,097] {logging_mixin.py:104} INFO - [2022-04-08 16:04:01,097] {dag.py:1832} INFO - Sync 1 DAGs
[2022-04-08 16:04:01,107] {logging_mixin.py:104} INFO - [2022-04-08 16:04:01,107] {dag.py:2305} INFO - Setting next_dagrun for user_processing to 2022-04-08T00:00:00+00:00
[2022-04-08 16:04:01,128] {scheduler_job.py:190} INFO - Processing /home/airflow/airflow/dags/user_processing.py took 0.081 seconds
[2022-04-08 16:04:33,839] {scheduler_job.py:182} INFO - Started process (PID=13388) to work on /home/airflow/airflow/dags/user_processing.py
[2022-04-08 16:04:33,840] {scheduler_job.py:633} INFO - Processing file /home/airflow/airflow/dags/user_processing.py for tasks to queue
[2022-04-08 16:04:33,841] {logging_mixin.py:104} INFO - [2022-04-08 16:04:33,841] {dagbag.py:487} INFO - Filling up the DagBag from /home/airflow/airflow/dags/user_processing.py
[2022-04-08 16:04:33,852] {logging_mixin.py:104} WARNING - /home/airflow/sandbox/lib/python3.8/site-packages/airflow/providers/sqlite/operators/sqlite.py:25 DeprecationWarning: This decorator is deprecated. 

In previous versions, all subclasses of BaseOperator must use apply_default decorator for the`default_args` feature to work properly.

In current version, it is optional. The decorator is applied automatically using the metaclass.
[2022-04-08 16:04:33,857] {scheduler_job.py:643} INFO - DAG(s) dict_keys(['user_processing']) retrieved from /home/airflow/airflow/dags/user_processing.py
[2022-04-08 16:04:33,868] {logging_mixin.py:104} INFO - [2022-04-08 16:04:33,868] {dag.py:1832} INFO - Sync 1 DAGs
[2022-04-08 16:04:33,877] {logging_mixin.py:104} INFO - [2022-04-08 16:04:33,877] {dag.py:2305} INFO - Setting next_dagrun for user_processing to 2022-04-08T00:00:00+00:00
[2022-04-08 16:04:33,892] {scheduler_job.py:190} INFO - Processing /home/airflow/airflow/dags/user_processing.py took 0.057 seconds
[2022-04-08 16:05:05,037] {scheduler_job.py:182} INFO - Started process (PID=13421) to work on /home/airflow/airflow/dags/user_processing.py
[2022-04-08 16:05:05,039] {scheduler_job.py:633} INFO - Processing file /home/airflow/airflow/dags/user_processing.py for tasks to queue
[2022-04-08 16:05:05,040] {logging_mixin.py:104} INFO - [2022-04-08 16:05:05,040] {dagbag.py:487} INFO - Filling up the DagBag from /home/airflow/airflow/dags/user_processing.py
[2022-04-08 16:05:05,056] {logging_mixin.py:104} WARNING - /home/airflow/sandbox/lib/python3.8/site-packages/airflow/providers/sqlite/operators/sqlite.py:25 DeprecationWarning: This decorator is deprecated. 

In previous versions, all subclasses of BaseOperator must use apply_default decorator for the`default_args` feature to work properly.

In current version, it is optional. The decorator is applied automatically using the metaclass.
[2022-04-08 16:05:05,072] {scheduler_job.py:643} INFO - DAG(s) dict_keys(['user_processing']) retrieved from /home/airflow/airflow/dags/user_processing.py
[2022-04-08 16:05:05,096] {logging_mixin.py:104} INFO - [2022-04-08 16:05:05,096] {dag.py:1832} INFO - Sync 1 DAGs
[2022-04-08 16:05:05,113] {logging_mixin.py:104} INFO - [2022-04-08 16:05:05,113] {dag.py:2305} INFO - Setting next_dagrun for user_processing to 2022-04-08T00:00:00+00:00
[2022-04-08 16:05:05,135] {scheduler_job.py:190} INFO - Processing /home/airflow/airflow/dags/user_processing.py took 0.102 seconds
[2022-04-08 16:05:35,354] {scheduler_job.py:182} INFO - Started process (PID=13453) to work on /home/airflow/airflow/dags/user_processing.py
[2022-04-08 16:05:35,355] {scheduler_job.py:633} INFO - Processing file /home/airflow/airflow/dags/user_processing.py for tasks to queue
[2022-04-08 16:05:35,356] {logging_mixin.py:104} INFO - [2022-04-08 16:05:35,356] {dagbag.py:487} INFO - Filling up the DagBag from /home/airflow/airflow/dags/user_processing.py
[2022-04-08 16:05:35,372] {logging_mixin.py:104} WARNING - /home/airflow/sandbox/lib/python3.8/site-packages/airflow/providers/sqlite/operators/sqlite.py:25 DeprecationWarning: This decorator is deprecated. 

In previous versions, all subclasses of BaseOperator must use apply_default decorator for the`default_args` feature to work properly.

In current version, it is optional. The decorator is applied automatically using the metaclass.
[2022-04-08 16:05:35,378] {scheduler_job.py:643} INFO - DAG(s) dict_keys(['user_processing']) retrieved from /home/airflow/airflow/dags/user_processing.py
[2022-04-08 16:05:35,388] {logging_mixin.py:104} INFO - [2022-04-08 16:05:35,388] {dag.py:1832} INFO - Sync 1 DAGs
[2022-04-08 16:05:35,397] {logging_mixin.py:104} INFO - [2022-04-08 16:05:35,397] {dag.py:2305} INFO - Setting next_dagrun for user_processing to 2022-04-08T00:00:00+00:00
[2022-04-08 16:05:35,411] {scheduler_job.py:190} INFO - Processing /home/airflow/airflow/dags/user_processing.py took 0.063 seconds
[2022-04-08 16:06:07,473] {scheduler_job.py:182} INFO - Started process (PID=13486) to work on /home/airflow/airflow/dags/user_processing.py
[2022-04-08 16:06:07,475] {scheduler_job.py:633} INFO - Processing file /home/airflow/airflow/dags/user_processing.py for tasks to queue
[2022-04-08 16:06:07,476] {logging_mixin.py:104} INFO - [2022-04-08 16:06:07,476] {dagbag.py:487} INFO - Filling up the DagBag from /home/airflow/airflow/dags/user_processing.py
[2022-04-08 16:06:07,492] {logging_mixin.py:104} WARNING - /home/airflow/sandbox/lib/python3.8/site-packages/airflow/providers/sqlite/operators/sqlite.py:25 DeprecationWarning: This decorator is deprecated. 

In previous versions, all subclasses of BaseOperator must use apply_default decorator for the`default_args` feature to work properly.

In current version, it is optional. The decorator is applied automatically using the metaclass.
[2022-04-08 16:06:07,498] {scheduler_job.py:643} INFO - DAG(s) dict_keys(['user_processing']) retrieved from /home/airflow/airflow/dags/user_processing.py
[2022-04-08 16:06:07,508] {logging_mixin.py:104} INFO - [2022-04-08 16:06:07,508] {dag.py:1832} INFO - Sync 1 DAGs
[2022-04-08 16:06:07,517] {logging_mixin.py:104} INFO - [2022-04-08 16:06:07,517] {dag.py:2305} INFO - Setting next_dagrun for user_processing to 2022-04-08T00:00:00+00:00
[2022-04-08 16:06:07,531] {scheduler_job.py:190} INFO - Processing /home/airflow/airflow/dags/user_processing.py took 0.062 seconds
[2022-04-08 16:06:38,478] {scheduler_job.py:182} INFO - Started process (PID=13543) to work on /home/airflow/airflow/dags/user_processing.py
[2022-04-08 16:06:38,479] {scheduler_job.py:633} INFO - Processing file /home/airflow/airflow/dags/user_processing.py for tasks to queue
[2022-04-08 16:06:38,480] {logging_mixin.py:104} INFO - [2022-04-08 16:06:38,480] {dagbag.py:487} INFO - Filling up the DagBag from /home/airflow/airflow/dags/user_processing.py
[2022-04-08 16:06:38,489] {logging_mixin.py:104} WARNING - /home/airflow/sandbox/lib/python3.8/site-packages/airflow/providers/sqlite/operators/sqlite.py:25 DeprecationWarning: This decorator is deprecated. 

In previous versions, all subclasses of BaseOperator must use apply_default decorator for the`default_args` feature to work properly.

In current version, it is optional. The decorator is applied automatically using the metaclass.
[2022-04-08 16:06:38,494] {scheduler_job.py:643} INFO - DAG(s) dict_keys(['user_processing']) retrieved from /home/airflow/airflow/dags/user_processing.py
[2022-04-08 16:06:38,503] {logging_mixin.py:104} INFO - [2022-04-08 16:06:38,503] {dag.py:1832} INFO - Sync 1 DAGs
[2022-04-08 16:06:38,512] {logging_mixin.py:104} INFO - [2022-04-08 16:06:38,512] {dag.py:2305} INFO - Setting next_dagrun for user_processing to 2022-04-08T00:00:00+00:00
[2022-04-08 16:06:38,527] {scheduler_job.py:190} INFO - Processing /home/airflow/airflow/dags/user_processing.py took 0.054 seconds
[2022-04-08 16:07:09,926] {scheduler_job.py:182} INFO - Started process (PID=13578) to work on /home/airflow/airflow/dags/user_processing.py
[2022-04-08 16:07:09,928] {scheduler_job.py:633} INFO - Processing file /home/airflow/airflow/dags/user_processing.py for tasks to queue
[2022-04-08 16:07:09,929] {logging_mixin.py:104} INFO - [2022-04-08 16:07:09,929] {dagbag.py:487} INFO - Filling up the DagBag from /home/airflow/airflow/dags/user_processing.py
[2022-04-08 16:07:09,947] {logging_mixin.py:104} WARNING - /home/airflow/sandbox/lib/python3.8/site-packages/airflow/providers/sqlite/operators/sqlite.py:25 DeprecationWarning: This decorator is deprecated. 

In previous versions, all subclasses of BaseOperator must use apply_default decorator for the`default_args` feature to work properly.

In current version, it is optional. The decorator is applied automatically using the metaclass.
[2022-04-08 16:07:09,953] {scheduler_job.py:643} INFO - DAG(s) dict_keys(['user_processing']) retrieved from /home/airflow/airflow/dags/user_processing.py
[2022-04-08 16:07:09,964] {logging_mixin.py:104} INFO - [2022-04-08 16:07:09,964] {dag.py:1832} INFO - Sync 1 DAGs
[2022-04-08 16:07:09,974] {logging_mixin.py:104} INFO - [2022-04-08 16:07:09,974] {dag.py:2305} INFO - Setting next_dagrun for user_processing to 2022-04-08T00:00:00+00:00
[2022-04-08 16:07:09,991] {scheduler_job.py:190} INFO - Processing /home/airflow/airflow/dags/user_processing.py took 0.070 seconds
[2022-04-08 16:07:40,884] {scheduler_job.py:182} INFO - Started process (PID=13653) to work on /home/airflow/airflow/dags/user_processing.py
[2022-04-08 16:07:40,886] {scheduler_job.py:633} INFO - Processing file /home/airflow/airflow/dags/user_processing.py for tasks to queue
[2022-04-08 16:07:40,887] {logging_mixin.py:104} INFO - [2022-04-08 16:07:40,887] {dagbag.py:487} INFO - Filling up the DagBag from /home/airflow/airflow/dags/user_processing.py
[2022-04-08 16:07:40,905] {logging_mixin.py:104} WARNING - /home/airflow/sandbox/lib/python3.8/site-packages/airflow/providers/sqlite/operators/sqlite.py:25 DeprecationWarning: This decorator is deprecated. 

In previous versions, all subclasses of BaseOperator must use apply_default decorator for the`default_args` feature to work properly.

In current version, it is optional. The decorator is applied automatically using the metaclass.
[2022-04-08 16:07:40,913] {scheduler_job.py:643} INFO - DAG(s) dict_keys(['user_processing']) retrieved from /home/airflow/airflow/dags/user_processing.py
[2022-04-08 16:07:40,927] {logging_mixin.py:104} INFO - [2022-04-08 16:07:40,927] {dag.py:1832} INFO - Sync 1 DAGs
[2022-04-08 16:07:40,940] {logging_mixin.py:104} INFO - [2022-04-08 16:07:40,940] {dag.py:2305} INFO - Setting next_dagrun for user_processing to 2022-04-08T00:00:00+00:00
[2022-04-08 16:07:40,962] {scheduler_job.py:190} INFO - Processing /home/airflow/airflow/dags/user_processing.py took 0.083 seconds
