[2022-04-15 13:51:34,938] {taskinstance.py:1043} INFO - Dependencies all met for <TaskInstance: parallel_dag.task_3 scheduled__2020-01-16T00:00:00+00:00 [queued]>
[2022-04-15 13:51:36,080] {taskinstance.py:1043} INFO - Dependencies all met for <TaskInstance: parallel_dag.task_3 scheduled__2020-01-16T00:00:00+00:00 [queued]>
[2022-04-15 13:51:36,081] {taskinstance.py:1249} INFO - 
--------------------------------------------------------------------------------
[2022-04-15 13:51:36,099] {taskinstance.py:1250} INFO - Starting attempt 1 of 1
[2022-04-15 13:51:36,099] {taskinstance.py:1251} INFO - 
--------------------------------------------------------------------------------
[2022-04-15 13:51:37,205] {taskinstance.py:1270} INFO - Executing <Task(BashOperator): task_3> on 2020-01-16 00:00:00+00:00
[2022-04-15 13:51:37,475] {standard_task_runner.py:52} INFO - Started process 114464 to run task
[2022-04-15 13:51:37,681] {standard_task_runner.py:79} INFO - Running: ['airflow', 'tasks', 'run', 'parallel_dag', 'task_3', 'scheduled__2020-01-16T00:00:00+00:00', '--job-id', '96', '--raw', '--subdir', 'DAGS_FOLDER/parallel_dag.py', '--cfg-path', '/tmp/tmpkg6yrdqi', '--error-file', '/tmp/tmpuxufh8p2']
[2022-04-15 13:51:37,918] {standard_task_runner.py:80} INFO - Job 96: Subtask task_3
[2022-04-15 13:51:42,763] {logging_mixin.py:109} INFO - Running <TaskInstance: parallel_dag.task_3 scheduled__2020-01-16T00:00:00+00:00 [running]> on host 10.0.2.15
[2022-04-15 13:51:48,223] {taskinstance.py:1446} INFO - Exporting the following env vars:
AIRFLOW_CTX_DAG_OWNER=solfa
AIRFLOW_CTX_DAG_ID=parallel_dag
AIRFLOW_CTX_TASK_ID=task_3
AIRFLOW_CTX_EXECUTION_DATE=2020-01-16T00:00:00+00:00
AIRFLOW_CTX_DAG_RUN_ID=scheduled__2020-01-16T00:00:00+00:00
[2022-04-15 13:51:48,902] {subprocess.py:62} INFO - Tmp dir root location: 
 /tmp
[2022-04-15 13:51:48,971] {subprocess.py:74} INFO - Running command: ['bash', '-c', 'sleep 3']
[2022-04-15 13:51:49,496] {subprocess.py:85} INFO - Output:
[2022-04-15 13:51:53,456] {subprocess.py:93} INFO - Command exited with return code 0
[2022-04-15 13:51:55,526] {taskinstance.py:1278} INFO - Marking task as SUCCESS. dag_id=parallel_dag, task_id=task_3, execution_date=20200116T000000, start_date=20220415T135135, end_date=20220415T135155
[2022-04-15 13:51:58,933] {local_task_job.py:154} INFO - Task exited with return code 0
[2022-04-15 13:52:11,179] {local_task_job.py:264} INFO - 0 downstream tasks scheduled from follow-on schedule check
[2022-04-15 15:57:15,355] {taskinstance.py:1043} INFO - Dependencies all met for <TaskInstance: parallel_dag.task_3 scheduled__2020-01-16T00:00:00+00:00 [queued]>
[2022-04-15 15:57:15,365] {taskinstance.py:1043} INFO - Dependencies all met for <TaskInstance: parallel_dag.task_3 scheduled__2020-01-16T00:00:00+00:00 [queued]>
[2022-04-15 15:57:15,365] {taskinstance.py:1249} INFO - 
--------------------------------------------------------------------------------
[2022-04-15 15:57:15,365] {taskinstance.py:1250} INFO - Starting attempt 1 of 1
[2022-04-15 15:57:15,365] {taskinstance.py:1251} INFO - 
--------------------------------------------------------------------------------
[2022-04-15 15:57:15,378] {taskinstance.py:1270} INFO - Executing <Task(BashOperator): task_3> on 2020-01-16 00:00:00+00:00
[2022-04-15 15:57:15,381] {standard_task_runner.py:52} INFO - Started process 183754 to run task
[2022-04-15 15:57:15,394] {standard_task_runner.py:79} INFO - Running: ['airflow', 'tasks', 'run', 'parallel_dag', 'task_3', 'scheduled__2020-01-16T00:00:00+00:00', '--job-id', '164', '--raw', '--subdir', 'DAGS_FOLDER/parallel_dag.py', '--cfg-path', '/tmp/tmpctmi1b88', '--error-file', '/tmp/tmpb125qc6x']
[2022-04-15 15:57:15,403] {standard_task_runner.py:80} INFO - Job 164: Subtask task_3
[2022-04-15 15:57:15,696] {logging_mixin.py:109} INFO - Running <TaskInstance: parallel_dag.task_3 scheduled__2020-01-16T00:00:00+00:00 [running]> on host 10.0.2.15
[2022-04-15 15:57:15,855] {taskinstance.py:1446} INFO - Exporting the following env vars:
AIRFLOW_CTX_DAG_OWNER=solfa
AIRFLOW_CTX_DAG_ID=parallel_dag
AIRFLOW_CTX_TASK_ID=task_3
AIRFLOW_CTX_EXECUTION_DATE=2020-01-16T00:00:00+00:00
AIRFLOW_CTX_DAG_RUN_ID=scheduled__2020-01-16T00:00:00+00:00
[2022-04-15 15:57:15,856] {subprocess.py:62} INFO - Tmp dir root location: 
 /tmp
[2022-04-15 15:57:15,857] {subprocess.py:74} INFO - Running command: ['bash', '-c', 'sleep 3']
[2022-04-15 15:57:15,865] {subprocess.py:85} INFO - Output:
[2022-04-15 15:57:18,871] {subprocess.py:93} INFO - Command exited with return code 0
[2022-04-15 15:57:18,897] {taskinstance.py:1278} INFO - Marking task as SUCCESS. dag_id=parallel_dag, task_id=task_3, execution_date=20200116T000000, start_date=20220415T155715, end_date=20220415T155718
[2022-04-15 15:57:18,941] {local_task_job.py:154} INFO - Task exited with return code 0
[2022-04-15 15:57:19,033] {local_task_job.py:264} INFO - 0 downstream tasks scheduled from follow-on schedule check
