[2022-04-15 13:47:56,777] {taskinstance.py:1043} INFO - Dependencies all met for <TaskInstance: parallel_dag.task_3 scheduled__2020-01-09T00:00:00+00:00 [queued]>
[2022-04-15 13:47:57,967] {taskinstance.py:1043} INFO - Dependencies all met for <TaskInstance: parallel_dag.task_3 scheduled__2020-01-09T00:00:00+00:00 [queued]>
[2022-04-15 13:47:57,969] {taskinstance.py:1249} INFO - 
--------------------------------------------------------------------------------
[2022-04-15 13:47:58,088] {taskinstance.py:1250} INFO - Starting attempt 1 of 1
[2022-04-15 13:47:58,088] {taskinstance.py:1251} INFO - 
--------------------------------------------------------------------------------
[2022-04-15 13:47:59,424] {taskinstance.py:1270} INFO - Executing <Task(BashOperator): task_3> on 2020-01-09 00:00:00+00:00
[2022-04-15 13:47:59,767] {standard_task_runner.py:52} INFO - Started process 105152 to run task
[2022-04-15 13:47:59,908] {standard_task_runner.py:79} INFO - Running: ['airflow', 'tasks', 'run', 'parallel_dag', 'task_3', 'scheduled__2020-01-09T00:00:00+00:00', '--job-id', '62', '--raw', '--subdir', 'DAGS_FOLDER/parallel_dag.py', '--cfg-path', '/tmp/tmp06kry20p', '--error-file', '/tmp/tmp93g1_0xq']
[2022-04-15 13:48:00,534] {standard_task_runner.py:80} INFO - Job 62: Subtask task_3
[2022-04-15 13:48:08,674] {logging_mixin.py:109} INFO - Running <TaskInstance: parallel_dag.task_3 scheduled__2020-01-09T00:00:00+00:00 [running]> on host 10.0.2.15
[2022-04-15 13:48:14,224] {taskinstance.py:1446} INFO - Exporting the following env vars:
AIRFLOW_CTX_DAG_OWNER=solfa
AIRFLOW_CTX_DAG_ID=parallel_dag
AIRFLOW_CTX_TASK_ID=task_3
AIRFLOW_CTX_EXECUTION_DATE=2020-01-09T00:00:00+00:00
AIRFLOW_CTX_DAG_RUN_ID=scheduled__2020-01-09T00:00:00+00:00
[2022-04-15 13:48:14,310] {subprocess.py:62} INFO - Tmp dir root location: 
 /tmp
[2022-04-15 13:48:14,460] {subprocess.py:74} INFO - Running command: ['bash', '-c', 'sleep 3']
[2022-04-15 13:48:15,287] {subprocess.py:85} INFO - Output:
[2022-04-15 13:48:19,001] {subprocess.py:93} INFO - Command exited with return code 0
[2022-04-15 13:48:23,798] {taskinstance.py:1278} INFO - Marking task as SUCCESS. dag_id=parallel_dag, task_id=task_3, execution_date=20200109T000000, start_date=20220415T134756, end_date=20220415T134823
[2022-04-15 13:48:25,276] {local_task_job.py:154} INFO - Task exited with return code 0
[2022-04-15 13:48:27,942] {local_task_job.py:264} INFO - 1 downstream tasks scheduled from follow-on schedule check
[2022-04-15 15:56:04,586] {taskinstance.py:1043} INFO - Dependencies all met for <TaskInstance: parallel_dag.task_3 scheduled__2020-01-09T00:00:00+00:00 [queued]>
[2022-04-15 15:56:04,619] {taskinstance.py:1043} INFO - Dependencies all met for <TaskInstance: parallel_dag.task_3 scheduled__2020-01-09T00:00:00+00:00 [queued]>
[2022-04-15 15:56:04,619] {taskinstance.py:1249} INFO - 
--------------------------------------------------------------------------------
[2022-04-15 15:56:04,619] {taskinstance.py:1250} INFO - Starting attempt 1 of 1
[2022-04-15 15:56:04,619] {taskinstance.py:1251} INFO - 
--------------------------------------------------------------------------------
[2022-04-15 15:56:04,679] {taskinstance.py:1270} INFO - Executing <Task(BashOperator): task_3> on 2020-01-09 00:00:00+00:00
[2022-04-15 15:56:04,681] {standard_task_runner.py:52} INFO - Started process 180740 to run task
[2022-04-15 15:56:04,705] {standard_task_runner.py:79} INFO - Running: ['airflow', 'tasks', 'run', 'parallel_dag', 'task_3', 'scheduled__2020-01-09T00:00:00+00:00', '--job-id', '151', '--raw', '--subdir', 'DAGS_FOLDER/parallel_dag.py', '--cfg-path', '/tmp/tmpcdwho175', '--error-file', '/tmp/tmp3cmxg0x_']
[2022-04-15 15:56:04,708] {standard_task_runner.py:80} INFO - Job 151: Subtask task_3
[2022-04-15 15:56:04,938] {logging_mixin.py:109} INFO - Running <TaskInstance: parallel_dag.task_3 scheduled__2020-01-09T00:00:00+00:00 [running]> on host 10.0.2.15
[2022-04-15 15:56:05,043] {taskinstance.py:1446} INFO - Exporting the following env vars:
AIRFLOW_CTX_DAG_OWNER=solfa
AIRFLOW_CTX_DAG_ID=parallel_dag
AIRFLOW_CTX_TASK_ID=task_3
AIRFLOW_CTX_EXECUTION_DATE=2020-01-09T00:00:00+00:00
AIRFLOW_CTX_DAG_RUN_ID=scheduled__2020-01-09T00:00:00+00:00
[2022-04-15 15:56:05,044] {subprocess.py:62} INFO - Tmp dir root location: 
 /tmp
[2022-04-15 15:56:05,045] {subprocess.py:74} INFO - Running command: ['bash', '-c', 'sleep 3']
[2022-04-15 15:56:05,052] {subprocess.py:85} INFO - Output:
[2022-04-15 15:56:08,078] {subprocess.py:93} INFO - Command exited with return code 0
[2022-04-15 15:56:08,583] {taskinstance.py:1278} INFO - Marking task as SUCCESS. dag_id=parallel_dag, task_id=task_3, execution_date=20200109T000000, start_date=20220415T155604, end_date=20220415T155608
[2022-04-15 15:56:08,657] {local_task_job.py:154} INFO - Task exited with return code 0
[2022-04-15 15:56:08,798] {local_task_job.py:264} INFO - 1 downstream tasks scheduled from follow-on schedule check
