[2022-04-15 13:48:31,785] {taskinstance.py:1043} INFO - Dependencies all met for <TaskInstance: parallel_dag.task_4 scheduled__2020-01-04T00:00:00+00:00 [queued]>
[2022-04-15 13:48:32,650] {taskinstance.py:1043} INFO - Dependencies all met for <TaskInstance: parallel_dag.task_4 scheduled__2020-01-04T00:00:00+00:00 [queued]>
[2022-04-15 13:48:32,734] {taskinstance.py:1249} INFO - 
--------------------------------------------------------------------------------
[2022-04-15 13:48:32,735] {taskinstance.py:1250} INFO - Starting attempt 1 of 1
[2022-04-15 13:48:32,735] {taskinstance.py:1251} INFO - 
--------------------------------------------------------------------------------
[2022-04-15 13:48:33,819] {taskinstance.py:1270} INFO - Executing <Task(BashOperator): task_4> on 2020-01-04 00:00:00+00:00
[2022-04-15 13:48:33,939] {standard_task_runner.py:52} INFO - Started process 106404 to run task
[2022-04-15 13:48:33,878] {standard_task_runner.py:79} INFO - Running: ['airflow', 'tasks', 'run', 'parallel_dag', 'task_4', 'scheduled__2020-01-04T00:00:00+00:00', '--job-id', '67', '--raw', '--subdir', 'DAGS_FOLDER/parallel_dag.py', '--cfg-path', '/tmp/tmp2v6xagp7', '--error-file', '/tmp/tmpkxofc69p']
[2022-04-15 13:48:34,583] {standard_task_runner.py:80} INFO - Job 67: Subtask task_4
[2022-04-15 13:48:39,032] {logging_mixin.py:109} INFO - Running <TaskInstance: parallel_dag.task_4 scheduled__2020-01-04T00:00:00+00:00 [running]> on host 10.0.2.15
[2022-04-15 13:48:43,340] {taskinstance.py:1446} INFO - Exporting the following env vars:
AIRFLOW_CTX_DAG_OWNER=solfa
AIRFLOW_CTX_DAG_ID=parallel_dag
AIRFLOW_CTX_TASK_ID=task_4
AIRFLOW_CTX_EXECUTION_DATE=2020-01-04T00:00:00+00:00
AIRFLOW_CTX_DAG_RUN_ID=scheduled__2020-01-04T00:00:00+00:00
[2022-04-15 13:48:43,389] {subprocess.py:62} INFO - Tmp dir root location: 
 /tmp
[2022-04-15 13:48:43,436] {subprocess.py:74} INFO - Running command: ['bash', '-c', 'sleep 3']
[2022-04-15 13:48:43,750] {subprocess.py:85} INFO - Output:
[2022-04-15 13:48:47,061] {subprocess.py:93} INFO - Command exited with return code 0
[2022-04-15 13:48:49,037] {taskinstance.py:1278} INFO - Marking task as SUCCESS. dag_id=parallel_dag, task_id=task_4, execution_date=20200104T000000, start_date=20220415T134831, end_date=20220415T134849
[2022-04-15 13:48:50,272] {local_task_job.py:154} INFO - Task exited with return code 0
[2022-04-15 13:48:52,162] {local_task_job.py:264} INFO - 0 downstream tasks scheduled from follow-on schedule check
