[2022-04-22 09:18:48,011] {taskinstance.py:1043} INFO - Dependencies all met for <TaskInstance: parallel_dag.processing_tasks.task_2 manual__2022-04-22T09:18:40.824428+00:00 [queued]>
[2022-04-22 09:18:48,034] {taskinstance.py:1043} INFO - Dependencies all met for <TaskInstance: parallel_dag.processing_tasks.task_2 manual__2022-04-22T09:18:40.824428+00:00 [queued]>
[2022-04-22 09:18:48,035] {taskinstance.py:1249} INFO - 
--------------------------------------------------------------------------------
[2022-04-22 09:18:48,035] {taskinstance.py:1250} INFO - Starting attempt 1 of 1
[2022-04-22 09:18:48,035] {taskinstance.py:1251} INFO - 
--------------------------------------------------------------------------------
[2022-04-22 09:18:48,064] {taskinstance.py:1270} INFO - Executing <Task(PythonOperator): processing_tasks.task_2> on 2022-04-22 09:18:40.824428+00:00
[2022-04-22 09:18:48,065] {standard_task_runner.py:52} INFO - Started process 40456 to run task
[2022-04-22 09:18:48,072] {standard_task_runner.py:79} INFO - Running: ['airflow', 'tasks', 'run', 'parallel_dag', 'processing_tasks.task_2', 'manual__2022-04-22T09:18:40.824428+00:00', '--job-id', '202', '--raw', '--subdir', 'DAGS_FOLDER/parallel_dag.py', '--cfg-path', '/tmp/tmpfyv0vfat', '--error-file', '/tmp/tmp_1knhy__']
[2022-04-22 09:18:48,092] {standard_task_runner.py:80} INFO - Job 202: Subtask processing_tasks.task_2
[2022-04-22 09:18:48,430] {logging_mixin.py:109} INFO - Running <TaskInstance: parallel_dag.processing_tasks.task_2 manual__2022-04-22T09:18:40.824428+00:00 [running]> on host 10.0.2.15
[2022-04-22 09:18:48,672] {taskinstance.py:1446} INFO - Exporting the following env vars:
AIRFLOW_CTX_DAG_OWNER=solfa
AIRFLOW_CTX_DAG_ID=parallel_dag
AIRFLOW_CTX_TASK_ID=processing_tasks.task_2
AIRFLOW_CTX_EXECUTION_DATE=2022-04-22T09:18:40.824428+00:00
AIRFLOW_CTX_DAG_RUN_ID=manual__2022-04-22T09:18:40.824428+00:00
[2022-04-22 09:18:51,675] {python.py:175} INFO - Done. Returned value was: None
[2022-04-22 09:18:51,706] {taskinstance.py:1278} INFO - Marking task as SUCCESS. dag_id=parallel_dag, task_id=processing_tasks.task_2, execution_date=20220422T091840, start_date=20220422T091848, end_date=20220422T091851
[2022-04-22 09:18:51,740] {local_task_job.py:154} INFO - Task exited with return code 0
[2022-04-22 09:18:51,825] {local_task_job.py:264} INFO - 0 downstream tasks scheduled from follow-on schedule check
