[2022-04-15 13:47:53,632] {taskinstance.py:1043} INFO - Dependencies all met for <TaskInstance: parallel_dag.task_1 scheduled__2020-01-11T00:00:00+00:00 [queued]>
[2022-04-15 13:47:54,508] {taskinstance.py:1043} INFO - Dependencies all met for <TaskInstance: parallel_dag.task_1 scheduled__2020-01-11T00:00:00+00:00 [queued]>
[2022-04-15 13:47:54,508] {taskinstance.py:1249} INFO - 
--------------------------------------------------------------------------------
[2022-04-15 13:47:54,534] {taskinstance.py:1250} INFO - Starting attempt 1 of 1
[2022-04-15 13:47:54,534] {taskinstance.py:1251} INFO - 
--------------------------------------------------------------------------------
[2022-04-15 13:47:55,400] {taskinstance.py:1270} INFO - Executing <Task(BashOperator): task_1> on 2020-01-11 00:00:00+00:00
[2022-04-15 13:47:55,613] {standard_task_runner.py:52} INFO - Started process 104981 to run task
[2022-04-15 13:47:55,773] {standard_task_runner.py:79} INFO - Running: ['airflow', 'tasks', 'run', 'parallel_dag', 'task_1', 'scheduled__2020-01-11T00:00:00+00:00', '--job-id', '59', '--raw', '--subdir', 'DAGS_FOLDER/parallel_dag.py', '--cfg-path', '/tmp/tmpx3rpr8lj', '--error-file', '/tmp/tmpc6un7s4v']
[2022-04-15 13:47:56,305] {standard_task_runner.py:80} INFO - Job 59: Subtask task_1
[2022-04-15 13:48:02,597] {logging_mixin.py:109} INFO - Running <TaskInstance: parallel_dag.task_1 scheduled__2020-01-11T00:00:00+00:00 [running]> on host 10.0.2.15
[2022-04-15 13:48:09,059] {taskinstance.py:1446} INFO - Exporting the following env vars:
AIRFLOW_CTX_DAG_OWNER=solfa
AIRFLOW_CTX_DAG_ID=parallel_dag
AIRFLOW_CTX_TASK_ID=task_1
AIRFLOW_CTX_EXECUTION_DATE=2020-01-11T00:00:00+00:00
AIRFLOW_CTX_DAG_RUN_ID=scheduled__2020-01-11T00:00:00+00:00
[2022-04-15 13:48:09,106] {subprocess.py:62} INFO - Tmp dir root location: 
 /tmp
[2022-04-15 13:48:09,250] {subprocess.py:74} INFO - Running command: ['bash', '-c', 'sleep 3']
[2022-04-15 13:48:10,082] {subprocess.py:85} INFO - Output:
[2022-04-15 13:48:14,054] {subprocess.py:93} INFO - Command exited with return code 0
[2022-04-15 13:48:23,821] {taskinstance.py:1278} INFO - Marking task as SUCCESS. dag_id=parallel_dag, task_id=task_1, execution_date=20200111T000000, start_date=20220415T134753, end_date=20220415T134823
[2022-04-15 13:48:25,251] {local_task_job.py:154} INFO - Task exited with return code 0
[2022-04-15 13:48:29,008] {local_task_job.py:264} INFO - 2 downstream tasks scheduled from follow-on schedule check
[2022-04-15 15:53:57,994] {taskinstance.py:1043} INFO - Dependencies all met for <TaskInstance: parallel_dag.task_1 scheduled__2020-01-11T00:00:00+00:00 [queued]>
[2022-04-15 15:53:58,001] {taskinstance.py:1043} INFO - Dependencies all met for <TaskInstance: parallel_dag.task_1 scheduled__2020-01-11T00:00:00+00:00 [queued]>
[2022-04-15 15:53:58,001] {taskinstance.py:1249} INFO - 
--------------------------------------------------------------------------------
[2022-04-15 15:53:58,001] {taskinstance.py:1250} INFO - Starting attempt 1 of 1
[2022-04-15 15:53:58,001] {taskinstance.py:1251} INFO - 
--------------------------------------------------------------------------------
[2022-04-15 15:53:58,012] {taskinstance.py:1270} INFO - Executing <Task(BashOperator): task_1> on 2020-01-11 00:00:00+00:00
[2022-04-15 15:53:58,015] {standard_task_runner.py:52} INFO - Started process 175345 to run task
[2022-04-15 15:53:58,025] {standard_task_runner.py:79} INFO - Running: ['airflow', 'tasks', 'run', 'parallel_dag', 'task_1', 'scheduled__2020-01-11T00:00:00+00:00', '--job-id', '128', '--raw', '--subdir', 'DAGS_FOLDER/parallel_dag.py', '--cfg-path', '/tmp/tmp58vwzbuc', '--error-file', '/tmp/tmpatrtuu1k']
[2022-04-15 15:53:58,026] {standard_task_runner.py:80} INFO - Job 128: Subtask task_1
[2022-04-15 15:53:58,137] {logging_mixin.py:109} INFO - Running <TaskInstance: parallel_dag.task_1 scheduled__2020-01-11T00:00:00+00:00 [running]> on host 10.0.2.15
[2022-04-15 15:53:58,243] {taskinstance.py:1446} INFO - Exporting the following env vars:
AIRFLOW_CTX_DAG_OWNER=solfa
AIRFLOW_CTX_DAG_ID=parallel_dag
AIRFLOW_CTX_TASK_ID=task_1
AIRFLOW_CTX_EXECUTION_DATE=2020-01-11T00:00:00+00:00
AIRFLOW_CTX_DAG_RUN_ID=scheduled__2020-01-11T00:00:00+00:00
[2022-04-15 15:53:58,244] {subprocess.py:62} INFO - Tmp dir root location: 
 /tmp
[2022-04-15 15:53:58,245] {subprocess.py:74} INFO - Running command: ['bash', '-c', 'sleep 3']
[2022-04-15 15:53:58,255] {subprocess.py:85} INFO - Output:
[2022-04-15 15:54:01,260] {subprocess.py:93} INFO - Command exited with return code 0
[2022-04-15 15:54:01,300] {taskinstance.py:1278} INFO - Marking task as SUCCESS. dag_id=parallel_dag, task_id=task_1, execution_date=20200111T000000, start_date=20220415T155357, end_date=20220415T155401
[2022-04-15 15:54:01,349] {local_task_job.py:154} INFO - Task exited with return code 0
[2022-04-15 15:54:01,405] {local_task_job.py:264} INFO - 2 downstream tasks scheduled from follow-on schedule check
