[2022-04-15 13:51:38,738] {taskinstance.py:1043} INFO - Dependencies all met for <TaskInstance: parallel_dag.task_1 scheduled__2020-01-22T00:00:00+00:00 [queued]>
[2022-04-15 13:51:39,402] {taskinstance.py:1043} INFO - Dependencies all met for <TaskInstance: parallel_dag.task_1 scheduled__2020-01-22T00:00:00+00:00 [queued]>
[2022-04-15 13:51:39,456] {taskinstance.py:1249} INFO - 
--------------------------------------------------------------------------------
[2022-04-15 13:51:39,456] {taskinstance.py:1250} INFO - Starting attempt 1 of 1
[2022-04-15 13:51:39,457] {taskinstance.py:1251} INFO - 
--------------------------------------------------------------------------------
[2022-04-15 13:51:40,374] {taskinstance.py:1270} INFO - Executing <Task(BashOperator): task_1> on 2020-01-22 00:00:00+00:00
[2022-04-15 13:51:40,540] {standard_task_runner.py:52} INFO - Started process 114582 to run task
[2022-04-15 13:51:40,443] {standard_task_runner.py:79} INFO - Running: ['airflow', 'tasks', 'run', 'parallel_dag', 'task_1', 'scheduled__2020-01-22T00:00:00+00:00', '--job-id', '97', '--raw', '--subdir', 'DAGS_FOLDER/parallel_dag.py', '--cfg-path', '/tmp/tmpxxd0qllg', '--error-file', '/tmp/tmprmmnge40']
[2022-04-15 13:51:41,123] {standard_task_runner.py:80} INFO - Job 97: Subtask task_1
[2022-04-15 13:51:46,311] {logging_mixin.py:109} INFO - Running <TaskInstance: parallel_dag.task_1 scheduled__2020-01-22T00:00:00+00:00 [running]> on host 10.0.2.15
[2022-04-15 13:51:52,239] {taskinstance.py:1446} INFO - Exporting the following env vars:
AIRFLOW_CTX_DAG_OWNER=solfa
AIRFLOW_CTX_DAG_ID=parallel_dag
AIRFLOW_CTX_TASK_ID=task_1
AIRFLOW_CTX_EXECUTION_DATE=2020-01-22T00:00:00+00:00
AIRFLOW_CTX_DAG_RUN_ID=scheduled__2020-01-22T00:00:00+00:00
[2022-04-15 13:51:52,268] {subprocess.py:62} INFO - Tmp dir root location: 
 /tmp
[2022-04-15 13:51:52,335] {subprocess.py:74} INFO - Running command: ['bash', '-c', 'sleep 3']
[2022-04-15 13:51:52,737] {subprocess.py:85} INFO - Output:
[2022-04-15 13:51:56,346] {subprocess.py:93} INFO - Command exited with return code 0
[2022-04-15 13:51:58,443] {taskinstance.py:1278} INFO - Marking task as SUCCESS. dag_id=parallel_dag, task_id=task_1, execution_date=20200122T000000, start_date=20220415T135138, end_date=20220415T135158
[2022-04-15 13:51:59,650] {local_task_job.py:154} INFO - Task exited with return code 0
[2022-04-15 13:52:11,470] {local_task_job.py:264} INFO - 0 downstream tasks scheduled from follow-on schedule check
