[2022-04-15 13:52:45,342] {taskinstance.py:1043} INFO - Dependencies all met for <TaskInstance: parallel_dag.task_3 scheduled__2020-01-21T00:00:00+00:00 [queued]>
[2022-04-15 13:52:46,179] {taskinstance.py:1043} INFO - Dependencies all met for <TaskInstance: parallel_dag.task_3 scheduled__2020-01-21T00:00:00+00:00 [queued]>
[2022-04-15 13:52:46,222] {taskinstance.py:1249} INFO - 
--------------------------------------------------------------------------------
[2022-04-15 13:52:46,222] {taskinstance.py:1250} INFO - Starting attempt 1 of 1
[2022-04-15 13:52:46,223] {taskinstance.py:1251} INFO - 
--------------------------------------------------------------------------------
[2022-04-15 13:52:47,048] {taskinstance.py:1270} INFO - Executing <Task(BashOperator): task_3> on 2020-01-21 00:00:00+00:00
[2022-04-15 13:52:47,147] {standard_task_runner.py:79} INFO - Running: ['airflow', 'tasks', 'run', 'parallel_dag', 'task_3', 'scheduled__2020-01-21T00:00:00+00:00', '--job-id', '116', '--raw', '--subdir', 'DAGS_FOLDER/parallel_dag.py', '--cfg-path', '/tmp/tmpyxonk9s4', '--error-file', '/tmp/tmp52_d878g']
[2022-04-15 13:52:47,286] {standard_task_runner.py:52} INFO - Started process 117245 to run task
[2022-04-15 13:52:47,736] {standard_task_runner.py:80} INFO - Job 116: Subtask task_3
[2022-04-15 13:52:53,133] {logging_mixin.py:109} INFO - Running <TaskInstance: parallel_dag.task_3 scheduled__2020-01-21T00:00:00+00:00 [running]> on host 10.0.2.15
[2022-04-15 13:52:57,102] {taskinstance.py:1446} INFO - Exporting the following env vars:
AIRFLOW_CTX_DAG_OWNER=solfa
AIRFLOW_CTX_DAG_ID=parallel_dag
AIRFLOW_CTX_TASK_ID=task_3
AIRFLOW_CTX_EXECUTION_DATE=2020-01-21T00:00:00+00:00
AIRFLOW_CTX_DAG_RUN_ID=scheduled__2020-01-21T00:00:00+00:00
[2022-04-15 13:52:57,155] {subprocess.py:62} INFO - Tmp dir root location: 
 /tmp
[2022-04-15 13:52:57,185] {subprocess.py:74} INFO - Running command: ['bash', '-c', 'sleep 3']
[2022-04-15 13:52:57,487] {subprocess.py:85} INFO - Output:
[2022-04-15 13:53:00,638] {subprocess.py:93} INFO - Command exited with return code 0
[2022-04-15 13:53:02,467] {taskinstance.py:1278} INFO - Marking task as SUCCESS. dag_id=parallel_dag, task_id=task_3, execution_date=20200121T000000, start_date=20220415T135245, end_date=20220415T135302
[2022-04-15 13:53:03,870] {local_task_job.py:154} INFO - Task exited with return code 0
[2022-04-15 13:53:05,807] {local_task_job.py:264} INFO - 1 downstream tasks scheduled from follow-on schedule check
