[2022-04-13 07:09:34,446] {scheduler_job.py:182} INFO - Started process (PID=3248) to work on /home/airflow/sandbox/lib/python3.8/site-packages/airflow/example_dags/subdags/subdag.py
[2022-04-13 07:09:34,460] {scheduler_job.py:633} INFO - Processing file /home/airflow/sandbox/lib/python3.8/site-packages/airflow/example_dags/subdags/subdag.py for tasks to queue
[2022-04-13 07:09:34,461] {logging_mixin.py:104} INFO - [2022-04-13 07:09:34,461] {dagbag.py:487} INFO - Filling up the DagBag from /home/airflow/sandbox/lib/python3.8/site-packages/airflow/example_dags/subdags/subdag.py
[2022-04-13 07:09:34,471] {scheduler_job.py:645} WARNING - No viable dags retrieved from /home/airflow/sandbox/lib/python3.8/site-packages/airflow/example_dags/subdags/subdag.py
[2022-04-13 07:09:34,515] {scheduler_job.py:190} INFO - Processing /home/airflow/sandbox/lib/python3.8/site-packages/airflow/example_dags/subdags/subdag.py took 0.080 seconds
[2022-04-13 07:10:05,108] {scheduler_job.py:182} INFO - Started process (PID=3557) to work on /home/airflow/sandbox/lib/python3.8/site-packages/airflow/example_dags/subdags/subdag.py
[2022-04-13 07:10:05,111] {scheduler_job.py:633} INFO - Processing file /home/airflow/sandbox/lib/python3.8/site-packages/airflow/example_dags/subdags/subdag.py for tasks to queue
[2022-04-13 07:10:05,113] {logging_mixin.py:104} INFO - [2022-04-13 07:10:05,112] {dagbag.py:487} INFO - Filling up the DagBag from /home/airflow/sandbox/lib/python3.8/site-packages/airflow/example_dags/subdags/subdag.py
[2022-04-13 07:10:05,119] {scheduler_job.py:645} WARNING - No viable dags retrieved from /home/airflow/sandbox/lib/python3.8/site-packages/airflow/example_dags/subdags/subdag.py
[2022-04-13 07:10:05,167] {scheduler_job.py:190} INFO - Processing /home/airflow/sandbox/lib/python3.8/site-packages/airflow/example_dags/subdags/subdag.py took 0.067 seconds
[2022-04-13 07:14:40,897] {scheduler_job.py:182} INFO - Started process (PID=5191) to work on /home/airflow/sandbox/lib/python3.8/site-packages/airflow/example_dags/subdags/subdag.py
[2022-04-13 07:14:40,920] {scheduler_job.py:633} INFO - Processing file /home/airflow/sandbox/lib/python3.8/site-packages/airflow/example_dags/subdags/subdag.py for tasks to queue
[2022-04-13 07:14:40,926] {logging_mixin.py:104} INFO - [2022-04-13 07:14:40,922] {dagbag.py:487} INFO - Filling up the DagBag from /home/airflow/sandbox/lib/python3.8/site-packages/airflow/example_dags/subdags/subdag.py
[2022-04-13 07:14:40,933] {scheduler_job.py:645} WARNING - No viable dags retrieved from /home/airflow/sandbox/lib/python3.8/site-packages/airflow/example_dags/subdags/subdag.py
[2022-04-13 07:14:40,978] {scheduler_job.py:190} INFO - Processing /home/airflow/sandbox/lib/python3.8/site-packages/airflow/example_dags/subdags/subdag.py took 0.090 seconds
[2022-04-13 07:15:14,802] {scheduler_job.py:182} INFO - Started process (PID=5569) to work on /home/airflow/sandbox/lib/python3.8/site-packages/airflow/example_dags/subdags/subdag.py
[2022-04-13 07:15:14,805] {scheduler_job.py:633} INFO - Processing file /home/airflow/sandbox/lib/python3.8/site-packages/airflow/example_dags/subdags/subdag.py for tasks to queue
[2022-04-13 07:15:14,807] {logging_mixin.py:104} INFO - [2022-04-13 07:15:14,806] {dagbag.py:487} INFO - Filling up the DagBag from /home/airflow/sandbox/lib/python3.8/site-packages/airflow/example_dags/subdags/subdag.py
[2022-04-13 07:15:14,814] {scheduler_job.py:645} WARNING - No viable dags retrieved from /home/airflow/sandbox/lib/python3.8/site-packages/airflow/example_dags/subdags/subdag.py
[2022-04-13 07:15:14,860] {scheduler_job.py:190} INFO - Processing /home/airflow/sandbox/lib/python3.8/site-packages/airflow/example_dags/subdags/subdag.py took 0.077 seconds
[2022-04-13 07:15:47,644] {scheduler_job.py:182} INFO - Started process (PID=5872) to work on /home/airflow/sandbox/lib/python3.8/site-packages/airflow/example_dags/subdags/subdag.py
[2022-04-13 07:15:47,647] {scheduler_job.py:633} INFO - Processing file /home/airflow/sandbox/lib/python3.8/site-packages/airflow/example_dags/subdags/subdag.py for tasks to queue
[2022-04-13 07:15:47,650] {logging_mixin.py:104} INFO - [2022-04-13 07:15:47,650] {dagbag.py:487} INFO - Filling up the DagBag from /home/airflow/sandbox/lib/python3.8/site-packages/airflow/example_dags/subdags/subdag.py
[2022-04-13 07:15:47,666] {scheduler_job.py:645} WARNING - No viable dags retrieved from /home/airflow/sandbox/lib/python3.8/site-packages/airflow/example_dags/subdags/subdag.py
[2022-04-13 07:15:47,830] {scheduler_job.py:190} INFO - Processing /home/airflow/sandbox/lib/python3.8/site-packages/airflow/example_dags/subdags/subdag.py took 0.246 seconds
[2022-04-13 07:16:23,106] {scheduler_job.py:182} INFO - Started process (PID=6126) to work on /home/airflow/sandbox/lib/python3.8/site-packages/airflow/example_dags/subdags/subdag.py
[2022-04-13 07:16:23,108] {scheduler_job.py:633} INFO - Processing file /home/airflow/sandbox/lib/python3.8/site-packages/airflow/example_dags/subdags/subdag.py for tasks to queue
[2022-04-13 07:16:23,116] {logging_mixin.py:104} INFO - [2022-04-13 07:16:23,114] {dagbag.py:487} INFO - Filling up the DagBag from /home/airflow/sandbox/lib/python3.8/site-packages/airflow/example_dags/subdags/subdag.py
[2022-04-13 07:16:23,125] {scheduler_job.py:645} WARNING - No viable dags retrieved from /home/airflow/sandbox/lib/python3.8/site-packages/airflow/example_dags/subdags/subdag.py
[2022-04-13 07:16:23,186] {scheduler_job.py:190} INFO - Processing /home/airflow/sandbox/lib/python3.8/site-packages/airflow/example_dags/subdags/subdag.py took 0.096 seconds
[2022-04-13 07:16:54,412] {scheduler_job.py:182} INFO - Started process (PID=6324) to work on /home/airflow/sandbox/lib/python3.8/site-packages/airflow/example_dags/subdags/subdag.py
[2022-04-13 07:16:54,427] {scheduler_job.py:633} INFO - Processing file /home/airflow/sandbox/lib/python3.8/site-packages/airflow/example_dags/subdags/subdag.py for tasks to queue
[2022-04-13 07:16:54,431] {logging_mixin.py:104} INFO - [2022-04-13 07:16:54,431] {dagbag.py:487} INFO - Filling up the DagBag from /home/airflow/sandbox/lib/python3.8/site-packages/airflow/example_dags/subdags/subdag.py
[2022-04-13 07:16:54,438] {scheduler_job.py:645} WARNING - No viable dags retrieved from /home/airflow/sandbox/lib/python3.8/site-packages/airflow/example_dags/subdags/subdag.py
[2022-04-13 07:16:54,541] {scheduler_job.py:190} INFO - Processing /home/airflow/sandbox/lib/python3.8/site-packages/airflow/example_dags/subdags/subdag.py took 0.189 seconds
[2022-04-13 07:17:26,374] {scheduler_job.py:182} INFO - Started process (PID=6534) to work on /home/airflow/sandbox/lib/python3.8/site-packages/airflow/example_dags/subdags/subdag.py
[2022-04-13 07:17:26,401] {scheduler_job.py:633} INFO - Processing file /home/airflow/sandbox/lib/python3.8/site-packages/airflow/example_dags/subdags/subdag.py for tasks to queue
[2022-04-13 07:17:26,403] {logging_mixin.py:104} INFO - [2022-04-13 07:17:26,403] {dagbag.py:487} INFO - Filling up the DagBag from /home/airflow/sandbox/lib/python3.8/site-packages/airflow/example_dags/subdags/subdag.py
[2022-04-13 07:17:26,430] {scheduler_job.py:645} WARNING - No viable dags retrieved from /home/airflow/sandbox/lib/python3.8/site-packages/airflow/example_dags/subdags/subdag.py
[2022-04-13 07:17:26,501] {scheduler_job.py:190} INFO - Processing /home/airflow/sandbox/lib/python3.8/site-packages/airflow/example_dags/subdags/subdag.py took 0.136 seconds
[2022-04-13 07:17:58,641] {scheduler_job.py:182} INFO - Started process (PID=6733) to work on /home/airflow/sandbox/lib/python3.8/site-packages/airflow/example_dags/subdags/subdag.py
[2022-04-13 07:17:58,646] {scheduler_job.py:633} INFO - Processing file /home/airflow/sandbox/lib/python3.8/site-packages/airflow/example_dags/subdags/subdag.py for tasks to queue
[2022-04-13 07:17:58,647] {logging_mixin.py:104} INFO - [2022-04-13 07:17:58,647] {dagbag.py:487} INFO - Filling up the DagBag from /home/airflow/sandbox/lib/python3.8/site-packages/airflow/example_dags/subdags/subdag.py
[2022-04-13 07:17:58,653] {scheduler_job.py:645} WARNING - No viable dags retrieved from /home/airflow/sandbox/lib/python3.8/site-packages/airflow/example_dags/subdags/subdag.py
[2022-04-13 07:17:58,769] {scheduler_job.py:190} INFO - Processing /home/airflow/sandbox/lib/python3.8/site-packages/airflow/example_dags/subdags/subdag.py took 0.138 seconds
[2022-04-13 07:18:30,622] {scheduler_job.py:182} INFO - Started process (PID=6933) to work on /home/airflow/sandbox/lib/python3.8/site-packages/airflow/example_dags/subdags/subdag.py
[2022-04-13 07:18:30,647] {scheduler_job.py:633} INFO - Processing file /home/airflow/sandbox/lib/python3.8/site-packages/airflow/example_dags/subdags/subdag.py for tasks to queue
[2022-04-13 07:18:30,649] {logging_mixin.py:104} INFO - [2022-04-13 07:18:30,648] {dagbag.py:487} INFO - Filling up the DagBag from /home/airflow/sandbox/lib/python3.8/site-packages/airflow/example_dags/subdags/subdag.py
[2022-04-13 07:18:30,656] {scheduler_job.py:645} WARNING - No viable dags retrieved from /home/airflow/sandbox/lib/python3.8/site-packages/airflow/example_dags/subdags/subdag.py
[2022-04-13 07:18:30,791] {scheduler_job.py:190} INFO - Processing /home/airflow/sandbox/lib/python3.8/site-packages/airflow/example_dags/subdags/subdag.py took 0.180 seconds
[2022-04-13 07:19:03,413] {scheduler_job.py:182} INFO - Started process (PID=7132) to work on /home/airflow/sandbox/lib/python3.8/site-packages/airflow/example_dags/subdags/subdag.py
[2022-04-13 07:19:03,416] {scheduler_job.py:633} INFO - Processing file /home/airflow/sandbox/lib/python3.8/site-packages/airflow/example_dags/subdags/subdag.py for tasks to queue
[2022-04-13 07:19:03,417] {logging_mixin.py:104} INFO - [2022-04-13 07:19:03,417] {dagbag.py:487} INFO - Filling up the DagBag from /home/airflow/sandbox/lib/python3.8/site-packages/airflow/example_dags/subdags/subdag.py
[2022-04-13 07:19:03,424] {scheduler_job.py:645} WARNING - No viable dags retrieved from /home/airflow/sandbox/lib/python3.8/site-packages/airflow/example_dags/subdags/subdag.py
[2022-04-13 07:19:03,553] {scheduler_job.py:190} INFO - Processing /home/airflow/sandbox/lib/python3.8/site-packages/airflow/example_dags/subdags/subdag.py took 0.149 seconds
[2022-04-13 07:19:36,211] {scheduler_job.py:182} INFO - Started process (PID=7587) to work on /home/airflow/sandbox/lib/python3.8/site-packages/airflow/example_dags/subdags/subdag.py
[2022-04-13 07:19:36,214] {scheduler_job.py:633} INFO - Processing file /home/airflow/sandbox/lib/python3.8/site-packages/airflow/example_dags/subdags/subdag.py for tasks to queue
[2022-04-13 07:19:36,227] {logging_mixin.py:104} INFO - [2022-04-13 07:19:36,215] {dagbag.py:487} INFO - Filling up the DagBag from /home/airflow/sandbox/lib/python3.8/site-packages/airflow/example_dags/subdags/subdag.py
[2022-04-13 07:19:36,233] {scheduler_job.py:645} WARNING - No viable dags retrieved from /home/airflow/sandbox/lib/python3.8/site-packages/airflow/example_dags/subdags/subdag.py
[2022-04-13 07:19:36,387] {scheduler_job.py:190} INFO - Processing /home/airflow/sandbox/lib/python3.8/site-packages/airflow/example_dags/subdags/subdag.py took 0.215 seconds
[2022-04-13 07:20:08,927] {scheduler_job.py:182} INFO - Started process (PID=7790) to work on /home/airflow/sandbox/lib/python3.8/site-packages/airflow/example_dags/subdags/subdag.py
[2022-04-13 07:20:08,929] {scheduler_job.py:633} INFO - Processing file /home/airflow/sandbox/lib/python3.8/site-packages/airflow/example_dags/subdags/subdag.py for tasks to queue
[2022-04-13 07:20:08,931] {logging_mixin.py:104} INFO - [2022-04-13 07:20:08,931] {dagbag.py:487} INFO - Filling up the DagBag from /home/airflow/sandbox/lib/python3.8/site-packages/airflow/example_dags/subdags/subdag.py
[2022-04-13 07:20:08,939] {scheduler_job.py:645} WARNING - No viable dags retrieved from /home/airflow/sandbox/lib/python3.8/site-packages/airflow/example_dags/subdags/subdag.py
[2022-04-13 07:20:09,074] {scheduler_job.py:190} INFO - Processing /home/airflow/sandbox/lib/python3.8/site-packages/airflow/example_dags/subdags/subdag.py took 0.182 seconds
[2022-04-13 07:20:39,396] {scheduler_job.py:182} INFO - Started process (PID=7982) to work on /home/airflow/sandbox/lib/python3.8/site-packages/airflow/example_dags/subdags/subdag.py
[2022-04-13 07:20:39,433] {scheduler_job.py:633} INFO - Processing file /home/airflow/sandbox/lib/python3.8/site-packages/airflow/example_dags/subdags/subdag.py for tasks to queue
[2022-04-13 07:20:39,435] {logging_mixin.py:104} INFO - [2022-04-13 07:20:39,435] {dagbag.py:487} INFO - Filling up the DagBag from /home/airflow/sandbox/lib/python3.8/site-packages/airflow/example_dags/subdags/subdag.py
[2022-04-13 07:20:39,442] {scheduler_job.py:645} WARNING - No viable dags retrieved from /home/airflow/sandbox/lib/python3.8/site-packages/airflow/example_dags/subdags/subdag.py
[2022-04-13 07:20:39,536] {scheduler_job.py:190} INFO - Processing /home/airflow/sandbox/lib/python3.8/site-packages/airflow/example_dags/subdags/subdag.py took 0.149 seconds
[2022-04-13 07:21:11,547] {scheduler_job.py:182} INFO - Started process (PID=8176) to work on /home/airflow/sandbox/lib/python3.8/site-packages/airflow/example_dags/subdags/subdag.py
[2022-04-13 07:21:11,551] {scheduler_job.py:633} INFO - Processing file /home/airflow/sandbox/lib/python3.8/site-packages/airflow/example_dags/subdags/subdag.py for tasks to queue
[2022-04-13 07:21:11,553] {logging_mixin.py:104} INFO - [2022-04-13 07:21:11,553] {dagbag.py:487} INFO - Filling up the DagBag from /home/airflow/sandbox/lib/python3.8/site-packages/airflow/example_dags/subdags/subdag.py
[2022-04-13 07:21:11,562] {scheduler_job.py:645} WARNING - No viable dags retrieved from /home/airflow/sandbox/lib/python3.8/site-packages/airflow/example_dags/subdags/subdag.py
[2022-04-13 07:21:11,700] {scheduler_job.py:190} INFO - Processing /home/airflow/sandbox/lib/python3.8/site-packages/airflow/example_dags/subdags/subdag.py took 0.162 seconds
[2022-04-13 07:21:43,599] {scheduler_job.py:182} INFO - Started process (PID=8375) to work on /home/airflow/sandbox/lib/python3.8/site-packages/airflow/example_dags/subdags/subdag.py
[2022-04-13 07:21:43,605] {scheduler_job.py:633} INFO - Processing file /home/airflow/sandbox/lib/python3.8/site-packages/airflow/example_dags/subdags/subdag.py for tasks to queue
[2022-04-13 07:21:43,607] {logging_mixin.py:104} INFO - [2022-04-13 07:21:43,607] {dagbag.py:487} INFO - Filling up the DagBag from /home/airflow/sandbox/lib/python3.8/site-packages/airflow/example_dags/subdags/subdag.py
[2022-04-13 07:21:43,614] {scheduler_job.py:645} WARNING - No viable dags retrieved from /home/airflow/sandbox/lib/python3.8/site-packages/airflow/example_dags/subdags/subdag.py
[2022-04-13 07:21:43,659] {scheduler_job.py:190} INFO - Processing /home/airflow/sandbox/lib/python3.8/site-packages/airflow/example_dags/subdags/subdag.py took 0.070 seconds
[2022-04-13 07:22:15,562] {scheduler_job.py:182} INFO - Started process (PID=8574) to work on /home/airflow/sandbox/lib/python3.8/site-packages/airflow/example_dags/subdags/subdag.py
[2022-04-13 07:22:15,565] {scheduler_job.py:633} INFO - Processing file /home/airflow/sandbox/lib/python3.8/site-packages/airflow/example_dags/subdags/subdag.py for tasks to queue
[2022-04-13 07:22:15,566] {logging_mixin.py:104} INFO - [2022-04-13 07:22:15,566] {dagbag.py:487} INFO - Filling up the DagBag from /home/airflow/sandbox/lib/python3.8/site-packages/airflow/example_dags/subdags/subdag.py
[2022-04-13 07:22:15,573] {scheduler_job.py:645} WARNING - No viable dags retrieved from /home/airflow/sandbox/lib/python3.8/site-packages/airflow/example_dags/subdags/subdag.py
[2022-04-13 07:22:15,682] {scheduler_job.py:190} INFO - Processing /home/airflow/sandbox/lib/python3.8/site-packages/airflow/example_dags/subdags/subdag.py took 0.128 seconds
[2022-04-13 07:22:47,678] {scheduler_job.py:182} INFO - Started process (PID=8774) to work on /home/airflow/sandbox/lib/python3.8/site-packages/airflow/example_dags/subdags/subdag.py
[2022-04-13 07:22:47,701] {scheduler_job.py:633} INFO - Processing file /home/airflow/sandbox/lib/python3.8/site-packages/airflow/example_dags/subdags/subdag.py for tasks to queue
[2022-04-13 07:22:47,705] {logging_mixin.py:104} INFO - [2022-04-13 07:22:47,705] {dagbag.py:487} INFO - Filling up the DagBag from /home/airflow/sandbox/lib/python3.8/site-packages/airflow/example_dags/subdags/subdag.py
[2022-04-13 07:22:47,727] {scheduler_job.py:645} WARNING - No viable dags retrieved from /home/airflow/sandbox/lib/python3.8/site-packages/airflow/example_dags/subdags/subdag.py
[2022-04-13 07:22:47,835] {scheduler_job.py:190} INFO - Processing /home/airflow/sandbox/lib/python3.8/site-packages/airflow/example_dags/subdags/subdag.py took 0.166 seconds
[2022-04-13 07:23:19,017] {scheduler_job.py:182} INFO - Started process (PID=8974) to work on /home/airflow/sandbox/lib/python3.8/site-packages/airflow/example_dags/subdags/subdag.py
[2022-04-13 07:23:19,044] {scheduler_job.py:633} INFO - Processing file /home/airflow/sandbox/lib/python3.8/site-packages/airflow/example_dags/subdags/subdag.py for tasks to queue
[2022-04-13 07:23:19,046] {logging_mixin.py:104} INFO - [2022-04-13 07:23:19,046] {dagbag.py:487} INFO - Filling up the DagBag from /home/airflow/sandbox/lib/python3.8/site-packages/airflow/example_dags/subdags/subdag.py
[2022-04-13 07:23:19,058] {scheduler_job.py:645} WARNING - No viable dags retrieved from /home/airflow/sandbox/lib/python3.8/site-packages/airflow/example_dags/subdags/subdag.py
[2022-04-13 07:23:19,173] {scheduler_job.py:190} INFO - Processing /home/airflow/sandbox/lib/python3.8/site-packages/airflow/example_dags/subdags/subdag.py took 0.176 seconds
[2022-04-13 07:23:49,385] {scheduler_job.py:182} INFO - Started process (PID=9164) to work on /home/airflow/sandbox/lib/python3.8/site-packages/airflow/example_dags/subdags/subdag.py
[2022-04-13 07:23:49,395] {scheduler_job.py:633} INFO - Processing file /home/airflow/sandbox/lib/python3.8/site-packages/airflow/example_dags/subdags/subdag.py for tasks to queue
[2022-04-13 07:23:49,400] {logging_mixin.py:104} INFO - [2022-04-13 07:23:49,400] {dagbag.py:487} INFO - Filling up the DagBag from /home/airflow/sandbox/lib/python3.8/site-packages/airflow/example_dags/subdags/subdag.py
[2022-04-13 07:23:49,416] {scheduler_job.py:645} WARNING - No viable dags retrieved from /home/airflow/sandbox/lib/python3.8/site-packages/airflow/example_dags/subdags/subdag.py
[2022-04-13 07:23:49,533] {scheduler_job.py:190} INFO - Processing /home/airflow/sandbox/lib/python3.8/site-packages/airflow/example_dags/subdags/subdag.py took 0.158 seconds
[2022-04-13 07:24:21,021] {scheduler_job.py:182} INFO - Started process (PID=9405) to work on /home/airflow/sandbox/lib/python3.8/site-packages/airflow/example_dags/subdags/subdag.py
[2022-04-13 07:24:21,034] {scheduler_job.py:633} INFO - Processing file /home/airflow/sandbox/lib/python3.8/site-packages/airflow/example_dags/subdags/subdag.py for tasks to queue
[2022-04-13 07:24:21,036] {logging_mixin.py:104} INFO - [2022-04-13 07:24:21,036] {dagbag.py:487} INFO - Filling up the DagBag from /home/airflow/sandbox/lib/python3.8/site-packages/airflow/example_dags/subdags/subdag.py
[2022-04-13 07:24:21,051] {scheduler_job.py:645} WARNING - No viable dags retrieved from /home/airflow/sandbox/lib/python3.8/site-packages/airflow/example_dags/subdags/subdag.py
[2022-04-13 07:24:21,166] {scheduler_job.py:190} INFO - Processing /home/airflow/sandbox/lib/python3.8/site-packages/airflow/example_dags/subdags/subdag.py took 0.152 seconds
[2022-04-13 07:24:51,793] {scheduler_job.py:182} INFO - Started process (PID=9799) to work on /home/airflow/sandbox/lib/python3.8/site-packages/airflow/example_dags/subdags/subdag.py
[2022-04-13 07:24:51,796] {scheduler_job.py:633} INFO - Processing file /home/airflow/sandbox/lib/python3.8/site-packages/airflow/example_dags/subdags/subdag.py for tasks to queue
[2022-04-13 07:24:51,797] {logging_mixin.py:104} INFO - [2022-04-13 07:24:51,797] {dagbag.py:487} INFO - Filling up the DagBag from /home/airflow/sandbox/lib/python3.8/site-packages/airflow/example_dags/subdags/subdag.py
[2022-04-13 07:24:51,804] {scheduler_job.py:645} WARNING - No viable dags retrieved from /home/airflow/sandbox/lib/python3.8/site-packages/airflow/example_dags/subdags/subdag.py
[2022-04-13 07:24:51,851] {scheduler_job.py:190} INFO - Processing /home/airflow/sandbox/lib/python3.8/site-packages/airflow/example_dags/subdags/subdag.py took 0.071 seconds
[2022-04-13 07:25:23,316] {scheduler_job.py:182} INFO - Started process (PID=9999) to work on /home/airflow/sandbox/lib/python3.8/site-packages/airflow/example_dags/subdags/subdag.py
[2022-04-13 07:25:23,337] {scheduler_job.py:633} INFO - Processing file /home/airflow/sandbox/lib/python3.8/site-packages/airflow/example_dags/subdags/subdag.py for tasks to queue
[2022-04-13 07:25:23,346] {logging_mixin.py:104} INFO - [2022-04-13 07:25:23,345] {dagbag.py:487} INFO - Filling up the DagBag from /home/airflow/sandbox/lib/python3.8/site-packages/airflow/example_dags/subdags/subdag.py
[2022-04-13 07:25:23,353] {scheduler_job.py:645} WARNING - No viable dags retrieved from /home/airflow/sandbox/lib/python3.8/site-packages/airflow/example_dags/subdags/subdag.py
[2022-04-13 07:25:23,517] {scheduler_job.py:190} INFO - Processing /home/airflow/sandbox/lib/python3.8/site-packages/airflow/example_dags/subdags/subdag.py took 0.211 seconds
[2022-04-13 07:25:53,635] {scheduler_job.py:182} INFO - Started process (PID=10195) to work on /home/airflow/sandbox/lib/python3.8/site-packages/airflow/example_dags/subdags/subdag.py
[2022-04-13 07:25:53,639] {scheduler_job.py:633} INFO - Processing file /home/airflow/sandbox/lib/python3.8/site-packages/airflow/example_dags/subdags/subdag.py for tasks to queue
[2022-04-13 07:25:53,641] {logging_mixin.py:104} INFO - [2022-04-13 07:25:53,641] {dagbag.py:487} INFO - Filling up the DagBag from /home/airflow/sandbox/lib/python3.8/site-packages/airflow/example_dags/subdags/subdag.py
[2022-04-13 07:25:53,650] {scheduler_job.py:645} WARNING - No viable dags retrieved from /home/airflow/sandbox/lib/python3.8/site-packages/airflow/example_dags/subdags/subdag.py
[2022-04-13 07:25:53,740] {scheduler_job.py:190} INFO - Processing /home/airflow/sandbox/lib/python3.8/site-packages/airflow/example_dags/subdags/subdag.py took 0.116 seconds
[2022-04-13 07:26:23,885] {scheduler_job.py:182} INFO - Started process (PID=10393) to work on /home/airflow/sandbox/lib/python3.8/site-packages/airflow/example_dags/subdags/subdag.py
[2022-04-13 07:26:23,894] {scheduler_job.py:633} INFO - Processing file /home/airflow/sandbox/lib/python3.8/site-packages/airflow/example_dags/subdags/subdag.py for tasks to queue
[2022-04-13 07:26:23,914] {logging_mixin.py:104} INFO - [2022-04-13 07:26:23,913] {dagbag.py:487} INFO - Filling up the DagBag from /home/airflow/sandbox/lib/python3.8/site-packages/airflow/example_dags/subdags/subdag.py
[2022-04-13 07:26:23,920] {scheduler_job.py:645} WARNING - No viable dags retrieved from /home/airflow/sandbox/lib/python3.8/site-packages/airflow/example_dags/subdags/subdag.py
[2022-04-13 07:26:24,020] {scheduler_job.py:190} INFO - Processing /home/airflow/sandbox/lib/python3.8/site-packages/airflow/example_dags/subdags/subdag.py took 0.156 seconds
[2022-04-13 07:26:55,628] {scheduler_job.py:182} INFO - Started process (PID=10592) to work on /home/airflow/sandbox/lib/python3.8/site-packages/airflow/example_dags/subdags/subdag.py
[2022-04-13 07:26:55,631] {scheduler_job.py:633} INFO - Processing file /home/airflow/sandbox/lib/python3.8/site-packages/airflow/example_dags/subdags/subdag.py for tasks to queue
[2022-04-13 07:26:55,634] {logging_mixin.py:104} INFO - [2022-04-13 07:26:55,633] {dagbag.py:487} INFO - Filling up the DagBag from /home/airflow/sandbox/lib/python3.8/site-packages/airflow/example_dags/subdags/subdag.py
[2022-04-13 07:26:55,640] {scheduler_job.py:645} WARNING - No viable dags retrieved from /home/airflow/sandbox/lib/python3.8/site-packages/airflow/example_dags/subdags/subdag.py
[2022-04-13 07:26:55,687] {scheduler_job.py:190} INFO - Processing /home/airflow/sandbox/lib/python3.8/site-packages/airflow/example_dags/subdags/subdag.py took 0.069 seconds
[2022-04-13 07:27:26,817] {scheduler_job.py:182} INFO - Started process (PID=10791) to work on /home/airflow/sandbox/lib/python3.8/site-packages/airflow/example_dags/subdags/subdag.py
[2022-04-13 07:27:26,851] {scheduler_job.py:633} INFO - Processing file /home/airflow/sandbox/lib/python3.8/site-packages/airflow/example_dags/subdags/subdag.py for tasks to queue
[2022-04-13 07:27:26,852] {logging_mixin.py:104} INFO - [2022-04-13 07:27:26,852] {dagbag.py:487} INFO - Filling up the DagBag from /home/airflow/sandbox/lib/python3.8/site-packages/airflow/example_dags/subdags/subdag.py
[2022-04-13 07:27:26,859] {scheduler_job.py:645} WARNING - No viable dags retrieved from /home/airflow/sandbox/lib/python3.8/site-packages/airflow/example_dags/subdags/subdag.py
[2022-04-13 07:27:26,970] {scheduler_job.py:190} INFO - Processing /home/airflow/sandbox/lib/python3.8/site-packages/airflow/example_dags/subdags/subdag.py took 0.164 seconds
[2022-04-13 07:27:59,152] {scheduler_job.py:182} INFO - Started process (PID=10992) to work on /home/airflow/sandbox/lib/python3.8/site-packages/airflow/example_dags/subdags/subdag.py
[2022-04-13 07:27:59,156] {scheduler_job.py:633} INFO - Processing file /home/airflow/sandbox/lib/python3.8/site-packages/airflow/example_dags/subdags/subdag.py for tasks to queue
[2022-04-13 07:27:59,158] {logging_mixin.py:104} INFO - [2022-04-13 07:27:59,158] {dagbag.py:487} INFO - Filling up the DagBag from /home/airflow/sandbox/lib/python3.8/site-packages/airflow/example_dags/subdags/subdag.py
[2022-04-13 07:27:59,166] {scheduler_job.py:645} WARNING - No viable dags retrieved from /home/airflow/sandbox/lib/python3.8/site-packages/airflow/example_dags/subdags/subdag.py
[2022-04-13 07:27:59,233] {scheduler_job.py:190} INFO - Processing /home/airflow/sandbox/lib/python3.8/site-packages/airflow/example_dags/subdags/subdag.py took 0.095 seconds
[2022-04-13 07:28:31,682] {scheduler_job.py:182} INFO - Started process (PID=11190) to work on /home/airflow/sandbox/lib/python3.8/site-packages/airflow/example_dags/subdags/subdag.py
[2022-04-13 07:28:31,685] {scheduler_job.py:633} INFO - Processing file /home/airflow/sandbox/lib/python3.8/site-packages/airflow/example_dags/subdags/subdag.py for tasks to queue
[2022-04-13 07:28:31,687] {logging_mixin.py:104} INFO - [2022-04-13 07:28:31,686] {dagbag.py:487} INFO - Filling up the DagBag from /home/airflow/sandbox/lib/python3.8/site-packages/airflow/example_dags/subdags/subdag.py
[2022-04-13 07:28:31,693] {scheduler_job.py:645} WARNING - No viable dags retrieved from /home/airflow/sandbox/lib/python3.8/site-packages/airflow/example_dags/subdags/subdag.py
[2022-04-13 07:28:31,744] {scheduler_job.py:190} INFO - Processing /home/airflow/sandbox/lib/python3.8/site-packages/airflow/example_dags/subdags/subdag.py took 0.071 seconds
[2022-04-13 07:29:03,500] {scheduler_job.py:182} INFO - Started process (PID=11384) to work on /home/airflow/sandbox/lib/python3.8/site-packages/airflow/example_dags/subdags/subdag.py
[2022-04-13 07:29:03,516] {scheduler_job.py:633} INFO - Processing file /home/airflow/sandbox/lib/python3.8/site-packages/airflow/example_dags/subdags/subdag.py for tasks to queue
[2022-04-13 07:29:03,518] {logging_mixin.py:104} INFO - [2022-04-13 07:29:03,518] {dagbag.py:487} INFO - Filling up the DagBag from /home/airflow/sandbox/lib/python3.8/site-packages/airflow/example_dags/subdags/subdag.py
[2022-04-13 07:29:03,548] {scheduler_job.py:645} WARNING - No viable dags retrieved from /home/airflow/sandbox/lib/python3.8/site-packages/airflow/example_dags/subdags/subdag.py
[2022-04-13 07:29:03,656] {scheduler_job.py:190} INFO - Processing /home/airflow/sandbox/lib/python3.8/site-packages/airflow/example_dags/subdags/subdag.py took 0.165 seconds
[2022-04-13 07:29:35,912] {scheduler_job.py:182} INFO - Started process (PID=11826) to work on /home/airflow/sandbox/lib/python3.8/site-packages/airflow/example_dags/subdags/subdag.py
[2022-04-13 07:29:35,919] {scheduler_job.py:633} INFO - Processing file /home/airflow/sandbox/lib/python3.8/site-packages/airflow/example_dags/subdags/subdag.py for tasks to queue
[2022-04-13 07:29:35,921] {logging_mixin.py:104} INFO - [2022-04-13 07:29:35,921] {dagbag.py:487} INFO - Filling up the DagBag from /home/airflow/sandbox/lib/python3.8/site-packages/airflow/example_dags/subdags/subdag.py
[2022-04-13 07:29:35,942] {scheduler_job.py:645} WARNING - No viable dags retrieved from /home/airflow/sandbox/lib/python3.8/site-packages/airflow/example_dags/subdags/subdag.py
[2022-04-13 07:29:36,042] {scheduler_job.py:190} INFO - Processing /home/airflow/sandbox/lib/python3.8/site-packages/airflow/example_dags/subdags/subdag.py took 0.143 seconds
[2022-04-13 07:30:08,140] {scheduler_job.py:182} INFO - Started process (PID=12023) to work on /home/airflow/sandbox/lib/python3.8/site-packages/airflow/example_dags/subdags/subdag.py
[2022-04-13 07:30:08,143] {scheduler_job.py:633} INFO - Processing file /home/airflow/sandbox/lib/python3.8/site-packages/airflow/example_dags/subdags/subdag.py for tasks to queue
[2022-04-13 07:30:08,145] {logging_mixin.py:104} INFO - [2022-04-13 07:30:08,144] {dagbag.py:487} INFO - Filling up the DagBag from /home/airflow/sandbox/lib/python3.8/site-packages/airflow/example_dags/subdags/subdag.py
[2022-04-13 07:30:08,163] {scheduler_job.py:645} WARNING - No viable dags retrieved from /home/airflow/sandbox/lib/python3.8/site-packages/airflow/example_dags/subdags/subdag.py
[2022-04-13 07:30:08,541] {scheduler_job.py:190} INFO - Processing /home/airflow/sandbox/lib/python3.8/site-packages/airflow/example_dags/subdags/subdag.py took 0.433 seconds
[2022-04-13 07:30:38,722] {scheduler_job.py:182} INFO - Started process (PID=12214) to work on /home/airflow/sandbox/lib/python3.8/site-packages/airflow/example_dags/subdags/subdag.py
[2022-04-13 07:30:38,726] {scheduler_job.py:633} INFO - Processing file /home/airflow/sandbox/lib/python3.8/site-packages/airflow/example_dags/subdags/subdag.py for tasks to queue
[2022-04-13 07:30:38,730] {logging_mixin.py:104} INFO - [2022-04-13 07:30:38,730] {dagbag.py:487} INFO - Filling up the DagBag from /home/airflow/sandbox/lib/python3.8/site-packages/airflow/example_dags/subdags/subdag.py
[2022-04-13 07:30:38,746] {scheduler_job.py:645} WARNING - No viable dags retrieved from /home/airflow/sandbox/lib/python3.8/site-packages/airflow/example_dags/subdags/subdag.py
[2022-04-13 07:30:39,151] {scheduler_job.py:190} INFO - Processing /home/airflow/sandbox/lib/python3.8/site-packages/airflow/example_dags/subdags/subdag.py took 0.442 seconds
[2022-04-13 07:31:09,924] {scheduler_job.py:182} INFO - Started process (PID=12419) to work on /home/airflow/sandbox/lib/python3.8/site-packages/airflow/example_dags/subdags/subdag.py
[2022-04-13 07:31:09,931] {scheduler_job.py:633} INFO - Processing file /home/airflow/sandbox/lib/python3.8/site-packages/airflow/example_dags/subdags/subdag.py for tasks to queue
[2022-04-13 07:31:09,935] {logging_mixin.py:104} INFO - [2022-04-13 07:31:09,935] {dagbag.py:487} INFO - Filling up the DagBag from /home/airflow/sandbox/lib/python3.8/site-packages/airflow/example_dags/subdags/subdag.py
[2022-04-13 07:31:10,338] {scheduler_job.py:645} WARNING - No viable dags retrieved from /home/airflow/sandbox/lib/python3.8/site-packages/airflow/example_dags/subdags/subdag.py
[2022-04-13 07:31:10,392] {scheduler_job.py:190} INFO - Processing /home/airflow/sandbox/lib/python3.8/site-packages/airflow/example_dags/subdags/subdag.py took 0.483 seconds
[2022-04-13 07:31:40,509] {scheduler_job.py:182} INFO - Started process (PID=12832) to work on /home/airflow/sandbox/lib/python3.8/site-packages/airflow/example_dags/subdags/subdag.py
[2022-04-13 07:31:40,520] {scheduler_job.py:633} INFO - Processing file /home/airflow/sandbox/lib/python3.8/site-packages/airflow/example_dags/subdags/subdag.py for tasks to queue
[2022-04-13 07:31:40,522] {logging_mixin.py:104} INFO - [2022-04-13 07:31:40,521] {dagbag.py:487} INFO - Filling up the DagBag from /home/airflow/sandbox/lib/python3.8/site-packages/airflow/example_dags/subdags/subdag.py
[2022-04-13 07:31:40,532] {scheduler_job.py:645} WARNING - No viable dags retrieved from /home/airflow/sandbox/lib/python3.8/site-packages/airflow/example_dags/subdags/subdag.py
[2022-04-13 07:31:40,585] {scheduler_job.py:190} INFO - Processing /home/airflow/sandbox/lib/python3.8/site-packages/airflow/example_dags/subdags/subdag.py took 0.088 seconds
[2022-04-13 07:32:10,696] {scheduler_job.py:182} INFO - Started process (PID=13065) to work on /home/airflow/sandbox/lib/python3.8/site-packages/airflow/example_dags/subdags/subdag.py
[2022-04-13 07:32:10,699] {scheduler_job.py:633} INFO - Processing file /home/airflow/sandbox/lib/python3.8/site-packages/airflow/example_dags/subdags/subdag.py for tasks to queue
[2022-04-13 07:32:10,702] {logging_mixin.py:104} INFO - [2022-04-13 07:32:10,701] {dagbag.py:487} INFO - Filling up the DagBag from /home/airflow/sandbox/lib/python3.8/site-packages/airflow/example_dags/subdags/subdag.py
[2022-04-13 07:32:10,717] {scheduler_job.py:645} WARNING - No viable dags retrieved from /home/airflow/sandbox/lib/python3.8/site-packages/airflow/example_dags/subdags/subdag.py
[2022-04-13 07:32:10,818] {scheduler_job.py:190} INFO - Processing /home/airflow/sandbox/lib/python3.8/site-packages/airflow/example_dags/subdags/subdag.py took 0.143 seconds
[2022-04-13 07:32:46,778] {scheduler_job.py:182} INFO - Started process (PID=13319) to work on /home/airflow/sandbox/lib/python3.8/site-packages/airflow/example_dags/subdags/subdag.py
[2022-04-13 07:32:46,783] {scheduler_job.py:633} INFO - Processing file /home/airflow/sandbox/lib/python3.8/site-packages/airflow/example_dags/subdags/subdag.py for tasks to queue
[2022-04-13 07:32:46,797] {logging_mixin.py:104} INFO - [2022-04-13 07:32:46,796] {dagbag.py:487} INFO - Filling up the DagBag from /home/airflow/sandbox/lib/python3.8/site-packages/airflow/example_dags/subdags/subdag.py
[2022-04-13 07:32:46,818] {scheduler_job.py:645} WARNING - No viable dags retrieved from /home/airflow/sandbox/lib/python3.8/site-packages/airflow/example_dags/subdags/subdag.py
[2022-04-13 07:32:46,965] {scheduler_job.py:190} INFO - Processing /home/airflow/sandbox/lib/python3.8/site-packages/airflow/example_dags/subdags/subdag.py took 0.262 seconds
