[2022-04-15 13:52:18,563] {taskinstance.py:1043} INFO - Dependencies all met for <TaskInstance: parallel_dag.task_1 scheduled__2020-01-24T00:00:00+00:00 [queued]>
[2022-04-15 13:52:19,819] {taskinstance.py:1043} INFO - Dependencies all met for <TaskInstance: parallel_dag.task_1 scheduled__2020-01-24T00:00:00+00:00 [queued]>
[2022-04-15 13:52:19,910] {taskinstance.py:1249} INFO - 
--------------------------------------------------------------------------------
[2022-04-15 13:52:19,911] {taskinstance.py:1250} INFO - Starting attempt 1 of 1
[2022-04-15 13:52:19,911] {taskinstance.py:1251} INFO - 
--------------------------------------------------------------------------------
[2022-04-15 13:52:21,283] {taskinstance.py:1270} INFO - Executing <Task(BashOperator): task_1> on 2020-01-24 00:00:00+00:00
[2022-04-15 13:52:21,512] {standard_task_runner.py:52} INFO - Started process 116253 to run task
[2022-04-15 13:52:21,610] {standard_task_runner.py:79} INFO - Running: ['airflow', 'tasks', 'run', 'parallel_dag', 'task_1', 'scheduled__2020-01-24T00:00:00+00:00', '--job-id', '108', '--raw', '--subdir', 'DAGS_FOLDER/parallel_dag.py', '--cfg-path', '/tmp/tmpk91kqbxp', '--error-file', '/tmp/tmpc7mwmdza']
[2022-04-15 13:52:22,160] {standard_task_runner.py:80} INFO - Job 108: Subtask task_1
[2022-04-15 13:52:28,684] {logging_mixin.py:109} INFO - Running <TaskInstance: parallel_dag.task_1 scheduled__2020-01-24T00:00:00+00:00 [running]> on host 10.0.2.15
[2022-04-15 13:52:33,377] {taskinstance.py:1446} INFO - Exporting the following env vars:
AIRFLOW_CTX_DAG_OWNER=solfa
AIRFLOW_CTX_DAG_ID=parallel_dag
AIRFLOW_CTX_TASK_ID=task_1
AIRFLOW_CTX_EXECUTION_DATE=2020-01-24T00:00:00+00:00
AIRFLOW_CTX_DAG_RUN_ID=scheduled__2020-01-24T00:00:00+00:00
[2022-04-15 13:52:33,509] {subprocess.py:62} INFO - Tmp dir root location: 
 /tmp
[2022-04-15 13:52:33,510] {subprocess.py:74} INFO - Running command: ['bash', '-c', 'sleep 3']
[2022-04-15 13:52:34,008] {subprocess.py:85} INFO - Output:
[2022-04-15 13:52:37,876] {subprocess.py:93} INFO - Command exited with return code 0
[2022-04-15 13:52:39,514] {taskinstance.py:1278} INFO - Marking task as SUCCESS. dag_id=parallel_dag, task_id=task_1, execution_date=20200124T000000, start_date=20220415T135218, end_date=20220415T135239
[2022-04-15 13:52:40,732] {local_task_job.py:154} INFO - Task exited with return code 0
[2022-04-15 13:52:43,878] {local_task_job.py:264} INFO - 2 downstream tasks scheduled from follow-on schedule check
