[2022-04-15 13:51:04,777] {taskinstance.py:1043} INFO - Dependencies all met for <TaskInstance: parallel_dag.task_2 scheduled__2020-01-15T00:00:00+00:00 [queued]>
[2022-04-15 13:51:05,366] {taskinstance.py:1043} INFO - Dependencies all met for <TaskInstance: parallel_dag.task_2 scheduled__2020-01-15T00:00:00+00:00 [queued]>
[2022-04-15 13:51:05,366] {taskinstance.py:1249} INFO - 
--------------------------------------------------------------------------------
[2022-04-15 13:51:05,386] {taskinstance.py:1250} INFO - Starting attempt 1 of 1
[2022-04-15 13:51:05,386] {taskinstance.py:1251} INFO - 
--------------------------------------------------------------------------------
[2022-04-15 13:51:06,074] {taskinstance.py:1270} INFO - Executing <Task(PythonOperator): task_2> on 2020-01-15 00:00:00+00:00
[2022-04-15 13:51:06,228] {standard_task_runner.py:52} INFO - Started process 113284 to run task
[2022-04-15 13:51:06,389] {standard_task_runner.py:79} INFO - Running: ['airflow', 'tasks', 'run', 'parallel_dag', 'task_2', 'scheduled__2020-01-15T00:00:00+00:00', '--job-id', '91', '--raw', '--subdir', 'DAGS_FOLDER/parallel_dag.py', '--cfg-path', '/tmp/tmptskvv0ad', '--error-file', '/tmp/tmpsvchp_jg']
[2022-04-15 13:51:06,544] {standard_task_runner.py:80} INFO - Job 91: Subtask task_2
[2022-04-15 13:51:11,577] {logging_mixin.py:109} INFO - Running <TaskInstance: parallel_dag.task_2 scheduled__2020-01-15T00:00:00+00:00 [running]> on host 10.0.2.15
[2022-04-15 13:51:14,818] {taskinstance.py:1446} INFO - Exporting the following env vars:
AIRFLOW_CTX_DAG_OWNER=solfa
AIRFLOW_CTX_DAG_ID=parallel_dag
AIRFLOW_CTX_TASK_ID=task_2
AIRFLOW_CTX_EXECUTION_DATE=2020-01-15T00:00:00+00:00
AIRFLOW_CTX_DAG_RUN_ID=scheduled__2020-01-15T00:00:00+00:00
[2022-04-15 13:51:17,849] {python.py:175} INFO - Done. Returned value was: None
[2022-04-15 13:51:18,339] {taskinstance.py:1278} INFO - Marking task as SUCCESS. dag_id=parallel_dag, task_id=task_2, execution_date=20200115T000000, start_date=20220415T135104, end_date=20220415T135118
[2022-04-15 13:51:19,154] {local_task_job.py:154} INFO - Task exited with return code 0
[2022-04-15 13:51:21,387] {local_task_job.py:264} INFO - 0 downstream tasks scheduled from follow-on schedule check
[2022-04-15 15:57:04,013] {taskinstance.py:1043} INFO - Dependencies all met for <TaskInstance: parallel_dag.task_2 scheduled__2020-01-15T00:00:00+00:00 [queued]>
[2022-04-15 15:57:04,128] {taskinstance.py:1043} INFO - Dependencies all met for <TaskInstance: parallel_dag.task_2 scheduled__2020-01-15T00:00:00+00:00 [queued]>
[2022-04-15 15:57:04,128] {taskinstance.py:1249} INFO - 
--------------------------------------------------------------------------------
[2022-04-15 15:57:04,128] {taskinstance.py:1250} INFO - Starting attempt 1 of 1
[2022-04-15 15:57:04,128] {taskinstance.py:1251} INFO - 
--------------------------------------------------------------------------------
[2022-04-15 15:57:04,210] {taskinstance.py:1270} INFO - Executing <Task(PythonOperator): task_2> on 2020-01-15 00:00:00+00:00
[2022-04-15 15:57:04,212] {standard_task_runner.py:52} INFO - Started process 183276 to run task
[2022-04-15 15:57:04,241] {standard_task_runner.py:79} INFO - Running: ['airflow', 'tasks', 'run', 'parallel_dag', 'task_2', 'scheduled__2020-01-15T00:00:00+00:00', '--job-id', '162', '--raw', '--subdir', 'DAGS_FOLDER/parallel_dag.py', '--cfg-path', '/tmp/tmpxjx4_kcn', '--error-file', '/tmp/tmpugw1gmh6']
[2022-04-15 15:57:04,252] {standard_task_runner.py:80} INFO - Job 162: Subtask task_2
[2022-04-15 15:57:04,595] {logging_mixin.py:109} INFO - Running <TaskInstance: parallel_dag.task_2 scheduled__2020-01-15T00:00:00+00:00 [running]> on host 10.0.2.15
[2022-04-15 15:57:04,795] {taskinstance.py:1446} INFO - Exporting the following env vars:
AIRFLOW_CTX_DAG_OWNER=solfa
AIRFLOW_CTX_DAG_ID=parallel_dag
AIRFLOW_CTX_TASK_ID=task_2
AIRFLOW_CTX_EXECUTION_DATE=2020-01-15T00:00:00+00:00
AIRFLOW_CTX_DAG_RUN_ID=scheduled__2020-01-15T00:00:00+00:00
[2022-04-15 15:57:07,805] {python.py:175} INFO - Done. Returned value was: None
[2022-04-15 15:57:07,821] {taskinstance.py:1278} INFO - Marking task as SUCCESS. dag_id=parallel_dag, task_id=task_2, execution_date=20200115T000000, start_date=20220415T155704, end_date=20220415T155707
[2022-04-15 15:57:07,860] {local_task_job.py:154} INFO - Task exited with return code 0
[2022-04-15 15:57:07,907] {local_task_job.py:264} INFO - 0 downstream tasks scheduled from follow-on schedule check
