[2022-04-14 14:57:43,467] {taskinstance.py:1043} INFO - Dependencies all met for <TaskInstance: parallel_dag.task_1 scheduled__2022-04-13T00:00:00+00:00 [queued]>
[2022-04-14 14:57:43,562] {taskinstance.py:1043} INFO - Dependencies all met for <TaskInstance: parallel_dag.task_1 scheduled__2022-04-13T00:00:00+00:00 [queued]>
[2022-04-14 14:57:43,562] {taskinstance.py:1249} INFO - 
--------------------------------------------------------------------------------
[2022-04-14 14:57:43,562] {taskinstance.py:1250} INFO - Starting attempt 1 of 1
[2022-04-14 14:57:43,563] {taskinstance.py:1251} INFO - 
--------------------------------------------------------------------------------
[2022-04-14 14:57:43,676] {taskinstance.py:1270} INFO - Executing <Task(BashOperator): task_1> on 2022-04-13 00:00:00+00:00
[2022-04-14 14:57:43,678] {standard_task_runner.py:52} INFO - Started process 45298 to run task
[2022-04-14 14:57:43,688] {standard_task_runner.py:79} INFO - Running: ['airflow', 'tasks', 'run', 'parallel_dag', 'task_1', 'scheduled__2022-04-13T00:00:00+00:00', '--job-id', '15', '--raw', '--subdir', 'DAGS_FOLDER/parallel_dag.py', '--cfg-path', '/tmp/tmp1y3qg_2h', '--error-file', '/tmp/tmpysq8q3e6']
[2022-04-14 14:57:43,698] {standard_task_runner.py:80} INFO - Job 15: Subtask task_1
[2022-04-14 14:57:44,318] {logging_mixin.py:109} INFO - Running <TaskInstance: parallel_dag.task_1 scheduled__2022-04-13T00:00:00+00:00 [running]> on host 10.0.2.15
[2022-04-14 14:57:44,619] {taskinstance.py:1446} INFO - Exporting the following env vars:
AIRFLOW_CTX_DAG_OWNER=solfa
AIRFLOW_CTX_DAG_ID=parallel_dag
AIRFLOW_CTX_TASK_ID=task_1
AIRFLOW_CTX_EXECUTION_DATE=2022-04-13T00:00:00+00:00
AIRFLOW_CTX_DAG_RUN_ID=scheduled__2022-04-13T00:00:00+00:00
[2022-04-14 14:57:44,620] {subprocess.py:62} INFO - Tmp dir root location: 
 /tmp
[2022-04-14 14:57:44,623] {subprocess.py:74} INFO - Running command: ['bash', '-c', 'sleep 3']
[2022-04-14 14:57:44,668] {subprocess.py:85} INFO - Output:
[2022-04-14 14:57:47,685] {subprocess.py:93} INFO - Command exited with return code 0
[2022-04-14 14:57:47,970] {taskinstance.py:1278} INFO - Marking task as SUCCESS. dag_id=parallel_dag, task_id=task_1, execution_date=20220413T000000, start_date=20220414T145743, end_date=20220414T145747
[2022-04-14 14:57:48,176] {local_task_job.py:154} INFO - Task exited with return code 0
[2022-04-14 14:57:48,369] {local_task_job.py:264} INFO - 2 downstream tasks scheduled from follow-on schedule check
