[2022-04-15 13:49:51,097] {taskinstance.py:1043} INFO - Dependencies all met for <TaskInstance: parallel_dag.task_3 scheduled__2020-01-14T00:00:00+00:00 [queued]>
[2022-04-15 13:49:51,601] {taskinstance.py:1043} INFO - Dependencies all met for <TaskInstance: parallel_dag.task_3 scheduled__2020-01-14T00:00:00+00:00 [queued]>
[2022-04-15 13:49:51,603] {taskinstance.py:1249} INFO - 
--------------------------------------------------------------------------------
[2022-04-15 13:49:51,603] {taskinstance.py:1250} INFO - Starting attempt 1 of 1
[2022-04-15 13:49:51,606] {taskinstance.py:1251} INFO - 
--------------------------------------------------------------------------------
[2022-04-15 13:49:52,219] {taskinstance.py:1270} INFO - Executing <Task(BashOperator): task_3> on 2020-01-14 00:00:00+00:00
[2022-04-15 13:49:52,341] {standard_task_runner.py:52} INFO - Started process 110261 to run task
[2022-04-15 13:49:52,411] {standard_task_runner.py:79} INFO - Running: ['airflow', 'tasks', 'run', 'parallel_dag', 'task_3', 'scheduled__2020-01-14T00:00:00+00:00', '--job-id', '80', '--raw', '--subdir', 'DAGS_FOLDER/parallel_dag.py', '--cfg-path', '/tmp/tmpewmc4vd3', '--error-file', '/tmp/tmp4b0_7gv1']
[2022-04-15 13:49:52,629] {standard_task_runner.py:80} INFO - Job 80: Subtask task_3
[2022-04-15 13:49:56,175] {logging_mixin.py:109} INFO - Running <TaskInstance: parallel_dag.task_3 scheduled__2020-01-14T00:00:00+00:00 [running]> on host 10.0.2.15
[2022-04-15 13:49:58,976] {taskinstance.py:1446} INFO - Exporting the following env vars:
AIRFLOW_CTX_DAG_OWNER=solfa
AIRFLOW_CTX_DAG_ID=parallel_dag
AIRFLOW_CTX_TASK_ID=task_3
AIRFLOW_CTX_EXECUTION_DATE=2020-01-14T00:00:00+00:00
AIRFLOW_CTX_DAG_RUN_ID=scheduled__2020-01-14T00:00:00+00:00
[2022-04-15 13:49:59,069] {subprocess.py:62} INFO - Tmp dir root location: 
 /tmp
[2022-04-15 13:49:59,070] {subprocess.py:74} INFO - Running command: ['bash', '-c', 'sleep 3']
[2022-04-15 13:49:59,357] {subprocess.py:85} INFO - Output:
[2022-04-15 13:50:02,642] {subprocess.py:93} INFO - Command exited with return code 0
[2022-04-15 13:50:05,527] {taskinstance.py:1278} INFO - Marking task as SUCCESS. dag_id=parallel_dag, task_id=task_3, execution_date=20200114T000000, start_date=20220415T134951, end_date=20220415T135005
[2022-04-15 13:50:06,014] {local_task_job.py:154} INFO - Task exited with return code 0
[2022-04-15 13:50:07,028] {local_task_job.py:264} INFO - 1 downstream tasks scheduled from follow-on schedule check
[2022-04-15 15:56:58,457] {taskinstance.py:1043} INFO - Dependencies all met for <TaskInstance: parallel_dag.task_3 scheduled__2020-01-14T00:00:00+00:00 [queued]>
[2022-04-15 15:56:58,470] {taskinstance.py:1043} INFO - Dependencies all met for <TaskInstance: parallel_dag.task_3 scheduled__2020-01-14T00:00:00+00:00 [queued]>
[2022-04-15 15:56:58,470] {taskinstance.py:1249} INFO - 
--------------------------------------------------------------------------------
[2022-04-15 15:56:58,470] {taskinstance.py:1250} INFO - Starting attempt 1 of 1
[2022-04-15 15:56:58,470] {taskinstance.py:1251} INFO - 
--------------------------------------------------------------------------------
[2022-04-15 15:56:58,522] {taskinstance.py:1270} INFO - Executing <Task(BashOperator): task_3> on 2020-01-14 00:00:00+00:00
[2022-04-15 15:56:58,525] {standard_task_runner.py:52} INFO - Started process 183061 to run task
[2022-04-15 15:56:58,533] {standard_task_runner.py:79} INFO - Running: ['airflow', 'tasks', 'run', 'parallel_dag', 'task_3', 'scheduled__2020-01-14T00:00:00+00:00', '--job-id', '161', '--raw', '--subdir', 'DAGS_FOLDER/parallel_dag.py', '--cfg-path', '/tmp/tmplsvhcgxb', '--error-file', '/tmp/tmpkwnq04hf']
[2022-04-15 15:56:58,535] {standard_task_runner.py:80} INFO - Job 161: Subtask task_3
[2022-04-15 15:56:58,627] {logging_mixin.py:109} INFO - Running <TaskInstance: parallel_dag.task_3 scheduled__2020-01-14T00:00:00+00:00 [running]> on host 10.0.2.15
[2022-04-15 15:56:58,732] {taskinstance.py:1446} INFO - Exporting the following env vars:
AIRFLOW_CTX_DAG_OWNER=solfa
AIRFLOW_CTX_DAG_ID=parallel_dag
AIRFLOW_CTX_TASK_ID=task_3
AIRFLOW_CTX_EXECUTION_DATE=2020-01-14T00:00:00+00:00
AIRFLOW_CTX_DAG_RUN_ID=scheduled__2020-01-14T00:00:00+00:00
[2022-04-15 15:56:58,733] {subprocess.py:62} INFO - Tmp dir root location: 
 /tmp
[2022-04-15 15:56:58,733] {subprocess.py:74} INFO - Running command: ['bash', '-c', 'sleep 3']
[2022-04-15 15:56:58,744] {subprocess.py:85} INFO - Output:
[2022-04-15 15:57:01,750] {subprocess.py:93} INFO - Command exited with return code 0
[2022-04-15 15:57:01,794] {taskinstance.py:1278} INFO - Marking task as SUCCESS. dag_id=parallel_dag, task_id=task_3, execution_date=20200114T000000, start_date=20220415T155658, end_date=20220415T155701
[2022-04-15 15:57:01,849] {local_task_job.py:154} INFO - Task exited with return code 0
[2022-04-15 15:57:01,912] {local_task_job.py:264} INFO - 1 downstream tasks scheduled from follow-on schedule check
