[2022-04-13 07:09:07,480] {taskinstance.py:876} INFO - Dependencies all met for <TaskInstance: parallel_dag.task_3 2022-04-12T00:00:00+00:00 [queued]>
[2022-04-13 07:09:07,553] {taskinstance.py:876} INFO - Dependencies all met for <TaskInstance: parallel_dag.task_3 2022-04-12T00:00:00+00:00 [queued]>
[2022-04-13 07:09:07,554] {taskinstance.py:1067} INFO - 
--------------------------------------------------------------------------------
[2022-04-13 07:09:07,554] {taskinstance.py:1068} INFO - Starting attempt 1 of 1
[2022-04-13 07:09:07,554] {taskinstance.py:1069} INFO - 
--------------------------------------------------------------------------------
[2022-04-13 07:09:07,672] {taskinstance.py:1087} INFO - Executing <Task(BashOperator): task_3> on 2022-04-12T00:00:00+00:00
[2022-04-13 07:09:07,689] {standard_task_runner.py:52} INFO - Started process 2425 to run task
[2022-04-13 07:09:07,740] {standard_task_runner.py:76} INFO - Running: ['airflow', 'tasks', 'run', 'parallel_dag', 'task_3', '2022-04-12T00:00:00+00:00', '--job-id', '9', '--pool', 'default_pool', '--raw', '--subdir', 'DAGS_FOLDER/parallel_dag.py', '--cfg-path', '/tmp/tmpl2g0_ehc', '--error-file', '/tmp/tmpjx3bka82']
[2022-04-13 07:09:07,743] {standard_task_runner.py:77} INFO - Job 9: Subtask task_3
[2022-04-13 07:09:08,943] {logging_mixin.py:104} INFO - Running <TaskInstance: parallel_dag.task_3 2022-04-12T00:00:00+00:00 [running]> on host 10.0.2.15
[2022-04-13 07:09:09,655] {taskinstance.py:1280} INFO - Exporting the following env vars:
AIRFLOW_CTX_DAG_OWNER=solfa
AIRFLOW_CTX_DAG_ID=parallel_dag
AIRFLOW_CTX_TASK_ID=task_3
AIRFLOW_CTX_EXECUTION_DATE=2022-04-12T00:00:00+00:00
AIRFLOW_CTX_DAG_RUN_ID=scheduled__2022-04-12T00:00:00+00:00
[2022-04-13 07:09:09,656] {subprocess.py:52} INFO - Tmp dir root location: 
 /tmp
[2022-04-13 07:09:09,656] {subprocess.py:63} INFO - Running command: ['bash', '-c', 'sleep 3']
[2022-04-13 07:09:09,717] {subprocess.py:75} INFO - Output:
[2022-04-13 07:09:12,738] {subprocess.py:83} INFO - Command exited with return code 0
[2022-04-13 07:09:13,213] {taskinstance.py:1184} INFO - Marking task as SUCCESS. dag_id=parallel_dag, task_id=task_3, execution_date=20220412T000000, start_date=20220413T070907, end_date=20220413T070913
[2022-04-13 07:09:13,601] {taskinstance.py:1245} INFO - 1 downstream tasks scheduled from follow-on schedule check
[2022-04-13 07:09:13,623] {local_task_job.py:151} INFO - Task exited with return code 0
