[2022-04-15 13:45:53,539] {taskinstance.py:1043} INFO - Dependencies all met for <TaskInstance: parallel_dag.task_1 scheduled__2020-01-05T00:00:00+00:00 [queued]>
[2022-04-15 13:45:54,166] {taskinstance.py:1043} INFO - Dependencies all met for <TaskInstance: parallel_dag.task_1 scheduled__2020-01-05T00:00:00+00:00 [queued]>
[2022-04-15 13:45:54,171] {taskinstance.py:1249} INFO - 
--------------------------------------------------------------------------------
[2022-04-15 13:45:54,214] {taskinstance.py:1250} INFO - Starting attempt 1 of 1
[2022-04-15 13:45:54,215] {taskinstance.py:1251} INFO - 
--------------------------------------------------------------------------------
[2022-04-15 13:45:55,196] {taskinstance.py:1270} INFO - Executing <Task(BashOperator): task_1> on 2020-01-05 00:00:00+00:00
[2022-04-15 13:45:55,341] {standard_task_runner.py:52} INFO - Started process 100105 to run task
[2022-04-15 13:45:55,867] {standard_task_runner.py:79} INFO - Running: ['airflow', 'tasks', 'run', 'parallel_dag', 'task_1', 'scheduled__2020-01-05T00:00:00+00:00', '--job-id', '34', '--raw', '--subdir', 'DAGS_FOLDER/parallel_dag.py', '--cfg-path', '/tmp/tmpw_729lwr', '--error-file', '/tmp/tmp0_557_wr']
[2022-04-15 13:45:56,016] {standard_task_runner.py:80} INFO - Job 34: Subtask task_1
[2022-04-15 13:46:01,774] {logging_mixin.py:109} INFO - Running <TaskInstance: parallel_dag.task_1 scheduled__2020-01-05T00:00:00+00:00 [running]> on host 10.0.2.15
[2022-04-15 13:46:04,791] {taskinstance.py:1446} INFO - Exporting the following env vars:
AIRFLOW_CTX_DAG_OWNER=solfa
AIRFLOW_CTX_DAG_ID=parallel_dag
AIRFLOW_CTX_TASK_ID=task_1
AIRFLOW_CTX_EXECUTION_DATE=2020-01-05T00:00:00+00:00
AIRFLOW_CTX_DAG_RUN_ID=scheduled__2020-01-05T00:00:00+00:00
[2022-04-15 13:46:04,810] {subprocess.py:62} INFO - Tmp dir root location: 
 /tmp
[2022-04-15 13:46:04,866] {subprocess.py:74} INFO - Running command: ['bash', '-c', 'sleep 3']
[2022-04-15 13:46:05,111] {subprocess.py:85} INFO - Output:
[2022-04-15 13:46:08,294] {subprocess.py:93} INFO - Command exited with return code 0
[2022-04-15 13:46:09,833] {taskinstance.py:1278} INFO - Marking task as SUCCESS. dag_id=parallel_dag, task_id=task_1, execution_date=20200105T000000, start_date=20220415T134553, end_date=20220415T134609
[2022-04-15 13:46:10,753] {local_task_job.py:154} INFO - Task exited with return code 0
[2022-04-15 13:46:13,411] {local_task_job.py:264} INFO - 2 downstream tasks scheduled from follow-on schedule check
[2022-04-15 15:53:26,908] {taskinstance.py:1043} INFO - Dependencies all met for <TaskInstance: parallel_dag.task_1 scheduled__2020-01-05T00:00:00+00:00 [queued]>
[2022-04-15 15:53:26,963] {taskinstance.py:1043} INFO - Dependencies all met for <TaskInstance: parallel_dag.task_1 scheduled__2020-01-05T00:00:00+00:00 [queued]>
[2022-04-15 15:53:26,964] {taskinstance.py:1249} INFO - 
--------------------------------------------------------------------------------
[2022-04-15 15:53:26,964] {taskinstance.py:1250} INFO - Starting attempt 1 of 1
[2022-04-15 15:53:26,964] {taskinstance.py:1251} INFO - 
--------------------------------------------------------------------------------
[2022-04-15 15:53:26,983] {taskinstance.py:1270} INFO - Executing <Task(BashOperator): task_1> on 2020-01-05 00:00:00+00:00
[2022-04-15 15:53:26,987] {standard_task_runner.py:52} INFO - Started process 173980 to run task
[2022-04-15 15:53:27,001] {standard_task_runner.py:79} INFO - Running: ['airflow', 'tasks', 'run', 'parallel_dag', 'task_1', 'scheduled__2020-01-05T00:00:00+00:00', '--job-id', '122', '--raw', '--subdir', 'DAGS_FOLDER/parallel_dag.py', '--cfg-path', '/tmp/tmp3dncl1cg', '--error-file', '/tmp/tmpgg50cxqu']
[2022-04-15 15:53:27,002] {standard_task_runner.py:80} INFO - Job 122: Subtask task_1
[2022-04-15 15:53:27,093] {logging_mixin.py:109} INFO - Running <TaskInstance: parallel_dag.task_1 scheduled__2020-01-05T00:00:00+00:00 [running]> on host 10.0.2.15
[2022-04-15 15:53:27,177] {taskinstance.py:1446} INFO - Exporting the following env vars:
AIRFLOW_CTX_DAG_OWNER=solfa
AIRFLOW_CTX_DAG_ID=parallel_dag
AIRFLOW_CTX_TASK_ID=task_1
AIRFLOW_CTX_EXECUTION_DATE=2020-01-05T00:00:00+00:00
AIRFLOW_CTX_DAG_RUN_ID=scheduled__2020-01-05T00:00:00+00:00
[2022-04-15 15:53:27,178] {subprocess.py:62} INFO - Tmp dir root location: 
 /tmp
[2022-04-15 15:53:27,178] {subprocess.py:74} INFO - Running command: ['bash', '-c', 'sleep 3']
[2022-04-15 15:53:27,186] {subprocess.py:85} INFO - Output:
[2022-04-15 15:53:30,201] {subprocess.py:93} INFO - Command exited with return code 0
[2022-04-15 15:53:30,645] {taskinstance.py:1278} INFO - Marking task as SUCCESS. dag_id=parallel_dag, task_id=task_1, execution_date=20200105T000000, start_date=20220415T155326, end_date=20220415T155330
[2022-04-15 15:53:30,695] {local_task_job.py:154} INFO - Task exited with return code 0
[2022-04-15 15:53:30,870] {local_task_job.py:264} INFO - 2 downstream tasks scheduled from follow-on schedule check
