[2022-04-15 13:49:49,335] {taskinstance.py:1043} INFO - Dependencies all met for <TaskInstance: parallel_dag.task_2 scheduled__2020-01-14T00:00:00+00:00 [queued]>
[2022-04-15 13:49:49,923] {taskinstance.py:1043} INFO - Dependencies all met for <TaskInstance: parallel_dag.task_2 scheduled__2020-01-14T00:00:00+00:00 [queued]>
[2022-04-15 13:49:49,957] {taskinstance.py:1249} INFO - 
--------------------------------------------------------------------------------
[2022-04-15 13:49:49,958] {taskinstance.py:1250} INFO - Starting attempt 1 of 1
[2022-04-15 13:49:49,962] {taskinstance.py:1251} INFO - 
--------------------------------------------------------------------------------
[2022-04-15 13:49:50,785] {taskinstance.py:1270} INFO - Executing <Task(PythonOperator): task_2> on 2020-01-14 00:00:00+00:00
[2022-04-15 13:49:50,883] {standard_task_runner.py:52} INFO - Started process 110201 to run task
[2022-04-15 13:49:51,134] {standard_task_runner.py:79} INFO - Running: ['airflow', 'tasks', 'run', 'parallel_dag', 'task_2', 'scheduled__2020-01-14T00:00:00+00:00', '--job-id', '81', '--raw', '--subdir', 'DAGS_FOLDER/parallel_dag.py', '--cfg-path', '/tmp/tmpy99rzjwo', '--error-file', '/tmp/tmpgfsogt8b']
[2022-04-15 13:49:51,182] {standard_task_runner.py:80} INFO - Job 81: Subtask task_2
[2022-04-15 13:49:54,424] {logging_mixin.py:109} INFO - Running <TaskInstance: parallel_dag.task_2 scheduled__2020-01-14T00:00:00+00:00 [running]> on host 10.0.2.15
[2022-04-15 13:49:57,493] {taskinstance.py:1446} INFO - Exporting the following env vars:
AIRFLOW_CTX_DAG_OWNER=solfa
AIRFLOW_CTX_DAG_ID=parallel_dag
AIRFLOW_CTX_TASK_ID=task_2
AIRFLOW_CTX_EXECUTION_DATE=2020-01-14T00:00:00+00:00
AIRFLOW_CTX_DAG_RUN_ID=scheduled__2020-01-14T00:00:00+00:00
[2022-04-15 13:50:00,543] {python.py:175} INFO - Done. Returned value was: None
[2022-04-15 13:50:00,976] {taskinstance.py:1278} INFO - Marking task as SUCCESS. dag_id=parallel_dag, task_id=task_2, execution_date=20200114T000000, start_date=20220415T134949, end_date=20220415T135000
[2022-04-15 13:50:01,564] {local_task_job.py:154} INFO - Task exited with return code 0
[2022-04-15 13:50:02,947] {local_task_job.py:264} INFO - 0 downstream tasks scheduled from follow-on schedule check
[2022-04-15 15:56:53,815] {taskinstance.py:1043} INFO - Dependencies all met for <TaskInstance: parallel_dag.task_2 scheduled__2020-01-14T00:00:00+00:00 [queued]>
[2022-04-15 15:56:53,872] {taskinstance.py:1043} INFO - Dependencies all met for <TaskInstance: parallel_dag.task_2 scheduled__2020-01-14T00:00:00+00:00 [queued]>
[2022-04-15 15:56:53,873] {taskinstance.py:1249} INFO - 
--------------------------------------------------------------------------------
[2022-04-15 15:56:53,873] {taskinstance.py:1250} INFO - Starting attempt 1 of 1
[2022-04-15 15:56:53,873] {taskinstance.py:1251} INFO - 
--------------------------------------------------------------------------------
[2022-04-15 15:56:53,895] {taskinstance.py:1270} INFO - Executing <Task(PythonOperator): task_2> on 2020-01-14 00:00:00+00:00
[2022-04-15 15:56:53,900] {standard_task_runner.py:52} INFO - Started process 182870 to run task
[2022-04-15 15:56:53,906] {standard_task_runner.py:79} INFO - Running: ['airflow', 'tasks', 'run', 'parallel_dag', 'task_2', 'scheduled__2020-01-14T00:00:00+00:00', '--job-id', '160', '--raw', '--subdir', 'DAGS_FOLDER/parallel_dag.py', '--cfg-path', '/tmp/tmpps734sp6', '--error-file', '/tmp/tmp0e9ofork']
[2022-04-15 15:56:53,907] {standard_task_runner.py:80} INFO - Job 160: Subtask task_2
[2022-04-15 15:56:54,007] {logging_mixin.py:109} INFO - Running <TaskInstance: parallel_dag.task_2 scheduled__2020-01-14T00:00:00+00:00 [running]> on host 10.0.2.15
[2022-04-15 15:56:54,117] {taskinstance.py:1446} INFO - Exporting the following env vars:
AIRFLOW_CTX_DAG_OWNER=solfa
AIRFLOW_CTX_DAG_ID=parallel_dag
AIRFLOW_CTX_TASK_ID=task_2
AIRFLOW_CTX_EXECUTION_DATE=2020-01-14T00:00:00+00:00
AIRFLOW_CTX_DAG_RUN_ID=scheduled__2020-01-14T00:00:00+00:00
[2022-04-15 15:56:57,121] {python.py:175} INFO - Done. Returned value was: None
[2022-04-15 15:56:57,146] {taskinstance.py:1278} INFO - Marking task as SUCCESS. dag_id=parallel_dag, task_id=task_2, execution_date=20200114T000000, start_date=20220415T155653, end_date=20220415T155657
[2022-04-15 15:56:57,178] {local_task_job.py:154} INFO - Task exited with return code 0
[2022-04-15 15:56:57,227] {local_task_job.py:264} INFO - 0 downstream tasks scheduled from follow-on schedule check
