[2022-04-15 13:47:53,644] {taskinstance.py:1043} INFO - Dependencies all met for <TaskInstance: parallel_dag.task_2 scheduled__2020-01-07T00:00:00+00:00 [queued]>
[2022-04-15 13:47:54,457] {taskinstance.py:1043} INFO - Dependencies all met for <TaskInstance: parallel_dag.task_2 scheduled__2020-01-07T00:00:00+00:00 [queued]>
[2022-04-15 13:47:54,459] {taskinstance.py:1249} INFO - 
--------------------------------------------------------------------------------
[2022-04-15 13:47:54,518] {taskinstance.py:1250} INFO - Starting attempt 1 of 1
[2022-04-15 13:47:54,518] {taskinstance.py:1251} INFO - 
--------------------------------------------------------------------------------
[2022-04-15 13:47:55,589] {taskinstance.py:1270} INFO - Executing <Task(PythonOperator): task_2> on 2020-01-07 00:00:00+00:00
[2022-04-15 13:47:55,811] {standard_task_runner.py:52} INFO - Started process 104992 to run task
[2022-04-15 13:47:55,860] {standard_task_runner.py:79} INFO - Running: ['airflow', 'tasks', 'run', 'parallel_dag', 'task_2', 'scheduled__2020-01-07T00:00:00+00:00', '--job-id', '54', '--raw', '--subdir', 'DAGS_FOLDER/parallel_dag.py', '--cfg-path', '/tmp/tmp4lwtdd8b', '--error-file', '/tmp/tmpit7xc37u']
[2022-04-15 13:47:56,532] {standard_task_runner.py:80} INFO - Job 54: Subtask task_2
[2022-04-15 13:48:02,953] {logging_mixin.py:109} INFO - Running <TaskInstance: parallel_dag.task_2 scheduled__2020-01-07T00:00:00+00:00 [running]> on host 10.0.2.15
[2022-04-15 13:48:09,010] {taskinstance.py:1446} INFO - Exporting the following env vars:
AIRFLOW_CTX_DAG_OWNER=solfa
AIRFLOW_CTX_DAG_ID=parallel_dag
AIRFLOW_CTX_TASK_ID=task_2
AIRFLOW_CTX_EXECUTION_DATE=2020-01-07T00:00:00+00:00
AIRFLOW_CTX_DAG_RUN_ID=scheduled__2020-01-07T00:00:00+00:00
[2022-04-15 13:48:12,038] {python.py:175} INFO - Done. Returned value was: None
[2022-04-15 13:48:23,779] {taskinstance.py:1278} INFO - Marking task as SUCCESS. dag_id=parallel_dag, task_id=task_2, execution_date=20200107T000000, start_date=20220415T134753, end_date=20220415T134823
[2022-04-15 13:48:26,364] {local_task_job.py:154} INFO - Task exited with return code 0
[2022-04-15 13:48:30,424] {local_task_job.py:264} INFO - 0 downstream tasks scheduled from follow-on schedule check
[2022-04-15 15:55:41,002] {taskinstance.py:1043} INFO - Dependencies all met for <TaskInstance: parallel_dag.task_2 scheduled__2020-01-07T00:00:00+00:00 [queued]>
[2022-04-15 15:55:41,060] {taskinstance.py:1043} INFO - Dependencies all met for <TaskInstance: parallel_dag.task_2 scheduled__2020-01-07T00:00:00+00:00 [queued]>
[2022-04-15 15:55:41,060] {taskinstance.py:1249} INFO - 
--------------------------------------------------------------------------------
[2022-04-15 15:55:41,060] {taskinstance.py:1250} INFO - Starting attempt 1 of 1
[2022-04-15 15:55:41,060] {taskinstance.py:1251} INFO - 
--------------------------------------------------------------------------------
[2022-04-15 15:55:41,079] {taskinstance.py:1270} INFO - Executing <Task(PythonOperator): task_2> on 2020-01-07 00:00:00+00:00
[2022-04-15 15:55:41,081] {standard_task_runner.py:52} INFO - Started process 179758 to run task
[2022-04-15 15:55:41,088] {standard_task_runner.py:79} INFO - Running: ['airflow', 'tasks', 'run', 'parallel_dag', 'task_2', 'scheduled__2020-01-07T00:00:00+00:00', '--job-id', '147', '--raw', '--subdir', 'DAGS_FOLDER/parallel_dag.py', '--cfg-path', '/tmp/tmppz25a1_l', '--error-file', '/tmp/tmpw0ldfaxt']
[2022-04-15 15:55:41,093] {standard_task_runner.py:80} INFO - Job 147: Subtask task_2
[2022-04-15 15:55:41,233] {logging_mixin.py:109} INFO - Running <TaskInstance: parallel_dag.task_2 scheduled__2020-01-07T00:00:00+00:00 [running]> on host 10.0.2.15
[2022-04-15 15:55:41,361] {taskinstance.py:1446} INFO - Exporting the following env vars:
AIRFLOW_CTX_DAG_OWNER=solfa
AIRFLOW_CTX_DAG_ID=parallel_dag
AIRFLOW_CTX_TASK_ID=task_2
AIRFLOW_CTX_EXECUTION_DATE=2020-01-07T00:00:00+00:00
AIRFLOW_CTX_DAG_RUN_ID=scheduled__2020-01-07T00:00:00+00:00
[2022-04-15 15:55:44,365] {python.py:175} INFO - Done. Returned value was: None
[2022-04-15 15:55:44,394] {taskinstance.py:1278} INFO - Marking task as SUCCESS. dag_id=parallel_dag, task_id=task_2, execution_date=20200107T000000, start_date=20220415T155541, end_date=20220415T155544
[2022-04-15 15:55:44,447] {local_task_job.py:154} INFO - Task exited with return code 0
[2022-04-15 15:55:44,562] {local_task_job.py:264} INFO - 1 downstream tasks scheduled from follow-on schedule check
