[2022-04-21 13:48:20,210] {processor.py:163} INFO - Started process (PID=112430) to work on /home/airflow/airflow/dags/subdags/subdag_parallel_dag.py
[2022-04-21 13:48:20,235] {processor.py:642} INFO - Processing file /home/airflow/airflow/dags/subdags/subdag_parallel_dag.py for tasks to queue
[2022-04-21 13:48:20,242] {logging_mixin.py:109} INFO - [2022-04-21 13:48:20,242] {dagbag.py:500} INFO - Filling up the DagBag from /home/airflow/airflow/dags/subdags/subdag_parallel_dag.py
[2022-04-21 13:48:20,406] {processor.py:654} WARNING - No viable dags retrieved from /home/airflow/airflow/dags/subdags/subdag_parallel_dag.py
[2022-04-21 13:48:20,683] {processor.py:171} INFO - Processing /home/airflow/airflow/dags/subdags/subdag_parallel_dag.py took 0.553 seconds
[2022-04-21 13:48:51,207] {processor.py:163} INFO - Started process (PID=112908) to work on /home/airflow/airflow/dags/subdags/subdag_parallel_dag.py
[2022-04-21 13:48:51,218] {processor.py:642} INFO - Processing file /home/airflow/airflow/dags/subdags/subdag_parallel_dag.py for tasks to queue
[2022-04-21 13:48:51,220] {logging_mixin.py:109} INFO - [2022-04-21 13:48:51,220] {dagbag.py:500} INFO - Filling up the DagBag from /home/airflow/airflow/dags/subdags/subdag_parallel_dag.py
[2022-04-21 13:48:51,243] {processor.py:654} WARNING - No viable dags retrieved from /home/airflow/airflow/dags/subdags/subdag_parallel_dag.py
[2022-04-21 13:48:51,302] {processor.py:171} INFO - Processing /home/airflow/airflow/dags/subdags/subdag_parallel_dag.py took 0.106 seconds
[2022-04-21 13:49:21,600] {processor.py:163} INFO - Started process (PID=113113) to work on /home/airflow/airflow/dags/subdags/subdag_parallel_dag.py
[2022-04-21 13:49:21,604] {processor.py:642} INFO - Processing file /home/airflow/airflow/dags/subdags/subdag_parallel_dag.py for tasks to queue
[2022-04-21 13:49:21,606] {logging_mixin.py:109} INFO - [2022-04-21 13:49:21,605] {dagbag.py:500} INFO - Filling up the DagBag from /home/airflow/airflow/dags/subdags/subdag_parallel_dag.py
[2022-04-21 13:49:21,629] {processor.py:654} WARNING - No viable dags retrieved from /home/airflow/airflow/dags/subdags/subdag_parallel_dag.py
[2022-04-21 13:49:21,685] {processor.py:171} INFO - Processing /home/airflow/airflow/dags/subdags/subdag_parallel_dag.py took 0.095 seconds
[2022-04-21 13:49:51,960] {processor.py:163} INFO - Started process (PID=113314) to work on /home/airflow/airflow/dags/subdags/subdag_parallel_dag.py
[2022-04-21 13:49:51,962] {processor.py:642} INFO - Processing file /home/airflow/airflow/dags/subdags/subdag_parallel_dag.py for tasks to queue
[2022-04-21 13:49:51,964] {logging_mixin.py:109} INFO - [2022-04-21 13:49:51,964] {dagbag.py:500} INFO - Filling up the DagBag from /home/airflow/airflow/dags/subdags/subdag_parallel_dag.py
[2022-04-21 13:49:51,988] {processor.py:654} WARNING - No viable dags retrieved from /home/airflow/airflow/dags/subdags/subdag_parallel_dag.py
[2022-04-21 13:49:52,040] {processor.py:171} INFO - Processing /home/airflow/airflow/dags/subdags/subdag_parallel_dag.py took 0.091 seconds
[2022-04-21 13:50:22,464] {processor.py:163} INFO - Started process (PID=113519) to work on /home/airflow/airflow/dags/subdags/subdag_parallel_dag.py
[2022-04-21 13:50:22,471] {processor.py:642} INFO - Processing file /home/airflow/airflow/dags/subdags/subdag_parallel_dag.py for tasks to queue
[2022-04-21 13:50:22,474] {logging_mixin.py:109} INFO - [2022-04-21 13:50:22,473] {dagbag.py:500} INFO - Filling up the DagBag from /home/airflow/airflow/dags/subdags/subdag_parallel_dag.py
[2022-04-21 13:50:22,496] {processor.py:654} WARNING - No viable dags retrieved from /home/airflow/airflow/dags/subdags/subdag_parallel_dag.py
[2022-04-21 13:50:22,543] {processor.py:171} INFO - Processing /home/airflow/airflow/dags/subdags/subdag_parallel_dag.py took 0.085 seconds
[2022-04-21 13:50:53,027] {processor.py:163} INFO - Started process (PID=113720) to work on /home/airflow/airflow/dags/subdags/subdag_parallel_dag.py
[2022-04-21 13:50:53,034] {processor.py:642} INFO - Processing file /home/airflow/airflow/dags/subdags/subdag_parallel_dag.py for tasks to queue
[2022-04-21 13:50:53,036] {logging_mixin.py:109} INFO - [2022-04-21 13:50:53,036] {dagbag.py:500} INFO - Filling up the DagBag from /home/airflow/airflow/dags/subdags/subdag_parallel_dag.py
[2022-04-21 13:50:53,058] {processor.py:654} WARNING - No viable dags retrieved from /home/airflow/airflow/dags/subdags/subdag_parallel_dag.py
[2022-04-21 13:50:53,115] {processor.py:171} INFO - Processing /home/airflow/airflow/dags/subdags/subdag_parallel_dag.py took 0.097 seconds
[2022-04-21 13:51:23,385] {processor.py:163} INFO - Started process (PID=113919) to work on /home/airflow/airflow/dags/subdags/subdag_parallel_dag.py
[2022-04-21 13:51:23,388] {processor.py:642} INFO - Processing file /home/airflow/airflow/dags/subdags/subdag_parallel_dag.py for tasks to queue
[2022-04-21 13:51:23,390] {logging_mixin.py:109} INFO - [2022-04-21 13:51:23,389] {dagbag.py:500} INFO - Filling up the DagBag from /home/airflow/airflow/dags/subdags/subdag_parallel_dag.py
[2022-04-21 13:51:23,411] {processor.py:654} WARNING - No viable dags retrieved from /home/airflow/airflow/dags/subdags/subdag_parallel_dag.py
[2022-04-21 13:51:23,463] {processor.py:171} INFO - Processing /home/airflow/airflow/dags/subdags/subdag_parallel_dag.py took 0.086 seconds
[2022-04-21 13:51:54,303] {processor.py:163} INFO - Started process (PID=114122) to work on /home/airflow/airflow/dags/subdags/subdag_parallel_dag.py
[2022-04-21 13:51:54,311] {processor.py:642} INFO - Processing file /home/airflow/airflow/dags/subdags/subdag_parallel_dag.py for tasks to queue
[2022-04-21 13:51:54,312] {logging_mixin.py:109} INFO - [2022-04-21 13:51:54,312] {dagbag.py:500} INFO - Filling up the DagBag from /home/airflow/airflow/dags/subdags/subdag_parallel_dag.py
[2022-04-21 13:51:54,338] {processor.py:654} WARNING - No viable dags retrieved from /home/airflow/airflow/dags/subdags/subdag_parallel_dag.py
[2022-04-21 13:51:54,390] {processor.py:171} INFO - Processing /home/airflow/airflow/dags/subdags/subdag_parallel_dag.py took 0.097 seconds
[2022-04-21 13:52:24,927] {processor.py:163} INFO - Started process (PID=114356) to work on /home/airflow/airflow/dags/subdags/subdag_parallel_dag.py
[2022-04-21 13:52:24,932] {processor.py:642} INFO - Processing file /home/airflow/airflow/dags/subdags/subdag_parallel_dag.py for tasks to queue
[2022-04-21 13:52:24,934] {logging_mixin.py:109} INFO - [2022-04-21 13:52:24,934] {dagbag.py:500} INFO - Filling up the DagBag from /home/airflow/airflow/dags/subdags/subdag_parallel_dag.py
[2022-04-21 13:52:24,955] {processor.py:654} WARNING - No viable dags retrieved from /home/airflow/airflow/dags/subdags/subdag_parallel_dag.py
[2022-04-21 13:52:25,009] {processor.py:171} INFO - Processing /home/airflow/airflow/dags/subdags/subdag_parallel_dag.py took 0.093 seconds
[2022-04-21 13:52:55,719] {processor.py:163} INFO - Started process (PID=114637) to work on /home/airflow/airflow/dags/subdags/subdag_parallel_dag.py
[2022-04-21 13:52:55,723] {processor.py:642} INFO - Processing file /home/airflow/airflow/dags/subdags/subdag_parallel_dag.py for tasks to queue
[2022-04-21 13:52:55,724] {logging_mixin.py:109} INFO - [2022-04-21 13:52:55,724] {dagbag.py:500} INFO - Filling up the DagBag from /home/airflow/airflow/dags/subdags/subdag_parallel_dag.py
[2022-04-21 13:52:55,750] {processor.py:654} WARNING - No viable dags retrieved from /home/airflow/airflow/dags/subdags/subdag_parallel_dag.py
[2022-04-21 13:52:55,802] {processor.py:171} INFO - Processing /home/airflow/airflow/dags/subdags/subdag_parallel_dag.py took 0.093 seconds
[2022-04-21 13:53:26,512] {processor.py:163} INFO - Started process (PID=115112) to work on /home/airflow/airflow/dags/subdags/subdag_parallel_dag.py
[2022-04-21 13:53:26,518] {processor.py:642} INFO - Processing file /home/airflow/airflow/dags/subdags/subdag_parallel_dag.py for tasks to queue
[2022-04-21 13:53:26,520] {logging_mixin.py:109} INFO - [2022-04-21 13:53:26,520] {dagbag.py:500} INFO - Filling up the DagBag from /home/airflow/airflow/dags/subdags/subdag_parallel_dag.py
[2022-04-21 13:53:26,561] {processor.py:654} WARNING - No viable dags retrieved from /home/airflow/airflow/dags/subdags/subdag_parallel_dag.py
[2022-04-21 13:53:26,653] {processor.py:171} INFO - Processing /home/airflow/airflow/dags/subdags/subdag_parallel_dag.py took 0.150 seconds
[2022-04-21 13:53:57,210] {processor.py:163} INFO - Started process (PID=115390) to work on /home/airflow/airflow/dags/subdags/subdag_parallel_dag.py
[2022-04-21 13:53:57,218] {processor.py:642} INFO - Processing file /home/airflow/airflow/dags/subdags/subdag_parallel_dag.py for tasks to queue
[2022-04-21 13:53:57,220] {logging_mixin.py:109} INFO - [2022-04-21 13:53:57,220] {dagbag.py:500} INFO - Filling up the DagBag from /home/airflow/airflow/dags/subdags/subdag_parallel_dag.py
[2022-04-21 13:53:57,244] {processor.py:654} WARNING - No viable dags retrieved from /home/airflow/airflow/dags/subdags/subdag_parallel_dag.py
[2022-04-21 13:53:57,325] {processor.py:171} INFO - Processing /home/airflow/airflow/dags/subdags/subdag_parallel_dag.py took 0.125 seconds
[2022-04-21 13:54:27,430] {processor.py:163} INFO - Started process (PID=115589) to work on /home/airflow/airflow/dags/subdags/subdag_parallel_dag.py
[2022-04-21 13:54:27,432] {processor.py:642} INFO - Processing file /home/airflow/airflow/dags/subdags/subdag_parallel_dag.py for tasks to queue
[2022-04-21 13:54:27,434] {logging_mixin.py:109} INFO - [2022-04-21 13:54:27,434] {dagbag.py:500} INFO - Filling up the DagBag from /home/airflow/airflow/dags/subdags/subdag_parallel_dag.py
[2022-04-21 13:54:27,458] {processor.py:654} WARNING - No viable dags retrieved from /home/airflow/airflow/dags/subdags/subdag_parallel_dag.py
[2022-04-21 13:54:27,507] {processor.py:171} INFO - Processing /home/airflow/airflow/dags/subdags/subdag_parallel_dag.py took 0.089 seconds
[2022-04-21 13:54:58,072] {processor.py:163} INFO - Started process (PID=115790) to work on /home/airflow/airflow/dags/subdags/subdag_parallel_dag.py
[2022-04-21 13:54:58,078] {processor.py:642} INFO - Processing file /home/airflow/airflow/dags/subdags/subdag_parallel_dag.py for tasks to queue
[2022-04-21 13:54:58,080] {logging_mixin.py:109} INFO - [2022-04-21 13:54:58,080] {dagbag.py:500} INFO - Filling up the DagBag from /home/airflow/airflow/dags/subdags/subdag_parallel_dag.py
[2022-04-21 13:54:58,104] {processor.py:654} WARNING - No viable dags retrieved from /home/airflow/airflow/dags/subdags/subdag_parallel_dag.py
[2022-04-21 13:54:58,163] {processor.py:171} INFO - Processing /home/airflow/airflow/dags/subdags/subdag_parallel_dag.py took 0.100 seconds
[2022-04-21 13:55:28,701] {processor.py:163} INFO - Started process (PID=115873) to work on /home/airflow/airflow/dags/subdags/subdag_parallel_dag.py
[2022-04-21 13:55:28,704] {processor.py:642} INFO - Processing file /home/airflow/airflow/dags/subdags/subdag_parallel_dag.py for tasks to queue
[2022-04-21 13:55:28,705] {logging_mixin.py:109} INFO - [2022-04-21 13:55:28,705] {dagbag.py:500} INFO - Filling up the DagBag from /home/airflow/airflow/dags/subdags/subdag_parallel_dag.py
[2022-04-21 13:55:28,727] {processor.py:654} WARNING - No viable dags retrieved from /home/airflow/airflow/dags/subdags/subdag_parallel_dag.py
[2022-04-21 13:55:28,783] {processor.py:171} INFO - Processing /home/airflow/airflow/dags/subdags/subdag_parallel_dag.py took 0.091 seconds
[2022-04-21 13:55:59,064] {processor.py:163} INFO - Started process (PID=116259) to work on /home/airflow/airflow/dags/subdags/subdag_parallel_dag.py
[2022-04-21 13:55:59,068] {processor.py:642} INFO - Processing file /home/airflow/airflow/dags/subdags/subdag_parallel_dag.py for tasks to queue
[2022-04-21 13:55:59,069] {logging_mixin.py:109} INFO - [2022-04-21 13:55:59,069] {dagbag.py:500} INFO - Filling up the DagBag from /home/airflow/airflow/dags/subdags/subdag_parallel_dag.py
[2022-04-21 13:55:59,096] {processor.py:654} WARNING - No viable dags retrieved from /home/airflow/airflow/dags/subdags/subdag_parallel_dag.py
[2022-04-21 13:55:59,223] {processor.py:171} INFO - Processing /home/airflow/airflow/dags/subdags/subdag_parallel_dag.py took 0.169 seconds
[2022-04-21 13:56:29,570] {processor.py:163} INFO - Started process (PID=116310) to work on /home/airflow/airflow/dags/subdags/subdag_parallel_dag.py
[2022-04-21 13:56:29,577] {processor.py:642} INFO - Processing file /home/airflow/airflow/dags/subdags/subdag_parallel_dag.py for tasks to queue
[2022-04-21 13:56:29,579] {logging_mixin.py:109} INFO - [2022-04-21 13:56:29,579] {dagbag.py:500} INFO - Filling up the DagBag from /home/airflow/airflow/dags/subdags/subdag_parallel_dag.py
[2022-04-21 13:56:29,603] {processor.py:654} WARNING - No viable dags retrieved from /home/airflow/airflow/dags/subdags/subdag_parallel_dag.py
[2022-04-21 13:56:29,652] {processor.py:171} INFO - Processing /home/airflow/airflow/dags/subdags/subdag_parallel_dag.py took 0.092 seconds
[2022-04-21 13:57:00,105] {processor.py:163} INFO - Started process (PID=116372) to work on /home/airflow/airflow/dags/subdags/subdag_parallel_dag.py
[2022-04-21 13:57:00,109] {processor.py:642} INFO - Processing file /home/airflow/airflow/dags/subdags/subdag_parallel_dag.py for tasks to queue
[2022-04-21 13:57:00,112] {logging_mixin.py:109} INFO - [2022-04-21 13:57:00,112] {dagbag.py:500} INFO - Filling up the DagBag from /home/airflow/airflow/dags/subdags/subdag_parallel_dag.py
[2022-04-21 13:57:00,156] {processor.py:654} WARNING - No viable dags retrieved from /home/airflow/airflow/dags/subdags/subdag_parallel_dag.py
[2022-04-21 13:57:00,255] {processor.py:171} INFO - Processing /home/airflow/airflow/dags/subdags/subdag_parallel_dag.py took 0.185 seconds
[2022-04-21 13:57:30,900] {processor.py:163} INFO - Started process (PID=116458) to work on /home/airflow/airflow/dags/subdags/subdag_parallel_dag.py
[2022-04-21 13:57:30,903] {processor.py:642} INFO - Processing file /home/airflow/airflow/dags/subdags/subdag_parallel_dag.py for tasks to queue
[2022-04-21 13:57:30,905] {logging_mixin.py:109} INFO - [2022-04-21 13:57:30,905] {dagbag.py:500} INFO - Filling up the DagBag from /home/airflow/airflow/dags/subdags/subdag_parallel_dag.py
[2022-04-21 13:57:30,926] {processor.py:654} WARNING - No viable dags retrieved from /home/airflow/airflow/dags/subdags/subdag_parallel_dag.py
[2022-04-21 13:57:30,974] {processor.py:171} INFO - Processing /home/airflow/airflow/dags/subdags/subdag_parallel_dag.py took 0.084 seconds
[2022-04-21 13:58:01,383] {processor.py:163} INFO - Started process (PID=116572) to work on /home/airflow/airflow/dags/subdags/subdag_parallel_dag.py
[2022-04-21 13:58:01,391] {processor.py:642} INFO - Processing file /home/airflow/airflow/dags/subdags/subdag_parallel_dag.py for tasks to queue
[2022-04-21 13:58:01,392] {logging_mixin.py:109} INFO - [2022-04-21 13:58:01,392] {dagbag.py:500} INFO - Filling up the DagBag from /home/airflow/airflow/dags/subdags/subdag_parallel_dag.py
[2022-04-21 13:58:01,413] {processor.py:654} WARNING - No viable dags retrieved from /home/airflow/airflow/dags/subdags/subdag_parallel_dag.py
[2022-04-21 13:58:01,459] {processor.py:171} INFO - Processing /home/airflow/airflow/dags/subdags/subdag_parallel_dag.py took 0.086 seconds
[2022-04-21 13:58:31,836] {processor.py:163} INFO - Started process (PID=116943) to work on /home/airflow/airflow/dags/subdags/subdag_parallel_dag.py
[2022-04-21 13:58:31,839] {processor.py:642} INFO - Processing file /home/airflow/airflow/dags/subdags/subdag_parallel_dag.py for tasks to queue
[2022-04-21 13:58:31,840] {logging_mixin.py:109} INFO - [2022-04-21 13:58:31,840] {dagbag.py:500} INFO - Filling up the DagBag from /home/airflow/airflow/dags/subdags/subdag_parallel_dag.py
[2022-04-21 13:58:31,862] {processor.py:654} WARNING - No viable dags retrieved from /home/airflow/airflow/dags/subdags/subdag_parallel_dag.py
[2022-04-21 13:58:31,912] {processor.py:171} INFO - Processing /home/airflow/airflow/dags/subdags/subdag_parallel_dag.py took 0.086 seconds
[2022-04-21 13:59:02,415] {processor.py:163} INFO - Started process (PID=117020) to work on /home/airflow/airflow/dags/subdags/subdag_parallel_dag.py
[2022-04-21 13:59:02,420] {processor.py:642} INFO - Processing file /home/airflow/airflow/dags/subdags/subdag_parallel_dag.py for tasks to queue
[2022-04-21 13:59:02,422] {logging_mixin.py:109} INFO - [2022-04-21 13:59:02,422] {dagbag.py:500} INFO - Filling up the DagBag from /home/airflow/airflow/dags/subdags/subdag_parallel_dag.py
[2022-04-21 13:59:02,443] {processor.py:654} WARNING - No viable dags retrieved from /home/airflow/airflow/dags/subdags/subdag_parallel_dag.py
[2022-04-21 13:59:02,490] {processor.py:171} INFO - Processing /home/airflow/airflow/dags/subdags/subdag_parallel_dag.py took 0.085 seconds
[2022-04-21 13:59:33,053] {processor.py:163} INFO - Started process (PID=117099) to work on /home/airflow/airflow/dags/subdags/subdag_parallel_dag.py
[2022-04-21 13:59:33,059] {processor.py:642} INFO - Processing file /home/airflow/airflow/dags/subdags/subdag_parallel_dag.py for tasks to queue
[2022-04-21 13:59:33,060] {logging_mixin.py:109} INFO - [2022-04-21 13:59:33,060] {dagbag.py:500} INFO - Filling up the DagBag from /home/airflow/airflow/dags/subdags/subdag_parallel_dag.py
[2022-04-21 13:59:33,081] {processor.py:654} WARNING - No viable dags retrieved from /home/airflow/airflow/dags/subdags/subdag_parallel_dag.py
[2022-04-21 13:59:33,131] {processor.py:171} INFO - Processing /home/airflow/airflow/dags/subdags/subdag_parallel_dag.py took 0.088 seconds
[2022-04-21 14:00:03,771] {processor.py:163} INFO - Started process (PID=117459) to work on /home/airflow/airflow/dags/subdags/subdag_parallel_dag.py
[2022-04-21 14:00:03,781] {processor.py:642} INFO - Processing file /home/airflow/airflow/dags/subdags/subdag_parallel_dag.py for tasks to queue
[2022-04-21 14:00:03,786] {logging_mixin.py:109} INFO - [2022-04-21 14:00:03,785] {dagbag.py:500} INFO - Filling up the DagBag from /home/airflow/airflow/dags/subdags/subdag_parallel_dag.py
[2022-04-21 14:00:03,880] {processor.py:654} WARNING - No viable dags retrieved from /home/airflow/airflow/dags/subdags/subdag_parallel_dag.py
[2022-04-21 14:00:04,111] {processor.py:171} INFO - Processing /home/airflow/airflow/dags/subdags/subdag_parallel_dag.py took 0.472 seconds
[2022-04-21 14:00:34,714] {processor.py:163} INFO - Started process (PID=117535) to work on /home/airflow/airflow/dags/subdags/subdag_parallel_dag.py
[2022-04-21 14:00:34,740] {processor.py:642} INFO - Processing file /home/airflow/airflow/dags/subdags/subdag_parallel_dag.py for tasks to queue
[2022-04-21 14:00:34,742] {logging_mixin.py:109} INFO - [2022-04-21 14:00:34,742] {dagbag.py:500} INFO - Filling up the DagBag from /home/airflow/airflow/dags/subdags/subdag_parallel_dag.py
[2022-04-21 14:00:34,777] {processor.py:654} WARNING - No viable dags retrieved from /home/airflow/airflow/dags/subdags/subdag_parallel_dag.py
[2022-04-21 14:00:34,896] {processor.py:171} INFO - Processing /home/airflow/airflow/dags/subdags/subdag_parallel_dag.py took 0.191 seconds
[2022-04-21 14:01:05,371] {processor.py:163} INFO - Started process (PID=117556) to work on /home/airflow/airflow/dags/subdags/subdag_parallel_dag.py
[2022-04-21 14:01:05,374] {processor.py:642} INFO - Processing file /home/airflow/airflow/dags/subdags/subdag_parallel_dag.py for tasks to queue
[2022-04-21 14:01:05,376] {logging_mixin.py:109} INFO - [2022-04-21 14:01:05,375] {dagbag.py:500} INFO - Filling up the DagBag from /home/airflow/airflow/dags/subdags/subdag_parallel_dag.py
[2022-04-21 14:01:05,395] {processor.py:654} WARNING - No viable dags retrieved from /home/airflow/airflow/dags/subdags/subdag_parallel_dag.py
[2022-04-21 14:01:05,448] {processor.py:171} INFO - Processing /home/airflow/airflow/dags/subdags/subdag_parallel_dag.py took 0.088 seconds
[2022-04-21 14:01:36,066] {processor.py:163} INFO - Started process (PID=117637) to work on /home/airflow/airflow/dags/subdags/subdag_parallel_dag.py
[2022-04-21 14:01:36,072] {processor.py:642} INFO - Processing file /home/airflow/airflow/dags/subdags/subdag_parallel_dag.py for tasks to queue
[2022-04-21 14:01:36,074] {logging_mixin.py:109} INFO - [2022-04-21 14:01:36,074] {dagbag.py:500} INFO - Filling up the DagBag from /home/airflow/airflow/dags/subdags/subdag_parallel_dag.py
[2022-04-21 14:01:36,133] {processor.py:654} WARNING - No viable dags retrieved from /home/airflow/airflow/dags/subdags/subdag_parallel_dag.py
[2022-04-21 14:01:36,204] {processor.py:171} INFO - Processing /home/airflow/airflow/dags/subdags/subdag_parallel_dag.py took 0.149 seconds
[2022-04-21 14:02:06,529] {processor.py:163} INFO - Started process (PID=117692) to work on /home/airflow/airflow/dags/subdags/subdag_parallel_dag.py
[2022-04-21 14:02:06,533] {processor.py:642} INFO - Processing file /home/airflow/airflow/dags/subdags/subdag_parallel_dag.py for tasks to queue
[2022-04-21 14:02:06,534] {logging_mixin.py:109} INFO - [2022-04-21 14:02:06,534] {dagbag.py:500} INFO - Filling up the DagBag from /home/airflow/airflow/dags/subdags/subdag_parallel_dag.py
[2022-04-21 14:02:06,564] {processor.py:654} WARNING - No viable dags retrieved from /home/airflow/airflow/dags/subdags/subdag_parallel_dag.py
[2022-04-21 14:02:06,612] {processor.py:171} INFO - Processing /home/airflow/airflow/dags/subdags/subdag_parallel_dag.py took 0.092 seconds
[2022-04-21 14:02:37,002] {processor.py:163} INFO - Started process (PID=117771) to work on /home/airflow/airflow/dags/subdags/subdag_parallel_dag.py
[2022-04-21 14:02:37,009] {processor.py:642} INFO - Processing file /home/airflow/airflow/dags/subdags/subdag_parallel_dag.py for tasks to queue
[2022-04-21 14:02:37,011] {logging_mixin.py:109} INFO - [2022-04-21 14:02:37,010] {dagbag.py:500} INFO - Filling up the DagBag from /home/airflow/airflow/dags/subdags/subdag_parallel_dag.py
[2022-04-21 14:02:37,032] {processor.py:654} WARNING - No viable dags retrieved from /home/airflow/airflow/dags/subdags/subdag_parallel_dag.py
[2022-04-21 14:02:37,092] {processor.py:171} INFO - Processing /home/airflow/airflow/dags/subdags/subdag_parallel_dag.py took 0.102 seconds
[2022-04-21 14:03:07,565] {processor.py:163} INFO - Started process (PID=117790) to work on /home/airflow/airflow/dags/subdags/subdag_parallel_dag.py
[2022-04-21 14:03:07,572] {processor.py:642} INFO - Processing file /home/airflow/airflow/dags/subdags/subdag_parallel_dag.py for tasks to queue
[2022-04-21 14:03:07,575] {logging_mixin.py:109} INFO - [2022-04-21 14:03:07,574] {dagbag.py:500} INFO - Filling up the DagBag from /home/airflow/airflow/dags/subdags/subdag_parallel_dag.py
[2022-04-21 14:03:07,595] {processor.py:654} WARNING - No viable dags retrieved from /home/airflow/airflow/dags/subdags/subdag_parallel_dag.py
[2022-04-21 14:03:07,684] {processor.py:171} INFO - Processing /home/airflow/airflow/dags/subdags/subdag_parallel_dag.py took 0.125 seconds
[2022-04-21 14:03:38,138] {processor.py:163} INFO - Started process (PID=118121) to work on /home/airflow/airflow/dags/subdags/subdag_parallel_dag.py
[2022-04-21 14:03:38,144] {processor.py:642} INFO - Processing file /home/airflow/airflow/dags/subdags/subdag_parallel_dag.py for tasks to queue
[2022-04-21 14:03:38,145] {logging_mixin.py:109} INFO - [2022-04-21 14:03:38,145] {dagbag.py:500} INFO - Filling up the DagBag from /home/airflow/airflow/dags/subdags/subdag_parallel_dag.py
[2022-04-21 14:03:38,166] {processor.py:654} WARNING - No viable dags retrieved from /home/airflow/airflow/dags/subdags/subdag_parallel_dag.py
[2022-04-21 14:03:38,214] {processor.py:171} INFO - Processing /home/airflow/airflow/dags/subdags/subdag_parallel_dag.py took 0.086 seconds
[2022-04-21 14:04:08,435] {processor.py:163} INFO - Started process (PID=118143) to work on /home/airflow/airflow/dags/subdags/subdag_parallel_dag.py
[2022-04-21 14:04:08,438] {processor.py:642} INFO - Processing file /home/airflow/airflow/dags/subdags/subdag_parallel_dag.py for tasks to queue
[2022-04-21 14:04:08,440] {logging_mixin.py:109} INFO - [2022-04-21 14:04:08,440] {dagbag.py:500} INFO - Filling up the DagBag from /home/airflow/airflow/dags/subdags/subdag_parallel_dag.py
[2022-04-21 14:04:08,462] {processor.py:654} WARNING - No viable dags retrieved from /home/airflow/airflow/dags/subdags/subdag_parallel_dag.py
[2022-04-21 14:04:08,510] {processor.py:171} INFO - Processing /home/airflow/airflow/dags/subdags/subdag_parallel_dag.py took 0.085 seconds
[2022-04-21 14:04:38,733] {processor.py:163} INFO - Started process (PID=118224) to work on /home/airflow/airflow/dags/subdags/subdag_parallel_dag.py
[2022-04-21 14:04:38,736] {processor.py:642} INFO - Processing file /home/airflow/airflow/dags/subdags/subdag_parallel_dag.py for tasks to queue
[2022-04-21 14:04:38,739] {logging_mixin.py:109} INFO - [2022-04-21 14:04:38,739] {dagbag.py:500} INFO - Filling up the DagBag from /home/airflow/airflow/dags/subdags/subdag_parallel_dag.py
[2022-04-21 14:04:38,757] {processor.py:654} WARNING - No viable dags retrieved from /home/airflow/airflow/dags/subdags/subdag_parallel_dag.py
[2022-04-21 14:04:38,810] {processor.py:171} INFO - Processing /home/airflow/airflow/dags/subdags/subdag_parallel_dag.py took 0.087 seconds
[2022-04-21 14:05:09,429] {processor.py:163} INFO - Started process (PID=118246) to work on /home/airflow/airflow/dags/subdags/subdag_parallel_dag.py
[2022-04-21 14:05:09,437] {processor.py:642} INFO - Processing file /home/airflow/airflow/dags/subdags/subdag_parallel_dag.py for tasks to queue
[2022-04-21 14:05:09,439] {logging_mixin.py:109} INFO - [2022-04-21 14:05:09,439] {dagbag.py:500} INFO - Filling up the DagBag from /home/airflow/airflow/dags/subdags/subdag_parallel_dag.py
[2022-04-21 14:05:09,459] {processor.py:654} WARNING - No viable dags retrieved from /home/airflow/airflow/dags/subdags/subdag_parallel_dag.py
[2022-04-21 14:05:09,506] {processor.py:171} INFO - Processing /home/airflow/airflow/dags/subdags/subdag_parallel_dag.py took 0.085 seconds
[2022-04-21 14:05:39,947] {processor.py:163} INFO - Started process (PID=118325) to work on /home/airflow/airflow/dags/subdags/subdag_parallel_dag.py
[2022-04-21 14:05:39,951] {processor.py:642} INFO - Processing file /home/airflow/airflow/dags/subdags/subdag_parallel_dag.py for tasks to queue
[2022-04-21 14:05:39,953] {logging_mixin.py:109} INFO - [2022-04-21 14:05:39,953] {dagbag.py:500} INFO - Filling up the DagBag from /home/airflow/airflow/dags/subdags/subdag_parallel_dag.py
[2022-04-21 14:05:39,974] {processor.py:654} WARNING - No viable dags retrieved from /home/airflow/airflow/dags/subdags/subdag_parallel_dag.py
[2022-04-21 14:05:40,029] {processor.py:171} INFO - Processing /home/airflow/airflow/dags/subdags/subdag_parallel_dag.py took 0.094 seconds
[2022-04-21 14:06:10,299] {processor.py:163} INFO - Started process (PID=118344) to work on /home/airflow/airflow/dags/subdags/subdag_parallel_dag.py
[2022-04-21 14:06:10,302] {processor.py:642} INFO - Processing file /home/airflow/airflow/dags/subdags/subdag_parallel_dag.py for tasks to queue
[2022-04-21 14:06:10,303] {logging_mixin.py:109} INFO - [2022-04-21 14:06:10,303] {dagbag.py:500} INFO - Filling up the DagBag from /home/airflow/airflow/dags/subdags/subdag_parallel_dag.py
[2022-04-21 14:06:10,324] {processor.py:654} WARNING - No viable dags retrieved from /home/airflow/airflow/dags/subdags/subdag_parallel_dag.py
[2022-04-21 14:06:10,374] {processor.py:171} INFO - Processing /home/airflow/airflow/dags/subdags/subdag_parallel_dag.py took 0.088 seconds
[2022-04-21 14:06:40,845] {processor.py:163} INFO - Started process (PID=118424) to work on /home/airflow/airflow/dags/subdags/subdag_parallel_dag.py
[2022-04-21 14:06:40,936] {processor.py:642} INFO - Processing file /home/airflow/airflow/dags/subdags/subdag_parallel_dag.py for tasks to queue
[2022-04-21 14:06:40,938] {logging_mixin.py:109} INFO - [2022-04-21 14:06:40,938] {dagbag.py:500} INFO - Filling up the DagBag from /home/airflow/airflow/dags/subdags/subdag_parallel_dag.py
[2022-04-21 14:06:40,960] {processor.py:654} WARNING - No viable dags retrieved from /home/airflow/airflow/dags/subdags/subdag_parallel_dag.py
[2022-04-21 14:06:41,026] {processor.py:171} INFO - Processing /home/airflow/airflow/dags/subdags/subdag_parallel_dag.py took 0.191 seconds
[2022-04-21 14:07:11,535] {processor.py:163} INFO - Started process (PID=118444) to work on /home/airflow/airflow/dags/subdags/subdag_parallel_dag.py
[2022-04-21 14:07:11,542] {processor.py:642} INFO - Processing file /home/airflow/airflow/dags/subdags/subdag_parallel_dag.py for tasks to queue
[2022-04-21 14:07:11,543] {logging_mixin.py:109} INFO - [2022-04-21 14:07:11,543] {dagbag.py:500} INFO - Filling up the DagBag from /home/airflow/airflow/dags/subdags/subdag_parallel_dag.py
[2022-04-21 14:07:11,563] {processor.py:654} WARNING - No viable dags retrieved from /home/airflow/airflow/dags/subdags/subdag_parallel_dag.py
[2022-04-21 14:07:11,611] {processor.py:171} INFO - Processing /home/airflow/airflow/dags/subdags/subdag_parallel_dag.py took 0.085 seconds
[2022-04-21 14:07:42,092] {processor.py:163} INFO - Started process (PID=118525) to work on /home/airflow/airflow/dags/subdags/subdag_parallel_dag.py
[2022-04-21 14:07:42,097] {processor.py:642} INFO - Processing file /home/airflow/airflow/dags/subdags/subdag_parallel_dag.py for tasks to queue
[2022-04-21 14:07:42,099] {logging_mixin.py:109} INFO - [2022-04-21 14:07:42,098] {dagbag.py:500} INFO - Filling up the DagBag from /home/airflow/airflow/dags/subdags/subdag_parallel_dag.py
[2022-04-21 14:07:42,121] {processor.py:654} WARNING - No viable dags retrieved from /home/airflow/airflow/dags/subdags/subdag_parallel_dag.py
[2022-04-21 14:07:42,191] {processor.py:171} INFO - Processing /home/airflow/airflow/dags/subdags/subdag_parallel_dag.py took 0.114 seconds
[2022-04-21 14:08:12,703] {processor.py:163} INFO - Started process (PID=118544) to work on /home/airflow/airflow/dags/subdags/subdag_parallel_dag.py
[2022-04-21 14:08:12,708] {processor.py:642} INFO - Processing file /home/airflow/airflow/dags/subdags/subdag_parallel_dag.py for tasks to queue
[2022-04-21 14:08:12,709] {logging_mixin.py:109} INFO - [2022-04-21 14:08:12,709] {dagbag.py:500} INFO - Filling up the DagBag from /home/airflow/airflow/dags/subdags/subdag_parallel_dag.py
[2022-04-21 14:08:12,730] {processor.py:654} WARNING - No viable dags retrieved from /home/airflow/airflow/dags/subdags/subdag_parallel_dag.py
[2022-04-21 14:08:12,779] {processor.py:171} INFO - Processing /home/airflow/airflow/dags/subdags/subdag_parallel_dag.py took 0.086 seconds
[2022-04-21 14:08:43,266] {processor.py:163} INFO - Started process (PID=118875) to work on /home/airflow/airflow/dags/subdags/subdag_parallel_dag.py
[2022-04-21 14:08:43,319] {processor.py:642} INFO - Processing file /home/airflow/airflow/dags/subdags/subdag_parallel_dag.py for tasks to queue
[2022-04-21 14:08:43,321] {logging_mixin.py:109} INFO - [2022-04-21 14:08:43,320] {dagbag.py:500} INFO - Filling up the DagBag from /home/airflow/airflow/dags/subdags/subdag_parallel_dag.py
[2022-04-21 14:08:43,347] {processor.py:654} WARNING - No viable dags retrieved from /home/airflow/airflow/dags/subdags/subdag_parallel_dag.py
[2022-04-21 14:08:43,387] {processor.py:171} INFO - Processing /home/airflow/airflow/dags/subdags/subdag_parallel_dag.py took 0.151 seconds
[2022-04-21 14:09:13,759] {processor.py:163} INFO - Started process (PID=118895) to work on /home/airflow/airflow/dags/subdags/subdag_parallel_dag.py
[2022-04-21 14:09:13,766] {processor.py:642} INFO - Processing file /home/airflow/airflow/dags/subdags/subdag_parallel_dag.py for tasks to queue
[2022-04-21 14:09:13,768] {logging_mixin.py:109} INFO - [2022-04-21 14:09:13,768] {dagbag.py:500} INFO - Filling up the DagBag from /home/airflow/airflow/dags/subdags/subdag_parallel_dag.py
[2022-04-21 14:09:13,789] {processor.py:654} WARNING - No viable dags retrieved from /home/airflow/airflow/dags/subdags/subdag_parallel_dag.py
[2022-04-21 14:09:13,840] {processor.py:171} INFO - Processing /home/airflow/airflow/dags/subdags/subdag_parallel_dag.py took 0.091 seconds
[2022-04-21 14:09:44,226] {processor.py:163} INFO - Started process (PID=118975) to work on /home/airflow/airflow/dags/subdags/subdag_parallel_dag.py
[2022-04-21 14:09:44,229] {processor.py:642} INFO - Processing file /home/airflow/airflow/dags/subdags/subdag_parallel_dag.py for tasks to queue
[2022-04-21 14:09:44,230] {logging_mixin.py:109} INFO - [2022-04-21 14:09:44,230] {dagbag.py:500} INFO - Filling up the DagBag from /home/airflow/airflow/dags/subdags/subdag_parallel_dag.py
[2022-04-21 14:09:44,250] {processor.py:654} WARNING - No viable dags retrieved from /home/airflow/airflow/dags/subdags/subdag_parallel_dag.py
[2022-04-21 14:09:44,301] {processor.py:171} INFO - Processing /home/airflow/airflow/dags/subdags/subdag_parallel_dag.py took 0.085 seconds
[2022-04-21 14:10:14,815] {processor.py:163} INFO - Started process (PID=118996) to work on /home/airflow/airflow/dags/subdags/subdag_parallel_dag.py
[2022-04-21 14:10:14,821] {processor.py:642} INFO - Processing file /home/airflow/airflow/dags/subdags/subdag_parallel_dag.py for tasks to queue
[2022-04-21 14:10:14,822] {logging_mixin.py:109} INFO - [2022-04-21 14:10:14,822] {dagbag.py:500} INFO - Filling up the DagBag from /home/airflow/airflow/dags/subdags/subdag_parallel_dag.py
[2022-04-21 14:10:14,843] {processor.py:654} WARNING - No viable dags retrieved from /home/airflow/airflow/dags/subdags/subdag_parallel_dag.py
[2022-04-21 14:10:14,895] {processor.py:171} INFO - Processing /home/airflow/airflow/dags/subdags/subdag_parallel_dag.py took 0.099 seconds
[2022-04-21 14:10:45,360] {processor.py:163} INFO - Started process (PID=119077) to work on /home/airflow/airflow/dags/subdags/subdag_parallel_dag.py
[2022-04-21 14:10:45,363] {processor.py:642} INFO - Processing file /home/airflow/airflow/dags/subdags/subdag_parallel_dag.py for tasks to queue
[2022-04-21 14:10:45,365] {logging_mixin.py:109} INFO - [2022-04-21 14:10:45,365] {dagbag.py:500} INFO - Filling up the DagBag from /home/airflow/airflow/dags/subdags/subdag_parallel_dag.py
[2022-04-21 14:10:45,388] {processor.py:654} WARNING - No viable dags retrieved from /home/airflow/airflow/dags/subdags/subdag_parallel_dag.py
[2022-04-21 14:10:45,438] {processor.py:171} INFO - Processing /home/airflow/airflow/dags/subdags/subdag_parallel_dag.py took 0.087 seconds
[2022-04-21 14:11:15,913] {processor.py:163} INFO - Started process (PID=119096) to work on /home/airflow/airflow/dags/subdags/subdag_parallel_dag.py
[2022-04-21 14:11:15,923] {processor.py:642} INFO - Processing file /home/airflow/airflow/dags/subdags/subdag_parallel_dag.py for tasks to queue
[2022-04-21 14:11:15,925] {logging_mixin.py:109} INFO - [2022-04-21 14:11:15,924] {dagbag.py:500} INFO - Filling up the DagBag from /home/airflow/airflow/dags/subdags/subdag_parallel_dag.py
[2022-04-21 14:11:15,944] {processor.py:654} WARNING - No viable dags retrieved from /home/airflow/airflow/dags/subdags/subdag_parallel_dag.py
[2022-04-21 14:11:15,992] {processor.py:171} INFO - Processing /home/airflow/airflow/dags/subdags/subdag_parallel_dag.py took 0.089 seconds
[2022-04-21 14:11:46,278] {processor.py:163} INFO - Started process (PID=119175) to work on /home/airflow/airflow/dags/subdags/subdag_parallel_dag.py
[2022-04-21 14:11:46,281] {processor.py:642} INFO - Processing file /home/airflow/airflow/dags/subdags/subdag_parallel_dag.py for tasks to queue
[2022-04-21 14:11:46,282] {logging_mixin.py:109} INFO - [2022-04-21 14:11:46,282] {dagbag.py:500} INFO - Filling up the DagBag from /home/airflow/airflow/dags/subdags/subdag_parallel_dag.py
[2022-04-21 14:11:46,302] {processor.py:654} WARNING - No viable dags retrieved from /home/airflow/airflow/dags/subdags/subdag_parallel_dag.py
[2022-04-21 14:11:46,349] {processor.py:171} INFO - Processing /home/airflow/airflow/dags/subdags/subdag_parallel_dag.py took 0.081 seconds
[2022-04-21 14:12:16,785] {processor.py:163} INFO - Started process (PID=119194) to work on /home/airflow/airflow/dags/subdags/subdag_parallel_dag.py
[2022-04-21 14:12:16,790] {processor.py:642} INFO - Processing file /home/airflow/airflow/dags/subdags/subdag_parallel_dag.py for tasks to queue
[2022-04-21 14:12:16,792] {logging_mixin.py:109} INFO - [2022-04-21 14:12:16,792] {dagbag.py:500} INFO - Filling up the DagBag from /home/airflow/airflow/dags/subdags/subdag_parallel_dag.py
[2022-04-21 14:12:16,813] {processor.py:654} WARNING - No viable dags retrieved from /home/airflow/airflow/dags/subdags/subdag_parallel_dag.py
[2022-04-21 14:12:16,861] {processor.py:171} INFO - Processing /home/airflow/airflow/dags/subdags/subdag_parallel_dag.py took 0.095 seconds
[2022-04-21 14:12:47,111] {processor.py:163} INFO - Started process (PID=119274) to work on /home/airflow/airflow/dags/subdags/subdag_parallel_dag.py
[2022-04-21 14:12:47,113] {processor.py:642} INFO - Processing file /home/airflow/airflow/dags/subdags/subdag_parallel_dag.py for tasks to queue
[2022-04-21 14:12:47,115] {logging_mixin.py:109} INFO - [2022-04-21 14:12:47,115] {dagbag.py:500} INFO - Filling up the DagBag from /home/airflow/airflow/dags/subdags/subdag_parallel_dag.py
[2022-04-21 14:12:47,136] {processor.py:654} WARNING - No viable dags retrieved from /home/airflow/airflow/dags/subdags/subdag_parallel_dag.py
[2022-04-21 14:12:47,188] {processor.py:171} INFO - Processing /home/airflow/airflow/dags/subdags/subdag_parallel_dag.py took 0.087 seconds
[2022-04-21 14:13:17,677] {processor.py:163} INFO - Started process (PID=119295) to work on /home/airflow/airflow/dags/subdags/subdag_parallel_dag.py
[2022-04-21 14:13:17,682] {processor.py:642} INFO - Processing file /home/airflow/airflow/dags/subdags/subdag_parallel_dag.py for tasks to queue
[2022-04-21 14:13:17,684] {logging_mixin.py:109} INFO - [2022-04-21 14:13:17,683] {dagbag.py:500} INFO - Filling up the DagBag from /home/airflow/airflow/dags/subdags/subdag_parallel_dag.py
[2022-04-21 14:13:17,708] {processor.py:654} WARNING - No viable dags retrieved from /home/airflow/airflow/dags/subdags/subdag_parallel_dag.py
[2022-04-21 14:13:17,755] {processor.py:171} INFO - Processing /home/airflow/airflow/dags/subdags/subdag_parallel_dag.py took 0.088 seconds
[2022-04-21 14:13:48,170] {processor.py:163} INFO - Started process (PID=119627) to work on /home/airflow/airflow/dags/subdags/subdag_parallel_dag.py
[2022-04-21 14:13:48,174] {processor.py:642} INFO - Processing file /home/airflow/airflow/dags/subdags/subdag_parallel_dag.py for tasks to queue
[2022-04-21 14:13:48,176] {logging_mixin.py:109} INFO - [2022-04-21 14:13:48,176] {dagbag.py:500} INFO - Filling up the DagBag from /home/airflow/airflow/dags/subdags/subdag_parallel_dag.py
[2022-04-21 14:13:48,214] {processor.py:654} WARNING - No viable dags retrieved from /home/airflow/airflow/dags/subdags/subdag_parallel_dag.py
[2022-04-21 14:13:48,269] {processor.py:171} INFO - Processing /home/airflow/airflow/dags/subdags/subdag_parallel_dag.py took 0.111 seconds
[2022-04-21 14:14:18,792] {processor.py:163} INFO - Started process (PID=119647) to work on /home/airflow/airflow/dags/subdags/subdag_parallel_dag.py
[2022-04-21 14:14:18,798] {processor.py:642} INFO - Processing file /home/airflow/airflow/dags/subdags/subdag_parallel_dag.py for tasks to queue
[2022-04-21 14:14:18,801] {logging_mixin.py:109} INFO - [2022-04-21 14:14:18,800] {dagbag.py:500} INFO - Filling up the DagBag from /home/airflow/airflow/dags/subdags/subdag_parallel_dag.py
[2022-04-21 14:14:18,827] {processor.py:654} WARNING - No viable dags retrieved from /home/airflow/airflow/dags/subdags/subdag_parallel_dag.py
[2022-04-21 14:14:18,912] {processor.py:171} INFO - Processing /home/airflow/airflow/dags/subdags/subdag_parallel_dag.py took 0.133 seconds
[2022-04-21 14:14:49,421] {processor.py:163} INFO - Started process (PID=119726) to work on /home/airflow/airflow/dags/subdags/subdag_parallel_dag.py
[2022-04-21 14:14:49,424] {processor.py:642} INFO - Processing file /home/airflow/airflow/dags/subdags/subdag_parallel_dag.py for tasks to queue
[2022-04-21 14:14:49,425] {logging_mixin.py:109} INFO - [2022-04-21 14:14:49,425] {dagbag.py:500} INFO - Filling up the DagBag from /home/airflow/airflow/dags/subdags/subdag_parallel_dag.py
[2022-04-21 14:14:49,445] {processor.py:654} WARNING - No viable dags retrieved from /home/airflow/airflow/dags/subdags/subdag_parallel_dag.py
[2022-04-21 14:14:49,498] {processor.py:171} INFO - Processing /home/airflow/airflow/dags/subdags/subdag_parallel_dag.py took 0.088 seconds
[2022-04-21 14:15:19,804] {processor.py:163} INFO - Started process (PID=119745) to work on /home/airflow/airflow/dags/subdags/subdag_parallel_dag.py
[2022-04-21 14:15:20,061] {processor.py:642} INFO - Processing file /home/airflow/airflow/dags/subdags/subdag_parallel_dag.py for tasks to queue
[2022-04-21 14:15:20,062] {logging_mixin.py:109} INFO - [2022-04-21 14:15:20,062] {dagbag.py:500} INFO - Filling up the DagBag from /home/airflow/airflow/dags/subdags/subdag_parallel_dag.py
[2022-04-21 14:15:20,105] {processor.py:654} WARNING - No viable dags retrieved from /home/airflow/airflow/dags/subdags/subdag_parallel_dag.py
[2022-04-21 14:15:20,158] {processor.py:171} INFO - Processing /home/airflow/airflow/dags/subdags/subdag_parallel_dag.py took 0.386 seconds
[2022-04-21 14:15:50,447] {processor.py:163} INFO - Started process (PID=119822) to work on /home/airflow/airflow/dags/subdags/subdag_parallel_dag.py
[2022-04-21 14:15:50,482] {processor.py:642} INFO - Processing file /home/airflow/airflow/dags/subdags/subdag_parallel_dag.py for tasks to queue
[2022-04-21 14:15:50,484] {logging_mixin.py:109} INFO - [2022-04-21 14:15:50,484] {dagbag.py:500} INFO - Filling up the DagBag from /home/airflow/airflow/dags/subdags/subdag_parallel_dag.py
[2022-04-21 14:15:50,546] {processor.py:654} WARNING - No viable dags retrieved from /home/airflow/airflow/dags/subdags/subdag_parallel_dag.py
[2022-04-21 14:15:50,697] {processor.py:171} INFO - Processing /home/airflow/airflow/dags/subdags/subdag_parallel_dag.py took 0.262 seconds
[2022-04-21 14:16:21,140] {processor.py:163} INFO - Started process (PID=119844) to work on /home/airflow/airflow/dags/subdags/subdag_parallel_dag.py
[2022-04-21 14:16:21,148] {processor.py:642} INFO - Processing file /home/airflow/airflow/dags/subdags/subdag_parallel_dag.py for tasks to queue
[2022-04-21 14:16:21,150] {logging_mixin.py:109} INFO - [2022-04-21 14:16:21,150] {dagbag.py:500} INFO - Filling up the DagBag from /home/airflow/airflow/dags/subdags/subdag_parallel_dag.py
[2022-04-21 14:16:21,177] {processor.py:654} WARNING - No viable dags retrieved from /home/airflow/airflow/dags/subdags/subdag_parallel_dag.py
[2022-04-21 14:16:21,241] {processor.py:171} INFO - Processing /home/airflow/airflow/dags/subdags/subdag_parallel_dag.py took 0.111 seconds
[2022-04-21 14:16:51,553] {processor.py:163} INFO - Started process (PID=119924) to work on /home/airflow/airflow/dags/subdags/subdag_parallel_dag.py
[2022-04-21 14:16:51,560] {processor.py:642} INFO - Processing file /home/airflow/airflow/dags/subdags/subdag_parallel_dag.py for tasks to queue
[2022-04-21 14:16:51,567] {logging_mixin.py:109} INFO - [2022-04-21 14:16:51,567] {dagbag.py:500} INFO - Filling up the DagBag from /home/airflow/airflow/dags/subdags/subdag_parallel_dag.py
[2022-04-21 14:16:51,645] {processor.py:654} WARNING - No viable dags retrieved from /home/airflow/airflow/dags/subdags/subdag_parallel_dag.py
[2022-04-21 14:16:51,694] {processor.py:171} INFO - Processing /home/airflow/airflow/dags/subdags/subdag_parallel_dag.py took 0.172 seconds
[2022-04-21 14:17:22,054] {processor.py:163} INFO - Started process (PID=119946) to work on /home/airflow/airflow/dags/subdags/subdag_parallel_dag.py
[2022-04-21 14:17:22,059] {processor.py:642} INFO - Processing file /home/airflow/airflow/dags/subdags/subdag_parallel_dag.py for tasks to queue
[2022-04-21 14:17:22,061] {logging_mixin.py:109} INFO - [2022-04-21 14:17:22,060] {dagbag.py:500} INFO - Filling up the DagBag from /home/airflow/airflow/dags/subdags/subdag_parallel_dag.py
[2022-04-21 14:17:22,088] {processor.py:654} WARNING - No viable dags retrieved from /home/airflow/airflow/dags/subdags/subdag_parallel_dag.py
[2022-04-21 14:17:22,139] {processor.py:171} INFO - Processing /home/airflow/airflow/dags/subdags/subdag_parallel_dag.py took 0.091 seconds
[2022-04-21 14:17:52,427] {processor.py:163} INFO - Started process (PID=120025) to work on /home/airflow/airflow/dags/subdags/subdag_parallel_dag.py
[2022-04-21 14:17:52,430] {processor.py:642} INFO - Processing file /home/airflow/airflow/dags/subdags/subdag_parallel_dag.py for tasks to queue
[2022-04-21 14:17:52,432] {logging_mixin.py:109} INFO - [2022-04-21 14:17:52,432] {dagbag.py:500} INFO - Filling up the DagBag from /home/airflow/airflow/dags/subdags/subdag_parallel_dag.py
[2022-04-21 14:17:52,455] {processor.py:654} WARNING - No viable dags retrieved from /home/airflow/airflow/dags/subdags/subdag_parallel_dag.py
[2022-04-21 14:17:52,511] {processor.py:171} INFO - Processing /home/airflow/airflow/dags/subdags/subdag_parallel_dag.py took 0.095 seconds
[2022-04-21 14:18:23,036] {processor.py:163} INFO - Started process (PID=120172) to work on /home/airflow/airflow/dags/subdags/subdag_parallel_dag.py
[2022-04-21 14:18:23,043] {processor.py:642} INFO - Processing file /home/airflow/airflow/dags/subdags/subdag_parallel_dag.py for tasks to queue
[2022-04-21 14:18:23,045] {logging_mixin.py:109} INFO - [2022-04-21 14:18:23,044] {dagbag.py:500} INFO - Filling up the DagBag from /home/airflow/airflow/dags/subdags/subdag_parallel_dag.py
[2022-04-21 14:18:23,065] {processor.py:654} WARNING - No viable dags retrieved from /home/airflow/airflow/dags/subdags/subdag_parallel_dag.py
[2022-04-21 14:18:23,120] {processor.py:171} INFO - Processing /home/airflow/airflow/dags/subdags/subdag_parallel_dag.py took 0.094 seconds
[2022-04-21 14:18:53,688] {processor.py:163} INFO - Started process (PID=120378) to work on /home/airflow/airflow/dags/subdags/subdag_parallel_dag.py
[2022-04-21 14:18:53,691] {processor.py:642} INFO - Processing file /home/airflow/airflow/dags/subdags/subdag_parallel_dag.py for tasks to queue
[2022-04-21 14:18:53,693] {logging_mixin.py:109} INFO - [2022-04-21 14:18:53,693] {dagbag.py:500} INFO - Filling up the DagBag from /home/airflow/airflow/dags/subdags/subdag_parallel_dag.py
[2022-04-21 14:18:53,715] {processor.py:654} WARNING - No viable dags retrieved from /home/airflow/airflow/dags/subdags/subdag_parallel_dag.py
[2022-04-21 14:18:53,765] {processor.py:171} INFO - Processing /home/airflow/airflow/dags/subdags/subdag_parallel_dag.py took 0.090 seconds
[2022-04-21 14:19:24,024] {processor.py:163} INFO - Started process (PID=120408) to work on /home/airflow/airflow/dags/subdags/subdag_parallel_dag.py
[2022-04-21 14:19:24,044] {processor.py:642} INFO - Processing file /home/airflow/airflow/dags/subdags/subdag_parallel_dag.py for tasks to queue
[2022-04-21 14:19:24,047] {logging_mixin.py:109} INFO - [2022-04-21 14:19:24,047] {dagbag.py:500} INFO - Filling up the DagBag from /home/airflow/airflow/dags/subdags/subdag_parallel_dag.py
[2022-04-21 14:19:24,067] {processor.py:654} WARNING - No viable dags retrieved from /home/airflow/airflow/dags/subdags/subdag_parallel_dag.py
[2022-04-21 14:19:24,118] {processor.py:171} INFO - Processing /home/airflow/airflow/dags/subdags/subdag_parallel_dag.py took 0.115 seconds
[2022-04-21 14:19:54,633] {processor.py:163} INFO - Started process (PID=120490) to work on /home/airflow/airflow/dags/subdags/subdag_parallel_dag.py
[2022-04-21 14:19:54,638] {processor.py:642} INFO - Processing file /home/airflow/airflow/dags/subdags/subdag_parallel_dag.py for tasks to queue
[2022-04-21 14:19:54,640] {logging_mixin.py:109} INFO - [2022-04-21 14:19:54,639] {dagbag.py:500} INFO - Filling up the DagBag from /home/airflow/airflow/dags/subdags/subdag_parallel_dag.py
[2022-04-21 14:19:54,665] {processor.py:654} WARNING - No viable dags retrieved from /home/airflow/airflow/dags/subdags/subdag_parallel_dag.py
[2022-04-21 14:19:54,732] {processor.py:171} INFO - Processing /home/airflow/airflow/dags/subdags/subdag_parallel_dag.py took 0.111 seconds
[2022-04-21 14:20:25,111] {processor.py:163} INFO - Started process (PID=120512) to work on /home/airflow/airflow/dags/subdags/subdag_parallel_dag.py
[2022-04-21 14:20:25,119] {processor.py:642} INFO - Processing file /home/airflow/airflow/dags/subdags/subdag_parallel_dag.py for tasks to queue
[2022-04-21 14:20:25,121] {logging_mixin.py:109} INFO - [2022-04-21 14:20:25,120] {dagbag.py:500} INFO - Filling up the DagBag from /home/airflow/airflow/dags/subdags/subdag_parallel_dag.py
[2022-04-21 14:20:25,143] {processor.py:654} WARNING - No viable dags retrieved from /home/airflow/airflow/dags/subdags/subdag_parallel_dag.py
[2022-04-21 14:20:25,199] {processor.py:171} INFO - Processing /home/airflow/airflow/dags/subdags/subdag_parallel_dag.py took 0.100 seconds
[2022-04-21 14:20:55,709] {processor.py:163} INFO - Started process (PID=120652) to work on /home/airflow/airflow/dags/subdags/subdag_parallel_dag.py
[2022-04-21 14:20:55,713] {processor.py:642} INFO - Processing file /home/airflow/airflow/dags/subdags/subdag_parallel_dag.py for tasks to queue
[2022-04-21 14:20:55,715] {logging_mixin.py:109} INFO - [2022-04-21 14:20:55,715] {dagbag.py:500} INFO - Filling up the DagBag from /home/airflow/airflow/dags/subdags/subdag_parallel_dag.py
[2022-04-21 14:20:55,739] {processor.py:654} WARNING - No viable dags retrieved from /home/airflow/airflow/dags/subdags/subdag_parallel_dag.py
[2022-04-21 14:20:55,794] {processor.py:171} INFO - Processing /home/airflow/airflow/dags/subdags/subdag_parallel_dag.py took 0.097 seconds
[2022-04-21 14:21:26,292] {processor.py:163} INFO - Started process (PID=120816) to work on /home/airflow/airflow/dags/subdags/subdag_parallel_dag.py
[2022-04-21 14:21:26,304] {processor.py:642} INFO - Processing file /home/airflow/airflow/dags/subdags/subdag_parallel_dag.py for tasks to queue
[2022-04-21 14:21:26,306] {logging_mixin.py:109} INFO - [2022-04-21 14:21:26,306] {dagbag.py:500} INFO - Filling up the DagBag from /home/airflow/airflow/dags/subdags/subdag_parallel_dag.py
[2022-04-21 14:21:26,330] {processor.py:654} WARNING - No viable dags retrieved from /home/airflow/airflow/dags/subdags/subdag_parallel_dag.py
[2022-04-21 14:21:26,420] {processor.py:171} INFO - Processing /home/airflow/airflow/dags/subdags/subdag_parallel_dag.py took 0.143 seconds
[2022-04-21 14:21:56,767] {processor.py:163} INFO - Started process (PID=120894) to work on /home/airflow/airflow/dags/subdags/subdag_parallel_dag.py
[2022-04-21 14:21:56,772] {processor.py:642} INFO - Processing file /home/airflow/airflow/dags/subdags/subdag_parallel_dag.py for tasks to queue
[2022-04-21 14:21:56,773] {logging_mixin.py:109} INFO - [2022-04-21 14:21:56,773] {dagbag.py:500} INFO - Filling up the DagBag from /home/airflow/airflow/dags/subdags/subdag_parallel_dag.py
[2022-04-21 14:21:56,791] {processor.py:654} WARNING - No viable dags retrieved from /home/airflow/airflow/dags/subdags/subdag_parallel_dag.py
[2022-04-21 14:21:56,835] {processor.py:171} INFO - Processing /home/airflow/airflow/dags/subdags/subdag_parallel_dag.py took 0.077 seconds
[2022-04-21 14:22:27,336] {processor.py:163} INFO - Started process (PID=120944) to work on /home/airflow/airflow/dags/subdags/subdag_parallel_dag.py
[2022-04-21 14:22:27,342] {processor.py:642} INFO - Processing file /home/airflow/airflow/dags/subdags/subdag_parallel_dag.py for tasks to queue
[2022-04-21 14:22:27,344] {logging_mixin.py:109} INFO - [2022-04-21 14:22:27,344] {dagbag.py:500} INFO - Filling up the DagBag from /home/airflow/airflow/dags/subdags/subdag_parallel_dag.py
[2022-04-21 14:22:27,366] {processor.py:654} WARNING - No viable dags retrieved from /home/airflow/airflow/dags/subdags/subdag_parallel_dag.py
[2022-04-21 14:22:27,426] {processor.py:171} INFO - Processing /home/airflow/airflow/dags/subdags/subdag_parallel_dag.py took 0.099 seconds
[2022-04-21 14:22:57,826] {processor.py:163} INFO - Started process (PID=120994) to work on /home/airflow/airflow/dags/subdags/subdag_parallel_dag.py
[2022-04-21 14:22:57,830] {processor.py:642} INFO - Processing file /home/airflow/airflow/dags/subdags/subdag_parallel_dag.py for tasks to queue
[2022-04-21 14:22:57,831] {logging_mixin.py:109} INFO - [2022-04-21 14:22:57,831] {dagbag.py:500} INFO - Filling up the DagBag from /home/airflow/airflow/dags/subdags/subdag_parallel_dag.py
[2022-04-21 14:22:57,854] {processor.py:654} WARNING - No viable dags retrieved from /home/airflow/airflow/dags/subdags/subdag_parallel_dag.py
[2022-04-21 14:22:57,902] {processor.py:171} INFO - Processing /home/airflow/airflow/dags/subdags/subdag_parallel_dag.py took 0.086 seconds
[2022-04-21 14:23:28,266] {processor.py:163} INFO - Started process (PID=121295) to work on /home/airflow/airflow/dags/subdags/subdag_parallel_dag.py
[2022-04-21 14:23:28,275] {processor.py:642} INFO - Processing file /home/airflow/airflow/dags/subdags/subdag_parallel_dag.py for tasks to queue
[2022-04-21 14:23:28,277] {logging_mixin.py:109} INFO - [2022-04-21 14:23:28,277] {dagbag.py:500} INFO - Filling up the DagBag from /home/airflow/airflow/dags/subdags/subdag_parallel_dag.py
[2022-04-21 14:23:28,303] {processor.py:654} WARNING - No viable dags retrieved from /home/airflow/airflow/dags/subdags/subdag_parallel_dag.py
[2022-04-21 14:23:28,355] {processor.py:171} INFO - Processing /home/airflow/airflow/dags/subdags/subdag_parallel_dag.py took 0.100 seconds
[2022-04-21 14:23:58,987] {processor.py:163} INFO - Started process (PID=121439) to work on /home/airflow/airflow/dags/subdags/subdag_parallel_dag.py
[2022-04-21 14:23:58,990] {processor.py:642} INFO - Processing file /home/airflow/airflow/dags/subdags/subdag_parallel_dag.py for tasks to queue
[2022-04-21 14:23:58,992] {logging_mixin.py:109} INFO - [2022-04-21 14:23:58,991] {dagbag.py:500} INFO - Filling up the DagBag from /home/airflow/airflow/dags/subdags/subdag_parallel_dag.py
[2022-04-21 14:23:59,014] {processor.py:654} WARNING - No viable dags retrieved from /home/airflow/airflow/dags/subdags/subdag_parallel_dag.py
[2022-04-21 14:23:59,064] {processor.py:171} INFO - Processing /home/airflow/airflow/dags/subdags/subdag_parallel_dag.py took 0.092 seconds
[2022-04-21 14:24:29,733] {processor.py:163} INFO - Started process (PID=121546) to work on /home/airflow/airflow/dags/subdags/subdag_parallel_dag.py
[2022-04-21 14:24:29,743] {processor.py:642} INFO - Processing file /home/airflow/airflow/dags/subdags/subdag_parallel_dag.py for tasks to queue
[2022-04-21 14:24:29,746] {logging_mixin.py:109} INFO - [2022-04-21 14:24:29,746] {dagbag.py:500} INFO - Filling up the DagBag from /home/airflow/airflow/dags/subdags/subdag_parallel_dag.py
[2022-04-21 14:24:29,777] {processor.py:654} WARNING - No viable dags retrieved from /home/airflow/airflow/dags/subdags/subdag_parallel_dag.py
[2022-04-21 14:24:29,828] {processor.py:171} INFO - Processing /home/airflow/airflow/dags/subdags/subdag_parallel_dag.py took 0.104 seconds
[2022-04-21 14:24:59,944] {processor.py:163} INFO - Started process (PID=121611) to work on /home/airflow/airflow/dags/subdags/subdag_parallel_dag.py
[2022-04-21 14:24:59,948] {processor.py:642} INFO - Processing file /home/airflow/airflow/dags/subdags/subdag_parallel_dag.py for tasks to queue
[2022-04-21 14:24:59,949] {logging_mixin.py:109} INFO - [2022-04-21 14:24:59,949] {dagbag.py:500} INFO - Filling up the DagBag from /home/airflow/airflow/dags/subdags/subdag_parallel_dag.py
[2022-04-21 14:24:59,973] {processor.py:654} WARNING - No viable dags retrieved from /home/airflow/airflow/dags/subdags/subdag_parallel_dag.py
[2022-04-21 14:25:00,022] {processor.py:171} INFO - Processing /home/airflow/airflow/dags/subdags/subdag_parallel_dag.py took 0.089 seconds
