[2022-04-15 13:51:06,354] {taskinstance.py:1043} INFO - Dependencies all met for <TaskInstance: parallel_dag.task_3 scheduled__2020-01-15T00:00:00+00:00 [queued]>
[2022-04-15 13:51:07,065] {taskinstance.py:1043} INFO - Dependencies all met for <TaskInstance: parallel_dag.task_3 scheduled__2020-01-15T00:00:00+00:00 [queued]>
[2022-04-15 13:51:07,065] {taskinstance.py:1249} INFO - 
--------------------------------------------------------------------------------
[2022-04-15 13:51:07,065] {taskinstance.py:1250} INFO - Starting attempt 1 of 1
[2022-04-15 13:51:07,066] {taskinstance.py:1251} INFO - 
--------------------------------------------------------------------------------
[2022-04-15 13:51:07,979] {taskinstance.py:1270} INFO - Executing <Task(BashOperator): task_3> on 2020-01-15 00:00:00+00:00
[2022-04-15 13:51:08,231] {standard_task_runner.py:52} INFO - Started process 113344 to run task
[2022-04-15 13:51:08,578] {standard_task_runner.py:79} INFO - Running: ['airflow', 'tasks', 'run', 'parallel_dag', 'task_3', 'scheduled__2020-01-15T00:00:00+00:00', '--job-id', '90', '--raw', '--subdir', 'DAGS_FOLDER/parallel_dag.py', '--cfg-path', '/tmp/tmp5zwobs4u', '--error-file', '/tmp/tmpi16diedo']
[2022-04-15 13:51:08,738] {standard_task_runner.py:80} INFO - Job 90: Subtask task_3
[2022-04-15 13:51:12,925] {logging_mixin.py:109} INFO - Running <TaskInstance: parallel_dag.task_3 scheduled__2020-01-15T00:00:00+00:00 [running]> on host 10.0.2.15
[2022-04-15 13:51:16,177] {taskinstance.py:1446} INFO - Exporting the following env vars:
AIRFLOW_CTX_DAG_OWNER=solfa
AIRFLOW_CTX_DAG_ID=parallel_dag
AIRFLOW_CTX_TASK_ID=task_3
AIRFLOW_CTX_EXECUTION_DATE=2020-01-15T00:00:00+00:00
AIRFLOW_CTX_DAG_RUN_ID=scheduled__2020-01-15T00:00:00+00:00
[2022-04-15 13:51:16,180] {subprocess.py:62} INFO - Tmp dir root location: 
 /tmp
[2022-04-15 13:51:16,239] {subprocess.py:74} INFO - Running command: ['bash', '-c', 'sleep 3']
[2022-04-15 13:51:16,615] {subprocess.py:85} INFO - Output:
[2022-04-15 13:51:19,929] {subprocess.py:93} INFO - Command exited with return code 0
[2022-04-15 13:51:21,630] {taskinstance.py:1278} INFO - Marking task as SUCCESS. dag_id=parallel_dag, task_id=task_3, execution_date=20200115T000000, start_date=20220415T135106, end_date=20220415T135121
[2022-04-15 13:51:22,686] {local_task_job.py:154} INFO - Task exited with return code 0
[2022-04-15 13:51:24,010] {local_task_job.py:264} INFO - 1 downstream tasks scheduled from follow-on schedule check
[2022-04-15 15:57:09,837] {taskinstance.py:1043} INFO - Dependencies all met for <TaskInstance: parallel_dag.task_3 scheduled__2020-01-15T00:00:00+00:00 [queued]>
[2022-04-15 15:57:10,017] {taskinstance.py:1043} INFO - Dependencies all met for <TaskInstance: parallel_dag.task_3 scheduled__2020-01-15T00:00:00+00:00 [queued]>
[2022-04-15 15:57:10,017] {taskinstance.py:1249} INFO - 
--------------------------------------------------------------------------------
[2022-04-15 15:57:10,017] {taskinstance.py:1250} INFO - Starting attempt 1 of 1
[2022-04-15 15:57:10,017] {taskinstance.py:1251} INFO - 
--------------------------------------------------------------------------------
[2022-04-15 15:57:10,098] {taskinstance.py:1270} INFO - Executing <Task(BashOperator): task_3> on 2020-01-15 00:00:00+00:00
[2022-04-15 15:57:10,101] {standard_task_runner.py:52} INFO - Started process 183530 to run task
[2022-04-15 15:57:10,113] {standard_task_runner.py:79} INFO - Running: ['airflow', 'tasks', 'run', 'parallel_dag', 'task_3', 'scheduled__2020-01-15T00:00:00+00:00', '--job-id', '163', '--raw', '--subdir', 'DAGS_FOLDER/parallel_dag.py', '--cfg-path', '/tmp/tmp9e20nyc0', '--error-file', '/tmp/tmp1prjx_b5']
[2022-04-15 15:57:10,134] {standard_task_runner.py:80} INFO - Job 163: Subtask task_3
[2022-04-15 15:57:10,320] {logging_mixin.py:109} INFO - Running <TaskInstance: parallel_dag.task_3 scheduled__2020-01-15T00:00:00+00:00 [running]> on host 10.0.2.15
[2022-04-15 15:57:10,432] {taskinstance.py:1446} INFO - Exporting the following env vars:
AIRFLOW_CTX_DAG_OWNER=solfa
AIRFLOW_CTX_DAG_ID=parallel_dag
AIRFLOW_CTX_TASK_ID=task_3
AIRFLOW_CTX_EXECUTION_DATE=2020-01-15T00:00:00+00:00
AIRFLOW_CTX_DAG_RUN_ID=scheduled__2020-01-15T00:00:00+00:00
[2022-04-15 15:57:10,440] {subprocess.py:62} INFO - Tmp dir root location: 
 /tmp
[2022-04-15 15:57:10,441] {subprocess.py:74} INFO - Running command: ['bash', '-c', 'sleep 3']
[2022-04-15 15:57:10,450] {subprocess.py:85} INFO - Output:
[2022-04-15 15:57:13,457] {subprocess.py:93} INFO - Command exited with return code 0
[2022-04-15 15:57:13,509] {taskinstance.py:1278} INFO - Marking task as SUCCESS. dag_id=parallel_dag, task_id=task_3, execution_date=20200115T000000, start_date=20220415T155709, end_date=20220415T155713
[2022-04-15 15:57:13,534] {local_task_job.py:154} INFO - Task exited with return code 0
[2022-04-15 15:57:13,582] {local_task_job.py:264} INFO - 1 downstream tasks scheduled from follow-on schedule check
