[2022-04-15 13:52:13,021] {taskinstance.py:1043} INFO - Dependencies all met for <TaskInstance: parallel_dag.task_3 scheduled__2020-01-19T00:00:00+00:00 [queued]>
[2022-04-15 13:52:14,365] {taskinstance.py:1043} INFO - Dependencies all met for <TaskInstance: parallel_dag.task_3 scheduled__2020-01-19T00:00:00+00:00 [queued]>
[2022-04-15 13:52:14,366] {taskinstance.py:1249} INFO - 
--------------------------------------------------------------------------------
[2022-04-15 13:52:14,366] {taskinstance.py:1250} INFO - Starting attempt 1 of 1
[2022-04-15 13:52:14,417] {taskinstance.py:1251} INFO - 
--------------------------------------------------------------------------------
[2022-04-15 13:52:15,743] {taskinstance.py:1270} INFO - Executing <Task(BashOperator): task_3> on 2020-01-19 00:00:00+00:00
[2022-04-15 13:52:15,951] {standard_task_runner.py:52} INFO - Started process 116027 to run task
[2022-04-15 13:52:15,829] {standard_task_runner.py:79} INFO - Running: ['airflow', 'tasks', 'run', 'parallel_dag', 'task_3', 'scheduled__2020-01-19T00:00:00+00:00', '--job-id', '105', '--raw', '--subdir', 'DAGS_FOLDER/parallel_dag.py', '--cfg-path', '/tmp/tmpz4to2njj', '--error-file', '/tmp/tmpwqe_gwoz']
[2022-04-15 13:52:16,631] {standard_task_runner.py:80} INFO - Job 105: Subtask task_3
[2022-04-15 13:52:22,751] {logging_mixin.py:109} INFO - Running <TaskInstance: parallel_dag.task_3 scheduled__2020-01-19T00:00:00+00:00 [running]> on host 10.0.2.15
[2022-04-15 13:52:28,140] {taskinstance.py:1446} INFO - Exporting the following env vars:
AIRFLOW_CTX_DAG_OWNER=solfa
AIRFLOW_CTX_DAG_ID=parallel_dag
AIRFLOW_CTX_TASK_ID=task_3
AIRFLOW_CTX_EXECUTION_DATE=2020-01-19T00:00:00+00:00
AIRFLOW_CTX_DAG_RUN_ID=scheduled__2020-01-19T00:00:00+00:00
[2022-04-15 13:52:28,224] {subprocess.py:62} INFO - Tmp dir root location: 
 /tmp
[2022-04-15 13:52:28,305] {subprocess.py:74} INFO - Running command: ['bash', '-c', 'sleep 3']
[2022-04-15 13:52:28,890] {subprocess.py:85} INFO - Output:
[2022-04-15 13:52:32,673] {subprocess.py:93} INFO - Command exited with return code 0
[2022-04-15 13:52:37,581] {taskinstance.py:1278} INFO - Marking task as SUCCESS. dag_id=parallel_dag, task_id=task_3, execution_date=20200119T000000, start_date=20220415T135213, end_date=20220415T135237
[2022-04-15 13:52:38,757] {local_task_job.py:154} INFO - Task exited with return code 0
[2022-04-15 13:52:40,528] {local_task_job.py:264} INFO - 0 downstream tasks scheduled from follow-on schedule check
