[2022-04-15 13:48:58,413] {taskinstance.py:1043} INFO - Dependencies all met for <TaskInstance: parallel_dag.task_4 scheduled__2020-01-06T00:00:00+00:00 [queued]>
[2022-04-15 13:48:59,258] {taskinstance.py:1043} INFO - Dependencies all met for <TaskInstance: parallel_dag.task_4 scheduled__2020-01-06T00:00:00+00:00 [queued]>
[2022-04-15 13:48:59,258] {taskinstance.py:1249} INFO - 
--------------------------------------------------------------------------------
[2022-04-15 13:48:59,296] {taskinstance.py:1250} INFO - Starting attempt 1 of 1
[2022-04-15 13:48:59,297] {taskinstance.py:1251} INFO - 
--------------------------------------------------------------------------------
[2022-04-15 13:48:59,938] {taskinstance.py:1270} INFO - Executing <Task(BashOperator): task_4> on 2020-01-06 00:00:00+00:00
[2022-04-15 13:49:00,100] {standard_task_runner.py:52} INFO - Started process 107916 to run task
[2022-04-15 13:49:00,408] {standard_task_runner.py:79} INFO - Running: ['airflow', 'tasks', 'run', 'parallel_dag', 'task_4', 'scheduled__2020-01-06T00:00:00+00:00', '--job-id', '69', '--raw', '--subdir', 'DAGS_FOLDER/parallel_dag.py', '--cfg-path', '/tmp/tmp1hqbkcaj', '--error-file', '/tmp/tmpljqu4s4g']
[2022-04-15 13:49:00,628] {standard_task_runner.py:80} INFO - Job 69: Subtask task_4
[2022-04-15 13:49:05,000] {logging_mixin.py:109} INFO - Running <TaskInstance: parallel_dag.task_4 scheduled__2020-01-06T00:00:00+00:00 [running]> on host 10.0.2.15
[2022-04-15 13:49:08,575] {taskinstance.py:1446} INFO - Exporting the following env vars:
AIRFLOW_CTX_DAG_OWNER=solfa
AIRFLOW_CTX_DAG_ID=parallel_dag
AIRFLOW_CTX_TASK_ID=task_4
AIRFLOW_CTX_EXECUTION_DATE=2020-01-06T00:00:00+00:00
AIRFLOW_CTX_DAG_RUN_ID=scheduled__2020-01-06T00:00:00+00:00
[2022-04-15 13:49:08,633] {subprocess.py:62} INFO - Tmp dir root location: 
 /tmp
[2022-04-15 13:49:08,664] {subprocess.py:74} INFO - Running command: ['bash', '-c', 'sleep 3']
[2022-04-15 13:49:09,028] {subprocess.py:85} INFO - Output:
[2022-04-15 13:49:12,351] {subprocess.py:93} INFO - Command exited with return code 0
[2022-04-15 13:49:13,882] {taskinstance.py:1278} INFO - Marking task as SUCCESS. dag_id=parallel_dag, task_id=task_4, execution_date=20200106T000000, start_date=20220415T134858, end_date=20220415T134913
[2022-04-15 13:49:15,108] {local_task_job.py:154} INFO - Task exited with return code 0
[2022-04-15 13:49:17,020] {local_task_job.py:264} INFO - 0 downstream tasks scheduled from follow-on schedule check
