[2022-04-15 13:50:54,921] {taskinstance.py:1043} INFO - Dependencies all met for <TaskInstance: parallel_dag.task_1 scheduled__2020-01-18T00:00:00+00:00 [queued]>
[2022-04-15 13:50:55,509] {taskinstance.py:1043} INFO - Dependencies all met for <TaskInstance: parallel_dag.task_1 scheduled__2020-01-18T00:00:00+00:00 [queued]>
[2022-04-15 13:50:55,514] {taskinstance.py:1249} INFO - 
--------------------------------------------------------------------------------
[2022-04-15 13:50:55,546] {taskinstance.py:1250} INFO - Starting attempt 1 of 1
[2022-04-15 13:50:55,547] {taskinstance.py:1251} INFO - 
--------------------------------------------------------------------------------
[2022-04-15 13:50:56,273] {taskinstance.py:1270} INFO - Executing <Task(BashOperator): task_1> on 2020-01-18 00:00:00+00:00
[2022-04-15 13:50:56,341] {standard_task_runner.py:79} INFO - Running: ['airflow', 'tasks', 'run', 'parallel_dag', 'task_1', 'scheduled__2020-01-18T00:00:00+00:00', '--job-id', '89', '--raw', '--subdir', 'DAGS_FOLDER/parallel_dag.py', '--cfg-path', '/tmp/tmpkmi_x222', '--error-file', '/tmp/tmprakwtm13']
[2022-04-15 13:50:56,405] {standard_task_runner.py:52} INFO - Started process 112923 to run task
[2022-04-15 13:50:56,757] {standard_task_runner.py:80} INFO - Job 89: Subtask task_1
[2022-04-15 13:50:59,719] {logging_mixin.py:109} INFO - Running <TaskInstance: parallel_dag.task_1 scheduled__2020-01-18T00:00:00+00:00 [running]> on host 10.0.2.15
[2022-04-15 13:51:02,403] {taskinstance.py:1446} INFO - Exporting the following env vars:
AIRFLOW_CTX_DAG_OWNER=solfa
AIRFLOW_CTX_DAG_ID=parallel_dag
AIRFLOW_CTX_TASK_ID=task_1
AIRFLOW_CTX_EXECUTION_DATE=2020-01-18T00:00:00+00:00
AIRFLOW_CTX_DAG_RUN_ID=scheduled__2020-01-18T00:00:00+00:00
[2022-04-15 13:51:02,441] {subprocess.py:62} INFO - Tmp dir root location: 
 /tmp
[2022-04-15 13:51:02,469] {subprocess.py:74} INFO - Running command: ['bash', '-c', 'sleep 3']
[2022-04-15 13:51:02,749] {subprocess.py:85} INFO - Output:
[2022-04-15 13:51:06,202] {subprocess.py:93} INFO - Command exited with return code 0
[2022-04-15 13:51:07,573] {taskinstance.py:1278} INFO - Marking task as SUCCESS. dag_id=parallel_dag, task_id=task_1, execution_date=20200118T000000, start_date=20220415T135054, end_date=20220415T135107
[2022-04-15 13:51:09,879] {local_task_job.py:154} INFO - Task exited with return code 0
[2022-04-15 13:51:19,434] {local_task_job.py:264} INFO - 0 downstream tasks scheduled from follow-on schedule check
