[2022-04-15 13:48:29,272] {taskinstance.py:1043} INFO - Dependencies all met for <TaskInstance: parallel_dag.task_2 scheduled__2020-01-10T00:00:00+00:00 [queued]>
[2022-04-15 13:48:30,768] {taskinstance.py:1043} INFO - Dependencies all met for <TaskInstance: parallel_dag.task_2 scheduled__2020-01-10T00:00:00+00:00 [queued]>
[2022-04-15 13:48:30,842] {taskinstance.py:1249} INFO - 
--------------------------------------------------------------------------------
[2022-04-15 13:48:30,842] {taskinstance.py:1250} INFO - Starting attempt 1 of 1
[2022-04-15 13:48:30,843] {taskinstance.py:1251} INFO - 
--------------------------------------------------------------------------------
[2022-04-15 13:48:31,830] {taskinstance.py:1270} INFO - Executing <Task(PythonOperator): task_2> on 2020-01-10 00:00:00+00:00
[2022-04-15 13:48:32,014] {standard_task_runner.py:52} INFO - Started process 106309 to run task
[2022-04-15 13:48:32,358] {standard_task_runner.py:79} INFO - Running: ['airflow', 'tasks', 'run', 'parallel_dag', 'task_2', 'scheduled__2020-01-10T00:00:00+00:00', '--job-id', '64', '--raw', '--subdir', 'DAGS_FOLDER/parallel_dag.py', '--cfg-path', '/tmp/tmpawpg4mo_', '--error-file', '/tmp/tmpvbp8ie9a']
[2022-04-15 13:48:32,533] {standard_task_runner.py:80} INFO - Job 64: Subtask task_2
[2022-04-15 13:48:36,996] {logging_mixin.py:109} INFO - Running <TaskInstance: parallel_dag.task_2 scheduled__2020-01-10T00:00:00+00:00 [running]> on host 10.0.2.15
[2022-04-15 13:48:41,971] {taskinstance.py:1446} INFO - Exporting the following env vars:
AIRFLOW_CTX_DAG_OWNER=solfa
AIRFLOW_CTX_DAG_ID=parallel_dag
AIRFLOW_CTX_TASK_ID=task_2
AIRFLOW_CTX_EXECUTION_DATE=2020-01-10T00:00:00+00:00
AIRFLOW_CTX_DAG_RUN_ID=scheduled__2020-01-10T00:00:00+00:00
[2022-04-15 13:48:45,082] {python.py:175} INFO - Done. Returned value was: None
[2022-04-15 13:48:45,493] {taskinstance.py:1278} INFO - Marking task as SUCCESS. dag_id=parallel_dag, task_id=task_2, execution_date=20200110T000000, start_date=20220415T134829, end_date=20220415T134845
[2022-04-15 13:48:46,179] {local_task_job.py:154} INFO - Task exited with return code 0
[2022-04-15 13:48:48,882] {local_task_job.py:264} INFO - 0 downstream tasks scheduled from follow-on schedule check
[2022-04-15 15:56:10,202] {taskinstance.py:1043} INFO - Dependencies all met for <TaskInstance: parallel_dag.task_2 scheduled__2020-01-10T00:00:00+00:00 [queued]>
[2022-04-15 15:56:10,212] {taskinstance.py:1043} INFO - Dependencies all met for <TaskInstance: parallel_dag.task_2 scheduled__2020-01-10T00:00:00+00:00 [queued]>
[2022-04-15 15:56:10,213] {taskinstance.py:1249} INFO - 
--------------------------------------------------------------------------------
[2022-04-15 15:56:10,213] {taskinstance.py:1250} INFO - Starting attempt 1 of 1
[2022-04-15 15:56:10,213] {taskinstance.py:1251} INFO - 
--------------------------------------------------------------------------------
[2022-04-15 15:56:10,234] {taskinstance.py:1270} INFO - Executing <Task(PythonOperator): task_2> on 2020-01-10 00:00:00+00:00
[2022-04-15 15:56:10,247] {standard_task_runner.py:79} INFO - Running: ['airflow', 'tasks', 'run', 'parallel_dag', 'task_2', 'scheduled__2020-01-10T00:00:00+00:00', '--job-id', '152', '--raw', '--subdir', 'DAGS_FOLDER/parallel_dag.py', '--cfg-path', '/tmp/tmp9wh_gpke', '--error-file', '/tmp/tmpk734lmff']
[2022-04-15 15:56:10,239] {standard_task_runner.py:52} INFO - Started process 180993 to run task
[2022-04-15 15:56:10,252] {standard_task_runner.py:80} INFO - Job 152: Subtask task_2
[2022-04-15 15:56:10,358] {logging_mixin.py:109} INFO - Running <TaskInstance: parallel_dag.task_2 scheduled__2020-01-10T00:00:00+00:00 [running]> on host 10.0.2.15
[2022-04-15 15:56:10,455] {taskinstance.py:1446} INFO - Exporting the following env vars:
AIRFLOW_CTX_DAG_OWNER=solfa
AIRFLOW_CTX_DAG_ID=parallel_dag
AIRFLOW_CTX_TASK_ID=task_2
AIRFLOW_CTX_EXECUTION_DATE=2020-01-10T00:00:00+00:00
AIRFLOW_CTX_DAG_RUN_ID=scheduled__2020-01-10T00:00:00+00:00
[2022-04-15 15:56:13,459] {python.py:175} INFO - Done. Returned value was: None
[2022-04-15 15:56:13,481] {taskinstance.py:1278} INFO - Marking task as SUCCESS. dag_id=parallel_dag, task_id=task_2, execution_date=20200110T000000, start_date=20220415T155610, end_date=20220415T155613
[2022-04-15 15:56:13,522] {local_task_job.py:154} INFO - Task exited with return code 0
[2022-04-15 15:56:13,598] {local_task_job.py:264} INFO - 0 downstream tasks scheduled from follow-on schedule check
