[2022-04-15 13:46:07,563] {taskinstance.py:1043} INFO - Dependencies all met for <TaskInstance: parallel_dag.task_3 scheduled__2020-01-01T00:00:00+00:00 [queued]>
[2022-04-15 13:46:08,500] {taskinstance.py:1043} INFO - Dependencies all met for <TaskInstance: parallel_dag.task_3 scheduled__2020-01-01T00:00:00+00:00 [queued]>
[2022-04-15 13:46:08,500] {taskinstance.py:1249} INFO - 
--------------------------------------------------------------------------------
[2022-04-15 13:46:08,501] {taskinstance.py:1250} INFO - Starting attempt 1 of 1
[2022-04-15 13:46:08,539] {taskinstance.py:1251} INFO - 
--------------------------------------------------------------------------------
[2022-04-15 13:46:09,794] {taskinstance.py:1270} INFO - Executing <Task(BashOperator): task_3> on 2020-01-01 00:00:00+00:00
[2022-04-15 13:46:10,024] {standard_task_runner.py:52} INFO - Started process 100599 to run task
[2022-04-15 13:46:10,407] {standard_task_runner.py:79} INFO - Running: ['airflow', 'tasks', 'run', 'parallel_dag', 'task_3', 'scheduled__2020-01-01T00:00:00+00:00', '--job-id', '35', '--raw', '--subdir', 'DAGS_FOLDER/parallel_dag.py', '--cfg-path', '/tmp/tmp0bypa83y', '--error-file', '/tmp/tmpuq8ugfvf']
[2022-04-15 13:46:10,511] {standard_task_runner.py:80} INFO - Job 35: Subtask task_3
[2022-04-15 13:46:17,075] {logging_mixin.py:109} INFO - Running <TaskInstance: parallel_dag.task_3 scheduled__2020-01-01T00:00:00+00:00 [running]> on host 10.0.2.15
[2022-04-15 13:46:20,452] {taskinstance.py:1446} INFO - Exporting the following env vars:
AIRFLOW_CTX_DAG_OWNER=solfa
AIRFLOW_CTX_DAG_ID=parallel_dag
AIRFLOW_CTX_TASK_ID=task_3
AIRFLOW_CTX_EXECUTION_DATE=2020-01-01T00:00:00+00:00
AIRFLOW_CTX_DAG_RUN_ID=scheduled__2020-01-01T00:00:00+00:00
[2022-04-15 13:46:20,507] {subprocess.py:62} INFO - Tmp dir root location: 
 /tmp
[2022-04-15 13:46:20,559] {subprocess.py:74} INFO - Running command: ['bash', '-c', 'sleep 3']
[2022-04-15 13:46:20,915] {subprocess.py:85} INFO - Output:
[2022-04-15 13:46:24,334] {subprocess.py:93} INFO - Command exited with return code 0
[2022-04-15 13:46:26,092] {taskinstance.py:1278} INFO - Marking task as SUCCESS. dag_id=parallel_dag, task_id=task_3, execution_date=20200101T000000, start_date=20220415T134607, end_date=20220415T134626
[2022-04-15 13:46:27,502] {local_task_job.py:154} INFO - Task exited with return code 0
[2022-04-15 13:46:30,403] {local_task_job.py:264} INFO - 0 downstream tasks scheduled from follow-on schedule check
[2022-04-15 15:54:34,502] {taskinstance.py:1043} INFO - Dependencies all met for <TaskInstance: parallel_dag.task_3 scheduled__2020-01-01T00:00:00+00:00 [queued]>
[2022-04-15 15:54:34,518] {taskinstance.py:1043} INFO - Dependencies all met for <TaskInstance: parallel_dag.task_3 scheduled__2020-01-01T00:00:00+00:00 [queued]>
[2022-04-15 15:54:34,519] {taskinstance.py:1249} INFO - 
--------------------------------------------------------------------------------
[2022-04-15 15:54:34,519] {taskinstance.py:1250} INFO - Starting attempt 1 of 1
[2022-04-15 15:54:34,519] {taskinstance.py:1251} INFO - 
--------------------------------------------------------------------------------
[2022-04-15 15:54:34,539] {taskinstance.py:1270} INFO - Executing <Task(BashOperator): task_3> on 2020-01-01 00:00:00+00:00
[2022-04-15 15:54:34,541] {standard_task_runner.py:52} INFO - Started process 176930 to run task
[2022-04-15 15:54:34,550] {standard_task_runner.py:79} INFO - Running: ['airflow', 'tasks', 'run', 'parallel_dag', 'task_3', 'scheduled__2020-01-01T00:00:00+00:00', '--job-id', '135', '--raw', '--subdir', 'DAGS_FOLDER/parallel_dag.py', '--cfg-path', '/tmp/tmpo7v7fhvn', '--error-file', '/tmp/tmpnm0nfd3y']
[2022-04-15 15:54:34,557] {standard_task_runner.py:80} INFO - Job 135: Subtask task_3
[2022-04-15 15:54:34,681] {logging_mixin.py:109} INFO - Running <TaskInstance: parallel_dag.task_3 scheduled__2020-01-01T00:00:00+00:00 [running]> on host 10.0.2.15
[2022-04-15 15:54:34,785] {taskinstance.py:1446} INFO - Exporting the following env vars:
AIRFLOW_CTX_DAG_OWNER=solfa
AIRFLOW_CTX_DAG_ID=parallel_dag
AIRFLOW_CTX_TASK_ID=task_3
AIRFLOW_CTX_EXECUTION_DATE=2020-01-01T00:00:00+00:00
AIRFLOW_CTX_DAG_RUN_ID=scheduled__2020-01-01T00:00:00+00:00
[2022-04-15 15:54:34,786] {subprocess.py:62} INFO - Tmp dir root location: 
 /tmp
[2022-04-15 15:54:34,789] {subprocess.py:74} INFO - Running command: ['bash', '-c', 'sleep 3']
[2022-04-15 15:54:34,798] {subprocess.py:85} INFO - Output:
[2022-04-15 15:54:37,803] {subprocess.py:93} INFO - Command exited with return code 0
[2022-04-15 15:54:37,861] {taskinstance.py:1278} INFO - Marking task as SUCCESS. dag_id=parallel_dag, task_id=task_3, execution_date=20200101T000000, start_date=20220415T155434, end_date=20220415T155437
[2022-04-15 15:54:37,903] {local_task_job.py:154} INFO - Task exited with return code 0
[2022-04-15 15:54:37,976] {local_task_job.py:264} INFO - 1 downstream tasks scheduled from follow-on schedule check
[2022-04-19 15:21:34,298] {taskinstance.py:1043} INFO - Dependencies all met for <TaskInstance: parallel_dag.task_3 scheduled__2020-01-01T00:00:00+00:00 [queued]>
[2022-04-19 15:21:34,608] {taskinstance.py:1043} INFO - Dependencies all met for <TaskInstance: parallel_dag.task_3 scheduled__2020-01-01T00:00:00+00:00 [queued]>
[2022-04-19 15:21:34,609] {taskinstance.py:1249} INFO - 
--------------------------------------------------------------------------------
[2022-04-19 15:21:34,614] {taskinstance.py:1250} INFO - Starting attempt 1 of 1
[2022-04-19 15:21:34,624] {taskinstance.py:1251} INFO - 
--------------------------------------------------------------------------------
[2022-04-19 15:21:34,836] {taskinstance.py:1270} INFO - Executing <Task(BashOperator): task_3> on 2020-01-01 00:00:00+00:00
[2022-04-19 15:21:34,912] {standard_task_runner.py:52} INFO - Started process 124949 to run task
[2022-04-19 15:21:35,043] {standard_task_runner.py:79} INFO - Running: ['airflow', 'tasks', 'run', 'parallel_dag', 'task_3', 'scheduled__2020-01-01T00:00:00+00:00', '--job-id', '177', '--raw', '--subdir', 'DAGS_FOLDER/parallel_dag.py', '--cfg-path', '/tmp/tmpm7yoroak', '--error-file', '/tmp/tmpgc6_je4x']
[2022-04-19 15:21:35,076] {standard_task_runner.py:80} INFO - Job 177: Subtask task_3
[2022-04-19 15:21:36,592] {logging_mixin.py:109} INFO - Running <TaskInstance: parallel_dag.task_3 scheduled__2020-01-01T00:00:00+00:00 [running]> on host airflowvm
[2022-04-19 15:21:38,298] {taskinstance.py:1446} INFO - Exporting the following env vars:
AIRFLOW_CTX_DAG_OWNER=solfa
AIRFLOW_CTX_DAG_ID=parallel_dag
AIRFLOW_CTX_TASK_ID=task_3
AIRFLOW_CTX_EXECUTION_DATE=2020-01-01T00:00:00+00:00
AIRFLOW_CTX_DAG_RUN_ID=scheduled__2020-01-01T00:00:00+00:00
[2022-04-19 15:21:38,309] {subprocess.py:62} INFO - Tmp dir root location: 
 /tmp
[2022-04-19 15:21:38,326] {subprocess.py:74} INFO - Running command: ['bash', '-c', 'sleep 3']
[2022-04-19 15:21:38,381] {subprocess.py:85} INFO - Output:
[2022-04-19 15:21:41,418] {subprocess.py:93} INFO - Command exited with return code 0
[2022-04-19 15:21:42,361] {taskinstance.py:1278} INFO - Marking task as SUCCESS. dag_id=parallel_dag, task_id=task_3, execution_date=20200101T000000, start_date=20220419T152134, end_date=20220419T152142
[2022-04-19 15:21:42,842] {local_task_job.py:154} INFO - Task exited with return code 0
[2022-04-19 15:21:43,495] {local_task_job.py:264} INFO - 1 downstream tasks scheduled from follow-on schedule check
