[2022-04-15 13:49:14,448] {taskinstance.py:1043} INFO - Dependencies all met for <TaskInstance: parallel_dag.task_2 scheduled__2020-01-12T00:00:00+00:00 [queued]>
[2022-04-15 13:49:15,559] {taskinstance.py:1043} INFO - Dependencies all met for <TaskInstance: parallel_dag.task_2 scheduled__2020-01-12T00:00:00+00:00 [queued]>
[2022-04-15 13:49:15,627] {taskinstance.py:1249} INFO - 
--------------------------------------------------------------------------------
[2022-04-15 13:49:15,638] {taskinstance.py:1250} INFO - Starting attempt 1 of 1
[2022-04-15 13:49:15,707] {taskinstance.py:1251} INFO - 
--------------------------------------------------------------------------------
[2022-04-15 13:49:16,879] {taskinstance.py:1270} INFO - Executing <Task(PythonOperator): task_2> on 2020-01-12 00:00:00+00:00
[2022-04-15 13:49:17,124] {standard_task_runner.py:52} INFO - Started process 108619 to run task
[2022-04-15 13:49:17,258] {standard_task_runner.py:79} INFO - Running: ['airflow', 'tasks', 'run', 'parallel_dag', 'task_2', 'scheduled__2020-01-12T00:00:00+00:00', '--job-id', '73', '--raw', '--subdir', 'DAGS_FOLDER/parallel_dag.py', '--cfg-path', '/tmp/tmpmatwc7fy', '--error-file', '/tmp/tmp2smzodgr']
[2022-04-15 13:49:17,856] {standard_task_runner.py:80} INFO - Job 73: Subtask task_2
[2022-04-15 13:49:23,256] {logging_mixin.py:109} INFO - Running <TaskInstance: parallel_dag.task_2 scheduled__2020-01-12T00:00:00+00:00 [running]> on host 10.0.2.15
[2022-04-15 13:49:26,493] {taskinstance.py:1446} INFO - Exporting the following env vars:
AIRFLOW_CTX_DAG_OWNER=solfa
AIRFLOW_CTX_DAG_ID=parallel_dag
AIRFLOW_CTX_TASK_ID=task_2
AIRFLOW_CTX_EXECUTION_DATE=2020-01-12T00:00:00+00:00
AIRFLOW_CTX_DAG_RUN_ID=scheduled__2020-01-12T00:00:00+00:00
[2022-04-15 13:49:29,533] {python.py:175} INFO - Done. Returned value was: None
[2022-04-15 13:49:30,382] {taskinstance.py:1278} INFO - Marking task as SUCCESS. dag_id=parallel_dag, task_id=task_2, execution_date=20200112T000000, start_date=20220415T134914, end_date=20220415T134930
[2022-04-15 13:49:31,931] {local_task_job.py:154} INFO - Task exited with return code 0
[2022-04-15 13:49:34,284] {local_task_job.py:264} INFO - 1 downstream tasks scheduled from follow-on schedule check
[2022-04-15 15:56:30,292] {taskinstance.py:1043} INFO - Dependencies all met for <TaskInstance: parallel_dag.task_2 scheduled__2020-01-12T00:00:00+00:00 [queued]>
[2022-04-15 15:56:30,304] {taskinstance.py:1043} INFO - Dependencies all met for <TaskInstance: parallel_dag.task_2 scheduled__2020-01-12T00:00:00+00:00 [queued]>
[2022-04-15 15:56:30,304] {taskinstance.py:1249} INFO - 
--------------------------------------------------------------------------------
[2022-04-15 15:56:30,304] {taskinstance.py:1250} INFO - Starting attempt 1 of 1
[2022-04-15 15:56:30,305] {taskinstance.py:1251} INFO - 
--------------------------------------------------------------------------------
[2022-04-15 15:56:30,323] {taskinstance.py:1270} INFO - Executing <Task(PythonOperator): task_2> on 2020-01-12 00:00:00+00:00
[2022-04-15 15:56:30,325] {standard_task_runner.py:52} INFO - Started process 181823 to run task
[2022-04-15 15:56:30,332] {standard_task_runner.py:79} INFO - Running: ['airflow', 'tasks', 'run', 'parallel_dag', 'task_2', 'scheduled__2020-01-12T00:00:00+00:00', '--job-id', '156', '--raw', '--subdir', 'DAGS_FOLDER/parallel_dag.py', '--cfg-path', '/tmp/tmpmk71cz9z', '--error-file', '/tmp/tmpfek93dvk']
[2022-04-15 15:56:30,333] {standard_task_runner.py:80} INFO - Job 156: Subtask task_2
[2022-04-15 15:56:30,443] {logging_mixin.py:109} INFO - Running <TaskInstance: parallel_dag.task_2 scheduled__2020-01-12T00:00:00+00:00 [running]> on host 10.0.2.15
[2022-04-15 15:56:30,549] {taskinstance.py:1446} INFO - Exporting the following env vars:
AIRFLOW_CTX_DAG_OWNER=solfa
AIRFLOW_CTX_DAG_ID=parallel_dag
AIRFLOW_CTX_TASK_ID=task_2
AIRFLOW_CTX_EXECUTION_DATE=2020-01-12T00:00:00+00:00
AIRFLOW_CTX_DAG_RUN_ID=scheduled__2020-01-12T00:00:00+00:00
[2022-04-15 15:56:33,557] {python.py:175} INFO - Done. Returned value was: None
[2022-04-15 15:56:33,583] {taskinstance.py:1278} INFO - Marking task as SUCCESS. dag_id=parallel_dag, task_id=task_2, execution_date=20200112T000000, start_date=20220415T155630, end_date=20220415T155633
[2022-04-15 15:56:33,620] {local_task_job.py:154} INFO - Task exited with return code 0
[2022-04-15 15:56:33,691] {local_task_job.py:264} INFO - 0 downstream tasks scheduled from follow-on schedule check
