[2022-04-15 13:03:03,753] {taskinstance.py:1043} INFO - Dependencies all met for <TaskInstance: parallel_dag.task_2 scheduled__2022-04-14T00:00:00+00:00 [queued]>
[2022-04-15 13:03:03,777] {taskinstance.py:1043} INFO - Dependencies all met for <TaskInstance: parallel_dag.task_2 scheduled__2022-04-14T00:00:00+00:00 [queued]>
[2022-04-15 13:03:03,778] {taskinstance.py:1249} INFO - 
--------------------------------------------------------------------------------
[2022-04-15 13:03:03,778] {taskinstance.py:1250} INFO - Starting attempt 1 of 1
[2022-04-15 13:03:03,778] {taskinstance.py:1251} INFO - 
--------------------------------------------------------------------------------
[2022-04-15 13:03:03,818] {taskinstance.py:1270} INFO - Executing <Task(PythonOperator): task_2> on 2022-04-14 00:00:00+00:00
[2022-04-15 13:03:03,822] {standard_task_runner.py:52} INFO - Started process 80236 to run task
[2022-04-15 13:03:03,841] {standard_task_runner.py:79} INFO - Running: ['airflow', 'tasks', 'run', 'parallel_dag', 'task_2', 'scheduled__2022-04-14T00:00:00+00:00', '--job-id', '22', '--raw', '--subdir', 'DAGS_FOLDER/parallel_dag.py', '--cfg-path', '/tmp/tmptw6lh6pp', '--error-file', '/tmp/tmp2hxdh5rp']
[2022-04-15 13:03:03,843] {standard_task_runner.py:80} INFO - Job 22: Subtask task_2
[2022-04-15 13:03:04,054] {logging_mixin.py:109} INFO - Running <TaskInstance: parallel_dag.task_2 scheduled__2022-04-14T00:00:00+00:00 [running]> on host 10.0.2.15
[2022-04-15 13:03:04,252] {taskinstance.py:1446} INFO - Exporting the following env vars:
AIRFLOW_CTX_DAG_OWNER=solfa
AIRFLOW_CTX_DAG_ID=parallel_dag
AIRFLOW_CTX_TASK_ID=task_2
AIRFLOW_CTX_EXECUTION_DATE=2022-04-14T00:00:00+00:00
AIRFLOW_CTX_DAG_RUN_ID=scheduled__2022-04-14T00:00:00+00:00
[2022-04-15 13:03:07,258] {python.py:175} INFO - Done. Returned value was: None
[2022-04-15 13:03:07,304] {taskinstance.py:1278} INFO - Marking task as SUCCESS. dag_id=parallel_dag, task_id=task_2, execution_date=20220414T000000, start_date=20220415T130303, end_date=20220415T130307
[2022-04-15 13:03:07,354] {local_task_job.py:154} INFO - Task exited with return code 0
[2022-04-15 13:03:07,533] {local_task_job.py:264} INFO - 0 downstream tasks scheduled from follow-on schedule check
[2022-04-15 13:06:13,478] {taskinstance.py:1043} INFO - Dependencies all met for <TaskInstance: parallel_dag.task_2 scheduled__2022-04-14T00:00:00+00:00 [queued]>
[2022-04-15 13:06:13,506] {taskinstance.py:1043} INFO - Dependencies all met for <TaskInstance: parallel_dag.task_2 scheduled__2022-04-14T00:00:00+00:00 [queued]>
[2022-04-15 13:06:13,510] {taskinstance.py:1249} INFO - 
--------------------------------------------------------------------------------
[2022-04-15 13:06:13,510] {taskinstance.py:1250} INFO - Starting attempt 1 of 1
[2022-04-15 13:06:13,510] {taskinstance.py:1251} INFO - 
--------------------------------------------------------------------------------
[2022-04-15 13:06:13,560] {taskinstance.py:1270} INFO - Executing <Task(PythonOperator): task_2> on 2022-04-14 00:00:00+00:00
[2022-04-15 13:06:13,564] {standard_task_runner.py:52} INFO - Started process 82497 to run task
[2022-04-15 13:06:13,588] {standard_task_runner.py:79} INFO - Running: ['airflow', 'tasks', 'run', 'parallel_dag', 'task_2', 'scheduled__2022-04-14T00:00:00+00:00', '--job-id', '26', '--raw', '--subdir', 'DAGS_FOLDER/parallel_dag.py', '--cfg-path', '/tmp/tmpql_u7qk8', '--error-file', '/tmp/tmpggpkzdd4']
[2022-04-15 13:06:13,593] {standard_task_runner.py:80} INFO - Job 26: Subtask task_2
[2022-04-15 13:06:14,260] {logging_mixin.py:109} INFO - Running <TaskInstance: parallel_dag.task_2 scheduled__2022-04-14T00:00:00+00:00 [running]> on host 10.0.2.15
[2022-04-15 13:06:20,178] {taskinstance.py:1446} INFO - Exporting the following env vars:
AIRFLOW_CTX_DAG_OWNER=solfa
AIRFLOW_CTX_DAG_ID=parallel_dag
AIRFLOW_CTX_TASK_ID=task_2
AIRFLOW_CTX_EXECUTION_DATE=2022-04-14T00:00:00+00:00
AIRFLOW_CTX_DAG_RUN_ID=scheduled__2022-04-14T00:00:00+00:00
[2022-04-15 13:06:23,184] {python.py:175} INFO - Done. Returned value was: None
[2022-04-15 13:06:23,274] {taskinstance.py:1278} INFO - Marking task as SUCCESS. dag_id=parallel_dag, task_id=task_2, execution_date=20220414T000000, start_date=20220415T130613, end_date=20220415T130623
[2022-04-15 13:06:23,475] {local_task_job.py:154} INFO - Task exited with return code 0
[2022-04-15 13:06:23,911] {local_task_job.py:264} INFO - 0 downstream tasks scheduled from follow-on schedule check
