[2022-04-15 13:46:31,828] {taskinstance.py:1043} INFO - Dependencies all met for <TaskInstance: parallel_dag.task_3 scheduled__2020-01-03T00:00:00+00:00 [queued]>
[2022-04-15 13:46:32,985] {taskinstance.py:1043} INFO - Dependencies all met for <TaskInstance: parallel_dag.task_3 scheduled__2020-01-03T00:00:00+00:00 [queued]>
[2022-04-15 13:46:32,990] {taskinstance.py:1249} INFO - 
--------------------------------------------------------------------------------
[2022-04-15 13:46:33,020] {taskinstance.py:1250} INFO - Starting attempt 1 of 1
[2022-04-15 13:46:33,021] {taskinstance.py:1251} INFO - 
--------------------------------------------------------------------------------
[2022-04-15 13:46:34,471] {taskinstance.py:1270} INFO - Executing <Task(BashOperator): task_3> on 2020-01-03 00:00:00+00:00
[2022-04-15 13:46:34,935] {standard_task_runner.py:52} INFO - Started process 101534 to run task
[2022-04-15 13:46:35,502] {standard_task_runner.py:79} INFO - Running: ['airflow', 'tasks', 'run', 'parallel_dag', 'task_3', 'scheduled__2020-01-03T00:00:00+00:00', '--job-id', '41', '--raw', '--subdir', 'DAGS_FOLDER/parallel_dag.py', '--cfg-path', '/tmp/tmpaj7xzrq1', '--error-file', '/tmp/tmpf_0477q9']
[2022-04-15 13:46:35,795] {standard_task_runner.py:80} INFO - Job 41: Subtask task_3
[2022-04-15 13:46:40,898] {logging_mixin.py:109} INFO - Running <TaskInstance: parallel_dag.task_3 scheduled__2020-01-03T00:00:00+00:00 [running]> on host 10.0.2.15
[2022-04-15 13:46:46,486] {taskinstance.py:1446} INFO - Exporting the following env vars:
AIRFLOW_CTX_DAG_OWNER=solfa
AIRFLOW_CTX_DAG_ID=parallel_dag
AIRFLOW_CTX_TASK_ID=task_3
AIRFLOW_CTX_EXECUTION_DATE=2020-01-03T00:00:00+00:00
AIRFLOW_CTX_DAG_RUN_ID=scheduled__2020-01-03T00:00:00+00:00
[2022-04-15 13:46:46,531] {subprocess.py:62} INFO - Tmp dir root location: 
 /tmp
[2022-04-15 13:46:46,624] {subprocess.py:74} INFO - Running command: ['bash', '-c', 'sleep 3']
[2022-04-15 13:46:47,162] {subprocess.py:85} INFO - Output:
[2022-04-15 13:46:50,790] {subprocess.py:93} INFO - Command exited with return code 0
[2022-04-15 13:46:53,272] {taskinstance.py:1278} INFO - Marking task as SUCCESS. dag_id=parallel_dag, task_id=task_3, execution_date=20200103T000000, start_date=20220415T134631, end_date=20220415T134653
[2022-04-15 13:46:56,528] {local_task_job.py:154} INFO - Task exited with return code 0
[2022-04-15 13:46:59,441] {local_task_job.py:264} INFO - 0 downstream tasks scheduled from follow-on schedule check
[2022-04-15 15:54:55,753] {taskinstance.py:1043} INFO - Dependencies all met for <TaskInstance: parallel_dag.task_3 scheduled__2020-01-03T00:00:00+00:00 [queued]>
[2022-04-15 15:54:55,801] {taskinstance.py:1043} INFO - Dependencies all met for <TaskInstance: parallel_dag.task_3 scheduled__2020-01-03T00:00:00+00:00 [queued]>
[2022-04-15 15:54:55,823] {taskinstance.py:1249} INFO - 
--------------------------------------------------------------------------------
[2022-04-15 15:54:55,823] {taskinstance.py:1250} INFO - Starting attempt 1 of 1
[2022-04-15 15:54:55,823] {taskinstance.py:1251} INFO - 
--------------------------------------------------------------------------------
[2022-04-15 15:54:55,851] {taskinstance.py:1270} INFO - Executing <Task(BashOperator): task_3> on 2020-01-03 00:00:00+00:00
[2022-04-15 15:54:55,864] {standard_task_runner.py:79} INFO - Running: ['airflow', 'tasks', 'run', 'parallel_dag', 'task_3', 'scheduled__2020-01-03T00:00:00+00:00', '--job-id', '139', '--raw', '--subdir', 'DAGS_FOLDER/parallel_dag.py', '--cfg-path', '/tmp/tmpgn_bqunq', '--error-file', '/tmp/tmpnqpxa89a']
[2022-04-15 15:54:55,853] {standard_task_runner.py:52} INFO - Started process 177795 to run task
[2022-04-15 15:54:55,872] {standard_task_runner.py:80} INFO - Job 139: Subtask task_3
[2022-04-15 15:54:56,000] {logging_mixin.py:109} INFO - Running <TaskInstance: parallel_dag.task_3 scheduled__2020-01-03T00:00:00+00:00 [running]> on host 10.0.2.15
[2022-04-15 15:54:56,106] {taskinstance.py:1446} INFO - Exporting the following env vars:
AIRFLOW_CTX_DAG_OWNER=solfa
AIRFLOW_CTX_DAG_ID=parallel_dag
AIRFLOW_CTX_TASK_ID=task_3
AIRFLOW_CTX_EXECUTION_DATE=2020-01-03T00:00:00+00:00
AIRFLOW_CTX_DAG_RUN_ID=scheduled__2020-01-03T00:00:00+00:00
[2022-04-15 15:54:56,107] {subprocess.py:62} INFO - Tmp dir root location: 
 /tmp
[2022-04-15 15:54:56,110] {subprocess.py:74} INFO - Running command: ['bash', '-c', 'sleep 3']
[2022-04-15 15:54:56,116] {subprocess.py:85} INFO - Output:
[2022-04-15 15:54:59,120] {subprocess.py:93} INFO - Command exited with return code 0
[2022-04-15 15:54:59,172] {taskinstance.py:1278} INFO - Marking task as SUCCESS. dag_id=parallel_dag, task_id=task_3, execution_date=20200103T000000, start_date=20220415T155455, end_date=20220415T155459
[2022-04-15 15:54:59,226] {local_task_job.py:154} INFO - Task exited with return code 0
[2022-04-15 15:54:59,299] {local_task_job.py:264} INFO - 1 downstream tasks scheduled from follow-on schedule check
