[2022-04-13 07:09:07,442] {taskinstance.py:876} INFO - Dependencies all met for <TaskInstance: parallel_dag.task_2 2022-04-12T00:00:00+00:00 [queued]>
[2022-04-13 07:09:07,514] {taskinstance.py:876} INFO - Dependencies all met for <TaskInstance: parallel_dag.task_2 2022-04-12T00:00:00+00:00 [queued]>
[2022-04-13 07:09:07,514] {taskinstance.py:1067} INFO - 
--------------------------------------------------------------------------------
[2022-04-13 07:09:07,514] {taskinstance.py:1068} INFO - Starting attempt 1 of 1
[2022-04-13 07:09:07,514] {taskinstance.py:1069} INFO - 
--------------------------------------------------------------------------------
[2022-04-13 07:09:07,592] {taskinstance.py:1087} INFO - Executing <Task(PythonOperator): task_2> on 2022-04-12T00:00:00+00:00
[2022-04-13 07:09:07,622] {standard_task_runner.py:52} INFO - Started process 2417 to run task
[2022-04-13 07:09:07,695] {standard_task_runner.py:76} INFO - Running: ['airflow', 'tasks', 'run', 'parallel_dag', 'task_2', '2022-04-12T00:00:00+00:00', '--job-id', '8', '--pool', 'default_pool', '--raw', '--subdir', 'DAGS_FOLDER/parallel_dag.py', '--cfg-path', '/tmp/tmpwq2rogeo', '--error-file', '/tmp/tmptqqms3n3']
[2022-04-13 07:09:07,698] {standard_task_runner.py:77} INFO - Job 8: Subtask task_2
[2022-04-13 07:09:08,669] {logging_mixin.py:104} INFO - Running <TaskInstance: parallel_dag.task_2 2022-04-12T00:00:00+00:00 [running]> on host 10.0.2.15
[2022-04-13 07:09:09,352] {taskinstance.py:1280} INFO - Exporting the following env vars:
AIRFLOW_CTX_DAG_OWNER=solfa
AIRFLOW_CTX_DAG_ID=parallel_dag
AIRFLOW_CTX_TASK_ID=task_2
AIRFLOW_CTX_EXECUTION_DATE=2022-04-12T00:00:00+00:00
AIRFLOW_CTX_DAG_RUN_ID=scheduled__2022-04-12T00:00:00+00:00
[2022-04-13 07:09:12,380] {python.py:151} INFO - Done. Returned value was: None
[2022-04-13 07:09:12,531] {taskinstance.py:1184} INFO - Marking task as SUCCESS. dag_id=parallel_dag, task_id=task_2, execution_date=20220412T000000, start_date=20220413T070907, end_date=20220413T070912
[2022-04-13 07:09:12,852] {taskinstance.py:1245} INFO - 0 downstream tasks scheduled from follow-on schedule check
[2022-04-13 07:09:12,998] {local_task_job.py:151} INFO - Task exited with return code 0
