[2022-04-14 14:57:51,212] {taskinstance.py:1043} INFO - Dependencies all met for <TaskInstance: parallel_dag.task_3 scheduled__2022-04-13T00:00:00+00:00 [queued]>
[2022-04-14 14:57:51,313] {taskinstance.py:1043} INFO - Dependencies all met for <TaskInstance: parallel_dag.task_3 scheduled__2022-04-13T00:00:00+00:00 [queued]>
[2022-04-14 14:57:51,316] {taskinstance.py:1249} INFO - 
--------------------------------------------------------------------------------
[2022-04-14 14:57:51,316] {taskinstance.py:1250} INFO - Starting attempt 1 of 1
[2022-04-14 14:57:51,316] {taskinstance.py:1251} INFO - 
--------------------------------------------------------------------------------
[2022-04-14 14:57:51,401] {taskinstance.py:1270} INFO - Executing <Task(BashOperator): task_3> on 2022-04-13 00:00:00+00:00
[2022-04-14 14:57:51,427] {standard_task_runner.py:52} INFO - Started process 45601 to run task
[2022-04-14 14:57:51,469] {standard_task_runner.py:79} INFO - Running: ['airflow', 'tasks', 'run', 'parallel_dag', 'task_3', 'scheduled__2022-04-13T00:00:00+00:00', '--job-id', '17', '--raw', '--subdir', 'DAGS_FOLDER/parallel_dag.py', '--cfg-path', '/tmp/tmp46zu5i1i', '--error-file', '/tmp/tmppg7r6sb1']
[2022-04-14 14:57:51,499] {standard_task_runner.py:80} INFO - Job 17: Subtask task_3
[2022-04-14 14:57:52,054] {logging_mixin.py:109} INFO - Running <TaskInstance: parallel_dag.task_3 scheduled__2022-04-13T00:00:00+00:00 [running]> on host 10.0.2.15
[2022-04-14 14:57:52,848] {taskinstance.py:1446} INFO - Exporting the following env vars:
AIRFLOW_CTX_DAG_OWNER=solfa
AIRFLOW_CTX_DAG_ID=parallel_dag
AIRFLOW_CTX_TASK_ID=task_3
AIRFLOW_CTX_EXECUTION_DATE=2022-04-13T00:00:00+00:00
AIRFLOW_CTX_DAG_RUN_ID=scheduled__2022-04-13T00:00:00+00:00
[2022-04-14 14:57:52,851] {subprocess.py:62} INFO - Tmp dir root location: 
 /tmp
[2022-04-14 14:57:52,853] {subprocess.py:74} INFO - Running command: ['bash', '-c', 'sleep 3']
[2022-04-14 14:57:52,885] {subprocess.py:85} INFO - Output:
[2022-04-14 14:57:55,922] {subprocess.py:93} INFO - Command exited with return code 0
[2022-04-14 14:57:55,995] {taskinstance.py:1278} INFO - Marking task as SUCCESS. dag_id=parallel_dag, task_id=task_3, execution_date=20220413T000000, start_date=20220414T145751, end_date=20220414T145755
[2022-04-14 14:57:56,042] {local_task_job.py:154} INFO - Task exited with return code 0
[2022-04-14 14:57:56,121] {local_task_job.py:264} INFO - 1 downstream tasks scheduled from follow-on schedule check
