[2022-04-15 13:46:24,835] {taskinstance.py:1043} INFO - Dependencies all met for <TaskInstance: parallel_dag.task_1 scheduled__2020-01-07T00:00:00+00:00 [queued]>
[2022-04-15 13:46:25,723] {taskinstance.py:1043} INFO - Dependencies all met for <TaskInstance: parallel_dag.task_1 scheduled__2020-01-07T00:00:00+00:00 [queued]>
[2022-04-15 13:46:25,766] {taskinstance.py:1249} INFO - 
--------------------------------------------------------------------------------
[2022-04-15 13:46:25,767] {taskinstance.py:1250} INFO - Starting attempt 1 of 1
[2022-04-15 13:46:25,767] {taskinstance.py:1251} INFO - 
--------------------------------------------------------------------------------
[2022-04-15 13:46:26,693] {taskinstance.py:1270} INFO - Executing <Task(BashOperator): task_1> on 2020-01-07 00:00:00+00:00
[2022-04-15 13:46:26,862] {standard_task_runner.py:52} INFO - Started process 101311 to run task
[2022-04-15 13:46:27,309] {standard_task_runner.py:79} INFO - Running: ['airflow', 'tasks', 'run', 'parallel_dag', 'task_1', 'scheduled__2020-01-07T00:00:00+00:00', '--job-id', '38', '--raw', '--subdir', 'DAGS_FOLDER/parallel_dag.py', '--cfg-path', '/tmp/tmploaaxmbb', '--error-file', '/tmp/tmp1tzhnqfl']
[2022-04-15 13:46:27,674] {standard_task_runner.py:80} INFO - Job 38: Subtask task_1
[2022-04-15 13:46:34,279] {logging_mixin.py:109} INFO - Running <TaskInstance: parallel_dag.task_1 scheduled__2020-01-07T00:00:00+00:00 [running]> on host 10.0.2.15
[2022-04-15 13:46:38,538] {taskinstance.py:1446} INFO - Exporting the following env vars:
AIRFLOW_CTX_DAG_OWNER=solfa
AIRFLOW_CTX_DAG_ID=parallel_dag
AIRFLOW_CTX_TASK_ID=task_1
AIRFLOW_CTX_EXECUTION_DATE=2020-01-07T00:00:00+00:00
AIRFLOW_CTX_DAG_RUN_ID=scheduled__2020-01-07T00:00:00+00:00
[2022-04-15 13:46:38,593] {subprocess.py:62} INFO - Tmp dir root location: 
 /tmp
[2022-04-15 13:46:38,687] {subprocess.py:74} INFO - Running command: ['bash', '-c', 'sleep 3']
[2022-04-15 13:46:39,234] {subprocess.py:85} INFO - Output:
[2022-04-15 13:46:42,582] {subprocess.py:93} INFO - Command exited with return code 0
[2022-04-15 13:46:48,579] {taskinstance.py:1278} INFO - Marking task as SUCCESS. dag_id=parallel_dag, task_id=task_1, execution_date=20200107T000000, start_date=20220415T134624, end_date=20220415T134648
[2022-04-15 13:46:49,816] {local_task_job.py:154} INFO - Task exited with return code 0
[2022-04-15 13:46:52,486] {local_task_job.py:264} INFO - 2 downstream tasks scheduled from follow-on schedule check
[2022-04-15 15:53:37,613] {taskinstance.py:1043} INFO - Dependencies all met for <TaskInstance: parallel_dag.task_1 scheduled__2020-01-07T00:00:00+00:00 [queued]>
[2022-04-15 15:53:37,687] {taskinstance.py:1043} INFO - Dependencies all met for <TaskInstance: parallel_dag.task_1 scheduled__2020-01-07T00:00:00+00:00 [queued]>
[2022-04-15 15:53:37,689] {taskinstance.py:1249} INFO - 
--------------------------------------------------------------------------------
[2022-04-15 15:53:37,689] {taskinstance.py:1250} INFO - Starting attempt 1 of 1
[2022-04-15 15:53:37,689] {taskinstance.py:1251} INFO - 
--------------------------------------------------------------------------------
[2022-04-15 15:53:37,719] {taskinstance.py:1270} INFO - Executing <Task(BashOperator): task_1> on 2020-01-07 00:00:00+00:00
[2022-04-15 15:53:37,721] {standard_task_runner.py:52} INFO - Started process 174521 to run task
[2022-04-15 15:53:37,728] {standard_task_runner.py:79} INFO - Running: ['airflow', 'tasks', 'run', 'parallel_dag', 'task_1', 'scheduled__2020-01-07T00:00:00+00:00', '--job-id', '124', '--raw', '--subdir', 'DAGS_FOLDER/parallel_dag.py', '--cfg-path', '/tmp/tmpdjs4wl_2', '--error-file', '/tmp/tmpx9w3bhk9']
[2022-04-15 15:53:37,751] {standard_task_runner.py:80} INFO - Job 124: Subtask task_1
[2022-04-15 15:53:38,116] {logging_mixin.py:109} INFO - Running <TaskInstance: parallel_dag.task_1 scheduled__2020-01-07T00:00:00+00:00 [running]> on host 10.0.2.15
[2022-04-15 15:53:38,373] {taskinstance.py:1446} INFO - Exporting the following env vars:
AIRFLOW_CTX_DAG_OWNER=solfa
AIRFLOW_CTX_DAG_ID=parallel_dag
AIRFLOW_CTX_TASK_ID=task_1
AIRFLOW_CTX_EXECUTION_DATE=2020-01-07T00:00:00+00:00
AIRFLOW_CTX_DAG_RUN_ID=scheduled__2020-01-07T00:00:00+00:00
[2022-04-15 15:53:38,377] {subprocess.py:62} INFO - Tmp dir root location: 
 /tmp
[2022-04-15 15:53:38,379] {subprocess.py:74} INFO - Running command: ['bash', '-c', 'sleep 3']
[2022-04-15 15:53:38,403] {subprocess.py:85} INFO - Output:
[2022-04-15 15:53:41,423] {subprocess.py:93} INFO - Command exited with return code 0
[2022-04-15 15:53:41,537] {taskinstance.py:1278} INFO - Marking task as SUCCESS. dag_id=parallel_dag, task_id=task_1, execution_date=20200107T000000, start_date=20220415T155337, end_date=20220415T155341
[2022-04-15 15:53:41,619] {local_task_job.py:154} INFO - Task exited with return code 0
[2022-04-15 15:53:41,945] {local_task_job.py:264} INFO - 2 downstream tasks scheduled from follow-on schedule check
