[2022-04-15 13:49:14,534] {taskinstance.py:1043} INFO - Dependencies all met for <TaskInstance: parallel_dag.task_3 scheduled__2020-01-11T00:00:00+00:00 [queued]>
[2022-04-15 13:49:15,839] {taskinstance.py:1043} INFO - Dependencies all met for <TaskInstance: parallel_dag.task_3 scheduled__2020-01-11T00:00:00+00:00 [queued]>
[2022-04-15 13:49:15,854] {taskinstance.py:1249} INFO - 
--------------------------------------------------------------------------------
[2022-04-15 13:49:15,932] {taskinstance.py:1250} INFO - Starting attempt 1 of 1
[2022-04-15 13:49:15,933] {taskinstance.py:1251} INFO - 
--------------------------------------------------------------------------------
[2022-04-15 13:49:16,915] {taskinstance.py:1270} INFO - Executing <Task(BashOperator): task_3> on 2020-01-11 00:00:00+00:00
[2022-04-15 13:49:17,096] {standard_task_runner.py:52} INFO - Started process 108610 to run task
[2022-04-15 13:49:17,338] {standard_task_runner.py:79} INFO - Running: ['airflow', 'tasks', 'run', 'parallel_dag', 'task_3', 'scheduled__2020-01-11T00:00:00+00:00', '--job-id', '74', '--raw', '--subdir', 'DAGS_FOLDER/parallel_dag.py', '--cfg-path', '/tmp/tmpcmuy6lew', '--error-file', '/tmp/tmpjtn0n_4a']
[2022-04-15 13:49:17,720] {standard_task_runner.py:80} INFO - Job 74: Subtask task_3
[2022-04-15 13:49:23,203] {logging_mixin.py:109} INFO - Running <TaskInstance: parallel_dag.task_3 scheduled__2020-01-11T00:00:00+00:00 [running]> on host 10.0.2.15
[2022-04-15 13:49:26,593] {taskinstance.py:1446} INFO - Exporting the following env vars:
AIRFLOW_CTX_DAG_OWNER=solfa
AIRFLOW_CTX_DAG_ID=parallel_dag
AIRFLOW_CTX_TASK_ID=task_3
AIRFLOW_CTX_EXECUTION_DATE=2020-01-11T00:00:00+00:00
AIRFLOW_CTX_DAG_RUN_ID=scheduled__2020-01-11T00:00:00+00:00
[2022-04-15 13:49:26,636] {subprocess.py:62} INFO - Tmp dir root location: 
 /tmp
[2022-04-15 13:49:26,656] {subprocess.py:74} INFO - Running command: ['bash', '-c', 'sleep 3']
[2022-04-15 13:49:26,834] {subprocess.py:85} INFO - Output:
[2022-04-15 13:49:30,238] {subprocess.py:93} INFO - Command exited with return code 0
[2022-04-15 13:49:32,462] {taskinstance.py:1278} INFO - Marking task as SUCCESS. dag_id=parallel_dag, task_id=task_3, execution_date=20200111T000000, start_date=20220415T134914, end_date=20220415T134932
[2022-04-15 13:49:33,615] {local_task_job.py:154} INFO - Task exited with return code 0
[2022-04-15 13:49:36,135] {local_task_job.py:264} INFO - 1 downstream tasks scheduled from follow-on schedule check
[2022-04-15 15:56:25,533] {taskinstance.py:1043} INFO - Dependencies all met for <TaskInstance: parallel_dag.task_3 scheduled__2020-01-11T00:00:00+00:00 [queued]>
[2022-04-15 15:56:25,544] {taskinstance.py:1043} INFO - Dependencies all met for <TaskInstance: parallel_dag.task_3 scheduled__2020-01-11T00:00:00+00:00 [queued]>
[2022-04-15 15:56:25,544] {taskinstance.py:1249} INFO - 
--------------------------------------------------------------------------------
[2022-04-15 15:56:25,544] {taskinstance.py:1250} INFO - Starting attempt 1 of 1
[2022-04-15 15:56:25,544] {taskinstance.py:1251} INFO - 
--------------------------------------------------------------------------------
[2022-04-15 15:56:25,562] {taskinstance.py:1270} INFO - Executing <Task(BashOperator): task_3> on 2020-01-11 00:00:00+00:00
[2022-04-15 15:56:25,566] {standard_task_runner.py:52} INFO - Started process 181625 to run task
[2022-04-15 15:56:25,575] {standard_task_runner.py:79} INFO - Running: ['airflow', 'tasks', 'run', 'parallel_dag', 'task_3', 'scheduled__2020-01-11T00:00:00+00:00', '--job-id', '155', '--raw', '--subdir', 'DAGS_FOLDER/parallel_dag.py', '--cfg-path', '/tmp/tmp0rynbr3_', '--error-file', '/tmp/tmphcm1q8ox']
[2022-04-15 15:56:25,576] {standard_task_runner.py:80} INFO - Job 155: Subtask task_3
[2022-04-15 15:56:25,676] {logging_mixin.py:109} INFO - Running <TaskInstance: parallel_dag.task_3 scheduled__2020-01-11T00:00:00+00:00 [running]> on host 10.0.2.15
[2022-04-15 15:56:25,802] {taskinstance.py:1446} INFO - Exporting the following env vars:
AIRFLOW_CTX_DAG_OWNER=solfa
AIRFLOW_CTX_DAG_ID=parallel_dag
AIRFLOW_CTX_TASK_ID=task_3
AIRFLOW_CTX_EXECUTION_DATE=2020-01-11T00:00:00+00:00
AIRFLOW_CTX_DAG_RUN_ID=scheduled__2020-01-11T00:00:00+00:00
[2022-04-15 15:56:25,803] {subprocess.py:62} INFO - Tmp dir root location: 
 /tmp
[2022-04-15 15:56:25,809] {subprocess.py:74} INFO - Running command: ['bash', '-c', 'sleep 3']
[2022-04-15 15:56:25,823] {subprocess.py:85} INFO - Output:
[2022-04-15 15:56:28,832] {subprocess.py:93} INFO - Command exited with return code 0
[2022-04-15 15:56:28,895] {taskinstance.py:1278} INFO - Marking task as SUCCESS. dag_id=parallel_dag, task_id=task_3, execution_date=20200111T000000, start_date=20220415T155625, end_date=20220415T155628
[2022-04-15 15:56:29,090] {local_task_job.py:154} INFO - Task exited with return code 0
[2022-04-15 15:56:29,488] {local_task_job.py:264} INFO - 1 downstream tasks scheduled from follow-on schedule check
