[2022-04-15 13:50:43,540] {taskinstance.py:1043} INFO - Dependencies all met for <TaskInstance: parallel_dag.task_1 scheduled__2020-01-16T00:00:00+00:00 [queued]>
[2022-04-15 13:50:43,933] {taskinstance.py:1043} INFO - Dependencies all met for <TaskInstance: parallel_dag.task_1 scheduled__2020-01-16T00:00:00+00:00 [queued]>
[2022-04-15 13:50:43,937] {taskinstance.py:1249} INFO - 
--------------------------------------------------------------------------------
[2022-04-15 13:50:43,954] {taskinstance.py:1250} INFO - Starting attempt 1 of 1
[2022-04-15 13:50:43,954] {taskinstance.py:1251} INFO - 
--------------------------------------------------------------------------------
[2022-04-15 13:50:44,366] {taskinstance.py:1270} INFO - Executing <Task(BashOperator): task_1> on 2020-01-16 00:00:00+00:00
[2022-04-15 13:50:44,465] {standard_task_runner.py:52} INFO - Started process 112521 to run task
[2022-04-15 13:50:44,400] {standard_task_runner.py:79} INFO - Running: ['airflow', 'tasks', 'run', 'parallel_dag', 'task_1', 'scheduled__2020-01-16T00:00:00+00:00', '--job-id', '87', '--raw', '--subdir', 'DAGS_FOLDER/parallel_dag.py', '--cfg-path', '/tmp/tmp5llvktzo', '--error-file', '/tmp/tmpq2yr78so']
[2022-04-15 13:50:44,770] {standard_task_runner.py:80} INFO - Job 87: Subtask task_1
[2022-04-15 13:50:46,904] {logging_mixin.py:109} INFO - Running <TaskInstance: parallel_dag.task_1 scheduled__2020-01-16T00:00:00+00:00 [running]> on host 10.0.2.15
[2022-04-15 13:50:49,123] {taskinstance.py:1446} INFO - Exporting the following env vars:
AIRFLOW_CTX_DAG_OWNER=solfa
AIRFLOW_CTX_DAG_ID=parallel_dag
AIRFLOW_CTX_TASK_ID=task_1
AIRFLOW_CTX_EXECUTION_DATE=2020-01-16T00:00:00+00:00
AIRFLOW_CTX_DAG_RUN_ID=scheduled__2020-01-16T00:00:00+00:00
[2022-04-15 13:50:49,137] {subprocess.py:62} INFO - Tmp dir root location: 
 /tmp
[2022-04-15 13:50:49,175] {subprocess.py:74} INFO - Running command: ['bash', '-c', 'sleep 3']
[2022-04-15 13:50:49,546] {subprocess.py:85} INFO - Output:
[2022-04-15 13:50:52,871] {subprocess.py:93} INFO - Command exited with return code 0
[2022-04-15 13:50:54,482] {taskinstance.py:1278} INFO - Marking task as SUCCESS. dag_id=parallel_dag, task_id=task_1, execution_date=20200116T000000, start_date=20220415T135043, end_date=20220415T135054
[2022-04-15 13:50:55,246] {local_task_job.py:154} INFO - Task exited with return code 0
[2022-04-15 13:50:56,928] {local_task_job.py:264} INFO - 2 downstream tasks scheduled from follow-on schedule check
[2022-04-15 15:54:24,249] {taskinstance.py:1043} INFO - Dependencies all met for <TaskInstance: parallel_dag.task_1 scheduled__2020-01-16T00:00:00+00:00 [queued]>
[2022-04-15 15:54:24,259] {taskinstance.py:1043} INFO - Dependencies all met for <TaskInstance: parallel_dag.task_1 scheduled__2020-01-16T00:00:00+00:00 [queued]>
[2022-04-15 15:54:24,259] {taskinstance.py:1249} INFO - 
--------------------------------------------------------------------------------
[2022-04-15 15:54:24,260] {taskinstance.py:1250} INFO - Starting attempt 1 of 1
[2022-04-15 15:54:24,260] {taskinstance.py:1251} INFO - 
--------------------------------------------------------------------------------
[2022-04-15 15:54:24,281] {taskinstance.py:1270} INFO - Executing <Task(BashOperator): task_1> on 2020-01-16 00:00:00+00:00
[2022-04-15 15:54:24,284] {standard_task_runner.py:52} INFO - Started process 176465 to run task
[2022-04-15 15:54:24,291] {standard_task_runner.py:79} INFO - Running: ['airflow', 'tasks', 'run', 'parallel_dag', 'task_1', 'scheduled__2020-01-16T00:00:00+00:00', '--job-id', '133', '--raw', '--subdir', 'DAGS_FOLDER/parallel_dag.py', '--cfg-path', '/tmp/tmp6ocy3a4p', '--error-file', '/tmp/tmphnhkixn7']
[2022-04-15 15:54:24,293] {standard_task_runner.py:80} INFO - Job 133: Subtask task_1
[2022-04-15 15:54:24,400] {logging_mixin.py:109} INFO - Running <TaskInstance: parallel_dag.task_1 scheduled__2020-01-16T00:00:00+00:00 [running]> on host 10.0.2.15
[2022-04-15 15:54:24,525] {taskinstance.py:1446} INFO - Exporting the following env vars:
AIRFLOW_CTX_DAG_OWNER=solfa
AIRFLOW_CTX_DAG_ID=parallel_dag
AIRFLOW_CTX_TASK_ID=task_1
AIRFLOW_CTX_EXECUTION_DATE=2020-01-16T00:00:00+00:00
AIRFLOW_CTX_DAG_RUN_ID=scheduled__2020-01-16T00:00:00+00:00
[2022-04-15 15:54:24,527] {subprocess.py:62} INFO - Tmp dir root location: 
 /tmp
[2022-04-15 15:54:24,530] {subprocess.py:74} INFO - Running command: ['bash', '-c', 'sleep 3']
[2022-04-15 15:54:24,540] {subprocess.py:85} INFO - Output:
[2022-04-15 15:54:27,550] {subprocess.py:93} INFO - Command exited with return code 0
[2022-04-15 15:54:27,729] {taskinstance.py:1278} INFO - Marking task as SUCCESS. dag_id=parallel_dag, task_id=task_1, execution_date=20200116T000000, start_date=20220415T155424, end_date=20220415T155427
[2022-04-15 15:54:27,795] {local_task_job.py:154} INFO - Task exited with return code 0
[2022-04-15 15:54:27,928] {local_task_job.py:264} INFO - 2 downstream tasks scheduled from follow-on schedule check
