[2022-04-15 13:47:01,165] {taskinstance.py:1043} INFO - Dependencies all met for <TaskInstance: parallel_dag.task_3 scheduled__2020-01-05T00:00:00+00:00 [queued]>
[2022-04-15 13:47:02,107] {taskinstance.py:1043} INFO - Dependencies all met for <TaskInstance: parallel_dag.task_3 scheduled__2020-01-05T00:00:00+00:00 [queued]>
[2022-04-15 13:47:02,156] {taskinstance.py:1249} INFO - 
--------------------------------------------------------------------------------
[2022-04-15 13:47:02,156] {taskinstance.py:1250} INFO - Starting attempt 1 of 1
[2022-04-15 13:47:02,186] {taskinstance.py:1251} INFO - 
--------------------------------------------------------------------------------
[2022-04-15 13:47:03,318] {taskinstance.py:1270} INFO - Executing <Task(BashOperator): task_3> on 2020-01-05 00:00:00+00:00
[2022-04-15 13:47:03,479] {standard_task_runner.py:52} INFO - Started process 102556 to run task
[2022-04-15 13:47:03,796] {standard_task_runner.py:79} INFO - Running: ['airflow', 'tasks', 'run', 'parallel_dag', 'task_3', 'scheduled__2020-01-05T00:00:00+00:00', '--job-id', '47', '--raw', '--subdir', 'DAGS_FOLDER/parallel_dag.py', '--cfg-path', '/tmp/tmp9sg1jwwt', '--error-file', '/tmp/tmpkt_gs4c_']
[2022-04-15 13:47:03,923] {standard_task_runner.py:80} INFO - Job 47: Subtask task_3
[2022-04-15 13:47:08,737] {logging_mixin.py:109} INFO - Running <TaskInstance: parallel_dag.task_3 scheduled__2020-01-05T00:00:00+00:00 [running]> on host 10.0.2.15
[2022-04-15 13:47:12,866] {taskinstance.py:1446} INFO - Exporting the following env vars:
AIRFLOW_CTX_DAG_OWNER=solfa
AIRFLOW_CTX_DAG_ID=parallel_dag
AIRFLOW_CTX_TASK_ID=task_3
AIRFLOW_CTX_EXECUTION_DATE=2020-01-05T00:00:00+00:00
AIRFLOW_CTX_DAG_RUN_ID=scheduled__2020-01-05T00:00:00+00:00
[2022-04-15 13:47:12,936] {subprocess.py:62} INFO - Tmp dir root location: 
 /tmp
[2022-04-15 13:47:13,009] {subprocess.py:74} INFO - Running command: ['bash', '-c', 'sleep 3']
[2022-04-15 13:47:13,420] {subprocess.py:85} INFO - Output:
[2022-04-15 13:47:17,227] {subprocess.py:93} INFO - Command exited with return code 0
[2022-04-15 13:47:19,139] {taskinstance.py:1278} INFO - Marking task as SUCCESS. dag_id=parallel_dag, task_id=task_3, execution_date=20200105T000000, start_date=20220415T134701, end_date=20220415T134719
[2022-04-15 13:47:20,559] {local_task_job.py:154} INFO - Task exited with return code 0
[2022-04-15 13:47:22,639] {local_task_job.py:264} INFO - 1 downstream tasks scheduled from follow-on schedule check
[2022-04-15 15:55:20,896] {taskinstance.py:1043} INFO - Dependencies all met for <TaskInstance: parallel_dag.task_3 scheduled__2020-01-05T00:00:00+00:00 [queued]>
[2022-04-15 15:55:20,917] {taskinstance.py:1043} INFO - Dependencies all met for <TaskInstance: parallel_dag.task_3 scheduled__2020-01-05T00:00:00+00:00 [queued]>
[2022-04-15 15:55:20,920] {taskinstance.py:1249} INFO - 
--------------------------------------------------------------------------------
[2022-04-15 15:55:20,922] {taskinstance.py:1250} INFO - Starting attempt 1 of 1
[2022-04-15 15:55:20,923] {taskinstance.py:1251} INFO - 
--------------------------------------------------------------------------------
[2022-04-15 15:55:20,941] {taskinstance.py:1270} INFO - Executing <Task(BashOperator): task_3> on 2020-01-05 00:00:00+00:00
[2022-04-15 15:55:20,944] {standard_task_runner.py:52} INFO - Started process 178874 to run task
[2022-04-15 15:55:20,951] {standard_task_runner.py:79} INFO - Running: ['airflow', 'tasks', 'run', 'parallel_dag', 'task_3', 'scheduled__2020-01-05T00:00:00+00:00', '--job-id', '143', '--raw', '--subdir', 'DAGS_FOLDER/parallel_dag.py', '--cfg-path', '/tmp/tmpzo_yeg2l', '--error-file', '/tmp/tmpfx0vrr3j']
[2022-04-15 15:55:20,957] {standard_task_runner.py:80} INFO - Job 143: Subtask task_3
[2022-04-15 15:55:21,084] {logging_mixin.py:109} INFO - Running <TaskInstance: parallel_dag.task_3 scheduled__2020-01-05T00:00:00+00:00 [running]> on host 10.0.2.15
[2022-04-15 15:55:21,239] {taskinstance.py:1446} INFO - Exporting the following env vars:
AIRFLOW_CTX_DAG_OWNER=solfa
AIRFLOW_CTX_DAG_ID=parallel_dag
AIRFLOW_CTX_TASK_ID=task_3
AIRFLOW_CTX_EXECUTION_DATE=2020-01-05T00:00:00+00:00
AIRFLOW_CTX_DAG_RUN_ID=scheduled__2020-01-05T00:00:00+00:00
[2022-04-15 15:55:21,245] {subprocess.py:62} INFO - Tmp dir root location: 
 /tmp
[2022-04-15 15:55:21,246] {subprocess.py:74} INFO - Running command: ['bash', '-c', 'sleep 3']
[2022-04-15 15:55:21,257] {subprocess.py:85} INFO - Output:
[2022-04-15 15:55:24,289] {subprocess.py:93} INFO - Command exited with return code 0
[2022-04-15 15:55:24,333] {taskinstance.py:1278} INFO - Marking task as SUCCESS. dag_id=parallel_dag, task_id=task_3, execution_date=20200105T000000, start_date=20220415T155520, end_date=20220415T155524
[2022-04-15 15:55:24,350] {local_task_job.py:154} INFO - Task exited with return code 0
[2022-04-15 15:55:24,481] {local_task_job.py:264} INFO - 1 downstream tasks scheduled from follow-on schedule check
