[2022-04-15 13:02:50,953] {taskinstance.py:1043} INFO - Dependencies all met for <TaskInstance: parallel_dag.task_1 scheduled__2022-04-14T00:00:00+00:00 [queued]>
[2022-04-15 13:02:51,054] {taskinstance.py:1043} INFO - Dependencies all met for <TaskInstance: parallel_dag.task_1 scheduled__2022-04-14T00:00:00+00:00 [queued]>
[2022-04-15 13:02:51,055] {taskinstance.py:1249} INFO - 
--------------------------------------------------------------------------------
[2022-04-15 13:02:51,055] {taskinstance.py:1250} INFO - Starting attempt 1 of 1
[2022-04-15 13:02:51,055] {taskinstance.py:1251} INFO - 
--------------------------------------------------------------------------------
[2022-04-15 13:02:51,143] {taskinstance.py:1270} INFO - Executing <Task(BashOperator): task_1> on 2022-04-14 00:00:00+00:00
[2022-04-15 13:02:51,180] {standard_task_runner.py:52} INFO - Started process 79993 to run task
[2022-04-15 13:02:51,224] {standard_task_runner.py:79} INFO - Running: ['airflow', 'tasks', 'run', 'parallel_dag', 'task_1', 'scheduled__2022-04-14T00:00:00+00:00', '--job-id', '21', '--raw', '--subdir', 'DAGS_FOLDER/parallel_dag.py', '--cfg-path', '/tmp/tmpd23z49vc', '--error-file', '/tmp/tmpnhnwh6r1']
[2022-04-15 13:02:51,227] {standard_task_runner.py:80} INFO - Job 21: Subtask task_1
[2022-04-15 13:02:51,836] {logging_mixin.py:109} INFO - Running <TaskInstance: parallel_dag.task_1 scheduled__2022-04-14T00:00:00+00:00 [running]> on host 10.0.2.15
[2022-04-15 13:02:52,739] {taskinstance.py:1446} INFO - Exporting the following env vars:
AIRFLOW_CTX_DAG_OWNER=solfa
AIRFLOW_CTX_DAG_ID=parallel_dag
AIRFLOW_CTX_TASK_ID=task_1
AIRFLOW_CTX_EXECUTION_DATE=2022-04-14T00:00:00+00:00
AIRFLOW_CTX_DAG_RUN_ID=scheduled__2022-04-14T00:00:00+00:00
[2022-04-15 13:02:52,749] {subprocess.py:62} INFO - Tmp dir root location: 
 /tmp
[2022-04-15 13:02:52,764] {subprocess.py:74} INFO - Running command: ['bash', '-c', 'sleep 3']
[2022-04-15 13:02:52,855] {subprocess.py:85} INFO - Output:
[2022-04-15 13:02:55,933] {subprocess.py:93} INFO - Command exited with return code 0
[2022-04-15 13:02:56,550] {taskinstance.py:1278} INFO - Marking task as SUCCESS. dag_id=parallel_dag, task_id=task_1, execution_date=20220414T000000, start_date=20220415T130250, end_date=20220415T130256
[2022-04-15 13:02:57,186] {local_task_job.py:154} INFO - Task exited with return code 0
[2022-04-15 13:02:58,015] {local_task_job.py:264} INFO - 2 downstream tasks scheduled from follow-on schedule check
[2022-04-15 13:06:03,879] {taskinstance.py:1043} INFO - Dependencies all met for <TaskInstance: parallel_dag.task_1 scheduled__2022-04-14T00:00:00+00:00 [queued]>
[2022-04-15 13:06:03,986] {taskinstance.py:1043} INFO - Dependencies all met for <TaskInstance: parallel_dag.task_1 scheduled__2022-04-14T00:00:00+00:00 [queued]>
[2022-04-15 13:06:03,997] {taskinstance.py:1249} INFO - 
--------------------------------------------------------------------------------
[2022-04-15 13:06:04,000] {taskinstance.py:1250} INFO - Starting attempt 1 of 1
[2022-04-15 13:06:04,001] {taskinstance.py:1251} INFO - 
--------------------------------------------------------------------------------
[2022-04-15 13:06:04,182] {taskinstance.py:1270} INFO - Executing <Task(BashOperator): task_1> on 2022-04-14 00:00:00+00:00
[2022-04-15 13:06:04,218] {standard_task_runner.py:52} INFO - Started process 82318 to run task
[2022-04-15 13:06:04,259] {standard_task_runner.py:79} INFO - Running: ['airflow', 'tasks', 'run', 'parallel_dag', 'task_1', 'scheduled__2022-04-14T00:00:00+00:00', '--job-id', '25', '--raw', '--subdir', 'DAGS_FOLDER/parallel_dag.py', '--cfg-path', '/tmp/tmpk845yhbu', '--error-file', '/tmp/tmppw7dkmj8']
[2022-04-15 13:06:04,309] {standard_task_runner.py:80} INFO - Job 25: Subtask task_1
[2022-04-15 13:06:05,186] {logging_mixin.py:109} INFO - Running <TaskInstance: parallel_dag.task_1 scheduled__2022-04-14T00:00:00+00:00 [running]> on host 10.0.2.15
[2022-04-15 13:06:06,212] {taskinstance.py:1446} INFO - Exporting the following env vars:
AIRFLOW_CTX_DAG_OWNER=solfa
AIRFLOW_CTX_DAG_ID=parallel_dag
AIRFLOW_CTX_TASK_ID=task_1
AIRFLOW_CTX_EXECUTION_DATE=2022-04-14T00:00:00+00:00
AIRFLOW_CTX_DAG_RUN_ID=scheduled__2022-04-14T00:00:00+00:00
[2022-04-15 13:06:06,227] {subprocess.py:62} INFO - Tmp dir root location: 
 /tmp
[2022-04-15 13:06:06,230] {subprocess.py:74} INFO - Running command: ['bash', '-c', 'sleep 3']
[2022-04-15 13:06:06,260] {subprocess.py:85} INFO - Output:
[2022-04-15 13:06:09,391] {subprocess.py:93} INFO - Command exited with return code 0
[2022-04-15 13:06:09,939] {taskinstance.py:1278} INFO - Marking task as SUCCESS. dag_id=parallel_dag, task_id=task_1, execution_date=20220414T000000, start_date=20220415T130603, end_date=20220415T130609
[2022-04-15 13:06:10,358] {local_task_job.py:154} INFO - Task exited with return code 0
[2022-04-15 13:06:10,743] {local_task_job.py:264} INFO - 2 downstream tasks scheduled from follow-on schedule check
