[2022-04-15 13:03:24,404] {taskinstance.py:1043} INFO - Dependencies all met for <TaskInstance: parallel_dag.task_4 scheduled__2022-04-14T00:00:00+00:00 [queued]>
[2022-04-15 13:03:24,467] {taskinstance.py:1043} INFO - Dependencies all met for <TaskInstance: parallel_dag.task_4 scheduled__2022-04-14T00:00:00+00:00 [queued]>
[2022-04-15 13:03:24,469] {taskinstance.py:1249} INFO - 
--------------------------------------------------------------------------------
[2022-04-15 13:03:24,469] {taskinstance.py:1250} INFO - Starting attempt 1 of 1
[2022-04-15 13:03:24,470] {taskinstance.py:1251} INFO - 
--------------------------------------------------------------------------------
[2022-04-15 13:03:24,566] {taskinstance.py:1270} INFO - Executing <Task(BashOperator): task_4> on 2022-04-14 00:00:00+00:00
[2022-04-15 13:03:24,576] {standard_task_runner.py:52} INFO - Started process 80620 to run task
[2022-04-15 13:03:24,634] {standard_task_runner.py:79} INFO - Running: ['airflow', 'tasks', 'run', 'parallel_dag', 'task_4', 'scheduled__2022-04-14T00:00:00+00:00', '--job-id', '24', '--raw', '--subdir', 'DAGS_FOLDER/parallel_dag.py', '--cfg-path', '/tmp/tmp2_q0t157', '--error-file', '/tmp/tmpjgd_2vxi']
[2022-04-15 13:03:24,786] {standard_task_runner.py:80} INFO - Job 24: Subtask task_4
[2022-04-15 13:03:25,470] {logging_mixin.py:109} INFO - Running <TaskInstance: parallel_dag.task_4 scheduled__2022-04-14T00:00:00+00:00 [running]> on host 10.0.2.15
[2022-04-15 13:03:26,500] {taskinstance.py:1446} INFO - Exporting the following env vars:
AIRFLOW_CTX_DAG_OWNER=solfa
AIRFLOW_CTX_DAG_ID=parallel_dag
AIRFLOW_CTX_TASK_ID=task_4
AIRFLOW_CTX_EXECUTION_DATE=2022-04-14T00:00:00+00:00
AIRFLOW_CTX_DAG_RUN_ID=scheduled__2022-04-14T00:00:00+00:00
[2022-04-15 13:03:26,505] {subprocess.py:62} INFO - Tmp dir root location: 
 /tmp
[2022-04-15 13:03:26,513] {subprocess.py:74} INFO - Running command: ['bash', '-c', 'sleep 3']
[2022-04-15 13:03:26,570] {subprocess.py:85} INFO - Output:
[2022-04-15 13:03:29,792] {subprocess.py:93} INFO - Command exited with return code 0
[2022-04-15 13:03:29,962] {taskinstance.py:1278} INFO - Marking task as SUCCESS. dag_id=parallel_dag, task_id=task_4, execution_date=20220414T000000, start_date=20220415T130324, end_date=20220415T130329
[2022-04-15 13:03:30,007] {local_task_job.py:154} INFO - Task exited with return code 0
[2022-04-15 13:03:30,153] {local_task_job.py:264} INFO - 0 downstream tasks scheduled from follow-on schedule check
[2022-04-15 13:06:41,482] {taskinstance.py:1043} INFO - Dependencies all met for <TaskInstance: parallel_dag.task_4 scheduled__2022-04-14T00:00:00+00:00 [queued]>
[2022-04-15 13:06:41,554] {taskinstance.py:1043} INFO - Dependencies all met for <TaskInstance: parallel_dag.task_4 scheduled__2022-04-14T00:00:00+00:00 [queued]>
[2022-04-15 13:06:41,575] {taskinstance.py:1249} INFO - 
--------------------------------------------------------------------------------
[2022-04-15 13:06:41,576] {taskinstance.py:1250} INFO - Starting attempt 1 of 1
[2022-04-15 13:06:41,576] {taskinstance.py:1251} INFO - 
--------------------------------------------------------------------------------
[2022-04-15 13:06:41,872] {taskinstance.py:1270} INFO - Executing <Task(BashOperator): task_4> on 2022-04-14 00:00:00+00:00
[2022-04-15 13:06:41,889] {standard_task_runner.py:79} INFO - Running: ['airflow', 'tasks', 'run', 'parallel_dag', 'task_4', 'scheduled__2022-04-14T00:00:00+00:00', '--job-id', '28', '--raw', '--subdir', 'DAGS_FOLDER/parallel_dag.py', '--cfg-path', '/tmp/tmpq04fie26', '--error-file', '/tmp/tmp3s8nvfqe']
[2022-04-15 13:06:41,901] {standard_task_runner.py:52} INFO - Started process 82997 to run task
[2022-04-15 13:06:41,953] {standard_task_runner.py:80} INFO - Job 28: Subtask task_4
[2022-04-15 13:06:42,893] {logging_mixin.py:109} INFO - Running <TaskInstance: parallel_dag.task_4 scheduled__2022-04-14T00:00:00+00:00 [running]> on host 10.0.2.15
[2022-04-15 13:06:43,577] {taskinstance.py:1446} INFO - Exporting the following env vars:
AIRFLOW_CTX_DAG_OWNER=solfa
AIRFLOW_CTX_DAG_ID=parallel_dag
AIRFLOW_CTX_TASK_ID=task_4
AIRFLOW_CTX_EXECUTION_DATE=2022-04-14T00:00:00+00:00
AIRFLOW_CTX_DAG_RUN_ID=scheduled__2022-04-14T00:00:00+00:00
[2022-04-15 13:06:43,580] {subprocess.py:62} INFO - Tmp dir root location: 
 /tmp
[2022-04-15 13:06:43,585] {subprocess.py:74} INFO - Running command: ['bash', '-c', 'sleep 3']
[2022-04-15 13:06:43,613] {subprocess.py:85} INFO - Output:
[2022-04-15 13:06:46,663] {subprocess.py:93} INFO - Command exited with return code 0
[2022-04-15 13:06:46,833] {taskinstance.py:1278} INFO - Marking task as SUCCESS. dag_id=parallel_dag, task_id=task_4, execution_date=20220414T000000, start_date=20220415T130641, end_date=20220415T130646
[2022-04-15 13:06:46,893] {local_task_job.py:154} INFO - Task exited with return code 0
[2022-04-15 13:06:47,074] {local_task_job.py:264} INFO - 0 downstream tasks scheduled from follow-on schedule check
