[2022-04-22 09:18:48,108] {taskinstance.py:1043} INFO - Dependencies all met for <TaskInstance: parallel_dag.processing_tasks.task_3 manual__2022-04-22T09:18:40.824428+00:00 [queued]>
[2022-04-22 09:18:48,150] {taskinstance.py:1043} INFO - Dependencies all met for <TaskInstance: parallel_dag.processing_tasks.task_3 manual__2022-04-22T09:18:40.824428+00:00 [queued]>
[2022-04-22 09:18:48,154] {taskinstance.py:1249} INFO - 
--------------------------------------------------------------------------------
[2022-04-22 09:18:48,155] {taskinstance.py:1250} INFO - Starting attempt 1 of 1
[2022-04-22 09:18:48,155] {taskinstance.py:1251} INFO - 
--------------------------------------------------------------------------------
[2022-04-22 09:18:48,195] {taskinstance.py:1270} INFO - Executing <Task(BashOperator): processing_tasks.task_3> on 2022-04-22 09:18:40.824428+00:00
[2022-04-22 09:18:48,203] {standard_task_runner.py:52} INFO - Started process 40466 to run task
[2022-04-22 09:18:48,212] {standard_task_runner.py:79} INFO - Running: ['airflow', 'tasks', 'run', 'parallel_dag', 'processing_tasks.task_3', 'manual__2022-04-22T09:18:40.824428+00:00', '--job-id', '201', '--raw', '--subdir', 'DAGS_FOLDER/parallel_dag.py', '--cfg-path', '/tmp/tmp22tsc93v', '--error-file', '/tmp/tmpwwcxyhh2']
[2022-04-22 09:18:48,259] {standard_task_runner.py:80} INFO - Job 201: Subtask processing_tasks.task_3
[2022-04-22 09:18:48,596] {logging_mixin.py:109} INFO - Running <TaskInstance: parallel_dag.processing_tasks.task_3 manual__2022-04-22T09:18:40.824428+00:00 [running]> on host 10.0.2.15
[2022-04-22 09:18:49,066] {taskinstance.py:1446} INFO - Exporting the following env vars:
AIRFLOW_CTX_DAG_OWNER=solfa
AIRFLOW_CTX_DAG_ID=parallel_dag
AIRFLOW_CTX_TASK_ID=processing_tasks.task_3
AIRFLOW_CTX_EXECUTION_DATE=2022-04-22T09:18:40.824428+00:00
AIRFLOW_CTX_DAG_RUN_ID=manual__2022-04-22T09:18:40.824428+00:00
[2022-04-22 09:18:49,068] {subprocess.py:62} INFO - Tmp dir root location: 
 /tmp
[2022-04-22 09:18:49,068] {subprocess.py:74} INFO - Running command: ['bash', '-c', 'sleep 3']
[2022-04-22 09:18:49,085] {subprocess.py:85} INFO - Output:
[2022-04-22 09:18:52,160] {subprocess.py:93} INFO - Command exited with return code 0
[2022-04-22 09:18:52,193] {taskinstance.py:1278} INFO - Marking task as SUCCESS. dag_id=parallel_dag, task_id=processing_tasks.task_3, execution_date=20220422T091840, start_date=20220422T091848, end_date=20220422T091852
[2022-04-22 09:18:52,248] {local_task_job.py:154} INFO - Task exited with return code 0
[2022-04-22 09:18:52,297] {local_task_job.py:264} INFO - 1 downstream tasks scheduled from follow-on schedule check
