[2022-04-15 13:50:48,159] {taskinstance.py:1043} INFO - Dependencies all met for <TaskInstance: parallel_dag.task_1 scheduled__2020-01-17T00:00:00+00:00 [queued]>
[2022-04-15 13:50:48,663] {taskinstance.py:1043} INFO - Dependencies all met for <TaskInstance: parallel_dag.task_1 scheduled__2020-01-17T00:00:00+00:00 [queued]>
[2022-04-15 13:50:48,685] {taskinstance.py:1249} INFO - 
--------------------------------------------------------------------------------
[2022-04-15 13:50:48,686] {taskinstance.py:1250} INFO - Starting attempt 1 of 1
[2022-04-15 13:50:48,688] {taskinstance.py:1251} INFO - 
--------------------------------------------------------------------------------
[2022-04-15 13:50:49,263] {taskinstance.py:1270} INFO - Executing <Task(BashOperator): task_1> on 2020-01-17 00:00:00+00:00
[2022-04-15 13:50:49,415] {standard_task_runner.py:52} INFO - Started process 112694 to run task
[2022-04-15 13:50:49,513] {standard_task_runner.py:79} INFO - Running: ['airflow', 'tasks', 'run', 'parallel_dag', 'task_1', 'scheduled__2020-01-17T00:00:00+00:00', '--job-id', '88', '--raw', '--subdir', 'DAGS_FOLDER/parallel_dag.py', '--cfg-path', '/tmp/tmp4jpfe3sm', '--error-file', '/tmp/tmphb_63urb']
[2022-04-15 13:50:49,698] {standard_task_runner.py:80} INFO - Job 88: Subtask task_1
[2022-04-15 13:50:52,414] {logging_mixin.py:109} INFO - Running <TaskInstance: parallel_dag.task_1 scheduled__2020-01-17T00:00:00+00:00 [running]> on host 10.0.2.15
[2022-04-15 13:50:54,888] {taskinstance.py:1446} INFO - Exporting the following env vars:
AIRFLOW_CTX_DAG_OWNER=solfa
AIRFLOW_CTX_DAG_ID=parallel_dag
AIRFLOW_CTX_TASK_ID=task_1
AIRFLOW_CTX_EXECUTION_DATE=2020-01-17T00:00:00+00:00
AIRFLOW_CTX_DAG_RUN_ID=scheduled__2020-01-17T00:00:00+00:00
[2022-04-15 13:50:54,919] {subprocess.py:62} INFO - Tmp dir root location: 
 /tmp
[2022-04-15 13:50:54,947] {subprocess.py:74} INFO - Running command: ['bash', '-c', 'sleep 3']
[2022-04-15 13:50:55,194] {subprocess.py:85} INFO - Output:
[2022-04-15 13:50:58,576] {subprocess.py:93} INFO - Command exited with return code 0
[2022-04-15 13:51:04,413] {taskinstance.py:1278} INFO - Marking task as SUCCESS. dag_id=parallel_dag, task_id=task_1, execution_date=20200117T000000, start_date=20220415T135048, end_date=20220415T135104
[2022-04-15 13:51:05,198] {local_task_job.py:154} INFO - Task exited with return code 0
[2022-04-15 13:51:06,937] {local_task_job.py:264} INFO - 2 downstream tasks scheduled from follow-on schedule check
[2022-04-19 14:17:16,052] {taskinstance.py:1043} INFO - Dependencies all met for <TaskInstance: parallel_dag.task_1 scheduled__2020-01-17T00:00:00+00:00 [queued]>
[2022-04-19 14:17:16,167] {taskinstance.py:1043} INFO - Dependencies all met for <TaskInstance: parallel_dag.task_1 scheduled__2020-01-17T00:00:00+00:00 [queued]>
[2022-04-19 14:17:16,167] {taskinstance.py:1249} INFO - 
--------------------------------------------------------------------------------
[2022-04-19 14:17:16,168] {taskinstance.py:1250} INFO - Starting attempt 1 of 1
[2022-04-19 14:17:16,168] {taskinstance.py:1251} INFO - 
--------------------------------------------------------------------------------
[2022-04-19 14:17:16,360] {taskinstance.py:1270} INFO - Executing <Task(BashOperator): task_1> on 2020-01-17 00:00:00+00:00
[2022-04-19 14:17:16,362] {standard_task_runner.py:52} INFO - Started process 48908 to run task
[2022-04-19 14:17:16,377] {standard_task_runner.py:79} INFO - Running: ['airflow', 'tasks', 'run', 'parallel_dag', 'task_1', 'scheduled__2020-01-17T00:00:00+00:00', '--job-id', '170', '--raw', '--subdir', 'DAGS_FOLDER/parallel_dag.py', '--cfg-path', '/tmp/tmptbe6jnsb', '--error-file', '/tmp/tmpz4brewli']
[2022-04-19 14:17:16,381] {standard_task_runner.py:80} INFO - Job 170: Subtask task_1
[2022-04-19 14:17:16,672] {logging_mixin.py:109} INFO - Running <TaskInstance: parallel_dag.task_1 scheduled__2020-01-17T00:00:00+00:00 [running]> on host airflowvm
[2022-04-19 14:17:17,430] {taskinstance.py:1446} INFO - Exporting the following env vars:
AIRFLOW_CTX_DAG_OWNER=solfa
AIRFLOW_CTX_DAG_ID=parallel_dag
AIRFLOW_CTX_TASK_ID=task_1
AIRFLOW_CTX_EXECUTION_DATE=2020-01-17T00:00:00+00:00
AIRFLOW_CTX_DAG_RUN_ID=scheduled__2020-01-17T00:00:00+00:00
[2022-04-19 14:17:17,431] {subprocess.py:62} INFO - Tmp dir root location: 
 /tmp
[2022-04-19 14:17:17,431] {subprocess.py:74} INFO - Running command: ['bash', '-c', 'sleep 3']
[2022-04-19 14:17:17,474] {subprocess.py:85} INFO - Output:
[2022-04-19 14:17:20,512] {subprocess.py:93} INFO - Command exited with return code 0
[2022-04-19 14:17:20,703] {taskinstance.py:1278} INFO - Marking task as SUCCESS. dag_id=parallel_dag, task_id=task_1, execution_date=20200117T000000, start_date=20220419T141716, end_date=20220419T141720
[2022-04-19 14:17:20,800] {local_task_job.py:154} INFO - Task exited with return code 0
[2022-04-19 14:17:21,107] {local_task_job.py:264} INFO - 2 downstream tasks scheduled from follow-on schedule check
