[2022-04-15 13:47:22,507] {taskinstance.py:1043} INFO - Dependencies all met for <TaskInstance: parallel_dag.task_3 scheduled__2020-01-06T00:00:00+00:00 [queued]>
[2022-04-15 13:47:23,471] {taskinstance.py:1043} INFO - Dependencies all met for <TaskInstance: parallel_dag.task_3 scheduled__2020-01-06T00:00:00+00:00 [queued]>
[2022-04-15 13:47:23,561] {taskinstance.py:1249} INFO - 
--------------------------------------------------------------------------------
[2022-04-15 13:47:23,562] {taskinstance.py:1250} INFO - Starting attempt 1 of 1
[2022-04-15 13:47:23,585] {taskinstance.py:1251} INFO - 
--------------------------------------------------------------------------------
[2022-04-15 13:47:24,643] {taskinstance.py:1270} INFO - Executing <Task(BashOperator): task_3> on 2020-01-06 00:00:00+00:00
[2022-04-15 13:47:25,010] {standard_task_runner.py:52} INFO - Started process 103498 to run task
[2022-04-15 13:47:25,407] {standard_task_runner.py:79} INFO - Running: ['airflow', 'tasks', 'run', 'parallel_dag', 'task_3', 'scheduled__2020-01-06T00:00:00+00:00', '--job-id', '52', '--raw', '--subdir', 'DAGS_FOLDER/parallel_dag.py', '--cfg-path', '/tmp/tmpr9c48efi', '--error-file', '/tmp/tmpirdmqjy4']
[2022-04-15 13:47:25,564] {standard_task_runner.py:80} INFO - Job 52: Subtask task_3
[2022-04-15 13:47:32,046] {logging_mixin.py:109} INFO - Running <TaskInstance: parallel_dag.task_3 scheduled__2020-01-06T00:00:00+00:00 [running]> on host 10.0.2.15
[2022-04-15 13:47:36,547] {taskinstance.py:1446} INFO - Exporting the following env vars:
AIRFLOW_CTX_DAG_OWNER=solfa
AIRFLOW_CTX_DAG_ID=parallel_dag
AIRFLOW_CTX_TASK_ID=task_3
AIRFLOW_CTX_EXECUTION_DATE=2020-01-06T00:00:00+00:00
AIRFLOW_CTX_DAG_RUN_ID=scheduled__2020-01-06T00:00:00+00:00
[2022-04-15 13:47:36,549] {subprocess.py:62} INFO - Tmp dir root location: 
 /tmp
[2022-04-15 13:47:36,707] {subprocess.py:74} INFO - Running command: ['bash', '-c', 'sleep 3']
[2022-04-15 13:47:37,641] {subprocess.py:85} INFO - Output:
[2022-04-15 13:47:41,524] {subprocess.py:93} INFO - Command exited with return code 0
[2022-04-15 13:47:53,507] {taskinstance.py:1278} INFO - Marking task as SUCCESS. dag_id=parallel_dag, task_id=task_3, execution_date=20200106T000000, start_date=20220415T134722, end_date=20220415T134753
[2022-04-15 13:47:54,223] {local_task_job.py:154} INFO - Task exited with return code 0
[2022-04-15 13:47:56,495] {local_task_job.py:264} INFO - 1 downstream tasks scheduled from follow-on schedule check
[2022-04-15 15:55:30,183] {taskinstance.py:1043} INFO - Dependencies all met for <TaskInstance: parallel_dag.task_3 scheduled__2020-01-06T00:00:00+00:00 [queued]>
[2022-04-15 15:55:30,199] {taskinstance.py:1043} INFO - Dependencies all met for <TaskInstance: parallel_dag.task_3 scheduled__2020-01-06T00:00:00+00:00 [queued]>
[2022-04-15 15:55:30,199] {taskinstance.py:1249} INFO - 
--------------------------------------------------------------------------------
[2022-04-15 15:55:30,199] {taskinstance.py:1250} INFO - Starting attempt 1 of 1
[2022-04-15 15:55:30,199] {taskinstance.py:1251} INFO - 
--------------------------------------------------------------------------------
[2022-04-15 15:55:30,216] {taskinstance.py:1270} INFO - Executing <Task(BashOperator): task_3> on 2020-01-06 00:00:00+00:00
[2022-04-15 15:55:30,218] {standard_task_runner.py:52} INFO - Started process 179246 to run task
[2022-04-15 15:55:30,226] {standard_task_runner.py:79} INFO - Running: ['airflow', 'tasks', 'run', 'parallel_dag', 'task_3', 'scheduled__2020-01-06T00:00:00+00:00', '--job-id', '145', '--raw', '--subdir', 'DAGS_FOLDER/parallel_dag.py', '--cfg-path', '/tmp/tmpu5u8u19b', '--error-file', '/tmp/tmp7jndz0uo']
[2022-04-15 15:55:30,228] {standard_task_runner.py:80} INFO - Job 145: Subtask task_3
[2022-04-15 15:55:30,348] {logging_mixin.py:109} INFO - Running <TaskInstance: parallel_dag.task_3 scheduled__2020-01-06T00:00:00+00:00 [running]> on host 10.0.2.15
[2022-04-15 15:55:30,467] {taskinstance.py:1446} INFO - Exporting the following env vars:
AIRFLOW_CTX_DAG_OWNER=solfa
AIRFLOW_CTX_DAG_ID=parallel_dag
AIRFLOW_CTX_TASK_ID=task_3
AIRFLOW_CTX_EXECUTION_DATE=2020-01-06T00:00:00+00:00
AIRFLOW_CTX_DAG_RUN_ID=scheduled__2020-01-06T00:00:00+00:00
[2022-04-15 15:55:30,468] {subprocess.py:62} INFO - Tmp dir root location: 
 /tmp
[2022-04-15 15:55:30,469] {subprocess.py:74} INFO - Running command: ['bash', '-c', 'sleep 3']
[2022-04-15 15:55:30,484] {subprocess.py:85} INFO - Output:
[2022-04-15 15:55:33,509] {subprocess.py:93} INFO - Command exited with return code 0
[2022-04-15 15:55:33,758] {taskinstance.py:1278} INFO - Marking task as SUCCESS. dag_id=parallel_dag, task_id=task_3, execution_date=20200106T000000, start_date=20220415T155530, end_date=20220415T155533
[2022-04-15 15:55:33,830] {local_task_job.py:154} INFO - Task exited with return code 0
[2022-04-15 15:55:34,210] {local_task_job.py:264} INFO - 0 downstream tasks scheduled from follow-on schedule check
