[2022-04-15 13:46:07,765] {taskinstance.py:1043} INFO - Dependencies all met for <TaskInstance: parallel_dag.task_1 scheduled__2020-01-06T00:00:00+00:00 [queued]>
[2022-04-15 13:46:08,361] {taskinstance.py:1043} INFO - Dependencies all met for <TaskInstance: parallel_dag.task_1 scheduled__2020-01-06T00:00:00+00:00 [queued]>
[2022-04-15 13:46:08,362] {taskinstance.py:1249} INFO - 
--------------------------------------------------------------------------------
[2022-04-15 13:46:08,363] {taskinstance.py:1250} INFO - Starting attempt 1 of 1
[2022-04-15 13:46:08,420] {taskinstance.py:1251} INFO - 
--------------------------------------------------------------------------------
[2022-04-15 13:46:09,523] {taskinstance.py:1270} INFO - Executing <Task(BashOperator): task_1> on 2020-01-06 00:00:00+00:00
[2022-04-15 13:46:09,821] {standard_task_runner.py:52} INFO - Started process 100591 to run task
[2022-04-15 13:46:09,971] {standard_task_runner.py:79} INFO - Running: ['airflow', 'tasks', 'run', 'parallel_dag', 'task_1', 'scheduled__2020-01-06T00:00:00+00:00', '--job-id', '36', '--raw', '--subdir', 'DAGS_FOLDER/parallel_dag.py', '--cfg-path', '/tmp/tmp2di3wnza', '--error-file', '/tmp/tmpd50zkj8z']
[2022-04-15 13:46:10,327] {standard_task_runner.py:80} INFO - Job 36: Subtask task_1
[2022-04-15 13:46:17,095] {logging_mixin.py:109} INFO - Running <TaskInstance: parallel_dag.task_1 scheduled__2020-01-06T00:00:00+00:00 [running]> on host 10.0.2.15
[2022-04-15 13:46:20,439] {taskinstance.py:1446} INFO - Exporting the following env vars:
AIRFLOW_CTX_DAG_OWNER=solfa
AIRFLOW_CTX_DAG_ID=parallel_dag
AIRFLOW_CTX_TASK_ID=task_1
AIRFLOW_CTX_EXECUTION_DATE=2020-01-06T00:00:00+00:00
AIRFLOW_CTX_DAG_RUN_ID=scheduled__2020-01-06T00:00:00+00:00
[2022-04-15 13:46:20,492] {subprocess.py:62} INFO - Tmp dir root location: 
 /tmp
[2022-04-15 13:46:20,525] {subprocess.py:74} INFO - Running command: ['bash', '-c', 'sleep 3']
[2022-04-15 13:46:20,874] {subprocess.py:85} INFO - Output:
[2022-04-15 13:46:24,544] {subprocess.py:93} INFO - Command exited with return code 0
[2022-04-15 13:46:26,836] {taskinstance.py:1278} INFO - Marking task as SUCCESS. dag_id=parallel_dag, task_id=task_1, execution_date=20200106T000000, start_date=20220415T134607, end_date=20220415T134626
[2022-04-15 13:46:30,789] {local_task_job.py:154} INFO - Task exited with return code 0
[2022-04-15 13:46:33,728] {local_task_job.py:264} INFO - 2 downstream tasks scheduled from follow-on schedule check
[2022-04-15 15:53:31,726] {taskinstance.py:1043} INFO - Dependencies all met for <TaskInstance: parallel_dag.task_1 scheduled__2020-01-06T00:00:00+00:00 [queued]>
[2022-04-15 15:53:31,775] {taskinstance.py:1043} INFO - Dependencies all met for <TaskInstance: parallel_dag.task_1 scheduled__2020-01-06T00:00:00+00:00 [queued]>
[2022-04-15 15:53:31,775] {taskinstance.py:1249} INFO - 
--------------------------------------------------------------------------------
[2022-04-15 15:53:31,776] {taskinstance.py:1250} INFO - Starting attempt 1 of 1
[2022-04-15 15:53:31,776] {taskinstance.py:1251} INFO - 
--------------------------------------------------------------------------------
[2022-04-15 15:53:31,796] {taskinstance.py:1270} INFO - Executing <Task(BashOperator): task_1> on 2020-01-06 00:00:00+00:00
[2022-04-15 15:53:31,799] {standard_task_runner.py:52} INFO - Started process 174230 to run task
[2022-04-15 15:53:31,811] {standard_task_runner.py:79} INFO - Running: ['airflow', 'tasks', 'run', 'parallel_dag', 'task_1', 'scheduled__2020-01-06T00:00:00+00:00', '--job-id', '123', '--raw', '--subdir', 'DAGS_FOLDER/parallel_dag.py', '--cfg-path', '/tmp/tmpmqcwzlt6', '--error-file', '/tmp/tmp95_xyhdr']
[2022-04-15 15:53:31,812] {standard_task_runner.py:80} INFO - Job 123: Subtask task_1
[2022-04-15 15:53:31,904] {logging_mixin.py:109} INFO - Running <TaskInstance: parallel_dag.task_1 scheduled__2020-01-06T00:00:00+00:00 [running]> on host 10.0.2.15
[2022-04-15 15:53:31,991] {taskinstance.py:1446} INFO - Exporting the following env vars:
AIRFLOW_CTX_DAG_OWNER=solfa
AIRFLOW_CTX_DAG_ID=parallel_dag
AIRFLOW_CTX_TASK_ID=task_1
AIRFLOW_CTX_EXECUTION_DATE=2020-01-06T00:00:00+00:00
AIRFLOW_CTX_DAG_RUN_ID=scheduled__2020-01-06T00:00:00+00:00
[2022-04-15 15:53:31,992] {subprocess.py:62} INFO - Tmp dir root location: 
 /tmp
[2022-04-15 15:53:31,992] {subprocess.py:74} INFO - Running command: ['bash', '-c', 'sleep 3']
[2022-04-15 15:53:32,011] {subprocess.py:85} INFO - Output:
[2022-04-15 15:53:35,042] {subprocess.py:93} INFO - Command exited with return code 0
[2022-04-15 15:53:35,530] {taskinstance.py:1278} INFO - Marking task as SUCCESS. dag_id=parallel_dag, task_id=task_1, execution_date=20200106T000000, start_date=20220415T155331, end_date=20220415T155335
[2022-04-15 15:53:35,635] {local_task_job.py:154} INFO - Task exited with return code 0
[2022-04-15 15:53:35,681] {local_task_job.py:264} INFO - 2 downstream tasks scheduled from follow-on schedule check
