[2022-04-15 13:47:56,521] {taskinstance.py:1043} INFO - Dependencies all met for <TaskInstance: parallel_dag.task_1 scheduled__2020-01-12T00:00:00+00:00 [queued]>
[2022-04-15 13:47:57,454] {taskinstance.py:1043} INFO - Dependencies all met for <TaskInstance: parallel_dag.task_1 scheduled__2020-01-12T00:00:00+00:00 [queued]>
[2022-04-15 13:47:57,490] {taskinstance.py:1249} INFO - 
--------------------------------------------------------------------------------
[2022-04-15 13:47:57,490] {taskinstance.py:1250} INFO - Starting attempt 1 of 1
[2022-04-15 13:47:57,490] {taskinstance.py:1251} INFO - 
--------------------------------------------------------------------------------
[2022-04-15 13:47:58,830] {taskinstance.py:1270} INFO - Executing <Task(BashOperator): task_1> on 2020-01-12 00:00:00+00:00
[2022-04-15 13:47:59,039] {standard_task_runner.py:52} INFO - Started process 105129 to run task
[2022-04-15 13:47:59,228] {standard_task_runner.py:79} INFO - Running: ['airflow', 'tasks', 'run', 'parallel_dag', 'task_1', 'scheduled__2020-01-12T00:00:00+00:00', '--job-id', '61', '--raw', '--subdir', 'DAGS_FOLDER/parallel_dag.py', '--cfg-path', '/tmp/tmpxvtday8q', '--error-file', '/tmp/tmp58pk9rq4']
[2022-04-15 13:47:59,831] {standard_task_runner.py:80} INFO - Job 61: Subtask task_1
[2022-04-15 13:48:07,985] {logging_mixin.py:109} INFO - Running <TaskInstance: parallel_dag.task_1 scheduled__2020-01-12T00:00:00+00:00 [running]> on host 10.0.2.15
[2022-04-15 13:48:13,990] {taskinstance.py:1446} INFO - Exporting the following env vars:
AIRFLOW_CTX_DAG_OWNER=solfa
AIRFLOW_CTX_DAG_ID=parallel_dag
AIRFLOW_CTX_TASK_ID=task_1
AIRFLOW_CTX_EXECUTION_DATE=2020-01-12T00:00:00+00:00
AIRFLOW_CTX_DAG_RUN_ID=scheduled__2020-01-12T00:00:00+00:00
[2022-04-15 13:48:14,091] {subprocess.py:62} INFO - Tmp dir root location: 
 /tmp
[2022-04-15 13:48:14,167] {subprocess.py:74} INFO - Running command: ['bash', '-c', 'sleep 3']
[2022-04-15 13:48:15,283] {subprocess.py:85} INFO - Output:
[2022-04-15 13:48:19,019] {subprocess.py:93} INFO - Command exited with return code 0
[2022-04-15 13:48:23,802] {taskinstance.py:1278} INFO - Marking task as SUCCESS. dag_id=parallel_dag, task_id=task_1, execution_date=20200112T000000, start_date=20220415T134756, end_date=20220415T134823
[2022-04-15 13:48:25,542] {local_task_job.py:154} INFO - Task exited with return code 0
[2022-04-15 13:48:28,991] {local_task_job.py:264} INFO - 2 downstream tasks scheduled from follow-on schedule check
[2022-04-15 15:54:03,756] {taskinstance.py:1043} INFO - Dependencies all met for <TaskInstance: parallel_dag.task_1 scheduled__2020-01-12T00:00:00+00:00 [queued]>
[2022-04-15 15:54:03,768] {taskinstance.py:1043} INFO - Dependencies all met for <TaskInstance: parallel_dag.task_1 scheduled__2020-01-12T00:00:00+00:00 [queued]>
[2022-04-15 15:54:03,768] {taskinstance.py:1249} INFO - 
--------------------------------------------------------------------------------
[2022-04-15 15:54:03,768] {taskinstance.py:1250} INFO - Starting attempt 1 of 1
[2022-04-15 15:54:03,768] {taskinstance.py:1251} INFO - 
--------------------------------------------------------------------------------
[2022-04-15 15:54:03,784] {taskinstance.py:1270} INFO - Executing <Task(BashOperator): task_1> on 2020-01-12 00:00:00+00:00
[2022-04-15 15:54:03,787] {standard_task_runner.py:52} INFO - Started process 175612 to run task
[2022-04-15 15:54:03,796] {standard_task_runner.py:79} INFO - Running: ['airflow', 'tasks', 'run', 'parallel_dag', 'task_1', 'scheduled__2020-01-12T00:00:00+00:00', '--job-id', '129', '--raw', '--subdir', 'DAGS_FOLDER/parallel_dag.py', '--cfg-path', '/tmp/tmpw0lu7gul', '--error-file', '/tmp/tmpxwpu0jkz']
[2022-04-15 15:54:03,797] {standard_task_runner.py:80} INFO - Job 129: Subtask task_1
[2022-04-15 15:54:03,895] {logging_mixin.py:109} INFO - Running <TaskInstance: parallel_dag.task_1 scheduled__2020-01-12T00:00:00+00:00 [running]> on host 10.0.2.15
[2022-04-15 15:54:03,981] {taskinstance.py:1446} INFO - Exporting the following env vars:
AIRFLOW_CTX_DAG_OWNER=solfa
AIRFLOW_CTX_DAG_ID=parallel_dag
AIRFLOW_CTX_TASK_ID=task_1
AIRFLOW_CTX_EXECUTION_DATE=2020-01-12T00:00:00+00:00
AIRFLOW_CTX_DAG_RUN_ID=scheduled__2020-01-12T00:00:00+00:00
[2022-04-15 15:54:03,982] {subprocess.py:62} INFO - Tmp dir root location: 
 /tmp
[2022-04-15 15:54:03,982] {subprocess.py:74} INFO - Running command: ['bash', '-c', 'sleep 3']
[2022-04-15 15:54:03,991] {subprocess.py:85} INFO - Output:
[2022-04-15 15:54:06,998] {subprocess.py:93} INFO - Command exited with return code 0
[2022-04-15 15:54:07,056] {taskinstance.py:1278} INFO - Marking task as SUCCESS. dag_id=parallel_dag, task_id=task_1, execution_date=20200112T000000, start_date=20220415T155403, end_date=20220415T155407
[2022-04-15 15:54:07,102] {local_task_job.py:154} INFO - Task exited with return code 0
[2022-04-15 15:54:07,172] {local_task_job.py:264} INFO - 2 downstream tasks scheduled from follow-on schedule check
