[2022-04-13 07:09:16,534] {taskinstance.py:876} INFO - Dependencies all met for <TaskInstance: parallel_dag.task_4 2022-04-12T00:00:00+00:00 [queued]>
[2022-04-13 07:09:16,666] {taskinstance.py:876} INFO - Dependencies all met for <TaskInstance: parallel_dag.task_4 2022-04-12T00:00:00+00:00 [queued]>
[2022-04-13 07:09:16,666] {taskinstance.py:1067} INFO - 
--------------------------------------------------------------------------------
[2022-04-13 07:09:16,666] {taskinstance.py:1068} INFO - Starting attempt 1 of 1
[2022-04-13 07:09:16,666] {taskinstance.py:1069} INFO - 
--------------------------------------------------------------------------------
[2022-04-13 07:09:16,746] {taskinstance.py:1087} INFO - Executing <Task(BashOperator): task_4> on 2022-04-12T00:00:00+00:00
[2022-04-13 07:09:16,756] {standard_task_runner.py:52} INFO - Started process 2703 to run task
[2022-04-13 07:09:16,773] {standard_task_runner.py:76} INFO - Running: ['airflow', 'tasks', 'run', 'parallel_dag', 'task_4', '2022-04-12T00:00:00+00:00', '--job-id', '10', '--pool', 'default_pool', '--raw', '--subdir', 'DAGS_FOLDER/parallel_dag.py', '--cfg-path', '/tmp/tmpg401nv7j', '--error-file', '/tmp/tmpml45w7te']
[2022-04-13 07:09:16,775] {standard_task_runner.py:77} INFO - Job 10: Subtask task_4
[2022-04-13 07:09:17,336] {logging_mixin.py:104} INFO - Running <TaskInstance: parallel_dag.task_4 2022-04-12T00:00:00+00:00 [running]> on host 10.0.2.15
[2022-04-13 07:09:17,874] {taskinstance.py:1280} INFO - Exporting the following env vars:
AIRFLOW_CTX_DAG_OWNER=solfa
AIRFLOW_CTX_DAG_ID=parallel_dag
AIRFLOW_CTX_TASK_ID=task_4
AIRFLOW_CTX_EXECUTION_DATE=2022-04-12T00:00:00+00:00
AIRFLOW_CTX_DAG_RUN_ID=scheduled__2022-04-12T00:00:00+00:00
[2022-04-13 07:09:17,875] {subprocess.py:52} INFO - Tmp dir root location: 
 /tmp
[2022-04-13 07:09:17,876] {subprocess.py:63} INFO - Running command: ['bash', '-c', 'sleep 3']
[2022-04-13 07:09:17,903] {subprocess.py:75} INFO - Output:
[2022-04-13 07:09:20,968] {subprocess.py:83} INFO - Command exited with return code 0
[2022-04-13 07:09:21,242] {taskinstance.py:1184} INFO - Marking task as SUCCESS. dag_id=parallel_dag, task_id=task_4, execution_date=20220412T000000, start_date=20220413T070916, end_date=20220413T070921
[2022-04-13 07:09:21,462] {taskinstance.py:1245} INFO - 0 downstream tasks scheduled from follow-on schedule check
[2022-04-13 07:09:21,469] {local_task_job.py:151} INFO - Task exited with return code 0
