[2022-04-15 13:47:13,519] {taskinstance.py:1043} INFO - Dependencies all met for <TaskInstance: parallel_dag.task_3 scheduled__2020-01-04T00:00:00+00:00 [queued]>
[2022-04-15 13:47:14,972] {taskinstance.py:1043} INFO - Dependencies all met for <TaskInstance: parallel_dag.task_3 scheduled__2020-01-04T00:00:00+00:00 [queued]>
[2022-04-15 13:47:14,975] {taskinstance.py:1249} INFO - 
--------------------------------------------------------------------------------
[2022-04-15 13:47:15,026] {taskinstance.py:1250} INFO - Starting attempt 1 of 1
[2022-04-15 13:47:15,028] {taskinstance.py:1251} INFO - 
--------------------------------------------------------------------------------
[2022-04-15 13:47:16,266] {taskinstance.py:1270} INFO - Executing <Task(BashOperator): task_3> on 2020-01-04 00:00:00+00:00
[2022-04-15 13:47:16,442] {standard_task_runner.py:52} INFO - Started process 103140 to run task
[2022-04-15 13:47:17,010] {standard_task_runner.py:79} INFO - Running: ['airflow', 'tasks', 'run', 'parallel_dag', 'task_3', 'scheduled__2020-01-04T00:00:00+00:00', '--job-id', '48', '--raw', '--subdir', 'DAGS_FOLDER/parallel_dag.py', '--cfg-path', '/tmp/tmpcjtyrxyt', '--error-file', '/tmp/tmp410hl4g2']
[2022-04-15 13:47:17,197] {standard_task_runner.py:80} INFO - Job 48: Subtask task_3
[2022-04-15 13:47:22,794] {logging_mixin.py:109} INFO - Running <TaskInstance: parallel_dag.task_3 scheduled__2020-01-04T00:00:00+00:00 [running]> on host 10.0.2.15
[2022-04-15 13:47:27,052] {taskinstance.py:1446} INFO - Exporting the following env vars:
AIRFLOW_CTX_DAG_OWNER=solfa
AIRFLOW_CTX_DAG_ID=parallel_dag
AIRFLOW_CTX_TASK_ID=task_3
AIRFLOW_CTX_EXECUTION_DATE=2020-01-04T00:00:00+00:00
AIRFLOW_CTX_DAG_RUN_ID=scheduled__2020-01-04T00:00:00+00:00
[2022-04-15 13:47:27,136] {subprocess.py:62} INFO - Tmp dir root location: 
 /tmp
[2022-04-15 13:47:27,248] {subprocess.py:74} INFO - Running command: ['bash', '-c', 'sleep 3']
[2022-04-15 13:47:27,832] {subprocess.py:85} INFO - Output:
[2022-04-15 13:47:31,745] {subprocess.py:93} INFO - Command exited with return code 0
[2022-04-15 13:47:33,738] {taskinstance.py:1278} INFO - Marking task as SUCCESS. dag_id=parallel_dag, task_id=task_3, execution_date=20200104T000000, start_date=20220415T134713, end_date=20220415T134733
[2022-04-15 13:47:35,043] {local_task_job.py:154} INFO - Task exited with return code 0
[2022-04-15 13:47:38,587] {local_task_job.py:264} INFO - 0 downstream tasks scheduled from follow-on schedule check
[2022-04-15 15:55:01,775] {taskinstance.py:1043} INFO - Dependencies all met for <TaskInstance: parallel_dag.task_3 scheduled__2020-01-04T00:00:00+00:00 [queued]>
[2022-04-15 15:55:01,816] {taskinstance.py:1043} INFO - Dependencies all met for <TaskInstance: parallel_dag.task_3 scheduled__2020-01-04T00:00:00+00:00 [queued]>
[2022-04-15 15:55:01,816] {taskinstance.py:1249} INFO - 
--------------------------------------------------------------------------------
[2022-04-15 15:55:01,817] {taskinstance.py:1250} INFO - Starting attempt 1 of 1
[2022-04-15 15:55:01,817] {taskinstance.py:1251} INFO - 
--------------------------------------------------------------------------------
[2022-04-15 15:55:01,862] {taskinstance.py:1270} INFO - Executing <Task(BashOperator): task_3> on 2020-01-04 00:00:00+00:00
[2022-04-15 15:55:01,876] {standard_task_runner.py:52} INFO - Started process 178070 to run task
[2022-04-15 15:55:01,887] {standard_task_runner.py:79} INFO - Running: ['airflow', 'tasks', 'run', 'parallel_dag', 'task_3', 'scheduled__2020-01-04T00:00:00+00:00', '--job-id', '140', '--raw', '--subdir', 'DAGS_FOLDER/parallel_dag.py', '--cfg-path', '/tmp/tmp0jd7og1i', '--error-file', '/tmp/tmpuode0xqa']
[2022-04-15 15:55:01,903] {standard_task_runner.py:80} INFO - Job 140: Subtask task_3
[2022-04-15 15:55:02,474] {logging_mixin.py:109} INFO - Running <TaskInstance: parallel_dag.task_3 scheduled__2020-01-04T00:00:00+00:00 [running]> on host 10.0.2.15
[2022-04-15 15:55:02,847] {taskinstance.py:1446} INFO - Exporting the following env vars:
AIRFLOW_CTX_DAG_OWNER=solfa
AIRFLOW_CTX_DAG_ID=parallel_dag
AIRFLOW_CTX_TASK_ID=task_3
AIRFLOW_CTX_EXECUTION_DATE=2020-01-04T00:00:00+00:00
AIRFLOW_CTX_DAG_RUN_ID=scheduled__2020-01-04T00:00:00+00:00
[2022-04-15 15:55:02,848] {subprocess.py:62} INFO - Tmp dir root location: 
 /tmp
[2022-04-15 15:55:02,848] {subprocess.py:74} INFO - Running command: ['bash', '-c', 'sleep 3']
[2022-04-15 15:55:02,868] {subprocess.py:85} INFO - Output:
[2022-04-15 15:55:05,897] {subprocess.py:93} INFO - Command exited with return code 0
[2022-04-15 15:55:06,070] {taskinstance.py:1278} INFO - Marking task as SUCCESS. dag_id=parallel_dag, task_id=task_3, execution_date=20200104T000000, start_date=20220415T155501, end_date=20220415T155506
[2022-04-15 15:55:06,149] {local_task_job.py:154} INFO - Task exited with return code 0
[2022-04-15 15:55:06,290] {local_task_job.py:264} INFO - 0 downstream tasks scheduled from follow-on schedule check
