[2022-04-15 13:51:41,076] {taskinstance.py:1043} INFO - Dependencies all met for <TaskInstance: parallel_dag.task_3 scheduled__2020-01-17T00:00:00+00:00 [queued]>
[2022-04-15 13:51:42,051] {taskinstance.py:1043} INFO - Dependencies all met for <TaskInstance: parallel_dag.task_3 scheduled__2020-01-17T00:00:00+00:00 [queued]>
[2022-04-15 13:51:42,051] {taskinstance.py:1249} INFO - 
--------------------------------------------------------------------------------
[2022-04-15 13:51:42,070] {taskinstance.py:1250} INFO - Starting attempt 1 of 1
[2022-04-15 13:51:42,113] {taskinstance.py:1251} INFO - 
--------------------------------------------------------------------------------
[2022-04-15 13:51:43,388] {taskinstance.py:1270} INFO - Executing <Task(BashOperator): task_3> on 2020-01-17 00:00:00+00:00
[2022-04-15 13:51:43,638] {standard_task_runner.py:79} INFO - Running: ['airflow', 'tasks', 'run', 'parallel_dag', 'task_3', 'scheduled__2020-01-17T00:00:00+00:00', '--job-id', '101', '--raw', '--subdir', 'DAGS_FOLDER/parallel_dag.py', '--cfg-path', '/tmp/tmpwmb6gtib', '--error-file', '/tmp/tmpxl2udmab']
[2022-04-15 13:51:43,687] {standard_task_runner.py:52} INFO - Started process 114676 to run task
[2022-04-15 13:51:44,328] {standard_task_runner.py:80} INFO - Job 101: Subtask task_3
[2022-04-15 13:51:50,767] {logging_mixin.py:109} INFO - Running <TaskInstance: parallel_dag.task_3 scheduled__2020-01-17T00:00:00+00:00 [running]> on host 10.0.2.15
[2022-04-15 13:51:55,399] {taskinstance.py:1446} INFO - Exporting the following env vars:
AIRFLOW_CTX_DAG_OWNER=solfa
AIRFLOW_CTX_DAG_ID=parallel_dag
AIRFLOW_CTX_TASK_ID=task_3
AIRFLOW_CTX_EXECUTION_DATE=2020-01-17T00:00:00+00:00
AIRFLOW_CTX_DAG_RUN_ID=scheduled__2020-01-17T00:00:00+00:00
[2022-04-15 13:51:55,696] {subprocess.py:62} INFO - Tmp dir root location: 
 /tmp
[2022-04-15 13:51:55,697] {subprocess.py:74} INFO - Running command: ['bash', '-c', 'sleep 3']
[2022-04-15 13:51:56,343] {subprocess.py:85} INFO - Output:
[2022-04-15 13:52:00,486] {subprocess.py:93} INFO - Command exited with return code 0
[2022-04-15 13:52:02,298] {taskinstance.py:1278} INFO - Marking task as SUCCESS. dag_id=parallel_dag, task_id=task_3, execution_date=20200117T000000, start_date=20220415T135141, end_date=20220415T135202
[2022-04-15 13:52:03,148] {local_task_job.py:154} INFO - Task exited with return code 0
[2022-04-15 13:52:04,720] {local_task_job.py:264} INFO - 1 downstream tasks scheduled from follow-on schedule check
