[2022-04-13 07:09:18,799] {scheduler_job.py:182} INFO - Started process (PID=2814) to work on /home/airflow/sandbox/lib/python3.8/site-packages/airflow/example_dags/example_branch_labels.py
[2022-04-13 07:09:18,801] {scheduler_job.py:633} INFO - Processing file /home/airflow/sandbox/lib/python3.8/site-packages/airflow/example_dags/example_branch_labels.py for tasks to queue
[2022-04-13 07:09:18,802] {logging_mixin.py:104} INFO - [2022-04-13 07:09:18,802] {dagbag.py:487} INFO - Filling up the DagBag from /home/airflow/sandbox/lib/python3.8/site-packages/airflow/example_dags/example_branch_labels.py
[2022-04-13 07:09:18,889] {scheduler_job.py:643} INFO - DAG(s) dict_keys(['example_branch_labels']) retrieved from /home/airflow/sandbox/lib/python3.8/site-packages/airflow/example_dags/example_branch_labels.py
[2022-04-13 07:09:19,801] {logging_mixin.py:104} INFO - [2022-04-13 07:09:19,801] {dag.py:1832} INFO - Sync 1 DAGs
[2022-04-13 07:09:19,909] {logging_mixin.py:104} INFO - [2022-04-13 07:09:19,908] {dag.py:2305} INFO - Setting next_dagrun for example_branch_labels to 2022-04-11 00:00:00+00:00
[2022-04-13 07:09:19,948] {scheduler_job.py:190} INFO - Processing /home/airflow/sandbox/lib/python3.8/site-packages/airflow/example_dags/example_branch_labels.py took 1.164 seconds
[2022-04-13 07:09:50,784] {scheduler_job.py:182} INFO - Started process (PID=3440) to work on /home/airflow/sandbox/lib/python3.8/site-packages/airflow/example_dags/example_branch_labels.py
[2022-04-13 07:09:50,787] {scheduler_job.py:633} INFO - Processing file /home/airflow/sandbox/lib/python3.8/site-packages/airflow/example_dags/example_branch_labels.py for tasks to queue
[2022-04-13 07:09:50,789] {logging_mixin.py:104} INFO - [2022-04-13 07:09:50,788] {dagbag.py:487} INFO - Filling up the DagBag from /home/airflow/sandbox/lib/python3.8/site-packages/airflow/example_dags/example_branch_labels.py
[2022-04-13 07:09:50,816] {scheduler_job.py:643} INFO - DAG(s) dict_keys(['example_branch_labels']) retrieved from /home/airflow/sandbox/lib/python3.8/site-packages/airflow/example_dags/example_branch_labels.py
[2022-04-13 07:09:50,879] {logging_mixin.py:104} INFO - [2022-04-13 07:09:50,878] {dag.py:1832} INFO - Sync 1 DAGs
[2022-04-13 07:09:50,949] {logging_mixin.py:104} INFO - [2022-04-13 07:09:50,949] {dag.py:2305} INFO - Setting next_dagrun for example_branch_labels to 2022-04-11 00:00:00+00:00
[2022-04-13 07:09:50,971] {scheduler_job.py:190} INFO - Processing /home/airflow/sandbox/lib/python3.8/site-packages/airflow/example_dags/example_branch_labels.py took 0.197 seconds
[2022-04-13 07:14:33,956] {scheduler_job.py:182} INFO - Started process (PID=5065) to work on /home/airflow/sandbox/lib/python3.8/site-packages/airflow/example_dags/example_branch_labels.py
[2022-04-13 07:14:33,957] {scheduler_job.py:633} INFO - Processing file /home/airflow/sandbox/lib/python3.8/site-packages/airflow/example_dags/example_branch_labels.py for tasks to queue
[2022-04-13 07:14:33,958] {logging_mixin.py:104} INFO - [2022-04-13 07:14:33,958] {dagbag.py:487} INFO - Filling up the DagBag from /home/airflow/sandbox/lib/python3.8/site-packages/airflow/example_dags/example_branch_labels.py
[2022-04-13 07:14:33,982] {scheduler_job.py:643} INFO - DAG(s) dict_keys(['example_branch_labels']) retrieved from /home/airflow/sandbox/lib/python3.8/site-packages/airflow/example_dags/example_branch_labels.py
[2022-04-13 07:14:34,115] {logging_mixin.py:104} INFO - [2022-04-13 07:14:34,114] {dag.py:1832} INFO - Sync 1 DAGs
[2022-04-13 07:14:34,192] {logging_mixin.py:104} INFO - [2022-04-13 07:14:34,192] {dag.py:2305} INFO - Setting next_dagrun for example_branch_labels to 2022-04-11 00:00:00+00:00
[2022-04-13 07:14:34,343] {scheduler_job.py:190} INFO - Processing /home/airflow/sandbox/lib/python3.8/site-packages/airflow/example_dags/example_branch_labels.py took 0.396 seconds
[2022-04-13 07:15:05,276] {scheduler_job.py:182} INFO - Started process (PID=5407) to work on /home/airflow/sandbox/lib/python3.8/site-packages/airflow/example_dags/example_branch_labels.py
[2022-04-13 07:15:05,296] {scheduler_job.py:633} INFO - Processing file /home/airflow/sandbox/lib/python3.8/site-packages/airflow/example_dags/example_branch_labels.py for tasks to queue
[2022-04-13 07:15:05,304] {logging_mixin.py:104} INFO - [2022-04-13 07:15:05,304] {dagbag.py:487} INFO - Filling up the DagBag from /home/airflow/sandbox/lib/python3.8/site-packages/airflow/example_dags/example_branch_labels.py
[2022-04-13 07:15:05,449] {scheduler_job.py:643} INFO - DAG(s) dict_keys(['example_branch_labels']) retrieved from /home/airflow/sandbox/lib/python3.8/site-packages/airflow/example_dags/example_branch_labels.py
[2022-04-13 07:15:05,586] {logging_mixin.py:104} INFO - [2022-04-13 07:15:05,586] {dag.py:1832} INFO - Sync 1 DAGs
[2022-04-13 07:15:05,723] {logging_mixin.py:104} INFO - [2022-04-13 07:15:05,723] {dag.py:2305} INFO - Setting next_dagrun for example_branch_labels to 2022-04-11 00:00:00+00:00
[2022-04-13 07:15:05,876] {scheduler_job.py:190} INFO - Processing /home/airflow/sandbox/lib/python3.8/site-packages/airflow/example_dags/example_branch_labels.py took 0.626 seconds
[2022-04-13 07:15:36,365] {scheduler_job.py:182} INFO - Started process (PID=5760) to work on /home/airflow/sandbox/lib/python3.8/site-packages/airflow/example_dags/example_branch_labels.py
[2022-04-13 07:15:36,395] {scheduler_job.py:633} INFO - Processing file /home/airflow/sandbox/lib/python3.8/site-packages/airflow/example_dags/example_branch_labels.py for tasks to queue
[2022-04-13 07:15:36,404] {logging_mixin.py:104} INFO - [2022-04-13 07:15:36,404] {dagbag.py:487} INFO - Filling up the DagBag from /home/airflow/sandbox/lib/python3.8/site-packages/airflow/example_dags/example_branch_labels.py
[2022-04-13 07:15:36,506] {scheduler_job.py:643} INFO - DAG(s) dict_keys(['example_branch_labels']) retrieved from /home/airflow/sandbox/lib/python3.8/site-packages/airflow/example_dags/example_branch_labels.py
[2022-04-13 07:15:36,701] {logging_mixin.py:104} INFO - [2022-04-13 07:15:36,701] {dag.py:1832} INFO - Sync 1 DAGs
[2022-04-13 07:15:36,809] {logging_mixin.py:104} INFO - [2022-04-13 07:15:36,809] {dag.py:2305} INFO - Setting next_dagrun for example_branch_labels to 2022-04-11 00:00:00+00:00
[2022-04-13 07:15:37,091] {scheduler_job.py:190} INFO - Processing /home/airflow/sandbox/lib/python3.8/site-packages/airflow/example_dags/example_branch_labels.py took 0.734 seconds
[2022-04-13 07:16:12,417] {scheduler_job.py:182} INFO - Started process (PID=5986) to work on /home/airflow/sandbox/lib/python3.8/site-packages/airflow/example_dags/example_branch_labels.py
[2022-04-13 07:16:12,420] {scheduler_job.py:633} INFO - Processing file /home/airflow/sandbox/lib/python3.8/site-packages/airflow/example_dags/example_branch_labels.py for tasks to queue
[2022-04-13 07:16:12,421] {logging_mixin.py:104} INFO - [2022-04-13 07:16:12,421] {dagbag.py:487} INFO - Filling up the DagBag from /home/airflow/sandbox/lib/python3.8/site-packages/airflow/example_dags/example_branch_labels.py
[2022-04-13 07:16:12,468] {scheduler_job.py:643} INFO - DAG(s) dict_keys(['example_branch_labels']) retrieved from /home/airflow/sandbox/lib/python3.8/site-packages/airflow/example_dags/example_branch_labels.py
[2022-04-13 07:16:12,580] {logging_mixin.py:104} INFO - [2022-04-13 07:16:12,580] {dag.py:1832} INFO - Sync 1 DAGs
[2022-04-13 07:16:12,631] {logging_mixin.py:104} INFO - [2022-04-13 07:16:12,630] {dag.py:2305} INFO - Setting next_dagrun for example_branch_labels to 2022-04-11 00:00:00+00:00
[2022-04-13 07:16:12,684] {scheduler_job.py:190} INFO - Processing /home/airflow/sandbox/lib/python3.8/site-packages/airflow/example_dags/example_branch_labels.py took 0.276 seconds
[2022-04-13 07:16:44,005] {scheduler_job.py:182} INFO - Started process (PID=6217) to work on /home/airflow/sandbox/lib/python3.8/site-packages/airflow/example_dags/example_branch_labels.py
[2022-04-13 07:16:44,044] {scheduler_job.py:633} INFO - Processing file /home/airflow/sandbox/lib/python3.8/site-packages/airflow/example_dags/example_branch_labels.py for tasks to queue
[2022-04-13 07:16:44,046] {logging_mixin.py:104} INFO - [2022-04-13 07:16:44,046] {dagbag.py:487} INFO - Filling up the DagBag from /home/airflow/sandbox/lib/python3.8/site-packages/airflow/example_dags/example_branch_labels.py
[2022-04-13 07:16:44,094] {scheduler_job.py:643} INFO - DAG(s) dict_keys(['example_branch_labels']) retrieved from /home/airflow/sandbox/lib/python3.8/site-packages/airflow/example_dags/example_branch_labels.py
[2022-04-13 07:16:44,163] {logging_mixin.py:104} INFO - [2022-04-13 07:16:44,163] {dag.py:1832} INFO - Sync 1 DAGs
[2022-04-13 07:16:44,268] {logging_mixin.py:104} INFO - [2022-04-13 07:16:44,267] {dag.py:2305} INFO - Setting next_dagrun for example_branch_labels to 2022-04-11 00:00:00+00:00
[2022-04-13 07:16:44,446] {scheduler_job.py:190} INFO - Processing /home/airflow/sandbox/lib/python3.8/site-packages/airflow/example_dags/example_branch_labels.py took 0.452 seconds
[2022-04-13 07:17:16,129] {scheduler_job.py:182} INFO - Started process (PID=6422) to work on /home/airflow/sandbox/lib/python3.8/site-packages/airflow/example_dags/example_branch_labels.py
[2022-04-13 07:17:16,149] {scheduler_job.py:633} INFO - Processing file /home/airflow/sandbox/lib/python3.8/site-packages/airflow/example_dags/example_branch_labels.py for tasks to queue
[2022-04-13 07:17:16,155] {logging_mixin.py:104} INFO - [2022-04-13 07:17:16,155] {dagbag.py:487} INFO - Filling up the DagBag from /home/airflow/sandbox/lib/python3.8/site-packages/airflow/example_dags/example_branch_labels.py
[2022-04-13 07:17:16,204] {scheduler_job.py:643} INFO - DAG(s) dict_keys(['example_branch_labels']) retrieved from /home/airflow/sandbox/lib/python3.8/site-packages/airflow/example_dags/example_branch_labels.py
[2022-04-13 07:17:16,365] {logging_mixin.py:104} INFO - [2022-04-13 07:17:16,365] {dag.py:1832} INFO - Sync 1 DAGs
[2022-04-13 07:17:16,450] {logging_mixin.py:104} INFO - [2022-04-13 07:17:16,450] {dag.py:2305} INFO - Setting next_dagrun for example_branch_labels to 2022-04-11 00:00:00+00:00
[2022-04-13 07:17:16,530] {scheduler_job.py:190} INFO - Processing /home/airflow/sandbox/lib/python3.8/site-packages/airflow/example_dags/example_branch_labels.py took 0.409 seconds
[2022-04-13 07:17:47,455] {scheduler_job.py:182} INFO - Started process (PID=6618) to work on /home/airflow/sandbox/lib/python3.8/site-packages/airflow/example_dags/example_branch_labels.py
[2022-04-13 07:17:47,462] {scheduler_job.py:633} INFO - Processing file /home/airflow/sandbox/lib/python3.8/site-packages/airflow/example_dags/example_branch_labels.py for tasks to queue
[2022-04-13 07:17:47,472] {logging_mixin.py:104} INFO - [2022-04-13 07:17:47,471] {dagbag.py:487} INFO - Filling up the DagBag from /home/airflow/sandbox/lib/python3.8/site-packages/airflow/example_dags/example_branch_labels.py
[2022-04-13 07:17:47,509] {scheduler_job.py:643} INFO - DAG(s) dict_keys(['example_branch_labels']) retrieved from /home/airflow/sandbox/lib/python3.8/site-packages/airflow/example_dags/example_branch_labels.py
[2022-04-13 07:17:47,735] {logging_mixin.py:104} INFO - [2022-04-13 07:17:47,734] {dag.py:1832} INFO - Sync 1 DAGs
[2022-04-13 07:17:47,839] {logging_mixin.py:104} INFO - [2022-04-13 07:17:47,839] {dag.py:2305} INFO - Setting next_dagrun for example_branch_labels to 2022-04-11 00:00:00+00:00
[2022-04-13 07:17:47,944] {scheduler_job.py:190} INFO - Processing /home/airflow/sandbox/lib/python3.8/site-packages/airflow/example_dags/example_branch_labels.py took 0.500 seconds
[2022-04-13 07:18:18,531] {scheduler_job.py:182} INFO - Started process (PID=6814) to work on /home/airflow/sandbox/lib/python3.8/site-packages/airflow/example_dags/example_branch_labels.py
[2022-04-13 07:18:18,558] {scheduler_job.py:633} INFO - Processing file /home/airflow/sandbox/lib/python3.8/site-packages/airflow/example_dags/example_branch_labels.py for tasks to queue
[2022-04-13 07:18:18,560] {logging_mixin.py:104} INFO - [2022-04-13 07:18:18,559] {dagbag.py:487} INFO - Filling up the DagBag from /home/airflow/sandbox/lib/python3.8/site-packages/airflow/example_dags/example_branch_labels.py
[2022-04-13 07:18:18,629] {scheduler_job.py:643} INFO - DAG(s) dict_keys(['example_branch_labels']) retrieved from /home/airflow/sandbox/lib/python3.8/site-packages/airflow/example_dags/example_branch_labels.py
[2022-04-13 07:18:18,796] {logging_mixin.py:104} INFO - [2022-04-13 07:18:18,796] {dag.py:1832} INFO - Sync 1 DAGs
[2022-04-13 07:18:18,912] {logging_mixin.py:104} INFO - [2022-04-13 07:18:18,912] {dag.py:2305} INFO - Setting next_dagrun for example_branch_labels to 2022-04-11 00:00:00+00:00
[2022-04-13 07:18:18,979] {scheduler_job.py:190} INFO - Processing /home/airflow/sandbox/lib/python3.8/site-packages/airflow/example_dags/example_branch_labels.py took 0.457 seconds
[2022-04-13 07:18:49,180] {scheduler_job.py:182} INFO - Started process (PID=7013) to work on /home/airflow/sandbox/lib/python3.8/site-packages/airflow/example_dags/example_branch_labels.py
[2022-04-13 07:18:49,201] {scheduler_job.py:633} INFO - Processing file /home/airflow/sandbox/lib/python3.8/site-packages/airflow/example_dags/example_branch_labels.py for tasks to queue
[2022-04-13 07:18:49,210] {logging_mixin.py:104} INFO - [2022-04-13 07:18:49,210] {dagbag.py:487} INFO - Filling up the DagBag from /home/airflow/sandbox/lib/python3.8/site-packages/airflow/example_dags/example_branch_labels.py
[2022-04-13 07:18:49,271] {scheduler_job.py:643} INFO - DAG(s) dict_keys(['example_branch_labels']) retrieved from /home/airflow/sandbox/lib/python3.8/site-packages/airflow/example_dags/example_branch_labels.py
[2022-04-13 07:18:49,438] {logging_mixin.py:104} INFO - [2022-04-13 07:18:49,438] {dag.py:1832} INFO - Sync 1 DAGs
[2022-04-13 07:18:49,538] {logging_mixin.py:104} INFO - [2022-04-13 07:18:49,537] {dag.py:2305} INFO - Setting next_dagrun for example_branch_labels to 2022-04-11 00:00:00+00:00
[2022-04-13 07:18:49,603] {scheduler_job.py:190} INFO - Processing /home/airflow/sandbox/lib/python3.8/site-packages/airflow/example_dags/example_branch_labels.py took 0.432 seconds
[2022-04-13 07:19:20,066] {scheduler_job.py:182} INFO - Started process (PID=7257) to work on /home/airflow/sandbox/lib/python3.8/site-packages/airflow/example_dags/example_branch_labels.py
[2022-04-13 07:19:20,070] {scheduler_job.py:633} INFO - Processing file /home/airflow/sandbox/lib/python3.8/site-packages/airflow/example_dags/example_branch_labels.py for tasks to queue
[2022-04-13 07:19:20,072] {logging_mixin.py:104} INFO - [2022-04-13 07:19:20,071] {dagbag.py:487} INFO - Filling up the DagBag from /home/airflow/sandbox/lib/python3.8/site-packages/airflow/example_dags/example_branch_labels.py
[2022-04-13 07:19:20,125] {scheduler_job.py:643} INFO - DAG(s) dict_keys(['example_branch_labels']) retrieved from /home/airflow/sandbox/lib/python3.8/site-packages/airflow/example_dags/example_branch_labels.py
[2022-04-13 07:19:20,280] {logging_mixin.py:104} INFO - [2022-04-13 07:19:20,279] {dag.py:1832} INFO - Sync 1 DAGs
[2022-04-13 07:19:20,356] {logging_mixin.py:104} INFO - [2022-04-13 07:19:20,355] {dag.py:2305} INFO - Setting next_dagrun for example_branch_labels to 2022-04-11 00:00:00+00:00
[2022-04-13 07:19:20,426] {scheduler_job.py:190} INFO - Processing /home/airflow/sandbox/lib/python3.8/site-packages/airflow/example_dags/example_branch_labels.py took 0.394 seconds
[2022-04-13 07:19:50,652] {scheduler_job.py:182} INFO - Started process (PID=7656) to work on /home/airflow/sandbox/lib/python3.8/site-packages/airflow/example_dags/example_branch_labels.py
[2022-04-13 07:19:50,656] {scheduler_job.py:633} INFO - Processing file /home/airflow/sandbox/lib/python3.8/site-packages/airflow/example_dags/example_branch_labels.py for tasks to queue
[2022-04-13 07:19:50,657] {logging_mixin.py:104} INFO - [2022-04-13 07:19:50,657] {dagbag.py:487} INFO - Filling up the DagBag from /home/airflow/sandbox/lib/python3.8/site-packages/airflow/example_dags/example_branch_labels.py
[2022-04-13 07:19:50,696] {scheduler_job.py:643} INFO - DAG(s) dict_keys(['example_branch_labels']) retrieved from /home/airflow/sandbox/lib/python3.8/site-packages/airflow/example_dags/example_branch_labels.py
[2022-04-13 07:19:50,774] {logging_mixin.py:104} INFO - [2022-04-13 07:19:50,774] {dag.py:1832} INFO - Sync 1 DAGs
[2022-04-13 07:19:50,881] {logging_mixin.py:104} INFO - [2022-04-13 07:19:50,881] {dag.py:2305} INFO - Setting next_dagrun for example_branch_labels to 2022-04-11 00:00:00+00:00
[2022-04-13 07:19:50,912] {scheduler_job.py:190} INFO - Processing /home/airflow/sandbox/lib/python3.8/site-packages/airflow/example_dags/example_branch_labels.py took 0.270 seconds
[2022-04-13 07:20:22,350] {scheduler_job.py:182} INFO - Started process (PID=7856) to work on /home/airflow/sandbox/lib/python3.8/site-packages/airflow/example_dags/example_branch_labels.py
[2022-04-13 07:20:22,359] {scheduler_job.py:633} INFO - Processing file /home/airflow/sandbox/lib/python3.8/site-packages/airflow/example_dags/example_branch_labels.py for tasks to queue
[2022-04-13 07:20:22,367] {logging_mixin.py:104} INFO - [2022-04-13 07:20:22,366] {dagbag.py:487} INFO - Filling up the DagBag from /home/airflow/sandbox/lib/python3.8/site-packages/airflow/example_dags/example_branch_labels.py
[2022-04-13 07:20:22,458] {scheduler_job.py:643} INFO - DAG(s) dict_keys(['example_branch_labels']) retrieved from /home/airflow/sandbox/lib/python3.8/site-packages/airflow/example_dags/example_branch_labels.py
[2022-04-13 07:20:22,530] {logging_mixin.py:104} INFO - [2022-04-13 07:20:22,530] {dag.py:1832} INFO - Sync 1 DAGs
[2022-04-13 07:20:22,569] {logging_mixin.py:104} INFO - [2022-04-13 07:20:22,568] {dag.py:2305} INFO - Setting next_dagrun for example_branch_labels to 2022-04-11 00:00:00+00:00
[2022-04-13 07:20:22,856] {scheduler_job.py:190} INFO - Processing /home/airflow/sandbox/lib/python3.8/site-packages/airflow/example_dags/example_branch_labels.py took 0.557 seconds
[2022-04-13 07:20:53,089] {scheduler_job.py:182} INFO - Started process (PID=8054) to work on /home/airflow/sandbox/lib/python3.8/site-packages/airflow/example_dags/example_branch_labels.py
[2022-04-13 07:20:53,111] {scheduler_job.py:633} INFO - Processing file /home/airflow/sandbox/lib/python3.8/site-packages/airflow/example_dags/example_branch_labels.py for tasks to queue
[2022-04-13 07:20:53,113] {logging_mixin.py:104} INFO - [2022-04-13 07:20:53,112] {dagbag.py:487} INFO - Filling up the DagBag from /home/airflow/sandbox/lib/python3.8/site-packages/airflow/example_dags/example_branch_labels.py
[2022-04-13 07:20:53,178] {scheduler_job.py:643} INFO - DAG(s) dict_keys(['example_branch_labels']) retrieved from /home/airflow/sandbox/lib/python3.8/site-packages/airflow/example_dags/example_branch_labels.py
[2022-04-13 07:20:53,338] {logging_mixin.py:104} INFO - [2022-04-13 07:20:53,338] {dag.py:1832} INFO - Sync 1 DAGs
[2022-04-13 07:20:53,455] {logging_mixin.py:104} INFO - [2022-04-13 07:20:53,454] {dag.py:2305} INFO - Setting next_dagrun for example_branch_labels to 2022-04-11 00:00:00+00:00
[2022-04-13 07:20:53,604] {scheduler_job.py:190} INFO - Processing /home/airflow/sandbox/lib/python3.8/site-packages/airflow/example_dags/example_branch_labels.py took 0.524 seconds
[2022-04-13 07:21:24,251] {scheduler_job.py:182} INFO - Started process (PID=8248) to work on /home/airflow/sandbox/lib/python3.8/site-packages/airflow/example_dags/example_branch_labels.py
[2022-04-13 07:21:24,257] {scheduler_job.py:633} INFO - Processing file /home/airflow/sandbox/lib/python3.8/site-packages/airflow/example_dags/example_branch_labels.py for tasks to queue
[2022-04-13 07:21:24,258] {logging_mixin.py:104} INFO - [2022-04-13 07:21:24,258] {dagbag.py:487} INFO - Filling up the DagBag from /home/airflow/sandbox/lib/python3.8/site-packages/airflow/example_dags/example_branch_labels.py
[2022-04-13 07:21:24,287] {scheduler_job.py:643} INFO - DAG(s) dict_keys(['example_branch_labels']) retrieved from /home/airflow/sandbox/lib/python3.8/site-packages/airflow/example_dags/example_branch_labels.py
[2022-04-13 07:21:24,414] {logging_mixin.py:104} INFO - [2022-04-13 07:21:24,414] {dag.py:1832} INFO - Sync 1 DAGs
[2022-04-13 07:21:24,528] {logging_mixin.py:104} INFO - [2022-04-13 07:21:24,528] {dag.py:2305} INFO - Setting next_dagrun for example_branch_labels to 2022-04-11 00:00:00+00:00
[2022-04-13 07:21:24,733] {scheduler_job.py:190} INFO - Processing /home/airflow/sandbox/lib/python3.8/site-packages/airflow/example_dags/example_branch_labels.py took 0.493 seconds
[2022-04-13 07:21:54,992] {scheduler_job.py:182} INFO - Started process (PID=8449) to work on /home/airflow/sandbox/lib/python3.8/site-packages/airflow/example_dags/example_branch_labels.py
[2022-04-13 07:21:54,995] {scheduler_job.py:633} INFO - Processing file /home/airflow/sandbox/lib/python3.8/site-packages/airflow/example_dags/example_branch_labels.py for tasks to queue
[2022-04-13 07:21:54,996] {logging_mixin.py:104} INFO - [2022-04-13 07:21:54,996] {dagbag.py:487} INFO - Filling up the DagBag from /home/airflow/sandbox/lib/python3.8/site-packages/airflow/example_dags/example_branch_labels.py
[2022-04-13 07:21:55,061] {scheduler_job.py:643} INFO - DAG(s) dict_keys(['example_branch_labels']) retrieved from /home/airflow/sandbox/lib/python3.8/site-packages/airflow/example_dags/example_branch_labels.py
[2022-04-13 07:21:55,128] {logging_mixin.py:104} INFO - [2022-04-13 07:21:55,128] {dag.py:1832} INFO - Sync 1 DAGs
[2022-04-13 07:21:55,174] {logging_mixin.py:104} INFO - [2022-04-13 07:21:55,174] {dag.py:2305} INFO - Setting next_dagrun for example_branch_labels to 2022-04-11 00:00:00+00:00
[2022-04-13 07:21:55,208] {scheduler_job.py:190} INFO - Processing /home/airflow/sandbox/lib/python3.8/site-packages/airflow/example_dags/example_branch_labels.py took 0.227 seconds
[2022-04-13 07:22:25,843] {scheduler_job.py:182} INFO - Started process (PID=8646) to work on /home/airflow/sandbox/lib/python3.8/site-packages/airflow/example_dags/example_branch_labels.py
[2022-04-13 07:22:25,848] {scheduler_job.py:633} INFO - Processing file /home/airflow/sandbox/lib/python3.8/site-packages/airflow/example_dags/example_branch_labels.py for tasks to queue
[2022-04-13 07:22:25,849] {logging_mixin.py:104} INFO - [2022-04-13 07:22:25,849] {dagbag.py:487} INFO - Filling up the DagBag from /home/airflow/sandbox/lib/python3.8/site-packages/airflow/example_dags/example_branch_labels.py
[2022-04-13 07:22:25,877] {scheduler_job.py:643} INFO - DAG(s) dict_keys(['example_branch_labels']) retrieved from /home/airflow/sandbox/lib/python3.8/site-packages/airflow/example_dags/example_branch_labels.py
[2022-04-13 07:22:25,943] {logging_mixin.py:104} INFO - [2022-04-13 07:22:25,943] {dag.py:1832} INFO - Sync 1 DAGs
[2022-04-13 07:22:26,050] {logging_mixin.py:104} INFO - [2022-04-13 07:22:26,050] {dag.py:2305} INFO - Setting next_dagrun for example_branch_labels to 2022-04-11 00:00:00+00:00
[2022-04-13 07:22:26,107] {scheduler_job.py:190} INFO - Processing /home/airflow/sandbox/lib/python3.8/site-packages/airflow/example_dags/example_branch_labels.py took 0.273 seconds
[2022-04-13 07:22:56,438] {scheduler_job.py:182} INFO - Started process (PID=8844) to work on /home/airflow/sandbox/lib/python3.8/site-packages/airflow/example_dags/example_branch_labels.py
[2022-04-13 07:22:56,475] {scheduler_job.py:633} INFO - Processing file /home/airflow/sandbox/lib/python3.8/site-packages/airflow/example_dags/example_branch_labels.py for tasks to queue
[2022-04-13 07:22:56,477] {logging_mixin.py:104} INFO - [2022-04-13 07:22:56,477] {dagbag.py:487} INFO - Filling up the DagBag from /home/airflow/sandbox/lib/python3.8/site-packages/airflow/example_dags/example_branch_labels.py
[2022-04-13 07:22:56,519] {scheduler_job.py:643} INFO - DAG(s) dict_keys(['example_branch_labels']) retrieved from /home/airflow/sandbox/lib/python3.8/site-packages/airflow/example_dags/example_branch_labels.py
[2022-04-13 07:22:56,686] {logging_mixin.py:104} INFO - [2022-04-13 07:22:56,686] {dag.py:1832} INFO - Sync 1 DAGs
[2022-04-13 07:22:56,792] {logging_mixin.py:104} INFO - [2022-04-13 07:22:56,791] {dag.py:2305} INFO - Setting next_dagrun for example_branch_labels to 2022-04-11 00:00:00+00:00
[2022-04-13 07:22:56,881] {scheduler_job.py:190} INFO - Processing /home/airflow/sandbox/lib/python3.8/site-packages/airflow/example_dags/example_branch_labels.py took 0.455 seconds
[2022-04-13 07:23:27,400] {scheduler_job.py:182} INFO - Started process (PID=9046) to work on /home/airflow/sandbox/lib/python3.8/site-packages/airflow/example_dags/example_branch_labels.py
[2022-04-13 07:23:27,453] {scheduler_job.py:633} INFO - Processing file /home/airflow/sandbox/lib/python3.8/site-packages/airflow/example_dags/example_branch_labels.py for tasks to queue
[2022-04-13 07:23:27,468] {logging_mixin.py:104} INFO - [2022-04-13 07:23:27,467] {dagbag.py:487} INFO - Filling up the DagBag from /home/airflow/sandbox/lib/python3.8/site-packages/airflow/example_dags/example_branch_labels.py
[2022-04-13 07:23:27,507] {scheduler_job.py:643} INFO - DAG(s) dict_keys(['example_branch_labels']) retrieved from /home/airflow/sandbox/lib/python3.8/site-packages/airflow/example_dags/example_branch_labels.py
[2022-04-13 07:23:27,612] {logging_mixin.py:104} INFO - [2022-04-13 07:23:27,612] {dag.py:1832} INFO - Sync 1 DAGs
[2022-04-13 07:23:27,654] {logging_mixin.py:104} INFO - [2022-04-13 07:23:27,653] {dag.py:2305} INFO - Setting next_dagrun for example_branch_labels to 2022-04-11 00:00:00+00:00
[2022-04-13 07:23:27,760] {scheduler_job.py:190} INFO - Processing /home/airflow/sandbox/lib/python3.8/site-packages/airflow/example_dags/example_branch_labels.py took 0.369 seconds
[2022-04-13 07:23:57,862] {scheduler_job.py:182} INFO - Started process (PID=9242) to work on /home/airflow/sandbox/lib/python3.8/site-packages/airflow/example_dags/example_branch_labels.py
[2022-04-13 07:23:57,887] {scheduler_job.py:633} INFO - Processing file /home/airflow/sandbox/lib/python3.8/site-packages/airflow/example_dags/example_branch_labels.py for tasks to queue
[2022-04-13 07:23:57,888] {logging_mixin.py:104} INFO - [2022-04-13 07:23:57,888] {dagbag.py:487} INFO - Filling up the DagBag from /home/airflow/sandbox/lib/python3.8/site-packages/airflow/example_dags/example_branch_labels.py
[2022-04-13 07:23:57,926] {scheduler_job.py:643} INFO - DAG(s) dict_keys(['example_branch_labels']) retrieved from /home/airflow/sandbox/lib/python3.8/site-packages/airflow/example_dags/example_branch_labels.py
[2022-04-13 07:23:58,087] {logging_mixin.py:104} INFO - [2022-04-13 07:23:58,087] {dag.py:1832} INFO - Sync 1 DAGs
[2022-04-13 07:23:58,211] {logging_mixin.py:104} INFO - [2022-04-13 07:23:58,211] {dag.py:2305} INFO - Setting next_dagrun for example_branch_labels to 2022-04-11 00:00:00+00:00
[2022-04-13 07:23:58,308] {scheduler_job.py:190} INFO - Processing /home/airflow/sandbox/lib/python3.8/site-packages/airflow/example_dags/example_branch_labels.py took 0.455 seconds
[2022-04-13 07:24:29,180] {scheduler_job.py:182} INFO - Started process (PID=9687) to work on /home/airflow/sandbox/lib/python3.8/site-packages/airflow/example_dags/example_branch_labels.py
[2022-04-13 07:24:29,202] {scheduler_job.py:633} INFO - Processing file /home/airflow/sandbox/lib/python3.8/site-packages/airflow/example_dags/example_branch_labels.py for tasks to queue
[2022-04-13 07:24:29,204] {logging_mixin.py:104} INFO - [2022-04-13 07:24:29,204] {dagbag.py:487} INFO - Filling up the DagBag from /home/airflow/sandbox/lib/python3.8/site-packages/airflow/example_dags/example_branch_labels.py
[2022-04-13 07:24:29,265] {scheduler_job.py:643} INFO - DAG(s) dict_keys(['example_branch_labels']) retrieved from /home/airflow/sandbox/lib/python3.8/site-packages/airflow/example_dags/example_branch_labels.py
[2022-04-13 07:24:29,499] {logging_mixin.py:104} INFO - [2022-04-13 07:24:29,499] {dag.py:1832} INFO - Sync 1 DAGs
[2022-04-13 07:24:29,989] {logging_mixin.py:104} INFO - [2022-04-13 07:24:29,988] {dag.py:2305} INFO - Setting next_dagrun for example_branch_labels to 2022-04-11 00:00:00+00:00
[2022-04-13 07:24:30,036] {scheduler_job.py:190} INFO - Processing /home/airflow/sandbox/lib/python3.8/site-packages/airflow/example_dags/example_branch_labels.py took 0.866 seconds
[2022-04-13 07:25:01,132] {scheduler_job.py:182} INFO - Started process (PID=9888) to work on /home/airflow/sandbox/lib/python3.8/site-packages/airflow/example_dags/example_branch_labels.py
[2022-04-13 07:25:01,154] {scheduler_job.py:633} INFO - Processing file /home/airflow/sandbox/lib/python3.8/site-packages/airflow/example_dags/example_branch_labels.py for tasks to queue
[2022-04-13 07:25:01,159] {logging_mixin.py:104} INFO - [2022-04-13 07:25:01,159] {dagbag.py:487} INFO - Filling up the DagBag from /home/airflow/sandbox/lib/python3.8/site-packages/airflow/example_dags/example_branch_labels.py
[2022-04-13 07:25:01,186] {scheduler_job.py:643} INFO - DAG(s) dict_keys(['example_branch_labels']) retrieved from /home/airflow/sandbox/lib/python3.8/site-packages/airflow/example_dags/example_branch_labels.py
[2022-04-13 07:25:01,327] {logging_mixin.py:104} INFO - [2022-04-13 07:25:01,327] {dag.py:1832} INFO - Sync 1 DAGs
[2022-04-13 07:25:01,763] {logging_mixin.py:104} INFO - [2022-04-13 07:25:01,763] {dag.py:2305} INFO - Setting next_dagrun for example_branch_labels to 2022-04-11 00:00:00+00:00
[2022-04-13 07:25:01,913] {scheduler_job.py:190} INFO - Processing /home/airflow/sandbox/lib/python3.8/site-packages/airflow/example_dags/example_branch_labels.py took 0.790 seconds
[2022-04-13 07:25:32,867] {scheduler_job.py:182} INFO - Started process (PID=10090) to work on /home/airflow/sandbox/lib/python3.8/site-packages/airflow/example_dags/example_branch_labels.py
[2022-04-13 07:25:32,876] {scheduler_job.py:633} INFO - Processing file /home/airflow/sandbox/lib/python3.8/site-packages/airflow/example_dags/example_branch_labels.py for tasks to queue
[2022-04-13 07:25:32,883] {logging_mixin.py:104} INFO - [2022-04-13 07:25:32,883] {dagbag.py:487} INFO - Filling up the DagBag from /home/airflow/sandbox/lib/python3.8/site-packages/airflow/example_dags/example_branch_labels.py
[2022-04-13 07:25:32,934] {scheduler_job.py:643} INFO - DAG(s) dict_keys(['example_branch_labels']) retrieved from /home/airflow/sandbox/lib/python3.8/site-packages/airflow/example_dags/example_branch_labels.py
[2022-04-13 07:25:33,111] {logging_mixin.py:104} INFO - [2022-04-13 07:25:33,110] {dag.py:1832} INFO - Sync 1 DAGs
[2022-04-13 07:25:33,536] {logging_mixin.py:104} INFO - [2022-04-13 07:25:33,524] {dag.py:2305} INFO - Setting next_dagrun for example_branch_labels to 2022-04-11 00:00:00+00:00
[2022-04-13 07:25:33,632] {scheduler_job.py:190} INFO - Processing /home/airflow/sandbox/lib/python3.8/site-packages/airflow/example_dags/example_branch_labels.py took 0.783 seconds
[2022-04-13 07:26:04,369] {scheduler_job.py:182} INFO - Started process (PID=10289) to work on /home/airflow/sandbox/lib/python3.8/site-packages/airflow/example_dags/example_branch_labels.py
[2022-04-13 07:26:04,388] {scheduler_job.py:633} INFO - Processing file /home/airflow/sandbox/lib/python3.8/site-packages/airflow/example_dags/example_branch_labels.py for tasks to queue
[2022-04-13 07:26:04,390] {logging_mixin.py:104} INFO - [2022-04-13 07:26:04,390] {dagbag.py:487} INFO - Filling up the DagBag from /home/airflow/sandbox/lib/python3.8/site-packages/airflow/example_dags/example_branch_labels.py
[2022-04-13 07:26:04,458] {scheduler_job.py:643} INFO - DAG(s) dict_keys(['example_branch_labels']) retrieved from /home/airflow/sandbox/lib/python3.8/site-packages/airflow/example_dags/example_branch_labels.py
[2022-04-13 07:26:04,643] {logging_mixin.py:104} INFO - [2022-04-13 07:26:04,643] {dag.py:1832} INFO - Sync 1 DAGs
[2022-04-13 07:26:04,935] {logging_mixin.py:104} INFO - [2022-04-13 07:26:04,935] {dag.py:2305} INFO - Setting next_dagrun for example_branch_labels to 2022-04-11 00:00:00+00:00
[2022-04-13 07:26:05,194] {scheduler_job.py:190} INFO - Processing /home/airflow/sandbox/lib/python3.8/site-packages/airflow/example_dags/example_branch_labels.py took 0.836 seconds
[2022-04-13 07:26:36,332] {scheduler_job.py:182} INFO - Started process (PID=10490) to work on /home/airflow/sandbox/lib/python3.8/site-packages/airflow/example_dags/example_branch_labels.py
[2022-04-13 07:26:36,337] {scheduler_job.py:633} INFO - Processing file /home/airflow/sandbox/lib/python3.8/site-packages/airflow/example_dags/example_branch_labels.py for tasks to queue
[2022-04-13 07:26:36,339] {logging_mixin.py:104} INFO - [2022-04-13 07:26:36,339] {dagbag.py:487} INFO - Filling up the DagBag from /home/airflow/sandbox/lib/python3.8/site-packages/airflow/example_dags/example_branch_labels.py
[2022-04-13 07:26:36,397] {scheduler_job.py:643} INFO - DAG(s) dict_keys(['example_branch_labels']) retrieved from /home/airflow/sandbox/lib/python3.8/site-packages/airflow/example_dags/example_branch_labels.py
[2022-04-13 07:26:36,566] {logging_mixin.py:104} INFO - [2022-04-13 07:26:36,566] {dag.py:1832} INFO - Sync 1 DAGs
[2022-04-13 07:26:36,945] {logging_mixin.py:104} INFO - [2022-04-13 07:26:36,945] {dag.py:2305} INFO - Setting next_dagrun for example_branch_labels to 2022-04-11 00:00:00+00:00
[2022-04-13 07:26:37,151] {scheduler_job.py:190} INFO - Processing /home/airflow/sandbox/lib/python3.8/site-packages/airflow/example_dags/example_branch_labels.py took 0.826 seconds
[2022-04-13 07:27:07,902] {scheduler_job.py:182} INFO - Started process (PID=10689) to work on /home/airflow/sandbox/lib/python3.8/site-packages/airflow/example_dags/example_branch_labels.py
[2022-04-13 07:27:07,929] {scheduler_job.py:633} INFO - Processing file /home/airflow/sandbox/lib/python3.8/site-packages/airflow/example_dags/example_branch_labels.py for tasks to queue
[2022-04-13 07:27:07,931] {logging_mixin.py:104} INFO - [2022-04-13 07:27:07,930] {dagbag.py:487} INFO - Filling up the DagBag from /home/airflow/sandbox/lib/python3.8/site-packages/airflow/example_dags/example_branch_labels.py
[2022-04-13 07:27:07,984] {scheduler_job.py:643} INFO - DAG(s) dict_keys(['example_branch_labels']) retrieved from /home/airflow/sandbox/lib/python3.8/site-packages/airflow/example_dags/example_branch_labels.py
[2022-04-13 07:27:08,048] {logging_mixin.py:104} INFO - [2022-04-13 07:27:08,048] {dag.py:1832} INFO - Sync 1 DAGs
[2022-04-13 07:27:08,431] {logging_mixin.py:104} INFO - [2022-04-13 07:27:08,431] {dag.py:2305} INFO - Setting next_dagrun for example_branch_labels to 2022-04-11 00:00:00+00:00
[2022-04-13 07:27:08,544] {scheduler_job.py:190} INFO - Processing /home/airflow/sandbox/lib/python3.8/site-packages/airflow/example_dags/example_branch_labels.py took 0.678 seconds
[2022-04-13 07:27:38,892] {scheduler_job.py:182} INFO - Started process (PID=10884) to work on /home/airflow/sandbox/lib/python3.8/site-packages/airflow/example_dags/example_branch_labels.py
[2022-04-13 07:27:38,897] {scheduler_job.py:633} INFO - Processing file /home/airflow/sandbox/lib/python3.8/site-packages/airflow/example_dags/example_branch_labels.py for tasks to queue
[2022-04-13 07:27:38,903] {logging_mixin.py:104} INFO - [2022-04-13 07:27:38,903] {dagbag.py:487} INFO - Filling up the DagBag from /home/airflow/sandbox/lib/python3.8/site-packages/airflow/example_dags/example_branch_labels.py
[2022-04-13 07:27:38,958] {scheduler_job.py:643} INFO - DAG(s) dict_keys(['example_branch_labels']) retrieved from /home/airflow/sandbox/lib/python3.8/site-packages/airflow/example_dags/example_branch_labels.py
[2022-04-13 07:27:39,381] {logging_mixin.py:104} INFO - [2022-04-13 07:27:39,381] {dag.py:1832} INFO - Sync 1 DAGs
[2022-04-13 07:27:39,457] {logging_mixin.py:104} INFO - [2022-04-13 07:27:39,456] {dag.py:2305} INFO - Setting next_dagrun for example_branch_labels to 2022-04-11 00:00:00+00:00
[2022-04-13 07:27:39,503] {scheduler_job.py:190} INFO - Processing /home/airflow/sandbox/lib/python3.8/site-packages/airflow/example_dags/example_branch_labels.py took 0.642 seconds
[2022-04-13 07:28:09,648] {scheduler_job.py:182} INFO - Started process (PID=11081) to work on /home/airflow/sandbox/lib/python3.8/site-packages/airflow/example_dags/example_branch_labels.py
[2022-04-13 07:28:09,660] {scheduler_job.py:633} INFO - Processing file /home/airflow/sandbox/lib/python3.8/site-packages/airflow/example_dags/example_branch_labels.py for tasks to queue
[2022-04-13 07:28:09,662] {logging_mixin.py:104} INFO - [2022-04-13 07:28:09,662] {dagbag.py:487} INFO - Filling up the DagBag from /home/airflow/sandbox/lib/python3.8/site-packages/airflow/example_dags/example_branch_labels.py
[2022-04-13 07:28:09,756] {scheduler_job.py:643} INFO - DAG(s) dict_keys(['example_branch_labels']) retrieved from /home/airflow/sandbox/lib/python3.8/site-packages/airflow/example_dags/example_branch_labels.py
[2022-04-13 07:28:10,169] {logging_mixin.py:104} INFO - [2022-04-13 07:28:10,169] {dag.py:1832} INFO - Sync 1 DAGs
[2022-04-13 07:28:10,311] {logging_mixin.py:104} INFO - [2022-04-13 07:28:10,311] {dag.py:2305} INFO - Setting next_dagrun for example_branch_labels to 2022-04-11 00:00:00+00:00
[2022-04-13 07:28:10,571] {scheduler_job.py:190} INFO - Processing /home/airflow/sandbox/lib/python3.8/site-packages/airflow/example_dags/example_branch_labels.py took 0.949 seconds
[2022-04-13 07:28:40,739] {scheduler_job.py:182} INFO - Started process (PID=11280) to work on /home/airflow/sandbox/lib/python3.8/site-packages/airflow/example_dags/example_branch_labels.py
[2022-04-13 07:28:40,759] {scheduler_job.py:633} INFO - Processing file /home/airflow/sandbox/lib/python3.8/site-packages/airflow/example_dags/example_branch_labels.py for tasks to queue
[2022-04-13 07:28:40,762] {logging_mixin.py:104} INFO - [2022-04-13 07:28:40,761] {dagbag.py:487} INFO - Filling up the DagBag from /home/airflow/sandbox/lib/python3.8/site-packages/airflow/example_dags/example_branch_labels.py
[2022-04-13 07:28:40,864] {scheduler_job.py:643} INFO - DAG(s) dict_keys(['example_branch_labels']) retrieved from /home/airflow/sandbox/lib/python3.8/site-packages/airflow/example_dags/example_branch_labels.py
[2022-04-13 07:28:41,259] {logging_mixin.py:104} INFO - [2022-04-13 07:28:41,258] {dag.py:1832} INFO - Sync 1 DAGs
[2022-04-13 07:28:41,298] {logging_mixin.py:104} INFO - [2022-04-13 07:28:41,298] {dag.py:2305} INFO - Setting next_dagrun for example_branch_labels to 2022-04-11 00:00:00+00:00
[2022-04-13 07:28:41,472] {scheduler_job.py:190} INFO - Processing /home/airflow/sandbox/lib/python3.8/site-packages/airflow/example_dags/example_branch_labels.py took 0.741 seconds
[2022-04-13 07:29:12,339] {scheduler_job.py:182} INFO - Started process (PID=11481) to work on /home/airflow/sandbox/lib/python3.8/site-packages/airflow/example_dags/example_branch_labels.py
[2022-04-13 07:29:12,379] {scheduler_job.py:633} INFO - Processing file /home/airflow/sandbox/lib/python3.8/site-packages/airflow/example_dags/example_branch_labels.py for tasks to queue
[2022-04-13 07:29:12,381] {logging_mixin.py:104} INFO - [2022-04-13 07:29:12,381] {dagbag.py:487} INFO - Filling up the DagBag from /home/airflow/sandbox/lib/python3.8/site-packages/airflow/example_dags/example_branch_labels.py
[2022-04-13 07:29:12,444] {scheduler_job.py:643} INFO - DAG(s) dict_keys(['example_branch_labels']) retrieved from /home/airflow/sandbox/lib/python3.8/site-packages/airflow/example_dags/example_branch_labels.py
[2022-04-13 07:29:12,730] {logging_mixin.py:104} INFO - [2022-04-13 07:29:12,730] {dag.py:1832} INFO - Sync 1 DAGs
[2022-04-13 07:29:12,798] {logging_mixin.py:104} INFO - [2022-04-13 07:29:12,797] {dag.py:2305} INFO - Setting next_dagrun for example_branch_labels to 2022-04-11 00:00:00+00:00
[2022-04-13 07:29:12,869] {scheduler_job.py:190} INFO - Processing /home/airflow/sandbox/lib/python3.8/site-packages/airflow/example_dags/example_branch_labels.py took 0.540 seconds
[2022-04-13 07:29:43,756] {scheduler_job.py:182} INFO - Started process (PID=11920) to work on /home/airflow/sandbox/lib/python3.8/site-packages/airflow/example_dags/example_branch_labels.py
[2022-04-13 07:29:43,799] {scheduler_job.py:633} INFO - Processing file /home/airflow/sandbox/lib/python3.8/site-packages/airflow/example_dags/example_branch_labels.py for tasks to queue
[2022-04-13 07:29:43,825] {logging_mixin.py:104} INFO - [2022-04-13 07:29:43,824] {dagbag.py:487} INFO - Filling up the DagBag from /home/airflow/sandbox/lib/python3.8/site-packages/airflow/example_dags/example_branch_labels.py
[2022-04-13 07:29:44,194] {scheduler_job.py:643} INFO - DAG(s) dict_keys(['example_branch_labels']) retrieved from /home/airflow/sandbox/lib/python3.8/site-packages/airflow/example_dags/example_branch_labels.py
[2022-04-13 07:29:44,325] {logging_mixin.py:104} INFO - [2022-04-13 07:29:44,325] {dag.py:1832} INFO - Sync 1 DAGs
[2022-04-13 07:29:44,401] {logging_mixin.py:104} INFO - [2022-04-13 07:29:44,400] {dag.py:2305} INFO - Setting next_dagrun for example_branch_labels to 2022-04-11 00:00:00+00:00
[2022-04-13 07:29:44,529] {scheduler_job.py:190} INFO - Processing /home/airflow/sandbox/lib/python3.8/site-packages/airflow/example_dags/example_branch_labels.py took 0.783 seconds
[2022-04-13 07:30:15,519] {scheduler_job.py:182} INFO - Started process (PID=12111) to work on /home/airflow/sandbox/lib/python3.8/site-packages/airflow/example_dags/example_branch_labels.py
[2022-04-13 07:30:15,532] {scheduler_job.py:633} INFO - Processing file /home/airflow/sandbox/lib/python3.8/site-packages/airflow/example_dags/example_branch_labels.py for tasks to queue
[2022-04-13 07:30:15,534] {logging_mixin.py:104} INFO - [2022-04-13 07:30:15,534] {dagbag.py:487} INFO - Filling up the DagBag from /home/airflow/sandbox/lib/python3.8/site-packages/airflow/example_dags/example_branch_labels.py
[2022-04-13 07:30:15,932] {scheduler_job.py:643} INFO - DAG(s) dict_keys(['example_branch_labels']) retrieved from /home/airflow/sandbox/lib/python3.8/site-packages/airflow/example_dags/example_branch_labels.py
[2022-04-13 07:30:16,065] {logging_mixin.py:104} INFO - [2022-04-13 07:30:16,064] {dag.py:1832} INFO - Sync 1 DAGs
[2022-04-13 07:30:16,145] {logging_mixin.py:104} INFO - [2022-04-13 07:30:16,145] {dag.py:2305} INFO - Setting next_dagrun for example_branch_labels to 2022-04-11 00:00:00+00:00
[2022-04-13 07:30:16,347] {scheduler_job.py:190} INFO - Processing /home/airflow/sandbox/lib/python3.8/site-packages/airflow/example_dags/example_branch_labels.py took 0.837 seconds
[2022-04-13 07:30:49,185] {scheduler_job.py:182} INFO - Started process (PID=12321) to work on /home/airflow/sandbox/lib/python3.8/site-packages/airflow/example_dags/example_branch_labels.py
[2022-04-13 07:30:49,189] {scheduler_job.py:633} INFO - Processing file /home/airflow/sandbox/lib/python3.8/site-packages/airflow/example_dags/example_branch_labels.py for tasks to queue
[2022-04-13 07:30:49,190] {logging_mixin.py:104} INFO - [2022-04-13 07:30:49,190] {dagbag.py:487} INFO - Filling up the DagBag from /home/airflow/sandbox/lib/python3.8/site-packages/airflow/example_dags/example_branch_labels.py
[2022-04-13 07:30:49,354] {scheduler_job.py:643} INFO - DAG(s) dict_keys(['example_branch_labels']) retrieved from /home/airflow/sandbox/lib/python3.8/site-packages/airflow/example_dags/example_branch_labels.py
[2022-04-13 07:30:49,417] {logging_mixin.py:104} INFO - [2022-04-13 07:30:49,416] {dag.py:1832} INFO - Sync 1 DAGs
[2022-04-13 07:30:49,459] {logging_mixin.py:104} INFO - [2022-04-13 07:30:49,458] {dag.py:2305} INFO - Setting next_dagrun for example_branch_labels to 2022-04-11 00:00:00+00:00
[2022-04-13 07:30:49,486] {scheduler_job.py:190} INFO - Processing /home/airflow/sandbox/lib/python3.8/site-packages/airflow/example_dags/example_branch_labels.py took 0.312 seconds
[2022-04-13 07:31:23,820] {scheduler_job.py:182} INFO - Started process (PID=12576) to work on /home/airflow/sandbox/lib/python3.8/site-packages/airflow/example_dags/example_branch_labels.py
[2022-04-13 07:31:24,136] {scheduler_job.py:633} INFO - Processing file /home/airflow/sandbox/lib/python3.8/site-packages/airflow/example_dags/example_branch_labels.py for tasks to queue
[2022-04-13 07:31:24,148] {logging_mixin.py:104} INFO - [2022-04-13 07:31:24,148] {dagbag.py:487} INFO - Filling up the DagBag from /home/airflow/sandbox/lib/python3.8/site-packages/airflow/example_dags/example_branch_labels.py
[2022-04-13 07:31:24,288] {scheduler_job.py:643} INFO - DAG(s) dict_keys(['example_branch_labels']) retrieved from /home/airflow/sandbox/lib/python3.8/site-packages/airflow/example_dags/example_branch_labels.py
[2022-04-13 07:31:24,430] {logging_mixin.py:104} INFO - [2022-04-13 07:31:24,429] {dag.py:1832} INFO - Sync 1 DAGs
[2022-04-13 07:31:24,523] {logging_mixin.py:104} INFO - [2022-04-13 07:31:24,511] {dag.py:2305} INFO - Setting next_dagrun for example_branch_labels to 2022-04-11 00:00:00+00:00
[2022-04-13 07:31:24,798] {scheduler_job.py:190} INFO - Processing /home/airflow/sandbox/lib/python3.8/site-packages/airflow/example_dags/example_branch_labels.py took 1.009 seconds
[2022-04-13 07:31:55,085] {scheduler_job.py:182} INFO - Started process (PID=12948) to work on /home/airflow/sandbox/lib/python3.8/site-packages/airflow/example_dags/example_branch_labels.py
[2022-04-13 07:31:55,090] {scheduler_job.py:633} INFO - Processing file /home/airflow/sandbox/lib/python3.8/site-packages/airflow/example_dags/example_branch_labels.py for tasks to queue
[2022-04-13 07:31:55,111] {logging_mixin.py:104} INFO - [2022-04-13 07:31:55,110] {dagbag.py:487} INFO - Filling up the DagBag from /home/airflow/sandbox/lib/python3.8/site-packages/airflow/example_dags/example_branch_labels.py
[2022-04-13 07:31:55,239] {scheduler_job.py:643} INFO - DAG(s) dict_keys(['example_branch_labels']) retrieved from /home/airflow/sandbox/lib/python3.8/site-packages/airflow/example_dags/example_branch_labels.py
[2022-04-13 07:31:55,458] {logging_mixin.py:104} INFO - [2022-04-13 07:31:55,458] {dag.py:1832} INFO - Sync 1 DAGs
[2022-04-13 07:31:55,609] {logging_mixin.py:104} INFO - [2022-04-13 07:31:55,608] {dag.py:2305} INFO - Setting next_dagrun for example_branch_labels to 2022-04-11 00:00:00+00:00
[2022-04-13 07:31:55,707] {scheduler_job.py:190} INFO - Processing /home/airflow/sandbox/lib/python3.8/site-packages/airflow/example_dags/example_branch_labels.py took 0.660 seconds
[2022-04-13 07:32:26,579] {scheduler_job.py:182} INFO - Started process (PID=13168) to work on /home/airflow/sandbox/lib/python3.8/site-packages/airflow/example_dags/example_branch_labels.py
[2022-04-13 07:32:26,588] {scheduler_job.py:633} INFO - Processing file /home/airflow/sandbox/lib/python3.8/site-packages/airflow/example_dags/example_branch_labels.py for tasks to queue
[2022-04-13 07:32:26,601] {logging_mixin.py:104} INFO - [2022-04-13 07:32:26,601] {dagbag.py:487} INFO - Filling up the DagBag from /home/airflow/sandbox/lib/python3.8/site-packages/airflow/example_dags/example_branch_labels.py
[2022-04-13 07:32:26,662] {scheduler_job.py:643} INFO - DAG(s) dict_keys(['example_branch_labels']) retrieved from /home/airflow/sandbox/lib/python3.8/site-packages/airflow/example_dags/example_branch_labels.py
[2022-04-13 07:32:26,834] {logging_mixin.py:104} INFO - [2022-04-13 07:32:26,834] {dag.py:1832} INFO - Sync 1 DAGs
[2022-04-13 07:32:26,994] {logging_mixin.py:104} INFO - [2022-04-13 07:32:26,994] {dag.py:2305} INFO - Setting next_dagrun for example_branch_labels to 2022-04-11 00:00:00+00:00
[2022-04-13 07:32:27,173] {scheduler_job.py:190} INFO - Processing /home/airflow/sandbox/lib/python3.8/site-packages/airflow/example_dags/example_branch_labels.py took 0.605 seconds
