[2022-04-13 07:09:03,113] {scheduler_job.py:182} INFO - Started process (PID=2249) to work on /home/airflow/sandbox/lib/python3.8/site-packages/airflow/example_dags/example_latest_only.py
[2022-04-13 07:09:03,116] {scheduler_job.py:633} INFO - Processing file /home/airflow/sandbox/lib/python3.8/site-packages/airflow/example_dags/example_latest_only.py for tasks to queue
[2022-04-13 07:09:03,117] {logging_mixin.py:104} INFO - [2022-04-13 07:09:03,117] {dagbag.py:487} INFO - Filling up the DagBag from /home/airflow/sandbox/lib/python3.8/site-packages/airflow/example_dags/example_latest_only.py
[2022-04-13 07:09:03,204] {scheduler_job.py:643} INFO - DAG(s) dict_keys(['latest_only']) retrieved from /home/airflow/sandbox/lib/python3.8/site-packages/airflow/example_dags/example_latest_only.py
[2022-04-13 07:09:05,887] {logging_mixin.py:104} INFO - [2022-04-13 07:09:05,887] {dag.py:1832} INFO - Sync 1 DAGs
[2022-04-13 07:09:06,014] {logging_mixin.py:104} INFO - [2022-04-13 07:09:06,013] {dag.py:2305} INFO - Setting next_dagrun for latest_only to 2022-04-11 00:00:00+00:00
[2022-04-13 07:09:06,143] {scheduler_job.py:190} INFO - Processing /home/airflow/sandbox/lib/python3.8/site-packages/airflow/example_dags/example_latest_only.py took 3.065 seconds
[2022-04-13 07:09:39,769] {scheduler_job.py:182} INFO - Started process (PID=3318) to work on /home/airflow/sandbox/lib/python3.8/site-packages/airflow/example_dags/example_latest_only.py
[2022-04-13 07:09:39,773] {scheduler_job.py:633} INFO - Processing file /home/airflow/sandbox/lib/python3.8/site-packages/airflow/example_dags/example_latest_only.py for tasks to queue
[2022-04-13 07:09:39,775] {logging_mixin.py:104} INFO - [2022-04-13 07:09:39,775] {dagbag.py:487} INFO - Filling up the DagBag from /home/airflow/sandbox/lib/python3.8/site-packages/airflow/example_dags/example_latest_only.py
[2022-04-13 07:09:39,850] {scheduler_job.py:643} INFO - DAG(s) dict_keys(['latest_only']) retrieved from /home/airflow/sandbox/lib/python3.8/site-packages/airflow/example_dags/example_latest_only.py
[2022-04-13 07:09:40,153] {logging_mixin.py:104} INFO - [2022-04-13 07:09:40,152] {dag.py:1832} INFO - Sync 1 DAGs
[2022-04-13 07:09:40,261] {logging_mixin.py:104} INFO - [2022-04-13 07:09:40,261] {dag.py:2305} INFO - Setting next_dagrun for latest_only to 2022-04-11 00:00:00+00:00
[2022-04-13 07:09:40,348] {scheduler_job.py:190} INFO - Processing /home/airflow/sandbox/lib/python3.8/site-packages/airflow/example_dags/example_latest_only.py took 0.638 seconds
[2022-04-13 07:14:25,708] {scheduler_job.py:182} INFO - Started process (PID=4888) to work on /home/airflow/sandbox/lib/python3.8/site-packages/airflow/example_dags/example_latest_only.py
[2022-04-13 07:14:25,736] {scheduler_job.py:633} INFO - Processing file /home/airflow/sandbox/lib/python3.8/site-packages/airflow/example_dags/example_latest_only.py for tasks to queue
[2022-04-13 07:14:25,781] {logging_mixin.py:104} INFO - [2022-04-13 07:14:25,781] {dagbag.py:487} INFO - Filling up the DagBag from /home/airflow/sandbox/lib/python3.8/site-packages/airflow/example_dags/example_latest_only.py
[2022-04-13 07:14:25,991] {scheduler_job.py:643} INFO - DAG(s) dict_keys(['latest_only']) retrieved from /home/airflow/sandbox/lib/python3.8/site-packages/airflow/example_dags/example_latest_only.py
[2022-04-13 07:14:26,380] {logging_mixin.py:104} INFO - [2022-04-13 07:14:26,380] {dag.py:1832} INFO - Sync 1 DAGs
[2022-04-13 07:14:26,601] {logging_mixin.py:104} INFO - [2022-04-13 07:14:26,600] {dag.py:2305} INFO - Setting next_dagrun for latest_only to 2022-04-11 00:00:00+00:00
[2022-04-13 07:14:26,826] {scheduler_job.py:190} INFO - Processing /home/airflow/sandbox/lib/python3.8/site-packages/airflow/example_dags/example_latest_only.py took 1.287 seconds
[2022-04-13 07:14:58,282] {scheduler_job.py:182} INFO - Started process (PID=5301) to work on /home/airflow/sandbox/lib/python3.8/site-packages/airflow/example_dags/example_latest_only.py
[2022-04-13 07:14:58,289] {scheduler_job.py:633} INFO - Processing file /home/airflow/sandbox/lib/python3.8/site-packages/airflow/example_dags/example_latest_only.py for tasks to queue
[2022-04-13 07:14:58,299] {logging_mixin.py:104} INFO - [2022-04-13 07:14:58,298] {dagbag.py:487} INFO - Filling up the DagBag from /home/airflow/sandbox/lib/python3.8/site-packages/airflow/example_dags/example_latest_only.py
[2022-04-13 07:14:58,355] {scheduler_job.py:643} INFO - DAG(s) dict_keys(['latest_only']) retrieved from /home/airflow/sandbox/lib/python3.8/site-packages/airflow/example_dags/example_latest_only.py
[2022-04-13 07:14:58,469] {logging_mixin.py:104} INFO - [2022-04-13 07:14:58,469] {dag.py:1832} INFO - Sync 1 DAGs
[2022-04-13 07:14:58,569] {logging_mixin.py:104} INFO - [2022-04-13 07:14:58,569] {dag.py:2305} INFO - Setting next_dagrun for latest_only to 2022-04-11 00:00:00+00:00
[2022-04-13 07:14:58,762] {scheduler_job.py:190} INFO - Processing /home/airflow/sandbox/lib/python3.8/site-packages/airflow/example_dags/example_latest_only.py took 0.498 seconds
[2022-04-13 07:15:32,515] {scheduler_job.py:182} INFO - Started process (PID=5706) to work on /home/airflow/sandbox/lib/python3.8/site-packages/airflow/example_dags/example_latest_only.py
[2022-04-13 07:15:32,521] {scheduler_job.py:633} INFO - Processing file /home/airflow/sandbox/lib/python3.8/site-packages/airflow/example_dags/example_latest_only.py for tasks to queue
[2022-04-13 07:15:32,527] {logging_mixin.py:104} INFO - [2022-04-13 07:15:32,526] {dagbag.py:487} INFO - Filling up the DagBag from /home/airflow/sandbox/lib/python3.8/site-packages/airflow/example_dags/example_latest_only.py
[2022-04-13 07:15:32,594] {scheduler_job.py:643} INFO - DAG(s) dict_keys(['latest_only']) retrieved from /home/airflow/sandbox/lib/python3.8/site-packages/airflow/example_dags/example_latest_only.py
[2022-04-13 07:15:32,816] {logging_mixin.py:104} INFO - [2022-04-13 07:15:32,816] {dag.py:1832} INFO - Sync 1 DAGs
[2022-04-13 07:15:32,965] {logging_mixin.py:104} INFO - [2022-04-13 07:15:32,965] {dag.py:2305} INFO - Setting next_dagrun for latest_only to 2022-04-11 00:00:00+00:00
[2022-04-13 07:15:33,322] {scheduler_job.py:190} INFO - Processing /home/airflow/sandbox/lib/python3.8/site-packages/airflow/example_dags/example_latest_only.py took 0.894 seconds
[2022-04-13 07:16:08,588] {scheduler_job.py:182} INFO - Started process (PID=5934) to work on /home/airflow/sandbox/lib/python3.8/site-packages/airflow/example_dags/example_latest_only.py
[2022-04-13 07:16:08,623] {scheduler_job.py:633} INFO - Processing file /home/airflow/sandbox/lib/python3.8/site-packages/airflow/example_dags/example_latest_only.py for tasks to queue
[2022-04-13 07:16:08,624] {logging_mixin.py:104} INFO - [2022-04-13 07:16:08,624] {dagbag.py:487} INFO - Filling up the DagBag from /home/airflow/sandbox/lib/python3.8/site-packages/airflow/example_dags/example_latest_only.py
[2022-04-13 07:16:08,726] {scheduler_job.py:643} INFO - DAG(s) dict_keys(['latest_only']) retrieved from /home/airflow/sandbox/lib/python3.8/site-packages/airflow/example_dags/example_latest_only.py
[2022-04-13 07:16:09,063] {logging_mixin.py:104} INFO - [2022-04-13 07:16:09,062] {dag.py:1832} INFO - Sync 1 DAGs
[2022-04-13 07:16:09,191] {logging_mixin.py:104} INFO - [2022-04-13 07:16:09,191] {dag.py:2305} INFO - Setting next_dagrun for latest_only to 2022-04-11 00:00:00+00:00
[2022-04-13 07:16:09,354] {scheduler_job.py:190} INFO - Processing /home/airflow/sandbox/lib/python3.8/site-packages/airflow/example_dags/example_latest_only.py took 0.812 seconds
[2022-04-13 07:16:40,140] {scheduler_job.py:182} INFO - Started process (PID=6167) to work on /home/airflow/sandbox/lib/python3.8/site-packages/airflow/example_dags/example_latest_only.py
[2022-04-13 07:16:40,153] {scheduler_job.py:633} INFO - Processing file /home/airflow/sandbox/lib/python3.8/site-packages/airflow/example_dags/example_latest_only.py for tasks to queue
[2022-04-13 07:16:40,155] {logging_mixin.py:104} INFO - [2022-04-13 07:16:40,154] {dagbag.py:487} INFO - Filling up the DagBag from /home/airflow/sandbox/lib/python3.8/site-packages/airflow/example_dags/example_latest_only.py
[2022-04-13 07:16:40,212] {scheduler_job.py:643} INFO - DAG(s) dict_keys(['latest_only']) retrieved from /home/airflow/sandbox/lib/python3.8/site-packages/airflow/example_dags/example_latest_only.py
[2022-04-13 07:16:40,418] {logging_mixin.py:104} INFO - [2022-04-13 07:16:40,417] {dag.py:1832} INFO - Sync 1 DAGs
[2022-04-13 07:16:40,530] {logging_mixin.py:104} INFO - [2022-04-13 07:16:40,529] {dag.py:2305} INFO - Setting next_dagrun for latest_only to 2022-04-11 00:00:00+00:00
[2022-04-13 07:16:40,668] {scheduler_job.py:190} INFO - Processing /home/airflow/sandbox/lib/python3.8/site-packages/airflow/example_dags/example_latest_only.py took 0.542 seconds
[2022-04-13 07:17:11,392] {scheduler_job.py:182} INFO - Started process (PID=6368) to work on /home/airflow/sandbox/lib/python3.8/site-packages/airflow/example_dags/example_latest_only.py
[2022-04-13 07:17:11,405] {scheduler_job.py:633} INFO - Processing file /home/airflow/sandbox/lib/python3.8/site-packages/airflow/example_dags/example_latest_only.py for tasks to queue
[2022-04-13 07:17:11,407] {logging_mixin.py:104} INFO - [2022-04-13 07:17:11,407] {dagbag.py:487} INFO - Filling up the DagBag from /home/airflow/sandbox/lib/python3.8/site-packages/airflow/example_dags/example_latest_only.py
[2022-04-13 07:17:11,478] {scheduler_job.py:643} INFO - DAG(s) dict_keys(['latest_only']) retrieved from /home/airflow/sandbox/lib/python3.8/site-packages/airflow/example_dags/example_latest_only.py
[2022-04-13 07:17:11,650] {logging_mixin.py:104} INFO - [2022-04-13 07:17:11,650] {dag.py:1832} INFO - Sync 1 DAGs
[2022-04-13 07:17:11,752] {logging_mixin.py:104} INFO - [2022-04-13 07:17:11,752] {dag.py:2305} INFO - Setting next_dagrun for latest_only to 2022-04-11 00:00:00+00:00
[2022-04-13 07:17:11,850] {scheduler_job.py:190} INFO - Processing /home/airflow/sandbox/lib/python3.8/site-packages/airflow/example_dags/example_latest_only.py took 0.480 seconds
[2022-04-13 07:17:42,075] {scheduler_job.py:182} INFO - Started process (PID=6565) to work on /home/airflow/sandbox/lib/python3.8/site-packages/airflow/example_dags/example_latest_only.py
[2022-04-13 07:17:42,078] {scheduler_job.py:633} INFO - Processing file /home/airflow/sandbox/lib/python3.8/site-packages/airflow/example_dags/example_latest_only.py for tasks to queue
[2022-04-13 07:17:42,079] {logging_mixin.py:104} INFO - [2022-04-13 07:17:42,079] {dagbag.py:487} INFO - Filling up the DagBag from /home/airflow/sandbox/lib/python3.8/site-packages/airflow/example_dags/example_latest_only.py
[2022-04-13 07:17:42,141] {scheduler_job.py:643} INFO - DAG(s) dict_keys(['latest_only']) retrieved from /home/airflow/sandbox/lib/python3.8/site-packages/airflow/example_dags/example_latest_only.py
[2022-04-13 07:17:42,289] {logging_mixin.py:104} INFO - [2022-04-13 07:17:42,289] {dag.py:1832} INFO - Sync 1 DAGs
[2022-04-13 07:17:42,365] {logging_mixin.py:104} INFO - [2022-04-13 07:17:42,364] {dag.py:2305} INFO - Setting next_dagrun for latest_only to 2022-04-11 00:00:00+00:00
[2022-04-13 07:17:42,746] {scheduler_job.py:190} INFO - Processing /home/airflow/sandbox/lib/python3.8/site-packages/airflow/example_dags/example_latest_only.py took 0.702 seconds
[2022-04-13 07:18:13,161] {scheduler_job.py:182} INFO - Started process (PID=6761) to work on /home/airflow/sandbox/lib/python3.8/site-packages/airflow/example_dags/example_latest_only.py
[2022-04-13 07:18:13,174] {scheduler_job.py:633} INFO - Processing file /home/airflow/sandbox/lib/python3.8/site-packages/airflow/example_dags/example_latest_only.py for tasks to queue
[2022-04-13 07:18:13,188] {logging_mixin.py:104} INFO - [2022-04-13 07:18:13,188] {dagbag.py:487} INFO - Filling up the DagBag from /home/airflow/sandbox/lib/python3.8/site-packages/airflow/example_dags/example_latest_only.py
[2022-04-13 07:18:13,238] {scheduler_job.py:643} INFO - DAG(s) dict_keys(['latest_only']) retrieved from /home/airflow/sandbox/lib/python3.8/site-packages/airflow/example_dags/example_latest_only.py
[2022-04-13 07:18:13,403] {logging_mixin.py:104} INFO - [2022-04-13 07:18:13,402] {dag.py:1832} INFO - Sync 1 DAGs
[2022-04-13 07:18:13,488] {logging_mixin.py:104} INFO - [2022-04-13 07:18:13,487] {dag.py:2305} INFO - Setting next_dagrun for latest_only to 2022-04-11 00:00:00+00:00
[2022-04-13 07:18:13,626] {scheduler_job.py:190} INFO - Processing /home/airflow/sandbox/lib/python3.8/site-packages/airflow/example_dags/example_latest_only.py took 0.474 seconds
[2022-04-13 07:18:44,282] {scheduler_job.py:182} INFO - Started process (PID=6959) to work on /home/airflow/sandbox/lib/python3.8/site-packages/airflow/example_dags/example_latest_only.py
[2022-04-13 07:18:44,285] {scheduler_job.py:633} INFO - Processing file /home/airflow/sandbox/lib/python3.8/site-packages/airflow/example_dags/example_latest_only.py for tasks to queue
[2022-04-13 07:18:44,287] {logging_mixin.py:104} INFO - [2022-04-13 07:18:44,286] {dagbag.py:487} INFO - Filling up the DagBag from /home/airflow/sandbox/lib/python3.8/site-packages/airflow/example_dags/example_latest_only.py
[2022-04-13 07:18:44,315] {scheduler_job.py:643} INFO - DAG(s) dict_keys(['latest_only']) retrieved from /home/airflow/sandbox/lib/python3.8/site-packages/airflow/example_dags/example_latest_only.py
[2022-04-13 07:18:44,386] {logging_mixin.py:104} INFO - [2022-04-13 07:18:44,386] {dag.py:1832} INFO - Sync 1 DAGs
[2022-04-13 07:18:44,426] {logging_mixin.py:104} INFO - [2022-04-13 07:18:44,425] {dag.py:2305} INFO - Setting next_dagrun for latest_only to 2022-04-11 00:00:00+00:00
[2022-04-13 07:18:44,467] {scheduler_job.py:190} INFO - Processing /home/airflow/sandbox/lib/python3.8/site-packages/airflow/example_dags/example_latest_only.py took 0.196 seconds
[2022-04-13 07:19:14,642] {scheduler_job.py:182} INFO - Started process (PID=7158) to work on /home/airflow/sandbox/lib/python3.8/site-packages/airflow/example_dags/example_latest_only.py
[2022-04-13 07:19:14,673] {scheduler_job.py:633} INFO - Processing file /home/airflow/sandbox/lib/python3.8/site-packages/airflow/example_dags/example_latest_only.py for tasks to queue
[2022-04-13 07:19:14,674] {logging_mixin.py:104} INFO - [2022-04-13 07:19:14,674] {dagbag.py:487} INFO - Filling up the DagBag from /home/airflow/sandbox/lib/python3.8/site-packages/airflow/example_dags/example_latest_only.py
[2022-04-13 07:19:14,717] {scheduler_job.py:643} INFO - DAG(s) dict_keys(['latest_only']) retrieved from /home/airflow/sandbox/lib/python3.8/site-packages/airflow/example_dags/example_latest_only.py
[2022-04-13 07:19:14,783] {logging_mixin.py:104} INFO - [2022-04-13 07:19:14,783] {dag.py:1832} INFO - Sync 1 DAGs
[2022-04-13 07:19:14,841] {logging_mixin.py:104} INFO - [2022-04-13 07:19:14,837] {dag.py:2305} INFO - Setting next_dagrun for latest_only to 2022-04-11 00:00:00+00:00
[2022-04-13 07:19:14,893] {scheduler_job.py:190} INFO - Processing /home/airflow/sandbox/lib/python3.8/site-packages/airflow/example_dags/example_latest_only.py took 0.282 seconds
[2022-04-13 07:19:45,084] {scheduler_job.py:182} INFO - Started process (PID=7602) to work on /home/airflow/sandbox/lib/python3.8/site-packages/airflow/example_dags/example_latest_only.py
[2022-04-13 07:19:45,087] {scheduler_job.py:633} INFO - Processing file /home/airflow/sandbox/lib/python3.8/site-packages/airflow/example_dags/example_latest_only.py for tasks to queue
[2022-04-13 07:19:45,088] {logging_mixin.py:104} INFO - [2022-04-13 07:19:45,088] {dagbag.py:487} INFO - Filling up the DagBag from /home/airflow/sandbox/lib/python3.8/site-packages/airflow/example_dags/example_latest_only.py
[2022-04-13 07:19:45,118] {scheduler_job.py:643} INFO - DAG(s) dict_keys(['latest_only']) retrieved from /home/airflow/sandbox/lib/python3.8/site-packages/airflow/example_dags/example_latest_only.py
[2022-04-13 07:19:45,181] {logging_mixin.py:104} INFO - [2022-04-13 07:19:45,181] {dag.py:1832} INFO - Sync 1 DAGs
[2022-04-13 07:19:45,220] {logging_mixin.py:104} INFO - [2022-04-13 07:19:45,220] {dag.py:2305} INFO - Setting next_dagrun for latest_only to 2022-04-11 00:00:00+00:00
[2022-04-13 07:19:45,253] {scheduler_job.py:190} INFO - Processing /home/airflow/sandbox/lib/python3.8/site-packages/airflow/example_dags/example_latest_only.py took 0.184 seconds
[2022-04-13 07:20:15,404] {scheduler_job.py:182} INFO - Started process (PID=7804) to work on /home/airflow/sandbox/lib/python3.8/site-packages/airflow/example_dags/example_latest_only.py
[2022-04-13 07:20:15,408] {scheduler_job.py:633} INFO - Processing file /home/airflow/sandbox/lib/python3.8/site-packages/airflow/example_dags/example_latest_only.py for tasks to queue
[2022-04-13 07:20:15,411] {logging_mixin.py:104} INFO - [2022-04-13 07:20:15,411] {dagbag.py:487} INFO - Filling up the DagBag from /home/airflow/sandbox/lib/python3.8/site-packages/airflow/example_dags/example_latest_only.py
[2022-04-13 07:20:15,446] {scheduler_job.py:643} INFO - DAG(s) dict_keys(['latest_only']) retrieved from /home/airflow/sandbox/lib/python3.8/site-packages/airflow/example_dags/example_latest_only.py
[2022-04-13 07:20:15,526] {logging_mixin.py:104} INFO - [2022-04-13 07:20:15,525] {dag.py:1832} INFO - Sync 1 DAGs
[2022-04-13 07:20:15,574] {logging_mixin.py:104} INFO - [2022-04-13 07:20:15,574] {dag.py:2305} INFO - Setting next_dagrun for latest_only to 2022-04-11 00:00:00+00:00
[2022-04-13 07:20:15,613] {scheduler_job.py:190} INFO - Processing /home/airflow/sandbox/lib/python3.8/site-packages/airflow/example_dags/example_latest_only.py took 0.220 seconds
[2022-04-13 07:20:46,108] {scheduler_job.py:182} INFO - Started process (PID=8003) to work on /home/airflow/sandbox/lib/python3.8/site-packages/airflow/example_dags/example_latest_only.py
[2022-04-13 07:20:46,119] {scheduler_job.py:633} INFO - Processing file /home/airflow/sandbox/lib/python3.8/site-packages/airflow/example_dags/example_latest_only.py for tasks to queue
[2022-04-13 07:20:46,121] {logging_mixin.py:104} INFO - [2022-04-13 07:20:46,120] {dagbag.py:487} INFO - Filling up the DagBag from /home/airflow/sandbox/lib/python3.8/site-packages/airflow/example_dags/example_latest_only.py
[2022-04-13 07:20:46,180] {scheduler_job.py:643} INFO - DAG(s) dict_keys(['latest_only']) retrieved from /home/airflow/sandbox/lib/python3.8/site-packages/airflow/example_dags/example_latest_only.py
[2022-04-13 07:20:46,301] {logging_mixin.py:104} INFO - [2022-04-13 07:20:46,301] {dag.py:1832} INFO - Sync 1 DAGs
[2022-04-13 07:20:46,372] {logging_mixin.py:104} INFO - [2022-04-13 07:20:46,371] {dag.py:2305} INFO - Setting next_dagrun for latest_only to 2022-04-11 00:00:00+00:00
[2022-04-13 07:20:46,472] {scheduler_job.py:190} INFO - Processing /home/airflow/sandbox/lib/python3.8/site-packages/airflow/example_dags/example_latest_only.py took 0.384 seconds
[2022-04-13 07:21:17,014] {scheduler_job.py:182} INFO - Started process (PID=8202) to work on /home/airflow/sandbox/lib/python3.8/site-packages/airflow/example_dags/example_latest_only.py
[2022-04-13 07:21:17,041] {scheduler_job.py:633} INFO - Processing file /home/airflow/sandbox/lib/python3.8/site-packages/airflow/example_dags/example_latest_only.py for tasks to queue
[2022-04-13 07:21:17,048] {logging_mixin.py:104} INFO - [2022-04-13 07:21:17,048] {dagbag.py:487} INFO - Filling up the DagBag from /home/airflow/sandbox/lib/python3.8/site-packages/airflow/example_dags/example_latest_only.py
[2022-04-13 07:21:17,112] {scheduler_job.py:643} INFO - DAG(s) dict_keys(['latest_only']) retrieved from /home/airflow/sandbox/lib/python3.8/site-packages/airflow/example_dags/example_latest_only.py
[2022-04-13 07:21:17,257] {logging_mixin.py:104} INFO - [2022-04-13 07:21:17,257] {dag.py:1832} INFO - Sync 1 DAGs
[2022-04-13 07:21:17,322] {logging_mixin.py:104} INFO - [2022-04-13 07:21:17,321] {dag.py:2305} INFO - Setting next_dagrun for latest_only to 2022-04-11 00:00:00+00:00
[2022-04-13 07:21:17,382] {scheduler_job.py:190} INFO - Processing /home/airflow/sandbox/lib/python3.8/site-packages/airflow/example_dags/example_latest_only.py took 0.378 seconds
[2022-04-13 07:21:48,077] {scheduler_job.py:182} INFO - Started process (PID=8401) to work on /home/airflow/sandbox/lib/python3.8/site-packages/airflow/example_dags/example_latest_only.py
[2022-04-13 07:21:48,097] {scheduler_job.py:633} INFO - Processing file /home/airflow/sandbox/lib/python3.8/site-packages/airflow/example_dags/example_latest_only.py for tasks to queue
[2022-04-13 07:21:48,099] {logging_mixin.py:104} INFO - [2022-04-13 07:21:48,099] {dagbag.py:487} INFO - Filling up the DagBag from /home/airflow/sandbox/lib/python3.8/site-packages/airflow/example_dags/example_latest_only.py
[2022-04-13 07:21:48,157] {scheduler_job.py:643} INFO - DAG(s) dict_keys(['latest_only']) retrieved from /home/airflow/sandbox/lib/python3.8/site-packages/airflow/example_dags/example_latest_only.py
[2022-04-13 07:21:48,306] {logging_mixin.py:104} INFO - [2022-04-13 07:21:48,306] {dag.py:1832} INFO - Sync 1 DAGs
[2022-04-13 07:21:48,361] {logging_mixin.py:104} INFO - [2022-04-13 07:21:48,361] {dag.py:2305} INFO - Setting next_dagrun for latest_only to 2022-04-11 00:00:00+00:00
[2022-04-13 07:21:48,434] {scheduler_job.py:190} INFO - Processing /home/airflow/sandbox/lib/python3.8/site-packages/airflow/example_dags/example_latest_only.py took 0.367 seconds
[2022-04-13 07:22:18,679] {scheduler_job.py:182} INFO - Started process (PID=8600) to work on /home/airflow/sandbox/lib/python3.8/site-packages/airflow/example_dags/example_latest_only.py
[2022-04-13 07:22:18,704] {scheduler_job.py:633} INFO - Processing file /home/airflow/sandbox/lib/python3.8/site-packages/airflow/example_dags/example_latest_only.py for tasks to queue
[2022-04-13 07:22:18,708] {logging_mixin.py:104} INFO - [2022-04-13 07:22:18,708] {dagbag.py:487} INFO - Filling up the DagBag from /home/airflow/sandbox/lib/python3.8/site-packages/airflow/example_dags/example_latest_only.py
[2022-04-13 07:22:18,776] {scheduler_job.py:643} INFO - DAG(s) dict_keys(['latest_only']) retrieved from /home/airflow/sandbox/lib/python3.8/site-packages/airflow/example_dags/example_latest_only.py
[2022-04-13 07:22:18,936] {logging_mixin.py:104} INFO - [2022-04-13 07:22:18,936] {dag.py:1832} INFO - Sync 1 DAGs
[2022-04-13 07:22:19,049] {logging_mixin.py:104} INFO - [2022-04-13 07:22:19,049] {dag.py:2305} INFO - Setting next_dagrun for latest_only to 2022-04-11 00:00:00+00:00
[2022-04-13 07:22:19,129] {scheduler_job.py:190} INFO - Processing /home/airflow/sandbox/lib/python3.8/site-packages/airflow/example_dags/example_latest_only.py took 0.473 seconds
[2022-04-13 07:22:49,378] {scheduler_job.py:182} INFO - Started process (PID=8798) to work on /home/airflow/sandbox/lib/python3.8/site-packages/airflow/example_dags/example_latest_only.py
[2022-04-13 07:22:49,395] {scheduler_job.py:633} INFO - Processing file /home/airflow/sandbox/lib/python3.8/site-packages/airflow/example_dags/example_latest_only.py for tasks to queue
[2022-04-13 07:22:49,398] {logging_mixin.py:104} INFO - [2022-04-13 07:22:49,397] {dagbag.py:487} INFO - Filling up the DagBag from /home/airflow/sandbox/lib/python3.8/site-packages/airflow/example_dags/example_latest_only.py
[2022-04-13 07:22:49,465] {scheduler_job.py:643} INFO - DAG(s) dict_keys(['latest_only']) retrieved from /home/airflow/sandbox/lib/python3.8/site-packages/airflow/example_dags/example_latest_only.py
[2022-04-13 07:22:49,628] {logging_mixin.py:104} INFO - [2022-04-13 07:22:49,627] {dag.py:1832} INFO - Sync 1 DAGs
[2022-04-13 07:22:49,720] {logging_mixin.py:104} INFO - [2022-04-13 07:22:49,720] {dag.py:2305} INFO - Setting next_dagrun for latest_only to 2022-04-11 00:00:00+00:00
[2022-04-13 07:22:49,855] {scheduler_job.py:190} INFO - Processing /home/airflow/sandbox/lib/python3.8/site-packages/airflow/example_dags/example_latest_only.py took 0.487 seconds
[2022-04-13 07:23:20,089] {scheduler_job.py:182} INFO - Started process (PID=8992) to work on /home/airflow/sandbox/lib/python3.8/site-packages/airflow/example_dags/example_latest_only.py
[2022-04-13 07:23:20,134] {scheduler_job.py:633} INFO - Processing file /home/airflow/sandbox/lib/python3.8/site-packages/airflow/example_dags/example_latest_only.py for tasks to queue
[2022-04-13 07:23:20,137] {logging_mixin.py:104} INFO - [2022-04-13 07:23:20,136] {dagbag.py:487} INFO - Filling up the DagBag from /home/airflow/sandbox/lib/python3.8/site-packages/airflow/example_dags/example_latest_only.py
[2022-04-13 07:23:20,207] {scheduler_job.py:643} INFO - DAG(s) dict_keys(['latest_only']) retrieved from /home/airflow/sandbox/lib/python3.8/site-packages/airflow/example_dags/example_latest_only.py
[2022-04-13 07:23:20,382] {logging_mixin.py:104} INFO - [2022-04-13 07:23:20,382] {dag.py:1832} INFO - Sync 1 DAGs
[2022-04-13 07:23:20,467] {logging_mixin.py:104} INFO - [2022-04-13 07:23:20,467] {dag.py:2305} INFO - Setting next_dagrun for latest_only to 2022-04-11 00:00:00+00:00
[2022-04-13 07:23:20,579] {scheduler_job.py:190} INFO - Processing /home/airflow/sandbox/lib/python3.8/site-packages/airflow/example_dags/example_latest_only.py took 0.525 seconds
[2022-04-13 07:23:50,857] {scheduler_job.py:182} INFO - Started process (PID=9185) to work on /home/airflow/sandbox/lib/python3.8/site-packages/airflow/example_dags/example_latest_only.py
[2022-04-13 07:23:50,867] {scheduler_job.py:633} INFO - Processing file /home/airflow/sandbox/lib/python3.8/site-packages/airflow/example_dags/example_latest_only.py for tasks to queue
[2022-04-13 07:23:50,869] {logging_mixin.py:104} INFO - [2022-04-13 07:23:50,868] {dagbag.py:487} INFO - Filling up the DagBag from /home/airflow/sandbox/lib/python3.8/site-packages/airflow/example_dags/example_latest_only.py
[2022-04-13 07:23:50,916] {scheduler_job.py:643} INFO - DAG(s) dict_keys(['latest_only']) retrieved from /home/airflow/sandbox/lib/python3.8/site-packages/airflow/example_dags/example_latest_only.py
[2022-04-13 07:23:51,054] {logging_mixin.py:104} INFO - [2022-04-13 07:23:51,054] {dag.py:1832} INFO - Sync 1 DAGs
[2022-04-13 07:23:51,088] {logging_mixin.py:104} INFO - [2022-04-13 07:23:51,088] {dag.py:2305} INFO - Setting next_dagrun for latest_only to 2022-04-11 00:00:00+00:00
[2022-04-13 07:23:51,296] {scheduler_job.py:190} INFO - Processing /home/airflow/sandbox/lib/python3.8/site-packages/airflow/example_dags/example_latest_only.py took 0.445 seconds
[2022-04-13 07:24:23,873] {scheduler_job.py:182} INFO - Started process (PID=9515) to work on /home/airflow/sandbox/lib/python3.8/site-packages/airflow/example_dags/example_latest_only.py
[2022-04-13 07:24:23,897] {scheduler_job.py:633} INFO - Processing file /home/airflow/sandbox/lib/python3.8/site-packages/airflow/example_dags/example_latest_only.py for tasks to queue
[2022-04-13 07:24:23,908] {logging_mixin.py:104} INFO - [2022-04-13 07:24:23,907] {dagbag.py:487} INFO - Filling up the DagBag from /home/airflow/sandbox/lib/python3.8/site-packages/airflow/example_dags/example_latest_only.py
[2022-04-13 07:24:24,036] {scheduler_job.py:643} INFO - DAG(s) dict_keys(['latest_only']) retrieved from /home/airflow/sandbox/lib/python3.8/site-packages/airflow/example_dags/example_latest_only.py
[2022-04-13 07:24:24,209] {logging_mixin.py:104} INFO - [2022-04-13 07:24:24,209] {dag.py:1832} INFO - Sync 1 DAGs
[2022-04-13 07:24:24,833] {logging_mixin.py:104} INFO - [2022-04-13 07:24:24,833] {dag.py:2305} INFO - Setting next_dagrun for latest_only to 2022-04-11 00:00:00+00:00
[2022-04-13 07:24:24,901] {scheduler_job.py:190} INFO - Processing /home/airflow/sandbox/lib/python3.8/site-packages/airflow/example_dags/example_latest_only.py took 1.051 seconds
[2022-04-13 07:24:55,478] {scheduler_job.py:182} INFO - Started process (PID=9827) to work on /home/airflow/sandbox/lib/python3.8/site-packages/airflow/example_dags/example_latest_only.py
[2022-04-13 07:24:55,498] {scheduler_job.py:633} INFO - Processing file /home/airflow/sandbox/lib/python3.8/site-packages/airflow/example_dags/example_latest_only.py for tasks to queue
[2022-04-13 07:24:55,500] {logging_mixin.py:104} INFO - [2022-04-13 07:24:55,500] {dagbag.py:487} INFO - Filling up the DagBag from /home/airflow/sandbox/lib/python3.8/site-packages/airflow/example_dags/example_latest_only.py
[2022-04-13 07:24:55,546] {scheduler_job.py:643} INFO - DAG(s) dict_keys(['latest_only']) retrieved from /home/airflow/sandbox/lib/python3.8/site-packages/airflow/example_dags/example_latest_only.py
[2022-04-13 07:24:55,641] {logging_mixin.py:104} INFO - [2022-04-13 07:24:55,641] {dag.py:1832} INFO - Sync 1 DAGs
[2022-04-13 07:24:55,957] {logging_mixin.py:104} INFO - [2022-04-13 07:24:55,957] {dag.py:2305} INFO - Setting next_dagrun for latest_only to 2022-04-11 00:00:00+00:00
[2022-04-13 07:24:56,172] {scheduler_job.py:190} INFO - Processing /home/airflow/sandbox/lib/python3.8/site-packages/airflow/example_dags/example_latest_only.py took 0.703 seconds
[2022-04-13 07:25:26,834] {scheduler_job.py:182} INFO - Started process (PID=10029) to work on /home/airflow/sandbox/lib/python3.8/site-packages/airflow/example_dags/example_latest_only.py
[2022-04-13 07:25:26,848] {scheduler_job.py:633} INFO - Processing file /home/airflow/sandbox/lib/python3.8/site-packages/airflow/example_dags/example_latest_only.py for tasks to queue
[2022-04-13 07:25:26,858] {logging_mixin.py:104} INFO - [2022-04-13 07:25:26,858] {dagbag.py:487} INFO - Filling up the DagBag from /home/airflow/sandbox/lib/python3.8/site-packages/airflow/example_dags/example_latest_only.py
[2022-04-13 07:25:26,907] {scheduler_job.py:643} INFO - DAG(s) dict_keys(['latest_only']) retrieved from /home/airflow/sandbox/lib/python3.8/site-packages/airflow/example_dags/example_latest_only.py
[2022-04-13 07:25:27,071] {logging_mixin.py:104} INFO - [2022-04-13 07:25:27,071] {dag.py:1832} INFO - Sync 1 DAGs
[2022-04-13 07:25:27,373] {logging_mixin.py:104} INFO - [2022-04-13 07:25:27,373] {dag.py:2305} INFO - Setting next_dagrun for latest_only to 2022-04-11 00:00:00+00:00
[2022-04-13 07:25:27,575] {scheduler_job.py:190} INFO - Processing /home/airflow/sandbox/lib/python3.8/site-packages/airflow/example_dags/example_latest_only.py took 0.751 seconds
[2022-04-13 07:25:58,280] {scheduler_job.py:182} INFO - Started process (PID=10225) to work on /home/airflow/sandbox/lib/python3.8/site-packages/airflow/example_dags/example_latest_only.py
[2022-04-13 07:25:58,293] {scheduler_job.py:633} INFO - Processing file /home/airflow/sandbox/lib/python3.8/site-packages/airflow/example_dags/example_latest_only.py for tasks to queue
[2022-04-13 07:25:58,303] {logging_mixin.py:104} INFO - [2022-04-13 07:25:58,303] {dagbag.py:487} INFO - Filling up the DagBag from /home/airflow/sandbox/lib/python3.8/site-packages/airflow/example_dags/example_latest_only.py
[2022-04-13 07:25:58,366] {scheduler_job.py:643} INFO - DAG(s) dict_keys(['latest_only']) retrieved from /home/airflow/sandbox/lib/python3.8/site-packages/airflow/example_dags/example_latest_only.py
[2022-04-13 07:25:58,544] {logging_mixin.py:104} INFO - [2022-04-13 07:25:58,544] {dag.py:1832} INFO - Sync 1 DAGs
[2022-04-13 07:25:58,844] {logging_mixin.py:104} INFO - [2022-04-13 07:25:58,843] {dag.py:2305} INFO - Setting next_dagrun for latest_only to 2022-04-11 00:00:00+00:00
[2022-04-13 07:25:58,911] {scheduler_job.py:190} INFO - Processing /home/airflow/sandbox/lib/python3.8/site-packages/airflow/example_dags/example_latest_only.py took 0.678 seconds
[2022-04-13 07:26:29,105] {scheduler_job.py:182} INFO - Started process (PID=10423) to work on /home/airflow/sandbox/lib/python3.8/site-packages/airflow/example_dags/example_latest_only.py
[2022-04-13 07:26:29,124] {scheduler_job.py:633} INFO - Processing file /home/airflow/sandbox/lib/python3.8/site-packages/airflow/example_dags/example_latest_only.py for tasks to queue
[2022-04-13 07:26:29,125] {logging_mixin.py:104} INFO - [2022-04-13 07:26:29,125] {dagbag.py:487} INFO - Filling up the DagBag from /home/airflow/sandbox/lib/python3.8/site-packages/airflow/example_dags/example_latest_only.py
[2022-04-13 07:26:29,150] {scheduler_job.py:643} INFO - DAG(s) dict_keys(['latest_only']) retrieved from /home/airflow/sandbox/lib/python3.8/site-packages/airflow/example_dags/example_latest_only.py
[2022-04-13 07:26:29,253] {logging_mixin.py:104} INFO - [2022-04-13 07:26:29,252] {dag.py:1832} INFO - Sync 1 DAGs
[2022-04-13 07:26:29,460] {logging_mixin.py:104} INFO - [2022-04-13 07:26:29,460] {dag.py:2305} INFO - Setting next_dagrun for latest_only to 2022-04-11 00:00:00+00:00
[2022-04-13 07:26:29,492] {scheduler_job.py:190} INFO - Processing /home/airflow/sandbox/lib/python3.8/site-packages/airflow/example_dags/example_latest_only.py took 0.407 seconds
[2022-04-13 07:26:59,597] {scheduler_job.py:182} INFO - Started process (PID=10619) to work on /home/airflow/sandbox/lib/python3.8/site-packages/airflow/example_dags/example_latest_only.py
[2022-04-13 07:26:59,611] {scheduler_job.py:633} INFO - Processing file /home/airflow/sandbox/lib/python3.8/site-packages/airflow/example_dags/example_latest_only.py for tasks to queue
[2022-04-13 07:26:59,612] {logging_mixin.py:104} INFO - [2022-04-13 07:26:59,612] {dagbag.py:487} INFO - Filling up the DagBag from /home/airflow/sandbox/lib/python3.8/site-packages/airflow/example_dags/example_latest_only.py
[2022-04-13 07:26:59,682] {scheduler_job.py:643} INFO - DAG(s) dict_keys(['latest_only']) retrieved from /home/airflow/sandbox/lib/python3.8/site-packages/airflow/example_dags/example_latest_only.py
[2022-04-13 07:27:00,137] {logging_mixin.py:104} INFO - [2022-04-13 07:27:00,137] {dag.py:1832} INFO - Sync 1 DAGs
[2022-04-13 07:27:00,195] {logging_mixin.py:104} INFO - [2022-04-13 07:27:00,195] {dag.py:2305} INFO - Setting next_dagrun for latest_only to 2022-04-11 00:00:00+00:00
[2022-04-13 07:27:00,288] {scheduler_job.py:190} INFO - Processing /home/airflow/sandbox/lib/python3.8/site-packages/airflow/example_dags/example_latest_only.py took 0.711 seconds
[2022-04-13 07:27:30,781] {scheduler_job.py:182} INFO - Started process (PID=10816) to work on /home/airflow/sandbox/lib/python3.8/site-packages/airflow/example_dags/example_latest_only.py
[2022-04-13 07:27:30,786] {scheduler_job.py:633} INFO - Processing file /home/airflow/sandbox/lib/python3.8/site-packages/airflow/example_dags/example_latest_only.py for tasks to queue
[2022-04-13 07:27:30,787] {logging_mixin.py:104} INFO - [2022-04-13 07:27:30,787] {dagbag.py:487} INFO - Filling up the DagBag from /home/airflow/sandbox/lib/python3.8/site-packages/airflow/example_dags/example_latest_only.py
[2022-04-13 07:27:30,815] {scheduler_job.py:643} INFO - DAG(s) dict_keys(['latest_only']) retrieved from /home/airflow/sandbox/lib/python3.8/site-packages/airflow/example_dags/example_latest_only.py
[2022-04-13 07:27:31,255] {logging_mixin.py:104} INFO - [2022-04-13 07:27:31,254] {dag.py:1832} INFO - Sync 1 DAGs
[2022-04-13 07:27:31,346] {logging_mixin.py:104} INFO - [2022-04-13 07:27:31,346] {dag.py:2305} INFO - Setting next_dagrun for latest_only to 2022-04-11 00:00:00+00:00
[2022-04-13 07:27:31,516] {scheduler_job.py:190} INFO - Processing /home/airflow/sandbox/lib/python3.8/site-packages/airflow/example_dags/example_latest_only.py took 0.744 seconds
[2022-04-13 07:28:02,302] {scheduler_job.py:182} INFO - Started process (PID=11015) to work on /home/airflow/sandbox/lib/python3.8/site-packages/airflow/example_dags/example_latest_only.py
[2022-04-13 07:28:02,316] {scheduler_job.py:633} INFO - Processing file /home/airflow/sandbox/lib/python3.8/site-packages/airflow/example_dags/example_latest_only.py for tasks to queue
[2022-04-13 07:28:02,326] {logging_mixin.py:104} INFO - [2022-04-13 07:28:02,326] {dagbag.py:487} INFO - Filling up the DagBag from /home/airflow/sandbox/lib/python3.8/site-packages/airflow/example_dags/example_latest_only.py
[2022-04-13 07:28:02,402] {scheduler_job.py:643} INFO - DAG(s) dict_keys(['latest_only']) retrieved from /home/airflow/sandbox/lib/python3.8/site-packages/airflow/example_dags/example_latest_only.py
[2022-04-13 07:28:02,892] {logging_mixin.py:104} INFO - [2022-04-13 07:28:02,891] {dag.py:1832} INFO - Sync 1 DAGs
[2022-04-13 07:28:02,984] {logging_mixin.py:104} INFO - [2022-04-13 07:28:02,984] {dag.py:2305} INFO - Setting next_dagrun for latest_only to 2022-04-11 00:00:00+00:00
[2022-04-13 07:28:03,061] {scheduler_job.py:190} INFO - Processing /home/airflow/sandbox/lib/python3.8/site-packages/airflow/example_dags/example_latest_only.py took 0.770 seconds
[2022-04-13 07:28:33,197] {scheduler_job.py:182} INFO - Started process (PID=11207) to work on /home/airflow/sandbox/lib/python3.8/site-packages/airflow/example_dags/example_latest_only.py
[2022-04-13 07:28:33,217] {scheduler_job.py:633} INFO - Processing file /home/airflow/sandbox/lib/python3.8/site-packages/airflow/example_dags/example_latest_only.py for tasks to queue
[2022-04-13 07:28:33,219] {logging_mixin.py:104} INFO - [2022-04-13 07:28:33,218] {dagbag.py:487} INFO - Filling up the DagBag from /home/airflow/sandbox/lib/python3.8/site-packages/airflow/example_dags/example_latest_only.py
[2022-04-13 07:28:33,268] {scheduler_job.py:643} INFO - DAG(s) dict_keys(['latest_only']) retrieved from /home/airflow/sandbox/lib/python3.8/site-packages/airflow/example_dags/example_latest_only.py
[2022-04-13 07:28:33,634] {logging_mixin.py:104} INFO - [2022-04-13 07:28:33,634] {dag.py:1832} INFO - Sync 1 DAGs
[2022-04-13 07:28:33,723] {logging_mixin.py:104} INFO - [2022-04-13 07:28:33,723] {dag.py:2305} INFO - Setting next_dagrun for latest_only to 2022-04-11 00:00:00+00:00
[2022-04-13 07:28:33,996] {scheduler_job.py:190} INFO - Processing /home/airflow/sandbox/lib/python3.8/site-packages/airflow/example_dags/example_latest_only.py took 0.810 seconds
[2022-04-13 07:29:04,558] {scheduler_job.py:182} INFO - Started process (PID=11402) to work on /home/airflow/sandbox/lib/python3.8/site-packages/airflow/example_dags/example_latest_only.py
[2022-04-13 07:29:04,565] {scheduler_job.py:633} INFO - Processing file /home/airflow/sandbox/lib/python3.8/site-packages/airflow/example_dags/example_latest_only.py for tasks to queue
[2022-04-13 07:29:04,573] {logging_mixin.py:104} INFO - [2022-04-13 07:29:04,573] {dagbag.py:487} INFO - Filling up the DagBag from /home/airflow/sandbox/lib/python3.8/site-packages/airflow/example_dags/example_latest_only.py
[2022-04-13 07:29:04,643] {scheduler_job.py:643} INFO - DAG(s) dict_keys(['latest_only']) retrieved from /home/airflow/sandbox/lib/python3.8/site-packages/airflow/example_dags/example_latest_only.py
[2022-04-13 07:29:04,841] {logging_mixin.py:104} INFO - [2022-04-13 07:29:04,841] {dag.py:1832} INFO - Sync 1 DAGs
[2022-04-13 07:29:04,920] {logging_mixin.py:104} INFO - [2022-04-13 07:29:04,920] {dag.py:2305} INFO - Setting next_dagrun for latest_only to 2022-04-11 00:00:00+00:00
[2022-04-13 07:29:05,052] {scheduler_job.py:190} INFO - Processing /home/airflow/sandbox/lib/python3.8/site-packages/airflow/example_dags/example_latest_only.py took 0.523 seconds
[2022-04-13 07:29:36,129] {scheduler_job.py:182} INFO - Started process (PID=11833) to work on /home/airflow/sandbox/lib/python3.8/site-packages/airflow/example_dags/example_latest_only.py
[2022-04-13 07:29:36,151] {scheduler_job.py:633} INFO - Processing file /home/airflow/sandbox/lib/python3.8/site-packages/airflow/example_dags/example_latest_only.py for tasks to queue
[2022-04-13 07:29:36,158] {logging_mixin.py:104} INFO - [2022-04-13 07:29:36,158] {dagbag.py:487} INFO - Filling up the DagBag from /home/airflow/sandbox/lib/python3.8/site-packages/airflow/example_dags/example_latest_only.py
[2022-04-13 07:29:36,474] {scheduler_job.py:643} INFO - DAG(s) dict_keys(['latest_only']) retrieved from /home/airflow/sandbox/lib/python3.8/site-packages/airflow/example_dags/example_latest_only.py
[2022-04-13 07:29:36,633] {logging_mixin.py:104} INFO - [2022-04-13 07:29:36,633] {dag.py:1832} INFO - Sync 1 DAGs
[2022-04-13 07:29:36,690] {logging_mixin.py:104} INFO - [2022-04-13 07:29:36,690] {dag.py:2305} INFO - Setting next_dagrun for latest_only to 2022-04-11 00:00:00+00:00
[2022-04-13 07:29:36,826] {scheduler_job.py:190} INFO - Processing /home/airflow/sandbox/lib/python3.8/site-packages/airflow/example_dags/example_latest_only.py took 0.719 seconds
[2022-04-13 07:30:08,876] {scheduler_job.py:182} INFO - Started process (PID=12035) to work on /home/airflow/sandbox/lib/python3.8/site-packages/airflow/example_dags/example_latest_only.py
[2022-04-13 07:30:08,896] {scheduler_job.py:633} INFO - Processing file /home/airflow/sandbox/lib/python3.8/site-packages/airflow/example_dags/example_latest_only.py for tasks to queue
[2022-04-13 07:30:08,905] {logging_mixin.py:104} INFO - [2022-04-13 07:30:08,904] {dagbag.py:487} INFO - Filling up the DagBag from /home/airflow/sandbox/lib/python3.8/site-packages/airflow/example_dags/example_latest_only.py
[2022-04-13 07:30:09,239] {scheduler_job.py:643} INFO - DAG(s) dict_keys(['latest_only']) retrieved from /home/airflow/sandbox/lib/python3.8/site-packages/airflow/example_dags/example_latest_only.py
[2022-04-13 07:30:09,359] {logging_mixin.py:104} INFO - [2022-04-13 07:30:09,358] {dag.py:1832} INFO - Sync 1 DAGs
[2022-04-13 07:30:09,403] {logging_mixin.py:104} INFO - [2022-04-13 07:30:09,403] {dag.py:2305} INFO - Setting next_dagrun for latest_only to 2022-04-11 00:00:00+00:00
[2022-04-13 07:30:09,466] {scheduler_job.py:190} INFO - Processing /home/airflow/sandbox/lib/python3.8/site-packages/airflow/example_dags/example_latest_only.py took 0.595 seconds
[2022-04-13 07:30:41,619] {scheduler_job.py:182} INFO - Started process (PID=12234) to work on /home/airflow/sandbox/lib/python3.8/site-packages/airflow/example_dags/example_latest_only.py
[2022-04-13 07:30:41,622] {scheduler_job.py:633} INFO - Processing file /home/airflow/sandbox/lib/python3.8/site-packages/airflow/example_dags/example_latest_only.py for tasks to queue
[2022-04-13 07:30:41,629] {logging_mixin.py:104} INFO - [2022-04-13 07:30:41,629] {dagbag.py:487} INFO - Filling up the DagBag from /home/airflow/sandbox/lib/python3.8/site-packages/airflow/example_dags/example_latest_only.py
[2022-04-13 07:30:41,942] {scheduler_job.py:643} INFO - DAG(s) dict_keys(['latest_only']) retrieved from /home/airflow/sandbox/lib/python3.8/site-packages/airflow/example_dags/example_latest_only.py
[2022-04-13 07:30:42,137] {logging_mixin.py:104} INFO - [2022-04-13 07:30:42,137] {dag.py:1832} INFO - Sync 1 DAGs
[2022-04-13 07:30:42,278] {logging_mixin.py:104} INFO - [2022-04-13 07:30:42,277] {dag.py:2305} INFO - Setting next_dagrun for latest_only to 2022-04-11 00:00:00+00:00
[2022-04-13 07:30:42,465] {scheduler_job.py:190} INFO - Processing /home/airflow/sandbox/lib/python3.8/site-packages/airflow/example_dags/example_latest_only.py took 0.863 seconds
[2022-04-13 07:31:13,554] {scheduler_job.py:182} INFO - Started process (PID=12468) to work on /home/airflow/sandbox/lib/python3.8/site-packages/airflow/example_dags/example_latest_only.py
[2022-04-13 07:31:14,029] {scheduler_job.py:633} INFO - Processing file /home/airflow/sandbox/lib/python3.8/site-packages/airflow/example_dags/example_latest_only.py for tasks to queue
[2022-04-13 07:31:14,051] {logging_mixin.py:104} INFO - [2022-04-13 07:31:14,051] {dagbag.py:487} INFO - Filling up the DagBag from /home/airflow/sandbox/lib/python3.8/site-packages/airflow/example_dags/example_latest_only.py
[2022-04-13 07:31:14,107] {scheduler_job.py:643} INFO - DAG(s) dict_keys(['latest_only']) retrieved from /home/airflow/sandbox/lib/python3.8/site-packages/airflow/example_dags/example_latest_only.py
[2022-04-13 07:31:14,307] {logging_mixin.py:104} INFO - [2022-04-13 07:31:14,307] {dag.py:1832} INFO - Sync 1 DAGs
[2022-04-13 07:31:14,376] {logging_mixin.py:104} INFO - [2022-04-13 07:31:14,376] {dag.py:2305} INFO - Setting next_dagrun for latest_only to 2022-04-11 00:00:00+00:00
[2022-04-13 07:31:14,631] {scheduler_job.py:190} INFO - Processing /home/airflow/sandbox/lib/python3.8/site-packages/airflow/example_dags/example_latest_only.py took 1.175 seconds
[2022-04-13 07:31:44,718] {scheduler_job.py:182} INFO - Started process (PID=12859) to work on /home/airflow/sandbox/lib/python3.8/site-packages/airflow/example_dags/example_latest_only.py
[2022-04-13 07:31:44,723] {scheduler_job.py:633} INFO - Processing file /home/airflow/sandbox/lib/python3.8/site-packages/airflow/example_dags/example_latest_only.py for tasks to queue
[2022-04-13 07:31:44,725] {logging_mixin.py:104} INFO - [2022-04-13 07:31:44,724] {dagbag.py:487} INFO - Filling up the DagBag from /home/airflow/sandbox/lib/python3.8/site-packages/airflow/example_dags/example_latest_only.py
[2022-04-13 07:31:44,771] {scheduler_job.py:643} INFO - DAG(s) dict_keys(['latest_only']) retrieved from /home/airflow/sandbox/lib/python3.8/site-packages/airflow/example_dags/example_latest_only.py
[2022-04-13 07:31:44,844] {logging_mixin.py:104} INFO - [2022-04-13 07:31:44,844] {dag.py:1832} INFO - Sync 1 DAGs
[2022-04-13 07:31:44,894] {logging_mixin.py:104} INFO - [2022-04-13 07:31:44,894] {dag.py:2305} INFO - Setting next_dagrun for latest_only to 2022-04-11 00:00:00+00:00
[2022-04-13 07:31:44,919] {scheduler_job.py:190} INFO - Processing /home/airflow/sandbox/lib/python3.8/site-packages/airflow/example_dags/example_latest_only.py took 0.210 seconds
[2022-04-13 07:32:15,028] {scheduler_job.py:182} INFO - Started process (PID=13089) to work on /home/airflow/sandbox/lib/python3.8/site-packages/airflow/example_dags/example_latest_only.py
[2022-04-13 07:32:15,033] {scheduler_job.py:633} INFO - Processing file /home/airflow/sandbox/lib/python3.8/site-packages/airflow/example_dags/example_latest_only.py for tasks to queue
[2022-04-13 07:32:15,034] {logging_mixin.py:104} INFO - [2022-04-13 07:32:15,034] {dagbag.py:487} INFO - Filling up the DagBag from /home/airflow/sandbox/lib/python3.8/site-packages/airflow/example_dags/example_latest_only.py
[2022-04-13 07:32:15,064] {scheduler_job.py:643} INFO - DAG(s) dict_keys(['latest_only']) retrieved from /home/airflow/sandbox/lib/python3.8/site-packages/airflow/example_dags/example_latest_only.py
[2022-04-13 07:32:15,154] {logging_mixin.py:104} INFO - [2022-04-13 07:32:15,153] {dag.py:1832} INFO - Sync 1 DAGs
[2022-04-13 07:32:15,181] {logging_mixin.py:104} INFO - [2022-04-13 07:32:15,180] {dag.py:2305} INFO - Setting next_dagrun for latest_only to 2022-04-11 00:00:00+00:00
[2022-04-13 07:32:15,216] {scheduler_job.py:190} INFO - Processing /home/airflow/sandbox/lib/python3.8/site-packages/airflow/example_dags/example_latest_only.py took 0.199 seconds
[2022-04-13 07:32:47,634] {scheduler_job.py:182} INFO - Started process (PID=13335) to work on /home/airflow/sandbox/lib/python3.8/site-packages/airflow/example_dags/example_latest_only.py
[2022-04-13 07:32:47,682] {scheduler_job.py:633} INFO - Processing file /home/airflow/sandbox/lib/python3.8/site-packages/airflow/example_dags/example_latest_only.py for tasks to queue
[2022-04-13 07:32:47,684] {logging_mixin.py:104} INFO - [2022-04-13 07:32:47,684] {dagbag.py:487} INFO - Filling up the DagBag from /home/airflow/sandbox/lib/python3.8/site-packages/airflow/example_dags/example_latest_only.py
[2022-04-13 07:32:47,810] {scheduler_job.py:643} INFO - DAG(s) dict_keys(['latest_only']) retrieved from /home/airflow/sandbox/lib/python3.8/site-packages/airflow/example_dags/example_latest_only.py
[2022-04-13 07:32:48,103] {logging_mixin.py:104} INFO - [2022-04-13 07:32:48,103] {dag.py:1832} INFO - Sync 1 DAGs
[2022-04-13 07:32:48,248] {logging_mixin.py:104} INFO - [2022-04-13 07:32:48,248] {dag.py:2305} INFO - Setting next_dagrun for latest_only to 2022-04-11 00:00:00+00:00
[2022-04-13 07:32:48,556] {scheduler_job.py:190} INFO - Processing /home/airflow/sandbox/lib/python3.8/site-packages/airflow/example_dags/example_latest_only.py took 0.931 seconds
