[2022-04-13 07:09:05,475] {scheduler_job.py:182} INFO - Started process (PID=2308) to work on /home/airflow/sandbox/lib/python3.8/site-packages/airflow/example_dags/example_latest_only_with_trigger.py
[2022-04-13 07:09:05,511] {scheduler_job.py:633} INFO - Processing file /home/airflow/sandbox/lib/python3.8/site-packages/airflow/example_dags/example_latest_only_with_trigger.py for tasks to queue
[2022-04-13 07:09:05,512] {logging_mixin.py:104} INFO - [2022-04-13 07:09:05,512] {dagbag.py:487} INFO - Filling up the DagBag from /home/airflow/sandbox/lib/python3.8/site-packages/airflow/example_dags/example_latest_only_with_trigger.py
[2022-04-13 07:09:05,598] {scheduler_job.py:643} INFO - DAG(s) dict_keys(['latest_only_with_trigger']) retrieved from /home/airflow/sandbox/lib/python3.8/site-packages/airflow/example_dags/example_latest_only_with_trigger.py
[2022-04-13 07:09:09,029] {logging_mixin.py:104} INFO - [2022-04-13 07:09:09,029] {dag.py:1832} INFO - Sync 1 DAGs
[2022-04-13 07:09:09,242] {logging_mixin.py:104} INFO - [2022-04-13 07:09:09,242] {dag.py:2305} INFO - Setting next_dagrun for latest_only_with_trigger to 2022-04-11 00:00:00+00:00
[2022-04-13 07:09:09,430] {scheduler_job.py:190} INFO - Processing /home/airflow/sandbox/lib/python3.8/site-packages/airflow/example_dags/example_latest_only_with_trigger.py took 3.964 seconds
[2022-04-13 07:09:40,135] {scheduler_job.py:182} INFO - Started process (PID=3324) to work on /home/airflow/sandbox/lib/python3.8/site-packages/airflow/example_dags/example_latest_only_with_trigger.py
[2022-04-13 07:09:40,138] {scheduler_job.py:633} INFO - Processing file /home/airflow/sandbox/lib/python3.8/site-packages/airflow/example_dags/example_latest_only_with_trigger.py for tasks to queue
[2022-04-13 07:09:40,139] {logging_mixin.py:104} INFO - [2022-04-13 07:09:40,139] {dagbag.py:487} INFO - Filling up the DagBag from /home/airflow/sandbox/lib/python3.8/site-packages/airflow/example_dags/example_latest_only_with_trigger.py
[2022-04-13 07:09:40,273] {scheduler_job.py:643} INFO - DAG(s) dict_keys(['latest_only_with_trigger']) retrieved from /home/airflow/sandbox/lib/python3.8/site-packages/airflow/example_dags/example_latest_only_with_trigger.py
[2022-04-13 07:09:40,453] {logging_mixin.py:104} INFO - [2022-04-13 07:09:40,453] {dag.py:1832} INFO - Sync 1 DAGs
[2022-04-13 07:09:40,519] {logging_mixin.py:104} INFO - [2022-04-13 07:09:40,519] {dag.py:2305} INFO - Setting next_dagrun for latest_only_with_trigger to 2022-04-11 00:00:00+00:00
[2022-04-13 07:09:40,677] {scheduler_job.py:190} INFO - Processing /home/airflow/sandbox/lib/python3.8/site-packages/airflow/example_dags/example_latest_only_with_trigger.py took 0.596 seconds
[2022-04-13 07:14:26,702] {scheduler_job.py:182} INFO - Started process (PID=4926) to work on /home/airflow/sandbox/lib/python3.8/site-packages/airflow/example_dags/example_latest_only_with_trigger.py
[2022-04-13 07:14:26,721] {scheduler_job.py:633} INFO - Processing file /home/airflow/sandbox/lib/python3.8/site-packages/airflow/example_dags/example_latest_only_with_trigger.py for tasks to queue
[2022-04-13 07:14:26,729] {logging_mixin.py:104} INFO - [2022-04-13 07:14:26,729] {dagbag.py:487} INFO - Filling up the DagBag from /home/airflow/sandbox/lib/python3.8/site-packages/airflow/example_dags/example_latest_only_with_trigger.py
[2022-04-13 07:14:26,842] {scheduler_job.py:643} INFO - DAG(s) dict_keys(['latest_only_with_trigger']) retrieved from /home/airflow/sandbox/lib/python3.8/site-packages/airflow/example_dags/example_latest_only_with_trigger.py
[2022-04-13 07:14:27,285] {logging_mixin.py:104} INFO - [2022-04-13 07:14:27,284] {dag.py:1832} INFO - Sync 1 DAGs
[2022-04-13 07:14:27,654] {logging_mixin.py:104} INFO - [2022-04-13 07:14:27,654] {dag.py:2305} INFO - Setting next_dagrun for latest_only_with_trigger to 2022-04-11 00:00:00+00:00
[2022-04-13 07:14:27,944] {scheduler_job.py:190} INFO - Processing /home/airflow/sandbox/lib/python3.8/site-packages/airflow/example_dags/example_latest_only_with_trigger.py took 1.255 seconds
[2022-04-13 07:14:58,910] {scheduler_job.py:182} INFO - Started process (PID=5307) to work on /home/airflow/sandbox/lib/python3.8/site-packages/airflow/example_dags/example_latest_only_with_trigger.py
[2022-04-13 07:14:58,913] {scheduler_job.py:633} INFO - Processing file /home/airflow/sandbox/lib/python3.8/site-packages/airflow/example_dags/example_latest_only_with_trigger.py for tasks to queue
[2022-04-13 07:14:58,914] {logging_mixin.py:104} INFO - [2022-04-13 07:14:58,914] {dagbag.py:487} INFO - Filling up the DagBag from /home/airflow/sandbox/lib/python3.8/site-packages/airflow/example_dags/example_latest_only_with_trigger.py
[2022-04-13 07:14:59,025] {scheduler_job.py:643} INFO - DAG(s) dict_keys(['latest_only_with_trigger']) retrieved from /home/airflow/sandbox/lib/python3.8/site-packages/airflow/example_dags/example_latest_only_with_trigger.py
[2022-04-13 07:14:59,325] {logging_mixin.py:104} INFO - [2022-04-13 07:14:59,324] {dag.py:1832} INFO - Sync 1 DAGs
[2022-04-13 07:14:59,452] {logging_mixin.py:104} INFO - [2022-04-13 07:14:59,451] {dag.py:2305} INFO - Setting next_dagrun for latest_only_with_trigger to 2022-04-11 00:00:00+00:00
[2022-04-13 07:14:59,595] {scheduler_job.py:190} INFO - Processing /home/airflow/sandbox/lib/python3.8/site-packages/airflow/example_dags/example_latest_only_with_trigger.py took 0.741 seconds
[2022-04-13 07:15:32,632] {scheduler_job.py:182} INFO - Started process (PID=5711) to work on /home/airflow/sandbox/lib/python3.8/site-packages/airflow/example_dags/example_latest_only_with_trigger.py
[2022-04-13 07:15:32,645] {scheduler_job.py:633} INFO - Processing file /home/airflow/sandbox/lib/python3.8/site-packages/airflow/example_dags/example_latest_only_with_trigger.py for tasks to queue
[2022-04-13 07:15:32,657] {logging_mixin.py:104} INFO - [2022-04-13 07:15:32,656] {dagbag.py:487} INFO - Filling up the DagBag from /home/airflow/sandbox/lib/python3.8/site-packages/airflow/example_dags/example_latest_only_with_trigger.py
[2022-04-13 07:15:32,748] {scheduler_job.py:643} INFO - DAG(s) dict_keys(['latest_only_with_trigger']) retrieved from /home/airflow/sandbox/lib/python3.8/site-packages/airflow/example_dags/example_latest_only_with_trigger.py
[2022-04-13 07:15:32,975] {logging_mixin.py:104} INFO - [2022-04-13 07:15:32,974] {dag.py:1832} INFO - Sync 1 DAGs
[2022-04-13 07:15:33,040] {logging_mixin.py:104} INFO - [2022-04-13 07:15:33,040] {dag.py:2305} INFO - Setting next_dagrun for latest_only_with_trigger to 2022-04-11 00:00:00+00:00
[2022-04-13 07:15:33,324] {scheduler_job.py:190} INFO - Processing /home/airflow/sandbox/lib/python3.8/site-packages/airflow/example_dags/example_latest_only_with_trigger.py took 0.723 seconds
[2022-04-13 07:16:09,453] {scheduler_job.py:182} INFO - Started process (PID=5943) to work on /home/airflow/sandbox/lib/python3.8/site-packages/airflow/example_dags/example_latest_only_with_trigger.py
[2022-04-13 07:16:09,455] {scheduler_job.py:633} INFO - Processing file /home/airflow/sandbox/lib/python3.8/site-packages/airflow/example_dags/example_latest_only_with_trigger.py for tasks to queue
[2022-04-13 07:16:09,457] {logging_mixin.py:104} INFO - [2022-04-13 07:16:09,456] {dagbag.py:487} INFO - Filling up the DagBag from /home/airflow/sandbox/lib/python3.8/site-packages/airflow/example_dags/example_latest_only_with_trigger.py
[2022-04-13 07:16:09,484] {scheduler_job.py:643} INFO - DAG(s) dict_keys(['latest_only_with_trigger']) retrieved from /home/airflow/sandbox/lib/python3.8/site-packages/airflow/example_dags/example_latest_only_with_trigger.py
[2022-04-13 07:16:09,547] {logging_mixin.py:104} INFO - [2022-04-13 07:16:09,546] {dag.py:1832} INFO - Sync 1 DAGs
[2022-04-13 07:16:09,684] {logging_mixin.py:104} INFO - [2022-04-13 07:16:09,684] {dag.py:2305} INFO - Setting next_dagrun for latest_only_with_trigger to 2022-04-11 00:00:00+00:00
[2022-04-13 07:16:09,770] {scheduler_job.py:190} INFO - Processing /home/airflow/sandbox/lib/python3.8/site-packages/airflow/example_dags/example_latest_only_with_trigger.py took 0.327 seconds
[2022-04-13 07:16:40,760] {scheduler_job.py:182} INFO - Started process (PID=6174) to work on /home/airflow/sandbox/lib/python3.8/site-packages/airflow/example_dags/example_latest_only_with_trigger.py
[2022-04-13 07:16:40,765] {scheduler_job.py:633} INFO - Processing file /home/airflow/sandbox/lib/python3.8/site-packages/airflow/example_dags/example_latest_only_with_trigger.py for tasks to queue
[2022-04-13 07:16:40,775] {logging_mixin.py:104} INFO - [2022-04-13 07:16:40,774] {dagbag.py:487} INFO - Filling up the DagBag from /home/airflow/sandbox/lib/python3.8/site-packages/airflow/example_dags/example_latest_only_with_trigger.py
[2022-04-13 07:16:40,825] {scheduler_job.py:643} INFO - DAG(s) dict_keys(['latest_only_with_trigger']) retrieved from /home/airflow/sandbox/lib/python3.8/site-packages/airflow/example_dags/example_latest_only_with_trigger.py
[2022-04-13 07:16:40,989] {logging_mixin.py:104} INFO - [2022-04-13 07:16:40,989] {dag.py:1832} INFO - Sync 1 DAGs
[2022-04-13 07:16:41,055] {logging_mixin.py:104} INFO - [2022-04-13 07:16:41,055] {dag.py:2305} INFO - Setting next_dagrun for latest_only_with_trigger to 2022-04-11 00:00:00+00:00
[2022-04-13 07:16:41,273] {scheduler_job.py:190} INFO - Processing /home/airflow/sandbox/lib/python3.8/site-packages/airflow/example_dags/example_latest_only_with_trigger.py took 0.533 seconds
[2022-04-13 07:17:11,401] {scheduler_job.py:182} INFO - Started process (PID=6369) to work on /home/airflow/sandbox/lib/python3.8/site-packages/airflow/example_dags/example_latest_only_with_trigger.py
[2022-04-13 07:17:11,422] {scheduler_job.py:633} INFO - Processing file /home/airflow/sandbox/lib/python3.8/site-packages/airflow/example_dags/example_latest_only_with_trigger.py for tasks to queue
[2022-04-13 07:17:11,424] {logging_mixin.py:104} INFO - [2022-04-13 07:17:11,424] {dagbag.py:487} INFO - Filling up the DagBag from /home/airflow/sandbox/lib/python3.8/site-packages/airflow/example_dags/example_latest_only_with_trigger.py
[2022-04-13 07:17:11,501] {scheduler_job.py:643} INFO - DAG(s) dict_keys(['latest_only_with_trigger']) retrieved from /home/airflow/sandbox/lib/python3.8/site-packages/airflow/example_dags/example_latest_only_with_trigger.py
[2022-04-13 07:17:11,761] {logging_mixin.py:104} INFO - [2022-04-13 07:17:11,760] {dag.py:1832} INFO - Sync 1 DAGs
[2022-04-13 07:17:11,805] {logging_mixin.py:104} INFO - [2022-04-13 07:17:11,805] {dag.py:2305} INFO - Setting next_dagrun for latest_only_with_trigger to 2022-04-11 00:00:00+00:00
[2022-04-13 07:17:11,881] {scheduler_job.py:190} INFO - Processing /home/airflow/sandbox/lib/python3.8/site-packages/airflow/example_dags/example_latest_only_with_trigger.py took 0.498 seconds
[2022-04-13 07:17:42,790] {scheduler_job.py:182} INFO - Started process (PID=6571) to work on /home/airflow/sandbox/lib/python3.8/site-packages/airflow/example_dags/example_latest_only_with_trigger.py
[2022-04-13 07:17:42,829] {scheduler_job.py:633} INFO - Processing file /home/airflow/sandbox/lib/python3.8/site-packages/airflow/example_dags/example_latest_only_with_trigger.py for tasks to queue
[2022-04-13 07:17:42,830] {logging_mixin.py:104} INFO - [2022-04-13 07:17:42,830] {dagbag.py:487} INFO - Filling up the DagBag from /home/airflow/sandbox/lib/python3.8/site-packages/airflow/example_dags/example_latest_only_with_trigger.py
[2022-04-13 07:17:42,857] {scheduler_job.py:643} INFO - DAG(s) dict_keys(['latest_only_with_trigger']) retrieved from /home/airflow/sandbox/lib/python3.8/site-packages/airflow/example_dags/example_latest_only_with_trigger.py
[2022-04-13 07:17:42,933] {logging_mixin.py:104} INFO - [2022-04-13 07:17:42,932] {dag.py:1832} INFO - Sync 1 DAGs
[2022-04-13 07:17:42,976] {logging_mixin.py:104} INFO - [2022-04-13 07:17:42,976] {dag.py:2305} INFO - Setting next_dagrun for latest_only_with_trigger to 2022-04-11 00:00:00+00:00
[2022-04-13 07:17:43,012] {scheduler_job.py:190} INFO - Processing /home/airflow/sandbox/lib/python3.8/site-packages/airflow/example_dags/example_latest_only_with_trigger.py took 0.230 seconds
[2022-04-13 07:18:13,709] {scheduler_job.py:182} INFO - Started process (PID=6770) to work on /home/airflow/sandbox/lib/python3.8/site-packages/airflow/example_dags/example_latest_only_with_trigger.py
[2022-04-13 07:18:13,725] {scheduler_job.py:633} INFO - Processing file /home/airflow/sandbox/lib/python3.8/site-packages/airflow/example_dags/example_latest_only_with_trigger.py for tasks to queue
[2022-04-13 07:18:13,727] {logging_mixin.py:104} INFO - [2022-04-13 07:18:13,727] {dagbag.py:487} INFO - Filling up the DagBag from /home/airflow/sandbox/lib/python3.8/site-packages/airflow/example_dags/example_latest_only_with_trigger.py
[2022-04-13 07:18:13,788] {scheduler_job.py:643} INFO - DAG(s) dict_keys(['latest_only_with_trigger']) retrieved from /home/airflow/sandbox/lib/python3.8/site-packages/airflow/example_dags/example_latest_only_with_trigger.py
[2022-04-13 07:18:13,954] {logging_mixin.py:104} INFO - [2022-04-13 07:18:13,954] {dag.py:1832} INFO - Sync 1 DAGs
[2022-04-13 07:18:14,033] {logging_mixin.py:104} INFO - [2022-04-13 07:18:14,033] {dag.py:2305} INFO - Setting next_dagrun for latest_only_with_trigger to 2022-04-11 00:00:00+00:00
[2022-04-13 07:18:14,227] {scheduler_job.py:190} INFO - Processing /home/airflow/sandbox/lib/python3.8/site-packages/airflow/example_dags/example_latest_only_with_trigger.py took 0.527 seconds
[2022-04-13 07:18:44,529] {scheduler_job.py:182} INFO - Started process (PID=6963) to work on /home/airflow/sandbox/lib/python3.8/site-packages/airflow/example_dags/example_latest_only_with_trigger.py
[2022-04-13 07:18:44,532] {scheduler_job.py:633} INFO - Processing file /home/airflow/sandbox/lib/python3.8/site-packages/airflow/example_dags/example_latest_only_with_trigger.py for tasks to queue
[2022-04-13 07:18:44,534] {logging_mixin.py:104} INFO - [2022-04-13 07:18:44,533] {dagbag.py:487} INFO - Filling up the DagBag from /home/airflow/sandbox/lib/python3.8/site-packages/airflow/example_dags/example_latest_only_with_trigger.py
[2022-04-13 07:18:44,567] {scheduler_job.py:643} INFO - DAG(s) dict_keys(['latest_only_with_trigger']) retrieved from /home/airflow/sandbox/lib/python3.8/site-packages/airflow/example_dags/example_latest_only_with_trigger.py
[2022-04-13 07:18:44,632] {logging_mixin.py:104} INFO - [2022-04-13 07:18:44,631] {dag.py:1832} INFO - Sync 1 DAGs
[2022-04-13 07:18:44,753] {logging_mixin.py:104} INFO - [2022-04-13 07:18:44,753] {dag.py:2305} INFO - Setting next_dagrun for latest_only_with_trigger to 2022-04-11 00:00:00+00:00
[2022-04-13 07:18:44,796] {scheduler_job.py:190} INFO - Processing /home/airflow/sandbox/lib/python3.8/site-packages/airflow/example_dags/example_latest_only_with_trigger.py took 0.278 seconds
[2022-04-13 07:19:14,958] {scheduler_job.py:182} INFO - Started process (PID=7164) to work on /home/airflow/sandbox/lib/python3.8/site-packages/airflow/example_dags/example_latest_only_with_trigger.py
[2022-04-13 07:19:14,960] {scheduler_job.py:633} INFO - Processing file /home/airflow/sandbox/lib/python3.8/site-packages/airflow/example_dags/example_latest_only_with_trigger.py for tasks to queue
[2022-04-13 07:19:14,962] {logging_mixin.py:104} INFO - [2022-04-13 07:19:14,962] {dagbag.py:487} INFO - Filling up the DagBag from /home/airflow/sandbox/lib/python3.8/site-packages/airflow/example_dags/example_latest_only_with_trigger.py
[2022-04-13 07:19:14,995] {scheduler_job.py:643} INFO - DAG(s) dict_keys(['latest_only_with_trigger']) retrieved from /home/airflow/sandbox/lib/python3.8/site-packages/airflow/example_dags/example_latest_only_with_trigger.py
[2022-04-13 07:19:15,066] {logging_mixin.py:104} INFO - [2022-04-13 07:19:15,066] {dag.py:1832} INFO - Sync 1 DAGs
[2022-04-13 07:19:15,101] {logging_mixin.py:104} INFO - [2022-04-13 07:19:15,101] {dag.py:2305} INFO - Setting next_dagrun for latest_only_with_trigger to 2022-04-11 00:00:00+00:00
[2022-04-13 07:19:15,132] {scheduler_job.py:190} INFO - Processing /home/airflow/sandbox/lib/python3.8/site-packages/airflow/example_dags/example_latest_only_with_trigger.py took 0.184 seconds
[2022-04-13 07:19:45,314] {scheduler_job.py:182} INFO - Started process (PID=7607) to work on /home/airflow/sandbox/lib/python3.8/site-packages/airflow/example_dags/example_latest_only_with_trigger.py
[2022-04-13 07:19:45,316] {scheduler_job.py:633} INFO - Processing file /home/airflow/sandbox/lib/python3.8/site-packages/airflow/example_dags/example_latest_only_with_trigger.py for tasks to queue
[2022-04-13 07:19:45,318] {logging_mixin.py:104} INFO - [2022-04-13 07:19:45,318] {dagbag.py:487} INFO - Filling up the DagBag from /home/airflow/sandbox/lib/python3.8/site-packages/airflow/example_dags/example_latest_only_with_trigger.py
[2022-04-13 07:19:45,348] {scheduler_job.py:643} INFO - DAG(s) dict_keys(['latest_only_with_trigger']) retrieved from /home/airflow/sandbox/lib/python3.8/site-packages/airflow/example_dags/example_latest_only_with_trigger.py
[2022-04-13 07:19:45,413] {logging_mixin.py:104} INFO - [2022-04-13 07:19:45,413] {dag.py:1832} INFO - Sync 1 DAGs
[2022-04-13 07:19:45,499] {logging_mixin.py:104} INFO - [2022-04-13 07:19:45,498] {dag.py:2305} INFO - Setting next_dagrun for latest_only_with_trigger to 2022-04-11 00:00:00+00:00
[2022-04-13 07:19:45,585] {scheduler_job.py:190} INFO - Processing /home/airflow/sandbox/lib/python3.8/site-packages/airflow/example_dags/example_latest_only_with_trigger.py took 0.284 seconds
[2022-04-13 07:20:15,701] {scheduler_job.py:182} INFO - Started process (PID=7810) to work on /home/airflow/sandbox/lib/python3.8/site-packages/airflow/example_dags/example_latest_only_with_trigger.py
[2022-04-13 07:20:15,705] {scheduler_job.py:633} INFO - Processing file /home/airflow/sandbox/lib/python3.8/site-packages/airflow/example_dags/example_latest_only_with_trigger.py for tasks to queue
[2022-04-13 07:20:15,713] {logging_mixin.py:104} INFO - [2022-04-13 07:20:15,711] {dagbag.py:487} INFO - Filling up the DagBag from /home/airflow/sandbox/lib/python3.8/site-packages/airflow/example_dags/example_latest_only_with_trigger.py
[2022-04-13 07:20:15,748] {scheduler_job.py:643} INFO - DAG(s) dict_keys(['latest_only_with_trigger']) retrieved from /home/airflow/sandbox/lib/python3.8/site-packages/airflow/example_dags/example_latest_only_with_trigger.py
[2022-04-13 07:20:15,869] {logging_mixin.py:104} INFO - [2022-04-13 07:20:15,869] {dag.py:1832} INFO - Sync 1 DAGs
[2022-04-13 07:20:15,916] {logging_mixin.py:104} INFO - [2022-04-13 07:20:15,916] {dag.py:2305} INFO - Setting next_dagrun for latest_only_with_trigger to 2022-04-11 00:00:00+00:00
[2022-04-13 07:20:15,956] {scheduler_job.py:190} INFO - Processing /home/airflow/sandbox/lib/python3.8/site-packages/airflow/example_dags/example_latest_only_with_trigger.py took 0.294 seconds
[2022-04-13 07:20:46,117] {scheduler_job.py:182} INFO - Started process (PID=8004) to work on /home/airflow/sandbox/lib/python3.8/site-packages/airflow/example_dags/example_latest_only_with_trigger.py
[2022-04-13 07:20:46,149] {scheduler_job.py:633} INFO - Processing file /home/airflow/sandbox/lib/python3.8/site-packages/airflow/example_dags/example_latest_only_with_trigger.py for tasks to queue
[2022-04-13 07:20:46,150] {logging_mixin.py:104} INFO - [2022-04-13 07:20:46,150] {dagbag.py:487} INFO - Filling up the DagBag from /home/airflow/sandbox/lib/python3.8/site-packages/airflow/example_dags/example_latest_only_with_trigger.py
[2022-04-13 07:20:46,190] {scheduler_job.py:643} INFO - DAG(s) dict_keys(['latest_only_with_trigger']) retrieved from /home/airflow/sandbox/lib/python3.8/site-packages/airflow/example_dags/example_latest_only_with_trigger.py
[2022-04-13 07:20:46,306] {logging_mixin.py:104} INFO - [2022-04-13 07:20:46,306] {dag.py:1832} INFO - Sync 1 DAGs
[2022-04-13 07:20:46,392] {logging_mixin.py:104} INFO - [2022-04-13 07:20:46,392] {dag.py:2305} INFO - Setting next_dagrun for latest_only_with_trigger to 2022-04-11 00:00:00+00:00
[2022-04-13 07:20:46,508] {scheduler_job.py:190} INFO - Processing /home/airflow/sandbox/lib/python3.8/site-packages/airflow/example_dags/example_latest_only_with_trigger.py took 0.409 seconds
[2022-04-13 07:21:17,037] {scheduler_job.py:182} INFO - Started process (PID=8204) to work on /home/airflow/sandbox/lib/python3.8/site-packages/airflow/example_dags/example_latest_only_with_trigger.py
[2022-04-13 07:21:17,050] {scheduler_job.py:633} INFO - Processing file /home/airflow/sandbox/lib/python3.8/site-packages/airflow/example_dags/example_latest_only_with_trigger.py for tasks to queue
[2022-04-13 07:21:17,076] {logging_mixin.py:104} INFO - [2022-04-13 07:21:17,075] {dagbag.py:487} INFO - Filling up the DagBag from /home/airflow/sandbox/lib/python3.8/site-packages/airflow/example_dags/example_latest_only_with_trigger.py
[2022-04-13 07:21:17,128] {scheduler_job.py:643} INFO - DAG(s) dict_keys(['latest_only_with_trigger']) retrieved from /home/airflow/sandbox/lib/python3.8/site-packages/airflow/example_dags/example_latest_only_with_trigger.py
[2022-04-13 07:21:17,278] {logging_mixin.py:104} INFO - [2022-04-13 07:21:17,277] {dag.py:1832} INFO - Sync 1 DAGs
[2022-04-13 07:21:17,349] {logging_mixin.py:104} INFO - [2022-04-13 07:21:17,348] {dag.py:2305} INFO - Setting next_dagrun for latest_only_with_trigger to 2022-04-11 00:00:00+00:00
[2022-04-13 07:21:17,466] {scheduler_job.py:190} INFO - Processing /home/airflow/sandbox/lib/python3.8/site-packages/airflow/example_dags/example_latest_only_with_trigger.py took 0.440 seconds
[2022-04-13 07:21:48,095] {scheduler_job.py:182} INFO - Started process (PID=8403) to work on /home/airflow/sandbox/lib/python3.8/site-packages/airflow/example_dags/example_latest_only_with_trigger.py
[2022-04-13 07:21:48,101] {scheduler_job.py:633} INFO - Processing file /home/airflow/sandbox/lib/python3.8/site-packages/airflow/example_dags/example_latest_only_with_trigger.py for tasks to queue
[2022-04-13 07:21:48,125] {logging_mixin.py:104} INFO - [2022-04-13 07:21:48,125] {dagbag.py:487} INFO - Filling up the DagBag from /home/airflow/sandbox/lib/python3.8/site-packages/airflow/example_dags/example_latest_only_with_trigger.py
[2022-04-13 07:21:48,149] {scheduler_job.py:643} INFO - DAG(s) dict_keys(['latest_only_with_trigger']) retrieved from /home/airflow/sandbox/lib/python3.8/site-packages/airflow/example_dags/example_latest_only_with_trigger.py
[2022-04-13 07:21:48,318] {logging_mixin.py:104} INFO - [2022-04-13 07:21:48,318] {dag.py:1832} INFO - Sync 1 DAGs
[2022-04-13 07:21:48,391] {logging_mixin.py:104} INFO - [2022-04-13 07:21:48,390] {dag.py:2305} INFO - Setting next_dagrun for latest_only_with_trigger to 2022-04-11 00:00:00+00:00
[2022-04-13 07:21:48,458] {scheduler_job.py:190} INFO - Processing /home/airflow/sandbox/lib/python3.8/site-packages/airflow/example_dags/example_latest_only_with_trigger.py took 0.372 seconds
[2022-04-13 07:22:18,726] {scheduler_job.py:182} INFO - Started process (PID=8603) to work on /home/airflow/sandbox/lib/python3.8/site-packages/airflow/example_dags/example_latest_only_with_trigger.py
[2022-04-13 07:22:18,729] {scheduler_job.py:633} INFO - Processing file /home/airflow/sandbox/lib/python3.8/site-packages/airflow/example_dags/example_latest_only_with_trigger.py for tasks to queue
[2022-04-13 07:22:18,731] {logging_mixin.py:104} INFO - [2022-04-13 07:22:18,730] {dagbag.py:487} INFO - Filling up the DagBag from /home/airflow/sandbox/lib/python3.8/site-packages/airflow/example_dags/example_latest_only_with_trigger.py
[2022-04-13 07:22:18,771] {scheduler_job.py:643} INFO - DAG(s) dict_keys(['latest_only_with_trigger']) retrieved from /home/airflow/sandbox/lib/python3.8/site-packages/airflow/example_dags/example_latest_only_with_trigger.py
[2022-04-13 07:22:18,909] {logging_mixin.py:104} INFO - [2022-04-13 07:22:18,909] {dag.py:1832} INFO - Sync 1 DAGs
[2022-04-13 07:22:18,990] {logging_mixin.py:104} INFO - [2022-04-13 07:22:18,990] {dag.py:2305} INFO - Setting next_dagrun for latest_only_with_trigger to 2022-04-11 00:00:00+00:00
[2022-04-13 07:22:19,108] {scheduler_job.py:190} INFO - Processing /home/airflow/sandbox/lib/python3.8/site-packages/airflow/example_dags/example_latest_only_with_trigger.py took 0.419 seconds
[2022-04-13 07:22:49,968] {scheduler_job.py:182} INFO - Started process (PID=8806) to work on /home/airflow/sandbox/lib/python3.8/site-packages/airflow/example_dags/example_latest_only_with_trigger.py
[2022-04-13 07:22:49,979] {scheduler_job.py:633} INFO - Processing file /home/airflow/sandbox/lib/python3.8/site-packages/airflow/example_dags/example_latest_only_with_trigger.py for tasks to queue
[2022-04-13 07:22:49,981] {logging_mixin.py:104} INFO - [2022-04-13 07:22:49,981] {dagbag.py:487} INFO - Filling up the DagBag from /home/airflow/sandbox/lib/python3.8/site-packages/airflow/example_dags/example_latest_only_with_trigger.py
[2022-04-13 07:22:50,008] {scheduler_job.py:643} INFO - DAG(s) dict_keys(['latest_only_with_trigger']) retrieved from /home/airflow/sandbox/lib/python3.8/site-packages/airflow/example_dags/example_latest_only_with_trigger.py
[2022-04-13 07:22:50,128] {logging_mixin.py:104} INFO - [2022-04-13 07:22:50,127] {dag.py:1832} INFO - Sync 1 DAGs
[2022-04-13 07:22:50,164] {logging_mixin.py:104} INFO - [2022-04-13 07:22:50,164] {dag.py:2305} INFO - Setting next_dagrun for latest_only_with_trigger to 2022-04-11 00:00:00+00:00
[2022-04-13 07:22:50,214] {scheduler_job.py:190} INFO - Processing /home/airflow/sandbox/lib/python3.8/site-packages/airflow/example_dags/example_latest_only_with_trigger.py took 0.262 seconds
[2022-04-13 07:23:21,081] {scheduler_job.py:182} INFO - Started process (PID=9004) to work on /home/airflow/sandbox/lib/python3.8/site-packages/airflow/example_dags/example_latest_only_with_trigger.py
[2022-04-13 07:23:21,083] {scheduler_job.py:633} INFO - Processing file /home/airflow/sandbox/lib/python3.8/site-packages/airflow/example_dags/example_latest_only_with_trigger.py for tasks to queue
[2022-04-13 07:23:21,086] {logging_mixin.py:104} INFO - [2022-04-13 07:23:21,085] {dagbag.py:487} INFO - Filling up the DagBag from /home/airflow/sandbox/lib/python3.8/site-packages/airflow/example_dags/example_latest_only_with_trigger.py
[2022-04-13 07:23:21,210] {scheduler_job.py:643} INFO - DAG(s) dict_keys(['latest_only_with_trigger']) retrieved from /home/airflow/sandbox/lib/python3.8/site-packages/airflow/example_dags/example_latest_only_with_trigger.py
[2022-04-13 07:23:21,449] {logging_mixin.py:104} INFO - [2022-04-13 07:23:21,449] {dag.py:1832} INFO - Sync 1 DAGs
[2022-04-13 07:23:21,541] {logging_mixin.py:104} INFO - [2022-04-13 07:23:21,540] {dag.py:2305} INFO - Setting next_dagrun for latest_only_with_trigger to 2022-04-11 00:00:00+00:00
[2022-04-13 07:23:21,606] {scheduler_job.py:190} INFO - Processing /home/airflow/sandbox/lib/python3.8/site-packages/airflow/example_dags/example_latest_only_with_trigger.py took 0.555 seconds
[2022-04-13 07:23:52,375] {scheduler_job.py:182} INFO - Started process (PID=9199) to work on /home/airflow/sandbox/lib/python3.8/site-packages/airflow/example_dags/example_latest_only_with_trigger.py
[2022-04-13 07:23:52,386] {scheduler_job.py:633} INFO - Processing file /home/airflow/sandbox/lib/python3.8/site-packages/airflow/example_dags/example_latest_only_with_trigger.py for tasks to queue
[2022-04-13 07:23:52,388] {logging_mixin.py:104} INFO - [2022-04-13 07:23:52,387] {dagbag.py:487} INFO - Filling up the DagBag from /home/airflow/sandbox/lib/python3.8/site-packages/airflow/example_dags/example_latest_only_with_trigger.py
[2022-04-13 07:23:52,438] {scheduler_job.py:643} INFO - DAG(s) dict_keys(['latest_only_with_trigger']) retrieved from /home/airflow/sandbox/lib/python3.8/site-packages/airflow/example_dags/example_latest_only_with_trigger.py
[2022-04-13 07:23:52,631] {logging_mixin.py:104} INFO - [2022-04-13 07:23:52,630] {dag.py:1832} INFO - Sync 1 DAGs
[2022-04-13 07:23:52,742] {logging_mixin.py:104} INFO - [2022-04-13 07:23:52,742] {dag.py:2305} INFO - Setting next_dagrun for latest_only_with_trigger to 2022-04-11 00:00:00+00:00
[2022-04-13 07:23:53,160] {scheduler_job.py:190} INFO - Processing /home/airflow/sandbox/lib/python3.8/site-packages/airflow/example_dags/example_latest_only_with_trigger.py took 0.793 seconds
[2022-04-13 07:24:25,061] {scheduler_job.py:182} INFO - Started process (PID=9558) to work on /home/airflow/sandbox/lib/python3.8/site-packages/airflow/example_dags/example_latest_only_with_trigger.py
[2022-04-13 07:24:25,066] {scheduler_job.py:633} INFO - Processing file /home/airflow/sandbox/lib/python3.8/site-packages/airflow/example_dags/example_latest_only_with_trigger.py for tasks to queue
[2022-04-13 07:24:25,071] {logging_mixin.py:104} INFO - [2022-04-13 07:24:25,070] {dagbag.py:487} INFO - Filling up the DagBag from /home/airflow/sandbox/lib/python3.8/site-packages/airflow/example_dags/example_latest_only_with_trigger.py
[2022-04-13 07:24:25,127] {scheduler_job.py:643} INFO - DAG(s) dict_keys(['latest_only_with_trigger']) retrieved from /home/airflow/sandbox/lib/python3.8/site-packages/airflow/example_dags/example_latest_only_with_trigger.py
[2022-04-13 07:24:25,204] {logging_mixin.py:104} INFO - [2022-04-13 07:24:25,204] {dag.py:1832} INFO - Sync 1 DAGs
[2022-04-13 07:24:25,650] {logging_mixin.py:104} INFO - [2022-04-13 07:24:25,650] {dag.py:2305} INFO - Setting next_dagrun for latest_only_with_trigger to 2022-04-11 00:00:00+00:00
[2022-04-13 07:24:25,825] {scheduler_job.py:190} INFO - Processing /home/airflow/sandbox/lib/python3.8/site-packages/airflow/example_dags/example_latest_only_with_trigger.py took 0.811 seconds
[2022-04-13 07:24:56,281] {scheduler_job.py:182} INFO - Started process (PID=9839) to work on /home/airflow/sandbox/lib/python3.8/site-packages/airflow/example_dags/example_latest_only_with_trigger.py
[2022-04-13 07:24:56,300] {scheduler_job.py:633} INFO - Processing file /home/airflow/sandbox/lib/python3.8/site-packages/airflow/example_dags/example_latest_only_with_trigger.py for tasks to queue
[2022-04-13 07:24:56,303] {logging_mixin.py:104} INFO - [2022-04-13 07:24:56,302] {dagbag.py:487} INFO - Filling up the DagBag from /home/airflow/sandbox/lib/python3.8/site-packages/airflow/example_dags/example_latest_only_with_trigger.py
[2022-04-13 07:24:56,359] {scheduler_job.py:643} INFO - DAG(s) dict_keys(['latest_only_with_trigger']) retrieved from /home/airflow/sandbox/lib/python3.8/site-packages/airflow/example_dags/example_latest_only_with_trigger.py
[2022-04-13 07:24:56,545] {logging_mixin.py:104} INFO - [2022-04-13 07:24:56,544] {dag.py:1832} INFO - Sync 1 DAGs
[2022-04-13 07:24:56,944] {logging_mixin.py:104} INFO - [2022-04-13 07:24:56,944] {dag.py:2305} INFO - Setting next_dagrun for latest_only_with_trigger to 2022-04-11 00:00:00+00:00
[2022-04-13 07:24:57,155] {scheduler_job.py:190} INFO - Processing /home/airflow/sandbox/lib/python3.8/site-packages/airflow/example_dags/example_latest_only_with_trigger.py took 0.884 seconds
[2022-04-13 07:25:27,643] {scheduler_job.py:182} INFO - Started process (PID=10035) to work on /home/airflow/sandbox/lib/python3.8/site-packages/airflow/example_dags/example_latest_only_with_trigger.py
[2022-04-13 07:25:27,647] {scheduler_job.py:633} INFO - Processing file /home/airflow/sandbox/lib/python3.8/site-packages/airflow/example_dags/example_latest_only_with_trigger.py for tasks to queue
[2022-04-13 07:25:27,664] {logging_mixin.py:104} INFO - [2022-04-13 07:25:27,664] {dagbag.py:487} INFO - Filling up the DagBag from /home/airflow/sandbox/lib/python3.8/site-packages/airflow/example_dags/example_latest_only_with_trigger.py
[2022-04-13 07:25:27,745] {scheduler_job.py:643} INFO - DAG(s) dict_keys(['latest_only_with_trigger']) retrieved from /home/airflow/sandbox/lib/python3.8/site-packages/airflow/example_dags/example_latest_only_with_trigger.py
[2022-04-13 07:25:27,909] {logging_mixin.py:104} INFO - [2022-04-13 07:25:27,909] {dag.py:1832} INFO - Sync 1 DAGs
[2022-04-13 07:25:28,267] {logging_mixin.py:104} INFO - [2022-04-13 07:25:28,266] {dag.py:2305} INFO - Setting next_dagrun for latest_only_with_trigger to 2022-04-11 00:00:00+00:00
[2022-04-13 07:25:28,392] {scheduler_job.py:190} INFO - Processing /home/airflow/sandbox/lib/python3.8/site-packages/airflow/example_dags/example_latest_only_with_trigger.py took 0.758 seconds
[2022-04-13 07:25:59,010] {scheduler_job.py:182} INFO - Started process (PID=10235) to work on /home/airflow/sandbox/lib/python3.8/site-packages/airflow/example_dags/example_latest_only_with_trigger.py
[2022-04-13 07:25:59,029] {scheduler_job.py:633} INFO - Processing file /home/airflow/sandbox/lib/python3.8/site-packages/airflow/example_dags/example_latest_only_with_trigger.py for tasks to queue
[2022-04-13 07:25:59,037] {logging_mixin.py:104} INFO - [2022-04-13 07:25:59,037] {dagbag.py:487} INFO - Filling up the DagBag from /home/airflow/sandbox/lib/python3.8/site-packages/airflow/example_dags/example_latest_only_with_trigger.py
[2022-04-13 07:25:59,074] {scheduler_job.py:643} INFO - DAG(s) dict_keys(['latest_only_with_trigger']) retrieved from /home/airflow/sandbox/lib/python3.8/site-packages/airflow/example_dags/example_latest_only_with_trigger.py
[2022-04-13 07:25:59,239] {logging_mixin.py:104} INFO - [2022-04-13 07:25:59,238] {dag.py:1832} INFO - Sync 1 DAGs
[2022-04-13 07:25:59,662] {logging_mixin.py:104} INFO - [2022-04-13 07:25:59,662] {dag.py:2305} INFO - Setting next_dagrun for latest_only_with_trigger to 2022-04-11 00:00:00+00:00
[2022-04-13 07:25:59,985] {scheduler_job.py:190} INFO - Processing /home/airflow/sandbox/lib/python3.8/site-packages/airflow/example_dags/example_latest_only_with_trigger.py took 0.984 seconds
[2022-04-13 07:26:30,503] {scheduler_job.py:182} INFO - Started process (PID=10432) to work on /home/airflow/sandbox/lib/python3.8/site-packages/airflow/example_dags/example_latest_only_with_trigger.py
[2022-04-13 07:26:30,542] {scheduler_job.py:633} INFO - Processing file /home/airflow/sandbox/lib/python3.8/site-packages/airflow/example_dags/example_latest_only_with_trigger.py for tasks to queue
[2022-04-13 07:26:30,544] {logging_mixin.py:104} INFO - [2022-04-13 07:26:30,544] {dagbag.py:487} INFO - Filling up the DagBag from /home/airflow/sandbox/lib/python3.8/site-packages/airflow/example_dags/example_latest_only_with_trigger.py
[2022-04-13 07:26:30,619] {scheduler_job.py:643} INFO - DAG(s) dict_keys(['latest_only_with_trigger']) retrieved from /home/airflow/sandbox/lib/python3.8/site-packages/airflow/example_dags/example_latest_only_with_trigger.py
[2022-04-13 07:26:30,777] {logging_mixin.py:104} INFO - [2022-04-13 07:26:30,777] {dag.py:1832} INFO - Sync 1 DAGs
[2022-04-13 07:26:31,142] {logging_mixin.py:104} INFO - [2022-04-13 07:26:31,142] {dag.py:2305} INFO - Setting next_dagrun for latest_only_with_trigger to 2022-04-11 00:00:00+00:00
[2022-04-13 07:26:31,300] {scheduler_job.py:190} INFO - Processing /home/airflow/sandbox/lib/python3.8/site-packages/airflow/example_dags/example_latest_only_with_trigger.py took 0.807 seconds
[2022-04-13 07:27:01,362] {scheduler_job.py:182} INFO - Started process (PID=10631) to work on /home/airflow/sandbox/lib/python3.8/site-packages/airflow/example_dags/example_latest_only_with_trigger.py
[2022-04-13 07:27:01,365] {scheduler_job.py:633} INFO - Processing file /home/airflow/sandbox/lib/python3.8/site-packages/airflow/example_dags/example_latest_only_with_trigger.py for tasks to queue
[2022-04-13 07:27:01,367] {logging_mixin.py:104} INFO - [2022-04-13 07:27:01,367] {dagbag.py:487} INFO - Filling up the DagBag from /home/airflow/sandbox/lib/python3.8/site-packages/airflow/example_dags/example_latest_only_with_trigger.py
[2022-04-13 07:27:01,402] {scheduler_job.py:643} INFO - DAG(s) dict_keys(['latest_only_with_trigger']) retrieved from /home/airflow/sandbox/lib/python3.8/site-packages/airflow/example_dags/example_latest_only_with_trigger.py
[2022-04-13 07:27:01,673] {logging_mixin.py:104} INFO - [2022-04-13 07:27:01,673] {dag.py:1832} INFO - Sync 1 DAGs
[2022-04-13 07:27:01,701] {logging_mixin.py:104} INFO - [2022-04-13 07:27:01,701] {dag.py:2305} INFO - Setting next_dagrun for latest_only_with_trigger to 2022-04-11 00:00:00+00:00
[2022-04-13 07:27:01,731] {scheduler_job.py:190} INFO - Processing /home/airflow/sandbox/lib/python3.8/site-packages/airflow/example_dags/example_latest_only_with_trigger.py took 0.378 seconds
[2022-04-13 07:27:31,982] {scheduler_job.py:182} INFO - Started process (PID=10828) to work on /home/airflow/sandbox/lib/python3.8/site-packages/airflow/example_dags/example_latest_only_with_trigger.py
[2022-04-13 07:27:31,986] {scheduler_job.py:633} INFO - Processing file /home/airflow/sandbox/lib/python3.8/site-packages/airflow/example_dags/example_latest_only_with_trigger.py for tasks to queue
[2022-04-13 07:27:31,988] {logging_mixin.py:104} INFO - [2022-04-13 07:27:31,987] {dagbag.py:487} INFO - Filling up the DagBag from /home/airflow/sandbox/lib/python3.8/site-packages/airflow/example_dags/example_latest_only_with_trigger.py
[2022-04-13 07:27:32,047] {scheduler_job.py:643} INFO - DAG(s) dict_keys(['latest_only_with_trigger']) retrieved from /home/airflow/sandbox/lib/python3.8/site-packages/airflow/example_dags/example_latest_only_with_trigger.py
[2022-04-13 07:27:32,437] {logging_mixin.py:104} INFO - [2022-04-13 07:27:32,436] {dag.py:1832} INFO - Sync 1 DAGs
[2022-04-13 07:27:32,505] {logging_mixin.py:104} INFO - [2022-04-13 07:27:32,505] {dag.py:2305} INFO - Setting next_dagrun for latest_only_with_trigger to 2022-04-11 00:00:00+00:00
[2022-04-13 07:27:32,563] {scheduler_job.py:190} INFO - Processing /home/airflow/sandbox/lib/python3.8/site-packages/airflow/example_dags/example_latest_only_with_trigger.py took 0.590 seconds
[2022-04-13 07:28:03,681] {scheduler_job.py:182} INFO - Started process (PID=11027) to work on /home/airflow/sandbox/lib/python3.8/site-packages/airflow/example_dags/example_latest_only_with_trigger.py
[2022-04-13 07:28:03,685] {scheduler_job.py:633} INFO - Processing file /home/airflow/sandbox/lib/python3.8/site-packages/airflow/example_dags/example_latest_only_with_trigger.py for tasks to queue
[2022-04-13 07:28:03,697] {logging_mixin.py:104} INFO - [2022-04-13 07:28:03,696] {dagbag.py:487} INFO - Filling up the DagBag from /home/airflow/sandbox/lib/python3.8/site-packages/airflow/example_dags/example_latest_only_with_trigger.py
[2022-04-13 07:28:03,789] {scheduler_job.py:643} INFO - DAG(s) dict_keys(['latest_only_with_trigger']) retrieved from /home/airflow/sandbox/lib/python3.8/site-packages/airflow/example_dags/example_latest_only_with_trigger.py
[2022-04-13 07:28:04,055] {logging_mixin.py:104} INFO - [2022-04-13 07:28:04,055] {dag.py:1832} INFO - Sync 1 DAGs
[2022-04-13 07:28:04,122] {logging_mixin.py:104} INFO - [2022-04-13 07:28:04,121] {dag.py:2305} INFO - Setting next_dagrun for latest_only_with_trigger to 2022-04-11 00:00:00+00:00
[2022-04-13 07:28:04,316] {scheduler_job.py:190} INFO - Processing /home/airflow/sandbox/lib/python3.8/site-packages/airflow/example_dags/example_latest_only_with_trigger.py took 0.668 seconds
[2022-04-13 07:28:34,781] {scheduler_job.py:182} INFO - Started process (PID=11223) to work on /home/airflow/sandbox/lib/python3.8/site-packages/airflow/example_dags/example_latest_only_with_trigger.py
[2022-04-13 07:28:34,783] {scheduler_job.py:633} INFO - Processing file /home/airflow/sandbox/lib/python3.8/site-packages/airflow/example_dags/example_latest_only_with_trigger.py for tasks to queue
[2022-04-13 07:28:34,785] {logging_mixin.py:104} INFO - [2022-04-13 07:28:34,785] {dagbag.py:487} INFO - Filling up the DagBag from /home/airflow/sandbox/lib/python3.8/site-packages/airflow/example_dags/example_latest_only_with_trigger.py
[2022-04-13 07:28:34,831] {scheduler_job.py:643} INFO - DAG(s) dict_keys(['latest_only_with_trigger']) retrieved from /home/airflow/sandbox/lib/python3.8/site-packages/airflow/example_dags/example_latest_only_with_trigger.py
[2022-04-13 07:28:35,269] {logging_mixin.py:104} INFO - [2022-04-13 07:28:35,269] {dag.py:1832} INFO - Sync 1 DAGs
[2022-04-13 07:28:35,317] {logging_mixin.py:104} INFO - [2022-04-13 07:28:35,317] {dag.py:2305} INFO - Setting next_dagrun for latest_only_with_trigger to 2022-04-11 00:00:00+00:00
[2022-04-13 07:28:35,443] {scheduler_job.py:190} INFO - Processing /home/airflow/sandbox/lib/python3.8/site-packages/airflow/example_dags/example_latest_only_with_trigger.py took 0.699 seconds
[2022-04-13 07:29:06,038] {scheduler_job.py:182} INFO - Started process (PID=11421) to work on /home/airflow/sandbox/lib/python3.8/site-packages/airflow/example_dags/example_latest_only_with_trigger.py
[2022-04-13 07:29:06,042] {scheduler_job.py:633} INFO - Processing file /home/airflow/sandbox/lib/python3.8/site-packages/airflow/example_dags/example_latest_only_with_trigger.py for tasks to queue
[2022-04-13 07:29:06,044] {logging_mixin.py:104} INFO - [2022-04-13 07:29:06,043] {dagbag.py:487} INFO - Filling up the DagBag from /home/airflow/sandbox/lib/python3.8/site-packages/airflow/example_dags/example_latest_only_with_trigger.py
[2022-04-13 07:29:06,121] {scheduler_job.py:643} INFO - DAG(s) dict_keys(['latest_only_with_trigger']) retrieved from /home/airflow/sandbox/lib/python3.8/site-packages/airflow/example_dags/example_latest_only_with_trigger.py
[2022-04-13 07:29:06,549] {logging_mixin.py:104} INFO - [2022-04-13 07:29:06,549] {dag.py:1832} INFO - Sync 1 DAGs
[2022-04-13 07:29:06,626] {logging_mixin.py:104} INFO - [2022-04-13 07:29:06,626] {dag.py:2305} INFO - Setting next_dagrun for latest_only_with_trigger to 2022-04-11 00:00:00+00:00
[2022-04-13 07:29:06,732] {scheduler_job.py:190} INFO - Processing /home/airflow/sandbox/lib/python3.8/site-packages/airflow/example_dags/example_latest_only_with_trigger.py took 0.725 seconds
[2022-04-13 07:29:37,587] {scheduler_job.py:182} INFO - Started process (PID=11854) to work on /home/airflow/sandbox/lib/python3.8/site-packages/airflow/example_dags/example_latest_only_with_trigger.py
[2022-04-13 07:29:37,591] {scheduler_job.py:633} INFO - Processing file /home/airflow/sandbox/lib/python3.8/site-packages/airflow/example_dags/example_latest_only_with_trigger.py for tasks to queue
[2022-04-13 07:29:37,619] {logging_mixin.py:104} INFO - [2022-04-13 07:29:37,619] {dagbag.py:487} INFO - Filling up the DagBag from /home/airflow/sandbox/lib/python3.8/site-packages/airflow/example_dags/example_latest_only_with_trigger.py
[2022-04-13 07:29:37,993] {scheduler_job.py:643} INFO - DAG(s) dict_keys(['latest_only_with_trigger']) retrieved from /home/airflow/sandbox/lib/python3.8/site-packages/airflow/example_dags/example_latest_only_with_trigger.py
[2022-04-13 07:29:38,115] {logging_mixin.py:104} INFO - [2022-04-13 07:29:38,114] {dag.py:1832} INFO - Sync 1 DAGs
[2022-04-13 07:29:38,177] {logging_mixin.py:104} INFO - [2022-04-13 07:29:38,177] {dag.py:2305} INFO - Setting next_dagrun for latest_only_with_trigger to 2022-04-11 00:00:00+00:00
[2022-04-13 07:29:38,263] {scheduler_job.py:190} INFO - Processing /home/airflow/sandbox/lib/python3.8/site-packages/airflow/example_dags/example_latest_only_with_trigger.py took 0.686 seconds
[2022-04-13 07:30:09,531] {scheduler_job.py:182} INFO - Started process (PID=12044) to work on /home/airflow/sandbox/lib/python3.8/site-packages/airflow/example_dags/example_latest_only_with_trigger.py
[2022-04-13 07:30:09,536] {scheduler_job.py:633} INFO - Processing file /home/airflow/sandbox/lib/python3.8/site-packages/airflow/example_dags/example_latest_only_with_trigger.py for tasks to queue
[2022-04-13 07:30:09,541] {logging_mixin.py:104} INFO - [2022-04-13 07:30:09,541] {dagbag.py:487} INFO - Filling up the DagBag from /home/airflow/sandbox/lib/python3.8/site-packages/airflow/example_dags/example_latest_only_with_trigger.py
[2022-04-13 07:30:09,717] {scheduler_job.py:643} INFO - DAG(s) dict_keys(['latest_only_with_trigger']) retrieved from /home/airflow/sandbox/lib/python3.8/site-packages/airflow/example_dags/example_latest_only_with_trigger.py
[2022-04-13 07:30:09,772] {logging_mixin.py:104} INFO - [2022-04-13 07:30:09,772] {dag.py:1832} INFO - Sync 1 DAGs
[2022-04-13 07:30:09,806] {logging_mixin.py:104} INFO - [2022-04-13 07:30:09,806] {dag.py:2305} INFO - Setting next_dagrun for latest_only_with_trigger to 2022-04-11 00:00:00+00:00
[2022-04-13 07:30:10,045] {scheduler_job.py:190} INFO - Processing /home/airflow/sandbox/lib/python3.8/site-packages/airflow/example_dags/example_latest_only_with_trigger.py took 0.524 seconds
[2022-04-13 07:30:42,381] {scheduler_job.py:182} INFO - Started process (PID=12241) to work on /home/airflow/sandbox/lib/python3.8/site-packages/airflow/example_dags/example_latest_only_with_trigger.py
[2022-04-13 07:30:42,400] {scheduler_job.py:633} INFO - Processing file /home/airflow/sandbox/lib/python3.8/site-packages/airflow/example_dags/example_latest_only_with_trigger.py for tasks to queue
[2022-04-13 07:30:42,403] {logging_mixin.py:104} INFO - [2022-04-13 07:30:42,403] {dagbag.py:487} INFO - Filling up the DagBag from /home/airflow/sandbox/lib/python3.8/site-packages/airflow/example_dags/example_latest_only_with_trigger.py
[2022-04-13 07:30:42,839] {scheduler_job.py:643} INFO - DAG(s) dict_keys(['latest_only_with_trigger']) retrieved from /home/airflow/sandbox/lib/python3.8/site-packages/airflow/example_dags/example_latest_only_with_trigger.py
[2022-04-13 07:30:42,954] {logging_mixin.py:104} INFO - [2022-04-13 07:30:42,954] {dag.py:1832} INFO - Sync 1 DAGs
[2022-04-13 07:30:43,016] {logging_mixin.py:104} INFO - [2022-04-13 07:30:43,015] {dag.py:2305} INFO - Setting next_dagrun for latest_only_with_trigger to 2022-04-11 00:00:00+00:00
[2022-04-13 07:30:43,151] {scheduler_job.py:190} INFO - Processing /home/airflow/sandbox/lib/python3.8/site-packages/airflow/example_dags/example_latest_only_with_trigger.py took 0.803 seconds
[2022-04-13 07:31:14,819] {scheduler_job.py:182} INFO - Started process (PID=12485) to work on /home/airflow/sandbox/lib/python3.8/site-packages/airflow/example_dags/example_latest_only_with_trigger.py
[2022-04-13 07:31:15,297] {scheduler_job.py:633} INFO - Processing file /home/airflow/sandbox/lib/python3.8/site-packages/airflow/example_dags/example_latest_only_with_trigger.py for tasks to queue
[2022-04-13 07:31:15,303] {logging_mixin.py:104} INFO - [2022-04-13 07:31:15,301] {dagbag.py:487} INFO - Filling up the DagBag from /home/airflow/sandbox/lib/python3.8/site-packages/airflow/example_dags/example_latest_only_with_trigger.py
[2022-04-13 07:31:15,444] {scheduler_job.py:643} INFO - DAG(s) dict_keys(['latest_only_with_trigger']) retrieved from /home/airflow/sandbox/lib/python3.8/site-packages/airflow/example_dags/example_latest_only_with_trigger.py
[2022-04-13 07:31:15,611] {logging_mixin.py:104} INFO - [2022-04-13 07:31:15,610] {dag.py:1832} INFO - Sync 1 DAGs
[2022-04-13 07:31:15,710] {logging_mixin.py:104} INFO - [2022-04-13 07:31:15,710] {dag.py:2305} INFO - Setting next_dagrun for latest_only_with_trigger to 2022-04-11 00:00:00+00:00
[2022-04-13 07:31:15,895] {scheduler_job.py:190} INFO - Processing /home/airflow/sandbox/lib/python3.8/site-packages/airflow/example_dags/example_latest_only_with_trigger.py took 1.128 seconds
[2022-04-13 07:31:45,978] {scheduler_job.py:182} INFO - Started process (PID=12865) to work on /home/airflow/sandbox/lib/python3.8/site-packages/airflow/example_dags/example_latest_only_with_trigger.py
[2022-04-13 07:31:45,982] {scheduler_job.py:633} INFO - Processing file /home/airflow/sandbox/lib/python3.8/site-packages/airflow/example_dags/example_latest_only_with_trigger.py for tasks to queue
[2022-04-13 07:31:45,984] {logging_mixin.py:104} INFO - [2022-04-13 07:31:45,984] {dagbag.py:487} INFO - Filling up the DagBag from /home/airflow/sandbox/lib/python3.8/site-packages/airflow/example_dags/example_latest_only_with_trigger.py
[2022-04-13 07:31:46,017] {scheduler_job.py:643} INFO - DAG(s) dict_keys(['latest_only_with_trigger']) retrieved from /home/airflow/sandbox/lib/python3.8/site-packages/airflow/example_dags/example_latest_only_with_trigger.py
[2022-04-13 07:31:46,077] {logging_mixin.py:104} INFO - [2022-04-13 07:31:46,077] {dag.py:1832} INFO - Sync 1 DAGs
[2022-04-13 07:31:46,113] {logging_mixin.py:104} INFO - [2022-04-13 07:31:46,113] {dag.py:2305} INFO - Setting next_dagrun for latest_only_with_trigger to 2022-04-11 00:00:00+00:00
[2022-04-13 07:31:46,149] {scheduler_job.py:190} INFO - Processing /home/airflow/sandbox/lib/python3.8/site-packages/airflow/example_dags/example_latest_only_with_trigger.py took 0.181 seconds
[2022-04-13 07:32:16,280] {scheduler_job.py:182} INFO - Started process (PID=13095) to work on /home/airflow/sandbox/lib/python3.8/site-packages/airflow/example_dags/example_latest_only_with_trigger.py
[2022-04-13 07:32:16,284] {scheduler_job.py:633} INFO - Processing file /home/airflow/sandbox/lib/python3.8/site-packages/airflow/example_dags/example_latest_only_with_trigger.py for tasks to queue
[2022-04-13 07:32:16,286] {logging_mixin.py:104} INFO - [2022-04-13 07:32:16,286] {dagbag.py:487} INFO - Filling up the DagBag from /home/airflow/sandbox/lib/python3.8/site-packages/airflow/example_dags/example_latest_only_with_trigger.py
[2022-04-13 07:32:16,312] {scheduler_job.py:643} INFO - DAG(s) dict_keys(['latest_only_with_trigger']) retrieved from /home/airflow/sandbox/lib/python3.8/site-packages/airflow/example_dags/example_latest_only_with_trigger.py
[2022-04-13 07:32:16,382] {logging_mixin.py:104} INFO - [2022-04-13 07:32:16,382] {dag.py:1832} INFO - Sync 1 DAGs
[2022-04-13 07:32:16,415] {logging_mixin.py:104} INFO - [2022-04-13 07:32:16,415] {dag.py:2305} INFO - Setting next_dagrun for latest_only_with_trigger to 2022-04-11 00:00:00+00:00
[2022-04-13 07:32:16,442] {scheduler_job.py:190} INFO - Processing /home/airflow/sandbox/lib/python3.8/site-packages/airflow/example_dags/example_latest_only_with_trigger.py took 0.173 seconds
[2022-04-13 07:32:47,691] {scheduler_job.py:182} INFO - Started process (PID=13336) to work on /home/airflow/sandbox/lib/python3.8/site-packages/airflow/example_dags/example_latest_only_with_trigger.py
[2022-04-13 07:32:47,694] {scheduler_job.py:633} INFO - Processing file /home/airflow/sandbox/lib/python3.8/site-packages/airflow/example_dags/example_latest_only_with_trigger.py for tasks to queue
[2022-04-13 07:32:47,716] {logging_mixin.py:104} INFO - [2022-04-13 07:32:47,716] {dagbag.py:487} INFO - Filling up the DagBag from /home/airflow/sandbox/lib/python3.8/site-packages/airflow/example_dags/example_latest_only_with_trigger.py
[2022-04-13 07:32:47,836] {scheduler_job.py:643} INFO - DAG(s) dict_keys(['latest_only_with_trigger']) retrieved from /home/airflow/sandbox/lib/python3.8/site-packages/airflow/example_dags/example_latest_only_with_trigger.py
[2022-04-13 07:32:48,129] {logging_mixin.py:104} INFO - [2022-04-13 07:32:48,129] {dag.py:1832} INFO - Sync 1 DAGs
[2022-04-13 07:32:48,262] {logging_mixin.py:104} INFO - [2022-04-13 07:32:48,255] {dag.py:2305} INFO - Setting next_dagrun for latest_only_with_trigger to 2022-04-11 00:00:00+00:00
[2022-04-13 07:32:48,533] {scheduler_job.py:190} INFO - Processing /home/airflow/sandbox/lib/python3.8/site-packages/airflow/example_dags/example_latest_only_with_trigger.py took 0.874 seconds
