[2022-04-13 07:09:10,592] {scheduler_job.py:182} INFO - Started process (PID=2485) to work on /home/airflow/sandbox/lib/python3.8/site-packages/airflow/example_dags/example_bash_operator.py
[2022-04-13 07:09:10,610] {scheduler_job.py:633} INFO - Processing file /home/airflow/sandbox/lib/python3.8/site-packages/airflow/example_dags/example_bash_operator.py for tasks to queue
[2022-04-13 07:09:10,611] {logging_mixin.py:104} INFO - [2022-04-13 07:09:10,611] {dagbag.py:487} INFO - Filling up the DagBag from /home/airflow/sandbox/lib/python3.8/site-packages/airflow/example_dags/example_bash_operator.py
[2022-04-13 07:09:10,664] {scheduler_job.py:643} INFO - DAG(s) dict_keys(['example_bash_operator']) retrieved from /home/airflow/sandbox/lib/python3.8/site-packages/airflow/example_dags/example_bash_operator.py
[2022-04-13 07:09:11,838] {logging_mixin.py:104} INFO - [2022-04-13 07:09:11,837] {dag.py:1832} INFO - Sync 1 DAGs
[2022-04-13 07:09:11,885] {logging_mixin.py:104} INFO - [2022-04-13 07:09:11,884] {dag.py:2305} INFO - Setting next_dagrun for example_bash_operator to 2022-04-11 00:00:00+00:00
[2022-04-13 07:09:11,949] {scheduler_job.py:190} INFO - Processing /home/airflow/sandbox/lib/python3.8/site-packages/airflow/example_dags/example_bash_operator.py took 1.364 seconds
[2022-04-13 07:09:42,240] {scheduler_job.py:182} INFO - Started process (PID=3342) to work on /home/airflow/sandbox/lib/python3.8/site-packages/airflow/example_dags/example_bash_operator.py
[2022-04-13 07:09:42,243] {scheduler_job.py:633} INFO - Processing file /home/airflow/sandbox/lib/python3.8/site-packages/airflow/example_dags/example_bash_operator.py for tasks to queue
[2022-04-13 07:09:42,278] {logging_mixin.py:104} INFO - [2022-04-13 07:09:42,244] {dagbag.py:487} INFO - Filling up the DagBag from /home/airflow/sandbox/lib/python3.8/site-packages/airflow/example_dags/example_bash_operator.py
[2022-04-13 07:09:42,627] {scheduler_job.py:643} INFO - DAG(s) dict_keys(['example_bash_operator']) retrieved from /home/airflow/sandbox/lib/python3.8/site-packages/airflow/example_dags/example_bash_operator.py
[2022-04-13 07:09:43,068] {logging_mixin.py:104} INFO - [2022-04-13 07:09:43,068] {dag.py:1832} INFO - Sync 1 DAGs
[2022-04-13 07:09:43,282] {logging_mixin.py:104} INFO - [2022-04-13 07:09:43,281] {dag.py:2305} INFO - Setting next_dagrun for example_bash_operator to 2022-04-11 00:00:00+00:00
[2022-04-13 07:09:43,496] {scheduler_job.py:190} INFO - Processing /home/airflow/sandbox/lib/python3.8/site-packages/airflow/example_dags/example_bash_operator.py took 1.370 seconds
[2022-04-13 07:14:28,617] {scheduler_job.py:182} INFO - Started process (PID=4995) to work on /home/airflow/sandbox/lib/python3.8/site-packages/airflow/example_dags/example_bash_operator.py
[2022-04-13 07:14:28,684] {scheduler_job.py:633} INFO - Processing file /home/airflow/sandbox/lib/python3.8/site-packages/airflow/example_dags/example_bash_operator.py for tasks to queue
[2022-04-13 07:14:28,700] {logging_mixin.py:104} INFO - [2022-04-13 07:14:28,700] {dagbag.py:487} INFO - Filling up the DagBag from /home/airflow/sandbox/lib/python3.8/site-packages/airflow/example_dags/example_bash_operator.py
[2022-04-13 07:14:28,777] {scheduler_job.py:643} INFO - DAG(s) dict_keys(['example_bash_operator']) retrieved from /home/airflow/sandbox/lib/python3.8/site-packages/airflow/example_dags/example_bash_operator.py
[2022-04-13 07:14:28,988] {logging_mixin.py:104} INFO - [2022-04-13 07:14:28,988] {dag.py:1832} INFO - Sync 1 DAGs
[2022-04-13 07:14:29,412] {logging_mixin.py:104} INFO - [2022-04-13 07:14:29,411] {dag.py:2305} INFO - Setting next_dagrun for example_bash_operator to 2022-04-11 00:00:00+00:00
[2022-04-13 07:14:29,631] {scheduler_job.py:190} INFO - Processing /home/airflow/sandbox/lib/python3.8/site-packages/airflow/example_dags/example_bash_operator.py took 1.023 seconds
[2022-04-13 07:14:59,862] {scheduler_job.py:182} INFO - Started process (PID=5320) to work on /home/airflow/sandbox/lib/python3.8/site-packages/airflow/example_dags/example_bash_operator.py
[2022-04-13 07:14:59,865] {scheduler_job.py:633} INFO - Processing file /home/airflow/sandbox/lib/python3.8/site-packages/airflow/example_dags/example_bash_operator.py for tasks to queue
[2022-04-13 07:14:59,868] {logging_mixin.py:104} INFO - [2022-04-13 07:14:59,868] {dagbag.py:487} INFO - Filling up the DagBag from /home/airflow/sandbox/lib/python3.8/site-packages/airflow/example_dags/example_bash_operator.py
[2022-04-13 07:14:59,897] {scheduler_job.py:643} INFO - DAG(s) dict_keys(['example_bash_operator']) retrieved from /home/airflow/sandbox/lib/python3.8/site-packages/airflow/example_dags/example_bash_operator.py
[2022-04-13 07:14:59,953] {logging_mixin.py:104} INFO - [2022-04-13 07:14:59,953] {dag.py:1832} INFO - Sync 1 DAGs
[2022-04-13 07:15:00,077] {logging_mixin.py:104} INFO - [2022-04-13 07:15:00,076] {dag.py:2305} INFO - Setting next_dagrun for example_bash_operator to 2022-04-11 00:00:00+00:00
[2022-04-13 07:15:00,212] {scheduler_job.py:190} INFO - Processing /home/airflow/sandbox/lib/python3.8/site-packages/airflow/example_dags/example_bash_operator.py took 0.358 seconds
[2022-04-13 07:15:33,681] {scheduler_job.py:182} INFO - Started process (PID=5724) to work on /home/airflow/sandbox/lib/python3.8/site-packages/airflow/example_dags/example_bash_operator.py
[2022-04-13 07:15:33,721] {scheduler_job.py:633} INFO - Processing file /home/airflow/sandbox/lib/python3.8/site-packages/airflow/example_dags/example_bash_operator.py for tasks to queue
[2022-04-13 07:15:33,731] {logging_mixin.py:104} INFO - [2022-04-13 07:15:33,731] {dagbag.py:487} INFO - Filling up the DagBag from /home/airflow/sandbox/lib/python3.8/site-packages/airflow/example_dags/example_bash_operator.py
[2022-04-13 07:15:33,828] {scheduler_job.py:643} INFO - DAG(s) dict_keys(['example_bash_operator']) retrieved from /home/airflow/sandbox/lib/python3.8/site-packages/airflow/example_dags/example_bash_operator.py
[2022-04-13 07:15:34,068] {logging_mixin.py:104} INFO - [2022-04-13 07:15:34,067] {dag.py:1832} INFO - Sync 1 DAGs
[2022-04-13 07:15:34,186] {logging_mixin.py:104} INFO - [2022-04-13 07:15:34,186] {dag.py:2305} INFO - Setting next_dagrun for example_bash_operator to 2022-04-11 00:00:00+00:00
[2022-04-13 07:15:34,346] {scheduler_job.py:190} INFO - Processing /home/airflow/sandbox/lib/python3.8/site-packages/airflow/example_dags/example_bash_operator.py took 0.674 seconds
[2022-04-13 07:16:10,057] {scheduler_job.py:182} INFO - Started process (PID=5951) to work on /home/airflow/sandbox/lib/python3.8/site-packages/airflow/example_dags/example_bash_operator.py
[2022-04-13 07:16:10,148] {scheduler_job.py:633} INFO - Processing file /home/airflow/sandbox/lib/python3.8/site-packages/airflow/example_dags/example_bash_operator.py for tasks to queue
[2022-04-13 07:16:10,153] {logging_mixin.py:104} INFO - [2022-04-13 07:16:10,153] {dagbag.py:487} INFO - Filling up the DagBag from /home/airflow/sandbox/lib/python3.8/site-packages/airflow/example_dags/example_bash_operator.py
[2022-04-13 07:16:10,300] {scheduler_job.py:643} INFO - DAG(s) dict_keys(['example_bash_operator']) retrieved from /home/airflow/sandbox/lib/python3.8/site-packages/airflow/example_dags/example_bash_operator.py
[2022-04-13 07:16:10,576] {logging_mixin.py:104} INFO - [2022-04-13 07:16:10,575] {dag.py:1832} INFO - Sync 1 DAGs
[2022-04-13 07:16:10,778] {logging_mixin.py:104} INFO - [2022-04-13 07:16:10,778] {dag.py:2305} INFO - Setting next_dagrun for example_bash_operator to 2022-04-11 00:00:00+00:00
[2022-04-13 07:16:11,119] {scheduler_job.py:190} INFO - Processing /home/airflow/sandbox/lib/python3.8/site-packages/airflow/example_dags/example_bash_operator.py took 1.071 seconds
[2022-04-13 07:16:41,993] {scheduler_job.py:182} INFO - Started process (PID=6186) to work on /home/airflow/sandbox/lib/python3.8/site-packages/airflow/example_dags/example_bash_operator.py
[2022-04-13 07:16:42,030] {scheduler_job.py:633} INFO - Processing file /home/airflow/sandbox/lib/python3.8/site-packages/airflow/example_dags/example_bash_operator.py for tasks to queue
[2022-04-13 07:16:42,035] {logging_mixin.py:104} INFO - [2022-04-13 07:16:42,035] {dagbag.py:487} INFO - Filling up the DagBag from /home/airflow/sandbox/lib/python3.8/site-packages/airflow/example_dags/example_bash_operator.py
[2022-04-13 07:16:42,152] {scheduler_job.py:643} INFO - DAG(s) dict_keys(['example_bash_operator']) retrieved from /home/airflow/sandbox/lib/python3.8/site-packages/airflow/example_dags/example_bash_operator.py
[2022-04-13 07:16:42,317] {logging_mixin.py:104} INFO - [2022-04-13 07:16:42,317] {dag.py:1832} INFO - Sync 1 DAGs
[2022-04-13 07:16:42,466] {logging_mixin.py:104} INFO - [2022-04-13 07:16:42,466] {dag.py:2305} INFO - Setting next_dagrun for example_bash_operator to 2022-04-11 00:00:00+00:00
[2022-04-13 07:16:42,732] {scheduler_job.py:190} INFO - Processing /home/airflow/sandbox/lib/python3.8/site-packages/airflow/example_dags/example_bash_operator.py took 0.748 seconds
[2022-04-13 07:17:12,943] {scheduler_job.py:182} INFO - Started process (PID=6381) to work on /home/airflow/sandbox/lib/python3.8/site-packages/airflow/example_dags/example_bash_operator.py
[2022-04-13 07:17:12,964] {scheduler_job.py:633} INFO - Processing file /home/airflow/sandbox/lib/python3.8/site-packages/airflow/example_dags/example_bash_operator.py for tasks to queue
[2022-04-13 07:17:12,970] {logging_mixin.py:104} INFO - [2022-04-13 07:17:12,969] {dagbag.py:487} INFO - Filling up the DagBag from /home/airflow/sandbox/lib/python3.8/site-packages/airflow/example_dags/example_bash_operator.py
[2022-04-13 07:17:13,038] {scheduler_job.py:643} INFO - DAG(s) dict_keys(['example_bash_operator']) retrieved from /home/airflow/sandbox/lib/python3.8/site-packages/airflow/example_dags/example_bash_operator.py
[2022-04-13 07:17:13,220] {logging_mixin.py:104} INFO - [2022-04-13 07:17:13,219] {dag.py:1832} INFO - Sync 1 DAGs
[2022-04-13 07:17:13,314] {logging_mixin.py:104} INFO - [2022-04-13 07:17:13,314] {dag.py:2305} INFO - Setting next_dagrun for example_bash_operator to 2022-04-11 00:00:00+00:00
[2022-04-13 07:17:13,619] {scheduler_job.py:190} INFO - Processing /home/airflow/sandbox/lib/python3.8/site-packages/airflow/example_dags/example_bash_operator.py took 0.685 seconds
[2022-04-13 07:17:43,965] {scheduler_job.py:182} INFO - Started process (PID=6581) to work on /home/airflow/sandbox/lib/python3.8/site-packages/airflow/example_dags/example_bash_operator.py
[2022-04-13 07:17:43,994] {scheduler_job.py:633} INFO - Processing file /home/airflow/sandbox/lib/python3.8/site-packages/airflow/example_dags/example_bash_operator.py for tasks to queue
[2022-04-13 07:17:43,996] {logging_mixin.py:104} INFO - [2022-04-13 07:17:43,995] {dagbag.py:487} INFO - Filling up the DagBag from /home/airflow/sandbox/lib/python3.8/site-packages/airflow/example_dags/example_bash_operator.py
[2022-04-13 07:17:44,025] {scheduler_job.py:643} INFO - DAG(s) dict_keys(['example_bash_operator']) retrieved from /home/airflow/sandbox/lib/python3.8/site-packages/airflow/example_dags/example_bash_operator.py
[2022-04-13 07:17:44,225] {logging_mixin.py:104} INFO - [2022-04-13 07:17:44,225] {dag.py:1832} INFO - Sync 1 DAGs
[2022-04-13 07:17:44,323] {logging_mixin.py:104} INFO - [2022-04-13 07:17:44,323] {dag.py:2305} INFO - Setting next_dagrun for example_bash_operator to 2022-04-11 00:00:00+00:00
[2022-04-13 07:17:44,370] {scheduler_job.py:190} INFO - Processing /home/airflow/sandbox/lib/python3.8/site-packages/airflow/example_dags/example_bash_operator.py took 0.439 seconds
[2022-04-13 07:18:14,703] {scheduler_job.py:182} INFO - Started process (PID=6779) to work on /home/airflow/sandbox/lib/python3.8/site-packages/airflow/example_dags/example_bash_operator.py
[2022-04-13 07:18:14,720] {scheduler_job.py:633} INFO - Processing file /home/airflow/sandbox/lib/python3.8/site-packages/airflow/example_dags/example_bash_operator.py for tasks to queue
[2022-04-13 07:18:14,725] {logging_mixin.py:104} INFO - [2022-04-13 07:18:14,725] {dagbag.py:487} INFO - Filling up the DagBag from /home/airflow/sandbox/lib/python3.8/site-packages/airflow/example_dags/example_bash_operator.py
[2022-04-13 07:18:14,786] {scheduler_job.py:643} INFO - DAG(s) dict_keys(['example_bash_operator']) retrieved from /home/airflow/sandbox/lib/python3.8/site-packages/airflow/example_dags/example_bash_operator.py
[2022-04-13 07:18:14,972] {logging_mixin.py:104} INFO - [2022-04-13 07:18:14,972] {dag.py:1832} INFO - Sync 1 DAGs
[2022-04-13 07:18:15,064] {logging_mixin.py:104} INFO - [2022-04-13 07:18:15,064] {dag.py:2305} INFO - Setting next_dagrun for example_bash_operator to 2022-04-11 00:00:00+00:00
[2022-04-13 07:18:15,138] {scheduler_job.py:190} INFO - Processing /home/airflow/sandbox/lib/python3.8/site-packages/airflow/example_dags/example_bash_operator.py took 0.444 seconds
[2022-04-13 07:18:46,154] {scheduler_job.py:182} INFO - Started process (PID=6983) to work on /home/airflow/sandbox/lib/python3.8/site-packages/airflow/example_dags/example_bash_operator.py
[2022-04-13 07:18:46,157] {scheduler_job.py:633} INFO - Processing file /home/airflow/sandbox/lib/python3.8/site-packages/airflow/example_dags/example_bash_operator.py for tasks to queue
[2022-04-13 07:18:46,158] {logging_mixin.py:104} INFO - [2022-04-13 07:18:46,158] {dagbag.py:487} INFO - Filling up the DagBag from /home/airflow/sandbox/lib/python3.8/site-packages/airflow/example_dags/example_bash_operator.py
[2022-04-13 07:18:46,190] {scheduler_job.py:643} INFO - DAG(s) dict_keys(['example_bash_operator']) retrieved from /home/airflow/sandbox/lib/python3.8/site-packages/airflow/example_dags/example_bash_operator.py
[2022-04-13 07:18:46,290] {logging_mixin.py:104} INFO - [2022-04-13 07:18:46,290] {dag.py:1832} INFO - Sync 1 DAGs
[2022-04-13 07:18:46,322] {logging_mixin.py:104} INFO - [2022-04-13 07:18:46,322] {dag.py:2305} INFO - Setting next_dagrun for example_bash_operator to 2022-04-11 00:00:00+00:00
[2022-04-13 07:18:46,360] {scheduler_job.py:190} INFO - Processing /home/airflow/sandbox/lib/python3.8/site-packages/airflow/example_dags/example_bash_operator.py took 0.223 seconds
[2022-04-13 07:19:16,770] {scheduler_job.py:182} INFO - Started process (PID=7180) to work on /home/airflow/sandbox/lib/python3.8/site-packages/airflow/example_dags/example_bash_operator.py
[2022-04-13 07:19:16,779] {scheduler_job.py:633} INFO - Processing file /home/airflow/sandbox/lib/python3.8/site-packages/airflow/example_dags/example_bash_operator.py for tasks to queue
[2022-04-13 07:19:16,788] {logging_mixin.py:104} INFO - [2022-04-13 07:19:16,788] {dagbag.py:487} INFO - Filling up the DagBag from /home/airflow/sandbox/lib/python3.8/site-packages/airflow/example_dags/example_bash_operator.py
[2022-04-13 07:19:16,874] {scheduler_job.py:643} INFO - DAG(s) dict_keys(['example_bash_operator']) retrieved from /home/airflow/sandbox/lib/python3.8/site-packages/airflow/example_dags/example_bash_operator.py
[2022-04-13 07:19:17,027] {logging_mixin.py:104} INFO - [2022-04-13 07:19:17,027] {dag.py:1832} INFO - Sync 1 DAGs
[2022-04-13 07:19:17,152] {logging_mixin.py:104} INFO - [2022-04-13 07:19:17,151] {dag.py:2305} INFO - Setting next_dagrun for example_bash_operator to 2022-04-11 00:00:00+00:00
[2022-04-13 07:19:17,308] {scheduler_job.py:190} INFO - Processing /home/airflow/sandbox/lib/python3.8/site-packages/airflow/example_dags/example_bash_operator.py took 0.550 seconds
[2022-04-13 07:19:47,660] {scheduler_job.py:182} INFO - Started process (PID=7620) to work on /home/airflow/sandbox/lib/python3.8/site-packages/airflow/example_dags/example_bash_operator.py
[2022-04-13 07:19:47,663] {scheduler_job.py:633} INFO - Processing file /home/airflow/sandbox/lib/python3.8/site-packages/airflow/example_dags/example_bash_operator.py for tasks to queue
[2022-04-13 07:19:47,678] {logging_mixin.py:104} INFO - [2022-04-13 07:19:47,665] {dagbag.py:487} INFO - Filling up the DagBag from /home/airflow/sandbox/lib/python3.8/site-packages/airflow/example_dags/example_bash_operator.py
[2022-04-13 07:19:47,716] {scheduler_job.py:643} INFO - DAG(s) dict_keys(['example_bash_operator']) retrieved from /home/airflow/sandbox/lib/python3.8/site-packages/airflow/example_dags/example_bash_operator.py
[2022-04-13 07:19:47,783] {logging_mixin.py:104} INFO - [2022-04-13 07:19:47,783] {dag.py:1832} INFO - Sync 1 DAGs
[2022-04-13 07:19:47,846] {logging_mixin.py:104} INFO - [2022-04-13 07:19:47,846] {dag.py:2305} INFO - Setting next_dagrun for example_bash_operator to 2022-04-11 00:00:00+00:00
[2022-04-13 07:19:47,886] {scheduler_job.py:190} INFO - Processing /home/airflow/sandbox/lib/python3.8/site-packages/airflow/example_dags/example_bash_operator.py took 0.238 seconds
[2022-04-13 07:20:17,976] {scheduler_job.py:182} INFO - Started process (PID=7822) to work on /home/airflow/sandbox/lib/python3.8/site-packages/airflow/example_dags/example_bash_operator.py
[2022-04-13 07:20:17,982] {scheduler_job.py:633} INFO - Processing file /home/airflow/sandbox/lib/python3.8/site-packages/airflow/example_dags/example_bash_operator.py for tasks to queue
[2022-04-13 07:20:17,984] {logging_mixin.py:104} INFO - [2022-04-13 07:20:17,984] {dagbag.py:487} INFO - Filling up the DagBag from /home/airflow/sandbox/lib/python3.8/site-packages/airflow/example_dags/example_bash_operator.py
[2022-04-13 07:20:18,020] {scheduler_job.py:643} INFO - DAG(s) dict_keys(['example_bash_operator']) retrieved from /home/airflow/sandbox/lib/python3.8/site-packages/airflow/example_dags/example_bash_operator.py
[2022-04-13 07:20:18,106] {logging_mixin.py:104} INFO - [2022-04-13 07:20:18,105] {dag.py:1832} INFO - Sync 1 DAGs
[2022-04-13 07:20:18,149] {logging_mixin.py:104} INFO - [2022-04-13 07:20:18,149] {dag.py:2305} INFO - Setting next_dagrun for example_bash_operator to 2022-04-11 00:00:00+00:00
[2022-04-13 07:20:18,187] {scheduler_job.py:190} INFO - Processing /home/airflow/sandbox/lib/python3.8/site-packages/airflow/example_dags/example_bash_operator.py took 0.221 seconds
[2022-04-13 07:20:48,563] {scheduler_job.py:182} INFO - Started process (PID=8016) to work on /home/airflow/sandbox/lib/python3.8/site-packages/airflow/example_dags/example_bash_operator.py
[2022-04-13 07:20:48,570] {scheduler_job.py:633} INFO - Processing file /home/airflow/sandbox/lib/python3.8/site-packages/airflow/example_dags/example_bash_operator.py for tasks to queue
[2022-04-13 07:20:48,593] {logging_mixin.py:104} INFO - [2022-04-13 07:20:48,592] {dagbag.py:487} INFO - Filling up the DagBag from /home/airflow/sandbox/lib/python3.8/site-packages/airflow/example_dags/example_bash_operator.py
[2022-04-13 07:20:48,718] {scheduler_job.py:643} INFO - DAG(s) dict_keys(['example_bash_operator']) retrieved from /home/airflow/sandbox/lib/python3.8/site-packages/airflow/example_dags/example_bash_operator.py
[2022-04-13 07:20:48,841] {logging_mixin.py:104} INFO - [2022-04-13 07:20:48,841] {dag.py:1832} INFO - Sync 1 DAGs
[2022-04-13 07:20:48,928] {logging_mixin.py:104} INFO - [2022-04-13 07:20:48,928] {dag.py:2305} INFO - Setting next_dagrun for example_bash_operator to 2022-04-11 00:00:00+00:00
[2022-04-13 07:20:49,002] {scheduler_job.py:190} INFO - Processing /home/airflow/sandbox/lib/python3.8/site-packages/airflow/example_dags/example_bash_operator.py took 0.457 seconds
[2022-04-13 07:21:19,487] {scheduler_job.py:182} INFO - Started process (PID=8216) to work on /home/airflow/sandbox/lib/python3.8/site-packages/airflow/example_dags/example_bash_operator.py
[2022-04-13 07:21:19,505] {scheduler_job.py:633} INFO - Processing file /home/airflow/sandbox/lib/python3.8/site-packages/airflow/example_dags/example_bash_operator.py for tasks to queue
[2022-04-13 07:21:19,507] {logging_mixin.py:104} INFO - [2022-04-13 07:21:19,507] {dagbag.py:487} INFO - Filling up the DagBag from /home/airflow/sandbox/lib/python3.8/site-packages/airflow/example_dags/example_bash_operator.py
[2022-04-13 07:21:19,599] {scheduler_job.py:643} INFO - DAG(s) dict_keys(['example_bash_operator']) retrieved from /home/airflow/sandbox/lib/python3.8/site-packages/airflow/example_dags/example_bash_operator.py
[2022-04-13 07:21:19,817] {logging_mixin.py:104} INFO - [2022-04-13 07:21:19,817] {dag.py:1832} INFO - Sync 1 DAGs
[2022-04-13 07:21:19,934] {logging_mixin.py:104} INFO - [2022-04-13 07:21:19,934] {dag.py:2305} INFO - Setting next_dagrun for example_bash_operator to 2022-04-11 00:00:00+00:00
[2022-04-13 07:21:19,989] {scheduler_job.py:190} INFO - Processing /home/airflow/sandbox/lib/python3.8/site-packages/airflow/example_dags/example_bash_operator.py took 0.510 seconds
[2022-04-13 07:21:50,574] {scheduler_job.py:182} INFO - Started process (PID=8414) to work on /home/airflow/sandbox/lib/python3.8/site-packages/airflow/example_dags/example_bash_operator.py
[2022-04-13 07:21:50,583] {scheduler_job.py:633} INFO - Processing file /home/airflow/sandbox/lib/python3.8/site-packages/airflow/example_dags/example_bash_operator.py for tasks to queue
[2022-04-13 07:21:50,586] {logging_mixin.py:104} INFO - [2022-04-13 07:21:50,586] {dagbag.py:487} INFO - Filling up the DagBag from /home/airflow/sandbox/lib/python3.8/site-packages/airflow/example_dags/example_bash_operator.py
[2022-04-13 07:21:50,648] {scheduler_job.py:643} INFO - DAG(s) dict_keys(['example_bash_operator']) retrieved from /home/airflow/sandbox/lib/python3.8/site-packages/airflow/example_dags/example_bash_operator.py
[2022-04-13 07:21:50,848] {logging_mixin.py:104} INFO - [2022-04-13 07:21:50,848] {dag.py:1832} INFO - Sync 1 DAGs
[2022-04-13 07:21:50,949] {logging_mixin.py:104} INFO - [2022-04-13 07:21:50,948] {dag.py:2305} INFO - Setting next_dagrun for example_bash_operator to 2022-04-11 00:00:00+00:00
[2022-04-13 07:21:51,323] {scheduler_job.py:190} INFO - Processing /home/airflow/sandbox/lib/python3.8/site-packages/airflow/example_dags/example_bash_operator.py took 0.762 seconds
[2022-04-13 07:22:21,598] {scheduler_job.py:182} INFO - Started process (PID=8618) to work on /home/airflow/sandbox/lib/python3.8/site-packages/airflow/example_dags/example_bash_operator.py
[2022-04-13 07:22:21,601] {scheduler_job.py:633} INFO - Processing file /home/airflow/sandbox/lib/python3.8/site-packages/airflow/example_dags/example_bash_operator.py for tasks to queue
[2022-04-13 07:22:21,608] {logging_mixin.py:104} INFO - [2022-04-13 07:22:21,607] {dagbag.py:487} INFO - Filling up the DagBag from /home/airflow/sandbox/lib/python3.8/site-packages/airflow/example_dags/example_bash_operator.py
[2022-04-13 07:22:21,696] {scheduler_job.py:643} INFO - DAG(s) dict_keys(['example_bash_operator']) retrieved from /home/airflow/sandbox/lib/python3.8/site-packages/airflow/example_dags/example_bash_operator.py
[2022-04-13 07:22:21,884] {logging_mixin.py:104} INFO - [2022-04-13 07:22:21,884] {dag.py:1832} INFO - Sync 1 DAGs
[2022-04-13 07:22:21,971] {logging_mixin.py:104} INFO - [2022-04-13 07:22:21,971] {dag.py:2305} INFO - Setting next_dagrun for example_bash_operator to 2022-04-11 00:00:00+00:00
[2022-04-13 07:22:22,341] {scheduler_job.py:190} INFO - Processing /home/airflow/sandbox/lib/python3.8/site-packages/airflow/example_dags/example_bash_operator.py took 0.764 seconds
[2022-04-13 07:22:52,989] {scheduler_job.py:182} INFO - Started process (PID=8818) to work on /home/airflow/sandbox/lib/python3.8/site-packages/airflow/example_dags/example_bash_operator.py
[2022-04-13 07:22:52,992] {scheduler_job.py:633} INFO - Processing file /home/airflow/sandbox/lib/python3.8/site-packages/airflow/example_dags/example_bash_operator.py for tasks to queue
[2022-04-13 07:22:52,998] {logging_mixin.py:104} INFO - [2022-04-13 07:22:52,998] {dagbag.py:487} INFO - Filling up the DagBag from /home/airflow/sandbox/lib/python3.8/site-packages/airflow/example_dags/example_bash_operator.py
[2022-04-13 07:22:53,029] {scheduler_job.py:643} INFO - DAG(s) dict_keys(['example_bash_operator']) retrieved from /home/airflow/sandbox/lib/python3.8/site-packages/airflow/example_dags/example_bash_operator.py
[2022-04-13 07:22:53,238] {logging_mixin.py:104} INFO - [2022-04-13 07:22:53,237] {dag.py:1832} INFO - Sync 1 DAGs
[2022-04-13 07:22:53,315] {logging_mixin.py:104} INFO - [2022-04-13 07:22:53,315] {dag.py:2305} INFO - Setting next_dagrun for example_bash_operator to 2022-04-11 00:00:00+00:00
[2022-04-13 07:22:53,696] {scheduler_job.py:190} INFO - Processing /home/airflow/sandbox/lib/python3.8/site-packages/airflow/example_dags/example_bash_operator.py took 0.733 seconds
[2022-04-13 07:23:24,125] {scheduler_job.py:182} INFO - Started process (PID=9018) to work on /home/airflow/sandbox/lib/python3.8/site-packages/airflow/example_dags/example_bash_operator.py
[2022-04-13 07:23:24,129] {scheduler_job.py:633} INFO - Processing file /home/airflow/sandbox/lib/python3.8/site-packages/airflow/example_dags/example_bash_operator.py for tasks to queue
[2022-04-13 07:23:24,131] {logging_mixin.py:104} INFO - [2022-04-13 07:23:24,130] {dagbag.py:487} INFO - Filling up the DagBag from /home/airflow/sandbox/lib/python3.8/site-packages/airflow/example_dags/example_bash_operator.py
[2022-04-13 07:23:24,199] {scheduler_job.py:643} INFO - DAG(s) dict_keys(['example_bash_operator']) retrieved from /home/airflow/sandbox/lib/python3.8/site-packages/airflow/example_dags/example_bash_operator.py
[2022-04-13 07:23:24,374] {logging_mixin.py:104} INFO - [2022-04-13 07:23:24,373] {dag.py:1832} INFO - Sync 1 DAGs
[2022-04-13 07:23:24,435] {logging_mixin.py:104} INFO - [2022-04-13 07:23:24,435] {dag.py:2305} INFO - Setting next_dagrun for example_bash_operator to 2022-04-11 00:00:00+00:00
[2022-04-13 07:23:24,846] {scheduler_job.py:190} INFO - Processing /home/airflow/sandbox/lib/python3.8/site-packages/airflow/example_dags/example_bash_operator.py took 0.747 seconds
[2022-04-13 07:23:55,329] {scheduler_job.py:182} INFO - Started process (PID=9217) to work on /home/airflow/sandbox/lib/python3.8/site-packages/airflow/example_dags/example_bash_operator.py
[2022-04-13 07:23:55,333] {scheduler_job.py:633} INFO - Processing file /home/airflow/sandbox/lib/python3.8/site-packages/airflow/example_dags/example_bash_operator.py for tasks to queue
[2022-04-13 07:23:55,335] {logging_mixin.py:104} INFO - [2022-04-13 07:23:55,334] {dagbag.py:487} INFO - Filling up the DagBag from /home/airflow/sandbox/lib/python3.8/site-packages/airflow/example_dags/example_bash_operator.py
[2022-04-13 07:23:55,441] {scheduler_job.py:643} INFO - DAG(s) dict_keys(['example_bash_operator']) retrieved from /home/airflow/sandbox/lib/python3.8/site-packages/airflow/example_dags/example_bash_operator.py
[2022-04-13 07:23:55,590] {logging_mixin.py:104} INFO - [2022-04-13 07:23:55,589] {dag.py:1832} INFO - Sync 1 DAGs
[2022-04-13 07:23:55,689] {logging_mixin.py:104} INFO - [2022-04-13 07:23:55,689] {dag.py:2305} INFO - Setting next_dagrun for example_bash_operator to 2022-04-11 00:00:00+00:00
[2022-04-13 07:23:56,067] {scheduler_job.py:190} INFO - Processing /home/airflow/sandbox/lib/python3.8/site-packages/airflow/example_dags/example_bash_operator.py took 0.804 seconds
[2022-04-13 07:24:26,327] {scheduler_job.py:182} INFO - Started process (PID=9583) to work on /home/airflow/sandbox/lib/python3.8/site-packages/airflow/example_dags/example_bash_operator.py
[2022-04-13 07:24:26,329] {scheduler_job.py:633} INFO - Processing file /home/airflow/sandbox/lib/python3.8/site-packages/airflow/example_dags/example_bash_operator.py for tasks to queue
[2022-04-13 07:24:26,335] {logging_mixin.py:104} INFO - [2022-04-13 07:24:26,335] {dagbag.py:487} INFO - Filling up the DagBag from /home/airflow/sandbox/lib/python3.8/site-packages/airflow/example_dags/example_bash_operator.py
[2022-04-13 07:24:26,380] {scheduler_job.py:643} INFO - DAG(s) dict_keys(['example_bash_operator']) retrieved from /home/airflow/sandbox/lib/python3.8/site-packages/airflow/example_dags/example_bash_operator.py
[2022-04-13 07:24:26,554] {logging_mixin.py:104} INFO - [2022-04-13 07:24:26,554] {dag.py:1832} INFO - Sync 1 DAGs
[2022-04-13 07:24:27,059] {logging_mixin.py:104} INFO - [2022-04-13 07:24:27,059] {dag.py:2305} INFO - Setting next_dagrun for example_bash_operator to 2022-04-11 00:00:00+00:00
[2022-04-13 07:24:27,156] {scheduler_job.py:190} INFO - Processing /home/airflow/sandbox/lib/python3.8/site-packages/airflow/example_dags/example_bash_operator.py took 0.841 seconds
[2022-04-13 07:24:57,233] {scheduler_job.py:182} INFO - Started process (PID=9853) to work on /home/airflow/sandbox/lib/python3.8/site-packages/airflow/example_dags/example_bash_operator.py
[2022-04-13 07:24:57,243] {scheduler_job.py:633} INFO - Processing file /home/airflow/sandbox/lib/python3.8/site-packages/airflow/example_dags/example_bash_operator.py for tasks to queue
[2022-04-13 07:24:57,245] {logging_mixin.py:104} INFO - [2022-04-13 07:24:57,245] {dagbag.py:487} INFO - Filling up the DagBag from /home/airflow/sandbox/lib/python3.8/site-packages/airflow/example_dags/example_bash_operator.py
[2022-04-13 07:24:57,280] {scheduler_job.py:643} INFO - DAG(s) dict_keys(['example_bash_operator']) retrieved from /home/airflow/sandbox/lib/python3.8/site-packages/airflow/example_dags/example_bash_operator.py
[2022-04-13 07:24:57,349] {logging_mixin.py:104} INFO - [2022-04-13 07:24:57,348] {dag.py:1832} INFO - Sync 1 DAGs
[2022-04-13 07:24:57,525] {logging_mixin.py:104} INFO - [2022-04-13 07:24:57,525] {dag.py:2305} INFO - Setting next_dagrun for example_bash_operator to 2022-04-11 00:00:00+00:00
[2022-04-13 07:24:57,551] {scheduler_job.py:190} INFO - Processing /home/airflow/sandbox/lib/python3.8/site-packages/airflow/example_dags/example_bash_operator.py took 0.326 seconds
[2022-04-13 07:25:28,816] {scheduler_job.py:182} INFO - Started process (PID=10053) to work on /home/airflow/sandbox/lib/python3.8/site-packages/airflow/example_dags/example_bash_operator.py
[2022-04-13 07:25:28,820] {scheduler_job.py:633} INFO - Processing file /home/airflow/sandbox/lib/python3.8/site-packages/airflow/example_dags/example_bash_operator.py for tasks to queue
[2022-04-13 07:25:28,822] {logging_mixin.py:104} INFO - [2022-04-13 07:25:28,822] {dagbag.py:487} INFO - Filling up the DagBag from /home/airflow/sandbox/lib/python3.8/site-packages/airflow/example_dags/example_bash_operator.py
[2022-04-13 07:25:28,877] {scheduler_job.py:643} INFO - DAG(s) dict_keys(['example_bash_operator']) retrieved from /home/airflow/sandbox/lib/python3.8/site-packages/airflow/example_dags/example_bash_operator.py
[2022-04-13 07:25:29,022] {logging_mixin.py:104} INFO - [2022-04-13 07:25:29,021] {dag.py:1832} INFO - Sync 1 DAGs
[2022-04-13 07:25:29,309] {logging_mixin.py:104} INFO - [2022-04-13 07:25:29,309] {dag.py:2305} INFO - Setting next_dagrun for example_bash_operator to 2022-04-11 00:00:00+00:00
[2022-04-13 07:25:29,335] {scheduler_job.py:190} INFO - Processing /home/airflow/sandbox/lib/python3.8/site-packages/airflow/example_dags/example_bash_operator.py took 0.566 seconds
[2022-04-13 07:26:00,347] {scheduler_job.py:182} INFO - Started process (PID=10248) to work on /home/airflow/sandbox/lib/python3.8/site-packages/airflow/example_dags/example_bash_operator.py
[2022-04-13 07:26:00,352] {scheduler_job.py:633} INFO - Processing file /home/airflow/sandbox/lib/python3.8/site-packages/airflow/example_dags/example_bash_operator.py for tasks to queue
[2022-04-13 07:26:00,355] {logging_mixin.py:104} INFO - [2022-04-13 07:26:00,354] {dagbag.py:487} INFO - Filling up the DagBag from /home/airflow/sandbox/lib/python3.8/site-packages/airflow/example_dags/example_bash_operator.py
[2022-04-13 07:26:00,443] {scheduler_job.py:643} INFO - DAG(s) dict_keys(['example_bash_operator']) retrieved from /home/airflow/sandbox/lib/python3.8/site-packages/airflow/example_dags/example_bash_operator.py
[2022-04-13 07:26:00,589] {logging_mixin.py:104} INFO - [2022-04-13 07:26:00,589] {dag.py:1832} INFO - Sync 1 DAGs
[2022-04-13 07:26:00,878] {logging_mixin.py:104} INFO - [2022-04-13 07:26:00,878] {dag.py:2305} INFO - Setting next_dagrun for example_bash_operator to 2022-04-11 00:00:00+00:00
[2022-04-13 07:26:00,997] {scheduler_job.py:190} INFO - Processing /home/airflow/sandbox/lib/python3.8/site-packages/airflow/example_dags/example_bash_operator.py took 0.671 seconds
[2022-04-13 07:26:32,211] {scheduler_job.py:182} INFO - Started process (PID=10448) to work on /home/airflow/sandbox/lib/python3.8/site-packages/airflow/example_dags/example_bash_operator.py
[2022-04-13 07:26:32,234] {scheduler_job.py:633} INFO - Processing file /home/airflow/sandbox/lib/python3.8/site-packages/airflow/example_dags/example_bash_operator.py for tasks to queue
[2022-04-13 07:26:32,235] {logging_mixin.py:104} INFO - [2022-04-13 07:26:32,235] {dagbag.py:487} INFO - Filling up the DagBag from /home/airflow/sandbox/lib/python3.8/site-packages/airflow/example_dags/example_bash_operator.py
[2022-04-13 07:26:32,333] {scheduler_job.py:643} INFO - DAG(s) dict_keys(['example_bash_operator']) retrieved from /home/airflow/sandbox/lib/python3.8/site-packages/airflow/example_dags/example_bash_operator.py
[2022-04-13 07:26:32,457] {logging_mixin.py:104} INFO - [2022-04-13 07:26:32,457] {dag.py:1832} INFO - Sync 1 DAGs
[2022-04-13 07:26:32,645] {logging_mixin.py:104} INFO - [2022-04-13 07:26:32,644] {dag.py:2305} INFO - Setting next_dagrun for example_bash_operator to 2022-04-11 00:00:00+00:00
[2022-04-13 07:26:32,751] {scheduler_job.py:190} INFO - Processing /home/airflow/sandbox/lib/python3.8/site-packages/airflow/example_dags/example_bash_operator.py took 0.549 seconds
[2022-04-13 07:27:02,935] {scheduler_job.py:182} INFO - Started process (PID=10646) to work on /home/airflow/sandbox/lib/python3.8/site-packages/airflow/example_dags/example_bash_operator.py
[2022-04-13 07:27:02,954] {scheduler_job.py:633} INFO - Processing file /home/airflow/sandbox/lib/python3.8/site-packages/airflow/example_dags/example_bash_operator.py for tasks to queue
[2022-04-13 07:27:02,956] {logging_mixin.py:104} INFO - [2022-04-13 07:27:02,956] {dagbag.py:487} INFO - Filling up the DagBag from /home/airflow/sandbox/lib/python3.8/site-packages/airflow/example_dags/example_bash_operator.py
[2022-04-13 07:27:03,104] {scheduler_job.py:643} INFO - DAG(s) dict_keys(['example_bash_operator']) retrieved from /home/airflow/sandbox/lib/python3.8/site-packages/airflow/example_dags/example_bash_operator.py
[2022-04-13 07:27:03,490] {logging_mixin.py:104} INFO - [2022-04-13 07:27:03,490] {dag.py:1832} INFO - Sync 1 DAGs
[2022-04-13 07:27:03,575] {logging_mixin.py:104} INFO - [2022-04-13 07:27:03,575] {dag.py:2305} INFO - Setting next_dagrun for example_bash_operator to 2022-04-11 00:00:00+00:00
[2022-04-13 07:27:03,664] {scheduler_job.py:190} INFO - Processing /home/airflow/sandbox/lib/python3.8/site-packages/airflow/example_dags/example_bash_operator.py took 0.740 seconds
[2022-04-13 07:27:33,855] {scheduler_job.py:182} INFO - Started process (PID=10842) to work on /home/airflow/sandbox/lib/python3.8/site-packages/airflow/example_dags/example_bash_operator.py
[2022-04-13 07:27:33,860] {scheduler_job.py:633} INFO - Processing file /home/airflow/sandbox/lib/python3.8/site-packages/airflow/example_dags/example_bash_operator.py for tasks to queue
[2022-04-13 07:27:33,861] {logging_mixin.py:104} INFO - [2022-04-13 07:27:33,861] {dagbag.py:487} INFO - Filling up the DagBag from /home/airflow/sandbox/lib/python3.8/site-packages/airflow/example_dags/example_bash_operator.py
[2022-04-13 07:27:33,894] {scheduler_job.py:643} INFO - DAG(s) dict_keys(['example_bash_operator']) retrieved from /home/airflow/sandbox/lib/python3.8/site-packages/airflow/example_dags/example_bash_operator.py
[2022-04-13 07:27:34,105] {logging_mixin.py:104} INFO - [2022-04-13 07:27:34,105] {dag.py:1832} INFO - Sync 1 DAGs
[2022-04-13 07:27:34,138] {logging_mixin.py:104} INFO - [2022-04-13 07:27:34,138] {dag.py:2305} INFO - Setting next_dagrun for example_bash_operator to 2022-04-11 00:00:00+00:00
[2022-04-13 07:27:34,162] {scheduler_job.py:190} INFO - Processing /home/airflow/sandbox/lib/python3.8/site-packages/airflow/example_dags/example_bash_operator.py took 0.315 seconds
[2022-04-13 07:28:04,417] {scheduler_job.py:182} INFO - Started process (PID=11039) to work on /home/airflow/sandbox/lib/python3.8/site-packages/airflow/example_dags/example_bash_operator.py
[2022-04-13 07:28:04,447] {scheduler_job.py:633} INFO - Processing file /home/airflow/sandbox/lib/python3.8/site-packages/airflow/example_dags/example_bash_operator.py for tasks to queue
[2022-04-13 07:28:04,450] {logging_mixin.py:104} INFO - [2022-04-13 07:28:04,449] {dagbag.py:487} INFO - Filling up the DagBag from /home/airflow/sandbox/lib/python3.8/site-packages/airflow/example_dags/example_bash_operator.py
[2022-04-13 07:28:04,558] {scheduler_job.py:643} INFO - DAG(s) dict_keys(['example_bash_operator']) retrieved from /home/airflow/sandbox/lib/python3.8/site-packages/airflow/example_dags/example_bash_operator.py
[2022-04-13 07:28:04,992] {logging_mixin.py:104} INFO - [2022-04-13 07:28:04,992] {dag.py:1832} INFO - Sync 1 DAGs
[2022-04-13 07:28:05,048] {logging_mixin.py:104} INFO - [2022-04-13 07:28:05,047] {dag.py:2305} INFO - Setting next_dagrun for example_bash_operator to 2022-04-11 00:00:00+00:00
[2022-04-13 07:28:05,122] {scheduler_job.py:190} INFO - Processing /home/airflow/sandbox/lib/python3.8/site-packages/airflow/example_dags/example_bash_operator.py took 0.715 seconds
[2022-04-13 07:28:36,374] {scheduler_job.py:182} INFO - Started process (PID=11238) to work on /home/airflow/sandbox/lib/python3.8/site-packages/airflow/example_dags/example_bash_operator.py
[2022-04-13 07:28:36,377] {scheduler_job.py:633} INFO - Processing file /home/airflow/sandbox/lib/python3.8/site-packages/airflow/example_dags/example_bash_operator.py for tasks to queue
[2022-04-13 07:28:36,379] {logging_mixin.py:104} INFO - [2022-04-13 07:28:36,378] {dagbag.py:487} INFO - Filling up the DagBag from /home/airflow/sandbox/lib/python3.8/site-packages/airflow/example_dags/example_bash_operator.py
[2022-04-13 07:28:36,418] {scheduler_job.py:643} INFO - DAG(s) dict_keys(['example_bash_operator']) retrieved from /home/airflow/sandbox/lib/python3.8/site-packages/airflow/example_dags/example_bash_operator.py
[2022-04-13 07:28:36,987] {logging_mixin.py:104} INFO - [2022-04-13 07:28:36,986] {dag.py:1832} INFO - Sync 1 DAGs
[2022-04-13 07:28:37,043] {logging_mixin.py:104} INFO - [2022-04-13 07:28:37,042] {dag.py:2305} INFO - Setting next_dagrun for example_bash_operator to 2022-04-11 00:00:00+00:00
[2022-04-13 07:28:37,124] {scheduler_job.py:190} INFO - Processing /home/airflow/sandbox/lib/python3.8/site-packages/airflow/example_dags/example_bash_operator.py took 0.769 seconds
[2022-04-13 07:29:07,938] {scheduler_job.py:182} INFO - Started process (PID=11439) to work on /home/airflow/sandbox/lib/python3.8/site-packages/airflow/example_dags/example_bash_operator.py
[2022-04-13 07:29:07,941] {scheduler_job.py:633} INFO - Processing file /home/airflow/sandbox/lib/python3.8/site-packages/airflow/example_dags/example_bash_operator.py for tasks to queue
[2022-04-13 07:29:07,943] {logging_mixin.py:104} INFO - [2022-04-13 07:29:07,943] {dagbag.py:487} INFO - Filling up the DagBag from /home/airflow/sandbox/lib/python3.8/site-packages/airflow/example_dags/example_bash_operator.py
[2022-04-13 07:29:08,368] {scheduler_job.py:643} INFO - DAG(s) dict_keys(['example_bash_operator']) retrieved from /home/airflow/sandbox/lib/python3.8/site-packages/airflow/example_dags/example_bash_operator.py
[2022-04-13 07:29:08,522] {logging_mixin.py:104} INFO - [2022-04-13 07:29:08,522] {dag.py:1832} INFO - Sync 1 DAGs
[2022-04-13 07:29:08,598] {logging_mixin.py:104} INFO - [2022-04-13 07:29:08,597] {dag.py:2305} INFO - Setting next_dagrun for example_bash_operator to 2022-04-11 00:00:00+00:00
[2022-04-13 07:29:08,692] {scheduler_job.py:190} INFO - Processing /home/airflow/sandbox/lib/python3.8/site-packages/airflow/example_dags/example_bash_operator.py took 0.762 seconds
[2022-04-13 07:29:39,607] {scheduler_job.py:182} INFO - Started process (PID=11877) to work on /home/airflow/sandbox/lib/python3.8/site-packages/airflow/example_dags/example_bash_operator.py
[2022-04-13 07:29:39,617] {scheduler_job.py:633} INFO - Processing file /home/airflow/sandbox/lib/python3.8/site-packages/airflow/example_dags/example_bash_operator.py for tasks to queue
[2022-04-13 07:29:39,638] {logging_mixin.py:104} INFO - [2022-04-13 07:29:39,637] {dagbag.py:487} INFO - Filling up the DagBag from /home/airflow/sandbox/lib/python3.8/site-packages/airflow/example_dags/example_bash_operator.py
[2022-04-13 07:29:40,016] {scheduler_job.py:643} INFO - DAG(s) dict_keys(['example_bash_operator']) retrieved from /home/airflow/sandbox/lib/python3.8/site-packages/airflow/example_dags/example_bash_operator.py
[2022-04-13 07:29:40,074] {logging_mixin.py:104} INFO - [2022-04-13 07:29:40,073] {dag.py:1832} INFO - Sync 1 DAGs
[2022-04-13 07:29:40,197] {logging_mixin.py:104} INFO - [2022-04-13 07:29:40,181] {dag.py:2305} INFO - Setting next_dagrun for example_bash_operator to 2022-04-11 00:00:00+00:00
[2022-04-13 07:29:40,259] {scheduler_job.py:190} INFO - Processing /home/airflow/sandbox/lib/python3.8/site-packages/airflow/example_dags/example_bash_operator.py took 0.662 seconds
[2022-04-13 07:30:12,024] {scheduler_job.py:182} INFO - Started process (PID=12072) to work on /home/airflow/sandbox/lib/python3.8/site-packages/airflow/example_dags/example_bash_operator.py
[2022-04-13 07:30:12,040] {scheduler_job.py:633} INFO - Processing file /home/airflow/sandbox/lib/python3.8/site-packages/airflow/example_dags/example_bash_operator.py for tasks to queue
[2022-04-13 07:30:12,042] {logging_mixin.py:104} INFO - [2022-04-13 07:30:12,041] {dagbag.py:487} INFO - Filling up the DagBag from /home/airflow/sandbox/lib/python3.8/site-packages/airflow/example_dags/example_bash_operator.py
[2022-04-13 07:30:12,470] {scheduler_job.py:643} INFO - DAG(s) dict_keys(['example_bash_operator']) retrieved from /home/airflow/sandbox/lib/python3.8/site-packages/airflow/example_dags/example_bash_operator.py
[2022-04-13 07:30:12,594] {logging_mixin.py:104} INFO - [2022-04-13 07:30:12,594] {dag.py:1832} INFO - Sync 1 DAGs
[2022-04-13 07:30:12,653] {logging_mixin.py:104} INFO - [2022-04-13 07:30:12,653] {dag.py:2305} INFO - Setting next_dagrun for example_bash_operator to 2022-04-11 00:00:00+00:00
[2022-04-13 07:30:12,751] {scheduler_job.py:190} INFO - Processing /home/airflow/sandbox/lib/python3.8/site-packages/airflow/example_dags/example_bash_operator.py took 0.735 seconds
[2022-04-13 07:30:44,131] {scheduler_job.py:182} INFO - Started process (PID=12270) to work on /home/airflow/sandbox/lib/python3.8/site-packages/airflow/example_dags/example_bash_operator.py
[2022-04-13 07:30:44,135] {scheduler_job.py:633} INFO - Processing file /home/airflow/sandbox/lib/python3.8/site-packages/airflow/example_dags/example_bash_operator.py for tasks to queue
[2022-04-13 07:30:44,136] {logging_mixin.py:104} INFO - [2022-04-13 07:30:44,136] {dagbag.py:487} INFO - Filling up the DagBag from /home/airflow/sandbox/lib/python3.8/site-packages/airflow/example_dags/example_bash_operator.py
[2022-04-13 07:30:44,509] {scheduler_job.py:643} INFO - DAG(s) dict_keys(['example_bash_operator']) retrieved from /home/airflow/sandbox/lib/python3.8/site-packages/airflow/example_dags/example_bash_operator.py
[2022-04-13 07:30:44,710] {logging_mixin.py:104} INFO - [2022-04-13 07:30:44,710] {dag.py:1832} INFO - Sync 1 DAGs
[2022-04-13 07:30:44,855] {logging_mixin.py:104} INFO - [2022-04-13 07:30:44,855] {dag.py:2305} INFO - Setting next_dagrun for example_bash_operator to 2022-04-11 00:00:00+00:00
[2022-04-13 07:30:45,067] {scheduler_job.py:190} INFO - Processing /home/airflow/sandbox/lib/python3.8/site-packages/airflow/example_dags/example_bash_operator.py took 0.966 seconds
[2022-04-13 07:31:17,074] {scheduler_job.py:182} INFO - Started process (PID=12506) to work on /home/airflow/sandbox/lib/python3.8/site-packages/airflow/example_dags/example_bash_operator.py
[2022-04-13 07:31:17,396] {scheduler_job.py:633} INFO - Processing file /home/airflow/sandbox/lib/python3.8/site-packages/airflow/example_dags/example_bash_operator.py for tasks to queue
[2022-04-13 07:31:17,411] {logging_mixin.py:104} INFO - [2022-04-13 07:31:17,411] {dagbag.py:487} INFO - Filling up the DagBag from /home/airflow/sandbox/lib/python3.8/site-packages/airflow/example_dags/example_bash_operator.py
[2022-04-13 07:31:17,479] {scheduler_job.py:643} INFO - DAG(s) dict_keys(['example_bash_operator']) retrieved from /home/airflow/sandbox/lib/python3.8/site-packages/airflow/example_dags/example_bash_operator.py
[2022-04-13 07:31:17,610] {logging_mixin.py:104} INFO - [2022-04-13 07:31:17,609] {dag.py:1832} INFO - Sync 1 DAGs
[2022-04-13 07:31:17,680] {logging_mixin.py:104} INFO - [2022-04-13 07:31:17,680] {dag.py:2305} INFO - Setting next_dagrun for example_bash_operator to 2022-04-11 00:00:00+00:00
[2022-04-13 07:31:17,822] {scheduler_job.py:190} INFO - Processing /home/airflow/sandbox/lib/python3.8/site-packages/airflow/example_dags/example_bash_operator.py took 0.780 seconds
[2022-04-13 07:31:48,268] {scheduler_job.py:182} INFO - Started process (PID=12880) to work on /home/airflow/sandbox/lib/python3.8/site-packages/airflow/example_dags/example_bash_operator.py
[2022-04-13 07:31:48,277] {scheduler_job.py:633} INFO - Processing file /home/airflow/sandbox/lib/python3.8/site-packages/airflow/example_dags/example_bash_operator.py for tasks to queue
[2022-04-13 07:31:48,287] {logging_mixin.py:104} INFO - [2022-04-13 07:31:48,286] {dagbag.py:487} INFO - Filling up the DagBag from /home/airflow/sandbox/lib/python3.8/site-packages/airflow/example_dags/example_bash_operator.py
[2022-04-13 07:31:48,356] {scheduler_job.py:643} INFO - DAG(s) dict_keys(['example_bash_operator']) retrieved from /home/airflow/sandbox/lib/python3.8/site-packages/airflow/example_dags/example_bash_operator.py
[2022-04-13 07:31:48,512] {logging_mixin.py:104} INFO - [2022-04-13 07:31:48,512] {dag.py:1832} INFO - Sync 1 DAGs
[2022-04-13 07:31:48,588] {logging_mixin.py:104} INFO - [2022-04-13 07:31:48,588] {dag.py:2305} INFO - Setting next_dagrun for example_bash_operator to 2022-04-11 00:00:00+00:00
[2022-04-13 07:31:48,838] {scheduler_job.py:190} INFO - Processing /home/airflow/sandbox/lib/python3.8/site-packages/airflow/example_dags/example_bash_operator.py took 0.589 seconds
[2022-04-13 07:32:19,546] {scheduler_job.py:182} INFO - Started process (PID=13108) to work on /home/airflow/sandbox/lib/python3.8/site-packages/airflow/example_dags/example_bash_operator.py
[2022-04-13 07:32:19,584] {scheduler_job.py:633} INFO - Processing file /home/airflow/sandbox/lib/python3.8/site-packages/airflow/example_dags/example_bash_operator.py for tasks to queue
[2022-04-13 07:32:19,586] {logging_mixin.py:104} INFO - [2022-04-13 07:32:19,585] {dagbag.py:487} INFO - Filling up the DagBag from /home/airflow/sandbox/lib/python3.8/site-packages/airflow/example_dags/example_bash_operator.py
[2022-04-13 07:32:19,735] {scheduler_job.py:643} INFO - DAG(s) dict_keys(['example_bash_operator']) retrieved from /home/airflow/sandbox/lib/python3.8/site-packages/airflow/example_dags/example_bash_operator.py
[2022-04-13 07:32:19,906] {logging_mixin.py:104} INFO - [2022-04-13 07:32:19,906] {dag.py:1832} INFO - Sync 1 DAGs
[2022-04-13 07:32:20,028] {logging_mixin.py:104} INFO - [2022-04-13 07:32:20,006] {dag.py:2305} INFO - Setting next_dagrun for example_bash_operator to 2022-04-11 00:00:00+00:00
[2022-04-13 07:32:20,106] {scheduler_job.py:190} INFO - Processing /home/airflow/sandbox/lib/python3.8/site-packages/airflow/example_dags/example_bash_operator.py took 0.580 seconds
[2022-04-13 07:32:50,670] {scheduler_job.py:182} INFO - Started process (PID=13365) to work on /home/airflow/sandbox/lib/python3.8/site-packages/airflow/example_dags/example_bash_operator.py
[2022-04-13 07:32:50,674] {scheduler_job.py:633} INFO - Processing file /home/airflow/sandbox/lib/python3.8/site-packages/airflow/example_dags/example_bash_operator.py for tasks to queue
[2022-04-13 07:32:50,677] {logging_mixin.py:104} INFO - [2022-04-13 07:32:50,676] {dagbag.py:487} INFO - Filling up the DagBag from /home/airflow/sandbox/lib/python3.8/site-packages/airflow/example_dags/example_bash_operator.py
[2022-04-13 07:32:50,710] {scheduler_job.py:643} INFO - DAG(s) dict_keys(['example_bash_operator']) retrieved from /home/airflow/sandbox/lib/python3.8/site-packages/airflow/example_dags/example_bash_operator.py
[2022-04-13 07:32:50,781] {logging_mixin.py:104} INFO - [2022-04-13 07:32:50,781] {dag.py:1832} INFO - Sync 1 DAGs
[2022-04-13 07:32:50,831] {logging_mixin.py:104} INFO - [2022-04-13 07:32:50,830] {dag.py:2305} INFO - Setting next_dagrun for example_bash_operator to 2022-04-11 00:00:00+00:00
[2022-04-13 07:32:51,091] {scheduler_job.py:190} INFO - Processing /home/airflow/sandbox/lib/python3.8/site-packages/airflow/example_dags/example_bash_operator.py took 0.432 seconds
