[2022-04-13 07:09:28,664] {scheduler_job.py:182} INFO - Started process (PID=3090) to work on /home/airflow/sandbox/lib/python3.8/site-packages/airflow/example_dags/example_trigger_target_dag.py
[2022-04-13 07:09:28,668] {scheduler_job.py:633} INFO - Processing file /home/airflow/sandbox/lib/python3.8/site-packages/airflow/example_dags/example_trigger_target_dag.py for tasks to queue
[2022-04-13 07:09:28,670] {logging_mixin.py:104} INFO - [2022-04-13 07:09:28,670] {dagbag.py:487} INFO - Filling up the DagBag from /home/airflow/sandbox/lib/python3.8/site-packages/airflow/example_dags/example_trigger_target_dag.py
[2022-04-13 07:09:28,724] {scheduler_job.py:643} INFO - DAG(s) dict_keys(['example_trigger_target_dag']) retrieved from /home/airflow/sandbox/lib/python3.8/site-packages/airflow/example_dags/example_trigger_target_dag.py
[2022-04-13 07:09:30,688] {logging_mixin.py:104} INFO - [2022-04-13 07:09:30,687] {dag.py:1832} INFO - Sync 1 DAGs
[2022-04-13 07:09:30,780] {logging_mixin.py:104} INFO - [2022-04-13 07:09:30,779] {dag.py:2305} INFO - Setting next_dagrun for example_trigger_target_dag to None
[2022-04-13 07:09:30,830] {scheduler_job.py:190} INFO - Processing /home/airflow/sandbox/lib/python3.8/site-packages/airflow/example_dags/example_trigger_target_dag.py took 2.187 seconds
[2022-04-13 07:10:01,229] {scheduler_job.py:182} INFO - Started process (PID=3515) to work on /home/airflow/sandbox/lib/python3.8/site-packages/airflow/example_dags/example_trigger_target_dag.py
[2022-04-13 07:10:01,232] {scheduler_job.py:633} INFO - Processing file /home/airflow/sandbox/lib/python3.8/site-packages/airflow/example_dags/example_trigger_target_dag.py for tasks to queue
[2022-04-13 07:10:01,233] {logging_mixin.py:104} INFO - [2022-04-13 07:10:01,233] {dagbag.py:487} INFO - Filling up the DagBag from /home/airflow/sandbox/lib/python3.8/site-packages/airflow/example_dags/example_trigger_target_dag.py
[2022-04-13 07:10:01,335] {scheduler_job.py:643} INFO - DAG(s) dict_keys(['example_trigger_target_dag']) retrieved from /home/airflow/sandbox/lib/python3.8/site-packages/airflow/example_dags/example_trigger_target_dag.py
[2022-04-13 07:10:01,502] {logging_mixin.py:104} INFO - [2022-04-13 07:10:01,501] {dag.py:1832} INFO - Sync 1 DAGs
[2022-04-13 07:10:01,580] {logging_mixin.py:104} INFO - [2022-04-13 07:10:01,580] {dag.py:2305} INFO - Setting next_dagrun for example_trigger_target_dag to None
[2022-04-13 07:10:01,895] {scheduler_job.py:190} INFO - Processing /home/airflow/sandbox/lib/python3.8/site-packages/airflow/example_dags/example_trigger_target_dag.py took 0.707 seconds
[2022-04-13 07:14:37,520] {scheduler_job.py:182} INFO - Started process (PID=5149) to work on /home/airflow/sandbox/lib/python3.8/site-packages/airflow/example_dags/example_trigger_target_dag.py
[2022-04-13 07:14:37,547] {scheduler_job.py:633} INFO - Processing file /home/airflow/sandbox/lib/python3.8/site-packages/airflow/example_dags/example_trigger_target_dag.py for tasks to queue
[2022-04-13 07:14:37,549] {logging_mixin.py:104} INFO - [2022-04-13 07:14:37,549] {dagbag.py:487} INFO - Filling up the DagBag from /home/airflow/sandbox/lib/python3.8/site-packages/airflow/example_dags/example_trigger_target_dag.py
[2022-04-13 07:14:37,627] {scheduler_job.py:643} INFO - DAG(s) dict_keys(['example_trigger_target_dag']) retrieved from /home/airflow/sandbox/lib/python3.8/site-packages/airflow/example_dags/example_trigger_target_dag.py
[2022-04-13 07:14:37,811] {logging_mixin.py:104} INFO - [2022-04-13 07:14:37,811] {dag.py:1832} INFO - Sync 1 DAGs
[2022-04-13 07:14:37,897] {logging_mixin.py:104} INFO - [2022-04-13 07:14:37,896] {dag.py:2305} INFO - Setting next_dagrun for example_trigger_target_dag to None
[2022-04-13 07:14:38,059] {scheduler_job.py:190} INFO - Processing /home/airflow/sandbox/lib/python3.8/site-packages/airflow/example_dags/example_trigger_target_dag.py took 0.550 seconds
[2022-04-13 07:15:10,443] {scheduler_job.py:182} INFO - Started process (PID=5495) to work on /home/airflow/sandbox/lib/python3.8/site-packages/airflow/example_dags/example_trigger_target_dag.py
[2022-04-13 07:15:10,467] {scheduler_job.py:633} INFO - Processing file /home/airflow/sandbox/lib/python3.8/site-packages/airflow/example_dags/example_trigger_target_dag.py for tasks to queue
[2022-04-13 07:15:10,481] {logging_mixin.py:104} INFO - [2022-04-13 07:15:10,480] {dagbag.py:487} INFO - Filling up the DagBag from /home/airflow/sandbox/lib/python3.8/site-packages/airflow/example_dags/example_trigger_target_dag.py
[2022-04-13 07:15:10,582] {scheduler_job.py:643} INFO - DAG(s) dict_keys(['example_trigger_target_dag']) retrieved from /home/airflow/sandbox/lib/python3.8/site-packages/airflow/example_dags/example_trigger_target_dag.py
[2022-04-13 07:15:10,781] {logging_mixin.py:104} INFO - [2022-04-13 07:15:10,781] {dag.py:1832} INFO - Sync 1 DAGs
[2022-04-13 07:15:10,836] {logging_mixin.py:104} INFO - [2022-04-13 07:15:10,836] {dag.py:2305} INFO - Setting next_dagrun for example_trigger_target_dag to None
[2022-04-13 07:15:10,945] {scheduler_job.py:190} INFO - Processing /home/airflow/sandbox/lib/python3.8/site-packages/airflow/example_dags/example_trigger_target_dag.py took 0.582 seconds
[2022-04-13 07:15:41,565] {scheduler_job.py:182} INFO - Started process (PID=5820) to work on /home/airflow/sandbox/lib/python3.8/site-packages/airflow/example_dags/example_trigger_target_dag.py
[2022-04-13 07:15:41,598] {scheduler_job.py:633} INFO - Processing file /home/airflow/sandbox/lib/python3.8/site-packages/airflow/example_dags/example_trigger_target_dag.py for tasks to queue
[2022-04-13 07:15:41,603] {logging_mixin.py:104} INFO - [2022-04-13 07:15:41,603] {dagbag.py:487} INFO - Filling up the DagBag from /home/airflow/sandbox/lib/python3.8/site-packages/airflow/example_dags/example_trigger_target_dag.py
[2022-04-13 07:15:41,747] {scheduler_job.py:643} INFO - DAG(s) dict_keys(['example_trigger_target_dag']) retrieved from /home/airflow/sandbox/lib/python3.8/site-packages/airflow/example_dags/example_trigger_target_dag.py
[2022-04-13 07:15:41,939] {logging_mixin.py:104} INFO - [2022-04-13 07:15:41,938] {dag.py:1832} INFO - Sync 1 DAGs
[2022-04-13 07:15:42,016] {logging_mixin.py:104} INFO - [2022-04-13 07:15:42,016] {dag.py:2305} INFO - Setting next_dagrun for example_trigger_target_dag to None
[2022-04-13 07:15:42,118] {scheduler_job.py:190} INFO - Processing /home/airflow/sandbox/lib/python3.8/site-packages/airflow/example_dags/example_trigger_target_dag.py took 0.600 seconds
[2022-04-13 07:16:17,937] {scheduler_job.py:182} INFO - Started process (PID=6060) to work on /home/airflow/sandbox/lib/python3.8/site-packages/airflow/example_dags/example_trigger_target_dag.py
[2022-04-13 07:16:17,943] {scheduler_job.py:633} INFO - Processing file /home/airflow/sandbox/lib/python3.8/site-packages/airflow/example_dags/example_trigger_target_dag.py for tasks to queue
[2022-04-13 07:16:17,944] {logging_mixin.py:104} INFO - [2022-04-13 07:16:17,944] {dagbag.py:487} INFO - Filling up the DagBag from /home/airflow/sandbox/lib/python3.8/site-packages/airflow/example_dags/example_trigger_target_dag.py
[2022-04-13 07:16:17,976] {scheduler_job.py:643} INFO - DAG(s) dict_keys(['example_trigger_target_dag']) retrieved from /home/airflow/sandbox/lib/python3.8/site-packages/airflow/example_dags/example_trigger_target_dag.py
[2022-04-13 07:16:18,297] {logging_mixin.py:104} INFO - [2022-04-13 07:16:18,297] {dag.py:1832} INFO - Sync 1 DAGs
[2022-04-13 07:16:18,392] {logging_mixin.py:104} INFO - [2022-04-13 07:16:18,392] {dag.py:2305} INFO - Setting next_dagrun for example_trigger_target_dag to None
[2022-04-13 07:16:18,529] {scheduler_job.py:190} INFO - Processing /home/airflow/sandbox/lib/python3.8/site-packages/airflow/example_dags/example_trigger_target_dag.py took 0.602 seconds
[2022-04-13 07:16:50,295] {scheduler_job.py:182} INFO - Started process (PID=6277) to work on /home/airflow/sandbox/lib/python3.8/site-packages/airflow/example_dags/example_trigger_target_dag.py
[2022-04-13 07:16:50,296] {scheduler_job.py:633} INFO - Processing file /home/airflow/sandbox/lib/python3.8/site-packages/airflow/example_dags/example_trigger_target_dag.py for tasks to queue
[2022-04-13 07:16:50,297] {logging_mixin.py:104} INFO - [2022-04-13 07:16:50,297] {dagbag.py:487} INFO - Filling up the DagBag from /home/airflow/sandbox/lib/python3.8/site-packages/airflow/example_dags/example_trigger_target_dag.py
[2022-04-13 07:16:50,312] {scheduler_job.py:643} INFO - DAG(s) dict_keys(['example_trigger_target_dag']) retrieved from /home/airflow/sandbox/lib/python3.8/site-packages/airflow/example_dags/example_trigger_target_dag.py
[2022-04-13 07:16:50,364] {logging_mixin.py:104} INFO - [2022-04-13 07:16:50,363] {dag.py:1832} INFO - Sync 1 DAGs
[2022-04-13 07:16:50,402] {logging_mixin.py:104} INFO - [2022-04-13 07:16:50,402] {dag.py:2305} INFO - Setting next_dagrun for example_trigger_target_dag to None
[2022-04-13 07:16:50,455] {scheduler_job.py:190} INFO - Processing /home/airflow/sandbox/lib/python3.8/site-packages/airflow/example_dags/example_trigger_target_dag.py took 0.165 seconds
[2022-04-13 07:17:22,606] {scheduler_job.py:182} INFO - Started process (PID=6482) to work on /home/airflow/sandbox/lib/python3.8/site-packages/airflow/example_dags/example_trigger_target_dag.py
[2022-04-13 07:17:22,609] {scheduler_job.py:633} INFO - Processing file /home/airflow/sandbox/lib/python3.8/site-packages/airflow/example_dags/example_trigger_target_dag.py for tasks to queue
[2022-04-13 07:17:22,610] {logging_mixin.py:104} INFO - [2022-04-13 07:17:22,610] {dagbag.py:487} INFO - Filling up the DagBag from /home/airflow/sandbox/lib/python3.8/site-packages/airflow/example_dags/example_trigger_target_dag.py
[2022-04-13 07:17:22,647] {scheduler_job.py:643} INFO - DAG(s) dict_keys(['example_trigger_target_dag']) retrieved from /home/airflow/sandbox/lib/python3.8/site-packages/airflow/example_dags/example_trigger_target_dag.py
[2022-04-13 07:17:22,730] {logging_mixin.py:104} INFO - [2022-04-13 07:17:22,730] {dag.py:1832} INFO - Sync 1 DAGs
[2022-04-13 07:17:22,792] {logging_mixin.py:104} INFO - [2022-04-13 07:17:22,791] {dag.py:2305} INFO - Setting next_dagrun for example_trigger_target_dag to None
[2022-04-13 07:17:22,920] {scheduler_job.py:190} INFO - Processing /home/airflow/sandbox/lib/python3.8/site-packages/airflow/example_dags/example_trigger_target_dag.py took 0.323 seconds
[2022-04-13 07:17:54,612] {scheduler_job.py:182} INFO - Started process (PID=6679) to work on /home/airflow/sandbox/lib/python3.8/site-packages/airflow/example_dags/example_trigger_target_dag.py
[2022-04-13 07:17:54,626] {scheduler_job.py:633} INFO - Processing file /home/airflow/sandbox/lib/python3.8/site-packages/airflow/example_dags/example_trigger_target_dag.py for tasks to queue
[2022-04-13 07:17:54,629] {logging_mixin.py:104} INFO - [2022-04-13 07:17:54,629] {dagbag.py:487} INFO - Filling up the DagBag from /home/airflow/sandbox/lib/python3.8/site-packages/airflow/example_dags/example_trigger_target_dag.py
[2022-04-13 07:17:54,700] {scheduler_job.py:643} INFO - DAG(s) dict_keys(['example_trigger_target_dag']) retrieved from /home/airflow/sandbox/lib/python3.8/site-packages/airflow/example_dags/example_trigger_target_dag.py
[2022-04-13 07:17:54,779] {logging_mixin.py:104} INFO - [2022-04-13 07:17:54,779] {dag.py:1832} INFO - Sync 1 DAGs
[2022-04-13 07:17:54,809] {logging_mixin.py:104} INFO - [2022-04-13 07:17:54,809] {dag.py:2305} INFO - Setting next_dagrun for example_trigger_target_dag to None
[2022-04-13 07:17:54,860] {scheduler_job.py:190} INFO - Processing /home/airflow/sandbox/lib/python3.8/site-packages/airflow/example_dags/example_trigger_target_dag.py took 0.266 seconds
[2022-04-13 07:18:26,591] {scheduler_job.py:182} INFO - Started process (PID=6875) to work on /home/airflow/sandbox/lib/python3.8/site-packages/airflow/example_dags/example_trigger_target_dag.py
[2022-04-13 07:18:26,658] {scheduler_job.py:633} INFO - Processing file /home/airflow/sandbox/lib/python3.8/site-packages/airflow/example_dags/example_trigger_target_dag.py for tasks to queue
[2022-04-13 07:18:26,660] {logging_mixin.py:104} INFO - [2022-04-13 07:18:26,660] {dagbag.py:487} INFO - Filling up the DagBag from /home/airflow/sandbox/lib/python3.8/site-packages/airflow/example_dags/example_trigger_target_dag.py
[2022-04-13 07:18:26,705] {scheduler_job.py:643} INFO - DAG(s) dict_keys(['example_trigger_target_dag']) retrieved from /home/airflow/sandbox/lib/python3.8/site-packages/airflow/example_dags/example_trigger_target_dag.py
[2022-04-13 07:18:26,873] {logging_mixin.py:104} INFO - [2022-04-13 07:18:26,872] {dag.py:1832} INFO - Sync 1 DAGs
[2022-04-13 07:18:26,942] {logging_mixin.py:104} INFO - [2022-04-13 07:18:26,942] {dag.py:2305} INFO - Setting next_dagrun for example_trigger_target_dag to None
[2022-04-13 07:18:27,009] {scheduler_job.py:190} INFO - Processing /home/airflow/sandbox/lib/python3.8/site-packages/airflow/example_dags/example_trigger_target_dag.py took 0.431 seconds
[2022-04-13 07:18:59,324] {scheduler_job.py:182} INFO - Started process (PID=7074) to work on /home/airflow/sandbox/lib/python3.8/site-packages/airflow/example_dags/example_trigger_target_dag.py
[2022-04-13 07:18:59,326] {scheduler_job.py:633} INFO - Processing file /home/airflow/sandbox/lib/python3.8/site-packages/airflow/example_dags/example_trigger_target_dag.py for tasks to queue
[2022-04-13 07:18:59,328] {logging_mixin.py:104} INFO - [2022-04-13 07:18:59,328] {dagbag.py:487} INFO - Filling up the DagBag from /home/airflow/sandbox/lib/python3.8/site-packages/airflow/example_dags/example_trigger_target_dag.py
[2022-04-13 07:18:59,395] {scheduler_job.py:643} INFO - DAG(s) dict_keys(['example_trigger_target_dag']) retrieved from /home/airflow/sandbox/lib/python3.8/site-packages/airflow/example_dags/example_trigger_target_dag.py
[2022-04-13 07:18:59,521] {logging_mixin.py:104} INFO - [2022-04-13 07:18:59,520] {dag.py:1832} INFO - Sync 1 DAGs
[2022-04-13 07:18:59,602] {logging_mixin.py:104} INFO - [2022-04-13 07:18:59,602] {dag.py:2305} INFO - Setting next_dagrun for example_trigger_target_dag to None
[2022-04-13 07:18:59,660] {scheduler_job.py:190} INFO - Processing /home/airflow/sandbox/lib/python3.8/site-packages/airflow/example_dags/example_trigger_target_dag.py took 0.346 seconds
[2022-04-13 07:19:32,153] {scheduler_job.py:182} INFO - Started process (PID=7525) to work on /home/airflow/sandbox/lib/python3.8/site-packages/airflow/example_dags/example_trigger_target_dag.py
[2022-04-13 07:19:32,156] {scheduler_job.py:633} INFO - Processing file /home/airflow/sandbox/lib/python3.8/site-packages/airflow/example_dags/example_trigger_target_dag.py for tasks to queue
[2022-04-13 07:19:32,158] {logging_mixin.py:104} INFO - [2022-04-13 07:19:32,157] {dagbag.py:487} INFO - Filling up the DagBag from /home/airflow/sandbox/lib/python3.8/site-packages/airflow/example_dags/example_trigger_target_dag.py
[2022-04-13 07:19:32,225] {scheduler_job.py:643} INFO - DAG(s) dict_keys(['example_trigger_target_dag']) retrieved from /home/airflow/sandbox/lib/python3.8/site-packages/airflow/example_dags/example_trigger_target_dag.py
[2022-04-13 07:19:32,364] {logging_mixin.py:104} INFO - [2022-04-13 07:19:32,364] {dag.py:1832} INFO - Sync 1 DAGs
[2022-04-13 07:19:32,452] {logging_mixin.py:104} INFO - [2022-04-13 07:19:32,451] {dag.py:2305} INFO - Setting next_dagrun for example_trigger_target_dag to None
[2022-04-13 07:19:32,531] {scheduler_job.py:190} INFO - Processing /home/airflow/sandbox/lib/python3.8/site-packages/airflow/example_dags/example_trigger_target_dag.py took 0.412 seconds
[2022-04-13 07:20:03,651] {scheduler_job.py:182} INFO - Started process (PID=7725) to work on /home/airflow/sandbox/lib/python3.8/site-packages/airflow/example_dags/example_trigger_target_dag.py
[2022-04-13 07:20:03,653] {scheduler_job.py:633} INFO - Processing file /home/airflow/sandbox/lib/python3.8/site-packages/airflow/example_dags/example_trigger_target_dag.py for tasks to queue
[2022-04-13 07:20:03,655] {logging_mixin.py:104} INFO - [2022-04-13 07:20:03,655] {dagbag.py:487} INFO - Filling up the DagBag from /home/airflow/sandbox/lib/python3.8/site-packages/airflow/example_dags/example_trigger_target_dag.py
[2022-04-13 07:20:03,688] {scheduler_job.py:643} INFO - DAG(s) dict_keys(['example_trigger_target_dag']) retrieved from /home/airflow/sandbox/lib/python3.8/site-packages/airflow/example_dags/example_trigger_target_dag.py
[2022-04-13 07:20:03,746] {logging_mixin.py:104} INFO - [2022-04-13 07:20:03,746] {dag.py:1832} INFO - Sync 1 DAGs
[2022-04-13 07:20:03,788] {logging_mixin.py:104} INFO - [2022-04-13 07:20:03,788] {dag.py:2305} INFO - Setting next_dagrun for example_trigger_target_dag to None
[2022-04-13 07:20:03,816] {scheduler_job.py:190} INFO - Processing /home/airflow/sandbox/lib/python3.8/site-packages/airflow/example_dags/example_trigger_target_dag.py took 0.172 seconds
[2022-04-13 07:20:36,386] {scheduler_job.py:182} INFO - Started process (PID=7929) to work on /home/airflow/sandbox/lib/python3.8/site-packages/airflow/example_dags/example_trigger_target_dag.py
[2022-04-13 07:20:36,389] {scheduler_job.py:633} INFO - Processing file /home/airflow/sandbox/lib/python3.8/site-packages/airflow/example_dags/example_trigger_target_dag.py for tasks to queue
[2022-04-13 07:20:36,390] {logging_mixin.py:104} INFO - [2022-04-13 07:20:36,390] {dagbag.py:487} INFO - Filling up the DagBag from /home/airflow/sandbox/lib/python3.8/site-packages/airflow/example_dags/example_trigger_target_dag.py
[2022-04-13 07:20:36,429] {scheduler_job.py:643} INFO - DAG(s) dict_keys(['example_trigger_target_dag']) retrieved from /home/airflow/sandbox/lib/python3.8/site-packages/airflow/example_dags/example_trigger_target_dag.py
[2022-04-13 07:20:36,586] {logging_mixin.py:104} INFO - [2022-04-13 07:20:36,586] {dag.py:1832} INFO - Sync 1 DAGs
[2022-04-13 07:20:36,673] {logging_mixin.py:104} INFO - [2022-04-13 07:20:36,673] {dag.py:2305} INFO - Setting next_dagrun for example_trigger_target_dag to None
[2022-04-13 07:20:36,794] {scheduler_job.py:190} INFO - Processing /home/airflow/sandbox/lib/python3.8/site-packages/airflow/example_dags/example_trigger_target_dag.py took 0.422 seconds
[2022-04-13 07:21:07,771] {scheduler_job.py:182} INFO - Started process (PID=8127) to work on /home/airflow/sandbox/lib/python3.8/site-packages/airflow/example_dags/example_trigger_target_dag.py
[2022-04-13 07:21:07,795] {scheduler_job.py:633} INFO - Processing file /home/airflow/sandbox/lib/python3.8/site-packages/airflow/example_dags/example_trigger_target_dag.py for tasks to queue
[2022-04-13 07:21:07,798] {logging_mixin.py:104} INFO - [2022-04-13 07:21:07,798] {dagbag.py:487} INFO - Filling up the DagBag from /home/airflow/sandbox/lib/python3.8/site-packages/airflow/example_dags/example_trigger_target_dag.py
[2022-04-13 07:21:07,878] {scheduler_job.py:643} INFO - DAG(s) dict_keys(['example_trigger_target_dag']) retrieved from /home/airflow/sandbox/lib/python3.8/site-packages/airflow/example_dags/example_trigger_target_dag.py
[2022-04-13 07:21:08,025] {logging_mixin.py:104} INFO - [2022-04-13 07:21:08,025] {dag.py:1832} INFO - Sync 1 DAGs
[2022-04-13 07:21:08,080] {logging_mixin.py:104} INFO - [2022-04-13 07:21:08,080] {dag.py:2305} INFO - Setting next_dagrun for example_trigger_target_dag to None
[2022-04-13 07:21:08,242] {scheduler_job.py:190} INFO - Processing /home/airflow/sandbox/lib/python3.8/site-packages/airflow/example_dags/example_trigger_target_dag.py took 0.481 seconds
[2022-04-13 07:21:40,196] {scheduler_job.py:182} INFO - Started process (PID=8329) to work on /home/airflow/sandbox/lib/python3.8/site-packages/airflow/example_dags/example_trigger_target_dag.py
[2022-04-13 07:21:40,212] {scheduler_job.py:633} INFO - Processing file /home/airflow/sandbox/lib/python3.8/site-packages/airflow/example_dags/example_trigger_target_dag.py for tasks to queue
[2022-04-13 07:21:40,218] {logging_mixin.py:104} INFO - [2022-04-13 07:21:40,217] {dagbag.py:487} INFO - Filling up the DagBag from /home/airflow/sandbox/lib/python3.8/site-packages/airflow/example_dags/example_trigger_target_dag.py
[2022-04-13 07:21:40,272] {scheduler_job.py:643} INFO - DAG(s) dict_keys(['example_trigger_target_dag']) retrieved from /home/airflow/sandbox/lib/python3.8/site-packages/airflow/example_dags/example_trigger_target_dag.py
[2022-04-13 07:21:40,442] {logging_mixin.py:104} INFO - [2022-04-13 07:21:40,442] {dag.py:1832} INFO - Sync 1 DAGs
[2022-04-13 07:21:40,523] {logging_mixin.py:104} INFO - [2022-04-13 07:21:40,523] {dag.py:2305} INFO - Setting next_dagrun for example_trigger_target_dag to None
[2022-04-13 07:21:40,596] {scheduler_job.py:190} INFO - Processing /home/airflow/sandbox/lib/python3.8/site-packages/airflow/example_dags/example_trigger_target_dag.py took 0.426 seconds
[2022-04-13 07:22:12,116] {scheduler_job.py:182} INFO - Started process (PID=8526) to work on /home/airflow/sandbox/lib/python3.8/site-packages/airflow/example_dags/example_trigger_target_dag.py
[2022-04-13 07:22:12,120] {scheduler_job.py:633} INFO - Processing file /home/airflow/sandbox/lib/python3.8/site-packages/airflow/example_dags/example_trigger_target_dag.py for tasks to queue
[2022-04-13 07:22:12,127] {logging_mixin.py:104} INFO - [2022-04-13 07:22:12,126] {dagbag.py:487} INFO - Filling up the DagBag from /home/airflow/sandbox/lib/python3.8/site-packages/airflow/example_dags/example_trigger_target_dag.py
[2022-04-13 07:22:12,222] {scheduler_job.py:643} INFO - DAG(s) dict_keys(['example_trigger_target_dag']) retrieved from /home/airflow/sandbox/lib/python3.8/site-packages/airflow/example_dags/example_trigger_target_dag.py
[2022-04-13 07:22:12,401] {logging_mixin.py:104} INFO - [2022-04-13 07:22:12,401] {dag.py:1832} INFO - Sync 1 DAGs
[2022-04-13 07:22:12,468] {logging_mixin.py:104} INFO - [2022-04-13 07:22:12,467] {dag.py:2305} INFO - Setting next_dagrun for example_trigger_target_dag to None
[2022-04-13 07:22:12,767] {scheduler_job.py:190} INFO - Processing /home/airflow/sandbox/lib/python3.8/site-packages/airflow/example_dags/example_trigger_target_dag.py took 0.709 seconds
[2022-04-13 07:22:43,380] {scheduler_job.py:182} INFO - Started process (PID=8726) to work on /home/airflow/sandbox/lib/python3.8/site-packages/airflow/example_dags/example_trigger_target_dag.py
[2022-04-13 07:22:43,394] {scheduler_job.py:633} INFO - Processing file /home/airflow/sandbox/lib/python3.8/site-packages/airflow/example_dags/example_trigger_target_dag.py for tasks to queue
[2022-04-13 07:22:43,395] {logging_mixin.py:104} INFO - [2022-04-13 07:22:43,395] {dagbag.py:487} INFO - Filling up the DagBag from /home/airflow/sandbox/lib/python3.8/site-packages/airflow/example_dags/example_trigger_target_dag.py
[2022-04-13 07:22:43,469] {scheduler_job.py:643} INFO - DAG(s) dict_keys(['example_trigger_target_dag']) retrieved from /home/airflow/sandbox/lib/python3.8/site-packages/airflow/example_dags/example_trigger_target_dag.py
[2022-04-13 07:22:43,604] {logging_mixin.py:104} INFO - [2022-04-13 07:22:43,604] {dag.py:1832} INFO - Sync 1 DAGs
[2022-04-13 07:22:43,681] {logging_mixin.py:104} INFO - [2022-04-13 07:22:43,681] {dag.py:2305} INFO - Setting next_dagrun for example_trigger_target_dag to None
[2022-04-13 07:22:44,068] {scheduler_job.py:190} INFO - Processing /home/airflow/sandbox/lib/python3.8/site-packages/airflow/example_dags/example_trigger_target_dag.py took 0.694 seconds
[2022-04-13 07:23:14,462] {scheduler_job.py:182} INFO - Started process (PID=8923) to work on /home/airflow/sandbox/lib/python3.8/site-packages/airflow/example_dags/example_trigger_target_dag.py
[2022-04-13 07:23:14,471] {scheduler_job.py:633} INFO - Processing file /home/airflow/sandbox/lib/python3.8/site-packages/airflow/example_dags/example_trigger_target_dag.py for tasks to queue
[2022-04-13 07:23:14,492] {logging_mixin.py:104} INFO - [2022-04-13 07:23:14,492] {dagbag.py:487} INFO - Filling up the DagBag from /home/airflow/sandbox/lib/python3.8/site-packages/airflow/example_dags/example_trigger_target_dag.py
[2022-04-13 07:23:14,542] {scheduler_job.py:643} INFO - DAG(s) dict_keys(['example_trigger_target_dag']) retrieved from /home/airflow/sandbox/lib/python3.8/site-packages/airflow/example_dags/example_trigger_target_dag.py
[2022-04-13 07:23:14,726] {logging_mixin.py:104} INFO - [2022-04-13 07:23:14,726] {dag.py:1832} INFO - Sync 1 DAGs
[2022-04-13 07:23:14,800] {logging_mixin.py:104} INFO - [2022-04-13 07:23:14,800] {dag.py:2305} INFO - Setting next_dagrun for example_trigger_target_dag to None
[2022-04-13 07:23:15,105] {scheduler_job.py:190} INFO - Processing /home/airflow/sandbox/lib/python3.8/site-packages/airflow/example_dags/example_trigger_target_dag.py took 0.652 seconds
[2022-04-13 07:23:45,275] {scheduler_job.py:182} INFO - Started process (PID=9121) to work on /home/airflow/sandbox/lib/python3.8/site-packages/airflow/example_dags/example_trigger_target_dag.py
[2022-04-13 07:23:45,278] {scheduler_job.py:633} INFO - Processing file /home/airflow/sandbox/lib/python3.8/site-packages/airflow/example_dags/example_trigger_target_dag.py for tasks to queue
[2022-04-13 07:23:45,279] {logging_mixin.py:104} INFO - [2022-04-13 07:23:45,279] {dagbag.py:487} INFO - Filling up the DagBag from /home/airflow/sandbox/lib/python3.8/site-packages/airflow/example_dags/example_trigger_target_dag.py
[2022-04-13 07:23:45,321] {scheduler_job.py:643} INFO - DAG(s) dict_keys(['example_trigger_target_dag']) retrieved from /home/airflow/sandbox/lib/python3.8/site-packages/airflow/example_dags/example_trigger_target_dag.py
[2022-04-13 07:23:45,392] {logging_mixin.py:104} INFO - [2022-04-13 07:23:45,391] {dag.py:1832} INFO - Sync 1 DAGs
[2022-04-13 07:23:45,558] {logging_mixin.py:104} INFO - [2022-04-13 07:23:45,558] {dag.py:2305} INFO - Setting next_dagrun for example_trigger_target_dag to None
[2022-04-13 07:23:45,588] {scheduler_job.py:190} INFO - Processing /home/airflow/sandbox/lib/python3.8/site-packages/airflow/example_dags/example_trigger_target_dag.py took 0.324 seconds
[2022-04-13 07:24:16,100] {scheduler_job.py:182} INFO - Started process (PID=9318) to work on /home/airflow/sandbox/lib/python3.8/site-packages/airflow/example_dags/example_trigger_target_dag.py
[2022-04-13 07:24:16,103] {scheduler_job.py:633} INFO - Processing file /home/airflow/sandbox/lib/python3.8/site-packages/airflow/example_dags/example_trigger_target_dag.py for tasks to queue
[2022-04-13 07:24:16,108] {logging_mixin.py:104} INFO - [2022-04-13 07:24:16,107] {dagbag.py:487} INFO - Filling up the DagBag from /home/airflow/sandbox/lib/python3.8/site-packages/airflow/example_dags/example_trigger_target_dag.py
[2022-04-13 07:24:16,140] {scheduler_job.py:643} INFO - DAG(s) dict_keys(['example_trigger_target_dag']) retrieved from /home/airflow/sandbox/lib/python3.8/site-packages/airflow/example_dags/example_trigger_target_dag.py
[2022-04-13 07:24:16,221] {logging_mixin.py:104} INFO - [2022-04-13 07:24:16,221] {dag.py:1832} INFO - Sync 1 DAGs
[2022-04-13 07:24:16,379] {logging_mixin.py:104} INFO - [2022-04-13 07:24:16,379] {dag.py:2305} INFO - Setting next_dagrun for example_trigger_target_dag to None
[2022-04-13 07:24:16,409] {scheduler_job.py:190} INFO - Processing /home/airflow/sandbox/lib/python3.8/site-packages/airflow/example_dags/example_trigger_target_dag.py took 0.353 seconds
[2022-04-13 07:24:47,150] {scheduler_job.py:182} INFO - Started process (PID=9761) to work on /home/airflow/sandbox/lib/python3.8/site-packages/airflow/example_dags/example_trigger_target_dag.py
[2022-04-13 07:24:47,168] {scheduler_job.py:633} INFO - Processing file /home/airflow/sandbox/lib/python3.8/site-packages/airflow/example_dags/example_trigger_target_dag.py for tasks to queue
[2022-04-13 07:24:47,173] {logging_mixin.py:104} INFO - [2022-04-13 07:24:47,172] {dagbag.py:487} INFO - Filling up the DagBag from /home/airflow/sandbox/lib/python3.8/site-packages/airflow/example_dags/example_trigger_target_dag.py
[2022-04-13 07:24:47,305] {scheduler_job.py:643} INFO - DAG(s) dict_keys(['example_trigger_target_dag']) retrieved from /home/airflow/sandbox/lib/python3.8/site-packages/airflow/example_dags/example_trigger_target_dag.py
[2022-04-13 07:24:47,410] {logging_mixin.py:104} INFO - [2022-04-13 07:24:47,410] {dag.py:1832} INFO - Sync 1 DAGs
[2022-04-13 07:24:47,648] {logging_mixin.py:104} INFO - [2022-04-13 07:24:47,648] {dag.py:2305} INFO - Setting next_dagrun for example_trigger_target_dag to None
[2022-04-13 07:24:47,712] {scheduler_job.py:190} INFO - Processing /home/airflow/sandbox/lib/python3.8/site-packages/airflow/example_dags/example_trigger_target_dag.py took 0.571 seconds
[2022-04-13 07:25:19,136] {scheduler_job.py:182} INFO - Started process (PID=9963) to work on /home/airflow/sandbox/lib/python3.8/site-packages/airflow/example_dags/example_trigger_target_dag.py
[2022-04-13 07:25:19,190] {scheduler_job.py:633} INFO - Processing file /home/airflow/sandbox/lib/python3.8/site-packages/airflow/example_dags/example_trigger_target_dag.py for tasks to queue
[2022-04-13 07:25:19,201] {logging_mixin.py:104} INFO - [2022-04-13 07:25:19,201] {dagbag.py:487} INFO - Filling up the DagBag from /home/airflow/sandbox/lib/python3.8/site-packages/airflow/example_dags/example_trigger_target_dag.py
[2022-04-13 07:25:19,330] {scheduler_job.py:643} INFO - DAG(s) dict_keys(['example_trigger_target_dag']) retrieved from /home/airflow/sandbox/lib/python3.8/site-packages/airflow/example_dags/example_trigger_target_dag.py
[2022-04-13 07:25:19,487] {logging_mixin.py:104} INFO - [2022-04-13 07:25:19,487] {dag.py:1832} INFO - Sync 1 DAGs
[2022-04-13 07:25:19,800] {logging_mixin.py:104} INFO - [2022-04-13 07:25:19,800] {dag.py:2305} INFO - Setting next_dagrun for example_trigger_target_dag to None
[2022-04-13 07:25:19,876] {scheduler_job.py:190} INFO - Processing /home/airflow/sandbox/lib/python3.8/site-packages/airflow/example_dags/example_trigger_target_dag.py took 0.750 seconds
[2022-04-13 07:25:51,149] {scheduler_job.py:182} INFO - Started process (PID=10169) to work on /home/airflow/sandbox/lib/python3.8/site-packages/airflow/example_dags/example_trigger_target_dag.py
[2022-04-13 07:25:51,177] {scheduler_job.py:633} INFO - Processing file /home/airflow/sandbox/lib/python3.8/site-packages/airflow/example_dags/example_trigger_target_dag.py for tasks to queue
[2022-04-13 07:25:51,179] {logging_mixin.py:104} INFO - [2022-04-13 07:25:51,179] {dagbag.py:487} INFO - Filling up the DagBag from /home/airflow/sandbox/lib/python3.8/site-packages/airflow/example_dags/example_trigger_target_dag.py
[2022-04-13 07:25:51,251] {scheduler_job.py:643} INFO - DAG(s) dict_keys(['example_trigger_target_dag']) retrieved from /home/airflow/sandbox/lib/python3.8/site-packages/airflow/example_dags/example_trigger_target_dag.py
[2022-04-13 07:25:51,373] {logging_mixin.py:104} INFO - [2022-04-13 07:25:51,373] {dag.py:1832} INFO - Sync 1 DAGs
[2022-04-13 07:25:51,676] {logging_mixin.py:104} INFO - [2022-04-13 07:25:51,675] {dag.py:2305} INFO - Setting next_dagrun for example_trigger_target_dag to None
[2022-04-13 07:25:51,888] {scheduler_job.py:190} INFO - Processing /home/airflow/sandbox/lib/python3.8/site-packages/airflow/example_dags/example_trigger_target_dag.py took 0.749 seconds
[2022-04-13 07:26:22,833] {scheduler_job.py:182} INFO - Started process (PID=10377) to work on /home/airflow/sandbox/lib/python3.8/site-packages/airflow/example_dags/example_trigger_target_dag.py
[2022-04-13 07:26:22,863] {scheduler_job.py:633} INFO - Processing file /home/airflow/sandbox/lib/python3.8/site-packages/airflow/example_dags/example_trigger_target_dag.py for tasks to queue
[2022-04-13 07:26:22,865] {logging_mixin.py:104} INFO - [2022-04-13 07:26:22,865] {dagbag.py:487} INFO - Filling up the DagBag from /home/airflow/sandbox/lib/python3.8/site-packages/airflow/example_dags/example_trigger_target_dag.py
[2022-04-13 07:26:22,974] {scheduler_job.py:643} INFO - DAG(s) dict_keys(['example_trigger_target_dag']) retrieved from /home/airflow/sandbox/lib/python3.8/site-packages/airflow/example_dags/example_trigger_target_dag.py
[2022-04-13 07:26:23,109] {logging_mixin.py:104} INFO - [2022-04-13 07:26:23,097] {dag.py:1832} INFO - Sync 1 DAGs
[2022-04-13 07:26:23,510] {logging_mixin.py:104} INFO - [2022-04-13 07:26:23,510] {dag.py:2305} INFO - Setting next_dagrun for example_trigger_target_dag to None
[2022-04-13 07:26:23,584] {scheduler_job.py:190} INFO - Processing /home/airflow/sandbox/lib/python3.8/site-packages/airflow/example_dags/example_trigger_target_dag.py took 0.760 seconds
[2022-04-13 07:26:53,978] {scheduler_job.py:182} INFO - Started process (PID=10574) to work on /home/airflow/sandbox/lib/python3.8/site-packages/airflow/example_dags/example_trigger_target_dag.py
[2022-04-13 07:26:53,982] {scheduler_job.py:633} INFO - Processing file /home/airflow/sandbox/lib/python3.8/site-packages/airflow/example_dags/example_trigger_target_dag.py for tasks to queue
[2022-04-13 07:26:53,984] {logging_mixin.py:104} INFO - [2022-04-13 07:26:53,984] {dagbag.py:487} INFO - Filling up the DagBag from /home/airflow/sandbox/lib/python3.8/site-packages/airflow/example_dags/example_trigger_target_dag.py
[2022-04-13 07:26:54,066] {scheduler_job.py:643} INFO - DAG(s) dict_keys(['example_trigger_target_dag']) retrieved from /home/airflow/sandbox/lib/python3.8/site-packages/airflow/example_dags/example_trigger_target_dag.py
[2022-04-13 07:26:54,487] {logging_mixin.py:104} INFO - [2022-04-13 07:26:54,487] {dag.py:1832} INFO - Sync 1 DAGs
[2022-04-13 07:26:54,556] {logging_mixin.py:104} INFO - [2022-04-13 07:26:54,555] {dag.py:2305} INFO - Setting next_dagrun for example_trigger_target_dag to None
[2022-04-13 07:26:54,671] {scheduler_job.py:190} INFO - Processing /home/airflow/sandbox/lib/python3.8/site-packages/airflow/example_dags/example_trigger_target_dag.py took 0.727 seconds
[2022-04-13 07:27:24,854] {scheduler_job.py:182} INFO - Started process (PID=10769) to work on /home/airflow/sandbox/lib/python3.8/site-packages/airflow/example_dags/example_trigger_target_dag.py
[2022-04-13 07:27:24,857] {scheduler_job.py:633} INFO - Processing file /home/airflow/sandbox/lib/python3.8/site-packages/airflow/example_dags/example_trigger_target_dag.py for tasks to queue
[2022-04-13 07:27:24,859] {logging_mixin.py:104} INFO - [2022-04-13 07:27:24,859] {dagbag.py:487} INFO - Filling up the DagBag from /home/airflow/sandbox/lib/python3.8/site-packages/airflow/example_dags/example_trigger_target_dag.py
[2022-04-13 07:27:24,906] {scheduler_job.py:643} INFO - DAG(s) dict_keys(['example_trigger_target_dag']) retrieved from /home/airflow/sandbox/lib/python3.8/site-packages/airflow/example_dags/example_trigger_target_dag.py
[2022-04-13 07:27:25,107] {logging_mixin.py:104} INFO - [2022-04-13 07:27:25,107] {dag.py:1832} INFO - Sync 1 DAGs
[2022-04-13 07:27:25,134] {logging_mixin.py:104} INFO - [2022-04-13 07:27:25,133] {dag.py:2305} INFO - Setting next_dagrun for example_trigger_target_dag to None
[2022-04-13 07:27:25,160] {scheduler_job.py:190} INFO - Processing /home/airflow/sandbox/lib/python3.8/site-packages/airflow/example_dags/example_trigger_target_dag.py took 0.318 seconds
[2022-04-13 07:27:56,249] {scheduler_job.py:182} INFO - Started process (PID=10965) to work on /home/airflow/sandbox/lib/python3.8/site-packages/airflow/example_dags/example_trigger_target_dag.py
[2022-04-13 07:27:56,250] {scheduler_job.py:633} INFO - Processing file /home/airflow/sandbox/lib/python3.8/site-packages/airflow/example_dags/example_trigger_target_dag.py for tasks to queue
[2022-04-13 07:27:56,250] {logging_mixin.py:104} INFO - [2022-04-13 07:27:56,250] {dagbag.py:487} INFO - Filling up the DagBag from /home/airflow/sandbox/lib/python3.8/site-packages/airflow/example_dags/example_trigger_target_dag.py
[2022-04-13 07:27:56,335] {scheduler_job.py:643} INFO - DAG(s) dict_keys(['example_trigger_target_dag']) retrieved from /home/airflow/sandbox/lib/python3.8/site-packages/airflow/example_dags/example_trigger_target_dag.py
[2022-04-13 07:27:56,736] {logging_mixin.py:104} INFO - [2022-04-13 07:27:56,735] {dag.py:1832} INFO - Sync 1 DAGs
[2022-04-13 07:27:56,795] {logging_mixin.py:104} INFO - [2022-04-13 07:27:56,794] {dag.py:2305} INFO - Setting next_dagrun for example_trigger_target_dag to None
[2022-04-13 07:27:56,931] {scheduler_job.py:190} INFO - Processing /home/airflow/sandbox/lib/python3.8/site-packages/airflow/example_dags/example_trigger_target_dag.py took 0.692 seconds
[2022-04-13 07:28:27,782] {scheduler_job.py:182} INFO - Started process (PID=11163) to work on /home/airflow/sandbox/lib/python3.8/site-packages/airflow/example_dags/example_trigger_target_dag.py
[2022-04-13 07:28:27,798] {scheduler_job.py:633} INFO - Processing file /home/airflow/sandbox/lib/python3.8/site-packages/airflow/example_dags/example_trigger_target_dag.py for tasks to queue
[2022-04-13 07:28:27,800] {logging_mixin.py:104} INFO - [2022-04-13 07:28:27,800] {dagbag.py:487} INFO - Filling up the DagBag from /home/airflow/sandbox/lib/python3.8/site-packages/airflow/example_dags/example_trigger_target_dag.py
[2022-04-13 07:28:27,927] {scheduler_job.py:643} INFO - DAG(s) dict_keys(['example_trigger_target_dag']) retrieved from /home/airflow/sandbox/lib/python3.8/site-packages/airflow/example_dags/example_trigger_target_dag.py
[2022-04-13 07:28:28,421] {logging_mixin.py:104} INFO - [2022-04-13 07:28:28,421] {dag.py:1832} INFO - Sync 1 DAGs
[2022-04-13 07:28:28,515] {logging_mixin.py:104} INFO - [2022-04-13 07:28:28,515] {dag.py:2305} INFO - Setting next_dagrun for example_trigger_target_dag to None
[2022-04-13 07:28:28,653] {scheduler_job.py:190} INFO - Processing /home/airflow/sandbox/lib/python3.8/site-packages/airflow/example_dags/example_trigger_target_dag.py took 0.882 seconds
[2022-04-13 07:28:59,447] {scheduler_job.py:182} INFO - Started process (PID=11361) to work on /home/airflow/sandbox/lib/python3.8/site-packages/airflow/example_dags/example_trigger_target_dag.py
[2022-04-13 07:28:59,451] {scheduler_job.py:633} INFO - Processing file /home/airflow/sandbox/lib/python3.8/site-packages/airflow/example_dags/example_trigger_target_dag.py for tasks to queue
[2022-04-13 07:28:59,453] {logging_mixin.py:104} INFO - [2022-04-13 07:28:59,452] {dagbag.py:487} INFO - Filling up the DagBag from /home/airflow/sandbox/lib/python3.8/site-packages/airflow/example_dags/example_trigger_target_dag.py
[2022-04-13 07:28:59,579] {scheduler_job.py:643} INFO - DAG(s) dict_keys(['example_trigger_target_dag']) retrieved from /home/airflow/sandbox/lib/python3.8/site-packages/airflow/example_dags/example_trigger_target_dag.py
[2022-04-13 07:28:59,659] {logging_mixin.py:104} INFO - [2022-04-13 07:28:59,658] {dag.py:1832} INFO - Sync 1 DAGs
[2022-04-13 07:28:59,690] {logging_mixin.py:104} INFO - [2022-04-13 07:28:59,690] {dag.py:2305} INFO - Setting next_dagrun for example_trigger_target_dag to None
[2022-04-13 07:28:59,734] {scheduler_job.py:190} INFO - Processing /home/airflow/sandbox/lib/python3.8/site-packages/airflow/example_dags/example_trigger_target_dag.py took 0.296 seconds
[2022-04-13 07:29:29,990] {scheduler_job.py:182} INFO - Started process (PID=11802) to work on /home/airflow/sandbox/lib/python3.8/site-packages/airflow/example_dags/example_trigger_target_dag.py
[2022-04-13 07:29:29,993] {scheduler_job.py:633} INFO - Processing file /home/airflow/sandbox/lib/python3.8/site-packages/airflow/example_dags/example_trigger_target_dag.py for tasks to queue
[2022-04-13 07:29:29,994] {logging_mixin.py:104} INFO - [2022-04-13 07:29:29,994] {dagbag.py:487} INFO - Filling up the DagBag from /home/airflow/sandbox/lib/python3.8/site-packages/airflow/example_dags/example_trigger_target_dag.py
[2022-04-13 07:29:30,184] {scheduler_job.py:643} INFO - DAG(s) dict_keys(['example_trigger_target_dag']) retrieved from /home/airflow/sandbox/lib/python3.8/site-packages/airflow/example_dags/example_trigger_target_dag.py
[2022-04-13 07:29:30,271] {logging_mixin.py:104} INFO - [2022-04-13 07:29:30,270] {dag.py:1832} INFO - Sync 1 DAGs
[2022-04-13 07:29:30,309] {logging_mixin.py:104} INFO - [2022-04-13 07:29:30,308] {dag.py:2305} INFO - Setting next_dagrun for example_trigger_target_dag to None
[2022-04-13 07:29:30,449] {scheduler_job.py:190} INFO - Processing /home/airflow/sandbox/lib/python3.8/site-packages/airflow/example_dags/example_trigger_target_dag.py took 0.469 seconds
[2022-04-13 07:30:00,747] {scheduler_job.py:182} INFO - Started process (PID=12001) to work on /home/airflow/sandbox/lib/python3.8/site-packages/airflow/example_dags/example_trigger_target_dag.py
[2022-04-13 07:30:00,751] {scheduler_job.py:633} INFO - Processing file /home/airflow/sandbox/lib/python3.8/site-packages/airflow/example_dags/example_trigger_target_dag.py for tasks to queue
[2022-04-13 07:30:00,752] {logging_mixin.py:104} INFO - [2022-04-13 07:30:00,752] {dagbag.py:487} INFO - Filling up the DagBag from /home/airflow/sandbox/lib/python3.8/site-packages/airflow/example_dags/example_trigger_target_dag.py
[2022-04-13 07:30:00,929] {scheduler_job.py:643} INFO - DAG(s) dict_keys(['example_trigger_target_dag']) retrieved from /home/airflow/sandbox/lib/python3.8/site-packages/airflow/example_dags/example_trigger_target_dag.py
[2022-04-13 07:30:00,981] {logging_mixin.py:104} INFO - [2022-04-13 07:30:00,981] {dag.py:1832} INFO - Sync 1 DAGs
[2022-04-13 07:30:01,040] {logging_mixin.py:104} INFO - [2022-04-13 07:30:01,039] {dag.py:2305} INFO - Setting next_dagrun for example_trigger_target_dag to None
[2022-04-13 07:30:01,111] {scheduler_job.py:190} INFO - Processing /home/airflow/sandbox/lib/python3.8/site-packages/airflow/example_dags/example_trigger_target_dag.py took 0.373 seconds
[2022-04-13 07:30:31,916] {scheduler_job.py:182} INFO - Started process (PID=12201) to work on /home/airflow/sandbox/lib/python3.8/site-packages/airflow/example_dags/example_trigger_target_dag.py
[2022-04-13 07:30:31,924] {scheduler_job.py:633} INFO - Processing file /home/airflow/sandbox/lib/python3.8/site-packages/airflow/example_dags/example_trigger_target_dag.py for tasks to queue
[2022-04-13 07:30:31,928] {logging_mixin.py:104} INFO - [2022-04-13 07:30:31,928] {dagbag.py:487} INFO - Filling up the DagBag from /home/airflow/sandbox/lib/python3.8/site-packages/airflow/example_dags/example_trigger_target_dag.py
[2022-04-13 07:30:32,314] {scheduler_job.py:643} INFO - DAG(s) dict_keys(['example_trigger_target_dag']) retrieved from /home/airflow/sandbox/lib/python3.8/site-packages/airflow/example_dags/example_trigger_target_dag.py
[2022-04-13 07:30:32,445] {logging_mixin.py:104} INFO - [2022-04-13 07:30:32,444] {dag.py:1832} INFO - Sync 1 DAGs
[2022-04-13 07:30:32,524] {logging_mixin.py:104} INFO - [2022-04-13 07:30:32,524] {dag.py:2305} INFO - Setting next_dagrun for example_trigger_target_dag to None
[2022-04-13 07:30:32,582] {scheduler_job.py:190} INFO - Processing /home/airflow/sandbox/lib/python3.8/site-packages/airflow/example_dags/example_trigger_target_dag.py took 0.687 seconds
[2022-04-13 07:31:02,951] {scheduler_job.py:182} INFO - Started process (PID=12401) to work on /home/airflow/sandbox/lib/python3.8/site-packages/airflow/example_dags/example_trigger_target_dag.py
[2022-04-13 07:31:02,961] {scheduler_job.py:633} INFO - Processing file /home/airflow/sandbox/lib/python3.8/site-packages/airflow/example_dags/example_trigger_target_dag.py for tasks to queue
[2022-04-13 07:31:02,965] {logging_mixin.py:104} INFO - [2022-04-13 07:31:02,965] {dagbag.py:487} INFO - Filling up the DagBag from /home/airflow/sandbox/lib/python3.8/site-packages/airflow/example_dags/example_trigger_target_dag.py
[2022-04-13 07:31:03,396] {scheduler_job.py:643} INFO - DAG(s) dict_keys(['example_trigger_target_dag']) retrieved from /home/airflow/sandbox/lib/python3.8/site-packages/airflow/example_dags/example_trigger_target_dag.py
[2022-04-13 07:31:03,611] {logging_mixin.py:104} INFO - [2022-04-13 07:31:03,611] {dag.py:1832} INFO - Sync 1 DAGs
[2022-04-13 07:31:03,742] {logging_mixin.py:104} INFO - [2022-04-13 07:31:03,741] {dag.py:2305} INFO - Setting next_dagrun for example_trigger_target_dag to None
[2022-04-13 07:31:03,807] {scheduler_job.py:190} INFO - Processing /home/airflow/sandbox/lib/python3.8/site-packages/airflow/example_dags/example_trigger_target_dag.py took 0.890 seconds
[2022-04-13 07:31:36,847] {scheduler_job.py:182} INFO - Started process (PID=12769) to work on /home/airflow/sandbox/lib/python3.8/site-packages/airflow/example_dags/example_trigger_target_dag.py
[2022-04-13 07:31:36,850] {scheduler_job.py:633} INFO - Processing file /home/airflow/sandbox/lib/python3.8/site-packages/airflow/example_dags/example_trigger_target_dag.py for tasks to queue
[2022-04-13 07:31:36,852] {logging_mixin.py:104} INFO - [2022-04-13 07:31:36,852] {dagbag.py:487} INFO - Filling up the DagBag from /home/airflow/sandbox/lib/python3.8/site-packages/airflow/example_dags/example_trigger_target_dag.py
[2022-04-13 07:31:36,924] {scheduler_job.py:643} INFO - DAG(s) dict_keys(['example_trigger_target_dag']) retrieved from /home/airflow/sandbox/lib/python3.8/site-packages/airflow/example_dags/example_trigger_target_dag.py
[2022-04-13 07:31:37,199] {logging_mixin.py:104} INFO - [2022-04-13 07:31:37,199] {dag.py:1832} INFO - Sync 1 DAGs
[2022-04-13 07:31:37,283] {logging_mixin.py:104} INFO - [2022-04-13 07:31:37,283] {dag.py:2305} INFO - Setting next_dagrun for example_trigger_target_dag to None
[2022-04-13 07:31:37,421] {scheduler_job.py:190} INFO - Processing /home/airflow/sandbox/lib/python3.8/site-packages/airflow/example_dags/example_trigger_target_dag.py took 0.585 seconds
[2022-04-13 07:32:09,147] {scheduler_job.py:182} INFO - Started process (PID=13051) to work on /home/airflow/sandbox/lib/python3.8/site-packages/airflow/example_dags/example_trigger_target_dag.py
[2022-04-13 07:32:09,161] {scheduler_job.py:633} INFO - Processing file /home/airflow/sandbox/lib/python3.8/site-packages/airflow/example_dags/example_trigger_target_dag.py for tasks to queue
[2022-04-13 07:32:09,168] {logging_mixin.py:104} INFO - [2022-04-13 07:32:09,167] {dagbag.py:487} INFO - Filling up the DagBag from /home/airflow/sandbox/lib/python3.8/site-packages/airflow/example_dags/example_trigger_target_dag.py
[2022-04-13 07:32:09,203] {scheduler_job.py:643} INFO - DAG(s) dict_keys(['example_trigger_target_dag']) retrieved from /home/airflow/sandbox/lib/python3.8/site-packages/airflow/example_dags/example_trigger_target_dag.py
[2022-04-13 07:32:09,279] {logging_mixin.py:104} INFO - [2022-04-13 07:32:09,278] {dag.py:1832} INFO - Sync 1 DAGs
[2022-04-13 07:32:09,326] {logging_mixin.py:104} INFO - [2022-04-13 07:32:09,326] {dag.py:2305} INFO - Setting next_dagrun for example_trigger_target_dag to None
[2022-04-13 07:32:09,544] {scheduler_job.py:190} INFO - Processing /home/airflow/sandbox/lib/python3.8/site-packages/airflow/example_dags/example_trigger_target_dag.py took 0.428 seconds
[2022-04-13 07:32:44,715] {scheduler_job.py:182} INFO - Started process (PID=13285) to work on /home/airflow/sandbox/lib/python3.8/site-packages/airflow/example_dags/example_trigger_target_dag.py
[2022-04-13 07:32:44,719] {scheduler_job.py:633} INFO - Processing file /home/airflow/sandbox/lib/python3.8/site-packages/airflow/example_dags/example_trigger_target_dag.py for tasks to queue
[2022-04-13 07:32:44,728] {logging_mixin.py:104} INFO - [2022-04-13 07:32:44,728] {dagbag.py:487} INFO - Filling up the DagBag from /home/airflow/sandbox/lib/python3.8/site-packages/airflow/example_dags/example_trigger_target_dag.py
[2022-04-13 07:32:44,901] {scheduler_job.py:643} INFO - DAG(s) dict_keys(['example_trigger_target_dag']) retrieved from /home/airflow/sandbox/lib/python3.8/site-packages/airflow/example_dags/example_trigger_target_dag.py
[2022-04-13 07:32:45,482] {logging_mixin.py:104} INFO - [2022-04-13 07:32:45,482] {dag.py:1832} INFO - Sync 1 DAGs
[2022-04-13 07:32:45,681] {logging_mixin.py:104} INFO - [2022-04-13 07:32:45,680] {dag.py:2305} INFO - Setting next_dagrun for example_trigger_target_dag to None
[2022-04-13 07:32:45,806] {scheduler_job.py:190} INFO - Processing /home/airflow/sandbox/lib/python3.8/site-packages/airflow/example_dags/example_trigger_target_dag.py took 1.235 seconds
