[2022-04-13 07:09:23,664] {scheduler_job.py:182} INFO - Started process (PID=2954) to work on /home/airflow/sandbox/lib/python3.8/site-packages/airflow/example_dags/example_branch_operator.py
[2022-04-13 07:09:23,666] {scheduler_job.py:633} INFO - Processing file /home/airflow/sandbox/lib/python3.8/site-packages/airflow/example_dags/example_branch_operator.py for tasks to queue
[2022-04-13 07:09:23,668] {logging_mixin.py:104} INFO - [2022-04-13 07:09:23,668] {dagbag.py:487} INFO - Filling up the DagBag from /home/airflow/sandbox/lib/python3.8/site-packages/airflow/example_dags/example_branch_operator.py
[2022-04-13 07:09:23,763] {scheduler_job.py:643} INFO - DAG(s) dict_keys(['example_branch_operator']) retrieved from /home/airflow/sandbox/lib/python3.8/site-packages/airflow/example_dags/example_branch_operator.py
[2022-04-13 07:09:25,607] {logging_mixin.py:104} INFO - [2022-04-13 07:09:25,607] {dag.py:1832} INFO - Sync 1 DAGs
[2022-04-13 07:09:25,728] {logging_mixin.py:104} INFO - [2022-04-13 07:09:25,727] {dag.py:2305} INFO - Setting next_dagrun for example_branch_operator to 2022-04-11 00:00:00+00:00
[2022-04-13 07:09:25,841] {scheduler_job.py:190} INFO - Processing /home/airflow/sandbox/lib/python3.8/site-packages/airflow/example_dags/example_branch_operator.py took 2.183 seconds
[2022-04-13 07:09:56,309] {scheduler_job.py:182} INFO - Started process (PID=3471) to work on /home/airflow/sandbox/lib/python3.8/site-packages/airflow/example_dags/example_branch_operator.py
[2022-04-13 07:09:56,311] {scheduler_job.py:633} INFO - Processing file /home/airflow/sandbox/lib/python3.8/site-packages/airflow/example_dags/example_branch_operator.py for tasks to queue
[2022-04-13 07:09:56,312] {logging_mixin.py:104} INFO - [2022-04-13 07:09:56,312] {dagbag.py:487} INFO - Filling up the DagBag from /home/airflow/sandbox/lib/python3.8/site-packages/airflow/example_dags/example_branch_operator.py
[2022-04-13 07:09:56,438] {scheduler_job.py:643} INFO - DAG(s) dict_keys(['example_branch_operator']) retrieved from /home/airflow/sandbox/lib/python3.8/site-packages/airflow/example_dags/example_branch_operator.py
[2022-04-13 07:09:56,607] {logging_mixin.py:104} INFO - [2022-04-13 07:09:56,607] {dag.py:1832} INFO - Sync 1 DAGs
[2022-04-13 07:09:56,670] {logging_mixin.py:104} INFO - [2022-04-13 07:09:56,670] {dag.py:2305} INFO - Setting next_dagrun for example_branch_operator to 2022-04-11 00:00:00+00:00
[2022-04-13 07:09:56,750] {scheduler_job.py:190} INFO - Processing /home/airflow/sandbox/lib/python3.8/site-packages/airflow/example_dags/example_branch_operator.py took 0.450 seconds
[2022-04-13 07:14:36,669] {scheduler_job.py:182} INFO - Started process (PID=5131) to work on /home/airflow/sandbox/lib/python3.8/site-packages/airflow/example_dags/example_branch_operator.py
[2022-04-13 07:14:36,670] {scheduler_job.py:633} INFO - Processing file /home/airflow/sandbox/lib/python3.8/site-packages/airflow/example_dags/example_branch_operator.py for tasks to queue
[2022-04-13 07:14:36,672] {logging_mixin.py:104} INFO - [2022-04-13 07:14:36,672] {dagbag.py:487} INFO - Filling up the DagBag from /home/airflow/sandbox/lib/python3.8/site-packages/airflow/example_dags/example_branch_operator.py
[2022-04-13 07:14:36,742] {scheduler_job.py:643} INFO - DAG(s) dict_keys(['example_branch_operator']) retrieved from /home/airflow/sandbox/lib/python3.8/site-packages/airflow/example_dags/example_branch_operator.py
[2022-04-13 07:14:36,935] {logging_mixin.py:104} INFO - [2022-04-13 07:14:36,935] {dag.py:1832} INFO - Sync 1 DAGs
[2022-04-13 07:14:37,017] {logging_mixin.py:104} INFO - [2022-04-13 07:14:37,017] {dag.py:2305} INFO - Setting next_dagrun for example_branch_operator to 2022-04-11 00:00:00+00:00
[2022-04-13 07:14:37,189] {scheduler_job.py:190} INFO - Processing /home/airflow/sandbox/lib/python3.8/site-packages/airflow/example_dags/example_branch_operator.py took 0.524 seconds
[2022-04-13 07:15:08,947] {scheduler_job.py:182} INFO - Started process (PID=5476) to work on /home/airflow/sandbox/lib/python3.8/site-packages/airflow/example_dags/example_branch_operator.py
[2022-04-13 07:15:08,965] {scheduler_job.py:633} INFO - Processing file /home/airflow/sandbox/lib/python3.8/site-packages/airflow/example_dags/example_branch_operator.py for tasks to queue
[2022-04-13 07:15:08,978] {logging_mixin.py:104} INFO - [2022-04-13 07:15:08,977] {dagbag.py:487} INFO - Filling up the DagBag from /home/airflow/sandbox/lib/python3.8/site-packages/airflow/example_dags/example_branch_operator.py
[2022-04-13 07:15:09,122] {scheduler_job.py:643} INFO - DAG(s) dict_keys(['example_branch_operator']) retrieved from /home/airflow/sandbox/lib/python3.8/site-packages/airflow/example_dags/example_branch_operator.py
[2022-04-13 07:15:09,470] {logging_mixin.py:104} INFO - [2022-04-13 07:15:09,470] {dag.py:1832} INFO - Sync 1 DAGs
[2022-04-13 07:15:09,642] {logging_mixin.py:104} INFO - [2022-04-13 07:15:09,642] {dag.py:2305} INFO - Setting next_dagrun for example_branch_operator to 2022-04-11 00:00:00+00:00
[2022-04-13 07:15:09,877] {scheduler_job.py:190} INFO - Processing /home/airflow/sandbox/lib/python3.8/site-packages/airflow/example_dags/example_branch_operator.py took 0.970 seconds
[2022-04-13 07:15:40,966] {scheduler_job.py:182} INFO - Started process (PID=5809) to work on /home/airflow/sandbox/lib/python3.8/site-packages/airflow/example_dags/example_branch_operator.py
[2022-04-13 07:15:40,984] {scheduler_job.py:633} INFO - Processing file /home/airflow/sandbox/lib/python3.8/site-packages/airflow/example_dags/example_branch_operator.py for tasks to queue
[2022-04-13 07:15:40,989] {logging_mixin.py:104} INFO - [2022-04-13 07:15:40,988] {dagbag.py:487} INFO - Filling up the DagBag from /home/airflow/sandbox/lib/python3.8/site-packages/airflow/example_dags/example_branch_operator.py
[2022-04-13 07:15:41,074] {scheduler_job.py:643} INFO - DAG(s) dict_keys(['example_branch_operator']) retrieved from /home/airflow/sandbox/lib/python3.8/site-packages/airflow/example_dags/example_branch_operator.py
[2022-04-13 07:15:41,183] {logging_mixin.py:104} INFO - [2022-04-13 07:15:41,183] {dag.py:1832} INFO - Sync 1 DAGs
[2022-04-13 07:15:41,213] {logging_mixin.py:104} INFO - [2022-04-13 07:15:41,213] {dag.py:2305} INFO - Setting next_dagrun for example_branch_operator to 2022-04-11 00:00:00+00:00
[2022-04-13 07:15:41,386] {scheduler_job.py:190} INFO - Processing /home/airflow/sandbox/lib/python3.8/site-packages/airflow/example_dags/example_branch_operator.py took 0.429 seconds
[2022-04-13 07:16:17,218] {scheduler_job.py:182} INFO - Started process (PID=6048) to work on /home/airflow/sandbox/lib/python3.8/site-packages/airflow/example_dags/example_branch_operator.py
[2022-04-13 07:16:17,238] {scheduler_job.py:633} INFO - Processing file /home/airflow/sandbox/lib/python3.8/site-packages/airflow/example_dags/example_branch_operator.py for tasks to queue
[2022-04-13 07:16:17,240] {logging_mixin.py:104} INFO - [2022-04-13 07:16:17,240] {dagbag.py:487} INFO - Filling up the DagBag from /home/airflow/sandbox/lib/python3.8/site-packages/airflow/example_dags/example_branch_operator.py
[2022-04-13 07:16:17,312] {scheduler_job.py:643} INFO - DAG(s) dict_keys(['example_branch_operator']) retrieved from /home/airflow/sandbox/lib/python3.8/site-packages/airflow/example_dags/example_branch_operator.py
[2022-04-13 07:16:17,522] {logging_mixin.py:104} INFO - [2022-04-13 07:16:17,521] {dag.py:1832} INFO - Sync 1 DAGs
[2022-04-13 07:16:17,642] {logging_mixin.py:104} INFO - [2022-04-13 07:16:17,642] {dag.py:2305} INFO - Setting next_dagrun for example_branch_operator to 2022-04-11 00:00:00+00:00
[2022-04-13 07:16:17,851] {scheduler_job.py:190} INFO - Processing /home/airflow/sandbox/lib/python3.8/site-packages/airflow/example_dags/example_branch_operator.py took 0.662 seconds
[2022-04-13 07:16:49,726] {scheduler_job.py:182} INFO - Started process (PID=6267) to work on /home/airflow/sandbox/lib/python3.8/site-packages/airflow/example_dags/example_branch_operator.py
[2022-04-13 07:16:49,736] {scheduler_job.py:633} INFO - Processing file /home/airflow/sandbox/lib/python3.8/site-packages/airflow/example_dags/example_branch_operator.py for tasks to queue
[2022-04-13 07:16:49,742] {logging_mixin.py:104} INFO - [2022-04-13 07:16:49,742] {dagbag.py:487} INFO - Filling up the DagBag from /home/airflow/sandbox/lib/python3.8/site-packages/airflow/example_dags/example_branch_operator.py
[2022-04-13 07:16:49,823] {scheduler_job.py:643} INFO - DAG(s) dict_keys(['example_branch_operator']) retrieved from /home/airflow/sandbox/lib/python3.8/site-packages/airflow/example_dags/example_branch_operator.py
[2022-04-13 07:16:50,001] {logging_mixin.py:104} INFO - [2022-04-13 07:16:50,001] {dag.py:1832} INFO - Sync 1 DAGs
[2022-04-13 07:16:50,196] {logging_mixin.py:104} INFO - [2022-04-13 07:16:50,196] {dag.py:2305} INFO - Setting next_dagrun for example_branch_operator to 2022-04-11 00:00:00+00:00
[2022-04-13 07:16:50,256] {scheduler_job.py:190} INFO - Processing /home/airflow/sandbox/lib/python3.8/site-packages/airflow/example_dags/example_branch_operator.py took 0.552 seconds
[2022-04-13 07:17:21,692] {scheduler_job.py:182} INFO - Started process (PID=6465) to work on /home/airflow/sandbox/lib/python3.8/site-packages/airflow/example_dags/example_branch_operator.py
[2022-04-13 07:17:21,708] {scheduler_job.py:633} INFO - Processing file /home/airflow/sandbox/lib/python3.8/site-packages/airflow/example_dags/example_branch_operator.py for tasks to queue
[2022-04-13 07:17:21,710] {logging_mixin.py:104} INFO - [2022-04-13 07:17:21,710] {dagbag.py:487} INFO - Filling up the DagBag from /home/airflow/sandbox/lib/python3.8/site-packages/airflow/example_dags/example_branch_operator.py
[2022-04-13 07:17:21,801] {scheduler_job.py:643} INFO - DAG(s) dict_keys(['example_branch_operator']) retrieved from /home/airflow/sandbox/lib/python3.8/site-packages/airflow/example_dags/example_branch_operator.py
[2022-04-13 07:17:22,040] {logging_mixin.py:104} INFO - [2022-04-13 07:17:22,040] {dag.py:1832} INFO - Sync 1 DAGs
[2022-04-13 07:17:22,112] {logging_mixin.py:104} INFO - [2022-04-13 07:17:22,111] {dag.py:2305} INFO - Setting next_dagrun for example_branch_operator to 2022-04-11 00:00:00+00:00
[2022-04-13 07:17:22,185] {scheduler_job.py:190} INFO - Processing /home/airflow/sandbox/lib/python3.8/site-packages/airflow/example_dags/example_branch_operator.py took 0.505 seconds
[2022-04-13 07:17:53,805] {scheduler_job.py:182} INFO - Started process (PID=6664) to work on /home/airflow/sandbox/lib/python3.8/site-packages/airflow/example_dags/example_branch_operator.py
[2022-04-13 07:17:53,834] {scheduler_job.py:633} INFO - Processing file /home/airflow/sandbox/lib/python3.8/site-packages/airflow/example_dags/example_branch_operator.py for tasks to queue
[2022-04-13 07:17:53,837] {logging_mixin.py:104} INFO - [2022-04-13 07:17:53,836] {dagbag.py:487} INFO - Filling up the DagBag from /home/airflow/sandbox/lib/python3.8/site-packages/airflow/example_dags/example_branch_operator.py
[2022-04-13 07:17:53,907] {scheduler_job.py:643} INFO - DAG(s) dict_keys(['example_branch_operator']) retrieved from /home/airflow/sandbox/lib/python3.8/site-packages/airflow/example_dags/example_branch_operator.py
[2022-04-13 07:17:54,113] {logging_mixin.py:104} INFO - [2022-04-13 07:17:54,112] {dag.py:1832} INFO - Sync 1 DAGs
[2022-04-13 07:17:54,216] {logging_mixin.py:104} INFO - [2022-04-13 07:17:54,216] {dag.py:2305} INFO - Setting next_dagrun for example_branch_operator to 2022-04-11 00:00:00+00:00
[2022-04-13 07:17:54,508] {scheduler_job.py:190} INFO - Processing /home/airflow/sandbox/lib/python3.8/site-packages/airflow/example_dags/example_branch_operator.py took 0.715 seconds
[2022-04-13 07:18:26,222] {scheduler_job.py:182} INFO - Started process (PID=6868) to work on /home/airflow/sandbox/lib/python3.8/site-packages/airflow/example_dags/example_branch_operator.py
[2022-04-13 07:18:26,233] {scheduler_job.py:633} INFO - Processing file /home/airflow/sandbox/lib/python3.8/site-packages/airflow/example_dags/example_branch_operator.py for tasks to queue
[2022-04-13 07:18:26,234] {logging_mixin.py:104} INFO - [2022-04-13 07:18:26,234] {dagbag.py:487} INFO - Filling up the DagBag from /home/airflow/sandbox/lib/python3.8/site-packages/airflow/example_dags/example_branch_operator.py
[2022-04-13 07:18:26,282] {scheduler_job.py:643} INFO - DAG(s) dict_keys(['example_branch_operator']) retrieved from /home/airflow/sandbox/lib/python3.8/site-packages/airflow/example_dags/example_branch_operator.py
[2022-04-13 07:18:26,356] {logging_mixin.py:104} INFO - [2022-04-13 07:18:26,356] {dag.py:1832} INFO - Sync 1 DAGs
[2022-04-13 07:18:26,403] {logging_mixin.py:104} INFO - [2022-04-13 07:18:26,403] {dag.py:2305} INFO - Setting next_dagrun for example_branch_operator to 2022-04-11 00:00:00+00:00
[2022-04-13 07:18:26,449] {scheduler_job.py:190} INFO - Processing /home/airflow/sandbox/lib/python3.8/site-packages/airflow/example_dags/example_branch_operator.py took 0.236 seconds
[2022-04-13 07:18:59,005] {scheduler_job.py:182} INFO - Started process (PID=7067) to work on /home/airflow/sandbox/lib/python3.8/site-packages/airflow/example_dags/example_branch_operator.py
[2022-04-13 07:18:59,007] {scheduler_job.py:633} INFO - Processing file /home/airflow/sandbox/lib/python3.8/site-packages/airflow/example_dags/example_branch_operator.py for tasks to queue
[2022-04-13 07:18:59,009] {logging_mixin.py:104} INFO - [2022-04-13 07:18:59,009] {dagbag.py:487} INFO - Filling up the DagBag from /home/airflow/sandbox/lib/python3.8/site-packages/airflow/example_dags/example_branch_operator.py
[2022-04-13 07:18:59,027] {scheduler_job.py:643} INFO - DAG(s) dict_keys(['example_branch_operator']) retrieved from /home/airflow/sandbox/lib/python3.8/site-packages/airflow/example_dags/example_branch_operator.py
[2022-04-13 07:18:59,105] {logging_mixin.py:104} INFO - [2022-04-13 07:18:59,105] {dag.py:1832} INFO - Sync 1 DAGs
[2022-04-13 07:18:59,158] {logging_mixin.py:104} INFO - [2022-04-13 07:18:59,158] {dag.py:2305} INFO - Setting next_dagrun for example_branch_operator to 2022-04-11 00:00:00+00:00
[2022-04-13 07:18:59,225] {scheduler_job.py:190} INFO - Processing /home/airflow/sandbox/lib/python3.8/site-packages/airflow/example_dags/example_branch_operator.py took 0.230 seconds
[2022-04-13 07:19:31,795] {scheduler_job.py:182} INFO - Started process (PID=7517) to work on /home/airflow/sandbox/lib/python3.8/site-packages/airflow/example_dags/example_branch_operator.py
[2022-04-13 07:19:31,798] {scheduler_job.py:633} INFO - Processing file /home/airflow/sandbox/lib/python3.8/site-packages/airflow/example_dags/example_branch_operator.py for tasks to queue
[2022-04-13 07:19:31,799] {logging_mixin.py:104} INFO - [2022-04-13 07:19:31,799] {dagbag.py:487} INFO - Filling up the DagBag from /home/airflow/sandbox/lib/python3.8/site-packages/airflow/example_dags/example_branch_operator.py
[2022-04-13 07:19:31,838] {scheduler_job.py:643} INFO - DAG(s) dict_keys(['example_branch_operator']) retrieved from /home/airflow/sandbox/lib/python3.8/site-packages/airflow/example_dags/example_branch_operator.py
[2022-04-13 07:19:31,908] {logging_mixin.py:104} INFO - [2022-04-13 07:19:31,908] {dag.py:1832} INFO - Sync 1 DAGs
[2022-04-13 07:19:31,966] {logging_mixin.py:104} INFO - [2022-04-13 07:19:31,966] {dag.py:2305} INFO - Setting next_dagrun for example_branch_operator to 2022-04-11 00:00:00+00:00
[2022-04-13 07:19:32,037] {scheduler_job.py:190} INFO - Processing /home/airflow/sandbox/lib/python3.8/site-packages/airflow/example_dags/example_branch_operator.py took 0.250 seconds
[2022-04-13 07:20:03,368] {scheduler_job.py:182} INFO - Started process (PID=7719) to work on /home/airflow/sandbox/lib/python3.8/site-packages/airflow/example_dags/example_branch_operator.py
[2022-04-13 07:20:03,373] {scheduler_job.py:633} INFO - Processing file /home/airflow/sandbox/lib/python3.8/site-packages/airflow/example_dags/example_branch_operator.py for tasks to queue
[2022-04-13 07:20:03,374] {logging_mixin.py:104} INFO - [2022-04-13 07:20:03,374] {dagbag.py:487} INFO - Filling up the DagBag from /home/airflow/sandbox/lib/python3.8/site-packages/airflow/example_dags/example_branch_operator.py
[2022-04-13 07:20:03,442] {scheduler_job.py:643} INFO - DAG(s) dict_keys(['example_branch_operator']) retrieved from /home/airflow/sandbox/lib/python3.8/site-packages/airflow/example_dags/example_branch_operator.py
[2022-04-13 07:20:03,519] {logging_mixin.py:104} INFO - [2022-04-13 07:20:03,519] {dag.py:1832} INFO - Sync 1 DAGs
[2022-04-13 07:20:03,564] {logging_mixin.py:104} INFO - [2022-04-13 07:20:03,563] {dag.py:2305} INFO - Setting next_dagrun for example_branch_operator to 2022-04-11 00:00:00+00:00
[2022-04-13 07:20:03,603] {scheduler_job.py:190} INFO - Processing /home/airflow/sandbox/lib/python3.8/site-packages/airflow/example_dags/example_branch_operator.py took 0.243 seconds
[2022-04-13 07:20:35,810] {scheduler_job.py:182} INFO - Started process (PID=7919) to work on /home/airflow/sandbox/lib/python3.8/site-packages/airflow/example_dags/example_branch_operator.py
[2022-04-13 07:20:35,820] {scheduler_job.py:633} INFO - Processing file /home/airflow/sandbox/lib/python3.8/site-packages/airflow/example_dags/example_branch_operator.py for tasks to queue
[2022-04-13 07:20:35,821] {logging_mixin.py:104} INFO - [2022-04-13 07:20:35,821] {dagbag.py:487} INFO - Filling up the DagBag from /home/airflow/sandbox/lib/python3.8/site-packages/airflow/example_dags/example_branch_operator.py
[2022-04-13 07:20:35,979] {scheduler_job.py:643} INFO - DAG(s) dict_keys(['example_branch_operator']) retrieved from /home/airflow/sandbox/lib/python3.8/site-packages/airflow/example_dags/example_branch_operator.py
[2022-04-13 07:20:36,117] {logging_mixin.py:104} INFO - [2022-04-13 07:20:36,116] {dag.py:1832} INFO - Sync 1 DAGs
[2022-04-13 07:20:36,221] {logging_mixin.py:104} INFO - [2022-04-13 07:20:36,220] {dag.py:2305} INFO - Setting next_dagrun for example_branch_operator to 2022-04-11 00:00:00+00:00
[2022-04-13 07:20:36,304] {scheduler_job.py:190} INFO - Processing /home/airflow/sandbox/lib/python3.8/site-packages/airflow/example_dags/example_branch_operator.py took 0.519 seconds
[2022-04-13 07:21:07,322] {scheduler_job.py:182} INFO - Started process (PID=8116) to work on /home/airflow/sandbox/lib/python3.8/site-packages/airflow/example_dags/example_branch_operator.py
[2022-04-13 07:21:07,344] {scheduler_job.py:633} INFO - Processing file /home/airflow/sandbox/lib/python3.8/site-packages/airflow/example_dags/example_branch_operator.py for tasks to queue
[2022-04-13 07:21:07,358] {logging_mixin.py:104} INFO - [2022-04-13 07:21:07,358] {dagbag.py:487} INFO - Filling up the DagBag from /home/airflow/sandbox/lib/python3.8/site-packages/airflow/example_dags/example_branch_operator.py
[2022-04-13 07:21:07,423] {scheduler_job.py:643} INFO - DAG(s) dict_keys(['example_branch_operator']) retrieved from /home/airflow/sandbox/lib/python3.8/site-packages/airflow/example_dags/example_branch_operator.py
[2022-04-13 07:21:07,502] {logging_mixin.py:104} INFO - [2022-04-13 07:21:07,502] {dag.py:1832} INFO - Sync 1 DAGs
[2022-04-13 07:21:07,543] {logging_mixin.py:104} INFO - [2022-04-13 07:21:07,543] {dag.py:2305} INFO - Setting next_dagrun for example_branch_operator to 2022-04-11 00:00:00+00:00
[2022-04-13 07:21:07,678] {scheduler_job.py:190} INFO - Processing /home/airflow/sandbox/lib/python3.8/site-packages/airflow/example_dags/example_branch_operator.py took 0.367 seconds
[2022-04-13 07:21:39,242] {scheduler_job.py:182} INFO - Started process (PID=8315) to work on /home/airflow/sandbox/lib/python3.8/site-packages/airflow/example_dags/example_branch_operator.py
[2022-04-13 07:21:39,247] {scheduler_job.py:633} INFO - Processing file /home/airflow/sandbox/lib/python3.8/site-packages/airflow/example_dags/example_branch_operator.py for tasks to queue
[2022-04-13 07:21:39,255] {logging_mixin.py:104} INFO - [2022-04-13 07:21:39,255] {dagbag.py:487} INFO - Filling up the DagBag from /home/airflow/sandbox/lib/python3.8/site-packages/airflow/example_dags/example_branch_operator.py
[2022-04-13 07:21:39,330] {scheduler_job.py:643} INFO - DAG(s) dict_keys(['example_branch_operator']) retrieved from /home/airflow/sandbox/lib/python3.8/site-packages/airflow/example_dags/example_branch_operator.py
[2022-04-13 07:21:39,479] {logging_mixin.py:104} INFO - [2022-04-13 07:21:39,479] {dag.py:1832} INFO - Sync 1 DAGs
[2022-04-13 07:21:39,570] {logging_mixin.py:104} INFO - [2022-04-13 07:21:39,570] {dag.py:2305} INFO - Setting next_dagrun for example_branch_operator to 2022-04-11 00:00:00+00:00
[2022-04-13 07:21:39,712] {scheduler_job.py:190} INFO - Processing /home/airflow/sandbox/lib/python3.8/site-packages/airflow/example_dags/example_branch_operator.py took 0.493 seconds
[2022-04-13 07:22:10,386] {scheduler_job.py:182} INFO - Started process (PID=8511) to work on /home/airflow/sandbox/lib/python3.8/site-packages/airflow/example_dags/example_branch_operator.py
[2022-04-13 07:22:10,396] {scheduler_job.py:633} INFO - Processing file /home/airflow/sandbox/lib/python3.8/site-packages/airflow/example_dags/example_branch_operator.py for tasks to queue
[2022-04-13 07:22:10,413] {logging_mixin.py:104} INFO - [2022-04-13 07:22:10,413] {dagbag.py:487} INFO - Filling up the DagBag from /home/airflow/sandbox/lib/python3.8/site-packages/airflow/example_dags/example_branch_operator.py
[2022-04-13 07:22:10,470] {scheduler_job.py:643} INFO - DAG(s) dict_keys(['example_branch_operator']) retrieved from /home/airflow/sandbox/lib/python3.8/site-packages/airflow/example_dags/example_branch_operator.py
[2022-04-13 07:22:10,650] {logging_mixin.py:104} INFO - [2022-04-13 07:22:10,650] {dag.py:1832} INFO - Sync 1 DAGs
[2022-04-13 07:22:10,738] {logging_mixin.py:104} INFO - [2022-04-13 07:22:10,738] {dag.py:2305} INFO - Setting next_dagrun for example_branch_operator to 2022-04-11 00:00:00+00:00
[2022-04-13 07:22:11,273] {scheduler_job.py:190} INFO - Processing /home/airflow/sandbox/lib/python3.8/site-packages/airflow/example_dags/example_branch_operator.py took 0.907 seconds
[2022-04-13 07:22:41,812] {scheduler_job.py:182} INFO - Started process (PID=8710) to work on /home/airflow/sandbox/lib/python3.8/site-packages/airflow/example_dags/example_branch_operator.py
[2022-04-13 07:22:41,815] {scheduler_job.py:633} INFO - Processing file /home/airflow/sandbox/lib/python3.8/site-packages/airflow/example_dags/example_branch_operator.py for tasks to queue
[2022-04-13 07:22:41,817] {logging_mixin.py:104} INFO - [2022-04-13 07:22:41,816] {dagbag.py:487} INFO - Filling up the DagBag from /home/airflow/sandbox/lib/python3.8/site-packages/airflow/example_dags/example_branch_operator.py
[2022-04-13 07:22:41,876] {scheduler_job.py:643} INFO - DAG(s) dict_keys(['example_branch_operator']) retrieved from /home/airflow/sandbox/lib/python3.8/site-packages/airflow/example_dags/example_branch_operator.py
[2022-04-13 07:22:41,981] {logging_mixin.py:104} INFO - [2022-04-13 07:22:41,981] {dag.py:1832} INFO - Sync 1 DAGs
[2022-04-13 07:22:42,165] {logging_mixin.py:104} INFO - [2022-04-13 07:22:42,165] {dag.py:2305} INFO - Setting next_dagrun for example_branch_operator to 2022-04-11 00:00:00+00:00
[2022-04-13 07:22:42,214] {scheduler_job.py:190} INFO - Processing /home/airflow/sandbox/lib/python3.8/site-packages/airflow/example_dags/example_branch_operator.py took 0.412 seconds
[2022-04-13 07:23:12,762] {scheduler_job.py:182} INFO - Started process (PID=8910) to work on /home/airflow/sandbox/lib/python3.8/site-packages/airflow/example_dags/example_branch_operator.py
[2022-04-13 07:23:12,764] {scheduler_job.py:633} INFO - Processing file /home/airflow/sandbox/lib/python3.8/site-packages/airflow/example_dags/example_branch_operator.py for tasks to queue
[2022-04-13 07:23:12,766] {logging_mixin.py:104} INFO - [2022-04-13 07:23:12,766] {dagbag.py:487} INFO - Filling up the DagBag from /home/airflow/sandbox/lib/python3.8/site-packages/airflow/example_dags/example_branch_operator.py
[2022-04-13 07:23:12,798] {scheduler_job.py:643} INFO - DAG(s) dict_keys(['example_branch_operator']) retrieved from /home/airflow/sandbox/lib/python3.8/site-packages/airflow/example_dags/example_branch_operator.py
[2022-04-13 07:23:12,861] {logging_mixin.py:104} INFO - [2022-04-13 07:23:12,861] {dag.py:1832} INFO - Sync 1 DAGs
[2022-04-13 07:23:13,039] {logging_mixin.py:104} INFO - [2022-04-13 07:23:13,039] {dag.py:2305} INFO - Setting next_dagrun for example_branch_operator to 2022-04-11 00:00:00+00:00
[2022-04-13 07:23:13,069] {scheduler_job.py:190} INFO - Processing /home/airflow/sandbox/lib/python3.8/site-packages/airflow/example_dags/example_branch_operator.py took 0.317 seconds
[2022-04-13 07:23:43,445] {scheduler_job.py:182} INFO - Started process (PID=9109) to work on /home/airflow/sandbox/lib/python3.8/site-packages/airflow/example_dags/example_branch_operator.py
[2022-04-13 07:23:43,448] {scheduler_job.py:633} INFO - Processing file /home/airflow/sandbox/lib/python3.8/site-packages/airflow/example_dags/example_branch_operator.py for tasks to queue
[2022-04-13 07:23:43,449] {logging_mixin.py:104} INFO - [2022-04-13 07:23:43,449] {dagbag.py:487} INFO - Filling up the DagBag from /home/airflow/sandbox/lib/python3.8/site-packages/airflow/example_dags/example_branch_operator.py
[2022-04-13 07:23:43,492] {scheduler_job.py:643} INFO - DAG(s) dict_keys(['example_branch_operator']) retrieved from /home/airflow/sandbox/lib/python3.8/site-packages/airflow/example_dags/example_branch_operator.py
[2022-04-13 07:23:43,564] {logging_mixin.py:104} INFO - [2022-04-13 07:23:43,564] {dag.py:1832} INFO - Sync 1 DAGs
[2022-04-13 07:23:43,800] {logging_mixin.py:104} INFO - [2022-04-13 07:23:43,800] {dag.py:2305} INFO - Setting next_dagrun for example_branch_operator to 2022-04-11 00:00:00+00:00
[2022-04-13 07:23:43,828] {scheduler_job.py:190} INFO - Processing /home/airflow/sandbox/lib/python3.8/site-packages/airflow/example_dags/example_branch_operator.py took 0.392 seconds
[2022-04-13 07:24:15,292] {scheduler_job.py:182} INFO - Started process (PID=9306) to work on /home/airflow/sandbox/lib/python3.8/site-packages/airflow/example_dags/example_branch_operator.py
[2022-04-13 07:24:15,306] {scheduler_job.py:633} INFO - Processing file /home/airflow/sandbox/lib/python3.8/site-packages/airflow/example_dags/example_branch_operator.py for tasks to queue
[2022-04-13 07:24:15,326] {logging_mixin.py:104} INFO - [2022-04-13 07:24:15,326] {dagbag.py:487} INFO - Filling up the DagBag from /home/airflow/sandbox/lib/python3.8/site-packages/airflow/example_dags/example_branch_operator.py
[2022-04-13 07:24:15,401] {scheduler_job.py:643} INFO - DAG(s) dict_keys(['example_branch_operator']) retrieved from /home/airflow/sandbox/lib/python3.8/site-packages/airflow/example_dags/example_branch_operator.py
[2022-04-13 07:24:15,545] {logging_mixin.py:104} INFO - [2022-04-13 07:24:15,544] {dag.py:1832} INFO - Sync 1 DAGs
[2022-04-13 07:24:15,854] {logging_mixin.py:104} INFO - [2022-04-13 07:24:15,853] {dag.py:2305} INFO - Setting next_dagrun for example_branch_operator to 2022-04-11 00:00:00+00:00
[2022-04-13 07:24:15,963] {scheduler_job.py:190} INFO - Processing /home/airflow/sandbox/lib/python3.8/site-packages/airflow/example_dags/example_branch_operator.py took 0.712 seconds
[2022-04-13 07:24:46,096] {scheduler_job.py:182} INFO - Started process (PID=9749) to work on /home/airflow/sandbox/lib/python3.8/site-packages/airflow/example_dags/example_branch_operator.py
[2022-04-13 07:24:46,098] {scheduler_job.py:633} INFO - Processing file /home/airflow/sandbox/lib/python3.8/site-packages/airflow/example_dags/example_branch_operator.py for tasks to queue
[2022-04-13 07:24:46,110] {logging_mixin.py:104} INFO - [2022-04-13 07:24:46,110] {dagbag.py:487} INFO - Filling up the DagBag from /home/airflow/sandbox/lib/python3.8/site-packages/airflow/example_dags/example_branch_operator.py
[2022-04-13 07:24:46,167] {scheduler_job.py:643} INFO - DAG(s) dict_keys(['example_branch_operator']) retrieved from /home/airflow/sandbox/lib/python3.8/site-packages/airflow/example_dags/example_branch_operator.py
[2022-04-13 07:24:46,334] {logging_mixin.py:104} INFO - [2022-04-13 07:24:46,334] {dag.py:1832} INFO - Sync 1 DAGs
[2022-04-13 07:24:46,608] {logging_mixin.py:104} INFO - [2022-04-13 07:24:46,608] {dag.py:2305} INFO - Setting next_dagrun for example_branch_operator to 2022-04-11 00:00:00+00:00
[2022-04-13 07:24:46,825] {scheduler_job.py:190} INFO - Processing /home/airflow/sandbox/lib/python3.8/site-packages/airflow/example_dags/example_branch_operator.py took 0.749 seconds
[2022-04-13 07:25:17,377] {scheduler_job.py:182} INFO - Started process (PID=9948) to work on /home/airflow/sandbox/lib/python3.8/site-packages/airflow/example_dags/example_branch_operator.py
[2022-04-13 07:25:17,385] {scheduler_job.py:633} INFO - Processing file /home/airflow/sandbox/lib/python3.8/site-packages/airflow/example_dags/example_branch_operator.py for tasks to queue
[2022-04-13 07:25:17,394] {logging_mixin.py:104} INFO - [2022-04-13 07:25:17,394] {dagbag.py:487} INFO - Filling up the DagBag from /home/airflow/sandbox/lib/python3.8/site-packages/airflow/example_dags/example_branch_operator.py
[2022-04-13 07:25:17,453] {scheduler_job.py:643} INFO - DAG(s) dict_keys(['example_branch_operator']) retrieved from /home/airflow/sandbox/lib/python3.8/site-packages/airflow/example_dags/example_branch_operator.py
[2022-04-13 07:25:17,611] {logging_mixin.py:104} INFO - [2022-04-13 07:25:17,610] {dag.py:1832} INFO - Sync 1 DAGs
[2022-04-13 07:25:17,991] {logging_mixin.py:104} INFO - [2022-04-13 07:25:17,991] {dag.py:2305} INFO - Setting next_dagrun for example_branch_operator to 2022-04-11 00:00:00+00:00
[2022-04-13 07:25:18,296] {scheduler_job.py:190} INFO - Processing /home/airflow/sandbox/lib/python3.8/site-packages/airflow/example_dags/example_branch_operator.py took 0.929 seconds
[2022-04-13 07:25:48,377] {scheduler_job.py:182} INFO - Started process (PID=10147) to work on /home/airflow/sandbox/lib/python3.8/site-packages/airflow/example_dags/example_branch_operator.py
[2022-04-13 07:25:48,379] {scheduler_job.py:633} INFO - Processing file /home/airflow/sandbox/lib/python3.8/site-packages/airflow/example_dags/example_branch_operator.py for tasks to queue
[2022-04-13 07:25:48,381] {logging_mixin.py:104} INFO - [2022-04-13 07:25:48,381] {dagbag.py:487} INFO - Filling up the DagBag from /home/airflow/sandbox/lib/python3.8/site-packages/airflow/example_dags/example_branch_operator.py
[2022-04-13 07:25:48,420] {scheduler_job.py:643} INFO - DAG(s) dict_keys(['example_branch_operator']) retrieved from /home/airflow/sandbox/lib/python3.8/site-packages/airflow/example_dags/example_branch_operator.py
[2022-04-13 07:25:48,510] {logging_mixin.py:104} INFO - [2022-04-13 07:25:48,510] {dag.py:1832} INFO - Sync 1 DAGs
[2022-04-13 07:25:48,715] {logging_mixin.py:104} INFO - [2022-04-13 07:25:48,715] {dag.py:2305} INFO - Setting next_dagrun for example_branch_operator to 2022-04-11 00:00:00+00:00
[2022-04-13 07:25:48,754] {scheduler_job.py:190} INFO - Processing /home/airflow/sandbox/lib/python3.8/site-packages/airflow/example_dags/example_branch_operator.py took 0.388 seconds
[2022-04-13 07:26:19,377] {scheduler_job.py:182} INFO - Started process (PID=10347) to work on /home/airflow/sandbox/lib/python3.8/site-packages/airflow/example_dags/example_branch_operator.py
[2022-04-13 07:26:19,379] {scheduler_job.py:633} INFO - Processing file /home/airflow/sandbox/lib/python3.8/site-packages/airflow/example_dags/example_branch_operator.py for tasks to queue
[2022-04-13 07:26:19,381] {logging_mixin.py:104} INFO - [2022-04-13 07:26:19,381] {dagbag.py:487} INFO - Filling up the DagBag from /home/airflow/sandbox/lib/python3.8/site-packages/airflow/example_dags/example_branch_operator.py
[2022-04-13 07:26:19,470] {scheduler_job.py:643} INFO - DAG(s) dict_keys(['example_branch_operator']) retrieved from /home/airflow/sandbox/lib/python3.8/site-packages/airflow/example_dags/example_branch_operator.py
[2022-04-13 07:26:19,698] {logging_mixin.py:104} INFO - [2022-04-13 07:26:19,698] {dag.py:1832} INFO - Sync 1 DAGs
[2022-04-13 07:26:19,734] {logging_mixin.py:104} INFO - [2022-04-13 07:26:19,733] {dag.py:2305} INFO - Setting next_dagrun for example_branch_operator to 2022-04-11 00:00:00+00:00
[2022-04-13 07:26:19,761] {scheduler_job.py:190} INFO - Processing /home/airflow/sandbox/lib/python3.8/site-packages/airflow/example_dags/example_branch_operator.py took 0.393 seconds
[2022-04-13 07:26:50,348] {scheduler_job.py:182} INFO - Started process (PID=10544) to work on /home/airflow/sandbox/lib/python3.8/site-packages/airflow/example_dags/example_branch_operator.py
[2022-04-13 07:26:50,366] {scheduler_job.py:633} INFO - Processing file /home/airflow/sandbox/lib/python3.8/site-packages/airflow/example_dags/example_branch_operator.py for tasks to queue
[2022-04-13 07:26:50,368] {logging_mixin.py:104} INFO - [2022-04-13 07:26:50,368] {dagbag.py:487} INFO - Filling up the DagBag from /home/airflow/sandbox/lib/python3.8/site-packages/airflow/example_dags/example_branch_operator.py
[2022-04-13 07:26:50,405] {scheduler_job.py:643} INFO - DAG(s) dict_keys(['example_branch_operator']) retrieved from /home/airflow/sandbox/lib/python3.8/site-packages/airflow/example_dags/example_branch_operator.py
[2022-04-13 07:26:50,596] {logging_mixin.py:104} INFO - [2022-04-13 07:26:50,595] {dag.py:1832} INFO - Sync 1 DAGs
[2022-04-13 07:26:50,625] {logging_mixin.py:104} INFO - [2022-04-13 07:26:50,625] {dag.py:2305} INFO - Setting next_dagrun for example_branch_operator to 2022-04-11 00:00:00+00:00
[2022-04-13 07:26:50,653] {scheduler_job.py:190} INFO - Processing /home/airflow/sandbox/lib/python3.8/site-packages/airflow/example_dags/example_branch_operator.py took 0.317 seconds
[2022-04-13 07:27:21,346] {scheduler_job.py:182} INFO - Started process (PID=10740) to work on /home/airflow/sandbox/lib/python3.8/site-packages/airflow/example_dags/example_branch_operator.py
[2022-04-13 07:27:21,351] {scheduler_job.py:633} INFO - Processing file /home/airflow/sandbox/lib/python3.8/site-packages/airflow/example_dags/example_branch_operator.py for tasks to queue
[2022-04-13 07:27:21,353] {logging_mixin.py:104} INFO - [2022-04-13 07:27:21,353] {dagbag.py:487} INFO - Filling up the DagBag from /home/airflow/sandbox/lib/python3.8/site-packages/airflow/example_dags/example_branch_operator.py
[2022-04-13 07:27:21,443] {scheduler_job.py:643} INFO - DAG(s) dict_keys(['example_branch_operator']) retrieved from /home/airflow/sandbox/lib/python3.8/site-packages/airflow/example_dags/example_branch_operator.py
[2022-04-13 07:27:21,885] {logging_mixin.py:104} INFO - [2022-04-13 07:27:21,885] {dag.py:1832} INFO - Sync 1 DAGs
[2022-04-13 07:27:21,967] {logging_mixin.py:104} INFO - [2022-04-13 07:27:21,967] {dag.py:2305} INFO - Setting next_dagrun for example_branch_operator to 2022-04-11 00:00:00+00:00
[2022-04-13 07:27:22,020] {scheduler_job.py:190} INFO - Processing /home/airflow/sandbox/lib/python3.8/site-packages/airflow/example_dags/example_branch_operator.py took 0.689 seconds
[2022-04-13 07:27:52,385] {scheduler_job.py:182} INFO - Started process (PID=10938) to work on /home/airflow/sandbox/lib/python3.8/site-packages/airflow/example_dags/example_branch_operator.py
[2022-04-13 07:27:52,388] {scheduler_job.py:633} INFO - Processing file /home/airflow/sandbox/lib/python3.8/site-packages/airflow/example_dags/example_branch_operator.py for tasks to queue
[2022-04-13 07:27:52,389] {logging_mixin.py:104} INFO - [2022-04-13 07:27:52,389] {dagbag.py:487} INFO - Filling up the DagBag from /home/airflow/sandbox/lib/python3.8/site-packages/airflow/example_dags/example_branch_operator.py
[2022-04-13 07:27:52,435] {scheduler_job.py:643} INFO - DAG(s) dict_keys(['example_branch_operator']) retrieved from /home/airflow/sandbox/lib/python3.8/site-packages/airflow/example_dags/example_branch_operator.py
[2022-04-13 07:27:52,662] {logging_mixin.py:104} INFO - [2022-04-13 07:27:52,661] {dag.py:1832} INFO - Sync 1 DAGs
[2022-04-13 07:27:52,705] {logging_mixin.py:104} INFO - [2022-04-13 07:27:52,704] {dag.py:2305} INFO - Setting next_dagrun for example_branch_operator to 2022-04-11 00:00:00+00:00
[2022-04-13 07:27:52,736] {scheduler_job.py:190} INFO - Processing /home/airflow/sandbox/lib/python3.8/site-packages/airflow/example_dags/example_branch_operator.py took 0.361 seconds
[2022-04-13 07:28:23,099] {scheduler_job.py:182} INFO - Started process (PID=11137) to work on /home/airflow/sandbox/lib/python3.8/site-packages/airflow/example_dags/example_branch_operator.py
[2022-04-13 07:28:23,104] {scheduler_job.py:633} INFO - Processing file /home/airflow/sandbox/lib/python3.8/site-packages/airflow/example_dags/example_branch_operator.py for tasks to queue
[2022-04-13 07:28:23,106] {logging_mixin.py:104} INFO - [2022-04-13 07:28:23,106] {dagbag.py:487} INFO - Filling up the DagBag from /home/airflow/sandbox/lib/python3.8/site-packages/airflow/example_dags/example_branch_operator.py
[2022-04-13 07:28:23,143] {scheduler_job.py:643} INFO - DAG(s) dict_keys(['example_branch_operator']) retrieved from /home/airflow/sandbox/lib/python3.8/site-packages/airflow/example_dags/example_branch_operator.py
[2022-04-13 07:28:23,416] {logging_mixin.py:104} INFO - [2022-04-13 07:28:23,416] {dag.py:1832} INFO - Sync 1 DAGs
[2022-04-13 07:28:23,463] {logging_mixin.py:104} INFO - [2022-04-13 07:28:23,463] {dag.py:2305} INFO - Setting next_dagrun for example_branch_operator to 2022-04-11 00:00:00+00:00
[2022-04-13 07:28:23,493] {scheduler_job.py:190} INFO - Processing /home/airflow/sandbox/lib/python3.8/site-packages/airflow/example_dags/example_branch_operator.py took 0.404 seconds
[2022-04-13 07:28:53,842] {scheduler_job.py:182} INFO - Started process (PID=11337) to work on /home/airflow/sandbox/lib/python3.8/site-packages/airflow/example_dags/example_branch_operator.py
[2022-04-13 07:28:53,845] {scheduler_job.py:633} INFO - Processing file /home/airflow/sandbox/lib/python3.8/site-packages/airflow/example_dags/example_branch_operator.py for tasks to queue
[2022-04-13 07:28:53,847] {logging_mixin.py:104} INFO - [2022-04-13 07:28:53,846] {dagbag.py:487} INFO - Filling up the DagBag from /home/airflow/sandbox/lib/python3.8/site-packages/airflow/example_dags/example_branch_operator.py
[2022-04-13 07:28:54,032] {scheduler_job.py:643} INFO - DAG(s) dict_keys(['example_branch_operator']) retrieved from /home/airflow/sandbox/lib/python3.8/site-packages/airflow/example_dags/example_branch_operator.py
[2022-04-13 07:28:54,142] {logging_mixin.py:104} INFO - [2022-04-13 07:28:54,142] {dag.py:1832} INFO - Sync 1 DAGs
[2022-04-13 07:28:54,178] {logging_mixin.py:104} INFO - [2022-04-13 07:28:54,178] {dag.py:2305} INFO - Setting next_dagrun for example_branch_operator to 2022-04-11 00:00:00+00:00
[2022-04-13 07:28:54,209] {scheduler_job.py:190} INFO - Processing /home/airflow/sandbox/lib/python3.8/site-packages/airflow/example_dags/example_branch_operator.py took 0.378 seconds
[2022-04-13 07:29:24,668] {scheduler_job.py:182} INFO - Started process (PID=11702) to work on /home/airflow/sandbox/lib/python3.8/site-packages/airflow/example_dags/example_branch_operator.py
[2022-04-13 07:29:24,671] {scheduler_job.py:633} INFO - Processing file /home/airflow/sandbox/lib/python3.8/site-packages/airflow/example_dags/example_branch_operator.py for tasks to queue
[2022-04-13 07:29:24,672] {logging_mixin.py:104} INFO - [2022-04-13 07:29:24,672] {dagbag.py:487} INFO - Filling up the DagBag from /home/airflow/sandbox/lib/python3.8/site-packages/airflow/example_dags/example_branch_operator.py
[2022-04-13 07:29:24,859] {scheduler_job.py:643} INFO - DAG(s) dict_keys(['example_branch_operator']) retrieved from /home/airflow/sandbox/lib/python3.8/site-packages/airflow/example_dags/example_branch_operator.py
[2022-04-13 07:29:24,924] {logging_mixin.py:104} INFO - [2022-04-13 07:29:24,923] {dag.py:1832} INFO - Sync 1 DAGs
[2022-04-13 07:29:24,980] {logging_mixin.py:104} INFO - [2022-04-13 07:29:24,980] {dag.py:2305} INFO - Setting next_dagrun for example_branch_operator to 2022-04-11 00:00:00+00:00
[2022-04-13 07:29:25,035] {scheduler_job.py:190} INFO - Processing /home/airflow/sandbox/lib/python3.8/site-packages/airflow/example_dags/example_branch_operator.py took 0.377 seconds
[2022-04-13 07:29:55,484] {scheduler_job.py:182} INFO - Started process (PID=11976) to work on /home/airflow/sandbox/lib/python3.8/site-packages/airflow/example_dags/example_branch_operator.py
[2022-04-13 07:29:55,490] {scheduler_job.py:633} INFO - Processing file /home/airflow/sandbox/lib/python3.8/site-packages/airflow/example_dags/example_branch_operator.py for tasks to queue
[2022-04-13 07:29:55,492] {logging_mixin.py:104} INFO - [2022-04-13 07:29:55,492] {dagbag.py:487} INFO - Filling up the DagBag from /home/airflow/sandbox/lib/python3.8/site-packages/airflow/example_dags/example_branch_operator.py
[2022-04-13 07:29:55,805] {scheduler_job.py:643} INFO - DAG(s) dict_keys(['example_branch_operator']) retrieved from /home/airflow/sandbox/lib/python3.8/site-packages/airflow/example_dags/example_branch_operator.py
[2022-04-13 07:29:55,896] {logging_mixin.py:104} INFO - [2022-04-13 07:29:55,896] {dag.py:1832} INFO - Sync 1 DAGs
[2022-04-13 07:29:56,009] {logging_mixin.py:104} INFO - [2022-04-13 07:29:56,009] {dag.py:2305} INFO - Setting next_dagrun for example_branch_operator to 2022-04-11 00:00:00+00:00
[2022-04-13 07:29:56,054] {scheduler_job.py:190} INFO - Processing /home/airflow/sandbox/lib/python3.8/site-packages/airflow/example_dags/example_branch_operator.py took 0.583 seconds
[2022-04-13 07:30:26,132] {scheduler_job.py:182} INFO - Started process (PID=12176) to work on /home/airflow/sandbox/lib/python3.8/site-packages/airflow/example_dags/example_branch_operator.py
[2022-04-13 07:30:26,134] {scheduler_job.py:633} INFO - Processing file /home/airflow/sandbox/lib/python3.8/site-packages/airflow/example_dags/example_branch_operator.py for tasks to queue
[2022-04-13 07:30:26,136] {logging_mixin.py:104} INFO - [2022-04-13 07:30:26,136] {dagbag.py:487} INFO - Filling up the DagBag from /home/airflow/sandbox/lib/python3.8/site-packages/airflow/example_dags/example_branch_operator.py
[2022-04-13 07:30:26,332] {scheduler_job.py:643} INFO - DAG(s) dict_keys(['example_branch_operator']) retrieved from /home/airflow/sandbox/lib/python3.8/site-packages/airflow/example_dags/example_branch_operator.py
[2022-04-13 07:30:26,433] {logging_mixin.py:104} INFO - [2022-04-13 07:30:26,433] {dag.py:1832} INFO - Sync 1 DAGs
[2022-04-13 07:30:26,468] {logging_mixin.py:104} INFO - [2022-04-13 07:30:26,467] {dag.py:2305} INFO - Setting next_dagrun for example_branch_operator to 2022-04-11 00:00:00+00:00
[2022-04-13 07:30:26,510] {scheduler_job.py:190} INFO - Processing /home/airflow/sandbox/lib/python3.8/site-packages/airflow/example_dags/example_branch_operator.py took 0.388 seconds
[2022-04-13 07:30:56,569] {scheduler_job.py:182} INFO - Started process (PID=12376) to work on /home/airflow/sandbox/lib/python3.8/site-packages/airflow/example_dags/example_branch_operator.py
[2022-04-13 07:30:56,573] {scheduler_job.py:633} INFO - Processing file /home/airflow/sandbox/lib/python3.8/site-packages/airflow/example_dags/example_branch_operator.py for tasks to queue
[2022-04-13 07:30:56,575] {logging_mixin.py:104} INFO - [2022-04-13 07:30:56,575] {dagbag.py:487} INFO - Filling up the DagBag from /home/airflow/sandbox/lib/python3.8/site-packages/airflow/example_dags/example_branch_operator.py
[2022-04-13 07:30:56,850] {scheduler_job.py:643} INFO - DAG(s) dict_keys(['example_branch_operator']) retrieved from /home/airflow/sandbox/lib/python3.8/site-packages/airflow/example_dags/example_branch_operator.py
[2022-04-13 07:30:56,902] {logging_mixin.py:104} INFO - [2022-04-13 07:30:56,902] {dag.py:1832} INFO - Sync 1 DAGs
[2022-04-13 07:30:56,937] {logging_mixin.py:104} INFO - [2022-04-13 07:30:56,937] {dag.py:2305} INFO - Setting next_dagrun for example_branch_operator to 2022-04-11 00:00:00+00:00
[2022-04-13 07:30:56,973] {scheduler_job.py:190} INFO - Processing /home/airflow/sandbox/lib/python3.8/site-packages/airflow/example_dags/example_branch_operator.py took 0.415 seconds
[2022-04-13 07:31:35,681] {scheduler_job.py:182} INFO - Started process (PID=12738) to work on /home/airflow/sandbox/lib/python3.8/site-packages/airflow/example_dags/example_branch_operator.py
[2022-04-13 07:31:35,684] {scheduler_job.py:633} INFO - Processing file /home/airflow/sandbox/lib/python3.8/site-packages/airflow/example_dags/example_branch_operator.py for tasks to queue
[2022-04-13 07:31:35,685] {logging_mixin.py:104} INFO - [2022-04-13 07:31:35,685] {dagbag.py:487} INFO - Filling up the DagBag from /home/airflow/sandbox/lib/python3.8/site-packages/airflow/example_dags/example_branch_operator.py
[2022-04-13 07:31:35,730] {scheduler_job.py:643} INFO - DAG(s) dict_keys(['example_branch_operator']) retrieved from /home/airflow/sandbox/lib/python3.8/site-packages/airflow/example_dags/example_branch_operator.py
[2022-04-13 07:31:35,911] {logging_mixin.py:104} INFO - [2022-04-13 07:31:35,910] {dag.py:1832} INFO - Sync 1 DAGs
[2022-04-13 07:31:36,004] {logging_mixin.py:104} INFO - [2022-04-13 07:31:36,004] {dag.py:2305} INFO - Setting next_dagrun for example_branch_operator to 2022-04-11 00:00:00+00:00
[2022-04-13 07:31:36,048] {scheduler_job.py:190} INFO - Processing /home/airflow/sandbox/lib/python3.8/site-packages/airflow/example_dags/example_branch_operator.py took 0.378 seconds
[2022-04-13 07:32:08,178] {scheduler_job.py:182} INFO - Started process (PID=13029) to work on /home/airflow/sandbox/lib/python3.8/site-packages/airflow/example_dags/example_branch_operator.py
[2022-04-13 07:32:08,181] {scheduler_job.py:633} INFO - Processing file /home/airflow/sandbox/lib/python3.8/site-packages/airflow/example_dags/example_branch_operator.py for tasks to queue
[2022-04-13 07:32:08,183] {logging_mixin.py:104} INFO - [2022-04-13 07:32:08,182] {dagbag.py:487} INFO - Filling up the DagBag from /home/airflow/sandbox/lib/python3.8/site-packages/airflow/example_dags/example_branch_operator.py
[2022-04-13 07:32:08,227] {scheduler_job.py:643} INFO - DAG(s) dict_keys(['example_branch_operator']) retrieved from /home/airflow/sandbox/lib/python3.8/site-packages/airflow/example_dags/example_branch_operator.py
[2022-04-13 07:32:08,331] {logging_mixin.py:104} INFO - [2022-04-13 07:32:08,331] {dag.py:1832} INFO - Sync 1 DAGs
[2022-04-13 07:32:08,372] {logging_mixin.py:104} INFO - [2022-04-13 07:32:08,372] {dag.py:2305} INFO - Setting next_dagrun for example_branch_operator to 2022-04-11 00:00:00+00:00
[2022-04-13 07:32:08,415] {scheduler_job.py:190} INFO - Processing /home/airflow/sandbox/lib/python3.8/site-packages/airflow/example_dags/example_branch_operator.py took 0.253 seconds
[2022-04-13 07:32:42,975] {scheduler_job.py:182} INFO - Started process (PID=13258) to work on /home/airflow/sandbox/lib/python3.8/site-packages/airflow/example_dags/example_branch_operator.py
[2022-04-13 07:32:43,046] {scheduler_job.py:633} INFO - Processing file /home/airflow/sandbox/lib/python3.8/site-packages/airflow/example_dags/example_branch_operator.py for tasks to queue
[2022-04-13 07:32:43,060] {logging_mixin.py:104} INFO - [2022-04-13 07:32:43,060] {dagbag.py:487} INFO - Filling up the DagBag from /home/airflow/sandbox/lib/python3.8/site-packages/airflow/example_dags/example_branch_operator.py
[2022-04-13 07:32:43,294] {scheduler_job.py:643} INFO - DAG(s) dict_keys(['example_branch_operator']) retrieved from /home/airflow/sandbox/lib/python3.8/site-packages/airflow/example_dags/example_branch_operator.py
[2022-04-13 07:32:43,795] {logging_mixin.py:104} INFO - [2022-04-13 07:32:43,795] {dag.py:1832} INFO - Sync 1 DAGs
[2022-04-13 07:32:44,065] {logging_mixin.py:104} INFO - [2022-04-13 07:32:44,065] {dag.py:2305} INFO - Setting next_dagrun for example_branch_operator to 2022-04-11 00:00:00+00:00
[2022-04-13 07:32:44,391] {scheduler_job.py:190} INFO - Processing /home/airflow/sandbox/lib/python3.8/site-packages/airflow/example_dags/example_branch_operator.py took 1.422 seconds
