[2022-04-13 07:09:10,848] {scheduler_job.py:182} INFO - Started process (PID=2493) to work on /home/airflow/sandbox/lib/python3.8/site-packages/airflow/example_dags/example_kubernetes_executor.py
[2022-04-13 07:09:10,851] {scheduler_job.py:633} INFO - Processing file /home/airflow/sandbox/lib/python3.8/site-packages/airflow/example_dags/example_kubernetes_executor.py for tasks to queue
[2022-04-13 07:09:10,853] {logging_mixin.py:104} INFO - [2022-04-13 07:09:10,852] {dagbag.py:487} INFO - Filling up the DagBag from /home/airflow/sandbox/lib/python3.8/site-packages/airflow/example_dags/example_kubernetes_executor.py
[2022-04-13 07:09:10,929] {scheduler_job.py:643} INFO - DAG(s) dict_keys(['example_kubernetes_executor']) retrieved from /home/airflow/sandbox/lib/python3.8/site-packages/airflow/example_dags/example_kubernetes_executor.py
[2022-04-13 07:09:12,022] {logging_mixin.py:104} INFO - [2022-04-13 07:09:12,022] {dag.py:1832} INFO - Sync 1 DAGs
[2022-04-13 07:09:12,067] {logging_mixin.py:104} INFO - [2022-04-13 07:09:12,067] {dag.py:2305} INFO - Setting next_dagrun for example_kubernetes_executor to None
[2022-04-13 07:09:12,192] {scheduler_job.py:190} INFO - Processing /home/airflow/sandbox/lib/python3.8/site-packages/airflow/example_dags/example_kubernetes_executor.py took 1.372 seconds
[2022-04-13 07:09:43,688] {scheduler_job.py:182} INFO - Started process (PID=3363) to work on /home/airflow/sandbox/lib/python3.8/site-packages/airflow/example_dags/example_kubernetes_executor.py
[2022-04-13 07:09:43,691] {scheduler_job.py:633} INFO - Processing file /home/airflow/sandbox/lib/python3.8/site-packages/airflow/example_dags/example_kubernetes_executor.py for tasks to queue
[2022-04-13 07:09:43,693] {logging_mixin.py:104} INFO - [2022-04-13 07:09:43,692] {dagbag.py:487} INFO - Filling up the DagBag from /home/airflow/sandbox/lib/python3.8/site-packages/airflow/example_dags/example_kubernetes_executor.py
[2022-04-13 07:09:43,730] {scheduler_job.py:643} INFO - DAG(s) dict_keys(['example_kubernetes_executor']) retrieved from /home/airflow/sandbox/lib/python3.8/site-packages/airflow/example_dags/example_kubernetes_executor.py
[2022-04-13 07:09:43,906] {logging_mixin.py:104} INFO - [2022-04-13 07:09:43,906] {dag.py:1832} INFO - Sync 1 DAGs
[2022-04-13 07:09:43,980] {logging_mixin.py:104} INFO - [2022-04-13 07:09:43,979] {dag.py:2305} INFO - Setting next_dagrun for example_kubernetes_executor to None
[2022-04-13 07:09:44,059] {scheduler_job.py:190} INFO - Processing /home/airflow/sandbox/lib/python3.8/site-packages/airflow/example_dags/example_kubernetes_executor.py took 0.372 seconds
[2022-04-13 07:14:29,909] {scheduler_job.py:182} INFO - Started process (PID=5007) to work on /home/airflow/sandbox/lib/python3.8/site-packages/airflow/example_dags/example_kubernetes_executor.py
[2022-04-13 07:14:29,956] {scheduler_job.py:633} INFO - Processing file /home/airflow/sandbox/lib/python3.8/site-packages/airflow/example_dags/example_kubernetes_executor.py for tasks to queue
[2022-04-13 07:14:29,958] {logging_mixin.py:104} INFO - [2022-04-13 07:14:29,958] {dagbag.py:487} INFO - Filling up the DagBag from /home/airflow/sandbox/lib/python3.8/site-packages/airflow/example_dags/example_kubernetes_executor.py
[2022-04-13 07:14:30,104] {scheduler_job.py:643} INFO - DAG(s) dict_keys(['example_kubernetes_executor']) retrieved from /home/airflow/sandbox/lib/python3.8/site-packages/airflow/example_dags/example_kubernetes_executor.py
[2022-04-13 07:14:30,395] {logging_mixin.py:104} INFO - [2022-04-13 07:14:30,394] {dag.py:1832} INFO - Sync 1 DAGs
[2022-04-13 07:14:30,790] {logging_mixin.py:104} INFO - [2022-04-13 07:14:30,789] {dag.py:2305} INFO - Setting next_dagrun for example_kubernetes_executor to None
[2022-04-13 07:14:31,143] {scheduler_job.py:190} INFO - Processing /home/airflow/sandbox/lib/python3.8/site-packages/airflow/example_dags/example_kubernetes_executor.py took 1.276 seconds
[2022-04-13 07:15:01,294] {scheduler_job.py:182} INFO - Started process (PID=5341) to work on /home/airflow/sandbox/lib/python3.8/site-packages/airflow/example_dags/example_kubernetes_executor.py
[2022-04-13 07:15:01,297] {scheduler_job.py:633} INFO - Processing file /home/airflow/sandbox/lib/python3.8/site-packages/airflow/example_dags/example_kubernetes_executor.py for tasks to queue
[2022-04-13 07:15:01,299] {logging_mixin.py:104} INFO - [2022-04-13 07:15:01,299] {dagbag.py:487} INFO - Filling up the DagBag from /home/airflow/sandbox/lib/python3.8/site-packages/airflow/example_dags/example_kubernetes_executor.py
[2022-04-13 07:15:01,328] {scheduler_job.py:643} INFO - DAG(s) dict_keys(['example_kubernetes_executor']) retrieved from /home/airflow/sandbox/lib/python3.8/site-packages/airflow/example_dags/example_kubernetes_executor.py
[2022-04-13 07:15:01,398] {logging_mixin.py:104} INFO - [2022-04-13 07:15:01,397] {dag.py:1832} INFO - Sync 1 DAGs
[2022-04-13 07:15:01,485] {logging_mixin.py:104} INFO - [2022-04-13 07:15:01,484] {dag.py:2305} INFO - Setting next_dagrun for example_kubernetes_executor to None
[2022-04-13 07:15:01,589] {scheduler_job.py:190} INFO - Processing /home/airflow/sandbox/lib/python3.8/site-packages/airflow/example_dags/example_kubernetes_executor.py took 0.305 seconds
[2022-04-13 07:15:34,101] {scheduler_job.py:182} INFO - Started process (PID=5730) to work on /home/airflow/sandbox/lib/python3.8/site-packages/airflow/example_dags/example_kubernetes_executor.py
[2022-04-13 07:15:34,110] {scheduler_job.py:633} INFO - Processing file /home/airflow/sandbox/lib/python3.8/site-packages/airflow/example_dags/example_kubernetes_executor.py for tasks to queue
[2022-04-13 07:15:34,137] {logging_mixin.py:104} INFO - [2022-04-13 07:15:34,137] {dagbag.py:487} INFO - Filling up the DagBag from /home/airflow/sandbox/lib/python3.8/site-packages/airflow/example_dags/example_kubernetes_executor.py
[2022-04-13 07:15:34,228] {scheduler_job.py:643} INFO - DAG(s) dict_keys(['example_kubernetes_executor']) retrieved from /home/airflow/sandbox/lib/python3.8/site-packages/airflow/example_dags/example_kubernetes_executor.py
[2022-04-13 07:15:34,464] {logging_mixin.py:104} INFO - [2022-04-13 07:15:34,463] {dag.py:1832} INFO - Sync 1 DAGs
[2022-04-13 07:15:34,616] {logging_mixin.py:104} INFO - [2022-04-13 07:15:34,616] {dag.py:2305} INFO - Setting next_dagrun for example_kubernetes_executor to None
[2022-04-13 07:15:34,730] {scheduler_job.py:190} INFO - Processing /home/airflow/sandbox/lib/python3.8/site-packages/airflow/example_dags/example_kubernetes_executor.py took 0.653 seconds
[2022-04-13 07:16:11,042] {scheduler_job.py:182} INFO - Started process (PID=5960) to work on /home/airflow/sandbox/lib/python3.8/site-packages/airflow/example_dags/example_kubernetes_executor.py
[2022-04-13 07:16:11,045] {scheduler_job.py:633} INFO - Processing file /home/airflow/sandbox/lib/python3.8/site-packages/airflow/example_dags/example_kubernetes_executor.py for tasks to queue
[2022-04-13 07:16:11,047] {logging_mixin.py:104} INFO - [2022-04-13 07:16:11,047] {dagbag.py:487} INFO - Filling up the DagBag from /home/airflow/sandbox/lib/python3.8/site-packages/airflow/example_dags/example_kubernetes_executor.py
[2022-04-13 07:16:11,109] {scheduler_job.py:643} INFO - DAG(s) dict_keys(['example_kubernetes_executor']) retrieved from /home/airflow/sandbox/lib/python3.8/site-packages/airflow/example_dags/example_kubernetes_executor.py
[2022-04-13 07:16:11,372] {logging_mixin.py:104} INFO - [2022-04-13 07:16:11,372] {dag.py:1832} INFO - Sync 1 DAGs
[2022-04-13 07:16:11,439] {logging_mixin.py:104} INFO - [2022-04-13 07:16:11,439] {dag.py:2305} INFO - Setting next_dagrun for example_kubernetes_executor to None
[2022-04-13 07:16:11,627] {scheduler_job.py:190} INFO - Processing /home/airflow/sandbox/lib/python3.8/site-packages/airflow/example_dags/example_kubernetes_executor.py took 0.594 seconds
[2022-04-13 07:16:42,863] {scheduler_job.py:182} INFO - Started process (PID=6193) to work on /home/airflow/sandbox/lib/python3.8/site-packages/airflow/example_dags/example_kubernetes_executor.py
[2022-04-13 07:16:42,884] {scheduler_job.py:633} INFO - Processing file /home/airflow/sandbox/lib/python3.8/site-packages/airflow/example_dags/example_kubernetes_executor.py for tasks to queue
[2022-04-13 07:16:42,889] {logging_mixin.py:104} INFO - [2022-04-13 07:16:42,889] {dagbag.py:487} INFO - Filling up the DagBag from /home/airflow/sandbox/lib/python3.8/site-packages/airflow/example_dags/example_kubernetes_executor.py
[2022-04-13 07:16:42,991] {scheduler_job.py:643} INFO - DAG(s) dict_keys(['example_kubernetes_executor']) retrieved from /home/airflow/sandbox/lib/python3.8/site-packages/airflow/example_dags/example_kubernetes_executor.py
[2022-04-13 07:16:43,074] {logging_mixin.py:104} INFO - [2022-04-13 07:16:43,073] {dag.py:1832} INFO - Sync 1 DAGs
[2022-04-13 07:16:43,113] {logging_mixin.py:104} INFO - [2022-04-13 07:16:43,113] {dag.py:2305} INFO - Setting next_dagrun for example_kubernetes_executor to None
[2022-04-13 07:16:43,343] {scheduler_job.py:190} INFO - Processing /home/airflow/sandbox/lib/python3.8/site-packages/airflow/example_dags/example_kubernetes_executor.py took 0.490 seconds
[2022-04-13 07:17:13,710] {scheduler_job.py:182} INFO - Started process (PID=6395) to work on /home/airflow/sandbox/lib/python3.8/site-packages/airflow/example_dags/example_kubernetes_executor.py
[2022-04-13 07:17:13,714] {scheduler_job.py:633} INFO - Processing file /home/airflow/sandbox/lib/python3.8/site-packages/airflow/example_dags/example_kubernetes_executor.py for tasks to queue
[2022-04-13 07:17:13,721] {logging_mixin.py:104} INFO - [2022-04-13 07:17:13,720] {dagbag.py:487} INFO - Filling up the DagBag from /home/airflow/sandbox/lib/python3.8/site-packages/airflow/example_dags/example_kubernetes_executor.py
[2022-04-13 07:17:13,789] {scheduler_job.py:643} INFO - DAG(s) dict_keys(['example_kubernetes_executor']) retrieved from /home/airflow/sandbox/lib/python3.8/site-packages/airflow/example_dags/example_kubernetes_executor.py
[2022-04-13 07:17:14,030] {logging_mixin.py:104} INFO - [2022-04-13 07:17:14,030] {dag.py:1832} INFO - Sync 1 DAGs
[2022-04-13 07:17:14,116] {logging_mixin.py:104} INFO - [2022-04-13 07:17:14,115] {dag.py:2305} INFO - Setting next_dagrun for example_kubernetes_executor to None
[2022-04-13 07:17:14,204] {scheduler_job.py:190} INFO - Processing /home/airflow/sandbox/lib/python3.8/site-packages/airflow/example_dags/example_kubernetes_executor.py took 0.503 seconds
[2022-04-13 07:17:44,430] {scheduler_job.py:182} INFO - Started process (PID=6591) to work on /home/airflow/sandbox/lib/python3.8/site-packages/airflow/example_dags/example_kubernetes_executor.py
[2022-04-13 07:17:44,434] {scheduler_job.py:633} INFO - Processing file /home/airflow/sandbox/lib/python3.8/site-packages/airflow/example_dags/example_kubernetes_executor.py for tasks to queue
[2022-04-13 07:17:44,435] {logging_mixin.py:104} INFO - [2022-04-13 07:17:44,435] {dagbag.py:487} INFO - Filling up the DagBag from /home/airflow/sandbox/lib/python3.8/site-packages/airflow/example_dags/example_kubernetes_executor.py
[2022-04-13 07:17:44,478] {scheduler_job.py:643} INFO - DAG(s) dict_keys(['example_kubernetes_executor']) retrieved from /home/airflow/sandbox/lib/python3.8/site-packages/airflow/example_dags/example_kubernetes_executor.py
[2022-04-13 07:17:44,543] {logging_mixin.py:104} INFO - [2022-04-13 07:17:44,543] {dag.py:1832} INFO - Sync 1 DAGs
[2022-04-13 07:17:44,573] {logging_mixin.py:104} INFO - [2022-04-13 07:17:44,573] {dag.py:2305} INFO - Setting next_dagrun for example_kubernetes_executor to None
[2022-04-13 07:17:44,610] {scheduler_job.py:190} INFO - Processing /home/airflow/sandbox/lib/python3.8/site-packages/airflow/example_dags/example_kubernetes_executor.py took 0.189 seconds
[2022-04-13 07:18:15,243] {scheduler_job.py:182} INFO - Started process (PID=6790) to work on /home/airflow/sandbox/lib/python3.8/site-packages/airflow/example_dags/example_kubernetes_executor.py
[2022-04-13 07:18:15,247] {scheduler_job.py:633} INFO - Processing file /home/airflow/sandbox/lib/python3.8/site-packages/airflow/example_dags/example_kubernetes_executor.py for tasks to queue
[2022-04-13 07:18:15,249] {logging_mixin.py:104} INFO - [2022-04-13 07:18:15,249] {dagbag.py:487} INFO - Filling up the DagBag from /home/airflow/sandbox/lib/python3.8/site-packages/airflow/example_dags/example_kubernetes_executor.py
[2022-04-13 07:18:15,283] {scheduler_job.py:643} INFO - DAG(s) dict_keys(['example_kubernetes_executor']) retrieved from /home/airflow/sandbox/lib/python3.8/site-packages/airflow/example_dags/example_kubernetes_executor.py
[2022-04-13 07:18:15,354] {logging_mixin.py:104} INFO - [2022-04-13 07:18:15,354] {dag.py:1832} INFO - Sync 1 DAGs
[2022-04-13 07:18:15,393] {logging_mixin.py:104} INFO - [2022-04-13 07:18:15,393] {dag.py:2305} INFO - Setting next_dagrun for example_kubernetes_executor to None
[2022-04-13 07:18:15,434] {scheduler_job.py:190} INFO - Processing /home/airflow/sandbox/lib/python3.8/site-packages/airflow/example_dags/example_kubernetes_executor.py took 0.219 seconds
[2022-04-13 07:18:46,386] {scheduler_job.py:182} INFO - Started process (PID=6989) to work on /home/airflow/sandbox/lib/python3.8/site-packages/airflow/example_dags/example_kubernetes_executor.py
[2022-04-13 07:18:46,390] {scheduler_job.py:633} INFO - Processing file /home/airflow/sandbox/lib/python3.8/site-packages/airflow/example_dags/example_kubernetes_executor.py for tasks to queue
[2022-04-13 07:18:46,391] {logging_mixin.py:104} INFO - [2022-04-13 07:18:46,391] {dagbag.py:487} INFO - Filling up the DagBag from /home/airflow/sandbox/lib/python3.8/site-packages/airflow/example_dags/example_kubernetes_executor.py
[2022-04-13 07:18:46,411] {scheduler_job.py:643} INFO - DAG(s) dict_keys(['example_kubernetes_executor']) retrieved from /home/airflow/sandbox/lib/python3.8/site-packages/airflow/example_dags/example_kubernetes_executor.py
[2022-04-13 07:18:46,460] {logging_mixin.py:104} INFO - [2022-04-13 07:18:46,460] {dag.py:1832} INFO - Sync 1 DAGs
[2022-04-13 07:18:46,493] {logging_mixin.py:104} INFO - [2022-04-13 07:18:46,493] {dag.py:2305} INFO - Setting next_dagrun for example_kubernetes_executor to None
[2022-04-13 07:18:46,522] {scheduler_job.py:190} INFO - Processing /home/airflow/sandbox/lib/python3.8/site-packages/airflow/example_dags/example_kubernetes_executor.py took 0.140 seconds
[2022-04-13 07:19:17,779] {scheduler_job.py:182} INFO - Started process (PID=7186) to work on /home/airflow/sandbox/lib/python3.8/site-packages/airflow/example_dags/example_kubernetes_executor.py
[2022-04-13 07:19:17,794] {scheduler_job.py:633} INFO - Processing file /home/airflow/sandbox/lib/python3.8/site-packages/airflow/example_dags/example_kubernetes_executor.py for tasks to queue
[2022-04-13 07:19:17,806] {logging_mixin.py:104} INFO - [2022-04-13 07:19:17,805] {dagbag.py:487} INFO - Filling up the DagBag from /home/airflow/sandbox/lib/python3.8/site-packages/airflow/example_dags/example_kubernetes_executor.py
[2022-04-13 07:19:17,841] {scheduler_job.py:643} INFO - DAG(s) dict_keys(['example_kubernetes_executor']) retrieved from /home/airflow/sandbox/lib/python3.8/site-packages/airflow/example_dags/example_kubernetes_executor.py
[2022-04-13 07:19:17,958] {logging_mixin.py:104} INFO - [2022-04-13 07:19:17,957] {dag.py:1832} INFO - Sync 1 DAGs
[2022-04-13 07:19:17,991] {logging_mixin.py:104} INFO - [2022-04-13 07:19:17,991] {dag.py:2305} INFO - Setting next_dagrun for example_kubernetes_executor to None
[2022-04-13 07:19:18,132] {scheduler_job.py:190} INFO - Processing /home/airflow/sandbox/lib/python3.8/site-packages/airflow/example_dags/example_kubernetes_executor.py took 0.362 seconds
[2022-04-13 07:19:48,712] {scheduler_job.py:182} INFO - Started process (PID=7628) to work on /home/airflow/sandbox/lib/python3.8/site-packages/airflow/example_dags/example_kubernetes_executor.py
[2022-04-13 07:19:48,728] {scheduler_job.py:633} INFO - Processing file /home/airflow/sandbox/lib/python3.8/site-packages/airflow/example_dags/example_kubernetes_executor.py for tasks to queue
[2022-04-13 07:19:48,730] {logging_mixin.py:104} INFO - [2022-04-13 07:19:48,729] {dagbag.py:487} INFO - Filling up the DagBag from /home/airflow/sandbox/lib/python3.8/site-packages/airflow/example_dags/example_kubernetes_executor.py
[2022-04-13 07:19:48,781] {scheduler_job.py:643} INFO - DAG(s) dict_keys(['example_kubernetes_executor']) retrieved from /home/airflow/sandbox/lib/python3.8/site-packages/airflow/example_dags/example_kubernetes_executor.py
[2022-04-13 07:19:48,907] {logging_mixin.py:104} INFO - [2022-04-13 07:19:48,907] {dag.py:1832} INFO - Sync 1 DAGs
[2022-04-13 07:19:48,966] {logging_mixin.py:104} INFO - [2022-04-13 07:19:48,965] {dag.py:2305} INFO - Setting next_dagrun for example_kubernetes_executor to None
[2022-04-13 07:19:49,165] {scheduler_job.py:190} INFO - Processing /home/airflow/sandbox/lib/python3.8/site-packages/airflow/example_dags/example_kubernetes_executor.py took 0.463 seconds
[2022-04-13 07:20:19,256] {scheduler_job.py:182} INFO - Started process (PID=7828) to work on /home/airflow/sandbox/lib/python3.8/site-packages/airflow/example_dags/example_kubernetes_executor.py
[2022-04-13 07:20:19,260] {scheduler_job.py:633} INFO - Processing file /home/airflow/sandbox/lib/python3.8/site-packages/airflow/example_dags/example_kubernetes_executor.py for tasks to queue
[2022-04-13 07:20:19,262] {logging_mixin.py:104} INFO - [2022-04-13 07:20:19,262] {dagbag.py:487} INFO - Filling up the DagBag from /home/airflow/sandbox/lib/python3.8/site-packages/airflow/example_dags/example_kubernetes_executor.py
[2022-04-13 07:20:19,299] {scheduler_job.py:643} INFO - DAG(s) dict_keys(['example_kubernetes_executor']) retrieved from /home/airflow/sandbox/lib/python3.8/site-packages/airflow/example_dags/example_kubernetes_executor.py
[2022-04-13 07:20:19,391] {logging_mixin.py:104} INFO - [2022-04-13 07:20:19,391] {dag.py:1832} INFO - Sync 1 DAGs
[2022-04-13 07:20:19,432] {logging_mixin.py:104} INFO - [2022-04-13 07:20:19,431] {dag.py:2305} INFO - Setting next_dagrun for example_kubernetes_executor to None
[2022-04-13 07:20:19,480] {scheduler_job.py:190} INFO - Processing /home/airflow/sandbox/lib/python3.8/site-packages/airflow/example_dags/example_kubernetes_executor.py took 0.236 seconds
[2022-04-13 07:20:50,102] {scheduler_job.py:182} INFO - Started process (PID=8027) to work on /home/airflow/sandbox/lib/python3.8/site-packages/airflow/example_dags/example_kubernetes_executor.py
[2022-04-13 07:20:50,105] {scheduler_job.py:633} INFO - Processing file /home/airflow/sandbox/lib/python3.8/site-packages/airflow/example_dags/example_kubernetes_executor.py for tasks to queue
[2022-04-13 07:20:50,106] {logging_mixin.py:104} INFO - [2022-04-13 07:20:50,106] {dagbag.py:487} INFO - Filling up the DagBag from /home/airflow/sandbox/lib/python3.8/site-packages/airflow/example_dags/example_kubernetes_executor.py
[2022-04-13 07:20:50,138] {scheduler_job.py:643} INFO - DAG(s) dict_keys(['example_kubernetes_executor']) retrieved from /home/airflow/sandbox/lib/python3.8/site-packages/airflow/example_dags/example_kubernetes_executor.py
[2022-04-13 07:20:50,201] {logging_mixin.py:104} INFO - [2022-04-13 07:20:50,201] {dag.py:1832} INFO - Sync 1 DAGs
[2022-04-13 07:20:50,263] {logging_mixin.py:104} INFO - [2022-04-13 07:20:50,263] {dag.py:2305} INFO - Setting next_dagrun for example_kubernetes_executor to None
[2022-04-13 07:20:50,298] {scheduler_job.py:190} INFO - Processing /home/airflow/sandbox/lib/python3.8/site-packages/airflow/example_dags/example_kubernetes_executor.py took 0.206 seconds
[2022-04-13 07:21:20,537] {scheduler_job.py:182} INFO - Started process (PID=8226) to work on /home/airflow/sandbox/lib/python3.8/site-packages/airflow/example_dags/example_kubernetes_executor.py
[2022-04-13 07:21:20,539] {scheduler_job.py:633} INFO - Processing file /home/airflow/sandbox/lib/python3.8/site-packages/airflow/example_dags/example_kubernetes_executor.py for tasks to queue
[2022-04-13 07:21:20,541] {logging_mixin.py:104} INFO - [2022-04-13 07:21:20,540] {dagbag.py:487} INFO - Filling up the DagBag from /home/airflow/sandbox/lib/python3.8/site-packages/airflow/example_dags/example_kubernetes_executor.py
[2022-04-13 07:21:20,568] {scheduler_job.py:643} INFO - DAG(s) dict_keys(['example_kubernetes_executor']) retrieved from /home/airflow/sandbox/lib/python3.8/site-packages/airflow/example_dags/example_kubernetes_executor.py
[2022-04-13 07:21:20,637] {logging_mixin.py:104} INFO - [2022-04-13 07:21:20,637] {dag.py:1832} INFO - Sync 1 DAGs
[2022-04-13 07:21:20,677] {logging_mixin.py:104} INFO - [2022-04-13 07:21:20,677] {dag.py:2305} INFO - Setting next_dagrun for example_kubernetes_executor to None
[2022-04-13 07:21:20,711] {scheduler_job.py:190} INFO - Processing /home/airflow/sandbox/lib/python3.8/site-packages/airflow/example_dags/example_kubernetes_executor.py took 0.183 seconds
[2022-04-13 07:21:51,166] {scheduler_job.py:182} INFO - Started process (PID=8423) to work on /home/airflow/sandbox/lib/python3.8/site-packages/airflow/example_dags/example_kubernetes_executor.py
[2022-04-13 07:21:51,169] {scheduler_job.py:633} INFO - Processing file /home/airflow/sandbox/lib/python3.8/site-packages/airflow/example_dags/example_kubernetes_executor.py for tasks to queue
[2022-04-13 07:21:51,171] {logging_mixin.py:104} INFO - [2022-04-13 07:21:51,171] {dagbag.py:487} INFO - Filling up the DagBag from /home/airflow/sandbox/lib/python3.8/site-packages/airflow/example_dags/example_kubernetes_executor.py
[2022-04-13 07:21:51,202] {scheduler_job.py:643} INFO - DAG(s) dict_keys(['example_kubernetes_executor']) retrieved from /home/airflow/sandbox/lib/python3.8/site-packages/airflow/example_dags/example_kubernetes_executor.py
[2022-04-13 07:21:51,266] {logging_mixin.py:104} INFO - [2022-04-13 07:21:51,266] {dag.py:1832} INFO - Sync 1 DAGs
[2022-04-13 07:21:51,301] {logging_mixin.py:104} INFO - [2022-04-13 07:21:51,300] {dag.py:2305} INFO - Setting next_dagrun for example_kubernetes_executor to None
[2022-04-13 07:21:51,375] {scheduler_job.py:190} INFO - Processing /home/airflow/sandbox/lib/python3.8/site-packages/airflow/example_dags/example_kubernetes_executor.py took 0.218 seconds
[2022-04-13 07:22:21,602] {scheduler_job.py:182} INFO - Started process (PID=8619) to work on /home/airflow/sandbox/lib/python3.8/site-packages/airflow/example_dags/example_kubernetes_executor.py
[2022-04-13 07:22:21,606] {scheduler_job.py:633} INFO - Processing file /home/airflow/sandbox/lib/python3.8/site-packages/airflow/example_dags/example_kubernetes_executor.py for tasks to queue
[2022-04-13 07:22:21,631] {logging_mixin.py:104} INFO - [2022-04-13 07:22:21,630] {dagbag.py:487} INFO - Filling up the DagBag from /home/airflow/sandbox/lib/python3.8/site-packages/airflow/example_dags/example_kubernetes_executor.py
[2022-04-13 07:22:21,694] {scheduler_job.py:643} INFO - DAG(s) dict_keys(['example_kubernetes_executor']) retrieved from /home/airflow/sandbox/lib/python3.8/site-packages/airflow/example_dags/example_kubernetes_executor.py
[2022-04-13 07:22:21,863] {logging_mixin.py:104} INFO - [2022-04-13 07:22:21,863] {dag.py:1832} INFO - Sync 1 DAGs
[2022-04-13 07:22:21,940] {logging_mixin.py:104} INFO - [2022-04-13 07:22:21,940] {dag.py:2305} INFO - Setting next_dagrun for example_kubernetes_executor to None
[2022-04-13 07:22:22,316] {scheduler_job.py:190} INFO - Processing /home/airflow/sandbox/lib/python3.8/site-packages/airflow/example_dags/example_kubernetes_executor.py took 0.743 seconds
[2022-04-13 07:22:53,030] {scheduler_job.py:182} INFO - Started process (PID=8820) to work on /home/airflow/sandbox/lib/python3.8/site-packages/airflow/example_dags/example_kubernetes_executor.py
[2022-04-13 07:22:53,033] {scheduler_job.py:633} INFO - Processing file /home/airflow/sandbox/lib/python3.8/site-packages/airflow/example_dags/example_kubernetes_executor.py for tasks to queue
[2022-04-13 07:22:53,034] {logging_mixin.py:104} INFO - [2022-04-13 07:22:53,034] {dagbag.py:487} INFO - Filling up the DagBag from /home/airflow/sandbox/lib/python3.8/site-packages/airflow/example_dags/example_kubernetes_executor.py
[2022-04-13 07:22:53,077] {scheduler_job.py:643} INFO - DAG(s) dict_keys(['example_kubernetes_executor']) retrieved from /home/airflow/sandbox/lib/python3.8/site-packages/airflow/example_dags/example_kubernetes_executor.py
[2022-04-13 07:22:53,223] {logging_mixin.py:104} INFO - [2022-04-13 07:22:53,223] {dag.py:1832} INFO - Sync 1 DAGs
[2022-04-13 07:22:53,299] {logging_mixin.py:104} INFO - [2022-04-13 07:22:53,299] {dag.py:2305} INFO - Setting next_dagrun for example_kubernetes_executor to None
[2022-04-13 07:22:53,697] {scheduler_job.py:190} INFO - Processing /home/airflow/sandbox/lib/python3.8/site-packages/airflow/example_dags/example_kubernetes_executor.py took 0.716 seconds
[2022-04-13 07:23:24,123] {scheduler_job.py:182} INFO - Started process (PID=9020) to work on /home/airflow/sandbox/lib/python3.8/site-packages/airflow/example_dags/example_kubernetes_executor.py
[2022-04-13 07:23:24,133] {scheduler_job.py:633} INFO - Processing file /home/airflow/sandbox/lib/python3.8/site-packages/airflow/example_dags/example_kubernetes_executor.py for tasks to queue
[2022-04-13 07:23:24,141] {logging_mixin.py:104} INFO - [2022-04-13 07:23:24,140] {dagbag.py:487} INFO - Filling up the DagBag from /home/airflow/sandbox/lib/python3.8/site-packages/airflow/example_dags/example_kubernetes_executor.py
[2022-04-13 07:23:24,191] {scheduler_job.py:643} INFO - DAG(s) dict_keys(['example_kubernetes_executor']) retrieved from /home/airflow/sandbox/lib/python3.8/site-packages/airflow/example_dags/example_kubernetes_executor.py
[2022-04-13 07:23:24,355] {logging_mixin.py:104} INFO - [2022-04-13 07:23:24,355] {dag.py:1832} INFO - Sync 1 DAGs
[2022-04-13 07:23:24,422] {logging_mixin.py:104} INFO - [2022-04-13 07:23:24,422] {dag.py:2305} INFO - Setting next_dagrun for example_kubernetes_executor to None
[2022-04-13 07:23:24,739] {scheduler_job.py:190} INFO - Processing /home/airflow/sandbox/lib/python3.8/site-packages/airflow/example_dags/example_kubernetes_executor.py took 0.626 seconds
[2022-04-13 07:23:55,323] {scheduler_job.py:182} INFO - Started process (PID=9219) to work on /home/airflow/sandbox/lib/python3.8/site-packages/airflow/example_dags/example_kubernetes_executor.py
[2022-04-13 07:23:55,344] {scheduler_job.py:633} INFO - Processing file /home/airflow/sandbox/lib/python3.8/site-packages/airflow/example_dags/example_kubernetes_executor.py for tasks to queue
[2022-04-13 07:23:55,346] {logging_mixin.py:104} INFO - [2022-04-13 07:23:55,345] {dagbag.py:487} INFO - Filling up the DagBag from /home/airflow/sandbox/lib/python3.8/site-packages/airflow/example_dags/example_kubernetes_executor.py
[2022-04-13 07:23:55,434] {scheduler_job.py:643} INFO - DAG(s) dict_keys(['example_kubernetes_executor']) retrieved from /home/airflow/sandbox/lib/python3.8/site-packages/airflow/example_dags/example_kubernetes_executor.py
[2022-04-13 07:23:55,588] {logging_mixin.py:104} INFO - [2022-04-13 07:23:55,588] {dag.py:1832} INFO - Sync 1 DAGs
[2022-04-13 07:23:55,690] {logging_mixin.py:104} INFO - [2022-04-13 07:23:55,690] {dag.py:2305} INFO - Setting next_dagrun for example_kubernetes_executor to None
[2022-04-13 07:23:55,989] {scheduler_job.py:190} INFO - Processing /home/airflow/sandbox/lib/python3.8/site-packages/airflow/example_dags/example_kubernetes_executor.py took 0.675 seconds
[2022-04-13 07:24:27,274] {scheduler_job.py:182} INFO - Started process (PID=9627) to work on /home/airflow/sandbox/lib/python3.8/site-packages/airflow/example_dags/example_kubernetes_executor.py
[2022-04-13 07:24:27,289] {scheduler_job.py:633} INFO - Processing file /home/airflow/sandbox/lib/python3.8/site-packages/airflow/example_dags/example_kubernetes_executor.py for tasks to queue
[2022-04-13 07:24:27,293] {logging_mixin.py:104} INFO - [2022-04-13 07:24:27,293] {dagbag.py:487} INFO - Filling up the DagBag from /home/airflow/sandbox/lib/python3.8/site-packages/airflow/example_dags/example_kubernetes_executor.py
[2022-04-13 07:24:27,375] {scheduler_job.py:643} INFO - DAG(s) dict_keys(['example_kubernetes_executor']) retrieved from /home/airflow/sandbox/lib/python3.8/site-packages/airflow/example_dags/example_kubernetes_executor.py
[2022-04-13 07:24:27,580] {logging_mixin.py:104} INFO - [2022-04-13 07:24:27,579] {dag.py:1832} INFO - Sync 1 DAGs
[2022-04-13 07:24:28,037] {logging_mixin.py:104} INFO - [2022-04-13 07:24:28,036] {dag.py:2305} INFO - Setting next_dagrun for example_kubernetes_executor to None
[2022-04-13 07:24:28,205] {scheduler_job.py:190} INFO - Processing /home/airflow/sandbox/lib/python3.8/site-packages/airflow/example_dags/example_kubernetes_executor.py took 0.957 seconds
[2022-04-13 07:24:58,621] {scheduler_job.py:182} INFO - Started process (PID=9859) to work on /home/airflow/sandbox/lib/python3.8/site-packages/airflow/example_dags/example_kubernetes_executor.py
[2022-04-13 07:24:58,641] {scheduler_job.py:633} INFO - Processing file /home/airflow/sandbox/lib/python3.8/site-packages/airflow/example_dags/example_kubernetes_executor.py for tasks to queue
[2022-04-13 07:24:58,645] {logging_mixin.py:104} INFO - [2022-04-13 07:24:58,645] {dagbag.py:487} INFO - Filling up the DagBag from /home/airflow/sandbox/lib/python3.8/site-packages/airflow/example_dags/example_kubernetes_executor.py
[2022-04-13 07:24:58,712] {scheduler_job.py:643} INFO - DAG(s) dict_keys(['example_kubernetes_executor']) retrieved from /home/airflow/sandbox/lib/python3.8/site-packages/airflow/example_dags/example_kubernetes_executor.py
[2022-04-13 07:24:58,885] {logging_mixin.py:104} INFO - [2022-04-13 07:24:58,885] {dag.py:1832} INFO - Sync 1 DAGs
[2022-04-13 07:24:59,389] {logging_mixin.py:104} INFO - [2022-04-13 07:24:59,389] {dag.py:2305} INFO - Setting next_dagrun for example_kubernetes_executor to None
[2022-04-13 07:24:59,672] {scheduler_job.py:190} INFO - Processing /home/airflow/sandbox/lib/python3.8/site-packages/airflow/example_dags/example_kubernetes_executor.py took 1.060 seconds
[2022-04-13 07:25:30,327] {scheduler_job.py:182} INFO - Started process (PID=10062) to work on /home/airflow/sandbox/lib/python3.8/site-packages/airflow/example_dags/example_kubernetes_executor.py
[2022-04-13 07:25:30,349] {scheduler_job.py:633} INFO - Processing file /home/airflow/sandbox/lib/python3.8/site-packages/airflow/example_dags/example_kubernetes_executor.py for tasks to queue
[2022-04-13 07:25:30,351] {logging_mixin.py:104} INFO - [2022-04-13 07:25:30,351] {dagbag.py:487} INFO - Filling up the DagBag from /home/airflow/sandbox/lib/python3.8/site-packages/airflow/example_dags/example_kubernetes_executor.py
[2022-04-13 07:25:30,397] {scheduler_job.py:643} INFO - DAG(s) dict_keys(['example_kubernetes_executor']) retrieved from /home/airflow/sandbox/lib/python3.8/site-packages/airflow/example_dags/example_kubernetes_executor.py
[2022-04-13 07:25:30,535] {logging_mixin.py:104} INFO - [2022-04-13 07:25:30,534] {dag.py:1832} INFO - Sync 1 DAGs
[2022-04-13 07:25:30,894] {logging_mixin.py:104} INFO - [2022-04-13 07:25:30,894] {dag.py:2305} INFO - Setting next_dagrun for example_kubernetes_executor to None
[2022-04-13 07:25:31,087] {scheduler_job.py:190} INFO - Processing /home/airflow/sandbox/lib/python3.8/site-packages/airflow/example_dags/example_kubernetes_executor.py took 0.769 seconds
[2022-04-13 07:26:01,425] {scheduler_job.py:182} INFO - Started process (PID=10262) to work on /home/airflow/sandbox/lib/python3.8/site-packages/airflow/example_dags/example_kubernetes_executor.py
[2022-04-13 07:26:01,430] {scheduler_job.py:633} INFO - Processing file /home/airflow/sandbox/lib/python3.8/site-packages/airflow/example_dags/example_kubernetes_executor.py for tasks to queue
[2022-04-13 07:26:01,435] {logging_mixin.py:104} INFO - [2022-04-13 07:26:01,435] {dagbag.py:487} INFO - Filling up the DagBag from /home/airflow/sandbox/lib/python3.8/site-packages/airflow/example_dags/example_kubernetes_executor.py
[2022-04-13 07:26:01,471] {scheduler_job.py:643} INFO - DAG(s) dict_keys(['example_kubernetes_executor']) retrieved from /home/airflow/sandbox/lib/python3.8/site-packages/airflow/example_dags/example_kubernetes_executor.py
[2022-04-13 07:26:01,545] {logging_mixin.py:104} INFO - [2022-04-13 07:26:01,538] {dag.py:1832} INFO - Sync 1 DAGs
[2022-04-13 07:26:01,709] {logging_mixin.py:104} INFO - [2022-04-13 07:26:01,708] {dag.py:2305} INFO - Setting next_dagrun for example_kubernetes_executor to None
[2022-04-13 07:26:01,740] {scheduler_job.py:190} INFO - Processing /home/airflow/sandbox/lib/python3.8/site-packages/airflow/example_dags/example_kubernetes_executor.py took 0.324 seconds
[2022-04-13 07:26:32,772] {scheduler_job.py:182} INFO - Started process (PID=10454) to work on /home/airflow/sandbox/lib/python3.8/site-packages/airflow/example_dags/example_kubernetes_executor.py
[2022-04-13 07:26:32,801] {scheduler_job.py:633} INFO - Processing file /home/airflow/sandbox/lib/python3.8/site-packages/airflow/example_dags/example_kubernetes_executor.py for tasks to queue
[2022-04-13 07:26:32,806] {logging_mixin.py:104} INFO - [2022-04-13 07:26:32,806] {dagbag.py:487} INFO - Filling up the DagBag from /home/airflow/sandbox/lib/python3.8/site-packages/airflow/example_dags/example_kubernetes_executor.py
[2022-04-13 07:26:32,891] {scheduler_job.py:643} INFO - DAG(s) dict_keys(['example_kubernetes_executor']) retrieved from /home/airflow/sandbox/lib/python3.8/site-packages/airflow/example_dags/example_kubernetes_executor.py
[2022-04-13 07:26:33,436] {logging_mixin.py:104} INFO - [2022-04-13 07:26:33,436] {dag.py:1832} INFO - Sync 1 DAGs
[2022-04-13 07:26:33,527] {logging_mixin.py:104} INFO - [2022-04-13 07:26:33,526] {dag.py:2305} INFO - Setting next_dagrun for example_kubernetes_executor to None
[2022-04-13 07:26:33,619] {scheduler_job.py:190} INFO - Processing /home/airflow/sandbox/lib/python3.8/site-packages/airflow/example_dags/example_kubernetes_executor.py took 0.856 seconds
[2022-04-13 07:27:03,773] {scheduler_job.py:182} INFO - Started process (PID=10653) to work on /home/airflow/sandbox/lib/python3.8/site-packages/airflow/example_dags/example_kubernetes_executor.py
[2022-04-13 07:27:03,784] {scheduler_job.py:633} INFO - Processing file /home/airflow/sandbox/lib/python3.8/site-packages/airflow/example_dags/example_kubernetes_executor.py for tasks to queue
[2022-04-13 07:27:03,787] {logging_mixin.py:104} INFO - [2022-04-13 07:27:03,786] {dagbag.py:487} INFO - Filling up the DagBag from /home/airflow/sandbox/lib/python3.8/site-packages/airflow/example_dags/example_kubernetes_executor.py
[2022-04-13 07:27:03,858] {scheduler_job.py:643} INFO - DAG(s) dict_keys(['example_kubernetes_executor']) retrieved from /home/airflow/sandbox/lib/python3.8/site-packages/airflow/example_dags/example_kubernetes_executor.py
[2022-04-13 07:27:04,307] {logging_mixin.py:104} INFO - [2022-04-13 07:27:04,307] {dag.py:1832} INFO - Sync 1 DAGs
[2022-04-13 07:27:04,339] {logging_mixin.py:104} INFO - [2022-04-13 07:27:04,339] {dag.py:2305} INFO - Setting next_dagrun for example_kubernetes_executor to None
[2022-04-13 07:27:04,428] {scheduler_job.py:190} INFO - Processing /home/airflow/sandbox/lib/python3.8/site-packages/airflow/example_dags/example_kubernetes_executor.py took 0.666 seconds
[2022-04-13 07:27:34,884] {scheduler_job.py:182} INFO - Started process (PID=10848) to work on /home/airflow/sandbox/lib/python3.8/site-packages/airflow/example_dags/example_kubernetes_executor.py
[2022-04-13 07:27:34,887] {scheduler_job.py:633} INFO - Processing file /home/airflow/sandbox/lib/python3.8/site-packages/airflow/example_dags/example_kubernetes_executor.py for tasks to queue
[2022-04-13 07:27:34,889] {logging_mixin.py:104} INFO - [2022-04-13 07:27:34,888] {dagbag.py:487} INFO - Filling up the DagBag from /home/airflow/sandbox/lib/python3.8/site-packages/airflow/example_dags/example_kubernetes_executor.py
[2022-04-13 07:27:34,922] {scheduler_job.py:643} INFO - DAG(s) dict_keys(['example_kubernetes_executor']) retrieved from /home/airflow/sandbox/lib/python3.8/site-packages/airflow/example_dags/example_kubernetes_executor.py
[2022-04-13 07:27:35,162] {logging_mixin.py:104} INFO - [2022-04-13 07:27:35,162] {dag.py:1832} INFO - Sync 1 DAGs
[2022-04-13 07:27:35,207] {logging_mixin.py:104} INFO - [2022-04-13 07:27:35,207] {dag.py:2305} INFO - Setting next_dagrun for example_kubernetes_executor to None
[2022-04-13 07:27:35,464] {scheduler_job.py:190} INFO - Processing /home/airflow/sandbox/lib/python3.8/site-packages/airflow/example_dags/example_kubernetes_executor.py took 0.592 seconds
[2022-04-13 07:28:06,169] {scheduler_job.py:182} INFO - Started process (PID=11047) to work on /home/airflow/sandbox/lib/python3.8/site-packages/airflow/example_dags/example_kubernetes_executor.py
[2022-04-13 07:28:06,179] {scheduler_job.py:633} INFO - Processing file /home/airflow/sandbox/lib/python3.8/site-packages/airflow/example_dags/example_kubernetes_executor.py for tasks to queue
[2022-04-13 07:28:06,181] {logging_mixin.py:104} INFO - [2022-04-13 07:28:06,180] {dagbag.py:487} INFO - Filling up the DagBag from /home/airflow/sandbox/lib/python3.8/site-packages/airflow/example_dags/example_kubernetes_executor.py
[2022-04-13 07:28:06,231] {scheduler_job.py:643} INFO - DAG(s) dict_keys(['example_kubernetes_executor']) retrieved from /home/airflow/sandbox/lib/python3.8/site-packages/airflow/example_dags/example_kubernetes_executor.py
[2022-04-13 07:28:06,433] {logging_mixin.py:104} INFO - [2022-04-13 07:28:06,432] {dag.py:1832} INFO - Sync 1 DAGs
[2022-04-13 07:28:06,473] {logging_mixin.py:104} INFO - [2022-04-13 07:28:06,472] {dag.py:2305} INFO - Setting next_dagrun for example_kubernetes_executor to None
[2022-04-13 07:28:06,504] {scheduler_job.py:190} INFO - Processing /home/airflow/sandbox/lib/python3.8/site-packages/airflow/example_dags/example_kubernetes_executor.py took 0.346 seconds
[2022-04-13 07:28:36,765] {scheduler_job.py:182} INFO - Started process (PID=11243) to work on /home/airflow/sandbox/lib/python3.8/site-packages/airflow/example_dags/example_kubernetes_executor.py
[2022-04-13 07:28:36,769] {scheduler_job.py:633} INFO - Processing file /home/airflow/sandbox/lib/python3.8/site-packages/airflow/example_dags/example_kubernetes_executor.py for tasks to queue
[2022-04-13 07:28:36,771] {logging_mixin.py:104} INFO - [2022-04-13 07:28:36,771] {dagbag.py:487} INFO - Filling up the DagBag from /home/airflow/sandbox/lib/python3.8/site-packages/airflow/example_dags/example_kubernetes_executor.py
[2022-04-13 07:28:36,873] {scheduler_job.py:643} INFO - DAG(s) dict_keys(['example_kubernetes_executor']) retrieved from /home/airflow/sandbox/lib/python3.8/site-packages/airflow/example_dags/example_kubernetes_executor.py
[2022-04-13 07:28:37,351] {logging_mixin.py:104} INFO - [2022-04-13 07:28:37,350] {dag.py:1832} INFO - Sync 1 DAGs
[2022-04-13 07:28:37,417] {logging_mixin.py:104} INFO - [2022-04-13 07:28:37,416] {dag.py:2305} INFO - Setting next_dagrun for example_kubernetes_executor to None
[2022-04-13 07:28:37,689] {scheduler_job.py:190} INFO - Processing /home/airflow/sandbox/lib/python3.8/site-packages/airflow/example_dags/example_kubernetes_executor.py took 0.960 seconds
[2022-04-13 07:29:08,767] {scheduler_job.py:182} INFO - Started process (PID=11447) to work on /home/airflow/sandbox/lib/python3.8/site-packages/airflow/example_dags/example_kubernetes_executor.py
[2022-04-13 07:29:08,770] {scheduler_job.py:633} INFO - Processing file /home/airflow/sandbox/lib/python3.8/site-packages/airflow/example_dags/example_kubernetes_executor.py for tasks to queue
[2022-04-13 07:29:08,772] {logging_mixin.py:104} INFO - [2022-04-13 07:29:08,772] {dagbag.py:487} INFO - Filling up the DagBag from /home/airflow/sandbox/lib/python3.8/site-packages/airflow/example_dags/example_kubernetes_executor.py
[2022-04-13 07:29:09,087] {scheduler_job.py:643} INFO - DAG(s) dict_keys(['example_kubernetes_executor']) retrieved from /home/airflow/sandbox/lib/python3.8/site-packages/airflow/example_dags/example_kubernetes_executor.py
[2022-04-13 07:29:09,261] {logging_mixin.py:104} INFO - [2022-04-13 07:29:09,261] {dag.py:1832} INFO - Sync 1 DAGs
[2022-04-13 07:29:09,325] {logging_mixin.py:104} INFO - [2022-04-13 07:29:09,325] {dag.py:2305} INFO - Setting next_dagrun for example_kubernetes_executor to None
[2022-04-13 07:29:09,501] {scheduler_job.py:190} INFO - Processing /home/airflow/sandbox/lib/python3.8/site-packages/airflow/example_dags/example_kubernetes_executor.py took 0.745 seconds
[2022-04-13 07:29:40,234] {scheduler_job.py:182} INFO - Started process (PID=11884) to work on /home/airflow/sandbox/lib/python3.8/site-packages/airflow/example_dags/example_kubernetes_executor.py
[2022-04-13 07:29:40,254] {scheduler_job.py:633} INFO - Processing file /home/airflow/sandbox/lib/python3.8/site-packages/airflow/example_dags/example_kubernetes_executor.py for tasks to queue
[2022-04-13 07:29:40,269] {logging_mixin.py:104} INFO - [2022-04-13 07:29:40,269] {dagbag.py:487} INFO - Filling up the DagBag from /home/airflow/sandbox/lib/python3.8/site-packages/airflow/example_dags/example_kubernetes_executor.py
[2022-04-13 07:29:40,523] {scheduler_job.py:643} INFO - DAG(s) dict_keys(['example_kubernetes_executor']) retrieved from /home/airflow/sandbox/lib/python3.8/site-packages/airflow/example_dags/example_kubernetes_executor.py
[2022-04-13 07:29:40,671] {logging_mixin.py:104} INFO - [2022-04-13 07:29:40,671] {dag.py:1832} INFO - Sync 1 DAGs
[2022-04-13 07:29:40,711] {logging_mixin.py:104} INFO - [2022-04-13 07:29:40,710] {dag.py:2305} INFO - Setting next_dagrun for example_kubernetes_executor to None
[2022-04-13 07:29:40,971] {scheduler_job.py:190} INFO - Processing /home/airflow/sandbox/lib/python3.8/site-packages/airflow/example_dags/example_kubernetes_executor.py took 0.747 seconds
[2022-04-13 07:30:12,865] {scheduler_job.py:182} INFO - Started process (PID=12083) to work on /home/airflow/sandbox/lib/python3.8/site-packages/airflow/example_dags/example_kubernetes_executor.py
[2022-04-13 07:30:12,873] {scheduler_job.py:633} INFO - Processing file /home/airflow/sandbox/lib/python3.8/site-packages/airflow/example_dags/example_kubernetes_executor.py for tasks to queue
[2022-04-13 07:30:12,882] {logging_mixin.py:104} INFO - [2022-04-13 07:30:12,882] {dagbag.py:487} INFO - Filling up the DagBag from /home/airflow/sandbox/lib/python3.8/site-packages/airflow/example_dags/example_kubernetes_executor.py
[2022-04-13 07:30:13,277] {scheduler_job.py:643} INFO - DAG(s) dict_keys(['example_kubernetes_executor']) retrieved from /home/airflow/sandbox/lib/python3.8/site-packages/airflow/example_dags/example_kubernetes_executor.py
[2022-04-13 07:30:13,393] {logging_mixin.py:104} INFO - [2022-04-13 07:30:13,393] {dag.py:1832} INFO - Sync 1 DAGs
[2022-04-13 07:30:13,480] {logging_mixin.py:104} INFO - [2022-04-13 07:30:13,480] {dag.py:2305} INFO - Setting next_dagrun for example_kubernetes_executor to None
[2022-04-13 07:30:13,614] {scheduler_job.py:190} INFO - Processing /home/airflow/sandbox/lib/python3.8/site-packages/airflow/example_dags/example_kubernetes_executor.py took 0.771 seconds
[2022-04-13 07:30:45,162] {scheduler_job.py:182} INFO - Started process (PID=12277) to work on /home/airflow/sandbox/lib/python3.8/site-packages/airflow/example_dags/example_kubernetes_executor.py
[2022-04-13 07:30:45,166] {scheduler_job.py:633} INFO - Processing file /home/airflow/sandbox/lib/python3.8/site-packages/airflow/example_dags/example_kubernetes_executor.py for tasks to queue
[2022-04-13 07:30:45,171] {logging_mixin.py:104} INFO - [2022-04-13 07:30:45,171] {dagbag.py:487} INFO - Filling up the DagBag from /home/airflow/sandbox/lib/python3.8/site-packages/airflow/example_dags/example_kubernetes_executor.py
[2022-04-13 07:30:45,533] {scheduler_job.py:643} INFO - DAG(s) dict_keys(['example_kubernetes_executor']) retrieved from /home/airflow/sandbox/lib/python3.8/site-packages/airflow/example_dags/example_kubernetes_executor.py
[2022-04-13 07:30:45,689] {logging_mixin.py:104} INFO - [2022-04-13 07:30:45,688] {dag.py:1832} INFO - Sync 1 DAGs
[2022-04-13 07:30:45,732] {logging_mixin.py:104} INFO - [2022-04-13 07:30:45,732] {dag.py:2305} INFO - Setting next_dagrun for example_kubernetes_executor to None
[2022-04-13 07:30:45,891] {scheduler_job.py:190} INFO - Processing /home/airflow/sandbox/lib/python3.8/site-packages/airflow/example_dags/example_kubernetes_executor.py took 0.750 seconds
[2022-04-13 07:31:17,939] {scheduler_job.py:182} INFO - Started process (PID=12513) to work on /home/airflow/sandbox/lib/python3.8/site-packages/airflow/example_dags/example_kubernetes_executor.py
[2022-04-13 07:31:18,356] {scheduler_job.py:633} INFO - Processing file /home/airflow/sandbox/lib/python3.8/site-packages/airflow/example_dags/example_kubernetes_executor.py for tasks to queue
[2022-04-13 07:31:18,384] {logging_mixin.py:104} INFO - [2022-04-13 07:31:18,384] {dagbag.py:487} INFO - Filling up the DagBag from /home/airflow/sandbox/lib/python3.8/site-packages/airflow/example_dags/example_kubernetes_executor.py
[2022-04-13 07:31:18,409] {scheduler_job.py:643} INFO - DAG(s) dict_keys(['example_kubernetes_executor']) retrieved from /home/airflow/sandbox/lib/python3.8/site-packages/airflow/example_dags/example_kubernetes_executor.py
[2022-04-13 07:31:18,541] {logging_mixin.py:104} INFO - [2022-04-13 07:31:18,541] {dag.py:1832} INFO - Sync 1 DAGs
[2022-04-13 07:31:18,597] {logging_mixin.py:104} INFO - [2022-04-13 07:31:18,597] {dag.py:2305} INFO - Setting next_dagrun for example_kubernetes_executor to None
[2022-04-13 07:31:18,665] {scheduler_job.py:190} INFO - Processing /home/airflow/sandbox/lib/python3.8/site-packages/airflow/example_dags/example_kubernetes_executor.py took 0.758 seconds
[2022-04-13 07:31:48,955] {scheduler_job.py:182} INFO - Started process (PID=12886) to work on /home/airflow/sandbox/lib/python3.8/site-packages/airflow/example_dags/example_kubernetes_executor.py
[2022-04-13 07:31:48,962] {scheduler_job.py:633} INFO - Processing file /home/airflow/sandbox/lib/python3.8/site-packages/airflow/example_dags/example_kubernetes_executor.py for tasks to queue
[2022-04-13 07:31:48,972] {logging_mixin.py:104} INFO - [2022-04-13 07:31:48,972] {dagbag.py:487} INFO - Filling up the DagBag from /home/airflow/sandbox/lib/python3.8/site-packages/airflow/example_dags/example_kubernetes_executor.py
[2022-04-13 07:31:49,054] {scheduler_job.py:643} INFO - DAG(s) dict_keys(['example_kubernetes_executor']) retrieved from /home/airflow/sandbox/lib/python3.8/site-packages/airflow/example_dags/example_kubernetes_executor.py
[2022-04-13 07:31:49,170] {logging_mixin.py:104} INFO - [2022-04-13 07:31:49,169] {dag.py:1832} INFO - Sync 1 DAGs
[2022-04-13 07:31:49,285] {logging_mixin.py:104} INFO - [2022-04-13 07:31:49,285] {dag.py:2305} INFO - Setting next_dagrun for example_kubernetes_executor to None
[2022-04-13 07:31:49,428] {scheduler_job.py:190} INFO - Processing /home/airflow/sandbox/lib/python3.8/site-packages/airflow/example_dags/example_kubernetes_executor.py took 0.493 seconds
[2022-04-13 07:32:20,217] {scheduler_job.py:182} INFO - Started process (PID=13116) to work on /home/airflow/sandbox/lib/python3.8/site-packages/airflow/example_dags/example_kubernetes_executor.py
[2022-04-13 07:32:20,223] {scheduler_job.py:633} INFO - Processing file /home/airflow/sandbox/lib/python3.8/site-packages/airflow/example_dags/example_kubernetes_executor.py for tasks to queue
[2022-04-13 07:32:20,225] {logging_mixin.py:104} INFO - [2022-04-13 07:32:20,225] {dagbag.py:487} INFO - Filling up the DagBag from /home/airflow/sandbox/lib/python3.8/site-packages/airflow/example_dags/example_kubernetes_executor.py
[2022-04-13 07:32:20,299] {scheduler_job.py:643} INFO - DAG(s) dict_keys(['example_kubernetes_executor']) retrieved from /home/airflow/sandbox/lib/python3.8/site-packages/airflow/example_dags/example_kubernetes_executor.py
[2022-04-13 07:32:20,440] {logging_mixin.py:104} INFO - [2022-04-13 07:32:20,440] {dag.py:1832} INFO - Sync 1 DAGs
[2022-04-13 07:32:20,505] {logging_mixin.py:104} INFO - [2022-04-13 07:32:20,505] {dag.py:2305} INFO - Setting next_dagrun for example_kubernetes_executor to None
[2022-04-13 07:32:20,716] {scheduler_job.py:190} INFO - Processing /home/airflow/sandbox/lib/python3.8/site-packages/airflow/example_dags/example_kubernetes_executor.py took 0.508 seconds
[2022-04-13 07:32:50,904] {scheduler_job.py:182} INFO - Started process (PID=13369) to work on /home/airflow/sandbox/lib/python3.8/site-packages/airflow/example_dags/example_kubernetes_executor.py
[2022-04-13 07:32:50,907] {scheduler_job.py:633} INFO - Processing file /home/airflow/sandbox/lib/python3.8/site-packages/airflow/example_dags/example_kubernetes_executor.py for tasks to queue
[2022-04-13 07:32:50,908] {logging_mixin.py:104} INFO - [2022-04-13 07:32:50,908] {dagbag.py:487} INFO - Filling up the DagBag from /home/airflow/sandbox/lib/python3.8/site-packages/airflow/example_dags/example_kubernetes_executor.py
[2022-04-13 07:32:50,938] {scheduler_job.py:643} INFO - DAG(s) dict_keys(['example_kubernetes_executor']) retrieved from /home/airflow/sandbox/lib/python3.8/site-packages/airflow/example_dags/example_kubernetes_executor.py
[2022-04-13 07:32:51,004] {logging_mixin.py:104} INFO - [2022-04-13 07:32:51,004] {dag.py:1832} INFO - Sync 1 DAGs
[2022-04-13 07:32:51,052] {logging_mixin.py:104} INFO - [2022-04-13 07:32:51,052] {dag.py:2305} INFO - Setting next_dagrun for example_kubernetes_executor to None
[2022-04-13 07:32:51,158] {scheduler_job.py:190} INFO - Processing /home/airflow/sandbox/lib/python3.8/site-packages/airflow/example_dags/example_kubernetes_executor.py took 0.266 seconds
