[2022-04-13 07:09:25,771] {scheduler_job.py:182} INFO - Started process (PID=2994) to work on /home/airflow/sandbox/lib/python3.8/site-packages/airflow/example_dags/example_subdag_operator.py
[2022-04-13 07:09:25,774] {scheduler_job.py:633} INFO - Processing file /home/airflow/sandbox/lib/python3.8/site-packages/airflow/example_dags/example_subdag_operator.py for tasks to queue
[2022-04-13 07:09:25,776] {logging_mixin.py:104} INFO - [2022-04-13 07:09:25,776] {dagbag.py:487} INFO - Filling up the DagBag from /home/airflow/sandbox/lib/python3.8/site-packages/airflow/example_dags/example_subdag_operator.py
[2022-04-13 07:09:26,067] {scheduler_job.py:643} INFO - DAG(s) dict_keys(['example_subdag_operator.section-1', 'example_subdag_operator.section-2', 'example_subdag_operator']) retrieved from /home/airflow/sandbox/lib/python3.8/site-packages/airflow/example_dags/example_subdag_operator.py
[2022-04-13 07:09:28,215] {logging_mixin.py:104} INFO - [2022-04-13 07:09:28,215] {dag.py:1832} INFO - Sync 3 DAGs
[2022-04-13 07:09:28,271] {logging_mixin.py:104} INFO - [2022-04-13 07:09:28,270] {dag.py:2305} INFO - Setting next_dagrun for example_subdag_operator to 2022-04-11 00:00:00+00:00
[2022-04-13 07:09:28,273] {logging_mixin.py:104} INFO - [2022-04-13 07:09:28,272] {dag.py:2305} INFO - Setting next_dagrun for example_subdag_operator.section-1 to None
[2022-04-13 07:09:28,273] {logging_mixin.py:104} INFO - [2022-04-13 07:09:28,273] {dag.py:2305} INFO - Setting next_dagrun for example_subdag_operator.section-2 to None
[2022-04-13 07:09:28,380] {logging_mixin.py:104} INFO - [2022-04-13 07:09:28,380] {dag.py:1832} INFO - Sync 2 DAGs
[2022-04-13 07:09:28,446] {logging_mixin.py:104} INFO - [2022-04-13 07:09:28,446] {dag.py:2305} INFO - Setting next_dagrun for example_subdag_operator.section-1 to None
[2022-04-13 07:09:28,446] {logging_mixin.py:104} INFO - [2022-04-13 07:09:28,446] {dag.py:2305} INFO - Setting next_dagrun for example_subdag_operator.section-2 to None
[2022-04-13 07:09:28,553] {scheduler_job.py:190} INFO - Processing /home/airflow/sandbox/lib/python3.8/site-packages/airflow/example_dags/example_subdag_operator.py took 2.807 seconds
[2022-04-13 07:09:58,850] {scheduler_job.py:182} INFO - Started process (PID=3499) to work on /home/airflow/sandbox/lib/python3.8/site-packages/airflow/example_dags/example_subdag_operator.py
[2022-04-13 07:09:58,852] {scheduler_job.py:633} INFO - Processing file /home/airflow/sandbox/lib/python3.8/site-packages/airflow/example_dags/example_subdag_operator.py for tasks to queue
[2022-04-13 07:09:58,854] {logging_mixin.py:104} INFO - [2022-04-13 07:09:58,854] {dagbag.py:487} INFO - Filling up the DagBag from /home/airflow/sandbox/lib/python3.8/site-packages/airflow/example_dags/example_subdag_operator.py
[2022-04-13 07:09:59,102] {scheduler_job.py:643} INFO - DAG(s) dict_keys(['example_subdag_operator.section-1', 'example_subdag_operator.section-2', 'example_subdag_operator']) retrieved from /home/airflow/sandbox/lib/python3.8/site-packages/airflow/example_dags/example_subdag_operator.py
[2022-04-13 07:09:59,212] {logging_mixin.py:104} INFO - [2022-04-13 07:09:59,212] {dag.py:1832} INFO - Sync 3 DAGs
[2022-04-13 07:09:59,300] {logging_mixin.py:104} INFO - [2022-04-13 07:09:59,300] {dag.py:2305} INFO - Setting next_dagrun for example_subdag_operator to 2022-04-11 00:00:00+00:00
[2022-04-13 07:09:59,302] {logging_mixin.py:104} INFO - [2022-04-13 07:09:59,302] {dag.py:2305} INFO - Setting next_dagrun for example_subdag_operator.section-1 to None
[2022-04-13 07:09:59,302] {logging_mixin.py:104} INFO - [2022-04-13 07:09:59,302] {dag.py:2305} INFO - Setting next_dagrun for example_subdag_operator.section-2 to None
[2022-04-13 07:09:59,387] {logging_mixin.py:104} INFO - [2022-04-13 07:09:59,386] {dag.py:1832} INFO - Sync 2 DAGs
[2022-04-13 07:09:59,417] {logging_mixin.py:104} INFO - [2022-04-13 07:09:59,417] {dag.py:2305} INFO - Setting next_dagrun for example_subdag_operator.section-1 to None
[2022-04-13 07:09:59,417] {logging_mixin.py:104} INFO - [2022-04-13 07:09:59,417] {dag.py:2305} INFO - Setting next_dagrun for example_subdag_operator.section-2 to None
[2022-04-13 07:09:59,612] {scheduler_job.py:190} INFO - Processing /home/airflow/sandbox/lib/python3.8/site-packages/airflow/example_dags/example_subdag_operator.py took 0.771 seconds
[2022-04-13 07:14:36,940] {scheduler_job.py:182} INFO - Started process (PID=5137) to work on /home/airflow/sandbox/lib/python3.8/site-packages/airflow/example_dags/example_subdag_operator.py
[2022-04-13 07:14:36,960] {scheduler_job.py:633} INFO - Processing file /home/airflow/sandbox/lib/python3.8/site-packages/airflow/example_dags/example_subdag_operator.py for tasks to queue
[2022-04-13 07:14:36,962] {logging_mixin.py:104} INFO - [2022-04-13 07:14:36,962] {dagbag.py:487} INFO - Filling up the DagBag from /home/airflow/sandbox/lib/python3.8/site-packages/airflow/example_dags/example_subdag_operator.py
[2022-04-13 07:14:37,101] {scheduler_job.py:643} INFO - DAG(s) dict_keys(['example_subdag_operator.section-1', 'example_subdag_operator.section-2', 'example_subdag_operator']) retrieved from /home/airflow/sandbox/lib/python3.8/site-packages/airflow/example_dags/example_subdag_operator.py
[2022-04-13 07:14:37,126] {logging_mixin.py:104} INFO - [2022-04-13 07:14:37,126] {dag.py:1832} INFO - Sync 3 DAGs
[2022-04-13 07:14:37,157] {logging_mixin.py:104} INFO - [2022-04-13 07:14:37,157] {dag.py:2305} INFO - Setting next_dagrun for example_subdag_operator to 2022-04-11 00:00:00+00:00
[2022-04-13 07:14:37,160] {logging_mixin.py:104} INFO - [2022-04-13 07:14:37,160] {dag.py:2305} INFO - Setting next_dagrun for example_subdag_operator.section-1 to None
[2022-04-13 07:14:37,161] {logging_mixin.py:104} INFO - [2022-04-13 07:14:37,161] {dag.py:2305} INFO - Setting next_dagrun for example_subdag_operator.section-2 to None
[2022-04-13 07:14:37,205] {logging_mixin.py:104} INFO - [2022-04-13 07:14:37,204] {dag.py:1832} INFO - Sync 2 DAGs
[2022-04-13 07:14:37,246] {logging_mixin.py:104} INFO - [2022-04-13 07:14:37,245] {dag.py:2305} INFO - Setting next_dagrun for example_subdag_operator.section-1 to None
[2022-04-13 07:14:37,247] {logging_mixin.py:104} INFO - [2022-04-13 07:14:37,247] {dag.py:2305} INFO - Setting next_dagrun for example_subdag_operator.section-2 to None
[2022-04-13 07:14:37,467] {scheduler_job.py:190} INFO - Processing /home/airflow/sandbox/lib/python3.8/site-packages/airflow/example_dags/example_subdag_operator.py took 0.558 seconds
[2022-04-13 07:15:09,659] {scheduler_job.py:182} INFO - Started process (PID=5483) to work on /home/airflow/sandbox/lib/python3.8/site-packages/airflow/example_dags/example_subdag_operator.py
[2022-04-13 07:15:09,675] {scheduler_job.py:633} INFO - Processing file /home/airflow/sandbox/lib/python3.8/site-packages/airflow/example_dags/example_subdag_operator.py for tasks to queue
[2022-04-13 07:15:09,676] {logging_mixin.py:104} INFO - [2022-04-13 07:15:09,676] {dagbag.py:487} INFO - Filling up the DagBag from /home/airflow/sandbox/lib/python3.8/site-packages/airflow/example_dags/example_subdag_operator.py
[2022-04-13 07:15:09,768] {scheduler_job.py:643} INFO - DAG(s) dict_keys(['example_subdag_operator.section-1', 'example_subdag_operator.section-2', 'example_subdag_operator']) retrieved from /home/airflow/sandbox/lib/python3.8/site-packages/airflow/example_dags/example_subdag_operator.py
[2022-04-13 07:15:09,794] {logging_mixin.py:104} INFO - [2022-04-13 07:15:09,793] {dag.py:1832} INFO - Sync 3 DAGs
[2022-04-13 07:15:09,833] {logging_mixin.py:104} INFO - [2022-04-13 07:15:09,833] {dag.py:2305} INFO - Setting next_dagrun for example_subdag_operator to 2022-04-11 00:00:00+00:00
[2022-04-13 07:15:09,836] {logging_mixin.py:104} INFO - [2022-04-13 07:15:09,835] {dag.py:2305} INFO - Setting next_dagrun for example_subdag_operator.section-1 to None
[2022-04-13 07:15:09,836] {logging_mixin.py:104} INFO - [2022-04-13 07:15:09,836] {dag.py:2305} INFO - Setting next_dagrun for example_subdag_operator.section-2 to None
[2022-04-13 07:15:09,955] {logging_mixin.py:104} INFO - [2022-04-13 07:15:09,954] {dag.py:1832} INFO - Sync 2 DAGs
[2022-04-13 07:15:10,074] {logging_mixin.py:104} INFO - [2022-04-13 07:15:10,074] {dag.py:2305} INFO - Setting next_dagrun for example_subdag_operator.section-1 to None
[2022-04-13 07:15:10,075] {logging_mixin.py:104} INFO - [2022-04-13 07:15:10,075] {dag.py:2305} INFO - Setting next_dagrun for example_subdag_operator.section-2 to None
[2022-04-13 07:15:10,194] {scheduler_job.py:190} INFO - Processing /home/airflow/sandbox/lib/python3.8/site-packages/airflow/example_dags/example_subdag_operator.py took 0.544 seconds
[2022-04-13 07:15:41,320] {scheduler_job.py:182} INFO - Started process (PID=5815) to work on /home/airflow/sandbox/lib/python3.8/site-packages/airflow/example_dags/example_subdag_operator.py
[2022-04-13 07:15:41,382] {scheduler_job.py:633} INFO - Processing file /home/airflow/sandbox/lib/python3.8/site-packages/airflow/example_dags/example_subdag_operator.py for tasks to queue
[2022-04-13 07:15:41,385] {logging_mixin.py:104} INFO - [2022-04-13 07:15:41,385] {dagbag.py:487} INFO - Filling up the DagBag from /home/airflow/sandbox/lib/python3.8/site-packages/airflow/example_dags/example_subdag_operator.py
[2022-04-13 07:15:41,696] {scheduler_job.py:643} INFO - DAG(s) dict_keys(['example_subdag_operator.section-1', 'example_subdag_operator.section-2', 'example_subdag_operator']) retrieved from /home/airflow/sandbox/lib/python3.8/site-packages/airflow/example_dags/example_subdag_operator.py
[2022-04-13 07:15:41,800] {logging_mixin.py:104} INFO - [2022-04-13 07:15:41,799] {dag.py:1832} INFO - Sync 3 DAGs
[2022-04-13 07:15:41,907] {logging_mixin.py:104} INFO - [2022-04-13 07:15:41,907] {dag.py:2305} INFO - Setting next_dagrun for example_subdag_operator to 2022-04-11 00:00:00+00:00
[2022-04-13 07:15:41,910] {logging_mixin.py:104} INFO - [2022-04-13 07:15:41,910] {dag.py:2305} INFO - Setting next_dagrun for example_subdag_operator.section-1 to None
[2022-04-13 07:15:41,917] {logging_mixin.py:104} INFO - [2022-04-13 07:15:41,917] {dag.py:2305} INFO - Setting next_dagrun for example_subdag_operator.section-2 to None
[2022-04-13 07:15:42,100] {logging_mixin.py:104} INFO - [2022-04-13 07:15:42,100] {dag.py:1832} INFO - Sync 2 DAGs
[2022-04-13 07:15:42,166] {logging_mixin.py:104} INFO - [2022-04-13 07:15:42,165] {dag.py:2305} INFO - Setting next_dagrun for example_subdag_operator.section-1 to None
[2022-04-13 07:15:42,186] {logging_mixin.py:104} INFO - [2022-04-13 07:15:42,174] {dag.py:2305} INFO - Setting next_dagrun for example_subdag_operator.section-2 to None
[2022-04-13 07:15:42,266] {scheduler_job.py:190} INFO - Processing /home/airflow/sandbox/lib/python3.8/site-packages/airflow/example_dags/example_subdag_operator.py took 0.954 seconds
[2022-04-13 07:16:17,601] {scheduler_job.py:182} INFO - Started process (PID=6054) to work on /home/airflow/sandbox/lib/python3.8/site-packages/airflow/example_dags/example_subdag_operator.py
[2022-04-13 07:16:17,610] {scheduler_job.py:633} INFO - Processing file /home/airflow/sandbox/lib/python3.8/site-packages/airflow/example_dags/example_subdag_operator.py for tasks to queue
[2022-04-13 07:16:17,617] {logging_mixin.py:104} INFO - [2022-04-13 07:16:17,616] {dagbag.py:487} INFO - Filling up the DagBag from /home/airflow/sandbox/lib/python3.8/site-packages/airflow/example_dags/example_subdag_operator.py
[2022-04-13 07:16:17,737] {scheduler_job.py:643} INFO - DAG(s) dict_keys(['example_subdag_operator.section-1', 'example_subdag_operator.section-2', 'example_subdag_operator']) retrieved from /home/airflow/sandbox/lib/python3.8/site-packages/airflow/example_dags/example_subdag_operator.py
[2022-04-13 07:16:17,764] {logging_mixin.py:104} INFO - [2022-04-13 07:16:17,763] {dag.py:1832} INFO - Sync 3 DAGs
[2022-04-13 07:16:17,862] {logging_mixin.py:104} INFO - [2022-04-13 07:16:17,861] {dag.py:2305} INFO - Setting next_dagrun for example_subdag_operator to 2022-04-11 00:00:00+00:00
[2022-04-13 07:16:17,871] {logging_mixin.py:104} INFO - [2022-04-13 07:16:17,871] {dag.py:2305} INFO - Setting next_dagrun for example_subdag_operator.section-1 to None
[2022-04-13 07:16:17,885] {logging_mixin.py:104} INFO - [2022-04-13 07:16:17,875] {dag.py:2305} INFO - Setting next_dagrun for example_subdag_operator.section-2 to None
[2022-04-13 07:16:17,995] {logging_mixin.py:104} INFO - [2022-04-13 07:16:17,995] {dag.py:1832} INFO - Sync 2 DAGs
[2022-04-13 07:16:18,111] {logging_mixin.py:104} INFO - [2022-04-13 07:16:18,110] {dag.py:2305} INFO - Setting next_dagrun for example_subdag_operator.section-1 to None
[2022-04-13 07:16:18,123] {logging_mixin.py:104} INFO - [2022-04-13 07:16:18,123] {dag.py:2305} INFO - Setting next_dagrun for example_subdag_operator.section-2 to None
[2022-04-13 07:16:18,252] {scheduler_job.py:190} INFO - Processing /home/airflow/sandbox/lib/python3.8/site-packages/airflow/example_dags/example_subdag_operator.py took 0.680 seconds
[2022-04-13 07:16:49,733] {scheduler_job.py:182} INFO - Started process (PID=6268) to work on /home/airflow/sandbox/lib/python3.8/site-packages/airflow/example_dags/example_subdag_operator.py
[2022-04-13 07:16:49,741] {scheduler_job.py:633} INFO - Processing file /home/airflow/sandbox/lib/python3.8/site-packages/airflow/example_dags/example_subdag_operator.py for tasks to queue
[2022-04-13 07:16:49,752] {logging_mixin.py:104} INFO - [2022-04-13 07:16:49,751] {dagbag.py:487} INFO - Filling up the DagBag from /home/airflow/sandbox/lib/python3.8/site-packages/airflow/example_dags/example_subdag_operator.py
[2022-04-13 07:16:49,948] {scheduler_job.py:643} INFO - DAG(s) dict_keys(['example_subdag_operator.section-1', 'example_subdag_operator.section-2', 'example_subdag_operator']) retrieved from /home/airflow/sandbox/lib/python3.8/site-packages/airflow/example_dags/example_subdag_operator.py
[2022-04-13 07:16:50,061] {logging_mixin.py:104} INFO - [2022-04-13 07:16:50,061] {dag.py:1832} INFO - Sync 3 DAGs
[2022-04-13 07:16:50,169] {logging_mixin.py:104} INFO - [2022-04-13 07:16:50,168] {dag.py:2305} INFO - Setting next_dagrun for example_subdag_operator to 2022-04-11 00:00:00+00:00
[2022-04-13 07:16:50,171] {logging_mixin.py:104} INFO - [2022-04-13 07:16:50,171] {dag.py:2305} INFO - Setting next_dagrun for example_subdag_operator.section-1 to None
[2022-04-13 07:16:50,172] {logging_mixin.py:104} INFO - [2022-04-13 07:16:50,171] {dag.py:2305} INFO - Setting next_dagrun for example_subdag_operator.section-2 to None
[2022-04-13 07:16:50,231] {logging_mixin.py:104} INFO - [2022-04-13 07:16:50,230] {dag.py:1832} INFO - Sync 2 DAGs
[2022-04-13 07:16:50,265] {logging_mixin.py:104} INFO - [2022-04-13 07:16:50,265] {dag.py:2305} INFO - Setting next_dagrun for example_subdag_operator.section-1 to None
[2022-04-13 07:16:50,271] {logging_mixin.py:104} INFO - [2022-04-13 07:16:50,271] {dag.py:2305} INFO - Setting next_dagrun for example_subdag_operator.section-2 to None
[2022-04-13 07:16:50,442] {scheduler_job.py:190} INFO - Processing /home/airflow/sandbox/lib/python3.8/site-packages/airflow/example_dags/example_subdag_operator.py took 0.726 seconds
[2022-04-13 07:17:22,273] {scheduler_job.py:182} INFO - Started process (PID=6476) to work on /home/airflow/sandbox/lib/python3.8/site-packages/airflow/example_dags/example_subdag_operator.py
[2022-04-13 07:17:22,280] {scheduler_job.py:633} INFO - Processing file /home/airflow/sandbox/lib/python3.8/site-packages/airflow/example_dags/example_subdag_operator.py for tasks to queue
[2022-04-13 07:17:22,282] {logging_mixin.py:104} INFO - [2022-04-13 07:17:22,281] {dagbag.py:487} INFO - Filling up the DagBag from /home/airflow/sandbox/lib/python3.8/site-packages/airflow/example_dags/example_subdag_operator.py
[2022-04-13 07:17:22,418] {scheduler_job.py:643} INFO - DAG(s) dict_keys(['example_subdag_operator.section-1', 'example_subdag_operator.section-2', 'example_subdag_operator']) retrieved from /home/airflow/sandbox/lib/python3.8/site-packages/airflow/example_dags/example_subdag_operator.py
[2022-04-13 07:17:22,450] {logging_mixin.py:104} INFO - [2022-04-13 07:17:22,450] {dag.py:1832} INFO - Sync 3 DAGs
[2022-04-13 07:17:22,489] {logging_mixin.py:104} INFO - [2022-04-13 07:17:22,489] {dag.py:2305} INFO - Setting next_dagrun for example_subdag_operator to 2022-04-11 00:00:00+00:00
[2022-04-13 07:17:22,491] {logging_mixin.py:104} INFO - [2022-04-13 07:17:22,491] {dag.py:2305} INFO - Setting next_dagrun for example_subdag_operator.section-1 to None
[2022-04-13 07:17:22,492] {logging_mixin.py:104} INFO - [2022-04-13 07:17:22,492] {dag.py:2305} INFO - Setting next_dagrun for example_subdag_operator.section-2 to None
[2022-04-13 07:17:22,520] {logging_mixin.py:104} INFO - [2022-04-13 07:17:22,520] {dag.py:1832} INFO - Sync 2 DAGs
[2022-04-13 07:17:22,539] {logging_mixin.py:104} INFO - [2022-04-13 07:17:22,539] {dag.py:2305} INFO - Setting next_dagrun for example_subdag_operator.section-1 to None
[2022-04-13 07:17:22,540] {logging_mixin.py:104} INFO - [2022-04-13 07:17:22,540] {dag.py:2305} INFO - Setting next_dagrun for example_subdag_operator.section-2 to None
[2022-04-13 07:17:22,559] {scheduler_job.py:190} INFO - Processing /home/airflow/sandbox/lib/python3.8/site-packages/airflow/example_dags/example_subdag_operator.py took 0.297 seconds
[2022-04-13 07:17:54,352] {scheduler_job.py:182} INFO - Started process (PID=6673) to work on /home/airflow/sandbox/lib/python3.8/site-packages/airflow/example_dags/example_subdag_operator.py
[2022-04-13 07:17:54,355] {scheduler_job.py:633} INFO - Processing file /home/airflow/sandbox/lib/python3.8/site-packages/airflow/example_dags/example_subdag_operator.py for tasks to queue
[2022-04-13 07:17:54,357] {logging_mixin.py:104} INFO - [2022-04-13 07:17:54,357] {dagbag.py:487} INFO - Filling up the DagBag from /home/airflow/sandbox/lib/python3.8/site-packages/airflow/example_dags/example_subdag_operator.py
[2022-04-13 07:17:54,444] {scheduler_job.py:643} INFO - DAG(s) dict_keys(['example_subdag_operator.section-1', 'example_subdag_operator.section-2', 'example_subdag_operator']) retrieved from /home/airflow/sandbox/lib/python3.8/site-packages/airflow/example_dags/example_subdag_operator.py
[2022-04-13 07:17:54,575] {logging_mixin.py:104} INFO - [2022-04-13 07:17:54,575] {dag.py:1832} INFO - Sync 3 DAGs
[2022-04-13 07:17:54,645] {logging_mixin.py:104} INFO - [2022-04-13 07:17:54,645] {dag.py:2305} INFO - Setting next_dagrun for example_subdag_operator to 2022-04-11 00:00:00+00:00
[2022-04-13 07:17:54,647] {logging_mixin.py:104} INFO - [2022-04-13 07:17:54,647] {dag.py:2305} INFO - Setting next_dagrun for example_subdag_operator.section-1 to None
[2022-04-13 07:17:54,648] {logging_mixin.py:104} INFO - [2022-04-13 07:17:54,648] {dag.py:2305} INFO - Setting next_dagrun for example_subdag_operator.section-2 to None
[2022-04-13 07:17:54,838] {logging_mixin.py:104} INFO - [2022-04-13 07:17:54,838] {dag.py:1832} INFO - Sync 2 DAGs
[2022-04-13 07:17:54,890] {logging_mixin.py:104} INFO - [2022-04-13 07:17:54,890] {dag.py:2305} INFO - Setting next_dagrun for example_subdag_operator.section-1 to None
[2022-04-13 07:17:54,892] {logging_mixin.py:104} INFO - [2022-04-13 07:17:54,892] {dag.py:2305} INFO - Setting next_dagrun for example_subdag_operator.section-2 to None
[2022-04-13 07:17:55,095] {scheduler_job.py:190} INFO - Processing /home/airflow/sandbox/lib/python3.8/site-packages/airflow/example_dags/example_subdag_operator.py took 0.752 seconds
[2022-04-13 07:18:26,553] {scheduler_job.py:182} INFO - Started process (PID=6874) to work on /home/airflow/sandbox/lib/python3.8/site-packages/airflow/example_dags/example_subdag_operator.py
[2022-04-13 07:18:26,597] {scheduler_job.py:633} INFO - Processing file /home/airflow/sandbox/lib/python3.8/site-packages/airflow/example_dags/example_subdag_operator.py for tasks to queue
[2022-04-13 07:18:26,603] {logging_mixin.py:104} INFO - [2022-04-13 07:18:26,603] {dagbag.py:487} INFO - Filling up the DagBag from /home/airflow/sandbox/lib/python3.8/site-packages/airflow/example_dags/example_subdag_operator.py
[2022-04-13 07:18:26,826] {scheduler_job.py:643} INFO - DAG(s) dict_keys(['example_subdag_operator.section-1', 'example_subdag_operator.section-2', 'example_subdag_operator']) retrieved from /home/airflow/sandbox/lib/python3.8/site-packages/airflow/example_dags/example_subdag_operator.py
[2022-04-13 07:18:26,890] {logging_mixin.py:104} INFO - [2022-04-13 07:18:26,890] {dag.py:1832} INFO - Sync 3 DAGs
[2022-04-13 07:18:26,958] {logging_mixin.py:104} INFO - [2022-04-13 07:18:26,958] {dag.py:2305} INFO - Setting next_dagrun for example_subdag_operator to 2022-04-11 00:00:00+00:00
[2022-04-13 07:18:26,969] {logging_mixin.py:104} INFO - [2022-04-13 07:18:26,969] {dag.py:2305} INFO - Setting next_dagrun for example_subdag_operator.section-1 to None
[2022-04-13 07:18:26,970] {logging_mixin.py:104} INFO - [2022-04-13 07:18:26,970] {dag.py:2305} INFO - Setting next_dagrun for example_subdag_operator.section-2 to None
[2022-04-13 07:18:27,133] {logging_mixin.py:104} INFO - [2022-04-13 07:18:27,132] {dag.py:1832} INFO - Sync 2 DAGs
[2022-04-13 07:18:27,172] {logging_mixin.py:104} INFO - [2022-04-13 07:18:27,172] {dag.py:2305} INFO - Setting next_dagrun for example_subdag_operator.section-1 to None
[2022-04-13 07:18:27,179] {logging_mixin.py:104} INFO - [2022-04-13 07:18:27,178] {dag.py:2305} INFO - Setting next_dagrun for example_subdag_operator.section-2 to None
[2022-04-13 07:18:27,383] {scheduler_job.py:190} INFO - Processing /home/airflow/sandbox/lib/python3.8/site-packages/airflow/example_dags/example_subdag_operator.py took 0.839 seconds
[2022-04-13 07:18:59,308] {scheduler_job.py:182} INFO - Started process (PID=7073) to work on /home/airflow/sandbox/lib/python3.8/site-packages/airflow/example_dags/example_subdag_operator.py
[2022-04-13 07:18:59,353] {scheduler_job.py:633} INFO - Processing file /home/airflow/sandbox/lib/python3.8/site-packages/airflow/example_dags/example_subdag_operator.py for tasks to queue
[2022-04-13 07:18:59,367] {logging_mixin.py:104} INFO - [2022-04-13 07:18:59,366] {dagbag.py:487} INFO - Filling up the DagBag from /home/airflow/sandbox/lib/python3.8/site-packages/airflow/example_dags/example_subdag_operator.py
[2022-04-13 07:18:59,559] {scheduler_job.py:643} INFO - DAG(s) dict_keys(['example_subdag_operator.section-1', 'example_subdag_operator.section-2', 'example_subdag_operator']) retrieved from /home/airflow/sandbox/lib/python3.8/site-packages/airflow/example_dags/example_subdag_operator.py
[2022-04-13 07:18:59,628] {logging_mixin.py:104} INFO - [2022-04-13 07:18:59,627] {dag.py:1832} INFO - Sync 3 DAGs
[2022-04-13 07:18:59,738] {logging_mixin.py:104} INFO - [2022-04-13 07:18:59,737] {dag.py:2305} INFO - Setting next_dagrun for example_subdag_operator to 2022-04-11 00:00:00+00:00
[2022-04-13 07:18:59,740] {logging_mixin.py:104} INFO - [2022-04-13 07:18:59,740] {dag.py:2305} INFO - Setting next_dagrun for example_subdag_operator.section-1 to None
[2022-04-13 07:18:59,742] {logging_mixin.py:104} INFO - [2022-04-13 07:18:59,742] {dag.py:2305} INFO - Setting next_dagrun for example_subdag_operator.section-2 to None
[2022-04-13 07:18:59,977] {logging_mixin.py:104} INFO - [2022-04-13 07:18:59,977] {dag.py:1832} INFO - Sync 2 DAGs
[2022-04-13 07:19:00,038] {logging_mixin.py:104} INFO - [2022-04-13 07:19:00,037] {dag.py:2305} INFO - Setting next_dagrun for example_subdag_operator.section-1 to None
[2022-04-13 07:19:00,038] {logging_mixin.py:104} INFO - [2022-04-13 07:19:00,038] {dag.py:2305} INFO - Setting next_dagrun for example_subdag_operator.section-2 to None
[2022-04-13 07:19:00,135] {scheduler_job.py:190} INFO - Processing /home/airflow/sandbox/lib/python3.8/site-packages/airflow/example_dags/example_subdag_operator.py took 0.847 seconds
[2022-04-13 07:19:32,103] {scheduler_job.py:182} INFO - Started process (PID=7523) to work on /home/airflow/sandbox/lib/python3.8/site-packages/airflow/example_dags/example_subdag_operator.py
[2022-04-13 07:19:32,130] {scheduler_job.py:633} INFO - Processing file /home/airflow/sandbox/lib/python3.8/site-packages/airflow/example_dags/example_subdag_operator.py for tasks to queue
[2022-04-13 07:19:32,132] {logging_mixin.py:104} INFO - [2022-04-13 07:19:32,131] {dagbag.py:487} INFO - Filling up the DagBag from /home/airflow/sandbox/lib/python3.8/site-packages/airflow/example_dags/example_subdag_operator.py
[2022-04-13 07:19:32,345] {scheduler_job.py:643} INFO - DAG(s) dict_keys(['example_subdag_operator.section-1', 'example_subdag_operator.section-2', 'example_subdag_operator']) retrieved from /home/airflow/sandbox/lib/python3.8/site-packages/airflow/example_dags/example_subdag_operator.py
[2022-04-13 07:19:32,422] {logging_mixin.py:104} INFO - [2022-04-13 07:19:32,422] {dag.py:1832} INFO - Sync 3 DAGs
[2022-04-13 07:19:32,492] {logging_mixin.py:104} INFO - [2022-04-13 07:19:32,492] {dag.py:2305} INFO - Setting next_dagrun for example_subdag_operator to 2022-04-11 00:00:00+00:00
[2022-04-13 07:19:32,495] {logging_mixin.py:104} INFO - [2022-04-13 07:19:32,494] {dag.py:2305} INFO - Setting next_dagrun for example_subdag_operator.section-1 to None
[2022-04-13 07:19:32,495] {logging_mixin.py:104} INFO - [2022-04-13 07:19:32,495] {dag.py:2305} INFO - Setting next_dagrun for example_subdag_operator.section-2 to None
[2022-04-13 07:19:32,798] {logging_mixin.py:104} INFO - [2022-04-13 07:19:32,797] {dag.py:1832} INFO - Sync 2 DAGs
[2022-04-13 07:19:32,898] {logging_mixin.py:104} INFO - [2022-04-13 07:19:32,897] {dag.py:2305} INFO - Setting next_dagrun for example_subdag_operator.section-1 to None
[2022-04-13 07:19:32,898] {logging_mixin.py:104} INFO - [2022-04-13 07:19:32,898] {dag.py:2305} INFO - Setting next_dagrun for example_subdag_operator.section-2 to None
[2022-04-13 07:19:32,946] {scheduler_job.py:190} INFO - Processing /home/airflow/sandbox/lib/python3.8/site-packages/airflow/example_dags/example_subdag_operator.py took 0.853 seconds
[2022-04-13 07:20:03,884] {scheduler_job.py:182} INFO - Started process (PID=7731) to work on /home/airflow/sandbox/lib/python3.8/site-packages/airflow/example_dags/example_subdag_operator.py
[2022-04-13 07:20:03,913] {scheduler_job.py:633} INFO - Processing file /home/airflow/sandbox/lib/python3.8/site-packages/airflow/example_dags/example_subdag_operator.py for tasks to queue
[2022-04-13 07:20:03,915] {logging_mixin.py:104} INFO - [2022-04-13 07:20:03,914] {dagbag.py:487} INFO - Filling up the DagBag from /home/airflow/sandbox/lib/python3.8/site-packages/airflow/example_dags/example_subdag_operator.py
[2022-04-13 07:20:04,150] {scheduler_job.py:643} INFO - DAG(s) dict_keys(['example_subdag_operator.section-1', 'example_subdag_operator.section-2', 'example_subdag_operator']) retrieved from /home/airflow/sandbox/lib/python3.8/site-packages/airflow/example_dags/example_subdag_operator.py
[2022-04-13 07:20:04,286] {logging_mixin.py:104} INFO - [2022-04-13 07:20:04,286] {dag.py:1832} INFO - Sync 3 DAGs
[2022-04-13 07:20:04,379] {logging_mixin.py:104} INFO - [2022-04-13 07:20:04,379] {dag.py:2305} INFO - Setting next_dagrun for example_subdag_operator to 2022-04-11 00:00:00+00:00
[2022-04-13 07:20:04,386] {logging_mixin.py:104} INFO - [2022-04-13 07:20:04,386] {dag.py:2305} INFO - Setting next_dagrun for example_subdag_operator.section-1 to None
[2022-04-13 07:20:04,389] {logging_mixin.py:104} INFO - [2022-04-13 07:20:04,389] {dag.py:2305} INFO - Setting next_dagrun for example_subdag_operator.section-2 to None
[2022-04-13 07:20:04,465] {logging_mixin.py:104} INFO - [2022-04-13 07:20:04,465] {dag.py:1832} INFO - Sync 2 DAGs
[2022-04-13 07:20:04,520] {logging_mixin.py:104} INFO - [2022-04-13 07:20:04,520] {dag.py:2305} INFO - Setting next_dagrun for example_subdag_operator.section-1 to None
[2022-04-13 07:20:04,525] {logging_mixin.py:104} INFO - [2022-04-13 07:20:04,525] {dag.py:2305} INFO - Setting next_dagrun for example_subdag_operator.section-2 to None
[2022-04-13 07:20:04,727] {scheduler_job.py:190} INFO - Processing /home/airflow/sandbox/lib/python3.8/site-packages/airflow/example_dags/example_subdag_operator.py took 0.853 seconds
[2022-04-13 07:20:35,817] {scheduler_job.py:182} INFO - Started process (PID=7920) to work on /home/airflow/sandbox/lib/python3.8/site-packages/airflow/example_dags/example_subdag_operator.py
[2022-04-13 07:20:35,851] {scheduler_job.py:633} INFO - Processing file /home/airflow/sandbox/lib/python3.8/site-packages/airflow/example_dags/example_subdag_operator.py for tasks to queue
[2022-04-13 07:20:35,853] {logging_mixin.py:104} INFO - [2022-04-13 07:20:35,853] {dagbag.py:487} INFO - Filling up the DagBag from /home/airflow/sandbox/lib/python3.8/site-packages/airflow/example_dags/example_subdag_operator.py
[2022-04-13 07:20:36,066] {scheduler_job.py:643} INFO - DAG(s) dict_keys(['example_subdag_operator.section-1', 'example_subdag_operator.section-2', 'example_subdag_operator']) retrieved from /home/airflow/sandbox/lib/python3.8/site-packages/airflow/example_dags/example_subdag_operator.py
[2022-04-13 07:20:36,131] {logging_mixin.py:104} INFO - [2022-04-13 07:20:36,131] {dag.py:1832} INFO - Sync 3 DAGs
[2022-04-13 07:20:36,206] {logging_mixin.py:104} INFO - [2022-04-13 07:20:36,205] {dag.py:2305} INFO - Setting next_dagrun for example_subdag_operator to 2022-04-11 00:00:00+00:00
[2022-04-13 07:20:36,209] {logging_mixin.py:104} INFO - [2022-04-13 07:20:36,209] {dag.py:2305} INFO - Setting next_dagrun for example_subdag_operator.section-1 to None
[2022-04-13 07:20:36,213] {logging_mixin.py:104} INFO - [2022-04-13 07:20:36,213] {dag.py:2305} INFO - Setting next_dagrun for example_subdag_operator.section-2 to None
[2022-04-13 07:20:36,276] {logging_mixin.py:104} INFO - [2022-04-13 07:20:36,276] {dag.py:1832} INFO - Sync 2 DAGs
[2022-04-13 07:20:36,336] {logging_mixin.py:104} INFO - [2022-04-13 07:20:36,336] {dag.py:2305} INFO - Setting next_dagrun for example_subdag_operator.section-1 to None
[2022-04-13 07:20:36,337] {logging_mixin.py:104} INFO - [2022-04-13 07:20:36,337] {dag.py:2305} INFO - Setting next_dagrun for example_subdag_operator.section-2 to None
[2022-04-13 07:20:36,461] {scheduler_job.py:190} INFO - Processing /home/airflow/sandbox/lib/python3.8/site-packages/airflow/example_dags/example_subdag_operator.py took 0.662 seconds
[2022-04-13 07:21:07,642] {scheduler_job.py:182} INFO - Started process (PID=8122) to work on /home/airflow/sandbox/lib/python3.8/site-packages/airflow/example_dags/example_subdag_operator.py
[2022-04-13 07:21:07,653] {scheduler_job.py:633} INFO - Processing file /home/airflow/sandbox/lib/python3.8/site-packages/airflow/example_dags/example_subdag_operator.py for tasks to queue
[2022-04-13 07:21:07,666] {logging_mixin.py:104} INFO - [2022-04-13 07:21:07,660] {dagbag.py:487} INFO - Filling up the DagBag from /home/airflow/sandbox/lib/python3.8/site-packages/airflow/example_dags/example_subdag_operator.py
[2022-04-13 07:21:07,881] {scheduler_job.py:643} INFO - DAG(s) dict_keys(['example_subdag_operator.section-1', 'example_subdag_operator.section-2', 'example_subdag_operator']) retrieved from /home/airflow/sandbox/lib/python3.8/site-packages/airflow/example_dags/example_subdag_operator.py
[2022-04-13 07:21:07,949] {logging_mixin.py:104} INFO - [2022-04-13 07:21:07,949] {dag.py:1832} INFO - Sync 3 DAGs
[2022-04-13 07:21:08,021] {logging_mixin.py:104} INFO - [2022-04-13 07:21:08,021] {dag.py:2305} INFO - Setting next_dagrun for example_subdag_operator to 2022-04-11 00:00:00+00:00
[2022-04-13 07:21:08,024] {logging_mixin.py:104} INFO - [2022-04-13 07:21:08,024] {dag.py:2305} INFO - Setting next_dagrun for example_subdag_operator.section-1 to None
[2022-04-13 07:21:08,040] {logging_mixin.py:104} INFO - [2022-04-13 07:21:08,040] {dag.py:2305} INFO - Setting next_dagrun for example_subdag_operator.section-2 to None
[2022-04-13 07:21:08,135] {logging_mixin.py:104} INFO - [2022-04-13 07:21:08,135] {dag.py:1832} INFO - Sync 2 DAGs
[2022-04-13 07:21:08,164] {logging_mixin.py:104} INFO - [2022-04-13 07:21:08,164] {dag.py:2305} INFO - Setting next_dagrun for example_subdag_operator.section-1 to None
[2022-04-13 07:21:08,165] {logging_mixin.py:104} INFO - [2022-04-13 07:21:08,165] {dag.py:2305} INFO - Setting next_dagrun for example_subdag_operator.section-2 to None
[2022-04-13 07:21:08,606] {scheduler_job.py:190} INFO - Processing /home/airflow/sandbox/lib/python3.8/site-packages/airflow/example_dags/example_subdag_operator.py took 0.973 seconds
[2022-04-13 07:21:39,764] {scheduler_job.py:182} INFO - Started process (PID=8323) to work on /home/airflow/sandbox/lib/python3.8/site-packages/airflow/example_dags/example_subdag_operator.py
[2022-04-13 07:21:39,774] {scheduler_job.py:633} INFO - Processing file /home/airflow/sandbox/lib/python3.8/site-packages/airflow/example_dags/example_subdag_operator.py for tasks to queue
[2022-04-13 07:21:39,775] {logging_mixin.py:104} INFO - [2022-04-13 07:21:39,775] {dagbag.py:487} INFO - Filling up the DagBag from /home/airflow/sandbox/lib/python3.8/site-packages/airflow/example_dags/example_subdag_operator.py
[2022-04-13 07:21:39,865] {scheduler_job.py:643} INFO - DAG(s) dict_keys(['example_subdag_operator.section-1', 'example_subdag_operator.section-2', 'example_subdag_operator']) retrieved from /home/airflow/sandbox/lib/python3.8/site-packages/airflow/example_dags/example_subdag_operator.py
[2022-04-13 07:21:39,888] {logging_mixin.py:104} INFO - [2022-04-13 07:21:39,888] {dag.py:1832} INFO - Sync 3 DAGs
[2022-04-13 07:21:39,921] {logging_mixin.py:104} INFO - [2022-04-13 07:21:39,921] {dag.py:2305} INFO - Setting next_dagrun for example_subdag_operator to 2022-04-11 00:00:00+00:00
[2022-04-13 07:21:39,923] {logging_mixin.py:104} INFO - [2022-04-13 07:21:39,923] {dag.py:2305} INFO - Setting next_dagrun for example_subdag_operator.section-1 to None
[2022-04-13 07:21:39,924] {logging_mixin.py:104} INFO - [2022-04-13 07:21:39,924] {dag.py:2305} INFO - Setting next_dagrun for example_subdag_operator.section-2 to None
[2022-04-13 07:21:39,944] {logging_mixin.py:104} INFO - [2022-04-13 07:21:39,943] {dag.py:1832} INFO - Sync 2 DAGs
[2022-04-13 07:21:39,957] {logging_mixin.py:104} INFO - [2022-04-13 07:21:39,957] {dag.py:2305} INFO - Setting next_dagrun for example_subdag_operator.section-1 to None
[2022-04-13 07:21:39,958] {logging_mixin.py:104} INFO - [2022-04-13 07:21:39,958] {dag.py:2305} INFO - Setting next_dagrun for example_subdag_operator.section-2 to None
[2022-04-13 07:21:40,110] {scheduler_job.py:190} INFO - Processing /home/airflow/sandbox/lib/python3.8/site-packages/airflow/example_dags/example_subdag_operator.py took 0.355 seconds
[2022-04-13 07:22:11,328] {scheduler_job.py:182} INFO - Started process (PID=8520) to work on /home/airflow/sandbox/lib/python3.8/site-packages/airflow/example_dags/example_subdag_operator.py
[2022-04-13 07:22:11,347] {scheduler_job.py:633} INFO - Processing file /home/airflow/sandbox/lib/python3.8/site-packages/airflow/example_dags/example_subdag_operator.py for tasks to queue
[2022-04-13 07:22:11,349] {logging_mixin.py:104} INFO - [2022-04-13 07:22:11,349] {dagbag.py:487} INFO - Filling up the DagBag from /home/airflow/sandbox/lib/python3.8/site-packages/airflow/example_dags/example_subdag_operator.py
[2022-04-13 07:22:11,516] {scheduler_job.py:643} INFO - DAG(s) dict_keys(['example_subdag_operator.section-1', 'example_subdag_operator.section-2', 'example_subdag_operator']) retrieved from /home/airflow/sandbox/lib/python3.8/site-packages/airflow/example_dags/example_subdag_operator.py
[2022-04-13 07:22:11,589] {logging_mixin.py:104} INFO - [2022-04-13 07:22:11,589] {dag.py:1832} INFO - Sync 3 DAGs
[2022-04-13 07:22:11,649] {logging_mixin.py:104} INFO - [2022-04-13 07:22:11,649] {dag.py:2305} INFO - Setting next_dagrun for example_subdag_operator to 2022-04-11 00:00:00+00:00
[2022-04-13 07:22:11,660] {logging_mixin.py:104} INFO - [2022-04-13 07:22:11,660] {dag.py:2305} INFO - Setting next_dagrun for example_subdag_operator.section-1 to None
[2022-04-13 07:22:11,660] {logging_mixin.py:104} INFO - [2022-04-13 07:22:11,660] {dag.py:2305} INFO - Setting next_dagrun for example_subdag_operator.section-2 to None
[2022-04-13 07:22:11,979] {logging_mixin.py:104} INFO - [2022-04-13 07:22:11,978] {dag.py:1832} INFO - Sync 2 DAGs
[2022-04-13 07:22:12,024] {logging_mixin.py:104} INFO - [2022-04-13 07:22:12,024] {dag.py:2305} INFO - Setting next_dagrun for example_subdag_operator.section-1 to None
[2022-04-13 07:22:12,030] {logging_mixin.py:104} INFO - [2022-04-13 07:22:12,030] {dag.py:2305} INFO - Setting next_dagrun for example_subdag_operator.section-2 to None
[2022-04-13 07:22:12,081] {scheduler_job.py:190} INFO - Processing /home/airflow/sandbox/lib/python3.8/site-packages/airflow/example_dags/example_subdag_operator.py took 0.761 seconds
[2022-04-13 07:22:42,310] {scheduler_job.py:182} INFO - Started process (PID=8718) to work on /home/airflow/sandbox/lib/python3.8/site-packages/airflow/example_dags/example_subdag_operator.py
[2022-04-13 07:22:42,332] {scheduler_job.py:633} INFO - Processing file /home/airflow/sandbox/lib/python3.8/site-packages/airflow/example_dags/example_subdag_operator.py for tasks to queue
[2022-04-13 07:22:42,333] {logging_mixin.py:104} INFO - [2022-04-13 07:22:42,333] {dagbag.py:487} INFO - Filling up the DagBag from /home/airflow/sandbox/lib/python3.8/site-packages/airflow/example_dags/example_subdag_operator.py
[2022-04-13 07:22:42,545] {scheduler_job.py:643} INFO - DAG(s) dict_keys(['example_subdag_operator.section-1', 'example_subdag_operator.section-2', 'example_subdag_operator']) retrieved from /home/airflow/sandbox/lib/python3.8/site-packages/airflow/example_dags/example_subdag_operator.py
[2022-04-13 07:22:42,594] {logging_mixin.py:104} INFO - [2022-04-13 07:22:42,593] {dag.py:1832} INFO - Sync 3 DAGs
[2022-04-13 07:22:42,671] {logging_mixin.py:104} INFO - [2022-04-13 07:22:42,671] {dag.py:2305} INFO - Setting next_dagrun for example_subdag_operator to 2022-04-11 00:00:00+00:00
[2022-04-13 07:22:42,674] {logging_mixin.py:104} INFO - [2022-04-13 07:22:42,674] {dag.py:2305} INFO - Setting next_dagrun for example_subdag_operator.section-1 to None
[2022-04-13 07:22:42,680] {logging_mixin.py:104} INFO - [2022-04-13 07:22:42,680] {dag.py:2305} INFO - Setting next_dagrun for example_subdag_operator.section-2 to None
[2022-04-13 07:22:43,100] {logging_mixin.py:104} INFO - [2022-04-13 07:22:43,100] {dag.py:1832} INFO - Sync 2 DAGs
[2022-04-13 07:22:43,137] {logging_mixin.py:104} INFO - [2022-04-13 07:22:43,137] {dag.py:2305} INFO - Setting next_dagrun for example_subdag_operator.section-1 to None
[2022-04-13 07:22:43,143] {logging_mixin.py:104} INFO - [2022-04-13 07:22:43,143] {dag.py:2305} INFO - Setting next_dagrun for example_subdag_operator.section-2 to None
[2022-04-13 07:22:43,328] {scheduler_job.py:190} INFO - Processing /home/airflow/sandbox/lib/python3.8/site-packages/airflow/example_dags/example_subdag_operator.py took 1.029 seconds
[2022-04-13 07:23:13,992] {scheduler_job.py:182} INFO - Started process (PID=8916) to work on /home/airflow/sandbox/lib/python3.8/site-packages/airflow/example_dags/example_subdag_operator.py
[2022-04-13 07:23:13,995] {scheduler_job.py:633} INFO - Processing file /home/airflow/sandbox/lib/python3.8/site-packages/airflow/example_dags/example_subdag_operator.py for tasks to queue
[2022-04-13 07:23:13,996] {logging_mixin.py:104} INFO - [2022-04-13 07:23:13,996] {dagbag.py:487} INFO - Filling up the DagBag from /home/airflow/sandbox/lib/python3.8/site-packages/airflow/example_dags/example_subdag_operator.py
[2022-04-13 07:23:14,067] {scheduler_job.py:643} INFO - DAG(s) dict_keys(['example_subdag_operator.section-1', 'example_subdag_operator.section-2', 'example_subdag_operator']) retrieved from /home/airflow/sandbox/lib/python3.8/site-packages/airflow/example_dags/example_subdag_operator.py
[2022-04-13 07:23:14,096] {logging_mixin.py:104} INFO - [2022-04-13 07:23:14,095] {dag.py:1832} INFO - Sync 3 DAGs
[2022-04-13 07:23:14,139] {logging_mixin.py:104} INFO - [2022-04-13 07:23:14,139] {dag.py:2305} INFO - Setting next_dagrun for example_subdag_operator to 2022-04-11 00:00:00+00:00
[2022-04-13 07:23:14,141] {logging_mixin.py:104} INFO - [2022-04-13 07:23:14,141] {dag.py:2305} INFO - Setting next_dagrun for example_subdag_operator.section-1 to None
[2022-04-13 07:23:14,142] {logging_mixin.py:104} INFO - [2022-04-13 07:23:14,142] {dag.py:2305} INFO - Setting next_dagrun for example_subdag_operator.section-2 to None
[2022-04-13 07:23:14,292] {logging_mixin.py:104} INFO - [2022-04-13 07:23:14,291] {dag.py:1832} INFO - Sync 2 DAGs
[2022-04-13 07:23:14,321] {logging_mixin.py:104} INFO - [2022-04-13 07:23:14,320] {dag.py:2305} INFO - Setting next_dagrun for example_subdag_operator.section-1 to None
[2022-04-13 07:23:14,324] {logging_mixin.py:104} INFO - [2022-04-13 07:23:14,324] {dag.py:2305} INFO - Setting next_dagrun for example_subdag_operator.section-2 to None
[2022-04-13 07:23:14,373] {scheduler_job.py:190} INFO - Processing /home/airflow/sandbox/lib/python3.8/site-packages/airflow/example_dags/example_subdag_operator.py took 0.390 seconds
[2022-04-13 07:23:44,860] {scheduler_job.py:182} INFO - Started process (PID=9115) to work on /home/airflow/sandbox/lib/python3.8/site-packages/airflow/example_dags/example_subdag_operator.py
[2022-04-13 07:23:44,863] {scheduler_job.py:633} INFO - Processing file /home/airflow/sandbox/lib/python3.8/site-packages/airflow/example_dags/example_subdag_operator.py for tasks to queue
[2022-04-13 07:23:44,864] {logging_mixin.py:104} INFO - [2022-04-13 07:23:44,864] {dagbag.py:487} INFO - Filling up the DagBag from /home/airflow/sandbox/lib/python3.8/site-packages/airflow/example_dags/example_subdag_operator.py
[2022-04-13 07:23:44,961] {scheduler_job.py:643} INFO - DAG(s) dict_keys(['example_subdag_operator.section-1', 'example_subdag_operator.section-2', 'example_subdag_operator']) retrieved from /home/airflow/sandbox/lib/python3.8/site-packages/airflow/example_dags/example_subdag_operator.py
[2022-04-13 07:23:44,989] {logging_mixin.py:104} INFO - [2022-04-13 07:23:44,989] {dag.py:1832} INFO - Sync 3 DAGs
[2022-04-13 07:23:45,035] {logging_mixin.py:104} INFO - [2022-04-13 07:23:45,035] {dag.py:2305} INFO - Setting next_dagrun for example_subdag_operator to 2022-04-11 00:00:00+00:00
[2022-04-13 07:23:45,150] {logging_mixin.py:104} INFO - [2022-04-13 07:23:45,150] {dag.py:2305} INFO - Setting next_dagrun for example_subdag_operator.section-1 to None
[2022-04-13 07:23:45,151] {logging_mixin.py:104} INFO - [2022-04-13 07:23:45,151] {dag.py:2305} INFO - Setting next_dagrun for example_subdag_operator.section-2 to None
[2022-04-13 07:23:45,178] {logging_mixin.py:104} INFO - [2022-04-13 07:23:45,178] {dag.py:1832} INFO - Sync 2 DAGs
[2022-04-13 07:23:45,198] {logging_mixin.py:104} INFO - [2022-04-13 07:23:45,198] {dag.py:2305} INFO - Setting next_dagrun for example_subdag_operator.section-1 to None
[2022-04-13 07:23:45,199] {logging_mixin.py:104} INFO - [2022-04-13 07:23:45,199] {dag.py:2305} INFO - Setting next_dagrun for example_subdag_operator.section-2 to None
[2022-04-13 07:23:45,218] {scheduler_job.py:190} INFO - Processing /home/airflow/sandbox/lib/python3.8/site-packages/airflow/example_dags/example_subdag_operator.py took 0.369 seconds
[2022-04-13 07:24:15,324] {scheduler_job.py:182} INFO - Started process (PID=9311) to work on /home/airflow/sandbox/lib/python3.8/site-packages/airflow/example_dags/example_subdag_operator.py
[2022-04-13 07:24:15,342] {scheduler_job.py:633} INFO - Processing file /home/airflow/sandbox/lib/python3.8/site-packages/airflow/example_dags/example_subdag_operator.py for tasks to queue
[2022-04-13 07:24:15,352] {logging_mixin.py:104} INFO - [2022-04-13 07:24:15,352] {dagbag.py:487} INFO - Filling up the DagBag from /home/airflow/sandbox/lib/python3.8/site-packages/airflow/example_dags/example_subdag_operator.py
[2022-04-13 07:24:15,525] {scheduler_job.py:643} INFO - DAG(s) dict_keys(['example_subdag_operator.section-1', 'example_subdag_operator.section-2', 'example_subdag_operator']) retrieved from /home/airflow/sandbox/lib/python3.8/site-packages/airflow/example_dags/example_subdag_operator.py
[2022-04-13 07:24:15,655] {logging_mixin.py:104} INFO - [2022-04-13 07:24:15,655] {dag.py:1832} INFO - Sync 3 DAGs
[2022-04-13 07:24:15,923] {logging_mixin.py:104} INFO - [2022-04-13 07:24:15,923] {dag.py:2305} INFO - Setting next_dagrun for example_subdag_operator to 2022-04-11 00:00:00+00:00
[2022-04-13 07:24:15,927] {logging_mixin.py:104} INFO - [2022-04-13 07:24:15,927] {dag.py:2305} INFO - Setting next_dagrun for example_subdag_operator.section-1 to None
[2022-04-13 07:24:15,927] {logging_mixin.py:104} INFO - [2022-04-13 07:24:15,927] {dag.py:2305} INFO - Setting next_dagrun for example_subdag_operator.section-2 to None
[2022-04-13 07:24:15,955] {logging_mixin.py:104} INFO - [2022-04-13 07:24:15,955] {dag.py:1832} INFO - Sync 2 DAGs
[2022-04-13 07:24:16,013] {logging_mixin.py:104} INFO - [2022-04-13 07:24:16,013] {dag.py:2305} INFO - Setting next_dagrun for example_subdag_operator.section-1 to None
[2022-04-13 07:24:16,016] {logging_mixin.py:104} INFO - [2022-04-13 07:24:16,016] {dag.py:2305} INFO - Setting next_dagrun for example_subdag_operator.section-2 to None
[2022-04-13 07:24:16,078] {scheduler_job.py:190} INFO - Processing /home/airflow/sandbox/lib/python3.8/site-packages/airflow/example_dags/example_subdag_operator.py took 0.760 seconds
[2022-04-13 07:24:46,926] {scheduler_job.py:182} INFO - Started process (PID=9755) to work on /home/airflow/sandbox/lib/python3.8/site-packages/airflow/example_dags/example_subdag_operator.py
[2022-04-13 07:24:46,930] {scheduler_job.py:633} INFO - Processing file /home/airflow/sandbox/lib/python3.8/site-packages/airflow/example_dags/example_subdag_operator.py for tasks to queue
[2022-04-13 07:24:46,932] {logging_mixin.py:104} INFO - [2022-04-13 07:24:46,932] {dagbag.py:487} INFO - Filling up the DagBag from /home/airflow/sandbox/lib/python3.8/site-packages/airflow/example_dags/example_subdag_operator.py
[2022-04-13 07:24:47,093] {scheduler_job.py:643} INFO - DAG(s) dict_keys(['example_subdag_operator.section-1', 'example_subdag_operator.section-2', 'example_subdag_operator']) retrieved from /home/airflow/sandbox/lib/python3.8/site-packages/airflow/example_dags/example_subdag_operator.py
[2022-04-13 07:24:47,171] {logging_mixin.py:104} INFO - [2022-04-13 07:24:47,170] {dag.py:1832} INFO - Sync 3 DAGs
[2022-04-13 07:24:47,537] {logging_mixin.py:104} INFO - [2022-04-13 07:24:47,537] {dag.py:2305} INFO - Setting next_dagrun for example_subdag_operator to 2022-04-11 00:00:00+00:00
[2022-04-13 07:24:47,539] {logging_mixin.py:104} INFO - [2022-04-13 07:24:47,539] {dag.py:2305} INFO - Setting next_dagrun for example_subdag_operator.section-1 to None
[2022-04-13 07:24:47,540] {logging_mixin.py:104} INFO - [2022-04-13 07:24:47,540] {dag.py:2305} INFO - Setting next_dagrun for example_subdag_operator.section-2 to None
[2022-04-13 07:24:47,661] {logging_mixin.py:104} INFO - [2022-04-13 07:24:47,660] {dag.py:1832} INFO - Sync 2 DAGs
[2022-04-13 07:24:47,692] {logging_mixin.py:104} INFO - [2022-04-13 07:24:47,692] {dag.py:2305} INFO - Setting next_dagrun for example_subdag_operator.section-1 to None
[2022-04-13 07:24:47,693] {logging_mixin.py:104} INFO - [2022-04-13 07:24:47,693] {dag.py:2305} INFO - Setting next_dagrun for example_subdag_operator.section-2 to None
[2022-04-13 07:24:47,740] {scheduler_job.py:190} INFO - Processing /home/airflow/sandbox/lib/python3.8/site-packages/airflow/example_dags/example_subdag_operator.py took 0.839 seconds
[2022-04-13 07:25:18,374] {scheduler_job.py:182} INFO - Started process (PID=9957) to work on /home/airflow/sandbox/lib/python3.8/site-packages/airflow/example_dags/example_subdag_operator.py
[2022-04-13 07:25:18,376] {scheduler_job.py:633} INFO - Processing file /home/airflow/sandbox/lib/python3.8/site-packages/airflow/example_dags/example_subdag_operator.py for tasks to queue
[2022-04-13 07:25:18,376] {logging_mixin.py:104} INFO - [2022-04-13 07:25:18,376] {dagbag.py:487} INFO - Filling up the DagBag from /home/airflow/sandbox/lib/python3.8/site-packages/airflow/example_dags/example_subdag_operator.py
[2022-04-13 07:25:18,558] {scheduler_job.py:643} INFO - DAG(s) dict_keys(['example_subdag_operator.section-1', 'example_subdag_operator.section-2', 'example_subdag_operator']) retrieved from /home/airflow/sandbox/lib/python3.8/site-packages/airflow/example_dags/example_subdag_operator.py
[2022-04-13 07:25:18,620] {logging_mixin.py:104} INFO - [2022-04-13 07:25:18,620] {dag.py:1832} INFO - Sync 3 DAGs
[2022-04-13 07:25:18,952] {logging_mixin.py:104} INFO - [2022-04-13 07:25:18,951] {dag.py:2305} INFO - Setting next_dagrun for example_subdag_operator to 2022-04-11 00:00:00+00:00
[2022-04-13 07:25:18,961] {logging_mixin.py:104} INFO - [2022-04-13 07:25:18,960] {dag.py:2305} INFO - Setting next_dagrun for example_subdag_operator.section-1 to None
[2022-04-13 07:25:18,961] {logging_mixin.py:104} INFO - [2022-04-13 07:25:18,961] {dag.py:2305} INFO - Setting next_dagrun for example_subdag_operator.section-2 to None
[2022-04-13 07:25:19,007] {logging_mixin.py:104} INFO - [2022-04-13 07:25:19,007] {dag.py:1832} INFO - Sync 2 DAGs
[2022-04-13 07:25:19,059] {logging_mixin.py:104} INFO - [2022-04-13 07:25:19,059] {dag.py:2305} INFO - Setting next_dagrun for example_subdag_operator.section-1 to None
[2022-04-13 07:25:19,067] {logging_mixin.py:104} INFO - [2022-04-13 07:25:19,066] {dag.py:2305} INFO - Setting next_dagrun for example_subdag_operator.section-2 to None
[2022-04-13 07:25:19,118] {scheduler_job.py:190} INFO - Processing /home/airflow/sandbox/lib/python3.8/site-packages/airflow/example_dags/example_subdag_operator.py took 0.751 seconds
[2022-04-13 07:25:49,451] {scheduler_job.py:182} INFO - Started process (PID=10154) to work on /home/airflow/sandbox/lib/python3.8/site-packages/airflow/example_dags/example_subdag_operator.py
[2022-04-13 07:25:49,462] {scheduler_job.py:633} INFO - Processing file /home/airflow/sandbox/lib/python3.8/site-packages/airflow/example_dags/example_subdag_operator.py for tasks to queue
[2022-04-13 07:25:49,464] {logging_mixin.py:104} INFO - [2022-04-13 07:25:49,464] {dagbag.py:487} INFO - Filling up the DagBag from /home/airflow/sandbox/lib/python3.8/site-packages/airflow/example_dags/example_subdag_operator.py
[2022-04-13 07:25:49,694] {scheduler_job.py:643} INFO - DAG(s) dict_keys(['example_subdag_operator.section-1', 'example_subdag_operator.section-2', 'example_subdag_operator']) retrieved from /home/airflow/sandbox/lib/python3.8/site-packages/airflow/example_dags/example_subdag_operator.py
[2022-04-13 07:25:50,040] {logging_mixin.py:104} INFO - [2022-04-13 07:25:50,040] {dag.py:1832} INFO - Sync 3 DAGs
[2022-04-13 07:25:50,101] {logging_mixin.py:104} INFO - [2022-04-13 07:25:50,100] {dag.py:2305} INFO - Setting next_dagrun for example_subdag_operator to 2022-04-11 00:00:00+00:00
[2022-04-13 07:25:50,108] {logging_mixin.py:104} INFO - [2022-04-13 07:25:50,107] {dag.py:2305} INFO - Setting next_dagrun for example_subdag_operator.section-1 to None
[2022-04-13 07:25:50,108] {logging_mixin.py:104} INFO - [2022-04-13 07:25:50,108] {dag.py:2305} INFO - Setting next_dagrun for example_subdag_operator.section-2 to None
[2022-04-13 07:25:50,197] {logging_mixin.py:104} INFO - [2022-04-13 07:25:50,196] {dag.py:1832} INFO - Sync 2 DAGs
[2022-04-13 07:25:50,243] {logging_mixin.py:104} INFO - [2022-04-13 07:25:50,242] {dag.py:2305} INFO - Setting next_dagrun for example_subdag_operator.section-1 to None
[2022-04-13 07:25:50,253] {logging_mixin.py:104} INFO - [2022-04-13 07:25:50,253] {dag.py:2305} INFO - Setting next_dagrun for example_subdag_operator.section-2 to None
[2022-04-13 07:25:50,642] {scheduler_job.py:190} INFO - Processing /home/airflow/sandbox/lib/python3.8/site-packages/airflow/example_dags/example_subdag_operator.py took 1.210 seconds
[2022-04-13 07:26:20,847] {scheduler_job.py:182} INFO - Started process (PID=10353) to work on /home/airflow/sandbox/lib/python3.8/site-packages/airflow/example_dags/example_subdag_operator.py
[2022-04-13 07:26:20,859] {scheduler_job.py:633} INFO - Processing file /home/airflow/sandbox/lib/python3.8/site-packages/airflow/example_dags/example_subdag_operator.py for tasks to queue
[2022-04-13 07:26:20,861] {logging_mixin.py:104} INFO - [2022-04-13 07:26:20,860] {dagbag.py:487} INFO - Filling up the DagBag from /home/airflow/sandbox/lib/python3.8/site-packages/airflow/example_dags/example_subdag_operator.py
[2022-04-13 07:26:20,956] {scheduler_job.py:643} INFO - DAG(s) dict_keys(['example_subdag_operator.section-1', 'example_subdag_operator.section-2', 'example_subdag_operator']) retrieved from /home/airflow/sandbox/lib/python3.8/site-packages/airflow/example_dags/example_subdag_operator.py
[2022-04-13 07:26:21,148] {logging_mixin.py:104} INFO - [2022-04-13 07:26:21,148] {dag.py:1832} INFO - Sync 3 DAGs
[2022-04-13 07:26:21,179] {logging_mixin.py:104} INFO - [2022-04-13 07:26:21,179] {dag.py:2305} INFO - Setting next_dagrun for example_subdag_operator to 2022-04-11 00:00:00+00:00
[2022-04-13 07:26:21,181] {logging_mixin.py:104} INFO - [2022-04-13 07:26:21,180] {dag.py:2305} INFO - Setting next_dagrun for example_subdag_operator.section-1 to None
[2022-04-13 07:26:21,181] {logging_mixin.py:104} INFO - [2022-04-13 07:26:21,181] {dag.py:2305} INFO - Setting next_dagrun for example_subdag_operator.section-2 to None
[2022-04-13 07:26:21,205] {logging_mixin.py:104} INFO - [2022-04-13 07:26:21,205] {dag.py:1832} INFO - Sync 2 DAGs
[2022-04-13 07:26:21,222] {logging_mixin.py:104} INFO - [2022-04-13 07:26:21,221] {dag.py:2305} INFO - Setting next_dagrun for example_subdag_operator.section-1 to None
[2022-04-13 07:26:21,222] {logging_mixin.py:104} INFO - [2022-04-13 07:26:21,222] {dag.py:2305} INFO - Setting next_dagrun for example_subdag_operator.section-2 to None
[2022-04-13 07:26:21,239] {scheduler_job.py:190} INFO - Processing /home/airflow/sandbox/lib/python3.8/site-packages/airflow/example_dags/example_subdag_operator.py took 0.401 seconds
[2022-04-13 07:26:51,408] {scheduler_job.py:182} INFO - Started process (PID=10552) to work on /home/airflow/sandbox/lib/python3.8/site-packages/airflow/example_dags/example_subdag_operator.py
[2022-04-13 07:26:51,415] {scheduler_job.py:633} INFO - Processing file /home/airflow/sandbox/lib/python3.8/site-packages/airflow/example_dags/example_subdag_operator.py for tasks to queue
[2022-04-13 07:26:51,417] {logging_mixin.py:104} INFO - [2022-04-13 07:26:51,417] {dagbag.py:487} INFO - Filling up the DagBag from /home/airflow/sandbox/lib/python3.8/site-packages/airflow/example_dags/example_subdag_operator.py
[2022-04-13 07:26:51,535] {scheduler_job.py:643} INFO - DAG(s) dict_keys(['example_subdag_operator.section-1', 'example_subdag_operator.section-2', 'example_subdag_operator']) retrieved from /home/airflow/sandbox/lib/python3.8/site-packages/airflow/example_dags/example_subdag_operator.py
[2022-04-13 07:26:51,721] {logging_mixin.py:104} INFO - [2022-04-13 07:26:51,721] {dag.py:1832} INFO - Sync 3 DAGs
[2022-04-13 07:26:51,769] {logging_mixin.py:104} INFO - [2022-04-13 07:26:51,769] {dag.py:2305} INFO - Setting next_dagrun for example_subdag_operator to 2022-04-11 00:00:00+00:00
[2022-04-13 07:26:51,771] {logging_mixin.py:104} INFO - [2022-04-13 07:26:51,771] {dag.py:2305} INFO - Setting next_dagrun for example_subdag_operator.section-1 to None
[2022-04-13 07:26:51,772] {logging_mixin.py:104} INFO - [2022-04-13 07:26:51,772] {dag.py:2305} INFO - Setting next_dagrun for example_subdag_operator.section-2 to None
[2022-04-13 07:26:51,798] {logging_mixin.py:104} INFO - [2022-04-13 07:26:51,798] {dag.py:1832} INFO - Sync 2 DAGs
[2022-04-13 07:26:51,820] {logging_mixin.py:104} INFO - [2022-04-13 07:26:51,820] {dag.py:2305} INFO - Setting next_dagrun for example_subdag_operator.section-1 to None
[2022-04-13 07:26:51,821] {logging_mixin.py:104} INFO - [2022-04-13 07:26:51,821] {dag.py:2305} INFO - Setting next_dagrun for example_subdag_operator.section-2 to None
[2022-04-13 07:26:51,839] {scheduler_job.py:190} INFO - Processing /home/airflow/sandbox/lib/python3.8/site-packages/airflow/example_dags/example_subdag_operator.py took 0.443 seconds
[2022-04-13 07:27:22,160] {scheduler_job.py:182} INFO - Started process (PID=10748) to work on /home/airflow/sandbox/lib/python3.8/site-packages/airflow/example_dags/example_subdag_operator.py
[2022-04-13 07:27:22,164] {scheduler_job.py:633} INFO - Processing file /home/airflow/sandbox/lib/python3.8/site-packages/airflow/example_dags/example_subdag_operator.py for tasks to queue
[2022-04-13 07:27:22,166] {logging_mixin.py:104} INFO - [2022-04-13 07:27:22,165] {dagbag.py:487} INFO - Filling up the DagBag from /home/airflow/sandbox/lib/python3.8/site-packages/airflow/example_dags/example_subdag_operator.py
[2022-04-13 07:27:22,332] {scheduler_job.py:643} INFO - DAG(s) dict_keys(['example_subdag_operator.section-1', 'example_subdag_operator.section-2', 'example_subdag_operator']) retrieved from /home/airflow/sandbox/lib/python3.8/site-packages/airflow/example_dags/example_subdag_operator.py
[2022-04-13 07:27:22,620] {logging_mixin.py:104} INFO - [2022-04-13 07:27:22,620] {dag.py:1832} INFO - Sync 3 DAGs
[2022-04-13 07:27:22,688] {logging_mixin.py:104} INFO - [2022-04-13 07:27:22,687] {dag.py:2305} INFO - Setting next_dagrun for example_subdag_operator to 2022-04-11 00:00:00+00:00
[2022-04-13 07:27:22,690] {logging_mixin.py:104} INFO - [2022-04-13 07:27:22,689] {dag.py:2305} INFO - Setting next_dagrun for example_subdag_operator.section-1 to None
[2022-04-13 07:27:22,690] {logging_mixin.py:104} INFO - [2022-04-13 07:27:22,690] {dag.py:2305} INFO - Setting next_dagrun for example_subdag_operator.section-2 to None
[2022-04-13 07:27:22,905] {logging_mixin.py:104} INFO - [2022-04-13 07:27:22,905] {dag.py:1832} INFO - Sync 2 DAGs
[2022-04-13 07:27:22,954] {logging_mixin.py:104} INFO - [2022-04-13 07:27:22,954] {dag.py:2305} INFO - Setting next_dagrun for example_subdag_operator.section-1 to None
[2022-04-13 07:27:22,955] {logging_mixin.py:104} INFO - [2022-04-13 07:27:22,955] {dag.py:2305} INFO - Setting next_dagrun for example_subdag_operator.section-2 to None
[2022-04-13 07:27:23,143] {scheduler_job.py:190} INFO - Processing /home/airflow/sandbox/lib/python3.8/site-packages/airflow/example_dags/example_subdag_operator.py took 1.015 seconds
[2022-04-13 07:27:53,713] {scheduler_job.py:182} INFO - Started process (PID=10945) to work on /home/airflow/sandbox/lib/python3.8/site-packages/airflow/example_dags/example_subdag_operator.py
[2022-04-13 07:27:53,728] {scheduler_job.py:633} INFO - Processing file /home/airflow/sandbox/lib/python3.8/site-packages/airflow/example_dags/example_subdag_operator.py for tasks to queue
[2022-04-13 07:27:53,733] {logging_mixin.py:104} INFO - [2022-04-13 07:27:53,733] {dagbag.py:487} INFO - Filling up the DagBag from /home/airflow/sandbox/lib/python3.8/site-packages/airflow/example_dags/example_subdag_operator.py
[2022-04-13 07:27:54,093] {scheduler_job.py:643} INFO - DAG(s) dict_keys(['example_subdag_operator.section-1', 'example_subdag_operator.section-2', 'example_subdag_operator']) retrieved from /home/airflow/sandbox/lib/python3.8/site-packages/airflow/example_dags/example_subdag_operator.py
[2022-04-13 07:27:54,502] {logging_mixin.py:104} INFO - [2022-04-13 07:27:54,501] {dag.py:1832} INFO - Sync 3 DAGs
[2022-04-13 07:27:54,542] {logging_mixin.py:104} INFO - [2022-04-13 07:27:54,542] {dag.py:2305} INFO - Setting next_dagrun for example_subdag_operator to 2022-04-11 00:00:00+00:00
[2022-04-13 07:27:54,544] {logging_mixin.py:104} INFO - [2022-04-13 07:27:54,544] {dag.py:2305} INFO - Setting next_dagrun for example_subdag_operator.section-1 to None
[2022-04-13 07:27:54,559] {logging_mixin.py:104} INFO - [2022-04-13 07:27:54,559] {dag.py:2305} INFO - Setting next_dagrun for example_subdag_operator.section-2 to None
[2022-04-13 07:27:54,629] {logging_mixin.py:104} INFO - [2022-04-13 07:27:54,629] {dag.py:1832} INFO - Sync 2 DAGs
[2022-04-13 07:27:54,678] {logging_mixin.py:104} INFO - [2022-04-13 07:27:54,678] {dag.py:2305} INFO - Setting next_dagrun for example_subdag_operator.section-1 to None
[2022-04-13 07:27:54,679] {logging_mixin.py:104} INFO - [2022-04-13 07:27:54,679] {dag.py:2305} INFO - Setting next_dagrun for example_subdag_operator.section-2 to None
[2022-04-13 07:27:54,869] {scheduler_job.py:190} INFO - Processing /home/airflow/sandbox/lib/python3.8/site-packages/airflow/example_dags/example_subdag_operator.py took 1.167 seconds
[2022-04-13 07:28:25,110] {scheduler_job.py:182} INFO - Started process (PID=11143) to work on /home/airflow/sandbox/lib/python3.8/site-packages/airflow/example_dags/example_subdag_operator.py
[2022-04-13 07:28:25,113] {scheduler_job.py:633} INFO - Processing file /home/airflow/sandbox/lib/python3.8/site-packages/airflow/example_dags/example_subdag_operator.py for tasks to queue
[2022-04-13 07:28:25,115] {logging_mixin.py:104} INFO - [2022-04-13 07:28:25,114] {dagbag.py:487} INFO - Filling up the DagBag from /home/airflow/sandbox/lib/python3.8/site-packages/airflow/example_dags/example_subdag_operator.py
[2022-04-13 07:28:25,346] {scheduler_job.py:643} INFO - DAG(s) dict_keys(['example_subdag_operator.section-1', 'example_subdag_operator.section-2', 'example_subdag_operator']) retrieved from /home/airflow/sandbox/lib/python3.8/site-packages/airflow/example_dags/example_subdag_operator.py
[2022-04-13 07:28:25,367] {logging_mixin.py:104} INFO - [2022-04-13 07:28:25,367] {dag.py:1832} INFO - Sync 3 DAGs
[2022-04-13 07:28:25,397] {logging_mixin.py:104} INFO - [2022-04-13 07:28:25,396] {dag.py:2305} INFO - Setting next_dagrun for example_subdag_operator to 2022-04-11 00:00:00+00:00
[2022-04-13 07:28:25,399] {logging_mixin.py:104} INFO - [2022-04-13 07:28:25,398] {dag.py:2305} INFO - Setting next_dagrun for example_subdag_operator.section-1 to None
[2022-04-13 07:28:25,399] {logging_mixin.py:104} INFO - [2022-04-13 07:28:25,399] {dag.py:2305} INFO - Setting next_dagrun for example_subdag_operator.section-2 to None
[2022-04-13 07:28:25,420] {logging_mixin.py:104} INFO - [2022-04-13 07:28:25,419] {dag.py:1832} INFO - Sync 2 DAGs
[2022-04-13 07:28:25,437] {logging_mixin.py:104} INFO - [2022-04-13 07:28:25,436] {dag.py:2305} INFO - Setting next_dagrun for example_subdag_operator.section-1 to None
[2022-04-13 07:28:25,437] {logging_mixin.py:104} INFO - [2022-04-13 07:28:25,437] {dag.py:2305} INFO - Setting next_dagrun for example_subdag_operator.section-2 to None
[2022-04-13 07:28:25,460] {scheduler_job.py:190} INFO - Processing /home/airflow/sandbox/lib/python3.8/site-packages/airflow/example_dags/example_subdag_operator.py took 0.360 seconds
[2022-04-13 07:28:55,867] {scheduler_job.py:182} INFO - Started process (PID=11343) to work on /home/airflow/sandbox/lib/python3.8/site-packages/airflow/example_dags/example_subdag_operator.py
[2022-04-13 07:28:55,889] {scheduler_job.py:633} INFO - Processing file /home/airflow/sandbox/lib/python3.8/site-packages/airflow/example_dags/example_subdag_operator.py for tasks to queue
[2022-04-13 07:28:55,892] {logging_mixin.py:104} INFO - [2022-04-13 07:28:55,892] {dagbag.py:487} INFO - Filling up the DagBag from /home/airflow/sandbox/lib/python3.8/site-packages/airflow/example_dags/example_subdag_operator.py
[2022-04-13 07:28:56,220] {scheduler_job.py:643} INFO - DAG(s) dict_keys(['example_subdag_operator.section-1', 'example_subdag_operator.section-2', 'example_subdag_operator']) retrieved from /home/airflow/sandbox/lib/python3.8/site-packages/airflow/example_dags/example_subdag_operator.py
[2022-04-13 07:28:56,246] {logging_mixin.py:104} INFO - [2022-04-13 07:28:56,246] {dag.py:1832} INFO - Sync 3 DAGs
[2022-04-13 07:28:56,277] {logging_mixin.py:104} INFO - [2022-04-13 07:28:56,277] {dag.py:2305} INFO - Setting next_dagrun for example_subdag_operator to 2022-04-11 00:00:00+00:00
[2022-04-13 07:28:56,280] {logging_mixin.py:104} INFO - [2022-04-13 07:28:56,279] {dag.py:2305} INFO - Setting next_dagrun for example_subdag_operator.section-1 to None
[2022-04-13 07:28:56,280] {logging_mixin.py:104} INFO - [2022-04-13 07:28:56,280] {dag.py:2305} INFO - Setting next_dagrun for example_subdag_operator.section-2 to None
[2022-04-13 07:28:56,308] {logging_mixin.py:104} INFO - [2022-04-13 07:28:56,308] {dag.py:1832} INFO - Sync 2 DAGs
[2022-04-13 07:28:56,325] {logging_mixin.py:104} INFO - [2022-04-13 07:28:56,324] {dag.py:2305} INFO - Setting next_dagrun for example_subdag_operator.section-1 to None
[2022-04-13 07:28:56,326] {logging_mixin.py:104} INFO - [2022-04-13 07:28:56,326] {dag.py:2305} INFO - Setting next_dagrun for example_subdag_operator.section-2 to None
[2022-04-13 07:28:56,350] {scheduler_job.py:190} INFO - Processing /home/airflow/sandbox/lib/python3.8/site-packages/airflow/example_dags/example_subdag_operator.py took 0.493 seconds
[2022-04-13 07:29:27,123] {scheduler_job.py:182} INFO - Started process (PID=11789) to work on /home/airflow/sandbox/lib/python3.8/site-packages/airflow/example_dags/example_subdag_operator.py
[2022-04-13 07:29:27,127] {scheduler_job.py:633} INFO - Processing file /home/airflow/sandbox/lib/python3.8/site-packages/airflow/example_dags/example_subdag_operator.py for tasks to queue
[2022-04-13 07:29:27,129] {logging_mixin.py:104} INFO - [2022-04-13 07:29:27,128] {dagbag.py:487} INFO - Filling up the DagBag from /home/airflow/sandbox/lib/python3.8/site-packages/airflow/example_dags/example_subdag_operator.py
[2022-04-13 07:29:27,377] {scheduler_job.py:643} INFO - DAG(s) dict_keys(['example_subdag_operator.section-1', 'example_subdag_operator.section-2', 'example_subdag_operator']) retrieved from /home/airflow/sandbox/lib/python3.8/site-packages/airflow/example_dags/example_subdag_operator.py
[2022-04-13 07:29:27,400] {logging_mixin.py:104} INFO - [2022-04-13 07:29:27,400] {dag.py:1832} INFO - Sync 3 DAGs
[2022-04-13 07:29:27,430] {logging_mixin.py:104} INFO - [2022-04-13 07:29:27,429] {dag.py:2305} INFO - Setting next_dagrun for example_subdag_operator to 2022-04-11 00:00:00+00:00
[2022-04-13 07:29:27,432] {logging_mixin.py:104} INFO - [2022-04-13 07:29:27,431] {dag.py:2305} INFO - Setting next_dagrun for example_subdag_operator.section-1 to None
[2022-04-13 07:29:27,432] {logging_mixin.py:104} INFO - [2022-04-13 07:29:27,432] {dag.py:2305} INFO - Setting next_dagrun for example_subdag_operator.section-2 to None
[2022-04-13 07:29:27,462] {logging_mixin.py:104} INFO - [2022-04-13 07:29:27,461] {dag.py:1832} INFO - Sync 2 DAGs
[2022-04-13 07:29:27,501] {logging_mixin.py:104} INFO - [2022-04-13 07:29:27,501] {dag.py:2305} INFO - Setting next_dagrun for example_subdag_operator.section-1 to None
[2022-04-13 07:29:27,505] {logging_mixin.py:104} INFO - [2022-04-13 07:29:27,505] {dag.py:2305} INFO - Setting next_dagrun for example_subdag_operator.section-2 to None
[2022-04-13 07:29:27,547] {scheduler_job.py:190} INFO - Processing /home/airflow/sandbox/lib/python3.8/site-packages/airflow/example_dags/example_subdag_operator.py took 0.434 seconds
[2022-04-13 07:29:57,832] {scheduler_job.py:182} INFO - Started process (PID=11988) to work on /home/airflow/sandbox/lib/python3.8/site-packages/airflow/example_dags/example_subdag_operator.py
[2022-04-13 07:29:57,835] {scheduler_job.py:633} INFO - Processing file /home/airflow/sandbox/lib/python3.8/site-packages/airflow/example_dags/example_subdag_operator.py for tasks to queue
[2022-04-13 07:29:57,837] {logging_mixin.py:104} INFO - [2022-04-13 07:29:57,837] {dagbag.py:487} INFO - Filling up the DagBag from /home/airflow/sandbox/lib/python3.8/site-packages/airflow/example_dags/example_subdag_operator.py
[2022-04-13 07:29:58,138] {scheduler_job.py:643} INFO - DAG(s) dict_keys(['example_subdag_operator.section-1', 'example_subdag_operator.section-2', 'example_subdag_operator']) retrieved from /home/airflow/sandbox/lib/python3.8/site-packages/airflow/example_dags/example_subdag_operator.py
[2022-04-13 07:29:58,262] {logging_mixin.py:104} INFO - [2022-04-13 07:29:58,262] {dag.py:1832} INFO - Sync 3 DAGs
[2022-04-13 07:29:58,329] {logging_mixin.py:104} INFO - [2022-04-13 07:29:58,329] {dag.py:2305} INFO - Setting next_dagrun for example_subdag_operator to 2022-04-11 00:00:00+00:00
[2022-04-13 07:29:58,341] {logging_mixin.py:104} INFO - [2022-04-13 07:29:58,341] {dag.py:2305} INFO - Setting next_dagrun for example_subdag_operator.section-1 to None
[2022-04-13 07:29:58,359] {logging_mixin.py:104} INFO - [2022-04-13 07:29:58,358] {dag.py:2305} INFO - Setting next_dagrun for example_subdag_operator.section-2 to None
[2022-04-13 07:29:58,444] {logging_mixin.py:104} INFO - [2022-04-13 07:29:58,444] {dag.py:1832} INFO - Sync 2 DAGs
[2022-04-13 07:29:58,503] {logging_mixin.py:104} INFO - [2022-04-13 07:29:58,502] {dag.py:2305} INFO - Setting next_dagrun for example_subdag_operator.section-1 to None
[2022-04-13 07:29:58,503] {logging_mixin.py:104} INFO - [2022-04-13 07:29:58,503] {dag.py:2305} INFO - Setting next_dagrun for example_subdag_operator.section-2 to None
[2022-04-13 07:29:58,608] {scheduler_job.py:190} INFO - Processing /home/airflow/sandbox/lib/python3.8/site-packages/airflow/example_dags/example_subdag_operator.py took 0.786 seconds
[2022-04-13 07:30:29,209] {scheduler_job.py:182} INFO - Started process (PID=12190) to work on /home/airflow/sandbox/lib/python3.8/site-packages/airflow/example_dags/example_subdag_operator.py
[2022-04-13 07:30:29,211] {scheduler_job.py:633} INFO - Processing file /home/airflow/sandbox/lib/python3.8/site-packages/airflow/example_dags/example_subdag_operator.py for tasks to queue
[2022-04-13 07:30:29,213] {logging_mixin.py:104} INFO - [2022-04-13 07:30:29,213] {dagbag.py:487} INFO - Filling up the DagBag from /home/airflow/sandbox/lib/python3.8/site-packages/airflow/example_dags/example_subdag_operator.py
[2022-04-13 07:30:29,651] {scheduler_job.py:643} INFO - DAG(s) dict_keys(['example_subdag_operator.section-1', 'example_subdag_operator.section-2', 'example_subdag_operator']) retrieved from /home/airflow/sandbox/lib/python3.8/site-packages/airflow/example_dags/example_subdag_operator.py
[2022-04-13 07:30:29,745] {logging_mixin.py:104} INFO - [2022-04-13 07:30:29,744] {dag.py:1832} INFO - Sync 3 DAGs
[2022-04-13 07:30:29,817] {logging_mixin.py:104} INFO - [2022-04-13 07:30:29,816] {dag.py:2305} INFO - Setting next_dagrun for example_subdag_operator to 2022-04-11 00:00:00+00:00
[2022-04-13 07:30:29,820] {logging_mixin.py:104} INFO - [2022-04-13 07:30:29,820] {dag.py:2305} INFO - Setting next_dagrun for example_subdag_operator.section-1 to None
[2022-04-13 07:30:29,830] {logging_mixin.py:104} INFO - [2022-04-13 07:30:29,830] {dag.py:2305} INFO - Setting next_dagrun for example_subdag_operator.section-2 to None
[2022-04-13 07:30:29,861] {logging_mixin.py:104} INFO - [2022-04-13 07:30:29,861] {dag.py:1832} INFO - Sync 2 DAGs
[2022-04-13 07:30:29,879] {logging_mixin.py:104} INFO - [2022-04-13 07:30:29,878] {dag.py:2305} INFO - Setting next_dagrun for example_subdag_operator.section-1 to None
[2022-04-13 07:30:29,879] {logging_mixin.py:104} INFO - [2022-04-13 07:30:29,879] {dag.py:2305} INFO - Setting next_dagrun for example_subdag_operator.section-2 to None
[2022-04-13 07:30:29,901] {scheduler_job.py:190} INFO - Processing /home/airflow/sandbox/lib/python3.8/site-packages/airflow/example_dags/example_subdag_operator.py took 0.712 seconds
[2022-04-13 07:31:00,098] {scheduler_job.py:182} INFO - Started process (PID=12389) to work on /home/airflow/sandbox/lib/python3.8/site-packages/airflow/example_dags/example_subdag_operator.py
[2022-04-13 07:31:00,101] {scheduler_job.py:633} INFO - Processing file /home/airflow/sandbox/lib/python3.8/site-packages/airflow/example_dags/example_subdag_operator.py for tasks to queue
[2022-04-13 07:31:00,115] {logging_mixin.py:104} INFO - [2022-04-13 07:31:00,115] {dagbag.py:487} INFO - Filling up the DagBag from /home/airflow/sandbox/lib/python3.8/site-packages/airflow/example_dags/example_subdag_operator.py
[2022-04-13 07:31:00,614] {scheduler_job.py:643} INFO - DAG(s) dict_keys(['example_subdag_operator.section-1', 'example_subdag_operator.section-2', 'example_subdag_operator']) retrieved from /home/airflow/sandbox/lib/python3.8/site-packages/airflow/example_dags/example_subdag_operator.py
[2022-04-13 07:31:00,684] {logging_mixin.py:104} INFO - [2022-04-13 07:31:00,683] {dag.py:1832} INFO - Sync 3 DAGs
[2022-04-13 07:31:00,779] {logging_mixin.py:104} INFO - [2022-04-13 07:31:00,778] {dag.py:2305} INFO - Setting next_dagrun for example_subdag_operator to 2022-04-11 00:00:00+00:00
[2022-04-13 07:31:00,782] {logging_mixin.py:104} INFO - [2022-04-13 07:31:00,781] {dag.py:2305} INFO - Setting next_dagrun for example_subdag_operator.section-1 to None
[2022-04-13 07:31:00,782] {logging_mixin.py:104} INFO - [2022-04-13 07:31:00,782] {dag.py:2305} INFO - Setting next_dagrun for example_subdag_operator.section-2 to None
[2022-04-13 07:31:00,810] {logging_mixin.py:104} INFO - [2022-04-13 07:31:00,810] {dag.py:1832} INFO - Sync 2 DAGs
[2022-04-13 07:31:00,853] {logging_mixin.py:104} INFO - [2022-04-13 07:31:00,853] {dag.py:2305} INFO - Setting next_dagrun for example_subdag_operator.section-1 to None
[2022-04-13 07:31:00,854] {logging_mixin.py:104} INFO - [2022-04-13 07:31:00,853] {dag.py:2305} INFO - Setting next_dagrun for example_subdag_operator.section-2 to None
[2022-04-13 07:31:00,872] {scheduler_job.py:190} INFO - Processing /home/airflow/sandbox/lib/python3.8/site-packages/airflow/example_dags/example_subdag_operator.py took 0.815 seconds
[2022-04-13 07:31:36,286] {scheduler_job.py:182} INFO - Started process (PID=12760) to work on /home/airflow/sandbox/lib/python3.8/site-packages/airflow/example_dags/example_subdag_operator.py
[2022-04-13 07:31:36,293] {scheduler_job.py:633} INFO - Processing file /home/airflow/sandbox/lib/python3.8/site-packages/airflow/example_dags/example_subdag_operator.py for tasks to queue
[2022-04-13 07:31:36,333] {logging_mixin.py:104} INFO - [2022-04-13 07:31:36,333] {dagbag.py:487} INFO - Filling up the DagBag from /home/airflow/sandbox/lib/python3.8/site-packages/airflow/example_dags/example_subdag_operator.py
[2022-04-13 07:31:36,542] {scheduler_job.py:643} INFO - DAG(s) dict_keys(['example_subdag_operator.section-1', 'example_subdag_operator.section-2', 'example_subdag_operator']) retrieved from /home/airflow/sandbox/lib/python3.8/site-packages/airflow/example_dags/example_subdag_operator.py
[2022-04-13 07:31:36,631] {logging_mixin.py:104} INFO - [2022-04-13 07:31:36,631] {dag.py:1832} INFO - Sync 3 DAGs
[2022-04-13 07:31:36,710] {logging_mixin.py:104} INFO - [2022-04-13 07:31:36,710] {dag.py:2305} INFO - Setting next_dagrun for example_subdag_operator to 2022-04-11 00:00:00+00:00
[2022-04-13 07:31:36,713] {logging_mixin.py:104} INFO - [2022-04-13 07:31:36,713] {dag.py:2305} INFO - Setting next_dagrun for example_subdag_operator.section-1 to None
[2022-04-13 07:31:36,715] {logging_mixin.py:104} INFO - [2022-04-13 07:31:36,714] {dag.py:2305} INFO - Setting next_dagrun for example_subdag_operator.section-2 to None
[2022-04-13 07:31:36,762] {logging_mixin.py:104} INFO - [2022-04-13 07:31:36,762] {dag.py:1832} INFO - Sync 2 DAGs
[2022-04-13 07:31:36,813] {logging_mixin.py:104} INFO - [2022-04-13 07:31:36,812] {dag.py:2305} INFO - Setting next_dagrun for example_subdag_operator.section-1 to None
[2022-04-13 07:31:36,813] {logging_mixin.py:104} INFO - [2022-04-13 07:31:36,813] {dag.py:2305} INFO - Setting next_dagrun for example_subdag_operator.section-2 to None
[2022-04-13 07:31:36,876] {scheduler_job.py:190} INFO - Processing /home/airflow/sandbox/lib/python3.8/site-packages/airflow/example_dags/example_subdag_operator.py took 0.620 seconds
[2022-04-13 07:32:08,681] {scheduler_job.py:182} INFO - Started process (PID=13042) to work on /home/airflow/sandbox/lib/python3.8/site-packages/airflow/example_dags/example_subdag_operator.py
[2022-04-13 07:32:08,693] {scheduler_job.py:633} INFO - Processing file /home/airflow/sandbox/lib/python3.8/site-packages/airflow/example_dags/example_subdag_operator.py for tasks to queue
[2022-04-13 07:32:08,694] {logging_mixin.py:104} INFO - [2022-04-13 07:32:08,694] {dagbag.py:487} INFO - Filling up the DagBag from /home/airflow/sandbox/lib/python3.8/site-packages/airflow/example_dags/example_subdag_operator.py
[2022-04-13 07:32:08,877] {scheduler_job.py:643} INFO - DAG(s) dict_keys(['example_subdag_operator.section-1', 'example_subdag_operator.section-2', 'example_subdag_operator']) retrieved from /home/airflow/sandbox/lib/python3.8/site-packages/airflow/example_dags/example_subdag_operator.py
[2022-04-13 07:32:08,937] {logging_mixin.py:104} INFO - [2022-04-13 07:32:08,937] {dag.py:1832} INFO - Sync 3 DAGs
[2022-04-13 07:32:09,005] {logging_mixin.py:104} INFO - [2022-04-13 07:32:09,005] {dag.py:2305} INFO - Setting next_dagrun for example_subdag_operator to 2022-04-11 00:00:00+00:00
[2022-04-13 07:32:09,008] {logging_mixin.py:104} INFO - [2022-04-13 07:32:09,008] {dag.py:2305} INFO - Setting next_dagrun for example_subdag_operator.section-1 to None
[2022-04-13 07:32:09,009] {logging_mixin.py:104} INFO - [2022-04-13 07:32:09,008] {dag.py:2305} INFO - Setting next_dagrun for example_subdag_operator.section-2 to None
[2022-04-13 07:32:09,093] {logging_mixin.py:104} INFO - [2022-04-13 07:32:09,093] {dag.py:1832} INFO - Sync 2 DAGs
[2022-04-13 07:32:09,150] {logging_mixin.py:104} INFO - [2022-04-13 07:32:09,150] {dag.py:2305} INFO - Setting next_dagrun for example_subdag_operator.section-1 to None
[2022-04-13 07:32:09,151] {logging_mixin.py:104} INFO - [2022-04-13 07:32:09,151] {dag.py:2305} INFO - Setting next_dagrun for example_subdag_operator.section-2 to None
[2022-04-13 07:32:09,327] {scheduler_job.py:190} INFO - Processing /home/airflow/sandbox/lib/python3.8/site-packages/airflow/example_dags/example_subdag_operator.py took 0.688 seconds
[2022-04-13 07:32:44,261] {scheduler_job.py:182} INFO - Started process (PID=13280) to work on /home/airflow/sandbox/lib/python3.8/site-packages/airflow/example_dags/example_subdag_operator.py
[2022-04-13 07:32:44,365] {scheduler_job.py:633} INFO - Processing file /home/airflow/sandbox/lib/python3.8/site-packages/airflow/example_dags/example_subdag_operator.py for tasks to queue
[2022-04-13 07:32:44,393] {logging_mixin.py:104} INFO - [2022-04-13 07:32:44,392] {dagbag.py:487} INFO - Filling up the DagBag from /home/airflow/sandbox/lib/python3.8/site-packages/airflow/example_dags/example_subdag_operator.py
[2022-04-13 07:32:45,027] {scheduler_job.py:643} INFO - DAG(s) dict_keys(['example_subdag_operator.section-1', 'example_subdag_operator.section-2', 'example_subdag_operator']) retrieved from /home/airflow/sandbox/lib/python3.8/site-packages/airflow/example_dags/example_subdag_operator.py
[2022-04-13 07:32:45,292] {logging_mixin.py:104} INFO - [2022-04-13 07:32:45,291] {dag.py:1832} INFO - Sync 3 DAGs
[2022-04-13 07:32:45,542] {logging_mixin.py:104} INFO - [2022-04-13 07:32:45,542] {dag.py:2305} INFO - Setting next_dagrun for example_subdag_operator to 2022-04-11 00:00:00+00:00
[2022-04-13 07:32:45,552] {logging_mixin.py:104} INFO - [2022-04-13 07:32:45,551] {dag.py:2305} INFO - Setting next_dagrun for example_subdag_operator.section-1 to None
[2022-04-13 07:32:45,575] {logging_mixin.py:104} INFO - [2022-04-13 07:32:45,574] {dag.py:2305} INFO - Setting next_dagrun for example_subdag_operator.section-2 to None
[2022-04-13 07:32:45,660] {logging_mixin.py:104} INFO - [2022-04-13 07:32:45,659] {dag.py:1832} INFO - Sync 2 DAGs
[2022-04-13 07:32:45,739] {logging_mixin.py:104} INFO - [2022-04-13 07:32:45,738] {dag.py:2305} INFO - Setting next_dagrun for example_subdag_operator.section-1 to None
[2022-04-13 07:32:45,739] {logging_mixin.py:104} INFO - [2022-04-13 07:32:45,739] {dag.py:2305} INFO - Setting next_dagrun for example_subdag_operator.section-2 to None
[2022-04-13 07:32:45,824] {scheduler_job.py:190} INFO - Processing /home/airflow/sandbox/lib/python3.8/site-packages/airflow/example_dags/example_subdag_operator.py took 1.600 seconds
