[2022-04-13 07:09:19,363] {scheduler_job.py:182} INFO - Started process (PID=2823) to work on /home/airflow/sandbox/lib/python3.8/site-packages/airflow/example_dags/example_task_group.py
[2022-04-13 07:09:19,365] {scheduler_job.py:633} INFO - Processing file /home/airflow/sandbox/lib/python3.8/site-packages/airflow/example_dags/example_task_group.py for tasks to queue
[2022-04-13 07:09:19,366] {logging_mixin.py:104} INFO - [2022-04-13 07:09:19,366] {dagbag.py:487} INFO - Filling up the DagBag from /home/airflow/sandbox/lib/python3.8/site-packages/airflow/example_dags/example_task_group.py
[2022-04-13 07:09:19,416] {scheduler_job.py:643} INFO - DAG(s) dict_keys(['example_task_group']) retrieved from /home/airflow/sandbox/lib/python3.8/site-packages/airflow/example_dags/example_task_group.py
[2022-04-13 07:09:20,895] {logging_mixin.py:104} INFO - [2022-04-13 07:09:20,895] {dag.py:1832} INFO - Sync 1 DAGs
[2022-04-13 07:09:21,077] {logging_mixin.py:104} INFO - [2022-04-13 07:09:21,077] {dag.py:2305} INFO - Setting next_dagrun for example_task_group to 2022-04-11 00:00:00+00:00
[2022-04-13 07:09:21,179] {scheduler_job.py:190} INFO - Processing /home/airflow/sandbox/lib/python3.8/site-packages/airflow/example_dags/example_task_group.py took 1.823 seconds
[2022-04-13 07:09:51,793] {scheduler_job.py:182} INFO - Started process (PID=3446) to work on /home/airflow/sandbox/lib/python3.8/site-packages/airflow/example_dags/example_task_group.py
[2022-04-13 07:09:51,797] {scheduler_job.py:633} INFO - Processing file /home/airflow/sandbox/lib/python3.8/site-packages/airflow/example_dags/example_task_group.py for tasks to queue
[2022-04-13 07:09:51,798] {logging_mixin.py:104} INFO - [2022-04-13 07:09:51,798] {dagbag.py:487} INFO - Filling up the DagBag from /home/airflow/sandbox/lib/python3.8/site-packages/airflow/example_dags/example_task_group.py
[2022-04-13 07:09:51,830] {scheduler_job.py:643} INFO - DAG(s) dict_keys(['example_task_group']) retrieved from /home/airflow/sandbox/lib/python3.8/site-packages/airflow/example_dags/example_task_group.py
[2022-04-13 07:09:51,889] {logging_mixin.py:104} INFO - [2022-04-13 07:09:51,889] {dag.py:1832} INFO - Sync 1 DAGs
[2022-04-13 07:09:51,922] {logging_mixin.py:104} INFO - [2022-04-13 07:09:51,921] {dag.py:2305} INFO - Setting next_dagrun for example_task_group to 2022-04-11 00:00:00+00:00
[2022-04-13 07:09:51,947] {scheduler_job.py:190} INFO - Processing /home/airflow/sandbox/lib/python3.8/site-packages/airflow/example_dags/example_task_group.py took 0.160 seconds
[2022-04-13 07:14:34,491] {scheduler_job.py:182} INFO - Started process (PID=5071) to work on /home/airflow/sandbox/lib/python3.8/site-packages/airflow/example_dags/example_task_group.py
[2022-04-13 07:14:34,501] {scheduler_job.py:633} INFO - Processing file /home/airflow/sandbox/lib/python3.8/site-packages/airflow/example_dags/example_task_group.py for tasks to queue
[2022-04-13 07:14:34,507] {logging_mixin.py:104} INFO - [2022-04-13 07:14:34,507] {dagbag.py:487} INFO - Filling up the DagBag from /home/airflow/sandbox/lib/python3.8/site-packages/airflow/example_dags/example_task_group.py
[2022-04-13 07:14:34,634] {scheduler_job.py:643} INFO - DAG(s) dict_keys(['example_task_group']) retrieved from /home/airflow/sandbox/lib/python3.8/site-packages/airflow/example_dags/example_task_group.py
[2022-04-13 07:14:36,103] {logging_mixin.py:104} INFO - [2022-04-13 07:14:36,103] {dag.py:1832} INFO - Sync 1 DAGs
[2022-04-13 07:14:36,152] {logging_mixin.py:104} INFO - [2022-04-13 07:14:36,152] {dag.py:2305} INFO - Setting next_dagrun for example_task_group to 2022-04-11 00:00:00+00:00
[2022-04-13 07:14:36,265] {scheduler_job.py:190} INFO - Processing /home/airflow/sandbox/lib/python3.8/site-packages/airflow/example_dags/example_task_group.py took 1.811 seconds
[2022-04-13 07:15:07,723] {scheduler_job.py:182} INFO - Started process (PID=5446) to work on /home/airflow/sandbox/lib/python3.8/site-packages/airflow/example_dags/example_task_group.py
[2022-04-13 07:15:07,784] {scheduler_job.py:633} INFO - Processing file /home/airflow/sandbox/lib/python3.8/site-packages/airflow/example_dags/example_task_group.py for tasks to queue
[2022-04-13 07:15:07,827] {logging_mixin.py:104} INFO - [2022-04-13 07:15:07,826] {dagbag.py:487} INFO - Filling up the DagBag from /home/airflow/sandbox/lib/python3.8/site-packages/airflow/example_dags/example_task_group.py
[2022-04-13 07:15:07,917] {scheduler_job.py:643} INFO - DAG(s) dict_keys(['example_task_group']) retrieved from /home/airflow/sandbox/lib/python3.8/site-packages/airflow/example_dags/example_task_group.py
[2022-04-13 07:15:08,245] {logging_mixin.py:104} INFO - [2022-04-13 07:15:08,245] {dag.py:1832} INFO - Sync 1 DAGs
[2022-04-13 07:15:08,404] {logging_mixin.py:104} INFO - [2022-04-13 07:15:08,404] {dag.py:2305} INFO - Setting next_dagrun for example_task_group to 2022-04-11 00:00:00+00:00
[2022-04-13 07:15:08,625] {scheduler_job.py:190} INFO - Processing /home/airflow/sandbox/lib/python3.8/site-packages/airflow/example_dags/example_task_group.py took 0.912 seconds
[2022-04-13 07:15:39,509] {scheduler_job.py:182} INFO - Started process (PID=5791) to work on /home/airflow/sandbox/lib/python3.8/site-packages/airflow/example_dags/example_task_group.py
[2022-04-13 07:15:39,531] {scheduler_job.py:633} INFO - Processing file /home/airflow/sandbox/lib/python3.8/site-packages/airflow/example_dags/example_task_group.py for tasks to queue
[2022-04-13 07:15:39,543] {logging_mixin.py:104} INFO - [2022-04-13 07:15:39,543] {dagbag.py:487} INFO - Filling up the DagBag from /home/airflow/sandbox/lib/python3.8/site-packages/airflow/example_dags/example_task_group.py
[2022-04-13 07:15:39,573] {scheduler_job.py:643} INFO - DAG(s) dict_keys(['example_task_group']) retrieved from /home/airflow/sandbox/lib/python3.8/site-packages/airflow/example_dags/example_task_group.py
[2022-04-13 07:15:39,819] {logging_mixin.py:104} INFO - [2022-04-13 07:15:39,818] {dag.py:1832} INFO - Sync 1 DAGs
[2022-04-13 07:15:39,971] {logging_mixin.py:104} INFO - [2022-04-13 07:15:39,970] {dag.py:2305} INFO - Setting next_dagrun for example_task_group to 2022-04-11 00:00:00+00:00
[2022-04-13 07:15:40,076] {scheduler_job.py:190} INFO - Processing /home/airflow/sandbox/lib/python3.8/site-packages/airflow/example_dags/example_task_group.py took 0.576 seconds
[2022-04-13 07:16:16,014] {scheduler_job.py:182} INFO - Started process (PID=6026) to work on /home/airflow/sandbox/lib/python3.8/site-packages/airflow/example_dags/example_task_group.py
[2022-04-13 07:16:16,031] {scheduler_job.py:633} INFO - Processing file /home/airflow/sandbox/lib/python3.8/site-packages/airflow/example_dags/example_task_group.py for tasks to queue
[2022-04-13 07:16:16,033] {logging_mixin.py:104} INFO - [2022-04-13 07:16:16,033] {dagbag.py:487} INFO - Filling up the DagBag from /home/airflow/sandbox/lib/python3.8/site-packages/airflow/example_dags/example_task_group.py
[2022-04-13 07:16:16,076] {scheduler_job.py:643} INFO - DAG(s) dict_keys(['example_task_group']) retrieved from /home/airflow/sandbox/lib/python3.8/site-packages/airflow/example_dags/example_task_group.py
[2022-04-13 07:16:16,163] {logging_mixin.py:104} INFO - [2022-04-13 07:16:16,163] {dag.py:1832} INFO - Sync 1 DAGs
[2022-04-13 07:16:16,205] {logging_mixin.py:104} INFO - [2022-04-13 07:16:16,204] {dag.py:2305} INFO - Setting next_dagrun for example_task_group to 2022-04-11 00:00:00+00:00
[2022-04-13 07:16:16,239] {scheduler_job.py:190} INFO - Processing /home/airflow/sandbox/lib/python3.8/site-packages/airflow/example_dags/example_task_group.py took 0.234 seconds
[2022-04-13 07:16:48,608] {scheduler_job.py:182} INFO - Started process (PID=6243) to work on /home/airflow/sandbox/lib/python3.8/site-packages/airflow/example_dags/example_task_group.py
[2022-04-13 07:16:48,613] {scheduler_job.py:633} INFO - Processing file /home/airflow/sandbox/lib/python3.8/site-packages/airflow/example_dags/example_task_group.py for tasks to queue
[2022-04-13 07:16:48,615] {logging_mixin.py:104} INFO - [2022-04-13 07:16:48,615] {dagbag.py:487} INFO - Filling up the DagBag from /home/airflow/sandbox/lib/python3.8/site-packages/airflow/example_dags/example_task_group.py
[2022-04-13 07:16:48,646] {scheduler_job.py:643} INFO - DAG(s) dict_keys(['example_task_group']) retrieved from /home/airflow/sandbox/lib/python3.8/site-packages/airflow/example_dags/example_task_group.py
[2022-04-13 07:16:48,721] {logging_mixin.py:104} INFO - [2022-04-13 07:16:48,720] {dag.py:1832} INFO - Sync 1 DAGs
[2022-04-13 07:16:48,755] {logging_mixin.py:104} INFO - [2022-04-13 07:16:48,754] {dag.py:2305} INFO - Setting next_dagrun for example_task_group to 2022-04-11 00:00:00+00:00
[2022-04-13 07:16:48,809] {scheduler_job.py:190} INFO - Processing /home/airflow/sandbox/lib/python3.8/site-packages/airflow/example_dags/example_task_group.py took 0.212 seconds
[2022-04-13 07:17:20,662] {scheduler_job.py:182} INFO - Started process (PID=6444) to work on /home/airflow/sandbox/lib/python3.8/site-packages/airflow/example_dags/example_task_group.py
[2022-04-13 07:17:20,667] {scheduler_job.py:633} INFO - Processing file /home/airflow/sandbox/lib/python3.8/site-packages/airflow/example_dags/example_task_group.py for tasks to queue
[2022-04-13 07:17:20,668] {logging_mixin.py:104} INFO - [2022-04-13 07:17:20,668] {dagbag.py:487} INFO - Filling up the DagBag from /home/airflow/sandbox/lib/python3.8/site-packages/airflow/example_dags/example_task_group.py
[2022-04-13 07:17:20,738] {scheduler_job.py:643} INFO - DAG(s) dict_keys(['example_task_group']) retrieved from /home/airflow/sandbox/lib/python3.8/site-packages/airflow/example_dags/example_task_group.py
[2022-04-13 07:17:20,918] {logging_mixin.py:104} INFO - [2022-04-13 07:17:20,918] {dag.py:1832} INFO - Sync 1 DAGs
[2022-04-13 07:17:20,984] {logging_mixin.py:104} INFO - [2022-04-13 07:17:20,984] {dag.py:2305} INFO - Setting next_dagrun for example_task_group to 2022-04-11 00:00:00+00:00
[2022-04-13 07:17:21,151] {scheduler_job.py:190} INFO - Processing /home/airflow/sandbox/lib/python3.8/site-packages/airflow/example_dags/example_task_group.py took 0.500 seconds
[2022-04-13 07:17:52,857] {scheduler_job.py:182} INFO - Started process (PID=6643) to work on /home/airflow/sandbox/lib/python3.8/site-packages/airflow/example_dags/example_task_group.py
[2022-04-13 07:17:52,862] {scheduler_job.py:633} INFO - Processing file /home/airflow/sandbox/lib/python3.8/site-packages/airflow/example_dags/example_task_group.py for tasks to queue
[2022-04-13 07:17:52,864] {logging_mixin.py:104} INFO - [2022-04-13 07:17:52,863] {dagbag.py:487} INFO - Filling up the DagBag from /home/airflow/sandbox/lib/python3.8/site-packages/airflow/example_dags/example_task_group.py
[2022-04-13 07:17:52,900] {scheduler_job.py:643} INFO - DAG(s) dict_keys(['example_task_group']) retrieved from /home/airflow/sandbox/lib/python3.8/site-packages/airflow/example_dags/example_task_group.py
[2022-04-13 07:17:53,073] {logging_mixin.py:104} INFO - [2022-04-13 07:17:53,073] {dag.py:1832} INFO - Sync 1 DAGs
[2022-04-13 07:17:53,177] {logging_mixin.py:104} INFO - [2022-04-13 07:17:53,177] {dag.py:2305} INFO - Setting next_dagrun for example_task_group to 2022-04-11 00:00:00+00:00
[2022-04-13 07:17:53,390] {scheduler_job.py:190} INFO - Processing /home/airflow/sandbox/lib/python3.8/site-packages/airflow/example_dags/example_task_group.py took 0.543 seconds
[2022-04-13 07:18:25,071] {scheduler_job.py:182} INFO - Started process (PID=6842) to work on /home/airflow/sandbox/lib/python3.8/site-packages/airflow/example_dags/example_task_group.py
[2022-04-13 07:18:25,073] {scheduler_job.py:633} INFO - Processing file /home/airflow/sandbox/lib/python3.8/site-packages/airflow/example_dags/example_task_group.py for tasks to queue
[2022-04-13 07:18:25,083] {logging_mixin.py:104} INFO - [2022-04-13 07:18:25,083] {dagbag.py:487} INFO - Filling up the DagBag from /home/airflow/sandbox/lib/python3.8/site-packages/airflow/example_dags/example_task_group.py
[2022-04-13 07:18:25,145] {scheduler_job.py:643} INFO - DAG(s) dict_keys(['example_task_group']) retrieved from /home/airflow/sandbox/lib/python3.8/site-packages/airflow/example_dags/example_task_group.py
[2022-04-13 07:18:25,365] {logging_mixin.py:104} INFO - [2022-04-13 07:18:25,365] {dag.py:1832} INFO - Sync 1 DAGs
[2022-04-13 07:18:25,475] {logging_mixin.py:104} INFO - [2022-04-13 07:18:25,474] {dag.py:2305} INFO - Setting next_dagrun for example_task_group to 2022-04-11 00:00:00+00:00
[2022-04-13 07:18:25,541] {scheduler_job.py:190} INFO - Processing /home/airflow/sandbox/lib/python3.8/site-packages/airflow/example_dags/example_task_group.py took 0.518 seconds
[2022-04-13 07:18:57,737] {scheduler_job.py:182} INFO - Started process (PID=7041) to work on /home/airflow/sandbox/lib/python3.8/site-packages/airflow/example_dags/example_task_group.py
[2022-04-13 07:18:57,743] {scheduler_job.py:633} INFO - Processing file /home/airflow/sandbox/lib/python3.8/site-packages/airflow/example_dags/example_task_group.py for tasks to queue
[2022-04-13 07:18:57,744] {logging_mixin.py:104} INFO - [2022-04-13 07:18:57,744] {dagbag.py:487} INFO - Filling up the DagBag from /home/airflow/sandbox/lib/python3.8/site-packages/airflow/example_dags/example_task_group.py
[2022-04-13 07:18:57,782] {scheduler_job.py:643} INFO - DAG(s) dict_keys(['example_task_group']) retrieved from /home/airflow/sandbox/lib/python3.8/site-packages/airflow/example_dags/example_task_group.py
[2022-04-13 07:18:57,908] {logging_mixin.py:104} INFO - [2022-04-13 07:18:57,907] {dag.py:1832} INFO - Sync 1 DAGs
[2022-04-13 07:18:57,992] {logging_mixin.py:104} INFO - [2022-04-13 07:18:57,992] {dag.py:2305} INFO - Setting next_dagrun for example_task_group to 2022-04-11 00:00:00+00:00
[2022-04-13 07:18:58,076] {scheduler_job.py:190} INFO - Processing /home/airflow/sandbox/lib/python3.8/site-packages/airflow/example_dags/example_task_group.py took 0.348 seconds
[2022-04-13 07:19:30,296] {scheduler_job.py:182} INFO - Started process (PID=7487) to work on /home/airflow/sandbox/lib/python3.8/site-packages/airflow/example_dags/example_task_group.py
[2022-04-13 07:19:30,300] {scheduler_job.py:633} INFO - Processing file /home/airflow/sandbox/lib/python3.8/site-packages/airflow/example_dags/example_task_group.py for tasks to queue
[2022-04-13 07:19:30,302] {logging_mixin.py:104} INFO - [2022-04-13 07:19:30,301] {dagbag.py:487} INFO - Filling up the DagBag from /home/airflow/sandbox/lib/python3.8/site-packages/airflow/example_dags/example_task_group.py
[2022-04-13 07:19:30,336] {scheduler_job.py:643} INFO - DAG(s) dict_keys(['example_task_group']) retrieved from /home/airflow/sandbox/lib/python3.8/site-packages/airflow/example_dags/example_task_group.py
[2022-04-13 07:19:30,461] {logging_mixin.py:104} INFO - [2022-04-13 07:19:30,461] {dag.py:1832} INFO - Sync 1 DAGs
[2022-04-13 07:19:30,542] {logging_mixin.py:104} INFO - [2022-04-13 07:19:30,542] {dag.py:2305} INFO - Setting next_dagrun for example_task_group to 2022-04-11 00:00:00+00:00
[2022-04-13 07:19:30,587] {scheduler_job.py:190} INFO - Processing /home/airflow/sandbox/lib/python3.8/site-packages/airflow/example_dags/example_task_group.py took 0.302 seconds
[2022-04-13 07:20:02,291] {scheduler_job.py:182} INFO - Started process (PID=7695) to work on /home/airflow/sandbox/lib/python3.8/site-packages/airflow/example_dags/example_task_group.py
[2022-04-13 07:20:02,313] {scheduler_job.py:633} INFO - Processing file /home/airflow/sandbox/lib/python3.8/site-packages/airflow/example_dags/example_task_group.py for tasks to queue
[2022-04-13 07:20:02,322] {logging_mixin.py:104} INFO - [2022-04-13 07:20:02,322] {dagbag.py:487} INFO - Filling up the DagBag from /home/airflow/sandbox/lib/python3.8/site-packages/airflow/example_dags/example_task_group.py
[2022-04-13 07:20:02,397] {scheduler_job.py:643} INFO - DAG(s) dict_keys(['example_task_group']) retrieved from /home/airflow/sandbox/lib/python3.8/site-packages/airflow/example_dags/example_task_group.py
[2022-04-13 07:20:02,553] {logging_mixin.py:104} INFO - [2022-04-13 07:20:02,552] {dag.py:1832} INFO - Sync 1 DAGs
[2022-04-13 07:20:02,619] {logging_mixin.py:104} INFO - [2022-04-13 07:20:02,618] {dag.py:2305} INFO - Setting next_dagrun for example_task_group to 2022-04-11 00:00:00+00:00
[2022-04-13 07:20:02,753] {scheduler_job.py:190} INFO - Processing /home/airflow/sandbox/lib/python3.8/site-packages/airflow/example_dags/example_task_group.py took 0.470 seconds
[2022-04-13 07:20:34,302] {scheduler_job.py:182} INFO - Started process (PID=7893) to work on /home/airflow/sandbox/lib/python3.8/site-packages/airflow/example_dags/example_task_group.py
[2022-04-13 07:20:34,317] {scheduler_job.py:633} INFO - Processing file /home/airflow/sandbox/lib/python3.8/site-packages/airflow/example_dags/example_task_group.py for tasks to queue
[2022-04-13 07:20:34,326] {logging_mixin.py:104} INFO - [2022-04-13 07:20:34,326] {dagbag.py:487} INFO - Filling up the DagBag from /home/airflow/sandbox/lib/python3.8/site-packages/airflow/example_dags/example_task_group.py
[2022-04-13 07:20:34,419] {scheduler_job.py:643} INFO - DAG(s) dict_keys(['example_task_group']) retrieved from /home/airflow/sandbox/lib/python3.8/site-packages/airflow/example_dags/example_task_group.py
[2022-04-13 07:20:34,600] {logging_mixin.py:104} INFO - [2022-04-13 07:20:34,600] {dag.py:1832} INFO - Sync 1 DAGs
[2022-04-13 07:20:34,701] {logging_mixin.py:104} INFO - [2022-04-13 07:20:34,701] {dag.py:2305} INFO - Setting next_dagrun for example_task_group to 2022-04-11 00:00:00+00:00
[2022-04-13 07:20:34,818] {scheduler_job.py:190} INFO - Processing /home/airflow/sandbox/lib/python3.8/site-packages/airflow/example_dags/example_task_group.py took 0.528 seconds
[2022-04-13 07:21:05,343] {scheduler_job.py:182} INFO - Started process (PID=8090) to work on /home/airflow/sandbox/lib/python3.8/site-packages/airflow/example_dags/example_task_group.py
[2022-04-13 07:21:05,368] {scheduler_job.py:633} INFO - Processing file /home/airflow/sandbox/lib/python3.8/site-packages/airflow/example_dags/example_task_group.py for tasks to queue
[2022-04-13 07:21:05,370] {logging_mixin.py:104} INFO - [2022-04-13 07:21:05,369] {dagbag.py:487} INFO - Filling up the DagBag from /home/airflow/sandbox/lib/python3.8/site-packages/airflow/example_dags/example_task_group.py
[2022-04-13 07:21:05,411] {scheduler_job.py:643} INFO - DAG(s) dict_keys(['example_task_group']) retrieved from /home/airflow/sandbox/lib/python3.8/site-packages/airflow/example_dags/example_task_group.py
[2022-04-13 07:21:05,597] {logging_mixin.py:104} INFO - [2022-04-13 07:21:05,596] {dag.py:1832} INFO - Sync 1 DAGs
[2022-04-13 07:21:05,677] {logging_mixin.py:104} INFO - [2022-04-13 07:21:05,677] {dag.py:2305} INFO - Setting next_dagrun for example_task_group to 2022-04-11 00:00:00+00:00
[2022-04-13 07:21:05,798] {scheduler_job.py:190} INFO - Processing /home/airflow/sandbox/lib/python3.8/site-packages/airflow/example_dags/example_task_group.py took 0.465 seconds
[2022-04-13 07:21:36,493] {scheduler_job.py:182} INFO - Started process (PID=8287) to work on /home/airflow/sandbox/lib/python3.8/site-packages/airflow/example_dags/example_task_group.py
[2022-04-13 07:21:36,497] {scheduler_job.py:633} INFO - Processing file /home/airflow/sandbox/lib/python3.8/site-packages/airflow/example_dags/example_task_group.py for tasks to queue
[2022-04-13 07:21:36,498] {logging_mixin.py:104} INFO - [2022-04-13 07:21:36,498] {dagbag.py:487} INFO - Filling up the DagBag from /home/airflow/sandbox/lib/python3.8/site-packages/airflow/example_dags/example_task_group.py
[2022-04-13 07:21:36,548] {scheduler_job.py:643} INFO - DAG(s) dict_keys(['example_task_group']) retrieved from /home/airflow/sandbox/lib/python3.8/site-packages/airflow/example_dags/example_task_group.py
[2022-04-13 07:21:36,692] {logging_mixin.py:104} INFO - [2022-04-13 07:21:36,692] {dag.py:1832} INFO - Sync 1 DAGs
[2022-04-13 07:21:36,765] {logging_mixin.py:104} INFO - [2022-04-13 07:21:36,764] {dag.py:2305} INFO - Setting next_dagrun for example_task_group to 2022-04-11 00:00:00+00:00
[2022-04-13 07:21:36,831] {scheduler_job.py:190} INFO - Processing /home/airflow/sandbox/lib/python3.8/site-packages/airflow/example_dags/example_task_group.py took 0.386 seconds
[2022-04-13 07:22:07,425] {scheduler_job.py:182} INFO - Started process (PID=8486) to work on /home/airflow/sandbox/lib/python3.8/site-packages/airflow/example_dags/example_task_group.py
[2022-04-13 07:22:07,458] {scheduler_job.py:633} INFO - Processing file /home/airflow/sandbox/lib/python3.8/site-packages/airflow/example_dags/example_task_group.py for tasks to queue
[2022-04-13 07:22:07,460] {logging_mixin.py:104} INFO - [2022-04-13 07:22:07,460] {dagbag.py:487} INFO - Filling up the DagBag from /home/airflow/sandbox/lib/python3.8/site-packages/airflow/example_dags/example_task_group.py
[2022-04-13 07:22:07,523] {scheduler_job.py:643} INFO - DAG(s) dict_keys(['example_task_group']) retrieved from /home/airflow/sandbox/lib/python3.8/site-packages/airflow/example_dags/example_task_group.py
[2022-04-13 07:22:07,693] {logging_mixin.py:104} INFO - [2022-04-13 07:22:07,693] {dag.py:1832} INFO - Sync 1 DAGs
[2022-04-13 07:22:07,794] {logging_mixin.py:104} INFO - [2022-04-13 07:22:07,794] {dag.py:2305} INFO - Setting next_dagrun for example_task_group to 2022-04-11 00:00:00+00:00
[2022-04-13 07:22:07,887] {scheduler_job.py:190} INFO - Processing /home/airflow/sandbox/lib/python3.8/site-packages/airflow/example_dags/example_task_group.py took 0.470 seconds
[2022-04-13 07:22:38,011] {scheduler_job.py:182} INFO - Started process (PID=8683) to work on /home/airflow/sandbox/lib/python3.8/site-packages/airflow/example_dags/example_task_group.py
[2022-04-13 07:22:38,020] {scheduler_job.py:633} INFO - Processing file /home/airflow/sandbox/lib/python3.8/site-packages/airflow/example_dags/example_task_group.py for tasks to queue
[2022-04-13 07:22:38,021] {logging_mixin.py:104} INFO - [2022-04-13 07:22:38,021] {dagbag.py:487} INFO - Filling up the DagBag from /home/airflow/sandbox/lib/python3.8/site-packages/airflow/example_dags/example_task_group.py
[2022-04-13 07:22:38,069] {scheduler_job.py:643} INFO - DAG(s) dict_keys(['example_task_group']) retrieved from /home/airflow/sandbox/lib/python3.8/site-packages/airflow/example_dags/example_task_group.py
[2022-04-13 07:22:38,239] {logging_mixin.py:104} INFO - [2022-04-13 07:22:38,238] {dag.py:1832} INFO - Sync 1 DAGs
[2022-04-13 07:22:38,331] {logging_mixin.py:104} INFO - [2022-04-13 07:22:38,330] {dag.py:2305} INFO - Setting next_dagrun for example_task_group to 2022-04-11 00:00:00+00:00
[2022-04-13 07:22:38,925] {scheduler_job.py:190} INFO - Processing /home/airflow/sandbox/lib/python3.8/site-packages/airflow/example_dags/example_task_group.py took 0.936 seconds
[2022-04-13 07:23:09,243] {scheduler_job.py:182} INFO - Started process (PID=8881) to work on /home/airflow/sandbox/lib/python3.8/site-packages/airflow/example_dags/example_task_group.py
[2022-04-13 07:23:09,260] {scheduler_job.py:633} INFO - Processing file /home/airflow/sandbox/lib/python3.8/site-packages/airflow/example_dags/example_task_group.py for tasks to queue
[2022-04-13 07:23:09,262] {logging_mixin.py:104} INFO - [2022-04-13 07:23:09,261] {dagbag.py:487} INFO - Filling up the DagBag from /home/airflow/sandbox/lib/python3.8/site-packages/airflow/example_dags/example_task_group.py
[2022-04-13 07:23:09,328] {scheduler_job.py:643} INFO - DAG(s) dict_keys(['example_task_group']) retrieved from /home/airflow/sandbox/lib/python3.8/site-packages/airflow/example_dags/example_task_group.py
[2022-04-13 07:23:09,541] {logging_mixin.py:104} INFO - [2022-04-13 07:23:09,541] {dag.py:1832} INFO - Sync 1 DAGs
[2022-04-13 07:23:09,630] {logging_mixin.py:104} INFO - [2022-04-13 07:23:09,630] {dag.py:2305} INFO - Setting next_dagrun for example_task_group to 2022-04-11 00:00:00+00:00
[2022-04-13 07:23:10,052] {scheduler_job.py:190} INFO - Processing /home/airflow/sandbox/lib/python3.8/site-packages/airflow/example_dags/example_task_group.py took 0.824 seconds
[2022-04-13 07:23:40,178] {scheduler_job.py:182} INFO - Started process (PID=9079) to work on /home/airflow/sandbox/lib/python3.8/site-packages/airflow/example_dags/example_task_group.py
[2022-04-13 07:23:40,181] {scheduler_job.py:633} INFO - Processing file /home/airflow/sandbox/lib/python3.8/site-packages/airflow/example_dags/example_task_group.py for tasks to queue
[2022-04-13 07:23:40,183] {logging_mixin.py:104} INFO - [2022-04-13 07:23:40,182] {dagbag.py:487} INFO - Filling up the DagBag from /home/airflow/sandbox/lib/python3.8/site-packages/airflow/example_dags/example_task_group.py
[2022-04-13 07:23:40,217] {scheduler_job.py:643} INFO - DAG(s) dict_keys(['example_task_group']) retrieved from /home/airflow/sandbox/lib/python3.8/site-packages/airflow/example_dags/example_task_group.py
[2022-04-13 07:23:40,286] {logging_mixin.py:104} INFO - [2022-04-13 07:23:40,285] {dag.py:1832} INFO - Sync 1 DAGs
[2022-04-13 07:23:40,325] {logging_mixin.py:104} INFO - [2022-04-13 07:23:40,324] {dag.py:2305} INFO - Setting next_dagrun for example_task_group to 2022-04-11 00:00:00+00:00
[2022-04-13 07:23:40,505] {scheduler_job.py:190} INFO - Processing /home/airflow/sandbox/lib/python3.8/site-packages/airflow/example_dags/example_task_group.py took 0.337 seconds
[2022-04-13 07:24:11,268] {scheduler_job.py:182} INFO - Started process (PID=9278) to work on /home/airflow/sandbox/lib/python3.8/site-packages/airflow/example_dags/example_task_group.py
[2022-04-13 07:24:11,272] {scheduler_job.py:633} INFO - Processing file /home/airflow/sandbox/lib/python3.8/site-packages/airflow/example_dags/example_task_group.py for tasks to queue
[2022-04-13 07:24:11,274] {logging_mixin.py:104} INFO - [2022-04-13 07:24:11,273] {dagbag.py:487} INFO - Filling up the DagBag from /home/airflow/sandbox/lib/python3.8/site-packages/airflow/example_dags/example_task_group.py
[2022-04-13 07:24:11,328] {scheduler_job.py:643} INFO - DAG(s) dict_keys(['example_task_group']) retrieved from /home/airflow/sandbox/lib/python3.8/site-packages/airflow/example_dags/example_task_group.py
[2022-04-13 07:24:11,477] {logging_mixin.py:104} INFO - [2022-04-13 07:24:11,477] {dag.py:1832} INFO - Sync 1 DAGs
[2022-04-13 07:24:11,665] {logging_mixin.py:104} INFO - [2022-04-13 07:24:11,664] {dag.py:2305} INFO - Setting next_dagrun for example_task_group to 2022-04-11 00:00:00+00:00
[2022-04-13 07:24:11,696] {scheduler_job.py:190} INFO - Processing /home/airflow/sandbox/lib/python3.8/site-packages/airflow/example_dags/example_task_group.py took 0.438 seconds
[2022-04-13 07:24:41,875] {scheduler_job.py:182} INFO - Started process (PID=9721) to work on /home/airflow/sandbox/lib/python3.8/site-packages/airflow/example_dags/example_task_group.py
[2022-04-13 07:24:41,879] {scheduler_job.py:633} INFO - Processing file /home/airflow/sandbox/lib/python3.8/site-packages/airflow/example_dags/example_task_group.py for tasks to queue
[2022-04-13 07:24:41,882] {logging_mixin.py:104} INFO - [2022-04-13 07:24:41,881] {dagbag.py:487} INFO - Filling up the DagBag from /home/airflow/sandbox/lib/python3.8/site-packages/airflow/example_dags/example_task_group.py
[2022-04-13 07:24:41,950] {scheduler_job.py:643} INFO - DAG(s) dict_keys(['example_task_group']) retrieved from /home/airflow/sandbox/lib/python3.8/site-packages/airflow/example_dags/example_task_group.py
[2022-04-13 07:24:42,081] {logging_mixin.py:104} INFO - [2022-04-13 07:24:42,081] {dag.py:1832} INFO - Sync 1 DAGs
[2022-04-13 07:24:42,239] {logging_mixin.py:104} INFO - [2022-04-13 07:24:42,239] {dag.py:2305} INFO - Setting next_dagrun for example_task_group to 2022-04-11 00:00:00+00:00
[2022-04-13 07:24:42,278] {scheduler_job.py:190} INFO - Processing /home/airflow/sandbox/lib/python3.8/site-packages/airflow/example_dags/example_task_group.py took 0.413 seconds
[2022-04-13 07:25:12,423] {scheduler_job.py:182} INFO - Started process (PID=9920) to work on /home/airflow/sandbox/lib/python3.8/site-packages/airflow/example_dags/example_task_group.py
[2022-04-13 07:25:12,439] {scheduler_job.py:633} INFO - Processing file /home/airflow/sandbox/lib/python3.8/site-packages/airflow/example_dags/example_task_group.py for tasks to queue
[2022-04-13 07:25:12,440] {logging_mixin.py:104} INFO - [2022-04-13 07:25:12,440] {dagbag.py:487} INFO - Filling up the DagBag from /home/airflow/sandbox/lib/python3.8/site-packages/airflow/example_dags/example_task_group.py
[2022-04-13 07:25:12,503] {scheduler_job.py:643} INFO - DAG(s) dict_keys(['example_task_group']) retrieved from /home/airflow/sandbox/lib/python3.8/site-packages/airflow/example_dags/example_task_group.py
[2022-04-13 07:25:12,682] {logging_mixin.py:104} INFO - [2022-04-13 07:25:12,682] {dag.py:1832} INFO - Sync 1 DAGs
[2022-04-13 07:25:12,992] {logging_mixin.py:104} INFO - [2022-04-13 07:25:12,991] {dag.py:2305} INFO - Setting next_dagrun for example_task_group to 2022-04-11 00:00:00+00:00
[2022-04-13 07:25:13,262] {scheduler_job.py:190} INFO - Processing /home/airflow/sandbox/lib/python3.8/site-packages/airflow/example_dags/example_task_group.py took 0.848 seconds
[2022-04-13 07:25:43,879] {scheduler_job.py:182} INFO - Started process (PID=10117) to work on /home/airflow/sandbox/lib/python3.8/site-packages/airflow/example_dags/example_task_group.py
[2022-04-13 07:25:43,882] {scheduler_job.py:633} INFO - Processing file /home/airflow/sandbox/lib/python3.8/site-packages/airflow/example_dags/example_task_group.py for tasks to queue
[2022-04-13 07:25:43,884] {logging_mixin.py:104} INFO - [2022-04-13 07:25:43,884] {dagbag.py:487} INFO - Filling up the DagBag from /home/airflow/sandbox/lib/python3.8/site-packages/airflow/example_dags/example_task_group.py
[2022-04-13 07:25:43,920] {scheduler_job.py:643} INFO - DAG(s) dict_keys(['example_task_group']) retrieved from /home/airflow/sandbox/lib/python3.8/site-packages/airflow/example_dags/example_task_group.py
[2022-04-13 07:25:43,986] {logging_mixin.py:104} INFO - [2022-04-13 07:25:43,986] {dag.py:1832} INFO - Sync 1 DAGs
[2022-04-13 07:25:44,161] {logging_mixin.py:104} INFO - [2022-04-13 07:25:44,161] {dag.py:2305} INFO - Setting next_dagrun for example_task_group to 2022-04-11 00:00:00+00:00
[2022-04-13 07:25:44,238] {scheduler_job.py:190} INFO - Processing /home/airflow/sandbox/lib/python3.8/site-packages/airflow/example_dags/example_task_group.py took 0.371 seconds
[2022-04-13 07:26:14,565] {scheduler_job.py:182} INFO - Started process (PID=10317) to work on /home/airflow/sandbox/lib/python3.8/site-packages/airflow/example_dags/example_task_group.py
[2022-04-13 07:26:14,568] {scheduler_job.py:633} INFO - Processing file /home/airflow/sandbox/lib/python3.8/site-packages/airflow/example_dags/example_task_group.py for tasks to queue
[2022-04-13 07:26:14,570] {logging_mixin.py:104} INFO - [2022-04-13 07:26:14,570] {dagbag.py:487} INFO - Filling up the DagBag from /home/airflow/sandbox/lib/python3.8/site-packages/airflow/example_dags/example_task_group.py
[2022-04-13 07:26:14,622] {scheduler_job.py:643} INFO - DAG(s) dict_keys(['example_task_group']) retrieved from /home/airflow/sandbox/lib/python3.8/site-packages/airflow/example_dags/example_task_group.py
[2022-04-13 07:26:14,742] {logging_mixin.py:104} INFO - [2022-04-13 07:26:14,741] {dag.py:1832} INFO - Sync 1 DAGs
[2022-04-13 07:26:15,098] {logging_mixin.py:104} INFO - [2022-04-13 07:26:15,098] {dag.py:2305} INFO - Setting next_dagrun for example_task_group to 2022-04-11 00:00:00+00:00
[2022-04-13 07:26:15,229] {scheduler_job.py:190} INFO - Processing /home/airflow/sandbox/lib/python3.8/site-packages/airflow/example_dags/example_task_group.py took 0.673 seconds
[2022-04-13 07:26:45,443] {scheduler_job.py:182} INFO - Started process (PID=10516) to work on /home/airflow/sandbox/lib/python3.8/site-packages/airflow/example_dags/example_task_group.py
[2022-04-13 07:26:45,468] {scheduler_job.py:633} INFO - Processing file /home/airflow/sandbox/lib/python3.8/site-packages/airflow/example_dags/example_task_group.py for tasks to queue
[2022-04-13 07:26:45,473] {logging_mixin.py:104} INFO - [2022-04-13 07:26:45,473] {dagbag.py:487} INFO - Filling up the DagBag from /home/airflow/sandbox/lib/python3.8/site-packages/airflow/example_dags/example_task_group.py
[2022-04-13 07:26:45,533] {scheduler_job.py:643} INFO - DAG(s) dict_keys(['example_task_group']) retrieved from /home/airflow/sandbox/lib/python3.8/site-packages/airflow/example_dags/example_task_group.py
[2022-04-13 07:26:46,026] {logging_mixin.py:104} INFO - [2022-04-13 07:26:46,026] {dag.py:1832} INFO - Sync 1 DAGs
[2022-04-13 07:26:46,077] {logging_mixin.py:104} INFO - [2022-04-13 07:26:46,077] {dag.py:2305} INFO - Setting next_dagrun for example_task_group to 2022-04-11 00:00:00+00:00
[2022-04-13 07:26:46,131] {scheduler_job.py:190} INFO - Processing /home/airflow/sandbox/lib/python3.8/site-packages/airflow/example_dags/example_task_group.py took 0.697 seconds
[2022-04-13 07:27:16,212] {scheduler_job.py:182} INFO - Started process (PID=10715) to work on /home/airflow/sandbox/lib/python3.8/site-packages/airflow/example_dags/example_task_group.py
[2022-04-13 07:27:16,232] {scheduler_job.py:633} INFO - Processing file /home/airflow/sandbox/lib/python3.8/site-packages/airflow/example_dags/example_task_group.py for tasks to queue
[2022-04-13 07:27:16,237] {logging_mixin.py:104} INFO - [2022-04-13 07:27:16,237] {dagbag.py:487} INFO - Filling up the DagBag from /home/airflow/sandbox/lib/python3.8/site-packages/airflow/example_dags/example_task_group.py
[2022-04-13 07:27:16,326] {scheduler_job.py:643} INFO - DAG(s) dict_keys(['example_task_group']) retrieved from /home/airflow/sandbox/lib/python3.8/site-packages/airflow/example_dags/example_task_group.py
[2022-04-13 07:27:16,818] {logging_mixin.py:104} INFO - [2022-04-13 07:27:16,818] {dag.py:1832} INFO - Sync 1 DAGs
[2022-04-13 07:27:16,847] {logging_mixin.py:104} INFO - [2022-04-13 07:27:16,846] {dag.py:2305} INFO - Setting next_dagrun for example_task_group to 2022-04-11 00:00:00+00:00
[2022-04-13 07:27:16,914] {scheduler_job.py:190} INFO - Processing /home/airflow/sandbox/lib/python3.8/site-packages/airflow/example_dags/example_task_group.py took 0.711 seconds
[2022-04-13 07:27:47,575] {scheduler_job.py:182} INFO - Started process (PID=10914) to work on /home/airflow/sandbox/lib/python3.8/site-packages/airflow/example_dags/example_task_group.py
[2022-04-13 07:27:47,579] {scheduler_job.py:633} INFO - Processing file /home/airflow/sandbox/lib/python3.8/site-packages/airflow/example_dags/example_task_group.py for tasks to queue
[2022-04-13 07:27:47,581] {logging_mixin.py:104} INFO - [2022-04-13 07:27:47,581] {dagbag.py:487} INFO - Filling up the DagBag from /home/airflow/sandbox/lib/python3.8/site-packages/airflow/example_dags/example_task_group.py
[2022-04-13 07:27:47,651] {scheduler_job.py:643} INFO - DAG(s) dict_keys(['example_task_group']) retrieved from /home/airflow/sandbox/lib/python3.8/site-packages/airflow/example_dags/example_task_group.py
[2022-04-13 07:27:48,142] {logging_mixin.py:104} INFO - [2022-04-13 07:27:48,142] {dag.py:1832} INFO - Sync 1 DAGs
[2022-04-13 07:27:48,204] {logging_mixin.py:104} INFO - [2022-04-13 07:27:48,204] {dag.py:2305} INFO - Setting next_dagrun for example_task_group to 2022-04-11 00:00:00+00:00
[2022-04-13 07:27:48,302] {scheduler_job.py:190} INFO - Processing /home/airflow/sandbox/lib/python3.8/site-packages/airflow/example_dags/example_task_group.py took 0.759 seconds
[2022-04-13 07:28:18,784] {scheduler_job.py:182} INFO - Started process (PID=11113) to work on /home/airflow/sandbox/lib/python3.8/site-packages/airflow/example_dags/example_task_group.py
[2022-04-13 07:28:18,797] {scheduler_job.py:633} INFO - Processing file /home/airflow/sandbox/lib/python3.8/site-packages/airflow/example_dags/example_task_group.py for tasks to queue
[2022-04-13 07:28:18,799] {logging_mixin.py:104} INFO - [2022-04-13 07:28:18,798] {dagbag.py:487} INFO - Filling up the DagBag from /home/airflow/sandbox/lib/python3.8/site-packages/airflow/example_dags/example_task_group.py
[2022-04-13 07:28:18,847] {scheduler_job.py:643} INFO - DAG(s) dict_keys(['example_task_group']) retrieved from /home/airflow/sandbox/lib/python3.8/site-packages/airflow/example_dags/example_task_group.py
[2022-04-13 07:28:19,315] {logging_mixin.py:104} INFO - [2022-04-13 07:28:19,315] {dag.py:1832} INFO - Sync 1 DAGs
[2022-04-13 07:28:19,370] {logging_mixin.py:104} INFO - [2022-04-13 07:28:19,370] {dag.py:2305} INFO - Setting next_dagrun for example_task_group to 2022-04-11 00:00:00+00:00
[2022-04-13 07:28:19,421] {scheduler_job.py:190} INFO - Processing /home/airflow/sandbox/lib/python3.8/site-packages/airflow/example_dags/example_task_group.py took 0.657 seconds
[2022-04-13 07:28:49,946] {scheduler_job.py:182} INFO - Started process (PID=11313) to work on /home/airflow/sandbox/lib/python3.8/site-packages/airflow/example_dags/example_task_group.py
[2022-04-13 07:28:49,949] {scheduler_job.py:633} INFO - Processing file /home/airflow/sandbox/lib/python3.8/site-packages/airflow/example_dags/example_task_group.py for tasks to queue
[2022-04-13 07:28:49,951] {logging_mixin.py:104} INFO - [2022-04-13 07:28:49,951] {dagbag.py:487} INFO - Filling up the DagBag from /home/airflow/sandbox/lib/python3.8/site-packages/airflow/example_dags/example_task_group.py
[2022-04-13 07:28:50,045] {scheduler_job.py:643} INFO - DAG(s) dict_keys(['example_task_group']) retrieved from /home/airflow/sandbox/lib/python3.8/site-packages/airflow/example_dags/example_task_group.py
[2022-04-13 07:28:50,502] {logging_mixin.py:104} INFO - [2022-04-13 07:28:50,502] {dag.py:1832} INFO - Sync 1 DAGs
[2022-04-13 07:28:50,574] {logging_mixin.py:104} INFO - [2022-04-13 07:28:50,574] {dag.py:2305} INFO - Setting next_dagrun for example_task_group to 2022-04-11 00:00:00+00:00
[2022-04-13 07:28:50,632] {scheduler_job.py:190} INFO - Processing /home/airflow/sandbox/lib/python3.8/site-packages/airflow/example_dags/example_task_group.py took 0.713 seconds
[2022-04-13 07:29:21,359] {scheduler_job.py:182} INFO - Started process (PID=11633) to work on /home/airflow/sandbox/lib/python3.8/site-packages/airflow/example_dags/example_task_group.py
[2022-04-13 07:29:21,362] {scheduler_job.py:633} INFO - Processing file /home/airflow/sandbox/lib/python3.8/site-packages/airflow/example_dags/example_task_group.py for tasks to queue
[2022-04-13 07:29:21,371] {logging_mixin.py:104} INFO - [2022-04-13 07:29:21,371] {dagbag.py:487} INFO - Filling up the DagBag from /home/airflow/sandbox/lib/python3.8/site-packages/airflow/example_dags/example_task_group.py
[2022-04-13 07:29:21,728] {scheduler_job.py:643} INFO - DAG(s) dict_keys(['example_task_group']) retrieved from /home/airflow/sandbox/lib/python3.8/site-packages/airflow/example_dags/example_task_group.py
[2022-04-13 07:29:21,872] {logging_mixin.py:104} INFO - [2022-04-13 07:29:21,872] {dag.py:1832} INFO - Sync 1 DAGs
[2022-04-13 07:29:21,922] {logging_mixin.py:104} INFO - [2022-04-13 07:29:21,921] {dag.py:2305} INFO - Setting next_dagrun for example_task_group to 2022-04-11 00:00:00+00:00
[2022-04-13 07:29:21,968] {scheduler_job.py:190} INFO - Processing /home/airflow/sandbox/lib/python3.8/site-packages/airflow/example_dags/example_task_group.py took 0.653 seconds
[2022-04-13 07:29:52,241] {scheduler_job.py:182} INFO - Started process (PID=11952) to work on /home/airflow/sandbox/lib/python3.8/site-packages/airflow/example_dags/example_task_group.py
[2022-04-13 07:29:52,273] {scheduler_job.py:633} INFO - Processing file /home/airflow/sandbox/lib/python3.8/site-packages/airflow/example_dags/example_task_group.py for tasks to queue
[2022-04-13 07:29:52,278] {logging_mixin.py:104} INFO - [2022-04-13 07:29:52,277] {dagbag.py:487} INFO - Filling up the DagBag from /home/airflow/sandbox/lib/python3.8/site-packages/airflow/example_dags/example_task_group.py
[2022-04-13 07:29:52,698] {scheduler_job.py:643} INFO - DAG(s) dict_keys(['example_task_group']) retrieved from /home/airflow/sandbox/lib/python3.8/site-packages/airflow/example_dags/example_task_group.py
[2022-04-13 07:29:52,830] {logging_mixin.py:104} INFO - [2022-04-13 07:29:52,830] {dag.py:1832} INFO - Sync 1 DAGs
[2022-04-13 07:29:52,895] {logging_mixin.py:104} INFO - [2022-04-13 07:29:52,895] {dag.py:2305} INFO - Setting next_dagrun for example_task_group to 2022-04-11 00:00:00+00:00
[2022-04-13 07:29:52,982] {scheduler_job.py:190} INFO - Processing /home/airflow/sandbox/lib/python3.8/site-packages/airflow/example_dags/example_task_group.py took 0.752 seconds
[2022-04-13 07:30:23,213] {scheduler_job.py:182} INFO - Started process (PID=12152) to work on /home/airflow/sandbox/lib/python3.8/site-packages/airflow/example_dags/example_task_group.py
[2022-04-13 07:30:23,235] {scheduler_job.py:633} INFO - Processing file /home/airflow/sandbox/lib/python3.8/site-packages/airflow/example_dags/example_task_group.py for tasks to queue
[2022-04-13 07:30:23,237] {logging_mixin.py:104} INFO - [2022-04-13 07:30:23,237] {dagbag.py:487} INFO - Filling up the DagBag from /home/airflow/sandbox/lib/python3.8/site-packages/airflow/example_dags/example_task_group.py
[2022-04-13 07:30:23,614] {scheduler_job.py:643} INFO - DAG(s) dict_keys(['example_task_group']) retrieved from /home/airflow/sandbox/lib/python3.8/site-packages/airflow/example_dags/example_task_group.py
[2022-04-13 07:30:23,733] {logging_mixin.py:104} INFO - [2022-04-13 07:30:23,733] {dag.py:1832} INFO - Sync 1 DAGs
[2022-04-13 07:30:23,799] {logging_mixin.py:104} INFO - [2022-04-13 07:30:23,799] {dag.py:2305} INFO - Setting next_dagrun for example_task_group to 2022-04-11 00:00:00+00:00
[2022-04-13 07:30:23,851] {scheduler_job.py:190} INFO - Processing /home/airflow/sandbox/lib/python3.8/site-packages/airflow/example_dags/example_task_group.py took 0.647 seconds
[2022-04-13 07:30:53,997] {scheduler_job.py:182} INFO - Started process (PID=12351) to work on /home/airflow/sandbox/lib/python3.8/site-packages/airflow/example_dags/example_task_group.py
[2022-04-13 07:30:54,000] {scheduler_job.py:633} INFO - Processing file /home/airflow/sandbox/lib/python3.8/site-packages/airflow/example_dags/example_task_group.py for tasks to queue
[2022-04-13 07:30:54,002] {logging_mixin.py:104} INFO - [2022-04-13 07:30:54,002] {dagbag.py:487} INFO - Filling up the DagBag from /home/airflow/sandbox/lib/python3.8/site-packages/airflow/example_dags/example_task_group.py
[2022-04-13 07:30:54,240] {scheduler_job.py:643} INFO - DAG(s) dict_keys(['example_task_group']) retrieved from /home/airflow/sandbox/lib/python3.8/site-packages/airflow/example_dags/example_task_group.py
[2022-04-13 07:30:54,313] {logging_mixin.py:104} INFO - [2022-04-13 07:30:54,312] {dag.py:1832} INFO - Sync 1 DAGs
[2022-04-13 07:30:54,346] {logging_mixin.py:104} INFO - [2022-04-13 07:30:54,346] {dag.py:2305} INFO - Setting next_dagrun for example_task_group to 2022-04-11 00:00:00+00:00
[2022-04-13 07:30:54,382] {scheduler_job.py:190} INFO - Processing /home/airflow/sandbox/lib/python3.8/site-packages/airflow/example_dags/example_task_group.py took 0.395 seconds
[2022-04-13 07:31:25,346] {scheduler_job.py:182} INFO - Started process (PID=12608) to work on /home/airflow/sandbox/lib/python3.8/site-packages/airflow/example_dags/example_task_group.py
[2022-04-13 07:31:26,104] {scheduler_job.py:633} INFO - Processing file /home/airflow/sandbox/lib/python3.8/site-packages/airflow/example_dags/example_task_group.py for tasks to queue
[2022-04-13 07:31:26,120] {logging_mixin.py:104} INFO - [2022-04-13 07:31:26,119] {dagbag.py:487} INFO - Filling up the DagBag from /home/airflow/sandbox/lib/python3.8/site-packages/airflow/example_dags/example_task_group.py
[2022-04-13 07:31:26,299] {scheduler_job.py:643} INFO - DAG(s) dict_keys(['example_task_group']) retrieved from /home/airflow/sandbox/lib/python3.8/site-packages/airflow/example_dags/example_task_group.py
[2022-04-13 07:31:26,571] {logging_mixin.py:104} INFO - [2022-04-13 07:31:26,571] {dag.py:1832} INFO - Sync 1 DAGs
[2022-04-13 07:31:26,695] {logging_mixin.py:104} INFO - [2022-04-13 07:31:26,695] {dag.py:2305} INFO - Setting next_dagrun for example_task_group to 2022-04-11 00:00:00+00:00
[2022-04-13 07:31:26,801] {scheduler_job.py:190} INFO - Processing /home/airflow/sandbox/lib/python3.8/site-packages/airflow/example_dags/example_task_group.py took 1.498 seconds
[2022-04-13 07:31:56,924] {scheduler_job.py:182} INFO - Started process (PID=12967) to work on /home/airflow/sandbox/lib/python3.8/site-packages/airflow/example_dags/example_task_group.py
[2022-04-13 07:31:56,928] {scheduler_job.py:633} INFO - Processing file /home/airflow/sandbox/lib/python3.8/site-packages/airflow/example_dags/example_task_group.py for tasks to queue
[2022-04-13 07:31:56,931] {logging_mixin.py:104} INFO - [2022-04-13 07:31:56,931] {dagbag.py:487} INFO - Filling up the DagBag from /home/airflow/sandbox/lib/python3.8/site-packages/airflow/example_dags/example_task_group.py
[2022-04-13 07:31:56,959] {scheduler_job.py:643} INFO - DAG(s) dict_keys(['example_task_group']) retrieved from /home/airflow/sandbox/lib/python3.8/site-packages/airflow/example_dags/example_task_group.py
[2022-04-13 07:31:57,020] {logging_mixin.py:104} INFO - [2022-04-13 07:31:57,019] {dag.py:1832} INFO - Sync 1 DAGs
[2022-04-13 07:31:57,083] {logging_mixin.py:104} INFO - [2022-04-13 07:31:57,082] {dag.py:2305} INFO - Setting next_dagrun for example_task_group to 2022-04-11 00:00:00+00:00
[2022-04-13 07:31:57,117] {scheduler_job.py:190} INFO - Processing /home/airflow/sandbox/lib/python3.8/site-packages/airflow/example_dags/example_task_group.py took 0.204 seconds
[2022-04-13 07:32:27,838] {scheduler_job.py:182} INFO - Started process (PID=13183) to work on /home/airflow/sandbox/lib/python3.8/site-packages/airflow/example_dags/example_task_group.py
[2022-04-13 07:32:27,842] {scheduler_job.py:633} INFO - Processing file /home/airflow/sandbox/lib/python3.8/site-packages/airflow/example_dags/example_task_group.py for tasks to queue
[2022-04-13 07:32:27,843] {logging_mixin.py:104} INFO - [2022-04-13 07:32:27,843] {dagbag.py:487} INFO - Filling up the DagBag from /home/airflow/sandbox/lib/python3.8/site-packages/airflow/example_dags/example_task_group.py
[2022-04-13 07:32:27,909] {scheduler_job.py:643} INFO - DAG(s) dict_keys(['example_task_group']) retrieved from /home/airflow/sandbox/lib/python3.8/site-packages/airflow/example_dags/example_task_group.py
[2022-04-13 07:32:28,064] {logging_mixin.py:104} INFO - [2022-04-13 07:32:28,063] {dag.py:1832} INFO - Sync 1 DAGs
[2022-04-13 07:32:28,106] {logging_mixin.py:104} INFO - [2022-04-13 07:32:28,106] {dag.py:2305} INFO - Setting next_dagrun for example_task_group to 2022-04-11 00:00:00+00:00
[2022-04-13 07:32:28,166] {scheduler_job.py:190} INFO - Processing /home/airflow/sandbox/lib/python3.8/site-packages/airflow/example_dags/example_task_group.py took 0.364 seconds
