[2022-04-13 07:09:21,341] {scheduler_job.py:182} INFO - Started process (PID=2897) to work on /home/airflow/sandbox/lib/python3.8/site-packages/airflow/example_dags/example_trigger_controller_dag.py
[2022-04-13 07:09:21,342] {scheduler_job.py:633} INFO - Processing file /home/airflow/sandbox/lib/python3.8/site-packages/airflow/example_dags/example_trigger_controller_dag.py for tasks to queue
[2022-04-13 07:09:21,342] {logging_mixin.py:104} INFO - [2022-04-13 07:09:21,342] {dagbag.py:487} INFO - Filling up the DagBag from /home/airflow/sandbox/lib/python3.8/site-packages/airflow/example_dags/example_trigger_controller_dag.py
[2022-04-13 07:09:21,369] {scheduler_job.py:643} INFO - DAG(s) dict_keys(['example_trigger_controller_dag']) retrieved from /home/airflow/sandbox/lib/python3.8/site-packages/airflow/example_dags/example_trigger_controller_dag.py
[2022-04-13 07:09:22,516] {logging_mixin.py:104} INFO - [2022-04-13 07:09:22,516] {dag.py:1832} INFO - Sync 1 DAGs
[2022-04-13 07:09:22,572] {logging_mixin.py:104} INFO - [2022-04-13 07:09:22,572] {dag.py:2305} INFO - Setting next_dagrun for example_trigger_controller_dag to 2022-04-11 00:00:00+00:00
[2022-04-13 07:09:22,992] {scheduler_job.py:190} INFO - Processing /home/airflow/sandbox/lib/python3.8/site-packages/airflow/example_dags/example_trigger_controller_dag.py took 1.654 seconds
[2022-04-13 07:09:53,858] {scheduler_job.py:182} INFO - Started process (PID=3458) to work on /home/airflow/sandbox/lib/python3.8/site-packages/airflow/example_dags/example_trigger_controller_dag.py
[2022-04-13 07:09:53,862] {scheduler_job.py:633} INFO - Processing file /home/airflow/sandbox/lib/python3.8/site-packages/airflow/example_dags/example_trigger_controller_dag.py for tasks to queue
[2022-04-13 07:09:53,864] {logging_mixin.py:104} INFO - [2022-04-13 07:09:53,863] {dagbag.py:487} INFO - Filling up the DagBag from /home/airflow/sandbox/lib/python3.8/site-packages/airflow/example_dags/example_trigger_controller_dag.py
[2022-04-13 07:09:53,921] {scheduler_job.py:643} INFO - DAG(s) dict_keys(['example_trigger_controller_dag']) retrieved from /home/airflow/sandbox/lib/python3.8/site-packages/airflow/example_dags/example_trigger_controller_dag.py
[2022-04-13 07:09:54,035] {logging_mixin.py:104} INFO - [2022-04-13 07:09:54,035] {dag.py:1832} INFO - Sync 1 DAGs
[2022-04-13 07:09:54,113] {logging_mixin.py:104} INFO - [2022-04-13 07:09:54,113] {dag.py:2305} INFO - Setting next_dagrun for example_trigger_controller_dag to 2022-04-11 00:00:00+00:00
[2022-04-13 07:09:54,188] {scheduler_job.py:190} INFO - Processing /home/airflow/sandbox/lib/python3.8/site-packages/airflow/example_dags/example_trigger_controller_dag.py took 0.362 seconds
[2022-04-13 07:14:35,451] {scheduler_job.py:182} INFO - Started process (PID=5098) to work on /home/airflow/sandbox/lib/python3.8/site-packages/airflow/example_dags/example_trigger_controller_dag.py
[2022-04-13 07:14:35,454] {scheduler_job.py:633} INFO - Processing file /home/airflow/sandbox/lib/python3.8/site-packages/airflow/example_dags/example_trigger_controller_dag.py for tasks to queue
[2022-04-13 07:14:35,455] {logging_mixin.py:104} INFO - [2022-04-13 07:14:35,455] {dagbag.py:487} INFO - Filling up the DagBag from /home/airflow/sandbox/lib/python3.8/site-packages/airflow/example_dags/example_trigger_controller_dag.py
[2022-04-13 07:14:35,524] {scheduler_job.py:643} INFO - DAG(s) dict_keys(['example_trigger_controller_dag']) retrieved from /home/airflow/sandbox/lib/python3.8/site-packages/airflow/example_dags/example_trigger_controller_dag.py
[2022-04-13 07:14:35,683] {logging_mixin.py:104} INFO - [2022-04-13 07:14:35,682] {dag.py:1832} INFO - Sync 1 DAGs
[2022-04-13 07:14:35,793] {logging_mixin.py:104} INFO - [2022-04-13 07:14:35,793] {dag.py:2305} INFO - Setting next_dagrun for example_trigger_controller_dag to 2022-04-11 00:00:00+00:00
[2022-04-13 07:14:35,981] {scheduler_job.py:190} INFO - Processing /home/airflow/sandbox/lib/python3.8/site-packages/airflow/example_dags/example_trigger_controller_dag.py took 0.562 seconds
[2022-04-13 07:15:07,066] {scheduler_job.py:182} INFO - Started process (PID=5438) to work on /home/airflow/sandbox/lib/python3.8/site-packages/airflow/example_dags/example_trigger_controller_dag.py
[2022-04-13 07:15:07,081] {scheduler_job.py:633} INFO - Processing file /home/airflow/sandbox/lib/python3.8/site-packages/airflow/example_dags/example_trigger_controller_dag.py for tasks to queue
[2022-04-13 07:15:07,084] {logging_mixin.py:104} INFO - [2022-04-13 07:15:07,083] {dagbag.py:487} INFO - Filling up the DagBag from /home/airflow/sandbox/lib/python3.8/site-packages/airflow/example_dags/example_trigger_controller_dag.py
[2022-04-13 07:15:07,228] {scheduler_job.py:643} INFO - DAG(s) dict_keys(['example_trigger_controller_dag']) retrieved from /home/airflow/sandbox/lib/python3.8/site-packages/airflow/example_dags/example_trigger_controller_dag.py
[2022-04-13 07:15:07,453] {logging_mixin.py:104} INFO - [2022-04-13 07:15:07,453] {dag.py:1832} INFO - Sync 1 DAGs
[2022-04-13 07:15:07,511] {logging_mixin.py:104} INFO - [2022-04-13 07:15:07,510] {dag.py:2305} INFO - Setting next_dagrun for example_trigger_controller_dag to 2022-04-11 00:00:00+00:00
[2022-04-13 07:15:07,675] {scheduler_job.py:190} INFO - Processing /home/airflow/sandbox/lib/python3.8/site-packages/airflow/example_dags/example_trigger_controller_dag.py took 0.655 seconds
[2022-04-13 07:15:38,742] {scheduler_job.py:182} INFO - Started process (PID=5785) to work on /home/airflow/sandbox/lib/python3.8/site-packages/airflow/example_dags/example_trigger_controller_dag.py
[2022-04-13 07:15:38,820] {scheduler_job.py:633} INFO - Processing file /home/airflow/sandbox/lib/python3.8/site-packages/airflow/example_dags/example_trigger_controller_dag.py for tasks to queue
[2022-04-13 07:15:38,826] {logging_mixin.py:104} INFO - [2022-04-13 07:15:38,825] {dagbag.py:487} INFO - Filling up the DagBag from /home/airflow/sandbox/lib/python3.8/site-packages/airflow/example_dags/example_trigger_controller_dag.py
[2022-04-13 07:15:38,906] {scheduler_job.py:643} INFO - DAG(s) dict_keys(['example_trigger_controller_dag']) retrieved from /home/airflow/sandbox/lib/python3.8/site-packages/airflow/example_dags/example_trigger_controller_dag.py
[2022-04-13 07:15:39,095] {logging_mixin.py:104} INFO - [2022-04-13 07:15:39,094] {dag.py:1832} INFO - Sync 1 DAGs
[2022-04-13 07:15:39,240] {logging_mixin.py:104} INFO - [2022-04-13 07:15:39,240] {dag.py:2305} INFO - Setting next_dagrun for example_trigger_controller_dag to 2022-04-11 00:00:00+00:00
[2022-04-13 07:15:39,414] {scheduler_job.py:190} INFO - Processing /home/airflow/sandbox/lib/python3.8/site-packages/airflow/example_dags/example_trigger_controller_dag.py took 0.682 seconds
[2022-04-13 07:16:16,326] {scheduler_job.py:182} INFO - Started process (PID=6032) to work on /home/airflow/sandbox/lib/python3.8/site-packages/airflow/example_dags/example_trigger_controller_dag.py
[2022-04-13 07:16:16,329] {scheduler_job.py:633} INFO - Processing file /home/airflow/sandbox/lib/python3.8/site-packages/airflow/example_dags/example_trigger_controller_dag.py for tasks to queue
[2022-04-13 07:16:16,330] {logging_mixin.py:104} INFO - [2022-04-13 07:16:16,330] {dagbag.py:487} INFO - Filling up the DagBag from /home/airflow/sandbox/lib/python3.8/site-packages/airflow/example_dags/example_trigger_controller_dag.py
[2022-04-13 07:16:16,398] {scheduler_job.py:643} INFO - DAG(s) dict_keys(['example_trigger_controller_dag']) retrieved from /home/airflow/sandbox/lib/python3.8/site-packages/airflow/example_dags/example_trigger_controller_dag.py
[2022-04-13 07:16:16,578] {logging_mixin.py:104} INFO - [2022-04-13 07:16:16,578] {dag.py:1832} INFO - Sync 1 DAGs
[2022-04-13 07:16:16,648] {logging_mixin.py:104} INFO - [2022-04-13 07:16:16,648] {dag.py:2305} INFO - Setting next_dagrun for example_trigger_controller_dag to 2022-04-11 00:00:00+00:00
[2022-04-13 07:16:16,744] {scheduler_job.py:190} INFO - Processing /home/airflow/sandbox/lib/python3.8/site-packages/airflow/example_dags/example_trigger_controller_dag.py took 0.454 seconds
[2022-04-13 07:16:48,906] {scheduler_job.py:182} INFO - Started process (PID=6249) to work on /home/airflow/sandbox/lib/python3.8/site-packages/airflow/example_dags/example_trigger_controller_dag.py
[2022-04-13 07:16:48,954] {scheduler_job.py:633} INFO - Processing file /home/airflow/sandbox/lib/python3.8/site-packages/airflow/example_dags/example_trigger_controller_dag.py for tasks to queue
[2022-04-13 07:16:48,966] {logging_mixin.py:104} INFO - [2022-04-13 07:16:48,966] {dagbag.py:487} INFO - Filling up the DagBag from /home/airflow/sandbox/lib/python3.8/site-packages/airflow/example_dags/example_trigger_controller_dag.py
[2022-04-13 07:16:49,025] {scheduler_job.py:643} INFO - DAG(s) dict_keys(['example_trigger_controller_dag']) retrieved from /home/airflow/sandbox/lib/python3.8/site-packages/airflow/example_dags/example_trigger_controller_dag.py
[2022-04-13 07:16:49,170] {logging_mixin.py:104} INFO - [2022-04-13 07:16:49,170] {dag.py:1832} INFO - Sync 1 DAGs
[2022-04-13 07:16:49,255] {logging_mixin.py:104} INFO - [2022-04-13 07:16:49,255] {dag.py:2305} INFO - Setting next_dagrun for example_trigger_controller_dag to 2022-04-11 00:00:00+00:00
[2022-04-13 07:16:49,359] {scheduler_job.py:190} INFO - Processing /home/airflow/sandbox/lib/python3.8/site-packages/airflow/example_dags/example_trigger_controller_dag.py took 0.463 seconds
[2022-04-13 07:17:20,828] {scheduler_job.py:182} INFO - Started process (PID=6449) to work on /home/airflow/sandbox/lib/python3.8/site-packages/airflow/example_dags/example_trigger_controller_dag.py
[2022-04-13 07:17:20,843] {scheduler_job.py:633} INFO - Processing file /home/airflow/sandbox/lib/python3.8/site-packages/airflow/example_dags/example_trigger_controller_dag.py for tasks to queue
[2022-04-13 07:17:20,850] {logging_mixin.py:104} INFO - [2022-04-13 07:17:20,850] {dagbag.py:487} INFO - Filling up the DagBag from /home/airflow/sandbox/lib/python3.8/site-packages/airflow/example_dags/example_trigger_controller_dag.py
[2022-04-13 07:17:20,881] {scheduler_job.py:643} INFO - DAG(s) dict_keys(['example_trigger_controller_dag']) retrieved from /home/airflow/sandbox/lib/python3.8/site-packages/airflow/example_dags/example_trigger_controller_dag.py
[2022-04-13 07:17:21,047] {logging_mixin.py:104} INFO - [2022-04-13 07:17:21,046] {dag.py:1832} INFO - Sync 1 DAGs
[2022-04-13 07:17:21,082] {logging_mixin.py:104} INFO - [2022-04-13 07:17:21,081] {dag.py:2305} INFO - Setting next_dagrun for example_trigger_controller_dag to 2022-04-11 00:00:00+00:00
[2022-04-13 07:17:21,150] {scheduler_job.py:190} INFO - Processing /home/airflow/sandbox/lib/python3.8/site-packages/airflow/example_dags/example_trigger_controller_dag.py took 0.333 seconds
[2022-04-13 07:17:53,150] {scheduler_job.py:182} INFO - Started process (PID=6649) to work on /home/airflow/sandbox/lib/python3.8/site-packages/airflow/example_dags/example_trigger_controller_dag.py
[2022-04-13 07:17:53,174] {scheduler_job.py:633} INFO - Processing file /home/airflow/sandbox/lib/python3.8/site-packages/airflow/example_dags/example_trigger_controller_dag.py for tasks to queue
[2022-04-13 07:17:53,195] {logging_mixin.py:104} INFO - [2022-04-13 07:17:53,185] {dagbag.py:487} INFO - Filling up the DagBag from /home/airflow/sandbox/lib/python3.8/site-packages/airflow/example_dags/example_trigger_controller_dag.py
[2022-04-13 07:17:53,234] {scheduler_job.py:643} INFO - DAG(s) dict_keys(['example_trigger_controller_dag']) retrieved from /home/airflow/sandbox/lib/python3.8/site-packages/airflow/example_dags/example_trigger_controller_dag.py
[2022-04-13 07:17:53,308] {logging_mixin.py:104} INFO - [2022-04-13 07:17:53,307] {dag.py:1832} INFO - Sync 1 DAGs
[2022-04-13 07:17:53,343] {logging_mixin.py:104} INFO - [2022-04-13 07:17:53,343] {dag.py:2305} INFO - Setting next_dagrun for example_trigger_controller_dag to 2022-04-11 00:00:00+00:00
[2022-04-13 07:17:53,401] {scheduler_job.py:190} INFO - Processing /home/airflow/sandbox/lib/python3.8/site-packages/airflow/example_dags/example_trigger_controller_dag.py took 0.294 seconds
[2022-04-13 07:18:25,136] {scheduler_job.py:182} INFO - Started process (PID=6847) to work on /home/airflow/sandbox/lib/python3.8/site-packages/airflow/example_dags/example_trigger_controller_dag.py
[2022-04-13 07:18:25,148] {scheduler_job.py:633} INFO - Processing file /home/airflow/sandbox/lib/python3.8/site-packages/airflow/example_dags/example_trigger_controller_dag.py for tasks to queue
[2022-04-13 07:18:25,149] {logging_mixin.py:104} INFO - [2022-04-13 07:18:25,149] {dagbag.py:487} INFO - Filling up the DagBag from /home/airflow/sandbox/lib/python3.8/site-packages/airflow/example_dags/example_trigger_controller_dag.py
[2022-04-13 07:18:25,169] {scheduler_job.py:643} INFO - DAG(s) dict_keys(['example_trigger_controller_dag']) retrieved from /home/airflow/sandbox/lib/python3.8/site-packages/airflow/example_dags/example_trigger_controller_dag.py
[2022-04-13 07:18:25,385] {logging_mixin.py:104} INFO - [2022-04-13 07:18:25,385] {dag.py:1832} INFO - Sync 1 DAGs
[2022-04-13 07:18:25,498] {logging_mixin.py:104} INFO - [2022-04-13 07:18:25,497] {dag.py:2305} INFO - Setting next_dagrun for example_trigger_controller_dag to 2022-04-11 00:00:00+00:00
[2022-04-13 07:18:25,630] {scheduler_job.py:190} INFO - Processing /home/airflow/sandbox/lib/python3.8/site-packages/airflow/example_dags/example_trigger_controller_dag.py took 0.505 seconds
[2022-04-13 07:18:57,980] {scheduler_job.py:182} INFO - Started process (PID=7047) to work on /home/airflow/sandbox/lib/python3.8/site-packages/airflow/example_dags/example_trigger_controller_dag.py
[2022-04-13 07:18:58,006] {scheduler_job.py:633} INFO - Processing file /home/airflow/sandbox/lib/python3.8/site-packages/airflow/example_dags/example_trigger_controller_dag.py for tasks to queue
[2022-04-13 07:18:58,011] {logging_mixin.py:104} INFO - [2022-04-13 07:18:58,011] {dagbag.py:487} INFO - Filling up the DagBag from /home/airflow/sandbox/lib/python3.8/site-packages/airflow/example_dags/example_trigger_controller_dag.py
[2022-04-13 07:18:58,039] {scheduler_job.py:643} INFO - DAG(s) dict_keys(['example_trigger_controller_dag']) retrieved from /home/airflow/sandbox/lib/python3.8/site-packages/airflow/example_dags/example_trigger_controller_dag.py
[2022-04-13 07:18:58,195] {logging_mixin.py:104} INFO - [2022-04-13 07:18:58,194] {dag.py:1832} INFO - Sync 1 DAGs
[2022-04-13 07:18:58,307] {logging_mixin.py:104} INFO - [2022-04-13 07:18:58,307] {dag.py:2305} INFO - Setting next_dagrun for example_trigger_controller_dag to 2022-04-11 00:00:00+00:00
[2022-04-13 07:18:58,363] {scheduler_job.py:190} INFO - Processing /home/airflow/sandbox/lib/python3.8/site-packages/airflow/example_dags/example_trigger_controller_dag.py took 0.394 seconds
[2022-04-13 07:19:30,734] {scheduler_job.py:182} INFO - Started process (PID=7495) to work on /home/airflow/sandbox/lib/python3.8/site-packages/airflow/example_dags/example_trigger_controller_dag.py
[2022-04-13 07:19:30,759] {scheduler_job.py:633} INFO - Processing file /home/airflow/sandbox/lib/python3.8/site-packages/airflow/example_dags/example_trigger_controller_dag.py for tasks to queue
[2022-04-13 07:19:30,761] {logging_mixin.py:104} INFO - [2022-04-13 07:19:30,761] {dagbag.py:487} INFO - Filling up the DagBag from /home/airflow/sandbox/lib/python3.8/site-packages/airflow/example_dags/example_trigger_controller_dag.py
[2022-04-13 07:19:30,805] {scheduler_job.py:643} INFO - DAG(s) dict_keys(['example_trigger_controller_dag']) retrieved from /home/airflow/sandbox/lib/python3.8/site-packages/airflow/example_dags/example_trigger_controller_dag.py
[2022-04-13 07:19:30,971] {logging_mixin.py:104} INFO - [2022-04-13 07:19:30,971] {dag.py:1832} INFO - Sync 1 DAGs
[2022-04-13 07:19:31,043] {logging_mixin.py:104} INFO - [2022-04-13 07:19:31,043] {dag.py:2305} INFO - Setting next_dagrun for example_trigger_controller_dag to 2022-04-11 00:00:00+00:00
[2022-04-13 07:19:31,135] {scheduler_job.py:190} INFO - Processing /home/airflow/sandbox/lib/python3.8/site-packages/airflow/example_dags/example_trigger_controller_dag.py took 0.441 seconds
[2022-04-13 07:20:02,344] {scheduler_job.py:182} INFO - Started process (PID=7698) to work on /home/airflow/sandbox/lib/python3.8/site-packages/airflow/example_dags/example_trigger_controller_dag.py
[2022-04-13 07:20:02,371] {scheduler_job.py:633} INFO - Processing file /home/airflow/sandbox/lib/python3.8/site-packages/airflow/example_dags/example_trigger_controller_dag.py for tasks to queue
[2022-04-13 07:20:02,373] {logging_mixin.py:104} INFO - [2022-04-13 07:20:02,373] {dagbag.py:487} INFO - Filling up the DagBag from /home/airflow/sandbox/lib/python3.8/site-packages/airflow/example_dags/example_trigger_controller_dag.py
[2022-04-13 07:20:02,409] {scheduler_job.py:643} INFO - DAG(s) dict_keys(['example_trigger_controller_dag']) retrieved from /home/airflow/sandbox/lib/python3.8/site-packages/airflow/example_dags/example_trigger_controller_dag.py
[2022-04-13 07:20:02,567] {logging_mixin.py:104} INFO - [2022-04-13 07:20:02,567] {dag.py:1832} INFO - Sync 1 DAGs
[2022-04-13 07:20:02,639] {logging_mixin.py:104} INFO - [2022-04-13 07:20:02,639] {dag.py:2305} INFO - Setting next_dagrun for example_trigger_controller_dag to 2022-04-11 00:00:00+00:00
[2022-04-13 07:20:02,683] {scheduler_job.py:190} INFO - Processing /home/airflow/sandbox/lib/python3.8/site-packages/airflow/example_dags/example_trigger_controller_dag.py took 0.349 seconds
[2022-04-13 07:20:34,917] {scheduler_job.py:182} INFO - Started process (PID=7899) to work on /home/airflow/sandbox/lib/python3.8/site-packages/airflow/example_dags/example_trigger_controller_dag.py
[2022-04-13 07:20:34,920] {scheduler_job.py:633} INFO - Processing file /home/airflow/sandbox/lib/python3.8/site-packages/airflow/example_dags/example_trigger_controller_dag.py for tasks to queue
[2022-04-13 07:20:34,937] {logging_mixin.py:104} INFO - [2022-04-13 07:20:34,937] {dagbag.py:487} INFO - Filling up the DagBag from /home/airflow/sandbox/lib/python3.8/site-packages/airflow/example_dags/example_trigger_controller_dag.py
[2022-04-13 07:20:34,991] {scheduler_job.py:643} INFO - DAG(s) dict_keys(['example_trigger_controller_dag']) retrieved from /home/airflow/sandbox/lib/python3.8/site-packages/airflow/example_dags/example_trigger_controller_dag.py
[2022-04-13 07:20:35,117] {logging_mixin.py:104} INFO - [2022-04-13 07:20:35,116] {dag.py:1832} INFO - Sync 1 DAGs
[2022-04-13 07:20:35,161] {logging_mixin.py:104} INFO - [2022-04-13 07:20:35,161] {dag.py:2305} INFO - Setting next_dagrun for example_trigger_controller_dag to 2022-04-11 00:00:00+00:00
[2022-04-13 07:20:35,207] {scheduler_job.py:190} INFO - Processing /home/airflow/sandbox/lib/python3.8/site-packages/airflow/example_dags/example_trigger_controller_dag.py took 0.311 seconds
[2022-04-13 07:21:05,867] {scheduler_job.py:182} INFO - Started process (PID=8098) to work on /home/airflow/sandbox/lib/python3.8/site-packages/airflow/example_dags/example_trigger_controller_dag.py
[2022-04-13 07:21:05,883] {scheduler_job.py:633} INFO - Processing file /home/airflow/sandbox/lib/python3.8/site-packages/airflow/example_dags/example_trigger_controller_dag.py for tasks to queue
[2022-04-13 07:21:05,885] {logging_mixin.py:104} INFO - [2022-04-13 07:21:05,884] {dagbag.py:487} INFO - Filling up the DagBag from /home/airflow/sandbox/lib/python3.8/site-packages/airflow/example_dags/example_trigger_controller_dag.py
[2022-04-13 07:21:05,954] {scheduler_job.py:643} INFO - DAG(s) dict_keys(['example_trigger_controller_dag']) retrieved from /home/airflow/sandbox/lib/python3.8/site-packages/airflow/example_dags/example_trigger_controller_dag.py
[2022-04-13 07:21:06,149] {logging_mixin.py:104} INFO - [2022-04-13 07:21:06,149] {dag.py:1832} INFO - Sync 1 DAGs
[2022-04-13 07:21:06,212] {logging_mixin.py:104} INFO - [2022-04-13 07:21:06,212] {dag.py:2305} INFO - Setting next_dagrun for example_trigger_controller_dag to 2022-04-11 00:00:00+00:00
[2022-04-13 07:21:06,356] {scheduler_job.py:190} INFO - Processing /home/airflow/sandbox/lib/python3.8/site-packages/airflow/example_dags/example_trigger_controller_dag.py took 0.499 seconds
[2022-04-13 07:21:36,491] {scheduler_job.py:182} INFO - Started process (PID=8288) to work on /home/airflow/sandbox/lib/python3.8/site-packages/airflow/example_dags/example_trigger_controller_dag.py
[2022-04-13 07:21:36,521] {scheduler_job.py:633} INFO - Processing file /home/airflow/sandbox/lib/python3.8/site-packages/airflow/example_dags/example_trigger_controller_dag.py for tasks to queue
[2022-04-13 07:21:36,523] {logging_mixin.py:104} INFO - [2022-04-13 07:21:36,523] {dagbag.py:487} INFO - Filling up the DagBag from /home/airflow/sandbox/lib/python3.8/site-packages/airflow/example_dags/example_trigger_controller_dag.py
[2022-04-13 07:21:36,556] {scheduler_job.py:643} INFO - DAG(s) dict_keys(['example_trigger_controller_dag']) retrieved from /home/airflow/sandbox/lib/python3.8/site-packages/airflow/example_dags/example_trigger_controller_dag.py
[2022-04-13 07:21:36,700] {logging_mixin.py:104} INFO - [2022-04-13 07:21:36,700] {dag.py:1832} INFO - Sync 1 DAGs
[2022-04-13 07:21:36,763] {logging_mixin.py:104} INFO - [2022-04-13 07:21:36,762] {dag.py:2305} INFO - Setting next_dagrun for example_trigger_controller_dag to 2022-04-11 00:00:00+00:00
[2022-04-13 07:21:36,861] {scheduler_job.py:190} INFO - Processing /home/airflow/sandbox/lib/python3.8/site-packages/airflow/example_dags/example_trigger_controller_dag.py took 0.379 seconds
[2022-04-13 07:22:07,448] {scheduler_job.py:182} INFO - Started process (PID=8488) to work on /home/airflow/sandbox/lib/python3.8/site-packages/airflow/example_dags/example_trigger_controller_dag.py
[2022-04-13 07:22:07,458] {scheduler_job.py:633} INFO - Processing file /home/airflow/sandbox/lib/python3.8/site-packages/airflow/example_dags/example_trigger_controller_dag.py for tasks to queue
[2022-04-13 07:22:07,462] {logging_mixin.py:104} INFO - [2022-04-13 07:22:07,462] {dagbag.py:487} INFO - Filling up the DagBag from /home/airflow/sandbox/lib/python3.8/site-packages/airflow/example_dags/example_trigger_controller_dag.py
[2022-04-13 07:22:07,512] {scheduler_job.py:643} INFO - DAG(s) dict_keys(['example_trigger_controller_dag']) retrieved from /home/airflow/sandbox/lib/python3.8/site-packages/airflow/example_dags/example_trigger_controller_dag.py
[2022-04-13 07:22:07,671] {logging_mixin.py:104} INFO - [2022-04-13 07:22:07,671] {dag.py:1832} INFO - Sync 1 DAGs
[2022-04-13 07:22:07,767] {logging_mixin.py:104} INFO - [2022-04-13 07:22:07,767] {dag.py:2305} INFO - Setting next_dagrun for example_trigger_controller_dag to 2022-04-11 00:00:00+00:00
[2022-04-13 07:22:07,886] {scheduler_job.py:190} INFO - Processing /home/airflow/sandbox/lib/python3.8/site-packages/airflow/example_dags/example_trigger_controller_dag.py took 0.456 seconds
[2022-04-13 07:22:39,017] {scheduler_job.py:182} INFO - Started process (PID=8691) to work on /home/airflow/sandbox/lib/python3.8/site-packages/airflow/example_dags/example_trigger_controller_dag.py
[2022-04-13 07:22:39,029] {scheduler_job.py:633} INFO - Processing file /home/airflow/sandbox/lib/python3.8/site-packages/airflow/example_dags/example_trigger_controller_dag.py for tasks to queue
[2022-04-13 07:22:39,030] {logging_mixin.py:104} INFO - [2022-04-13 07:22:39,030] {dagbag.py:487} INFO - Filling up the DagBag from /home/airflow/sandbox/lib/python3.8/site-packages/airflow/example_dags/example_trigger_controller_dag.py
[2022-04-13 07:22:39,053] {scheduler_job.py:643} INFO - DAG(s) dict_keys(['example_trigger_controller_dag']) retrieved from /home/airflow/sandbox/lib/python3.8/site-packages/airflow/example_dags/example_trigger_controller_dag.py
[2022-04-13 07:22:39,120] {logging_mixin.py:104} INFO - [2022-04-13 07:22:39,120] {dag.py:1832} INFO - Sync 1 DAGs
[2022-04-13 07:22:39,172] {logging_mixin.py:104} INFO - [2022-04-13 07:22:39,172] {dag.py:2305} INFO - Setting next_dagrun for example_trigger_controller_dag to 2022-04-11 00:00:00+00:00
[2022-04-13 07:22:39,231] {scheduler_job.py:190} INFO - Processing /home/airflow/sandbox/lib/python3.8/site-packages/airflow/example_dags/example_trigger_controller_dag.py took 0.223 seconds
[2022-04-13 07:23:10,158] {scheduler_job.py:182} INFO - Started process (PID=8890) to work on /home/airflow/sandbox/lib/python3.8/site-packages/airflow/example_dags/example_trigger_controller_dag.py
[2022-04-13 07:23:10,161] {scheduler_job.py:633} INFO - Processing file /home/airflow/sandbox/lib/python3.8/site-packages/airflow/example_dags/example_trigger_controller_dag.py for tasks to queue
[2022-04-13 07:23:10,163] {logging_mixin.py:104} INFO - [2022-04-13 07:23:10,163] {dagbag.py:487} INFO - Filling up the DagBag from /home/airflow/sandbox/lib/python3.8/site-packages/airflow/example_dags/example_trigger_controller_dag.py
[2022-04-13 07:23:10,199] {scheduler_job.py:643} INFO - DAG(s) dict_keys(['example_trigger_controller_dag']) retrieved from /home/airflow/sandbox/lib/python3.8/site-packages/airflow/example_dags/example_trigger_controller_dag.py
[2022-04-13 07:23:10,385] {logging_mixin.py:104} INFO - [2022-04-13 07:23:10,384] {dag.py:1832} INFO - Sync 1 DAGs
[2022-04-13 07:23:10,458] {logging_mixin.py:104} INFO - [2022-04-13 07:23:10,458] {dag.py:2305} INFO - Setting next_dagrun for example_trigger_controller_dag to 2022-04-11 00:00:00+00:00
[2022-04-13 07:23:10,709] {scheduler_job.py:190} INFO - Processing /home/airflow/sandbox/lib/python3.8/site-packages/airflow/example_dags/example_trigger_controller_dag.py took 0.561 seconds
[2022-04-13 07:23:41,442] {scheduler_job.py:182} INFO - Started process (PID=9086) to work on /home/airflow/sandbox/lib/python3.8/site-packages/airflow/example_dags/example_trigger_controller_dag.py
[2022-04-13 07:23:41,456] {scheduler_job.py:633} INFO - Processing file /home/airflow/sandbox/lib/python3.8/site-packages/airflow/example_dags/example_trigger_controller_dag.py for tasks to queue
[2022-04-13 07:23:41,457] {logging_mixin.py:104} INFO - [2022-04-13 07:23:41,457] {dagbag.py:487} INFO - Filling up the DagBag from /home/airflow/sandbox/lib/python3.8/site-packages/airflow/example_dags/example_trigger_controller_dag.py
[2022-04-13 07:23:41,492] {scheduler_job.py:643} INFO - DAG(s) dict_keys(['example_trigger_controller_dag']) retrieved from /home/airflow/sandbox/lib/python3.8/site-packages/airflow/example_dags/example_trigger_controller_dag.py
[2022-04-13 07:23:41,619] {logging_mixin.py:104} INFO - [2022-04-13 07:23:41,618] {dag.py:1832} INFO - Sync 1 DAGs
[2022-04-13 07:23:41,719] {logging_mixin.py:104} INFO - [2022-04-13 07:23:41,718] {dag.py:2305} INFO - Setting next_dagrun for example_trigger_controller_dag to 2022-04-11 00:00:00+00:00
[2022-04-13 07:23:41,821] {scheduler_job.py:190} INFO - Processing /home/airflow/sandbox/lib/python3.8/site-packages/airflow/example_dags/example_trigger_controller_dag.py took 0.392 seconds
[2022-04-13 07:24:12,351] {scheduler_job.py:182} INFO - Started process (PID=9284) to work on /home/airflow/sandbox/lib/python3.8/site-packages/airflow/example_dags/example_trigger_controller_dag.py
[2022-04-13 07:24:12,353] {scheduler_job.py:633} INFO - Processing file /home/airflow/sandbox/lib/python3.8/site-packages/airflow/example_dags/example_trigger_controller_dag.py for tasks to queue
[2022-04-13 07:24:12,354] {logging_mixin.py:104} INFO - [2022-04-13 07:24:12,354] {dagbag.py:487} INFO - Filling up the DagBag from /home/airflow/sandbox/lib/python3.8/site-packages/airflow/example_dags/example_trigger_controller_dag.py
[2022-04-13 07:24:12,373] {scheduler_job.py:643} INFO - DAG(s) dict_keys(['example_trigger_controller_dag']) retrieved from /home/airflow/sandbox/lib/python3.8/site-packages/airflow/example_dags/example_trigger_controller_dag.py
[2022-04-13 07:24:12,423] {logging_mixin.py:104} INFO - [2022-04-13 07:24:12,423] {dag.py:1832} INFO - Sync 1 DAGs
[2022-04-13 07:24:12,443] {logging_mixin.py:104} INFO - [2022-04-13 07:24:12,443] {dag.py:2305} INFO - Setting next_dagrun for example_trigger_controller_dag to 2022-04-11 00:00:00+00:00
[2022-04-13 07:24:12,464] {scheduler_job.py:190} INFO - Processing /home/airflow/sandbox/lib/python3.8/site-packages/airflow/example_dags/example_trigger_controller_dag.py took 0.122 seconds
[2022-04-13 07:24:42,881] {scheduler_job.py:182} INFO - Started process (PID=9727) to work on /home/airflow/sandbox/lib/python3.8/site-packages/airflow/example_dags/example_trigger_controller_dag.py
[2022-04-13 07:24:42,886] {scheduler_job.py:633} INFO - Processing file /home/airflow/sandbox/lib/python3.8/site-packages/airflow/example_dags/example_trigger_controller_dag.py for tasks to queue
[2022-04-13 07:24:42,888] {logging_mixin.py:104} INFO - [2022-04-13 07:24:42,888] {dagbag.py:487} INFO - Filling up the DagBag from /home/airflow/sandbox/lib/python3.8/site-packages/airflow/example_dags/example_trigger_controller_dag.py
[2022-04-13 07:24:42,913] {scheduler_job.py:643} INFO - DAG(s) dict_keys(['example_trigger_controller_dag']) retrieved from /home/airflow/sandbox/lib/python3.8/site-packages/airflow/example_dags/example_trigger_controller_dag.py
[2022-04-13 07:24:42,985] {logging_mixin.py:104} INFO - [2022-04-13 07:24:42,985] {dag.py:1832} INFO - Sync 1 DAGs
[2022-04-13 07:24:43,232] {logging_mixin.py:104} INFO - [2022-04-13 07:24:43,232] {dag.py:2305} INFO - Setting next_dagrun for example_trigger_controller_dag to 2022-04-11 00:00:00+00:00
[2022-04-13 07:24:43,273] {scheduler_job.py:190} INFO - Processing /home/airflow/sandbox/lib/python3.8/site-packages/airflow/example_dags/example_trigger_controller_dag.py took 0.403 seconds
[2022-04-13 07:25:13,356] {scheduler_job.py:182} INFO - Started process (PID=9926) to work on /home/airflow/sandbox/lib/python3.8/site-packages/airflow/example_dags/example_trigger_controller_dag.py
[2022-04-13 07:25:13,388] {scheduler_job.py:633} INFO - Processing file /home/airflow/sandbox/lib/python3.8/site-packages/airflow/example_dags/example_trigger_controller_dag.py for tasks to queue
[2022-04-13 07:25:13,391] {logging_mixin.py:104} INFO - [2022-04-13 07:25:13,391] {dagbag.py:487} INFO - Filling up the DagBag from /home/airflow/sandbox/lib/python3.8/site-packages/airflow/example_dags/example_trigger_controller_dag.py
[2022-04-13 07:25:13,455] {scheduler_job.py:643} INFO - DAG(s) dict_keys(['example_trigger_controller_dag']) retrieved from /home/airflow/sandbox/lib/python3.8/site-packages/airflow/example_dags/example_trigger_controller_dag.py
[2022-04-13 07:25:13,597] {logging_mixin.py:104} INFO - [2022-04-13 07:25:13,596] {dag.py:1832} INFO - Sync 1 DAGs
[2022-04-13 07:25:13,991] {logging_mixin.py:104} INFO - [2022-04-13 07:25:13,991] {dag.py:2305} INFO - Setting next_dagrun for example_trigger_controller_dag to 2022-04-11 00:00:00+00:00
[2022-04-13 07:25:14,134] {scheduler_job.py:190} INFO - Processing /home/airflow/sandbox/lib/python3.8/site-packages/airflow/example_dags/example_trigger_controller_dag.py took 0.787 seconds
[2022-04-13 07:25:44,281] {scheduler_job.py:182} INFO - Started process (PID=10121) to work on /home/airflow/sandbox/lib/python3.8/site-packages/airflow/example_dags/example_trigger_controller_dag.py
[2022-04-13 07:25:44,286] {scheduler_job.py:633} INFO - Processing file /home/airflow/sandbox/lib/python3.8/site-packages/airflow/example_dags/example_trigger_controller_dag.py for tasks to queue
[2022-04-13 07:25:44,300] {logging_mixin.py:104} INFO - [2022-04-13 07:25:44,300] {dagbag.py:487} INFO - Filling up the DagBag from /home/airflow/sandbox/lib/python3.8/site-packages/airflow/example_dags/example_trigger_controller_dag.py
[2022-04-13 07:25:44,332] {scheduler_job.py:643} INFO - DAG(s) dict_keys(['example_trigger_controller_dag']) retrieved from /home/airflow/sandbox/lib/python3.8/site-packages/airflow/example_dags/example_trigger_controller_dag.py
[2022-04-13 07:25:44,404] {logging_mixin.py:104} INFO - [2022-04-13 07:25:44,404] {dag.py:1832} INFO - Sync 1 DAGs
[2022-04-13 07:25:44,574] {logging_mixin.py:104} INFO - [2022-04-13 07:25:44,573] {dag.py:2305} INFO - Setting next_dagrun for example_trigger_controller_dag to 2022-04-11 00:00:00+00:00
[2022-04-13 07:25:44,603] {scheduler_job.py:190} INFO - Processing /home/airflow/sandbox/lib/python3.8/site-packages/airflow/example_dags/example_trigger_controller_dag.py took 0.404 seconds
[2022-04-13 07:26:14,734] {scheduler_job.py:182} INFO - Started process (PID=10321) to work on /home/airflow/sandbox/lib/python3.8/site-packages/airflow/example_dags/example_trigger_controller_dag.py
[2022-04-13 07:26:14,752] {scheduler_job.py:633} INFO - Processing file /home/airflow/sandbox/lib/python3.8/site-packages/airflow/example_dags/example_trigger_controller_dag.py for tasks to queue
[2022-04-13 07:26:14,761] {logging_mixin.py:104} INFO - [2022-04-13 07:26:14,760] {dagbag.py:487} INFO - Filling up the DagBag from /home/airflow/sandbox/lib/python3.8/site-packages/airflow/example_dags/example_trigger_controller_dag.py
[2022-04-13 07:26:14,825] {scheduler_job.py:643} INFO - DAG(s) dict_keys(['example_trigger_controller_dag']) retrieved from /home/airflow/sandbox/lib/python3.8/site-packages/airflow/example_dags/example_trigger_controller_dag.py
[2022-04-13 07:26:14,959] {logging_mixin.py:104} INFO - [2022-04-13 07:26:14,959] {dag.py:1832} INFO - Sync 1 DAGs
[2022-04-13 07:26:15,192] {logging_mixin.py:104} INFO - [2022-04-13 07:26:15,192] {dag.py:2305} INFO - Setting next_dagrun for example_trigger_controller_dag to 2022-04-11 00:00:00+00:00
[2022-04-13 07:26:15,236] {scheduler_job.py:190} INFO - Processing /home/airflow/sandbox/lib/python3.8/site-packages/airflow/example_dags/example_trigger_controller_dag.py took 0.511 seconds
[2022-04-13 07:26:45,463] {scheduler_job.py:182} INFO - Started process (PID=10517) to work on /home/airflow/sandbox/lib/python3.8/site-packages/airflow/example_dags/example_trigger_controller_dag.py
[2022-04-13 07:26:45,472] {scheduler_job.py:633} INFO - Processing file /home/airflow/sandbox/lib/python3.8/site-packages/airflow/example_dags/example_trigger_controller_dag.py for tasks to queue
[2022-04-13 07:26:45,487] {logging_mixin.py:104} INFO - [2022-04-13 07:26:45,487] {dagbag.py:487} INFO - Filling up the DagBag from /home/airflow/sandbox/lib/python3.8/site-packages/airflow/example_dags/example_trigger_controller_dag.py
[2022-04-13 07:26:45,536] {scheduler_job.py:643} INFO - DAG(s) dict_keys(['example_trigger_controller_dag']) retrieved from /home/airflow/sandbox/lib/python3.8/site-packages/airflow/example_dags/example_trigger_controller_dag.py
[2022-04-13 07:26:45,667] {logging_mixin.py:104} INFO - [2022-04-13 07:26:45,666] {dag.py:1832} INFO - Sync 1 DAGs
[2022-04-13 07:26:46,047] {logging_mixin.py:104} INFO - [2022-04-13 07:26:46,046] {dag.py:2305} INFO - Setting next_dagrun for example_trigger_controller_dag to 2022-04-11 00:00:00+00:00
[2022-04-13 07:26:46,120] {scheduler_job.py:190} INFO - Processing /home/airflow/sandbox/lib/python3.8/site-packages/airflow/example_dags/example_trigger_controller_dag.py took 0.668 seconds
[2022-04-13 07:27:16,235] {scheduler_job.py:182} INFO - Started process (PID=10716) to work on /home/airflow/sandbox/lib/python3.8/site-packages/airflow/example_dags/example_trigger_controller_dag.py
[2022-04-13 07:27:16,249] {scheduler_job.py:633} INFO - Processing file /home/airflow/sandbox/lib/python3.8/site-packages/airflow/example_dags/example_trigger_controller_dag.py for tasks to queue
[2022-04-13 07:27:16,250] {logging_mixin.py:104} INFO - [2022-04-13 07:27:16,250] {dagbag.py:487} INFO - Filling up the DagBag from /home/airflow/sandbox/lib/python3.8/site-packages/airflow/example_dags/example_trigger_controller_dag.py
[2022-04-13 07:27:16,300] {scheduler_job.py:643} INFO - DAG(s) dict_keys(['example_trigger_controller_dag']) retrieved from /home/airflow/sandbox/lib/python3.8/site-packages/airflow/example_dags/example_trigger_controller_dag.py
[2022-04-13 07:27:16,469] {logging_mixin.py:104} INFO - [2022-04-13 07:27:16,469] {dag.py:1832} INFO - Sync 1 DAGs
[2022-04-13 07:27:16,794] {logging_mixin.py:104} INFO - [2022-04-13 07:27:16,794] {dag.py:2305} INFO - Setting next_dagrun for example_trigger_controller_dag to 2022-04-11 00:00:00+00:00
[2022-04-13 07:27:16,912] {scheduler_job.py:190} INFO - Processing /home/airflow/sandbox/lib/python3.8/site-packages/airflow/example_dags/example_trigger_controller_dag.py took 0.693 seconds
[2022-04-13 07:27:47,564] {scheduler_job.py:182} INFO - Started process (PID=10916) to work on /home/airflow/sandbox/lib/python3.8/site-packages/airflow/example_dags/example_trigger_controller_dag.py
[2022-04-13 07:27:47,592] {scheduler_job.py:633} INFO - Processing file /home/airflow/sandbox/lib/python3.8/site-packages/airflow/example_dags/example_trigger_controller_dag.py for tasks to queue
[2022-04-13 07:27:47,594] {logging_mixin.py:104} INFO - [2022-04-13 07:27:47,594] {dagbag.py:487} INFO - Filling up the DagBag from /home/airflow/sandbox/lib/python3.8/site-packages/airflow/example_dags/example_trigger_controller_dag.py
[2022-04-13 07:27:47,632] {scheduler_job.py:643} INFO - DAG(s) dict_keys(['example_trigger_controller_dag']) retrieved from /home/airflow/sandbox/lib/python3.8/site-packages/airflow/example_dags/example_trigger_controller_dag.py
[2022-04-13 07:27:48,141] {logging_mixin.py:104} INFO - [2022-04-13 07:27:48,141] {dag.py:1832} INFO - Sync 1 DAGs
[2022-04-13 07:27:48,202] {logging_mixin.py:104} INFO - [2022-04-13 07:27:48,201] {dag.py:2305} INFO - Setting next_dagrun for example_trigger_controller_dag to 2022-04-11 00:00:00+00:00
[2022-04-13 07:27:48,267] {scheduler_job.py:190} INFO - Processing /home/airflow/sandbox/lib/python3.8/site-packages/airflow/example_dags/example_trigger_controller_dag.py took 0.707 seconds
[2022-04-13 07:28:18,794] {scheduler_job.py:182} INFO - Started process (PID=11115) to work on /home/airflow/sandbox/lib/python3.8/site-packages/airflow/example_dags/example_trigger_controller_dag.py
[2022-04-13 07:28:18,810] {scheduler_job.py:633} INFO - Processing file /home/airflow/sandbox/lib/python3.8/site-packages/airflow/example_dags/example_trigger_controller_dag.py for tasks to queue
[2022-04-13 07:28:18,811] {logging_mixin.py:104} INFO - [2022-04-13 07:28:18,811] {dagbag.py:487} INFO - Filling up the DagBag from /home/airflow/sandbox/lib/python3.8/site-packages/airflow/example_dags/example_trigger_controller_dag.py
[2022-04-13 07:28:18,856] {scheduler_job.py:643} INFO - DAG(s) dict_keys(['example_trigger_controller_dag']) retrieved from /home/airflow/sandbox/lib/python3.8/site-packages/airflow/example_dags/example_trigger_controller_dag.py
[2022-04-13 07:28:19,301] {logging_mixin.py:104} INFO - [2022-04-13 07:28:19,301] {dag.py:1832} INFO - Sync 1 DAGs
[2022-04-13 07:28:19,353] {logging_mixin.py:104} INFO - [2022-04-13 07:28:19,353] {dag.py:2305} INFO - Setting next_dagrun for example_trigger_controller_dag to 2022-04-11 00:00:00+00:00
[2022-04-13 07:28:19,410] {scheduler_job.py:190} INFO - Processing /home/airflow/sandbox/lib/python3.8/site-packages/airflow/example_dags/example_trigger_controller_dag.py took 0.625 seconds
[2022-04-13 07:28:49,938] {scheduler_job.py:182} INFO - Started process (PID=11314) to work on /home/airflow/sandbox/lib/python3.8/site-packages/airflow/example_dags/example_trigger_controller_dag.py
[2022-04-13 07:28:49,979] {scheduler_job.py:633} INFO - Processing file /home/airflow/sandbox/lib/python3.8/site-packages/airflow/example_dags/example_trigger_controller_dag.py for tasks to queue
[2022-04-13 07:28:49,981] {logging_mixin.py:104} INFO - [2022-04-13 07:28:49,981] {dagbag.py:487} INFO - Filling up the DagBag from /home/airflow/sandbox/lib/python3.8/site-packages/airflow/example_dags/example_trigger_controller_dag.py
[2022-04-13 07:28:50,036] {scheduler_job.py:643} INFO - DAG(s) dict_keys(['example_trigger_controller_dag']) retrieved from /home/airflow/sandbox/lib/python3.8/site-packages/airflow/example_dags/example_trigger_controller_dag.py
[2022-04-13 07:28:50,512] {logging_mixin.py:104} INFO - [2022-04-13 07:28:50,512] {dag.py:1832} INFO - Sync 1 DAGs
[2022-04-13 07:28:50,582] {logging_mixin.py:104} INFO - [2022-04-13 07:28:50,581] {dag.py:2305} INFO - Setting next_dagrun for example_trigger_controller_dag to 2022-04-11 00:00:00+00:00
[2022-04-13 07:28:50,647] {scheduler_job.py:190} INFO - Processing /home/airflow/sandbox/lib/python3.8/site-packages/airflow/example_dags/example_trigger_controller_dag.py took 0.718 seconds
[2022-04-13 07:29:21,349] {scheduler_job.py:182} INFO - Started process (PID=11635) to work on /home/airflow/sandbox/lib/python3.8/site-packages/airflow/example_dags/example_trigger_controller_dag.py
[2022-04-13 07:29:21,374] {scheduler_job.py:633} INFO - Processing file /home/airflow/sandbox/lib/python3.8/site-packages/airflow/example_dags/example_trigger_controller_dag.py for tasks to queue
[2022-04-13 07:29:21,392] {logging_mixin.py:104} INFO - [2022-04-13 07:29:21,392] {dagbag.py:487} INFO - Filling up the DagBag from /home/airflow/sandbox/lib/python3.8/site-packages/airflow/example_dags/example_trigger_controller_dag.py
[2022-04-13 07:29:21,732] {scheduler_job.py:643} INFO - DAG(s) dict_keys(['example_trigger_controller_dag']) retrieved from /home/airflow/sandbox/lib/python3.8/site-packages/airflow/example_dags/example_trigger_controller_dag.py
[2022-04-13 07:29:21,840] {logging_mixin.py:104} INFO - [2022-04-13 07:29:21,840] {dag.py:1832} INFO - Sync 1 DAGs
[2022-04-13 07:29:21,889] {logging_mixin.py:104} INFO - [2022-04-13 07:29:21,888] {dag.py:2305} INFO - Setting next_dagrun for example_trigger_controller_dag to 2022-04-11 00:00:00+00:00
[2022-04-13 07:29:21,953] {scheduler_job.py:190} INFO - Processing /home/airflow/sandbox/lib/python3.8/site-packages/airflow/example_dags/example_trigger_controller_dag.py took 0.613 seconds
[2022-04-13 07:29:52,280] {scheduler_job.py:182} INFO - Started process (PID=11953) to work on /home/airflow/sandbox/lib/python3.8/site-packages/airflow/example_dags/example_trigger_controller_dag.py
[2022-04-13 07:29:52,289] {scheduler_job.py:633} INFO - Processing file /home/airflow/sandbox/lib/python3.8/site-packages/airflow/example_dags/example_trigger_controller_dag.py for tasks to queue
[2022-04-13 07:29:52,291] {logging_mixin.py:104} INFO - [2022-04-13 07:29:52,291] {dagbag.py:487} INFO - Filling up the DagBag from /home/airflow/sandbox/lib/python3.8/site-packages/airflow/example_dags/example_trigger_controller_dag.py
[2022-04-13 07:29:52,686] {scheduler_job.py:643} INFO - DAG(s) dict_keys(['example_trigger_controller_dag']) retrieved from /home/airflow/sandbox/lib/python3.8/site-packages/airflow/example_dags/example_trigger_controller_dag.py
[2022-04-13 07:29:52,806] {logging_mixin.py:104} INFO - [2022-04-13 07:29:52,805] {dag.py:1832} INFO - Sync 1 DAGs
[2022-04-13 07:29:52,884] {logging_mixin.py:104} INFO - [2022-04-13 07:29:52,884] {dag.py:2305} INFO - Setting next_dagrun for example_trigger_controller_dag to 2022-04-11 00:00:00+00:00
[2022-04-13 07:29:52,957] {scheduler_job.py:190} INFO - Processing /home/airflow/sandbox/lib/python3.8/site-packages/airflow/example_dags/example_trigger_controller_dag.py took 0.706 seconds
[2022-04-13 07:30:23,231] {scheduler_job.py:182} INFO - Started process (PID=12153) to work on /home/airflow/sandbox/lib/python3.8/site-packages/airflow/example_dags/example_trigger_controller_dag.py
[2022-04-13 07:30:23,239] {scheduler_job.py:633} INFO - Processing file /home/airflow/sandbox/lib/python3.8/site-packages/airflow/example_dags/example_trigger_controller_dag.py for tasks to queue
[2022-04-13 07:30:23,247] {logging_mixin.py:104} INFO - [2022-04-13 07:30:23,247] {dagbag.py:487} INFO - Filling up the DagBag from /home/airflow/sandbox/lib/python3.8/site-packages/airflow/example_dags/example_trigger_controller_dag.py
[2022-04-13 07:30:23,602] {scheduler_job.py:643} INFO - DAG(s) dict_keys(['example_trigger_controller_dag']) retrieved from /home/airflow/sandbox/lib/python3.8/site-packages/airflow/example_dags/example_trigger_controller_dag.py
[2022-04-13 07:30:23,762] {logging_mixin.py:104} INFO - [2022-04-13 07:30:23,762] {dag.py:1832} INFO - Sync 1 DAGs
[2022-04-13 07:30:23,819] {logging_mixin.py:104} INFO - [2022-04-13 07:30:23,819] {dag.py:2305} INFO - Setting next_dagrun for example_trigger_controller_dag to 2022-04-11 00:00:00+00:00
[2022-04-13 07:30:24,017] {scheduler_job.py:190} INFO - Processing /home/airflow/sandbox/lib/python3.8/site-packages/airflow/example_dags/example_trigger_controller_dag.py took 0.796 seconds
[2022-04-13 07:30:54,446] {scheduler_job.py:182} INFO - Started process (PID=12357) to work on /home/airflow/sandbox/lib/python3.8/site-packages/airflow/example_dags/example_trigger_controller_dag.py
[2022-04-13 07:30:54,449] {scheduler_job.py:633} INFO - Processing file /home/airflow/sandbox/lib/python3.8/site-packages/airflow/example_dags/example_trigger_controller_dag.py for tasks to queue
[2022-04-13 07:30:54,451] {logging_mixin.py:104} INFO - [2022-04-13 07:30:54,450] {dagbag.py:487} INFO - Filling up the DagBag from /home/airflow/sandbox/lib/python3.8/site-packages/airflow/example_dags/example_trigger_controller_dag.py
[2022-04-13 07:30:54,649] {scheduler_job.py:643} INFO - DAG(s) dict_keys(['example_trigger_controller_dag']) retrieved from /home/airflow/sandbox/lib/python3.8/site-packages/airflow/example_dags/example_trigger_controller_dag.py
[2022-04-13 07:30:54,740] {logging_mixin.py:104} INFO - [2022-04-13 07:30:54,740] {dag.py:1832} INFO - Sync 1 DAGs
[2022-04-13 07:30:54,790] {logging_mixin.py:104} INFO - [2022-04-13 07:30:54,790] {dag.py:2305} INFO - Setting next_dagrun for example_trigger_controller_dag to 2022-04-11 00:00:00+00:00
[2022-04-13 07:30:54,811] {scheduler_job.py:190} INFO - Processing /home/airflow/sandbox/lib/python3.8/site-packages/airflow/example_dags/example_trigger_controller_dag.py took 0.377 seconds
[2022-04-13 07:31:28,380] {scheduler_job.py:182} INFO - Started process (PID=12642) to work on /home/airflow/sandbox/lib/python3.8/site-packages/airflow/example_dags/example_trigger_controller_dag.py
[2022-04-13 07:31:29,060] {scheduler_job.py:633} INFO - Processing file /home/airflow/sandbox/lib/python3.8/site-packages/airflow/example_dags/example_trigger_controller_dag.py for tasks to queue
[2022-04-13 07:31:29,095] {logging_mixin.py:104} INFO - [2022-04-13 07:31:29,095] {dagbag.py:487} INFO - Filling up the DagBag from /home/airflow/sandbox/lib/python3.8/site-packages/airflow/example_dags/example_trigger_controller_dag.py
[2022-04-13 07:31:29,257] {scheduler_job.py:643} INFO - DAG(s) dict_keys(['example_trigger_controller_dag']) retrieved from /home/airflow/sandbox/lib/python3.8/site-packages/airflow/example_dags/example_trigger_controller_dag.py
[2022-04-13 07:31:29,515] {logging_mixin.py:104} INFO - [2022-04-13 07:31:29,514] {dag.py:1832} INFO - Sync 1 DAGs
[2022-04-13 07:31:29,620] {logging_mixin.py:104} INFO - [2022-04-13 07:31:29,619] {dag.py:2305} INFO - Setting next_dagrun for example_trigger_controller_dag to 2022-04-11 00:00:00+00:00
[2022-04-13 07:31:29,769] {scheduler_job.py:190} INFO - Processing /home/airflow/sandbox/lib/python3.8/site-packages/airflow/example_dags/example_trigger_controller_dag.py took 1.398 seconds
[2022-04-13 07:32:00,231] {scheduler_job.py:182} INFO - Started process (PID=12984) to work on /home/airflow/sandbox/lib/python3.8/site-packages/airflow/example_dags/example_trigger_controller_dag.py
[2022-04-13 07:32:00,247] {scheduler_job.py:633} INFO - Processing file /home/airflow/sandbox/lib/python3.8/site-packages/airflow/example_dags/example_trigger_controller_dag.py for tasks to queue
[2022-04-13 07:32:00,249] {logging_mixin.py:104} INFO - [2022-04-13 07:32:00,249] {dagbag.py:487} INFO - Filling up the DagBag from /home/airflow/sandbox/lib/python3.8/site-packages/airflow/example_dags/example_trigger_controller_dag.py
[2022-04-13 07:32:00,317] {scheduler_job.py:643} INFO - DAG(s) dict_keys(['example_trigger_controller_dag']) retrieved from /home/airflow/sandbox/lib/python3.8/site-packages/airflow/example_dags/example_trigger_controller_dag.py
[2022-04-13 07:32:00,470] {logging_mixin.py:104} INFO - [2022-04-13 07:32:00,470] {dag.py:1832} INFO - Sync 1 DAGs
[2022-04-13 07:32:00,507] {logging_mixin.py:104} INFO - [2022-04-13 07:32:00,506] {dag.py:2305} INFO - Setting next_dagrun for example_trigger_controller_dag to 2022-04-11 00:00:00+00:00
[2022-04-13 07:32:00,560] {scheduler_job.py:190} INFO - Processing /home/airflow/sandbox/lib/python3.8/site-packages/airflow/example_dags/example_trigger_controller_dag.py took 0.350 seconds
[2022-04-13 07:32:31,292] {scheduler_job.py:182} INFO - Started process (PID=13199) to work on /home/airflow/sandbox/lib/python3.8/site-packages/airflow/example_dags/example_trigger_controller_dag.py
[2022-04-13 07:32:31,302] {scheduler_job.py:633} INFO - Processing file /home/airflow/sandbox/lib/python3.8/site-packages/airflow/example_dags/example_trigger_controller_dag.py for tasks to queue
[2022-04-13 07:32:31,310] {logging_mixin.py:104} INFO - [2022-04-13 07:32:31,310] {dagbag.py:487} INFO - Filling up the DagBag from /home/airflow/sandbox/lib/python3.8/site-packages/airflow/example_dags/example_trigger_controller_dag.py
[2022-04-13 07:32:31,369] {scheduler_job.py:643} INFO - DAG(s) dict_keys(['example_trigger_controller_dag']) retrieved from /home/airflow/sandbox/lib/python3.8/site-packages/airflow/example_dags/example_trigger_controller_dag.py
[2022-04-13 07:32:31,546] {logging_mixin.py:104} INFO - [2022-04-13 07:32:31,546] {dag.py:1832} INFO - Sync 1 DAGs
[2022-04-13 07:32:31,642] {logging_mixin.py:104} INFO - [2022-04-13 07:32:31,642] {dag.py:2305} INFO - Setting next_dagrun for example_trigger_controller_dag to 2022-04-11 00:00:00+00:00
[2022-04-13 07:32:31,719] {scheduler_job.py:190} INFO - Processing /home/airflow/sandbox/lib/python3.8/site-packages/airflow/example_dags/example_trigger_controller_dag.py took 0.452 seconds
