[2022-04-13 07:09:06,402] {scheduler_job.py:182} INFO - Started process (PID=2341) to work on /home/airflow/sandbox/lib/python3.8/site-packages/airflow/example_dags/example_branch_datetime_operator.py
[2022-04-13 07:09:06,403] {scheduler_job.py:633} INFO - Processing file /home/airflow/sandbox/lib/python3.8/site-packages/airflow/example_dags/example_branch_datetime_operator.py for tasks to queue
[2022-04-13 07:09:06,405] {logging_mixin.py:104} INFO - [2022-04-13 07:09:06,404] {dagbag.py:487} INFO - Filling up the DagBag from /home/airflow/sandbox/lib/python3.8/site-packages/airflow/example_dags/example_branch_datetime_operator.py
[2022-04-13 07:09:06,567] {scheduler_job.py:643} INFO - DAG(s) dict_keys(['example_branch_datetime_operator_2']) retrieved from /home/airflow/sandbox/lib/python3.8/site-packages/airflow/example_dags/example_branch_datetime_operator.py
[2022-04-13 07:09:09,969] {logging_mixin.py:104} INFO - [2022-04-13 07:09:09,968] {dag.py:1832} INFO - Sync 1 DAGs
[2022-04-13 07:09:10,254] {logging_mixin.py:104} INFO - [2022-04-13 07:09:10,253] {dag.py:2305} INFO - Setting next_dagrun for example_branch_datetime_operator_2 to 2022-04-11 00:00:00+00:00
[2022-04-13 07:09:10,512] {scheduler_job.py:190} INFO - Processing /home/airflow/sandbox/lib/python3.8/site-packages/airflow/example_dags/example_branch_datetime_operator.py took 4.200 seconds
[2022-04-13 07:09:40,721] {scheduler_job.py:182} INFO - Started process (PID=3332) to work on /home/airflow/sandbox/lib/python3.8/site-packages/airflow/example_dags/example_branch_datetime_operator.py
[2022-04-13 07:09:40,724] {scheduler_job.py:633} INFO - Processing file /home/airflow/sandbox/lib/python3.8/site-packages/airflow/example_dags/example_branch_datetime_operator.py for tasks to queue
[2022-04-13 07:09:40,725] {logging_mixin.py:104} INFO - [2022-04-13 07:09:40,725] {dagbag.py:487} INFO - Filling up the DagBag from /home/airflow/sandbox/lib/python3.8/site-packages/airflow/example_dags/example_branch_datetime_operator.py
[2022-04-13 07:09:40,797] {scheduler_job.py:643} INFO - DAG(s) dict_keys(['example_branch_datetime_operator_2']) retrieved from /home/airflow/sandbox/lib/python3.8/site-packages/airflow/example_dags/example_branch_datetime_operator.py
[2022-04-13 07:09:40,867] {logging_mixin.py:104} INFO - [2022-04-13 07:09:40,867] {dag.py:1832} INFO - Sync 1 DAGs
[2022-04-13 07:09:40,902] {logging_mixin.py:104} INFO - [2022-04-13 07:09:40,902] {dag.py:2305} INFO - Setting next_dagrun for example_branch_datetime_operator_2 to 2022-04-11 00:00:00+00:00
[2022-04-13 07:09:40,966] {scheduler_job.py:190} INFO - Processing /home/airflow/sandbox/lib/python3.8/site-packages/airflow/example_dags/example_branch_datetime_operator.py took 0.253 seconds
[2022-04-13 07:14:27,075] {scheduler_job.py:182} INFO - Started process (PID=4939) to work on /home/airflow/sandbox/lib/python3.8/site-packages/airflow/example_dags/example_branch_datetime_operator.py
[2022-04-13 07:14:27,126] {scheduler_job.py:633} INFO - Processing file /home/airflow/sandbox/lib/python3.8/site-packages/airflow/example_dags/example_branch_datetime_operator.py for tasks to queue
[2022-04-13 07:14:27,157] {logging_mixin.py:104} INFO - [2022-04-13 07:14:27,157] {dagbag.py:487} INFO - Filling up the DagBag from /home/airflow/sandbox/lib/python3.8/site-packages/airflow/example_dags/example_branch_datetime_operator.py
[2022-04-13 07:14:27,601] {scheduler_job.py:643} INFO - DAG(s) dict_keys(['example_branch_datetime_operator_2']) retrieved from /home/airflow/sandbox/lib/python3.8/site-packages/airflow/example_dags/example_branch_datetime_operator.py
[2022-04-13 07:14:28,050] {logging_mixin.py:104} INFO - [2022-04-13 07:14:28,050] {dag.py:1832} INFO - Sync 1 DAGs
[2022-04-13 07:14:28,232] {logging_mixin.py:104} INFO - [2022-04-13 07:14:28,232] {dag.py:2305} INFO - Setting next_dagrun for example_branch_datetime_operator_2 to 2022-04-11 00:00:00+00:00
[2022-04-13 07:14:28,380] {scheduler_job.py:190} INFO - Processing /home/airflow/sandbox/lib/python3.8/site-packages/airflow/example_dags/example_branch_datetime_operator.py took 1.382 seconds
[2022-04-13 07:14:58,896] {scheduler_job.py:182} INFO - Started process (PID=5308) to work on /home/airflow/sandbox/lib/python3.8/site-packages/airflow/example_dags/example_branch_datetime_operator.py
[2022-04-13 07:14:58,930] {scheduler_job.py:633} INFO - Processing file /home/airflow/sandbox/lib/python3.8/site-packages/airflow/example_dags/example_branch_datetime_operator.py for tasks to queue
[2022-04-13 07:14:58,975] {logging_mixin.py:104} INFO - [2022-04-13 07:14:58,975] {dagbag.py:487} INFO - Filling up the DagBag from /home/airflow/sandbox/lib/python3.8/site-packages/airflow/example_dags/example_branch_datetime_operator.py
[2022-04-13 07:14:59,121] {scheduler_job.py:643} INFO - DAG(s) dict_keys(['example_branch_datetime_operator_2']) retrieved from /home/airflow/sandbox/lib/python3.8/site-packages/airflow/example_dags/example_branch_datetime_operator.py
[2022-04-13 07:14:59,346] {logging_mixin.py:104} INFO - [2022-04-13 07:14:59,345] {dag.py:1832} INFO - Sync 1 DAGs
[2022-04-13 07:14:59,503] {logging_mixin.py:104} INFO - [2022-04-13 07:14:59,503] {dag.py:2305} INFO - Setting next_dagrun for example_branch_datetime_operator_2 to 2022-04-11 00:00:00+00:00
[2022-04-13 07:14:59,801] {scheduler_job.py:190} INFO - Processing /home/airflow/sandbox/lib/python3.8/site-packages/airflow/example_dags/example_branch_datetime_operator.py took 0.914 seconds
[2022-04-13 07:15:33,439] {scheduler_job.py:182} INFO - Started process (PID=5720) to work on /home/airflow/sandbox/lib/python3.8/site-packages/airflow/example_dags/example_branch_datetime_operator.py
[2022-04-13 07:15:33,453] {scheduler_job.py:633} INFO - Processing file /home/airflow/sandbox/lib/python3.8/site-packages/airflow/example_dags/example_branch_datetime_operator.py for tasks to queue
[2022-04-13 07:15:33,454] {logging_mixin.py:104} INFO - [2022-04-13 07:15:33,454] {dagbag.py:487} INFO - Filling up the DagBag from /home/airflow/sandbox/lib/python3.8/site-packages/airflow/example_dags/example_branch_datetime_operator.py
[2022-04-13 07:15:33,492] {scheduler_job.py:643} INFO - DAG(s) dict_keys(['example_branch_datetime_operator_2']) retrieved from /home/airflow/sandbox/lib/python3.8/site-packages/airflow/example_dags/example_branch_datetime_operator.py
[2022-04-13 07:15:33,707] {logging_mixin.py:104} INFO - [2022-04-13 07:15:33,706] {dag.py:1832} INFO - Sync 1 DAGs
[2022-04-13 07:15:33,803] {logging_mixin.py:104} INFO - [2022-04-13 07:15:33,802] {dag.py:2305} INFO - Setting next_dagrun for example_branch_datetime_operator_2 to 2022-04-11 00:00:00+00:00
[2022-04-13 07:15:33,952] {scheduler_job.py:190} INFO - Processing /home/airflow/sandbox/lib/python3.8/site-packages/airflow/example_dags/example_branch_datetime_operator.py took 0.522 seconds
[2022-04-13 07:16:10,020] {scheduler_job.py:182} INFO - Started process (PID=5950) to work on /home/airflow/sandbox/lib/python3.8/site-packages/airflow/example_dags/example_branch_datetime_operator.py
[2022-04-13 07:16:10,068] {scheduler_job.py:633} INFO - Processing file /home/airflow/sandbox/lib/python3.8/site-packages/airflow/example_dags/example_branch_datetime_operator.py for tasks to queue
[2022-04-13 07:16:10,078] {logging_mixin.py:104} INFO - [2022-04-13 07:16:10,077] {dagbag.py:487} INFO - Filling up the DagBag from /home/airflow/sandbox/lib/python3.8/site-packages/airflow/example_dags/example_branch_datetime_operator.py
[2022-04-13 07:16:10,191] {scheduler_job.py:643} INFO - DAG(s) dict_keys(['example_branch_datetime_operator_2']) retrieved from /home/airflow/sandbox/lib/python3.8/site-packages/airflow/example_dags/example_branch_datetime_operator.py
[2022-04-13 07:16:10,472] {logging_mixin.py:104} INFO - [2022-04-13 07:16:10,471] {dag.py:1832} INFO - Sync 1 DAGs
[2022-04-13 07:16:10,692] {logging_mixin.py:104} INFO - [2022-04-13 07:16:10,652] {dag.py:2305} INFO - Setting next_dagrun for example_branch_datetime_operator_2 to 2022-04-11 00:00:00+00:00
[2022-04-13 07:16:10,857] {scheduler_job.py:190} INFO - Processing /home/airflow/sandbox/lib/python3.8/site-packages/airflow/example_dags/example_branch_datetime_operator.py took 0.926 seconds
[2022-04-13 07:16:41,373] {scheduler_job.py:182} INFO - Started process (PID=6180) to work on /home/airflow/sandbox/lib/python3.8/site-packages/airflow/example_dags/example_branch_datetime_operator.py
[2022-04-13 07:16:41,387] {scheduler_job.py:633} INFO - Processing file /home/airflow/sandbox/lib/python3.8/site-packages/airflow/example_dags/example_branch_datetime_operator.py for tasks to queue
[2022-04-13 07:16:41,388] {logging_mixin.py:104} INFO - [2022-04-13 07:16:41,388] {dagbag.py:487} INFO - Filling up the DagBag from /home/airflow/sandbox/lib/python3.8/site-packages/airflow/example_dags/example_branch_datetime_operator.py
[2022-04-13 07:16:41,450] {scheduler_job.py:643} INFO - DAG(s) dict_keys(['example_branch_datetime_operator_2']) retrieved from /home/airflow/sandbox/lib/python3.8/site-packages/airflow/example_dags/example_branch_datetime_operator.py
[2022-04-13 07:16:41,593] {logging_mixin.py:104} INFO - [2022-04-13 07:16:41,593] {dag.py:1832} INFO - Sync 1 DAGs
[2022-04-13 07:16:41,755] {logging_mixin.py:104} INFO - [2022-04-13 07:16:41,755] {dag.py:2305} INFO - Setting next_dagrun for example_branch_datetime_operator_2 to 2022-04-11 00:00:00+00:00
[2022-04-13 07:16:41,919] {scheduler_job.py:190} INFO - Processing /home/airflow/sandbox/lib/python3.8/site-packages/airflow/example_dags/example_branch_datetime_operator.py took 0.567 seconds
[2022-04-13 07:17:12,954] {scheduler_job.py:182} INFO - Started process (PID=6380) to work on /home/airflow/sandbox/lib/python3.8/site-packages/airflow/example_dags/example_branch_datetime_operator.py
[2022-04-13 07:17:12,960] {scheduler_job.py:633} INFO - Processing file /home/airflow/sandbox/lib/python3.8/site-packages/airflow/example_dags/example_branch_datetime_operator.py for tasks to queue
[2022-04-13 07:17:12,966] {logging_mixin.py:104} INFO - [2022-04-13 07:17:12,966] {dagbag.py:487} INFO - Filling up the DagBag from /home/airflow/sandbox/lib/python3.8/site-packages/airflow/example_dags/example_branch_datetime_operator.py
[2022-04-13 07:17:13,035] {scheduler_job.py:643} INFO - DAG(s) dict_keys(['example_branch_datetime_operator_2']) retrieved from /home/airflow/sandbox/lib/python3.8/site-packages/airflow/example_dags/example_branch_datetime_operator.py
[2022-04-13 07:17:13,196] {logging_mixin.py:104} INFO - [2022-04-13 07:17:13,196] {dag.py:1832} INFO - Sync 1 DAGs
[2022-04-13 07:17:13,297] {logging_mixin.py:104} INFO - [2022-04-13 07:17:13,286] {dag.py:2305} INFO - Setting next_dagrun for example_branch_datetime_operator_2 to 2022-04-11 00:00:00+00:00
[2022-04-13 07:17:13,353] {scheduler_job.py:190} INFO - Processing /home/airflow/sandbox/lib/python3.8/site-packages/airflow/example_dags/example_branch_datetime_operator.py took 0.409 seconds
[2022-04-13 07:17:43,946] {scheduler_job.py:182} INFO - Started process (PID=6579) to work on /home/airflow/sandbox/lib/python3.8/site-packages/airflow/example_dags/example_branch_datetime_operator.py
[2022-04-13 07:17:43,959] {scheduler_job.py:633} INFO - Processing file /home/airflow/sandbox/lib/python3.8/site-packages/airflow/example_dags/example_branch_datetime_operator.py for tasks to queue
[2022-04-13 07:17:43,961] {logging_mixin.py:104} INFO - [2022-04-13 07:17:43,960] {dagbag.py:487} INFO - Filling up the DagBag from /home/airflow/sandbox/lib/python3.8/site-packages/airflow/example_dags/example_branch_datetime_operator.py
[2022-04-13 07:17:44,027] {scheduler_job.py:643} INFO - DAG(s) dict_keys(['example_branch_datetime_operator_2']) retrieved from /home/airflow/sandbox/lib/python3.8/site-packages/airflow/example_dags/example_branch_datetime_operator.py
[2022-04-13 07:17:44,165] {logging_mixin.py:104} INFO - [2022-04-13 07:17:44,164] {dag.py:1832} INFO - Sync 1 DAGs
[2022-04-13 07:17:44,237] {logging_mixin.py:104} INFO - [2022-04-13 07:17:44,236] {dag.py:2305} INFO - Setting next_dagrun for example_branch_datetime_operator_2 to 2022-04-11 00:00:00+00:00
[2022-04-13 07:17:44,362] {scheduler_job.py:190} INFO - Processing /home/airflow/sandbox/lib/python3.8/site-packages/airflow/example_dags/example_branch_datetime_operator.py took 0.461 seconds
[2022-04-13 07:18:14,711] {scheduler_job.py:182} INFO - Started process (PID=6778) to work on /home/airflow/sandbox/lib/python3.8/site-packages/airflow/example_dags/example_branch_datetime_operator.py
[2022-04-13 07:18:14,718] {scheduler_job.py:633} INFO - Processing file /home/airflow/sandbox/lib/python3.8/site-packages/airflow/example_dags/example_branch_datetime_operator.py for tasks to queue
[2022-04-13 07:18:14,722] {logging_mixin.py:104} INFO - [2022-04-13 07:18:14,722] {dagbag.py:487} INFO - Filling up the DagBag from /home/airflow/sandbox/lib/python3.8/site-packages/airflow/example_dags/example_branch_datetime_operator.py
[2022-04-13 07:18:14,765] {scheduler_job.py:643} INFO - DAG(s) dict_keys(['example_branch_datetime_operator_2']) retrieved from /home/airflow/sandbox/lib/python3.8/site-packages/airflow/example_dags/example_branch_datetime_operator.py
[2022-04-13 07:18:14,955] {logging_mixin.py:104} INFO - [2022-04-13 07:18:14,955] {dag.py:1832} INFO - Sync 1 DAGs
[2022-04-13 07:18:15,072] {logging_mixin.py:104} INFO - [2022-04-13 07:18:15,071] {dag.py:2305} INFO - Setting next_dagrun for example_branch_datetime_operator_2 to 2022-04-11 00:00:00+00:00
[2022-04-13 07:18:15,151] {scheduler_job.py:190} INFO - Processing /home/airflow/sandbox/lib/python3.8/site-packages/airflow/example_dags/example_branch_datetime_operator.py took 0.482 seconds
[2022-04-13 07:18:45,570] {scheduler_job.py:182} INFO - Started process (PID=6975) to work on /home/airflow/sandbox/lib/python3.8/site-packages/airflow/example_dags/example_branch_datetime_operator.py
[2022-04-13 07:18:45,578] {scheduler_job.py:633} INFO - Processing file /home/airflow/sandbox/lib/python3.8/site-packages/airflow/example_dags/example_branch_datetime_operator.py for tasks to queue
[2022-04-13 07:18:45,599] {logging_mixin.py:104} INFO - [2022-04-13 07:18:45,598] {dagbag.py:487} INFO - Filling up the DagBag from /home/airflow/sandbox/lib/python3.8/site-packages/airflow/example_dags/example_branch_datetime_operator.py
[2022-04-13 07:18:45,649] {scheduler_job.py:643} INFO - DAG(s) dict_keys(['example_branch_datetime_operator_2']) retrieved from /home/airflow/sandbox/lib/python3.8/site-packages/airflow/example_dags/example_branch_datetime_operator.py
[2022-04-13 07:18:45,790] {logging_mixin.py:104} INFO - [2022-04-13 07:18:45,790] {dag.py:1832} INFO - Sync 1 DAGs
[2022-04-13 07:18:45,923] {logging_mixin.py:104} INFO - [2022-04-13 07:18:45,923] {dag.py:2305} INFO - Setting next_dagrun for example_branch_datetime_operator_2 to 2022-04-11 00:00:00+00:00
[2022-04-13 07:18:46,072] {scheduler_job.py:190} INFO - Processing /home/airflow/sandbox/lib/python3.8/site-packages/airflow/example_dags/example_branch_datetime_operator.py took 0.512 seconds
[2022-04-13 07:19:16,233] {scheduler_job.py:182} INFO - Started process (PID=7172) to work on /home/airflow/sandbox/lib/python3.8/site-packages/airflow/example_dags/example_branch_datetime_operator.py
[2022-04-13 07:19:16,247] {scheduler_job.py:633} INFO - Processing file /home/airflow/sandbox/lib/python3.8/site-packages/airflow/example_dags/example_branch_datetime_operator.py for tasks to queue
[2022-04-13 07:19:16,264] {logging_mixin.py:104} INFO - [2022-04-13 07:19:16,264] {dagbag.py:487} INFO - Filling up the DagBag from /home/airflow/sandbox/lib/python3.8/site-packages/airflow/example_dags/example_branch_datetime_operator.py
[2022-04-13 07:19:16,319] {scheduler_job.py:643} INFO - DAG(s) dict_keys(['example_branch_datetime_operator_2']) retrieved from /home/airflow/sandbox/lib/python3.8/site-packages/airflow/example_dags/example_branch_datetime_operator.py
[2022-04-13 07:19:16,495] {logging_mixin.py:104} INFO - [2022-04-13 07:19:16,495] {dag.py:1832} INFO - Sync 1 DAGs
[2022-04-13 07:19:16,571] {logging_mixin.py:104} INFO - [2022-04-13 07:19:16,571] {dag.py:2305} INFO - Setting next_dagrun for example_branch_datetime_operator_2 to 2022-04-11 00:00:00+00:00
[2022-04-13 07:19:16,689] {scheduler_job.py:190} INFO - Processing /home/airflow/sandbox/lib/python3.8/site-packages/airflow/example_dags/example_branch_datetime_operator.py took 0.478 seconds
[2022-04-13 07:19:47,335] {scheduler_job.py:182} INFO - Started process (PID=7614) to work on /home/airflow/sandbox/lib/python3.8/site-packages/airflow/example_dags/example_branch_datetime_operator.py
[2022-04-13 07:19:47,338] {scheduler_job.py:633} INFO - Processing file /home/airflow/sandbox/lib/python3.8/site-packages/airflow/example_dags/example_branch_datetime_operator.py for tasks to queue
[2022-04-13 07:19:47,340] {logging_mixin.py:104} INFO - [2022-04-13 07:19:47,340] {dagbag.py:487} INFO - Filling up the DagBag from /home/airflow/sandbox/lib/python3.8/site-packages/airflow/example_dags/example_branch_datetime_operator.py
[2022-04-13 07:19:47,400] {scheduler_job.py:643} INFO - DAG(s) dict_keys(['example_branch_datetime_operator_2']) retrieved from /home/airflow/sandbox/lib/python3.8/site-packages/airflow/example_dags/example_branch_datetime_operator.py
[2022-04-13 07:19:47,506] {logging_mixin.py:104} INFO - [2022-04-13 07:19:47,506] {dag.py:1832} INFO - Sync 1 DAGs
[2022-04-13 07:19:47,547] {logging_mixin.py:104} INFO - [2022-04-13 07:19:47,546] {dag.py:2305} INFO - Setting next_dagrun for example_branch_datetime_operator_2 to 2022-04-11 00:00:00+00:00
[2022-04-13 07:19:47,601] {scheduler_job.py:190} INFO - Processing /home/airflow/sandbox/lib/python3.8/site-packages/airflow/example_dags/example_branch_datetime_operator.py took 0.276 seconds
[2022-04-13 07:20:17,682] {scheduler_job.py:182} INFO - Started process (PID=7816) to work on /home/airflow/sandbox/lib/python3.8/site-packages/airflow/example_dags/example_branch_datetime_operator.py
[2022-04-13 07:20:17,686] {scheduler_job.py:633} INFO - Processing file /home/airflow/sandbox/lib/python3.8/site-packages/airflow/example_dags/example_branch_datetime_operator.py for tasks to queue
[2022-04-13 07:20:17,688] {logging_mixin.py:104} INFO - [2022-04-13 07:20:17,687] {dagbag.py:487} INFO - Filling up the DagBag from /home/airflow/sandbox/lib/python3.8/site-packages/airflow/example_dags/example_branch_datetime_operator.py
[2022-04-13 07:20:17,718] {scheduler_job.py:643} INFO - DAG(s) dict_keys(['example_branch_datetime_operator_2']) retrieved from /home/airflow/sandbox/lib/python3.8/site-packages/airflow/example_dags/example_branch_datetime_operator.py
[2022-04-13 07:20:17,832] {logging_mixin.py:104} INFO - [2022-04-13 07:20:17,832] {dag.py:1832} INFO - Sync 1 DAGs
[2022-04-13 07:20:17,880] {logging_mixin.py:104} INFO - [2022-04-13 07:20:17,879] {dag.py:2305} INFO - Setting next_dagrun for example_branch_datetime_operator_2 to 2022-04-11 00:00:00+00:00
[2022-04-13 07:20:17,914] {scheduler_job.py:190} INFO - Processing /home/airflow/sandbox/lib/python3.8/site-packages/airflow/example_dags/example_branch_datetime_operator.py took 0.241 seconds
[2022-04-13 07:20:48,554] {scheduler_job.py:182} INFO - Started process (PID=8015) to work on /home/airflow/sandbox/lib/python3.8/site-packages/airflow/example_dags/example_branch_datetime_operator.py
[2022-04-13 07:20:48,565] {scheduler_job.py:633} INFO - Processing file /home/airflow/sandbox/lib/python3.8/site-packages/airflow/example_dags/example_branch_datetime_operator.py for tasks to queue
[2022-04-13 07:20:48,566] {logging_mixin.py:104} INFO - [2022-04-13 07:20:48,566] {dagbag.py:487} INFO - Filling up the DagBag from /home/airflow/sandbox/lib/python3.8/site-packages/airflow/example_dags/example_branch_datetime_operator.py
[2022-04-13 07:20:48,643] {scheduler_job.py:643} INFO - DAG(s) dict_keys(['example_branch_datetime_operator_2']) retrieved from /home/airflow/sandbox/lib/python3.8/site-packages/airflow/example_dags/example_branch_datetime_operator.py
[2022-04-13 07:20:48,832] {logging_mixin.py:104} INFO - [2022-04-13 07:20:48,832] {dag.py:1832} INFO - Sync 1 DAGs
[2022-04-13 07:20:48,920] {logging_mixin.py:104} INFO - [2022-04-13 07:20:48,920] {dag.py:2305} INFO - Setting next_dagrun for example_branch_datetime_operator_2 to 2022-04-11 00:00:00+00:00
[2022-04-13 07:20:49,029] {scheduler_job.py:190} INFO - Processing /home/airflow/sandbox/lib/python3.8/site-packages/airflow/example_dags/example_branch_datetime_operator.py took 0.498 seconds
[2022-04-13 07:21:19,471] {scheduler_job.py:182} INFO - Started process (PID=8214) to work on /home/airflow/sandbox/lib/python3.8/site-packages/airflow/example_dags/example_branch_datetime_operator.py
[2022-04-13 07:21:19,491] {scheduler_job.py:633} INFO - Processing file /home/airflow/sandbox/lib/python3.8/site-packages/airflow/example_dags/example_branch_datetime_operator.py for tasks to queue
[2022-04-13 07:21:19,492] {logging_mixin.py:104} INFO - [2022-04-13 07:21:19,492] {dagbag.py:487} INFO - Filling up the DagBag from /home/airflow/sandbox/lib/python3.8/site-packages/airflow/example_dags/example_branch_datetime_operator.py
[2022-04-13 07:21:19,573] {scheduler_job.py:643} INFO - DAG(s) dict_keys(['example_branch_datetime_operator_2']) retrieved from /home/airflow/sandbox/lib/python3.8/site-packages/airflow/example_dags/example_branch_datetime_operator.py
[2022-04-13 07:21:19,789] {logging_mixin.py:104} INFO - [2022-04-13 07:21:19,789] {dag.py:1832} INFO - Sync 1 DAGs
[2022-04-13 07:21:19,884] {logging_mixin.py:104} INFO - [2022-04-13 07:21:19,884] {dag.py:2305} INFO - Setting next_dagrun for example_branch_datetime_operator_2 to 2022-04-11 00:00:00+00:00
[2022-04-13 07:21:19,982] {scheduler_job.py:190} INFO - Processing /home/airflow/sandbox/lib/python3.8/site-packages/airflow/example_dags/example_branch_datetime_operator.py took 0.519 seconds
[2022-04-13 07:21:50,551] {scheduler_job.py:182} INFO - Started process (PID=8413) to work on /home/airflow/sandbox/lib/python3.8/site-packages/airflow/example_dags/example_branch_datetime_operator.py
[2022-04-13 07:21:50,578] {scheduler_job.py:633} INFO - Processing file /home/airflow/sandbox/lib/python3.8/site-packages/airflow/example_dags/example_branch_datetime_operator.py for tasks to queue
[2022-04-13 07:21:50,580] {logging_mixin.py:104} INFO - [2022-04-13 07:21:50,580] {dagbag.py:487} INFO - Filling up the DagBag from /home/airflow/sandbox/lib/python3.8/site-packages/airflow/example_dags/example_branch_datetime_operator.py
[2022-04-13 07:21:50,611] {scheduler_job.py:643} INFO - DAG(s) dict_keys(['example_branch_datetime_operator_2']) retrieved from /home/airflow/sandbox/lib/python3.8/site-packages/airflow/example_dags/example_branch_datetime_operator.py
[2022-04-13 07:21:50,800] {logging_mixin.py:104} INFO - [2022-04-13 07:21:50,800] {dag.py:1832} INFO - Sync 1 DAGs
[2022-04-13 07:21:50,884] {logging_mixin.py:104} INFO - [2022-04-13 07:21:50,884] {dag.py:2305} INFO - Setting next_dagrun for example_branch_datetime_operator_2 to 2022-04-11 00:00:00+00:00
[2022-04-13 07:21:51,117] {scheduler_job.py:190} INFO - Processing /home/airflow/sandbox/lib/python3.8/site-packages/airflow/example_dags/example_branch_datetime_operator.py took 0.575 seconds
[2022-04-13 07:22:21,206] {scheduler_job.py:182} INFO - Started process (PID=8612) to work on /home/airflow/sandbox/lib/python3.8/site-packages/airflow/example_dags/example_branch_datetime_operator.py
[2022-04-13 07:22:21,208] {scheduler_job.py:633} INFO - Processing file /home/airflow/sandbox/lib/python3.8/site-packages/airflow/example_dags/example_branch_datetime_operator.py for tasks to queue
[2022-04-13 07:22:21,211] {logging_mixin.py:104} INFO - [2022-04-13 07:22:21,210] {dagbag.py:487} INFO - Filling up the DagBag from /home/airflow/sandbox/lib/python3.8/site-packages/airflow/example_dags/example_branch_datetime_operator.py
[2022-04-13 07:22:21,292] {scheduler_job.py:643} INFO - DAG(s) dict_keys(['example_branch_datetime_operator_2']) retrieved from /home/airflow/sandbox/lib/python3.8/site-packages/airflow/example_dags/example_branch_datetime_operator.py
[2022-04-13 07:22:21,414] {logging_mixin.py:104} INFO - [2022-04-13 07:22:21,413] {dag.py:1832} INFO - Sync 1 DAGs
[2022-04-13 07:22:21,465] {logging_mixin.py:104} INFO - [2022-04-13 07:22:21,465] {dag.py:2305} INFO - Setting next_dagrun for example_branch_datetime_operator_2 to 2022-04-11 00:00:00+00:00
[2022-04-13 07:22:21,506] {scheduler_job.py:190} INFO - Processing /home/airflow/sandbox/lib/python3.8/site-packages/airflow/example_dags/example_branch_datetime_operator.py took 0.310 seconds
[2022-04-13 07:22:51,951] {scheduler_job.py:182} INFO - Started process (PID=8812) to work on /home/airflow/sandbox/lib/python3.8/site-packages/airflow/example_dags/example_branch_datetime_operator.py
[2022-04-13 07:22:51,954] {scheduler_job.py:633} INFO - Processing file /home/airflow/sandbox/lib/python3.8/site-packages/airflow/example_dags/example_branch_datetime_operator.py for tasks to queue
[2022-04-13 07:22:51,956] {logging_mixin.py:104} INFO - [2022-04-13 07:22:51,955] {dagbag.py:487} INFO - Filling up the DagBag from /home/airflow/sandbox/lib/python3.8/site-packages/airflow/example_dags/example_branch_datetime_operator.py
[2022-04-13 07:22:51,985] {scheduler_job.py:643} INFO - DAG(s) dict_keys(['example_branch_datetime_operator_2']) retrieved from /home/airflow/sandbox/lib/python3.8/site-packages/airflow/example_dags/example_branch_datetime_operator.py
[2022-04-13 07:22:52,049] {logging_mixin.py:104} INFO - [2022-04-13 07:22:52,049] {dag.py:1832} INFO - Sync 1 DAGs
[2022-04-13 07:22:52,128] {logging_mixin.py:104} INFO - [2022-04-13 07:22:52,128] {dag.py:2305} INFO - Setting next_dagrun for example_branch_datetime_operator_2 to 2022-04-11 00:00:00+00:00
[2022-04-13 07:22:52,158] {scheduler_job.py:190} INFO - Processing /home/airflow/sandbox/lib/python3.8/site-packages/airflow/example_dags/example_branch_datetime_operator.py took 0.216 seconds
[2022-04-13 07:23:22,682] {scheduler_job.py:182} INFO - Started process (PID=9012) to work on /home/airflow/sandbox/lib/python3.8/site-packages/airflow/example_dags/example_branch_datetime_operator.py
[2022-04-13 07:23:22,687] {scheduler_job.py:633} INFO - Processing file /home/airflow/sandbox/lib/python3.8/site-packages/airflow/example_dags/example_branch_datetime_operator.py for tasks to queue
[2022-04-13 07:23:22,689] {logging_mixin.py:104} INFO - [2022-04-13 07:23:22,689] {dagbag.py:487} INFO - Filling up the DagBag from /home/airflow/sandbox/lib/python3.8/site-packages/airflow/example_dags/example_branch_datetime_operator.py
[2022-04-13 07:23:22,720] {scheduler_job.py:643} INFO - DAG(s) dict_keys(['example_branch_datetime_operator_2']) retrieved from /home/airflow/sandbox/lib/python3.8/site-packages/airflow/example_dags/example_branch_datetime_operator.py
[2022-04-13 07:23:22,845] {logging_mixin.py:104} INFO - [2022-04-13 07:23:22,845] {dag.py:1832} INFO - Sync 1 DAGs
[2022-04-13 07:23:22,886] {logging_mixin.py:104} INFO - [2022-04-13 07:23:22,885] {dag.py:2305} INFO - Setting next_dagrun for example_branch_datetime_operator_2 to 2022-04-11 00:00:00+00:00
[2022-04-13 07:23:23,044] {scheduler_job.py:190} INFO - Processing /home/airflow/sandbox/lib/python3.8/site-packages/airflow/example_dags/example_branch_datetime_operator.py took 0.372 seconds
[2022-04-13 07:23:53,234] {scheduler_job.py:182} INFO - Started process (PID=9211) to work on /home/airflow/sandbox/lib/python3.8/site-packages/airflow/example_dags/example_branch_datetime_operator.py
[2022-04-13 07:23:53,260] {scheduler_job.py:633} INFO - Processing file /home/airflow/sandbox/lib/python3.8/site-packages/airflow/example_dags/example_branch_datetime_operator.py for tasks to queue
[2022-04-13 07:23:53,262] {logging_mixin.py:104} INFO - [2022-04-13 07:23:53,261] {dagbag.py:487} INFO - Filling up the DagBag from /home/airflow/sandbox/lib/python3.8/site-packages/airflow/example_dags/example_branch_datetime_operator.py
[2022-04-13 07:23:53,300] {scheduler_job.py:643} INFO - DAG(s) dict_keys(['example_branch_datetime_operator_2']) retrieved from /home/airflow/sandbox/lib/python3.8/site-packages/airflow/example_dags/example_branch_datetime_operator.py
[2022-04-13 07:23:53,388] {logging_mixin.py:104} INFO - [2022-04-13 07:23:53,388] {dag.py:1832} INFO - Sync 1 DAGs
[2022-04-13 07:23:53,448] {logging_mixin.py:104} INFO - [2022-04-13 07:23:53,447] {dag.py:2305} INFO - Setting next_dagrun for example_branch_datetime_operator_2 to 2022-04-11 00:00:00+00:00
[2022-04-13 07:23:53,618] {scheduler_job.py:190} INFO - Processing /home/airflow/sandbox/lib/python3.8/site-packages/airflow/example_dags/example_branch_datetime_operator.py took 0.396 seconds
[2022-04-13 07:24:25,436] {scheduler_job.py:182} INFO - Started process (PID=9569) to work on /home/airflow/sandbox/lib/python3.8/site-packages/airflow/example_dags/example_branch_datetime_operator.py
[2022-04-13 07:24:25,480] {scheduler_job.py:633} INFO - Processing file /home/airflow/sandbox/lib/python3.8/site-packages/airflow/example_dags/example_branch_datetime_operator.py for tasks to queue
[2022-04-13 07:24:25,482] {logging_mixin.py:104} INFO - [2022-04-13 07:24:25,482] {dagbag.py:487} INFO - Filling up the DagBag from /home/airflow/sandbox/lib/python3.8/site-packages/airflow/example_dags/example_branch_datetime_operator.py
[2022-04-13 07:24:25,591] {scheduler_job.py:643} INFO - DAG(s) dict_keys(['example_branch_datetime_operator_2']) retrieved from /home/airflow/sandbox/lib/python3.8/site-packages/airflow/example_dags/example_branch_datetime_operator.py
[2022-04-13 07:24:25,727] {logging_mixin.py:104} INFO - [2022-04-13 07:24:25,727] {dag.py:1832} INFO - Sync 1 DAGs
[2022-04-13 07:24:26,002] {logging_mixin.py:104} INFO - [2022-04-13 07:24:26,002] {dag.py:2305} INFO - Setting next_dagrun for example_branch_datetime_operator_2 to 2022-04-11 00:00:00+00:00
[2022-04-13 07:24:26,132] {scheduler_job.py:190} INFO - Processing /home/airflow/sandbox/lib/python3.8/site-packages/airflow/example_dags/example_branch_datetime_operator.py took 0.739 seconds
[2022-04-13 07:24:56,699] {scheduler_job.py:182} INFO - Started process (PID=9845) to work on /home/airflow/sandbox/lib/python3.8/site-packages/airflow/example_dags/example_branch_datetime_operator.py
[2022-04-13 07:24:56,701] {scheduler_job.py:633} INFO - Processing file /home/airflow/sandbox/lib/python3.8/site-packages/airflow/example_dags/example_branch_datetime_operator.py for tasks to queue
[2022-04-13 07:24:56,702] {logging_mixin.py:104} INFO - [2022-04-13 07:24:56,702] {dagbag.py:487} INFO - Filling up the DagBag from /home/airflow/sandbox/lib/python3.8/site-packages/airflow/example_dags/example_branch_datetime_operator.py
[2022-04-13 07:24:56,753] {scheduler_job.py:643} INFO - DAG(s) dict_keys(['example_branch_datetime_operator_2']) retrieved from /home/airflow/sandbox/lib/python3.8/site-packages/airflow/example_dags/example_branch_datetime_operator.py
[2022-04-13 07:24:56,910] {logging_mixin.py:104} INFO - [2022-04-13 07:24:56,909] {dag.py:1832} INFO - Sync 1 DAGs
[2022-04-13 07:24:57,121] {logging_mixin.py:104} INFO - [2022-04-13 07:24:57,120] {dag.py:2305} INFO - Setting next_dagrun for example_branch_datetime_operator_2 to 2022-04-11 00:00:00+00:00
[2022-04-13 07:24:57,183] {scheduler_job.py:190} INFO - Processing /home/airflow/sandbox/lib/python3.8/site-packages/airflow/example_dags/example_branch_datetime_operator.py took 0.512 seconds
[2022-04-13 07:25:27,869] {scheduler_job.py:182} INFO - Started process (PID=10041) to work on /home/airflow/sandbox/lib/python3.8/site-packages/airflow/example_dags/example_branch_datetime_operator.py
[2022-04-13 07:25:27,897] {scheduler_job.py:633} INFO - Processing file /home/airflow/sandbox/lib/python3.8/site-packages/airflow/example_dags/example_branch_datetime_operator.py for tasks to queue
[2022-04-13 07:25:27,899] {logging_mixin.py:104} INFO - [2022-04-13 07:25:27,899] {dagbag.py:487} INFO - Filling up the DagBag from /home/airflow/sandbox/lib/python3.8/site-packages/airflow/example_dags/example_branch_datetime_operator.py
[2022-04-13 07:25:27,965] {scheduler_job.py:643} INFO - DAG(s) dict_keys(['example_branch_datetime_operator_2']) retrieved from /home/airflow/sandbox/lib/python3.8/site-packages/airflow/example_dags/example_branch_datetime_operator.py
[2022-04-13 07:25:28,122] {logging_mixin.py:104} INFO - [2022-04-13 07:25:28,122] {dag.py:1832} INFO - Sync 1 DAGs
[2022-04-13 07:25:28,395] {logging_mixin.py:104} INFO - [2022-04-13 07:25:28,394] {dag.py:2305} INFO - Setting next_dagrun for example_branch_datetime_operator_2 to 2022-04-11 00:00:00+00:00
[2022-04-13 07:25:28,618] {scheduler_job.py:190} INFO - Processing /home/airflow/sandbox/lib/python3.8/site-packages/airflow/example_dags/example_branch_datetime_operator.py took 0.758 seconds
[2022-04-13 07:26:00,100] {scheduler_job.py:182} INFO - Started process (PID=10242) to work on /home/airflow/sandbox/lib/python3.8/site-packages/airflow/example_dags/example_branch_datetime_operator.py
[2022-04-13 07:26:00,111] {scheduler_job.py:633} INFO - Processing file /home/airflow/sandbox/lib/python3.8/site-packages/airflow/example_dags/example_branch_datetime_operator.py for tasks to queue
[2022-04-13 07:26:00,112] {logging_mixin.py:104} INFO - [2022-04-13 07:26:00,112] {dagbag.py:487} INFO - Filling up the DagBag from /home/airflow/sandbox/lib/python3.8/site-packages/airflow/example_dags/example_branch_datetime_operator.py
[2022-04-13 07:26:00,142] {scheduler_job.py:643} INFO - DAG(s) dict_keys(['example_branch_datetime_operator_2']) retrieved from /home/airflow/sandbox/lib/python3.8/site-packages/airflow/example_dags/example_branch_datetime_operator.py
[2022-04-13 07:26:00,294] {logging_mixin.py:104} INFO - [2022-04-13 07:26:00,293] {dag.py:1832} INFO - Sync 1 DAGs
[2022-04-13 07:26:00,682] {logging_mixin.py:104} INFO - [2022-04-13 07:26:00,682] {dag.py:2305} INFO - Setting next_dagrun for example_branch_datetime_operator_2 to 2022-04-11 00:00:00+00:00
[2022-04-13 07:26:00,795] {scheduler_job.py:190} INFO - Processing /home/airflow/sandbox/lib/python3.8/site-packages/airflow/example_dags/example_branch_datetime_operator.py took 0.723 seconds
[2022-04-13 07:26:31,371] {scheduler_job.py:182} INFO - Started process (PID=10442) to work on /home/airflow/sandbox/lib/python3.8/site-packages/airflow/example_dags/example_branch_datetime_operator.py
[2022-04-13 07:26:31,391] {scheduler_job.py:633} INFO - Processing file /home/airflow/sandbox/lib/python3.8/site-packages/airflow/example_dags/example_branch_datetime_operator.py for tasks to queue
[2022-04-13 07:26:31,407] {logging_mixin.py:104} INFO - [2022-04-13 07:26:31,407] {dagbag.py:487} INFO - Filling up the DagBag from /home/airflow/sandbox/lib/python3.8/site-packages/airflow/example_dags/example_branch_datetime_operator.py
[2022-04-13 07:26:31,460] {scheduler_job.py:643} INFO - DAG(s) dict_keys(['example_branch_datetime_operator_2']) retrieved from /home/airflow/sandbox/lib/python3.8/site-packages/airflow/example_dags/example_branch_datetime_operator.py
[2022-04-13 07:26:31,634] {logging_mixin.py:104} INFO - [2022-04-13 07:26:31,633] {dag.py:1832} INFO - Sync 1 DAGs
[2022-04-13 07:26:32,017] {logging_mixin.py:104} INFO - [2022-04-13 07:26:32,017] {dag.py:2305} INFO - Setting next_dagrun for example_branch_datetime_operator_2 to 2022-04-11 00:00:00+00:00
[2022-04-13 07:26:32,114] {scheduler_job.py:190} INFO - Processing /home/airflow/sandbox/lib/python3.8/site-packages/airflow/example_dags/example_branch_datetime_operator.py took 0.753 seconds
[2022-04-13 07:27:02,377] {scheduler_job.py:182} INFO - Started process (PID=10637) to work on /home/airflow/sandbox/lib/python3.8/site-packages/airflow/example_dags/example_branch_datetime_operator.py
[2022-04-13 07:27:02,380] {scheduler_job.py:633} INFO - Processing file /home/airflow/sandbox/lib/python3.8/site-packages/airflow/example_dags/example_branch_datetime_operator.py for tasks to queue
[2022-04-13 07:27:02,382] {logging_mixin.py:104} INFO - [2022-04-13 07:27:02,382] {dagbag.py:487} INFO - Filling up the DagBag from /home/airflow/sandbox/lib/python3.8/site-packages/airflow/example_dags/example_branch_datetime_operator.py
[2022-04-13 07:27:02,420] {scheduler_job.py:643} INFO - DAG(s) dict_keys(['example_branch_datetime_operator_2']) retrieved from /home/airflow/sandbox/lib/python3.8/site-packages/airflow/example_dags/example_branch_datetime_operator.py
[2022-04-13 07:27:02,709] {logging_mixin.py:104} INFO - [2022-04-13 07:27:02,709] {dag.py:1832} INFO - Sync 1 DAGs
[2022-04-13 07:27:02,748] {logging_mixin.py:104} INFO - [2022-04-13 07:27:02,747] {dag.py:2305} INFO - Setting next_dagrun for example_branch_datetime_operator_2 to 2022-04-11 00:00:00+00:00
[2022-04-13 07:27:02,830] {scheduler_job.py:190} INFO - Processing /home/airflow/sandbox/lib/python3.8/site-packages/airflow/example_dags/example_branch_datetime_operator.py took 0.464 seconds
[2022-04-13 07:27:33,411] {scheduler_job.py:182} INFO - Started process (PID=10836) to work on /home/airflow/sandbox/lib/python3.8/site-packages/airflow/example_dags/example_branch_datetime_operator.py
[2022-04-13 07:27:33,414] {scheduler_job.py:633} INFO - Processing file /home/airflow/sandbox/lib/python3.8/site-packages/airflow/example_dags/example_branch_datetime_operator.py for tasks to queue
[2022-04-13 07:27:33,417] {logging_mixin.py:104} INFO - [2022-04-13 07:27:33,416] {dagbag.py:487} INFO - Filling up the DagBag from /home/airflow/sandbox/lib/python3.8/site-packages/airflow/example_dags/example_branch_datetime_operator.py
[2022-04-13 07:27:33,451] {scheduler_job.py:643} INFO - DAG(s) dict_keys(['example_branch_datetime_operator_2']) retrieved from /home/airflow/sandbox/lib/python3.8/site-packages/airflow/example_dags/example_branch_datetime_operator.py
[2022-04-13 07:27:33,733] {logging_mixin.py:104} INFO - [2022-04-13 07:27:33,733] {dag.py:1832} INFO - Sync 1 DAGs
[2022-04-13 07:27:33,776] {logging_mixin.py:104} INFO - [2022-04-13 07:27:33,776] {dag.py:2305} INFO - Setting next_dagrun for example_branch_datetime_operator_2 to 2022-04-11 00:00:00+00:00
[2022-04-13 07:27:33,804] {scheduler_job.py:190} INFO - Processing /home/airflow/sandbox/lib/python3.8/site-packages/airflow/example_dags/example_branch_datetime_operator.py took 0.403 seconds
[2022-04-13 07:28:04,234] {scheduler_job.py:182} INFO - Started process (PID=11033) to work on /home/airflow/sandbox/lib/python3.8/site-packages/airflow/example_dags/example_branch_datetime_operator.py
[2022-04-13 07:28:04,248] {scheduler_job.py:633} INFO - Processing file /home/airflow/sandbox/lib/python3.8/site-packages/airflow/example_dags/example_branch_datetime_operator.py for tasks to queue
[2022-04-13 07:28:04,250] {logging_mixin.py:104} INFO - [2022-04-13 07:28:04,250] {dagbag.py:487} INFO - Filling up the DagBag from /home/airflow/sandbox/lib/python3.8/site-packages/airflow/example_dags/example_branch_datetime_operator.py
[2022-04-13 07:28:04,283] {scheduler_job.py:643} INFO - DAG(s) dict_keys(['example_branch_datetime_operator_2']) retrieved from /home/airflow/sandbox/lib/python3.8/site-packages/airflow/example_dags/example_branch_datetime_operator.py
[2022-04-13 07:28:04,775] {logging_mixin.py:104} INFO - [2022-04-13 07:28:04,775] {dag.py:1832} INFO - Sync 1 DAGs
[2022-04-13 07:28:04,837] {logging_mixin.py:104} INFO - [2022-04-13 07:28:04,837] {dag.py:2305} INFO - Setting next_dagrun for example_branch_datetime_operator_2 to 2022-04-11 00:00:00+00:00
[2022-04-13 07:28:05,079] {scheduler_job.py:190} INFO - Processing /home/airflow/sandbox/lib/python3.8/site-packages/airflow/example_dags/example_branch_datetime_operator.py took 0.854 seconds
[2022-04-13 07:28:35,522] {scheduler_job.py:182} INFO - Started process (PID=11232) to work on /home/airflow/sandbox/lib/python3.8/site-packages/airflow/example_dags/example_branch_datetime_operator.py
[2022-04-13 07:28:35,539] {scheduler_job.py:633} INFO - Processing file /home/airflow/sandbox/lib/python3.8/site-packages/airflow/example_dags/example_branch_datetime_operator.py for tasks to queue
[2022-04-13 07:28:35,541] {logging_mixin.py:104} INFO - [2022-04-13 07:28:35,541] {dagbag.py:487} INFO - Filling up the DagBag from /home/airflow/sandbox/lib/python3.8/site-packages/airflow/example_dags/example_branch_datetime_operator.py
[2022-04-13 07:28:35,620] {scheduler_job.py:643} INFO - DAG(s) dict_keys(['example_branch_datetime_operator_2']) retrieved from /home/airflow/sandbox/lib/python3.8/site-packages/airflow/example_dags/example_branch_datetime_operator.py
[2022-04-13 07:28:36,018] {logging_mixin.py:104} INFO - [2022-04-13 07:28:36,017] {dag.py:1832} INFO - Sync 1 DAGs
[2022-04-13 07:28:36,127] {logging_mixin.py:104} INFO - [2022-04-13 07:28:36,126] {dag.py:2305} INFO - Setting next_dagrun for example_branch_datetime_operator_2 to 2022-04-11 00:00:00+00:00
[2022-04-13 07:28:36,275] {scheduler_job.py:190} INFO - Processing /home/airflow/sandbox/lib/python3.8/site-packages/airflow/example_dags/example_branch_datetime_operator.py took 0.762 seconds
[2022-04-13 07:29:06,857] {scheduler_job.py:182} INFO - Started process (PID=11432) to work on /home/airflow/sandbox/lib/python3.8/site-packages/airflow/example_dags/example_branch_datetime_operator.py
[2022-04-13 07:29:06,894] {scheduler_job.py:633} INFO - Processing file /home/airflow/sandbox/lib/python3.8/site-packages/airflow/example_dags/example_branch_datetime_operator.py for tasks to queue
[2022-04-13 07:29:06,897] {logging_mixin.py:104} INFO - [2022-04-13 07:29:06,895] {dagbag.py:487} INFO - Filling up the DagBag from /home/airflow/sandbox/lib/python3.8/site-packages/airflow/example_dags/example_branch_datetime_operator.py
[2022-04-13 07:29:06,996] {scheduler_job.py:643} INFO - DAG(s) dict_keys(['example_branch_datetime_operator_2']) retrieved from /home/airflow/sandbox/lib/python3.8/site-packages/airflow/example_dags/example_branch_datetime_operator.py
[2022-04-13 07:29:07,420] {logging_mixin.py:104} INFO - [2022-04-13 07:29:07,420] {dag.py:1832} INFO - Sync 1 DAGs
[2022-04-13 07:29:07,498] {logging_mixin.py:104} INFO - [2022-04-13 07:29:07,498] {dag.py:2305} INFO - Setting next_dagrun for example_branch_datetime_operator_2 to 2022-04-11 00:00:00+00:00
[2022-04-13 07:29:07,806] {scheduler_job.py:190} INFO - Processing /home/airflow/sandbox/lib/python3.8/site-packages/airflow/example_dags/example_branch_datetime_operator.py took 0.958 seconds
[2022-04-13 07:29:38,384] {scheduler_job.py:182} INFO - Started process (PID=11866) to work on /home/airflow/sandbox/lib/python3.8/site-packages/airflow/example_dags/example_branch_datetime_operator.py
[2022-04-13 07:29:38,388] {scheduler_job.py:633} INFO - Processing file /home/airflow/sandbox/lib/python3.8/site-packages/airflow/example_dags/example_branch_datetime_operator.py for tasks to queue
[2022-04-13 07:29:38,390] {logging_mixin.py:104} INFO - [2022-04-13 07:29:38,390] {dagbag.py:487} INFO - Filling up the DagBag from /home/airflow/sandbox/lib/python3.8/site-packages/airflow/example_dags/example_branch_datetime_operator.py
[2022-04-13 07:29:38,854] {scheduler_job.py:643} INFO - DAG(s) dict_keys(['example_branch_datetime_operator_2']) retrieved from /home/airflow/sandbox/lib/python3.8/site-packages/airflow/example_dags/example_branch_datetime_operator.py
[2022-04-13 07:29:39,023] {logging_mixin.py:104} INFO - [2022-04-13 07:29:39,023] {dag.py:1832} INFO - Sync 1 DAGs
[2022-04-13 07:29:39,068] {logging_mixin.py:104} INFO - [2022-04-13 07:29:39,067] {dag.py:2305} INFO - Setting next_dagrun for example_branch_datetime_operator_2 to 2022-04-11 00:00:00+00:00
[2022-04-13 07:29:39,305] {scheduler_job.py:190} INFO - Processing /home/airflow/sandbox/lib/python3.8/site-packages/airflow/example_dags/example_branch_datetime_operator.py took 0.952 seconds
[2022-04-13 07:30:11,090] {scheduler_job.py:182} INFO - Started process (PID=12065) to work on /home/airflow/sandbox/lib/python3.8/site-packages/airflow/example_dags/example_branch_datetime_operator.py
[2022-04-13 07:30:11,110] {scheduler_job.py:633} INFO - Processing file /home/airflow/sandbox/lib/python3.8/site-packages/airflow/example_dags/example_branch_datetime_operator.py for tasks to queue
[2022-04-13 07:30:11,124] {logging_mixin.py:104} INFO - [2022-04-13 07:30:11,124] {dagbag.py:487} INFO - Filling up the DagBag from /home/airflow/sandbox/lib/python3.8/site-packages/airflow/example_dags/example_branch_datetime_operator.py
[2022-04-13 07:30:11,486] {scheduler_job.py:643} INFO - DAG(s) dict_keys(['example_branch_datetime_operator_2']) retrieved from /home/airflow/sandbox/lib/python3.8/site-packages/airflow/example_dags/example_branch_datetime_operator.py
[2022-04-13 07:30:11,602] {logging_mixin.py:104} INFO - [2022-04-13 07:30:11,602] {dag.py:1832} INFO - Sync 1 DAGs
[2022-04-13 07:30:11,664] {logging_mixin.py:104} INFO - [2022-04-13 07:30:11,664] {dag.py:2305} INFO - Setting next_dagrun for example_branch_datetime_operator_2 to 2022-04-11 00:00:00+00:00
[2022-04-13 07:30:11,947] {scheduler_job.py:190} INFO - Processing /home/airflow/sandbox/lib/python3.8/site-packages/airflow/example_dags/example_branch_datetime_operator.py took 0.867 seconds
[2022-04-13 07:30:42,587] {scheduler_job.py:182} INFO - Started process (PID=12246) to work on /home/airflow/sandbox/lib/python3.8/site-packages/airflow/example_dags/example_branch_datetime_operator.py
[2022-04-13 07:30:42,590] {scheduler_job.py:633} INFO - Processing file /home/airflow/sandbox/lib/python3.8/site-packages/airflow/example_dags/example_branch_datetime_operator.py for tasks to queue
[2022-04-13 07:30:42,592] {logging_mixin.py:104} INFO - [2022-04-13 07:30:42,592] {dagbag.py:487} INFO - Filling up the DagBag from /home/airflow/sandbox/lib/python3.8/site-packages/airflow/example_dags/example_branch_datetime_operator.py
[2022-04-13 07:30:42,931] {scheduler_job.py:643} INFO - DAG(s) dict_keys(['example_branch_datetime_operator_2']) retrieved from /home/airflow/sandbox/lib/python3.8/site-packages/airflow/example_dags/example_branch_datetime_operator.py
[2022-04-13 07:30:43,060] {logging_mixin.py:104} INFO - [2022-04-13 07:30:43,060] {dag.py:1832} INFO - Sync 1 DAGs
[2022-04-13 07:30:43,100] {logging_mixin.py:104} INFO - [2022-04-13 07:30:43,099] {dag.py:2305} INFO - Setting next_dagrun for example_branch_datetime_operator_2 to 2022-04-11 00:00:00+00:00
[2022-04-13 07:30:43,228] {scheduler_job.py:190} INFO - Processing /home/airflow/sandbox/lib/python3.8/site-packages/airflow/example_dags/example_branch_datetime_operator.py took 0.650 seconds
[2022-04-13 07:31:15,988] {scheduler_job.py:182} INFO - Started process (PID=12494) to work on /home/airflow/sandbox/lib/python3.8/site-packages/airflow/example_dags/example_branch_datetime_operator.py
[2022-04-13 07:31:16,311] {scheduler_job.py:633} INFO - Processing file /home/airflow/sandbox/lib/python3.8/site-packages/airflow/example_dags/example_branch_datetime_operator.py for tasks to queue
[2022-04-13 07:31:16,321] {logging_mixin.py:104} INFO - [2022-04-13 07:31:16,321] {dagbag.py:487} INFO - Filling up the DagBag from /home/airflow/sandbox/lib/python3.8/site-packages/airflow/example_dags/example_branch_datetime_operator.py
[2022-04-13 07:31:16,442] {scheduler_job.py:643} INFO - DAG(s) dict_keys(['example_branch_datetime_operator_2']) retrieved from /home/airflow/sandbox/lib/python3.8/site-packages/airflow/example_dags/example_branch_datetime_operator.py
[2022-04-13 07:31:16,672] {logging_mixin.py:104} INFO - [2022-04-13 07:31:16,672] {dag.py:1832} INFO - Sync 1 DAGs
[2022-04-13 07:31:16,780] {logging_mixin.py:104} INFO - [2022-04-13 07:31:16,779] {dag.py:2305} INFO - Setting next_dagrun for example_branch_datetime_operator_2 to 2022-04-11 00:00:00+00:00
[2022-04-13 07:31:16,931] {scheduler_job.py:190} INFO - Processing /home/airflow/sandbox/lib/python3.8/site-packages/airflow/example_dags/example_branch_datetime_operator.py took 0.964 seconds
[2022-04-13 07:31:47,260] {scheduler_job.py:182} INFO - Started process (PID=12872) to work on /home/airflow/sandbox/lib/python3.8/site-packages/airflow/example_dags/example_branch_datetime_operator.py
[2022-04-13 07:31:47,271] {scheduler_job.py:633} INFO - Processing file /home/airflow/sandbox/lib/python3.8/site-packages/airflow/example_dags/example_branch_datetime_operator.py for tasks to queue
[2022-04-13 07:31:47,283] {logging_mixin.py:104} INFO - [2022-04-13 07:31:47,282] {dagbag.py:487} INFO - Filling up the DagBag from /home/airflow/sandbox/lib/python3.8/site-packages/airflow/example_dags/example_branch_datetime_operator.py
[2022-04-13 07:31:47,380] {scheduler_job.py:643} INFO - DAG(s) dict_keys(['example_branch_datetime_operator_2']) retrieved from /home/airflow/sandbox/lib/python3.8/site-packages/airflow/example_dags/example_branch_datetime_operator.py
[2022-04-13 07:31:47,547] {logging_mixin.py:104} INFO - [2022-04-13 07:31:47,546] {dag.py:1832} INFO - Sync 1 DAGs
[2022-04-13 07:31:47,667] {logging_mixin.py:104} INFO - [2022-04-13 07:31:47,667] {dag.py:2305} INFO - Setting next_dagrun for example_branch_datetime_operator_2 to 2022-04-11 00:00:00+00:00
[2022-04-13 07:31:47,752] {scheduler_job.py:190} INFO - Processing /home/airflow/sandbox/lib/python3.8/site-packages/airflow/example_dags/example_branch_datetime_operator.py took 0.513 seconds
[2022-04-13 07:32:18,291] {scheduler_job.py:182} INFO - Started process (PID=13101) to work on /home/airflow/sandbox/lib/python3.8/site-packages/airflow/example_dags/example_branch_datetime_operator.py
[2022-04-13 07:32:18,296] {scheduler_job.py:633} INFO - Processing file /home/airflow/sandbox/lib/python3.8/site-packages/airflow/example_dags/example_branch_datetime_operator.py for tasks to queue
[2022-04-13 07:32:18,298] {logging_mixin.py:104} INFO - [2022-04-13 07:32:18,297] {dagbag.py:487} INFO - Filling up the DagBag from /home/airflow/sandbox/lib/python3.8/site-packages/airflow/example_dags/example_branch_datetime_operator.py
[2022-04-13 07:32:18,325] {scheduler_job.py:643} INFO - DAG(s) dict_keys(['example_branch_datetime_operator_2']) retrieved from /home/airflow/sandbox/lib/python3.8/site-packages/airflow/example_dags/example_branch_datetime_operator.py
[2022-04-13 07:32:18,390] {logging_mixin.py:104} INFO - [2022-04-13 07:32:18,390] {dag.py:1832} INFO - Sync 1 DAGs
[2022-04-13 07:32:18,442] {logging_mixin.py:104} INFO - [2022-04-13 07:32:18,442] {dag.py:2305} INFO - Setting next_dagrun for example_branch_datetime_operator_2 to 2022-04-11 00:00:00+00:00
[2022-04-13 07:32:18,526] {scheduler_job.py:190} INFO - Processing /home/airflow/sandbox/lib/python3.8/site-packages/airflow/example_dags/example_branch_datetime_operator.py took 0.245 seconds
[2022-04-13 07:32:49,094] {scheduler_job.py:182} INFO - Started process (PID=13357) to work on /home/airflow/sandbox/lib/python3.8/site-packages/airflow/example_dags/example_branch_datetime_operator.py
[2022-04-13 07:32:49,096] {scheduler_job.py:633} INFO - Processing file /home/airflow/sandbox/lib/python3.8/site-packages/airflow/example_dags/example_branch_datetime_operator.py for tasks to queue
[2022-04-13 07:32:49,098] {logging_mixin.py:104} INFO - [2022-04-13 07:32:49,098] {dagbag.py:487} INFO - Filling up the DagBag from /home/airflow/sandbox/lib/python3.8/site-packages/airflow/example_dags/example_branch_datetime_operator.py
[2022-04-13 07:32:49,180] {scheduler_job.py:643} INFO - DAG(s) dict_keys(['example_branch_datetime_operator_2']) retrieved from /home/airflow/sandbox/lib/python3.8/site-packages/airflow/example_dags/example_branch_datetime_operator.py
[2022-04-13 07:32:49,409] {logging_mixin.py:104} INFO - [2022-04-13 07:32:49,409] {dag.py:1832} INFO - Sync 1 DAGs
[2022-04-13 07:32:49,531] {logging_mixin.py:104} INFO - [2022-04-13 07:32:49,530] {dag.py:2305} INFO - Setting next_dagrun for example_branch_datetime_operator_2 to 2022-04-11 00:00:00+00:00
[2022-04-13 07:32:49,813] {scheduler_job.py:190} INFO - Processing /home/airflow/sandbox/lib/python3.8/site-packages/airflow/example_dags/example_branch_datetime_operator.py took 0.754 seconds
