[2022-04-13 07:09:20,061] {scheduler_job.py:182} INFO - Started process (PID=2838) to work on /home/airflow/sandbox/lib/python3.8/site-packages/airflow/example_dags/example_skip_dag.py
[2022-04-13 07:09:20,101] {scheduler_job.py:633} INFO - Processing file /home/airflow/sandbox/lib/python3.8/site-packages/airflow/example_dags/example_skip_dag.py for tasks to queue
[2022-04-13 07:09:20,105] {logging_mixin.py:104} INFO - [2022-04-13 07:09:20,105] {dagbag.py:487} INFO - Filling up the DagBag from /home/airflow/sandbox/lib/python3.8/site-packages/airflow/example_dags/example_skip_dag.py
[2022-04-13 07:09:20,142] {scheduler_job.py:643} INFO - DAG(s) dict_keys(['example_skip_dag']) retrieved from /home/airflow/sandbox/lib/python3.8/site-packages/airflow/example_dags/example_skip_dag.py
[2022-04-13 07:09:21,928] {logging_mixin.py:104} INFO - [2022-04-13 07:09:21,927] {dag.py:1832} INFO - Sync 1 DAGs
[2022-04-13 07:09:21,950] {logging_mixin.py:104} INFO - [2022-04-13 07:09:21,950] {dag.py:2305} INFO - Setting next_dagrun for example_skip_dag to 2022-04-11 00:00:00+00:00
[2022-04-13 07:09:22,213] {scheduler_job.py:190} INFO - Processing /home/airflow/sandbox/lib/python3.8/site-packages/airflow/example_dags/example_skip_dag.py took 2.168 seconds
[2022-04-13 07:09:52,809] {scheduler_job.py:182} INFO - Started process (PID=3452) to work on /home/airflow/sandbox/lib/python3.8/site-packages/airflow/example_dags/example_skip_dag.py
[2022-04-13 07:09:52,813] {scheduler_job.py:633} INFO - Processing file /home/airflow/sandbox/lib/python3.8/site-packages/airflow/example_dags/example_skip_dag.py for tasks to queue
[2022-04-13 07:09:52,815] {logging_mixin.py:104} INFO - [2022-04-13 07:09:52,814] {dagbag.py:487} INFO - Filling up the DagBag from /home/airflow/sandbox/lib/python3.8/site-packages/airflow/example_dags/example_skip_dag.py
[2022-04-13 07:09:52,839] {scheduler_job.py:643} INFO - DAG(s) dict_keys(['example_skip_dag']) retrieved from /home/airflow/sandbox/lib/python3.8/site-packages/airflow/example_dags/example_skip_dag.py
[2022-04-13 07:09:52,901] {logging_mixin.py:104} INFO - [2022-04-13 07:09:52,901] {dag.py:1832} INFO - Sync 1 DAGs
[2022-04-13 07:09:52,938] {logging_mixin.py:104} INFO - [2022-04-13 07:09:52,937] {dag.py:2305} INFO - Setting next_dagrun for example_skip_dag to 2022-04-11 00:00:00+00:00
[2022-04-13 07:09:52,963] {scheduler_job.py:190} INFO - Processing /home/airflow/sandbox/lib/python3.8/site-packages/airflow/example_dags/example_skip_dag.py took 0.165 seconds
[2022-04-13 07:14:34,730] {scheduler_job.py:182} INFO - Started process (PID=5080) to work on /home/airflow/sandbox/lib/python3.8/site-packages/airflow/example_dags/example_skip_dag.py
[2022-04-13 07:14:34,786] {scheduler_job.py:633} INFO - Processing file /home/airflow/sandbox/lib/python3.8/site-packages/airflow/example_dags/example_skip_dag.py for tasks to queue
[2022-04-13 07:14:34,803] {logging_mixin.py:104} INFO - [2022-04-13 07:14:34,802] {dagbag.py:487} INFO - Filling up the DagBag from /home/airflow/sandbox/lib/python3.8/site-packages/airflow/example_dags/example_skip_dag.py
[2022-04-13 07:14:34,882] {scheduler_job.py:643} INFO - DAG(s) dict_keys(['example_skip_dag']) retrieved from /home/airflow/sandbox/lib/python3.8/site-packages/airflow/example_dags/example_skip_dag.py
[2022-04-13 07:14:35,053] {logging_mixin.py:104} INFO - [2022-04-13 07:14:35,053] {dag.py:1832} INFO - Sync 1 DAGs
[2022-04-13 07:14:35,144] {logging_mixin.py:104} INFO - [2022-04-13 07:14:35,144] {dag.py:2305} INFO - Setting next_dagrun for example_skip_dag to 2022-04-11 00:00:00+00:00
[2022-04-13 07:14:35,362] {scheduler_job.py:190} INFO - Processing /home/airflow/sandbox/lib/python3.8/site-packages/airflow/example_dags/example_skip_dag.py took 0.641 seconds
[2022-04-13 07:15:06,039] {scheduler_job.py:182} INFO - Started process (PID=5419) to work on /home/airflow/sandbox/lib/python3.8/site-packages/airflow/example_dags/example_skip_dag.py
[2022-04-13 07:15:06,043] {scheduler_job.py:633} INFO - Processing file /home/airflow/sandbox/lib/python3.8/site-packages/airflow/example_dags/example_skip_dag.py for tasks to queue
[2022-04-13 07:15:06,047] {logging_mixin.py:104} INFO - [2022-04-13 07:15:06,047] {dagbag.py:487} INFO - Filling up the DagBag from /home/airflow/sandbox/lib/python3.8/site-packages/airflow/example_dags/example_skip_dag.py
[2022-04-13 07:15:06,132] {scheduler_job.py:643} INFO - DAG(s) dict_keys(['example_skip_dag']) retrieved from /home/airflow/sandbox/lib/python3.8/site-packages/airflow/example_dags/example_skip_dag.py
[2022-04-13 07:15:06,347] {logging_mixin.py:104} INFO - [2022-04-13 07:15:06,347] {dag.py:1832} INFO - Sync 1 DAGs
[2022-04-13 07:15:06,467] {logging_mixin.py:104} INFO - [2022-04-13 07:15:06,467] {dag.py:2305} INFO - Setting next_dagrun for example_skip_dag to 2022-04-11 00:00:00+00:00
[2022-04-13 07:15:06,705] {scheduler_job.py:190} INFO - Processing /home/airflow/sandbox/lib/python3.8/site-packages/airflow/example_dags/example_skip_dag.py took 0.708 seconds
[2022-04-13 07:15:37,402] {scheduler_job.py:182} INFO - Started process (PID=5767) to work on /home/airflow/sandbox/lib/python3.8/site-packages/airflow/example_dags/example_skip_dag.py
[2022-04-13 07:15:37,417] {scheduler_job.py:633} INFO - Processing file /home/airflow/sandbox/lib/python3.8/site-packages/airflow/example_dags/example_skip_dag.py for tasks to queue
[2022-04-13 07:15:37,435] {logging_mixin.py:104} INFO - [2022-04-13 07:15:37,434] {dagbag.py:487} INFO - Filling up the DagBag from /home/airflow/sandbox/lib/python3.8/site-packages/airflow/example_dags/example_skip_dag.py
[2022-04-13 07:15:37,573] {scheduler_job.py:643} INFO - DAG(s) dict_keys(['example_skip_dag']) retrieved from /home/airflow/sandbox/lib/python3.8/site-packages/airflow/example_dags/example_skip_dag.py
[2022-04-13 07:15:37,800] {logging_mixin.py:104} INFO - [2022-04-13 07:15:37,799] {dag.py:1832} INFO - Sync 1 DAGs
[2022-04-13 07:15:37,914] {logging_mixin.py:104} INFO - [2022-04-13 07:15:37,914] {dag.py:2305} INFO - Setting next_dagrun for example_skip_dag to 2022-04-11 00:00:00+00:00
[2022-04-13 07:15:38,157] {scheduler_job.py:190} INFO - Processing /home/airflow/sandbox/lib/python3.8/site-packages/airflow/example_dags/example_skip_dag.py took 0.833 seconds
[2022-04-13 07:16:12,740] {scheduler_job.py:182} INFO - Started process (PID=5992) to work on /home/airflow/sandbox/lib/python3.8/site-packages/airflow/example_dags/example_skip_dag.py
[2022-04-13 07:16:12,744] {scheduler_job.py:633} INFO - Processing file /home/airflow/sandbox/lib/python3.8/site-packages/airflow/example_dags/example_skip_dag.py for tasks to queue
[2022-04-13 07:16:12,746] {logging_mixin.py:104} INFO - [2022-04-13 07:16:12,746] {dagbag.py:487} INFO - Filling up the DagBag from /home/airflow/sandbox/lib/python3.8/site-packages/airflow/example_dags/example_skip_dag.py
[2022-04-13 07:16:12,771] {scheduler_job.py:643} INFO - DAG(s) dict_keys(['example_skip_dag']) retrieved from /home/airflow/sandbox/lib/python3.8/site-packages/airflow/example_dags/example_skip_dag.py
[2022-04-13 07:16:12,854] {logging_mixin.py:104} INFO - [2022-04-13 07:16:12,853] {dag.py:1832} INFO - Sync 1 DAGs
[2022-04-13 07:16:12,886] {logging_mixin.py:104} INFO - [2022-04-13 07:16:12,886] {dag.py:2305} INFO - Setting next_dagrun for example_skip_dag to 2022-04-11 00:00:00+00:00
[2022-04-13 07:16:12,959] {scheduler_job.py:190} INFO - Processing /home/airflow/sandbox/lib/python3.8/site-packages/airflow/example_dags/example_skip_dag.py took 0.227 seconds
[2022-04-13 07:16:44,278] {scheduler_job.py:182} INFO - Started process (PID=6223) to work on /home/airflow/sandbox/lib/python3.8/site-packages/airflow/example_dags/example_skip_dag.py
[2022-04-13 07:16:44,290] {scheduler_job.py:633} INFO - Processing file /home/airflow/sandbox/lib/python3.8/site-packages/airflow/example_dags/example_skip_dag.py for tasks to queue
[2022-04-13 07:16:44,294] {logging_mixin.py:104} INFO - [2022-04-13 07:16:44,294] {dagbag.py:487} INFO - Filling up the DagBag from /home/airflow/sandbox/lib/python3.8/site-packages/airflow/example_dags/example_skip_dag.py
[2022-04-13 07:16:44,318] {scheduler_job.py:643} INFO - DAG(s) dict_keys(['example_skip_dag']) retrieved from /home/airflow/sandbox/lib/python3.8/site-packages/airflow/example_dags/example_skip_dag.py
[2022-04-13 07:16:44,381] {logging_mixin.py:104} INFO - [2022-04-13 07:16:44,380] {dag.py:1832} INFO - Sync 1 DAGs
[2022-04-13 07:16:44,406] {logging_mixin.py:104} INFO - [2022-04-13 07:16:44,406] {dag.py:2305} INFO - Setting next_dagrun for example_skip_dag to 2022-04-11 00:00:00+00:00
[2022-04-13 07:16:44,495] {scheduler_job.py:190} INFO - Processing /home/airflow/sandbox/lib/python3.8/site-packages/airflow/example_dags/example_skip_dag.py took 0.234 seconds
[2022-04-13 07:17:16,190] {scheduler_job.py:182} INFO - Started process (PID=6425) to work on /home/airflow/sandbox/lib/python3.8/site-packages/airflow/example_dags/example_skip_dag.py
[2022-04-13 07:17:16,193] {scheduler_job.py:633} INFO - Processing file /home/airflow/sandbox/lib/python3.8/site-packages/airflow/example_dags/example_skip_dag.py for tasks to queue
[2022-04-13 07:17:16,195] {logging_mixin.py:104} INFO - [2022-04-13 07:17:16,195] {dagbag.py:487} INFO - Filling up the DagBag from /home/airflow/sandbox/lib/python3.8/site-packages/airflow/example_dags/example_skip_dag.py
[2022-04-13 07:17:16,255] {scheduler_job.py:643} INFO - DAG(s) dict_keys(['example_skip_dag']) retrieved from /home/airflow/sandbox/lib/python3.8/site-packages/airflow/example_dags/example_skip_dag.py
[2022-04-13 07:17:16,433] {logging_mixin.py:104} INFO - [2022-04-13 07:17:16,432] {dag.py:1832} INFO - Sync 1 DAGs
[2022-04-13 07:17:16,490] {logging_mixin.py:104} INFO - [2022-04-13 07:17:16,490] {dag.py:2305} INFO - Setting next_dagrun for example_skip_dag to 2022-04-11 00:00:00+00:00
[2022-04-13 07:17:16,544] {scheduler_job.py:190} INFO - Processing /home/airflow/sandbox/lib/python3.8/site-packages/airflow/example_dags/example_skip_dag.py took 0.363 seconds
[2022-04-13 07:17:48,010] {scheduler_job.py:182} INFO - Started process (PID=6624) to work on /home/airflow/sandbox/lib/python3.8/site-packages/airflow/example_dags/example_skip_dag.py
[2022-04-13 07:17:48,028] {scheduler_job.py:633} INFO - Processing file /home/airflow/sandbox/lib/python3.8/site-packages/airflow/example_dags/example_skip_dag.py for tasks to queue
[2022-04-13 07:17:48,049] {logging_mixin.py:104} INFO - [2022-04-13 07:17:48,048] {dagbag.py:487} INFO - Filling up the DagBag from /home/airflow/sandbox/lib/python3.8/site-packages/airflow/example_dags/example_skip_dag.py
[2022-04-13 07:17:48,086] {scheduler_job.py:643} INFO - DAG(s) dict_keys(['example_skip_dag']) retrieved from /home/airflow/sandbox/lib/python3.8/site-packages/airflow/example_dags/example_skip_dag.py
[2022-04-13 07:17:48,267] {logging_mixin.py:104} INFO - [2022-04-13 07:17:48,267] {dag.py:1832} INFO - Sync 1 DAGs
[2022-04-13 07:17:48,328] {logging_mixin.py:104} INFO - [2022-04-13 07:17:48,328] {dag.py:2305} INFO - Setting next_dagrun for example_skip_dag to 2022-04-11 00:00:00+00:00
[2022-04-13 07:17:48,423] {scheduler_job.py:190} INFO - Processing /home/airflow/sandbox/lib/python3.8/site-packages/airflow/example_dags/example_skip_dag.py took 0.422 seconds
[2022-04-13 07:18:18,565] {scheduler_job.py:182} INFO - Started process (PID=6816) to work on /home/airflow/sandbox/lib/python3.8/site-packages/airflow/example_dags/example_skip_dag.py
[2022-04-13 07:18:18,568] {scheduler_job.py:633} INFO - Processing file /home/airflow/sandbox/lib/python3.8/site-packages/airflow/example_dags/example_skip_dag.py for tasks to queue
[2022-04-13 07:18:18,579] {logging_mixin.py:104} INFO - [2022-04-13 07:18:18,579] {dagbag.py:487} INFO - Filling up the DagBag from /home/airflow/sandbox/lib/python3.8/site-packages/airflow/example_dags/example_skip_dag.py
[2022-04-13 07:18:18,641] {scheduler_job.py:643} INFO - DAG(s) dict_keys(['example_skip_dag']) retrieved from /home/airflow/sandbox/lib/python3.8/site-packages/airflow/example_dags/example_skip_dag.py
[2022-04-13 07:18:18,831] {logging_mixin.py:104} INFO - [2022-04-13 07:18:18,831] {dag.py:1832} INFO - Sync 1 DAGs
[2022-04-13 07:18:18,927] {logging_mixin.py:104} INFO - [2022-04-13 07:18:18,927] {dag.py:2305} INFO - Setting next_dagrun for example_skip_dag to 2022-04-11 00:00:00+00:00
[2022-04-13 07:18:19,002] {scheduler_job.py:190} INFO - Processing /home/airflow/sandbox/lib/python3.8/site-packages/airflow/example_dags/example_skip_dag.py took 0.458 seconds
[2022-04-13 07:18:49,206] {scheduler_job.py:182} INFO - Started process (PID=7014) to work on /home/airflow/sandbox/lib/python3.8/site-packages/airflow/example_dags/example_skip_dag.py
[2022-04-13 07:18:49,237] {scheduler_job.py:633} INFO - Processing file /home/airflow/sandbox/lib/python3.8/site-packages/airflow/example_dags/example_skip_dag.py for tasks to queue
[2022-04-13 07:18:49,239] {logging_mixin.py:104} INFO - [2022-04-13 07:18:49,238] {dagbag.py:487} INFO - Filling up the DagBag from /home/airflow/sandbox/lib/python3.8/site-packages/airflow/example_dags/example_skip_dag.py
[2022-04-13 07:18:49,281] {scheduler_job.py:643} INFO - DAG(s) dict_keys(['example_skip_dag']) retrieved from /home/airflow/sandbox/lib/python3.8/site-packages/airflow/example_dags/example_skip_dag.py
[2022-04-13 07:18:49,414] {logging_mixin.py:104} INFO - [2022-04-13 07:18:49,413] {dag.py:1832} INFO - Sync 1 DAGs
[2022-04-13 07:18:49,510] {logging_mixin.py:104} INFO - [2022-04-13 07:18:49,510] {dag.py:2305} INFO - Setting next_dagrun for example_skip_dag to 2022-04-11 00:00:00+00:00
[2022-04-13 07:18:49,573] {scheduler_job.py:190} INFO - Processing /home/airflow/sandbox/lib/python3.8/site-packages/airflow/example_dags/example_skip_dag.py took 0.384 seconds
[2022-04-13 07:19:20,087] {scheduler_job.py:182} INFO - Started process (PID=7258) to work on /home/airflow/sandbox/lib/python3.8/site-packages/airflow/example_dags/example_skip_dag.py
[2022-04-13 07:19:20,090] {scheduler_job.py:633} INFO - Processing file /home/airflow/sandbox/lib/python3.8/site-packages/airflow/example_dags/example_skip_dag.py for tasks to queue
[2022-04-13 07:19:20,092] {logging_mixin.py:104} INFO - [2022-04-13 07:19:20,092] {dagbag.py:487} INFO - Filling up the DagBag from /home/airflow/sandbox/lib/python3.8/site-packages/airflow/example_dags/example_skip_dag.py
[2022-04-13 07:19:20,140] {scheduler_job.py:643} INFO - DAG(s) dict_keys(['example_skip_dag']) retrieved from /home/airflow/sandbox/lib/python3.8/site-packages/airflow/example_dags/example_skip_dag.py
[2022-04-13 07:19:20,321] {logging_mixin.py:104} INFO - [2022-04-13 07:19:20,321] {dag.py:1832} INFO - Sync 1 DAGs
[2022-04-13 07:19:20,399] {logging_mixin.py:104} INFO - [2022-04-13 07:19:20,398] {dag.py:2305} INFO - Setting next_dagrun for example_skip_dag to 2022-04-11 00:00:00+00:00
[2022-04-13 07:19:20,503] {scheduler_job.py:190} INFO - Processing /home/airflow/sandbox/lib/python3.8/site-packages/airflow/example_dags/example_skip_dag.py took 0.448 seconds
[2022-04-13 07:19:50,961] {scheduler_job.py:182} INFO - Started process (PID=7662) to work on /home/airflow/sandbox/lib/python3.8/site-packages/airflow/example_dags/example_skip_dag.py
[2022-04-13 07:19:50,963] {scheduler_job.py:633} INFO - Processing file /home/airflow/sandbox/lib/python3.8/site-packages/airflow/example_dags/example_skip_dag.py for tasks to queue
[2022-04-13 07:19:50,965] {logging_mixin.py:104} INFO - [2022-04-13 07:19:50,965] {dagbag.py:487} INFO - Filling up the DagBag from /home/airflow/sandbox/lib/python3.8/site-packages/airflow/example_dags/example_skip_dag.py
[2022-04-13 07:19:50,989] {scheduler_job.py:643} INFO - DAG(s) dict_keys(['example_skip_dag']) retrieved from /home/airflow/sandbox/lib/python3.8/site-packages/airflow/example_dags/example_skip_dag.py
[2022-04-13 07:19:51,081] {logging_mixin.py:104} INFO - [2022-04-13 07:19:51,081] {dag.py:1832} INFO - Sync 1 DAGs
[2022-04-13 07:19:51,118] {logging_mixin.py:104} INFO - [2022-04-13 07:19:51,117] {dag.py:2305} INFO - Setting next_dagrun for example_skip_dag to 2022-04-11 00:00:00+00:00
[2022-04-13 07:19:51,151] {scheduler_job.py:190} INFO - Processing /home/airflow/sandbox/lib/python3.8/site-packages/airflow/example_dags/example_skip_dag.py took 0.200 seconds
[2022-04-13 07:20:22,729] {scheduler_job.py:182} INFO - Started process (PID=7862) to work on /home/airflow/sandbox/lib/python3.8/site-packages/airflow/example_dags/example_skip_dag.py
[2022-04-13 07:20:22,733] {scheduler_job.py:633} INFO - Processing file /home/airflow/sandbox/lib/python3.8/site-packages/airflow/example_dags/example_skip_dag.py for tasks to queue
[2022-04-13 07:20:22,735] {logging_mixin.py:104} INFO - [2022-04-13 07:20:22,734] {dagbag.py:487} INFO - Filling up the DagBag from /home/airflow/sandbox/lib/python3.8/site-packages/airflow/example_dags/example_skip_dag.py
[2022-04-13 07:20:22,764] {scheduler_job.py:643} INFO - DAG(s) dict_keys(['example_skip_dag']) retrieved from /home/airflow/sandbox/lib/python3.8/site-packages/airflow/example_dags/example_skip_dag.py
[2022-04-13 07:20:22,865] {logging_mixin.py:104} INFO - [2022-04-13 07:20:22,857] {dag.py:1832} INFO - Sync 1 DAGs
[2022-04-13 07:20:22,917] {logging_mixin.py:104} INFO - [2022-04-13 07:20:22,917] {dag.py:2305} INFO - Setting next_dagrun for example_skip_dag to 2022-04-11 00:00:00+00:00
[2022-04-13 07:20:22,988] {scheduler_job.py:190} INFO - Processing /home/airflow/sandbox/lib/python3.8/site-packages/airflow/example_dags/example_skip_dag.py took 0.278 seconds
[2022-04-13 07:20:53,711] {scheduler_job.py:182} INFO - Started process (PID=8061) to work on /home/airflow/sandbox/lib/python3.8/site-packages/airflow/example_dags/example_skip_dag.py
[2022-04-13 07:20:53,716] {scheduler_job.py:633} INFO - Processing file /home/airflow/sandbox/lib/python3.8/site-packages/airflow/example_dags/example_skip_dag.py for tasks to queue
[2022-04-13 07:20:53,718] {logging_mixin.py:104} INFO - [2022-04-13 07:20:53,718] {dagbag.py:487} INFO - Filling up the DagBag from /home/airflow/sandbox/lib/python3.8/site-packages/airflow/example_dags/example_skip_dag.py
[2022-04-13 07:20:53,815] {scheduler_job.py:643} INFO - DAG(s) dict_keys(['example_skip_dag']) retrieved from /home/airflow/sandbox/lib/python3.8/site-packages/airflow/example_dags/example_skip_dag.py
[2022-04-13 07:20:53,942] {logging_mixin.py:104} INFO - [2022-04-13 07:20:53,941] {dag.py:1832} INFO - Sync 1 DAGs
[2022-04-13 07:20:54,050] {logging_mixin.py:104} INFO - [2022-04-13 07:20:54,050] {dag.py:2305} INFO - Setting next_dagrun for example_skip_dag to 2022-04-11 00:00:00+00:00
[2022-04-13 07:20:54,228] {scheduler_job.py:190} INFO - Processing /home/airflow/sandbox/lib/python3.8/site-packages/airflow/example_dags/example_skip_dag.py took 0.556 seconds
[2022-04-13 07:21:24,475] {scheduler_job.py:182} INFO - Started process (PID=8254) to work on /home/airflow/sandbox/lib/python3.8/site-packages/airflow/example_dags/example_skip_dag.py
[2022-04-13 07:21:24,494] {scheduler_job.py:633} INFO - Processing file /home/airflow/sandbox/lib/python3.8/site-packages/airflow/example_dags/example_skip_dag.py for tasks to queue
[2022-04-13 07:21:24,507] {logging_mixin.py:104} INFO - [2022-04-13 07:21:24,507] {dagbag.py:487} INFO - Filling up the DagBag from /home/airflow/sandbox/lib/python3.8/site-packages/airflow/example_dags/example_skip_dag.py
[2022-04-13 07:21:24,583] {scheduler_job.py:643} INFO - DAG(s) dict_keys(['example_skip_dag']) retrieved from /home/airflow/sandbox/lib/python3.8/site-packages/airflow/example_dags/example_skip_dag.py
[2022-04-13 07:21:24,652] {logging_mixin.py:104} INFO - [2022-04-13 07:21:24,651] {dag.py:1832} INFO - Sync 1 DAGs
[2022-04-13 07:21:24,684] {logging_mixin.py:104} INFO - [2022-04-13 07:21:24,684] {dag.py:2305} INFO - Setting next_dagrun for example_skip_dag to 2022-04-11 00:00:00+00:00
[2022-04-13 07:21:24,732] {scheduler_job.py:190} INFO - Processing /home/airflow/sandbox/lib/python3.8/site-packages/airflow/example_dags/example_skip_dag.py took 0.291 seconds
[2022-04-13 07:21:55,263] {scheduler_job.py:182} INFO - Started process (PID=8455) to work on /home/airflow/sandbox/lib/python3.8/site-packages/airflow/example_dags/example_skip_dag.py
[2022-04-13 07:21:55,270] {scheduler_job.py:633} INFO - Processing file /home/airflow/sandbox/lib/python3.8/site-packages/airflow/example_dags/example_skip_dag.py for tasks to queue
[2022-04-13 07:21:55,272] {logging_mixin.py:104} INFO - [2022-04-13 07:21:55,271] {dagbag.py:487} INFO - Filling up the DagBag from /home/airflow/sandbox/lib/python3.8/site-packages/airflow/example_dags/example_skip_dag.py
[2022-04-13 07:21:55,299] {scheduler_job.py:643} INFO - DAG(s) dict_keys(['example_skip_dag']) retrieved from /home/airflow/sandbox/lib/python3.8/site-packages/airflow/example_dags/example_skip_dag.py
[2022-04-13 07:21:55,363] {logging_mixin.py:104} INFO - [2022-04-13 07:21:55,362] {dag.py:1832} INFO - Sync 1 DAGs
[2022-04-13 07:21:55,401] {logging_mixin.py:104} INFO - [2022-04-13 07:21:55,400] {dag.py:2305} INFO - Setting next_dagrun for example_skip_dag to 2022-04-11 00:00:00+00:00
[2022-04-13 07:21:55,446] {scheduler_job.py:190} INFO - Processing /home/airflow/sandbox/lib/python3.8/site-packages/airflow/example_dags/example_skip_dag.py took 0.192 seconds
[2022-04-13 07:22:26,124] {scheduler_job.py:182} INFO - Started process (PID=8652) to work on /home/airflow/sandbox/lib/python3.8/site-packages/airflow/example_dags/example_skip_dag.py
[2022-04-13 07:22:26,133] {scheduler_job.py:633} INFO - Processing file /home/airflow/sandbox/lib/python3.8/site-packages/airflow/example_dags/example_skip_dag.py for tasks to queue
[2022-04-13 07:22:26,135] {logging_mixin.py:104} INFO - [2022-04-13 07:22:26,134] {dagbag.py:487} INFO - Filling up the DagBag from /home/airflow/sandbox/lib/python3.8/site-packages/airflow/example_dags/example_skip_dag.py
[2022-04-13 07:22:26,159] {scheduler_job.py:643} INFO - DAG(s) dict_keys(['example_skip_dag']) retrieved from /home/airflow/sandbox/lib/python3.8/site-packages/airflow/example_dags/example_skip_dag.py
[2022-04-13 07:22:26,261] {logging_mixin.py:104} INFO - [2022-04-13 07:22:26,261] {dag.py:1832} INFO - Sync 1 DAGs
[2022-04-13 07:22:26,305] {logging_mixin.py:104} INFO - [2022-04-13 07:22:26,304] {dag.py:2305} INFO - Setting next_dagrun for example_skip_dag to 2022-04-11 00:00:00+00:00
[2022-04-13 07:22:26,332] {scheduler_job.py:190} INFO - Processing /home/airflow/sandbox/lib/python3.8/site-packages/airflow/example_dags/example_skip_dag.py took 0.255 seconds
[2022-04-13 07:22:56,941] {scheduler_job.py:182} INFO - Started process (PID=8852) to work on /home/airflow/sandbox/lib/python3.8/site-packages/airflow/example_dags/example_skip_dag.py
[2022-04-13 07:22:56,945] {scheduler_job.py:633} INFO - Processing file /home/airflow/sandbox/lib/python3.8/site-packages/airflow/example_dags/example_skip_dag.py for tasks to queue
[2022-04-13 07:22:56,947] {logging_mixin.py:104} INFO - [2022-04-13 07:22:56,947] {dagbag.py:487} INFO - Filling up the DagBag from /home/airflow/sandbox/lib/python3.8/site-packages/airflow/example_dags/example_skip_dag.py
[2022-04-13 07:22:56,976] {scheduler_job.py:643} INFO - DAG(s) dict_keys(['example_skip_dag']) retrieved from /home/airflow/sandbox/lib/python3.8/site-packages/airflow/example_dags/example_skip_dag.py
[2022-04-13 07:22:57,041] {logging_mixin.py:104} INFO - [2022-04-13 07:22:57,040] {dag.py:1832} INFO - Sync 1 DAGs
[2022-04-13 07:22:57,079] {logging_mixin.py:104} INFO - [2022-04-13 07:22:57,079] {dag.py:2305} INFO - Setting next_dagrun for example_skip_dag to 2022-04-11 00:00:00+00:00
[2022-04-13 07:22:57,127] {scheduler_job.py:190} INFO - Processing /home/airflow/sandbox/lib/python3.8/site-packages/airflow/example_dags/example_skip_dag.py took 0.194 seconds
[2022-04-13 07:23:27,743] {scheduler_job.py:182} INFO - Started process (PID=9052) to work on /home/airflow/sandbox/lib/python3.8/site-packages/airflow/example_dags/example_skip_dag.py
[2022-04-13 07:23:27,754] {scheduler_job.py:633} INFO - Processing file /home/airflow/sandbox/lib/python3.8/site-packages/airflow/example_dags/example_skip_dag.py for tasks to queue
[2022-04-13 07:23:27,759] {logging_mixin.py:104} INFO - [2022-04-13 07:23:27,758] {dagbag.py:487} INFO - Filling up the DagBag from /home/airflow/sandbox/lib/python3.8/site-packages/airflow/example_dags/example_skip_dag.py
[2022-04-13 07:23:27,805] {scheduler_job.py:643} INFO - DAG(s) dict_keys(['example_skip_dag']) retrieved from /home/airflow/sandbox/lib/python3.8/site-packages/airflow/example_dags/example_skip_dag.py
[2022-04-13 07:23:27,945] {logging_mixin.py:104} INFO - [2022-04-13 07:23:27,945] {dag.py:1832} INFO - Sync 1 DAGs
[2022-04-13 07:23:27,984] {logging_mixin.py:104} INFO - [2022-04-13 07:23:27,983] {dag.py:2305} INFO - Setting next_dagrun for example_skip_dag to 2022-04-11 00:00:00+00:00
[2022-04-13 07:23:28,013] {scheduler_job.py:190} INFO - Processing /home/airflow/sandbox/lib/python3.8/site-packages/airflow/example_dags/example_skip_dag.py took 0.279 seconds
[2022-04-13 07:23:58,485] {scheduler_job.py:182} INFO - Started process (PID=9251) to work on /home/airflow/sandbox/lib/python3.8/site-packages/airflow/example_dags/example_skip_dag.py
[2022-04-13 07:23:58,488] {scheduler_job.py:633} INFO - Processing file /home/airflow/sandbox/lib/python3.8/site-packages/airflow/example_dags/example_skip_dag.py for tasks to queue
[2022-04-13 07:23:58,489] {logging_mixin.py:104} INFO - [2022-04-13 07:23:58,489] {dagbag.py:487} INFO - Filling up the DagBag from /home/airflow/sandbox/lib/python3.8/site-packages/airflow/example_dags/example_skip_dag.py
[2022-04-13 07:23:58,554] {scheduler_job.py:643} INFO - DAG(s) dict_keys(['example_skip_dag']) retrieved from /home/airflow/sandbox/lib/python3.8/site-packages/airflow/example_dags/example_skip_dag.py
[2022-04-13 07:23:58,657] {logging_mixin.py:104} INFO - [2022-04-13 07:23:58,657] {dag.py:1832} INFO - Sync 1 DAGs
[2022-04-13 07:23:58,692] {logging_mixin.py:104} INFO - [2022-04-13 07:23:58,692] {dag.py:2305} INFO - Setting next_dagrun for example_skip_dag to 2022-04-11 00:00:00+00:00
[2022-04-13 07:23:58,757] {scheduler_job.py:190} INFO - Processing /home/airflow/sandbox/lib/python3.8/site-packages/airflow/example_dags/example_skip_dag.py took 0.323 seconds
[2022-04-13 07:24:30,090] {scheduler_job.py:182} INFO - Started process (PID=9697) to work on /home/airflow/sandbox/lib/python3.8/site-packages/airflow/example_dags/example_skip_dag.py
[2022-04-13 07:24:30,094] {scheduler_job.py:633} INFO - Processing file /home/airflow/sandbox/lib/python3.8/site-packages/airflow/example_dags/example_skip_dag.py for tasks to queue
[2022-04-13 07:24:30,096] {logging_mixin.py:104} INFO - [2022-04-13 07:24:30,096] {dagbag.py:487} INFO - Filling up the DagBag from /home/airflow/sandbox/lib/python3.8/site-packages/airflow/example_dags/example_skip_dag.py
[2022-04-13 07:24:30,135] {scheduler_job.py:643} INFO - DAG(s) dict_keys(['example_skip_dag']) retrieved from /home/airflow/sandbox/lib/python3.8/site-packages/airflow/example_dags/example_skip_dag.py
[2022-04-13 07:24:30,204] {logging_mixin.py:104} INFO - [2022-04-13 07:24:30,203] {dag.py:1832} INFO - Sync 1 DAGs
[2022-04-13 07:24:30,382] {logging_mixin.py:104} INFO - [2022-04-13 07:24:30,381] {dag.py:2305} INFO - Setting next_dagrun for example_skip_dag to 2022-04-11 00:00:00+00:00
[2022-04-13 07:24:30,415] {scheduler_job.py:190} INFO - Processing /home/airflow/sandbox/lib/python3.8/site-packages/airflow/example_dags/example_skip_dag.py took 0.334 seconds
[2022-04-13 07:25:01,317] {scheduler_job.py:182} INFO - Started process (PID=9894) to work on /home/airflow/sandbox/lib/python3.8/site-packages/airflow/example_dags/example_skip_dag.py
[2022-04-13 07:25:01,332] {scheduler_job.py:633} INFO - Processing file /home/airflow/sandbox/lib/python3.8/site-packages/airflow/example_dags/example_skip_dag.py for tasks to queue
[2022-04-13 07:25:01,341] {logging_mixin.py:104} INFO - [2022-04-13 07:25:01,341] {dagbag.py:487} INFO - Filling up the DagBag from /home/airflow/sandbox/lib/python3.8/site-packages/airflow/example_dags/example_skip_dag.py
[2022-04-13 07:25:01,434] {scheduler_job.py:643} INFO - DAG(s) dict_keys(['example_skip_dag']) retrieved from /home/airflow/sandbox/lib/python3.8/site-packages/airflow/example_dags/example_skip_dag.py
[2022-04-13 07:25:01,612] {logging_mixin.py:104} INFO - [2022-04-13 07:25:01,612] {dag.py:1832} INFO - Sync 1 DAGs
[2022-04-13 07:25:01,913] {logging_mixin.py:104} INFO - [2022-04-13 07:25:01,912] {dag.py:2305} INFO - Setting next_dagrun for example_skip_dag to 2022-04-11 00:00:00+00:00
[2022-04-13 07:25:01,977] {scheduler_job.py:190} INFO - Processing /home/airflow/sandbox/lib/python3.8/site-packages/airflow/example_dags/example_skip_dag.py took 0.670 seconds
[2022-04-13 07:25:33,101] {scheduler_job.py:182} INFO - Started process (PID=10096) to work on /home/airflow/sandbox/lib/python3.8/site-packages/airflow/example_dags/example_skip_dag.py
[2022-04-13 07:25:33,105] {scheduler_job.py:633} INFO - Processing file /home/airflow/sandbox/lib/python3.8/site-packages/airflow/example_dags/example_skip_dag.py for tasks to queue
[2022-04-13 07:25:33,107] {logging_mixin.py:104} INFO - [2022-04-13 07:25:33,106] {dagbag.py:487} INFO - Filling up the DagBag from /home/airflow/sandbox/lib/python3.8/site-packages/airflow/example_dags/example_skip_dag.py
[2022-04-13 07:25:33,136] {scheduler_job.py:643} INFO - DAG(s) dict_keys(['example_skip_dag']) retrieved from /home/airflow/sandbox/lib/python3.8/site-packages/airflow/example_dags/example_skip_dag.py
[2022-04-13 07:25:33,328] {logging_mixin.py:104} INFO - [2022-04-13 07:25:33,327] {dag.py:1832} INFO - Sync 1 DAGs
[2022-04-13 07:25:33,721] {logging_mixin.py:104} INFO - [2022-04-13 07:25:33,721] {dag.py:2305} INFO - Setting next_dagrun for example_skip_dag to 2022-04-11 00:00:00+00:00
[2022-04-13 07:25:33,758] {scheduler_job.py:190} INFO - Processing /home/airflow/sandbox/lib/python3.8/site-packages/airflow/example_dags/example_skip_dag.py took 0.689 seconds
[2022-04-13 07:26:05,005] {scheduler_job.py:182} INFO - Started process (PID=10296) to work on /home/airflow/sandbox/lib/python3.8/site-packages/airflow/example_dags/example_skip_dag.py
[2022-04-13 07:26:05,009] {scheduler_job.py:633} INFO - Processing file /home/airflow/sandbox/lib/python3.8/site-packages/airflow/example_dags/example_skip_dag.py for tasks to queue
[2022-04-13 07:26:05,011] {logging_mixin.py:104} INFO - [2022-04-13 07:26:05,011] {dagbag.py:487} INFO - Filling up the DagBag from /home/airflow/sandbox/lib/python3.8/site-packages/airflow/example_dags/example_skip_dag.py
[2022-04-13 07:26:05,037] {scheduler_job.py:643} INFO - DAG(s) dict_keys(['example_skip_dag']) retrieved from /home/airflow/sandbox/lib/python3.8/site-packages/airflow/example_dags/example_skip_dag.py
[2022-04-13 07:26:05,102] {logging_mixin.py:104} INFO - [2022-04-13 07:26:05,102] {dag.py:1832} INFO - Sync 1 DAGs
[2022-04-13 07:26:05,408] {logging_mixin.py:104} INFO - [2022-04-13 07:26:05,408] {dag.py:2305} INFO - Setting next_dagrun for example_skip_dag to 2022-04-11 00:00:00+00:00
[2022-04-13 07:26:05,440] {scheduler_job.py:190} INFO - Processing /home/airflow/sandbox/lib/python3.8/site-packages/airflow/example_dags/example_skip_dag.py took 0.445 seconds
[2022-04-13 07:26:36,811] {scheduler_job.py:182} INFO - Started process (PID=10496) to work on /home/airflow/sandbox/lib/python3.8/site-packages/airflow/example_dags/example_skip_dag.py
[2022-04-13 07:26:36,816] {scheduler_job.py:633} INFO - Processing file /home/airflow/sandbox/lib/python3.8/site-packages/airflow/example_dags/example_skip_dag.py for tasks to queue
[2022-04-13 07:26:36,822] {logging_mixin.py:104} INFO - [2022-04-13 07:26:36,822] {dagbag.py:487} INFO - Filling up the DagBag from /home/airflow/sandbox/lib/python3.8/site-packages/airflow/example_dags/example_skip_dag.py
[2022-04-13 07:26:36,868] {scheduler_job.py:643} INFO - DAG(s) dict_keys(['example_skip_dag']) retrieved from /home/airflow/sandbox/lib/python3.8/site-packages/airflow/example_dags/example_skip_dag.py
[2022-04-13 07:26:37,028] {logging_mixin.py:104} INFO - [2022-04-13 07:26:37,028] {dag.py:1832} INFO - Sync 1 DAGs
[2022-04-13 07:26:37,269] {logging_mixin.py:104} INFO - [2022-04-13 07:26:37,269] {dag.py:2305} INFO - Setting next_dagrun for example_skip_dag to 2022-04-11 00:00:00+00:00
[2022-04-13 07:26:37,295] {scheduler_job.py:190} INFO - Processing /home/airflow/sandbox/lib/python3.8/site-packages/airflow/example_dags/example_skip_dag.py took 0.521 seconds
[2022-04-13 07:27:08,314] {scheduler_job.py:182} INFO - Started process (PID=10695) to work on /home/airflow/sandbox/lib/python3.8/site-packages/airflow/example_dags/example_skip_dag.py
[2022-04-13 07:27:08,331] {scheduler_job.py:633} INFO - Processing file /home/airflow/sandbox/lib/python3.8/site-packages/airflow/example_dags/example_skip_dag.py for tasks to queue
[2022-04-13 07:27:08,333] {logging_mixin.py:104} INFO - [2022-04-13 07:27:08,332] {dagbag.py:487} INFO - Filling up the DagBag from /home/airflow/sandbox/lib/python3.8/site-packages/airflow/example_dags/example_skip_dag.py
[2022-04-13 07:27:08,443] {scheduler_job.py:643} INFO - DAG(s) dict_keys(['example_skip_dag']) retrieved from /home/airflow/sandbox/lib/python3.8/site-packages/airflow/example_dags/example_skip_dag.py
[2022-04-13 07:27:08,690] {logging_mixin.py:104} INFO - [2022-04-13 07:27:08,690] {dag.py:1832} INFO - Sync 1 DAGs
[2022-04-13 07:27:08,740] {logging_mixin.py:104} INFO - [2022-04-13 07:27:08,740] {dag.py:2305} INFO - Setting next_dagrun for example_skip_dag to 2022-04-11 00:00:00+00:00
[2022-04-13 07:27:08,772] {scheduler_job.py:190} INFO - Processing /home/airflow/sandbox/lib/python3.8/site-packages/airflow/example_dags/example_skip_dag.py took 0.468 seconds
[2022-04-13 07:27:38,901] {scheduler_job.py:182} INFO - Started process (PID=10885) to work on /home/airflow/sandbox/lib/python3.8/site-packages/airflow/example_dags/example_skip_dag.py
[2022-04-13 07:27:38,908] {scheduler_job.py:633} INFO - Processing file /home/airflow/sandbox/lib/python3.8/site-packages/airflow/example_dags/example_skip_dag.py for tasks to queue
[2022-04-13 07:27:38,928] {logging_mixin.py:104} INFO - [2022-04-13 07:27:38,928] {dagbag.py:487} INFO - Filling up the DagBag from /home/airflow/sandbox/lib/python3.8/site-packages/airflow/example_dags/example_skip_dag.py
[2022-04-13 07:27:38,968] {scheduler_job.py:643} INFO - DAG(s) dict_keys(['example_skip_dag']) retrieved from /home/airflow/sandbox/lib/python3.8/site-packages/airflow/example_dags/example_skip_dag.py
[2022-04-13 07:27:39,415] {logging_mixin.py:104} INFO - [2022-04-13 07:27:39,415] {dag.py:1832} INFO - Sync 1 DAGs
[2022-04-13 07:27:39,466] {logging_mixin.py:104} INFO - [2022-04-13 07:27:39,466] {dag.py:2305} INFO - Setting next_dagrun for example_skip_dag to 2022-04-11 00:00:00+00:00
[2022-04-13 07:27:39,510] {scheduler_job.py:190} INFO - Processing /home/airflow/sandbox/lib/python3.8/site-packages/airflow/example_dags/example_skip_dag.py took 0.631 seconds
[2022-04-13 07:28:10,071] {scheduler_job.py:182} INFO - Started process (PID=11087) to work on /home/airflow/sandbox/lib/python3.8/site-packages/airflow/example_dags/example_skip_dag.py
[2022-04-13 07:28:10,086] {scheduler_job.py:633} INFO - Processing file /home/airflow/sandbox/lib/python3.8/site-packages/airflow/example_dags/example_skip_dag.py for tasks to queue
[2022-04-13 07:28:10,089] {logging_mixin.py:104} INFO - [2022-04-13 07:28:10,088] {dagbag.py:487} INFO - Filling up the DagBag from /home/airflow/sandbox/lib/python3.8/site-packages/airflow/example_dags/example_skip_dag.py
[2022-04-13 07:28:10,183] {scheduler_job.py:643} INFO - DAG(s) dict_keys(['example_skip_dag']) retrieved from /home/airflow/sandbox/lib/python3.8/site-packages/airflow/example_dags/example_skip_dag.py
[2022-04-13 07:28:10,632] {logging_mixin.py:104} INFO - [2022-04-13 07:28:10,632] {dag.py:1832} INFO - Sync 1 DAGs
[2022-04-13 07:28:10,717] {logging_mixin.py:104} INFO - [2022-04-13 07:28:10,717] {dag.py:2305} INFO - Setting next_dagrun for example_skip_dag to 2022-04-11 00:00:00+00:00
[2022-04-13 07:28:11,013] {scheduler_job.py:190} INFO - Processing /home/airflow/sandbox/lib/python3.8/site-packages/airflow/example_dags/example_skip_dag.py took 0.965 seconds
[2022-04-13 07:28:41,381] {scheduler_job.py:182} INFO - Started process (PID=11287) to work on /home/airflow/sandbox/lib/python3.8/site-packages/airflow/example_dags/example_skip_dag.py
[2022-04-13 07:28:41,384] {scheduler_job.py:633} INFO - Processing file /home/airflow/sandbox/lib/python3.8/site-packages/airflow/example_dags/example_skip_dag.py for tasks to queue
[2022-04-13 07:28:41,386] {logging_mixin.py:104} INFO - [2022-04-13 07:28:41,386] {dagbag.py:487} INFO - Filling up the DagBag from /home/airflow/sandbox/lib/python3.8/site-packages/airflow/example_dags/example_skip_dag.py
[2022-04-13 07:28:41,416] {scheduler_job.py:643} INFO - DAG(s) dict_keys(['example_skip_dag']) retrieved from /home/airflow/sandbox/lib/python3.8/site-packages/airflow/example_dags/example_skip_dag.py
[2022-04-13 07:28:41,681] {logging_mixin.py:104} INFO - [2022-04-13 07:28:41,680] {dag.py:1832} INFO - Sync 1 DAGs
[2022-04-13 07:28:41,763] {logging_mixin.py:104} INFO - [2022-04-13 07:28:41,762] {dag.py:2305} INFO - Setting next_dagrun for example_skip_dag to 2022-04-11 00:00:00+00:00
[2022-04-13 07:28:41,797] {scheduler_job.py:190} INFO - Processing /home/airflow/sandbox/lib/python3.8/site-packages/airflow/example_dags/example_skip_dag.py took 0.432 seconds
[2022-04-13 07:29:12,726] {scheduler_job.py:182} INFO - Started process (PID=11487) to work on /home/airflow/sandbox/lib/python3.8/site-packages/airflow/example_dags/example_skip_dag.py
[2022-04-13 07:29:12,748] {scheduler_job.py:633} INFO - Processing file /home/airflow/sandbox/lib/python3.8/site-packages/airflow/example_dags/example_skip_dag.py for tasks to queue
[2022-04-13 07:29:12,749] {logging_mixin.py:104} INFO - [2022-04-13 07:29:12,749] {dagbag.py:487} INFO - Filling up the DagBag from /home/airflow/sandbox/lib/python3.8/site-packages/airflow/example_dags/example_skip_dag.py
[2022-04-13 07:29:12,812] {scheduler_job.py:643} INFO - DAG(s) dict_keys(['example_skip_dag']) retrieved from /home/airflow/sandbox/lib/python3.8/site-packages/airflow/example_dags/example_skip_dag.py
[2022-04-13 07:29:13,085] {logging_mixin.py:104} INFO - [2022-04-13 07:29:13,085] {dag.py:1832} INFO - Sync 1 DAGs
[2022-04-13 07:29:13,116] {logging_mixin.py:104} INFO - [2022-04-13 07:29:13,116] {dag.py:2305} INFO - Setting next_dagrun for example_skip_dag to 2022-04-11 00:00:00+00:00
[2022-04-13 07:29:13,145] {scheduler_job.py:190} INFO - Processing /home/airflow/sandbox/lib/python3.8/site-packages/airflow/example_dags/example_skip_dag.py took 0.441 seconds
[2022-04-13 07:29:44,583] {scheduler_job.py:182} INFO - Started process (PID=11926) to work on /home/airflow/sandbox/lib/python3.8/site-packages/airflow/example_dags/example_skip_dag.py
[2022-04-13 07:29:44,587] {scheduler_job.py:633} INFO - Processing file /home/airflow/sandbox/lib/python3.8/site-packages/airflow/example_dags/example_skip_dag.py for tasks to queue
[2022-04-13 07:29:44,591] {logging_mixin.py:104} INFO - [2022-04-13 07:29:44,590] {dagbag.py:487} INFO - Filling up the DagBag from /home/airflow/sandbox/lib/python3.8/site-packages/airflow/example_dags/example_skip_dag.py
[2022-04-13 07:29:44,806] {scheduler_job.py:643} INFO - DAG(s) dict_keys(['example_skip_dag']) retrieved from /home/airflow/sandbox/lib/python3.8/site-packages/airflow/example_dags/example_skip_dag.py
[2022-04-13 07:29:44,863] {logging_mixin.py:104} INFO - [2022-04-13 07:29:44,863] {dag.py:1832} INFO - Sync 1 DAGs
[2022-04-13 07:29:44,900] {logging_mixin.py:104} INFO - [2022-04-13 07:29:44,899] {dag.py:2305} INFO - Setting next_dagrun for example_skip_dag to 2022-04-11 00:00:00+00:00
[2022-04-13 07:29:44,925] {scheduler_job.py:190} INFO - Processing /home/airflow/sandbox/lib/python3.8/site-packages/airflow/example_dags/example_skip_dag.py took 0.352 seconds
[2022-04-13 07:30:16,268] {scheduler_job.py:182} INFO - Started process (PID=12120) to work on /home/airflow/sandbox/lib/python3.8/site-packages/airflow/example_dags/example_skip_dag.py
[2022-04-13 07:30:16,272] {scheduler_job.py:633} INFO - Processing file /home/airflow/sandbox/lib/python3.8/site-packages/airflow/example_dags/example_skip_dag.py for tasks to queue
[2022-04-13 07:30:16,274] {logging_mixin.py:104} INFO - [2022-04-13 07:30:16,273] {dagbag.py:487} INFO - Filling up the DagBag from /home/airflow/sandbox/lib/python3.8/site-packages/airflow/example_dags/example_skip_dag.py
[2022-04-13 07:30:16,559] {scheduler_job.py:643} INFO - DAG(s) dict_keys(['example_skip_dag']) retrieved from /home/airflow/sandbox/lib/python3.8/site-packages/airflow/example_dags/example_skip_dag.py
[2022-04-13 07:30:16,690] {logging_mixin.py:104} INFO - [2022-04-13 07:30:16,689] {dag.py:1832} INFO - Sync 1 DAGs
[2022-04-13 07:30:16,770] {logging_mixin.py:104} INFO - [2022-04-13 07:30:16,770] {dag.py:2305} INFO - Setting next_dagrun for example_skip_dag to 2022-04-11 00:00:00+00:00
[2022-04-13 07:30:17,192] {scheduler_job.py:190} INFO - Processing /home/airflow/sandbox/lib/python3.8/site-packages/airflow/example_dags/example_skip_dag.py took 0.940 seconds
[2022-04-13 07:30:49,601] {scheduler_job.py:182} INFO - Started process (PID=12326) to work on /home/airflow/sandbox/lib/python3.8/site-packages/airflow/example_dags/example_skip_dag.py
[2022-04-13 07:30:49,620] {scheduler_job.py:633} INFO - Processing file /home/airflow/sandbox/lib/python3.8/site-packages/airflow/example_dags/example_skip_dag.py for tasks to queue
[2022-04-13 07:30:49,622] {logging_mixin.py:104} INFO - [2022-04-13 07:30:49,621] {dagbag.py:487} INFO - Filling up the DagBag from /home/airflow/sandbox/lib/python3.8/site-packages/airflow/example_dags/example_skip_dag.py
[2022-04-13 07:30:49,955] {scheduler_job.py:643} INFO - DAG(s) dict_keys(['example_skip_dag']) retrieved from /home/airflow/sandbox/lib/python3.8/site-packages/airflow/example_dags/example_skip_dag.py
[2022-04-13 07:30:50,056] {logging_mixin.py:104} INFO - [2022-04-13 07:30:50,056] {dag.py:1832} INFO - Sync 1 DAGs
[2022-04-13 07:30:50,183] {logging_mixin.py:104} INFO - [2022-04-13 07:30:50,182] {dag.py:2305} INFO - Setting next_dagrun for example_skip_dag to 2022-04-11 00:00:00+00:00
[2022-04-13 07:30:50,354] {scheduler_job.py:190} INFO - Processing /home/airflow/sandbox/lib/python3.8/site-packages/airflow/example_dags/example_skip_dag.py took 0.769 seconds
[2022-04-13 07:31:26,969] {scheduler_job.py:182} INFO - Started process (PID=12621) to work on /home/airflow/sandbox/lib/python3.8/site-packages/airflow/example_dags/example_skip_dag.py
[2022-04-13 07:31:27,571] {scheduler_job.py:633} INFO - Processing file /home/airflow/sandbox/lib/python3.8/site-packages/airflow/example_dags/example_skip_dag.py for tasks to queue
[2022-04-13 07:31:27,693] {logging_mixin.py:104} INFO - [2022-04-13 07:31:27,693] {dagbag.py:487} INFO - Filling up the DagBag from /home/airflow/sandbox/lib/python3.8/site-packages/airflow/example_dags/example_skip_dag.py
[2022-04-13 07:31:27,833] {scheduler_job.py:643} INFO - DAG(s) dict_keys(['example_skip_dag']) retrieved from /home/airflow/sandbox/lib/python3.8/site-packages/airflow/example_dags/example_skip_dag.py
[2022-04-13 07:31:28,008] {logging_mixin.py:104} INFO - [2022-04-13 07:31:28,008] {dag.py:1832} INFO - Sync 1 DAGs
[2022-04-13 07:31:28,160] {logging_mixin.py:104} INFO - [2022-04-13 07:31:28,159] {dag.py:2305} INFO - Setting next_dagrun for example_skip_dag to 2022-04-11 00:00:00+00:00
[2022-04-13 07:31:28,264] {scheduler_job.py:190} INFO - Processing /home/airflow/sandbox/lib/python3.8/site-packages/airflow/example_dags/example_skip_dag.py took 1.327 seconds
[2022-04-13 07:31:59,152] {scheduler_job.py:182} INFO - Started process (PID=12973) to work on /home/airflow/sandbox/lib/python3.8/site-packages/airflow/example_dags/example_skip_dag.py
[2022-04-13 07:31:59,156] {scheduler_job.py:633} INFO - Processing file /home/airflow/sandbox/lib/python3.8/site-packages/airflow/example_dags/example_skip_dag.py for tasks to queue
[2022-04-13 07:31:59,160] {logging_mixin.py:104} INFO - [2022-04-13 07:31:59,159] {dagbag.py:487} INFO - Filling up the DagBag from /home/airflow/sandbox/lib/python3.8/site-packages/airflow/example_dags/example_skip_dag.py
[2022-04-13 07:31:59,187] {scheduler_job.py:643} INFO - DAG(s) dict_keys(['example_skip_dag']) retrieved from /home/airflow/sandbox/lib/python3.8/site-packages/airflow/example_dags/example_skip_dag.py
[2022-04-13 07:31:59,286] {logging_mixin.py:104} INFO - [2022-04-13 07:31:59,286] {dag.py:1832} INFO - Sync 1 DAGs
[2022-04-13 07:31:59,317] {logging_mixin.py:104} INFO - [2022-04-13 07:31:59,317] {dag.py:2305} INFO - Setting next_dagrun for example_skip_dag to 2022-04-11 00:00:00+00:00
[2022-04-13 07:31:59,344] {scheduler_job.py:190} INFO - Processing /home/airflow/sandbox/lib/python3.8/site-packages/airflow/example_dags/example_skip_dag.py took 0.211 seconds
[2022-04-13 07:32:30,197] {scheduler_job.py:182} INFO - Started process (PID=13192) to work on /home/airflow/sandbox/lib/python3.8/site-packages/airflow/example_dags/example_skip_dag.py
[2022-04-13 07:32:30,205] {scheduler_job.py:633} INFO - Processing file /home/airflow/sandbox/lib/python3.8/site-packages/airflow/example_dags/example_skip_dag.py for tasks to queue
[2022-04-13 07:32:30,207] {logging_mixin.py:104} INFO - [2022-04-13 07:32:30,207] {dagbag.py:487} INFO - Filling up the DagBag from /home/airflow/sandbox/lib/python3.8/site-packages/airflow/example_dags/example_skip_dag.py
[2022-04-13 07:32:30,228] {scheduler_job.py:643} INFO - DAG(s) dict_keys(['example_skip_dag']) retrieved from /home/airflow/sandbox/lib/python3.8/site-packages/airflow/example_dags/example_skip_dag.py
[2022-04-13 07:32:30,305] {logging_mixin.py:104} INFO - [2022-04-13 07:32:30,305] {dag.py:1832} INFO - Sync 1 DAGs
[2022-04-13 07:32:30,342] {logging_mixin.py:104} INFO - [2022-04-13 07:32:30,342] {dag.py:2305} INFO - Setting next_dagrun for example_skip_dag to 2022-04-11 00:00:00+00:00
[2022-04-13 07:32:30,375] {scheduler_job.py:190} INFO - Processing /home/airflow/sandbox/lib/python3.8/site-packages/airflow/example_dags/example_skip_dag.py took 0.191 seconds
