[2022-04-13 07:08:54,990] {scheduler_job.py:182} INFO - Started process (PID=1993) to work on /home/airflow/sandbox/lib/python3.8/site-packages/airflow/example_dags/example_external_task_marker_dag.py
[2022-04-13 07:08:54,994] {scheduler_job.py:633} INFO - Processing file /home/airflow/sandbox/lib/python3.8/site-packages/airflow/example_dags/example_external_task_marker_dag.py for tasks to queue
[2022-04-13 07:08:54,996] {logging_mixin.py:104} INFO - [2022-04-13 07:08:54,996] {dagbag.py:487} INFO - Filling up the DagBag from /home/airflow/sandbox/lib/python3.8/site-packages/airflow/example_dags/example_external_task_marker_dag.py
[2022-04-13 07:08:55,061] {scheduler_job.py:643} INFO - DAG(s) dict_keys(['example_external_task_marker_parent', 'example_external_task_marker_child']) retrieved from /home/airflow/sandbox/lib/python3.8/site-packages/airflow/example_dags/example_external_task_marker_dag.py
[2022-04-13 07:08:58,442] {logging_mixin.py:104} INFO - [2022-04-13 07:08:58,441] {dag.py:1832} INFO - Sync 2 DAGs
[2022-04-13 07:08:58,538] {logging_mixin.py:104} INFO - [2022-04-13 07:08:58,538] {dag.py:2305} INFO - Setting next_dagrun for example_external_task_marker_child to None
[2022-04-13 07:08:58,539] {logging_mixin.py:104} INFO - [2022-04-13 07:08:58,539] {dag.py:2305} INFO - Setting next_dagrun for example_external_task_marker_parent to None
[2022-04-13 07:08:58,667] {scheduler_job.py:190} INFO - Processing /home/airflow/sandbox/lib/python3.8/site-packages/airflow/example_dags/example_external_task_marker_dag.py took 3.788 seconds
[2022-04-13 07:09:35,217] {scheduler_job.py:182} INFO - Started process (PID=3263) to work on /home/airflow/sandbox/lib/python3.8/site-packages/airflow/example_dags/example_external_task_marker_dag.py
[2022-04-13 07:09:35,219] {scheduler_job.py:633} INFO - Processing file /home/airflow/sandbox/lib/python3.8/site-packages/airflow/example_dags/example_external_task_marker_dag.py for tasks to queue
[2022-04-13 07:09:35,220] {logging_mixin.py:104} INFO - [2022-04-13 07:09:35,220] {dagbag.py:487} INFO - Filling up the DagBag from /home/airflow/sandbox/lib/python3.8/site-packages/airflow/example_dags/example_external_task_marker_dag.py
[2022-04-13 07:09:35,283] {scheduler_job.py:643} INFO - DAG(s) dict_keys(['example_external_task_marker_parent', 'example_external_task_marker_child']) retrieved from /home/airflow/sandbox/lib/python3.8/site-packages/airflow/example_dags/example_external_task_marker_dag.py
[2022-04-13 07:09:35,456] {logging_mixin.py:104} INFO - [2022-04-13 07:09:35,456] {dag.py:1832} INFO - Sync 2 DAGs
[2022-04-13 07:09:35,593] {logging_mixin.py:104} INFO - [2022-04-13 07:09:35,593] {dag.py:2305} INFO - Setting next_dagrun for example_external_task_marker_child to None
[2022-04-13 07:09:35,596] {logging_mixin.py:104} INFO - [2022-04-13 07:09:35,595] {dag.py:2305} INFO - Setting next_dagrun for example_external_task_marker_parent to None
[2022-04-13 07:09:35,787] {scheduler_job.py:190} INFO - Processing /home/airflow/sandbox/lib/python3.8/site-packages/airflow/example_dags/example_external_task_marker_dag.py took 0.577 seconds
[2022-04-13 07:10:06,289] {scheduler_job.py:182} INFO - Started process (PID=3569) to work on /home/airflow/sandbox/lib/python3.8/site-packages/airflow/example_dags/example_external_task_marker_dag.py
[2022-04-13 07:10:06,368] {scheduler_job.py:633} INFO - Processing file /home/airflow/sandbox/lib/python3.8/site-packages/airflow/example_dags/example_external_task_marker_dag.py for tasks to queue
[2022-04-13 07:10:06,375] {logging_mixin.py:104} INFO - [2022-04-13 07:10:06,375] {dagbag.py:487} INFO - Filling up the DagBag from /home/airflow/sandbox/lib/python3.8/site-packages/airflow/example_dags/example_external_task_marker_dag.py
[2022-04-13 07:10:06,586] {scheduler_job.py:643} INFO - DAG(s) dict_keys(['example_external_task_marker_parent', 'example_external_task_marker_child']) retrieved from /home/airflow/sandbox/lib/python3.8/site-packages/airflow/example_dags/example_external_task_marker_dag.py
[2022-04-13 07:10:07,026] {logging_mixin.py:104} INFO - [2022-04-13 07:10:07,026] {dag.py:1832} INFO - Sync 2 DAGs
[2022-04-13 07:10:07,198] {logging_mixin.py:104} INFO - [2022-04-13 07:10:07,198] {dag.py:2305} INFO - Setting next_dagrun for example_external_task_marker_child to None
[2022-04-13 07:10:07,200] {logging_mixin.py:104} INFO - [2022-04-13 07:10:07,200] {dag.py:2305} INFO - Setting next_dagrun for example_external_task_marker_parent to None
[2022-04-13 07:10:07,366] {scheduler_job.py:190} INFO - Processing /home/airflow/sandbox/lib/python3.8/site-packages/airflow/example_dags/example_external_task_marker_dag.py took 1.086 seconds
[2022-04-13 07:14:18,729] {scheduler_job.py:182} INFO - Started process (PID=4703) to work on /home/airflow/sandbox/lib/python3.8/site-packages/airflow/example_dags/example_external_task_marker_dag.py
[2022-04-13 07:14:18,741] {scheduler_job.py:633} INFO - Processing file /home/airflow/sandbox/lib/python3.8/site-packages/airflow/example_dags/example_external_task_marker_dag.py for tasks to queue
[2022-04-13 07:14:18,759] {logging_mixin.py:104} INFO - [2022-04-13 07:14:18,759] {dagbag.py:487} INFO - Filling up the DagBag from /home/airflow/sandbox/lib/python3.8/site-packages/airflow/example_dags/example_external_task_marker_dag.py
[2022-04-13 07:14:18,813] {scheduler_job.py:643} INFO - DAG(s) dict_keys(['example_external_task_marker_parent', 'example_external_task_marker_child']) retrieved from /home/airflow/sandbox/lib/python3.8/site-packages/airflow/example_dags/example_external_task_marker_dag.py
[2022-04-13 07:14:19,099] {logging_mixin.py:104} INFO - [2022-04-13 07:14:19,098] {dag.py:1832} INFO - Sync 2 DAGs
[2022-04-13 07:14:19,238] {logging_mixin.py:104} INFO - [2022-04-13 07:14:19,237] {dag.py:2305} INFO - Setting next_dagrun for example_external_task_marker_child to None
[2022-04-13 07:14:19,243] {logging_mixin.py:104} INFO - [2022-04-13 07:14:19,243] {dag.py:2305} INFO - Setting next_dagrun for example_external_task_marker_parent to None
[2022-04-13 07:14:19,378] {scheduler_job.py:190} INFO - Processing /home/airflow/sandbox/lib/python3.8/site-packages/airflow/example_dags/example_external_task_marker_dag.py took 0.720 seconds
[2022-04-13 07:14:49,730] {scheduler_job.py:182} INFO - Started process (PID=5211) to work on /home/airflow/sandbox/lib/python3.8/site-packages/airflow/example_dags/example_external_task_marker_dag.py
[2022-04-13 07:14:49,733] {scheduler_job.py:633} INFO - Processing file /home/airflow/sandbox/lib/python3.8/site-packages/airflow/example_dags/example_external_task_marker_dag.py for tasks to queue
[2022-04-13 07:14:49,735] {logging_mixin.py:104} INFO - [2022-04-13 07:14:49,734] {dagbag.py:487} INFO - Filling up the DagBag from /home/airflow/sandbox/lib/python3.8/site-packages/airflow/example_dags/example_external_task_marker_dag.py
[2022-04-13 07:14:49,784] {scheduler_job.py:643} INFO - DAG(s) dict_keys(['example_external_task_marker_parent', 'example_external_task_marker_child']) retrieved from /home/airflow/sandbox/lib/python3.8/site-packages/airflow/example_dags/example_external_task_marker_dag.py
[2022-04-13 07:14:51,468] {logging_mixin.py:104} INFO - [2022-04-13 07:14:51,468] {dag.py:1832} INFO - Sync 2 DAGs
[2022-04-13 07:14:51,503] {logging_mixin.py:104} INFO - [2022-04-13 07:14:51,503] {dag.py:2305} INFO - Setting next_dagrun for example_external_task_marker_child to None
[2022-04-13 07:14:51,512] {logging_mixin.py:104} INFO - [2022-04-13 07:14:51,511] {dag.py:2305} INFO - Setting next_dagrun for example_external_task_marker_parent to None
[2022-04-13 07:14:51,599] {scheduler_job.py:190} INFO - Processing /home/airflow/sandbox/lib/python3.8/site-packages/airflow/example_dags/example_external_task_marker_dag.py took 1.880 seconds
[2022-04-13 07:15:21,959] {scheduler_job.py:182} INFO - Started process (PID=5611) to work on /home/airflow/sandbox/lib/python3.8/site-packages/airflow/example_dags/example_external_task_marker_dag.py
[2022-04-13 07:15:21,960] {scheduler_job.py:633} INFO - Processing file /home/airflow/sandbox/lib/python3.8/site-packages/airflow/example_dags/example_external_task_marker_dag.py for tasks to queue
[2022-04-13 07:15:21,961] {logging_mixin.py:104} INFO - [2022-04-13 07:15:21,961] {dagbag.py:487} INFO - Filling up the DagBag from /home/airflow/sandbox/lib/python3.8/site-packages/airflow/example_dags/example_external_task_marker_dag.py
[2022-04-13 07:15:21,985] {scheduler_job.py:643} INFO - DAG(s) dict_keys(['example_external_task_marker_parent', 'example_external_task_marker_child']) retrieved from /home/airflow/sandbox/lib/python3.8/site-packages/airflow/example_dags/example_external_task_marker_dag.py
[2022-04-13 07:15:23,554] {logging_mixin.py:104} INFO - [2022-04-13 07:15:23,554] {dag.py:1832} INFO - Sync 2 DAGs
[2022-04-13 07:15:23,584] {logging_mixin.py:104} INFO - [2022-04-13 07:15:23,584] {dag.py:2305} INFO - Setting next_dagrun for example_external_task_marker_child to None
[2022-04-13 07:15:23,586] {logging_mixin.py:104} INFO - [2022-04-13 07:15:23,586] {dag.py:2305} INFO - Setting next_dagrun for example_external_task_marker_parent to None
[2022-04-13 07:15:23,612] {scheduler_job.py:190} INFO - Processing /home/airflow/sandbox/lib/python3.8/site-packages/airflow/example_dags/example_external_task_marker_dag.py took 1.659 seconds
[2022-04-13 07:15:54,425] {scheduler_job.py:182} INFO - Started process (PID=5900) to work on /home/airflow/sandbox/lib/python3.8/site-packages/airflow/example_dags/example_external_task_marker_dag.py
[2022-04-13 07:15:54,436] {scheduler_job.py:633} INFO - Processing file /home/airflow/sandbox/lib/python3.8/site-packages/airflow/example_dags/example_external_task_marker_dag.py for tasks to queue
[2022-04-13 07:15:54,448] {logging_mixin.py:104} INFO - [2022-04-13 07:15:54,447] {dagbag.py:487} INFO - Filling up the DagBag from /home/airflow/sandbox/lib/python3.8/site-packages/airflow/example_dags/example_external_task_marker_dag.py
[2022-04-13 07:15:54,624] {scheduler_job.py:643} INFO - DAG(s) dict_keys(['example_external_task_marker_parent', 'example_external_task_marker_child']) retrieved from /home/airflow/sandbox/lib/python3.8/site-packages/airflow/example_dags/example_external_task_marker_dag.py
[2022-04-13 07:15:56,607] {logging_mixin.py:104} INFO - [2022-04-13 07:15:56,607] {dag.py:1832} INFO - Sync 2 DAGs
[2022-04-13 07:15:56,683] {logging_mixin.py:104} INFO - [2022-04-13 07:15:56,683] {dag.py:2305} INFO - Setting next_dagrun for example_external_task_marker_child to None
[2022-04-13 07:15:56,692] {logging_mixin.py:104} INFO - [2022-04-13 07:15:56,691] {dag.py:2305} INFO - Setting next_dagrun for example_external_task_marker_parent to None
[2022-04-13 07:15:56,883] {scheduler_job.py:190} INFO - Processing /home/airflow/sandbox/lib/python3.8/site-packages/airflow/example_dags/example_external_task_marker_dag.py took 2.524 seconds
[2022-04-13 07:16:27,405] {scheduler_job.py:182} INFO - Started process (PID=6139) to work on /home/airflow/sandbox/lib/python3.8/site-packages/airflow/example_dags/example_external_task_marker_dag.py
[2022-04-13 07:16:27,428] {scheduler_job.py:633} INFO - Processing file /home/airflow/sandbox/lib/python3.8/site-packages/airflow/example_dags/example_external_task_marker_dag.py for tasks to queue
[2022-04-13 07:16:27,445] {logging_mixin.py:104} INFO - [2022-04-13 07:16:27,444] {dagbag.py:487} INFO - Filling up the DagBag from /home/airflow/sandbox/lib/python3.8/site-packages/airflow/example_dags/example_external_task_marker_dag.py
[2022-04-13 07:16:27,543] {scheduler_job.py:643} INFO - DAG(s) dict_keys(['example_external_task_marker_parent', 'example_external_task_marker_child']) retrieved from /home/airflow/sandbox/lib/python3.8/site-packages/airflow/example_dags/example_external_task_marker_dag.py
[2022-04-13 07:16:27,696] {logging_mixin.py:104} INFO - [2022-04-13 07:16:27,695] {dag.py:1832} INFO - Sync 2 DAGs
[2022-04-13 07:16:27,732] {logging_mixin.py:104} INFO - [2022-04-13 07:16:27,731] {dag.py:2305} INFO - Setting next_dagrun for example_external_task_marker_child to None
[2022-04-13 07:16:27,735] {logging_mixin.py:104} INFO - [2022-04-13 07:16:27,734] {dag.py:2305} INFO - Setting next_dagrun for example_external_task_marker_parent to None
[2022-04-13 07:16:27,818] {scheduler_job.py:190} INFO - Processing /home/airflow/sandbox/lib/python3.8/site-packages/airflow/example_dags/example_external_task_marker_dag.py took 0.482 seconds
[2022-04-13 07:16:57,974] {scheduler_job.py:182} INFO - Started process (PID=6339) to work on /home/airflow/sandbox/lib/python3.8/site-packages/airflow/example_dags/example_external_task_marker_dag.py
[2022-04-13 07:16:57,978] {scheduler_job.py:633} INFO - Processing file /home/airflow/sandbox/lib/python3.8/site-packages/airflow/example_dags/example_external_task_marker_dag.py for tasks to queue
[2022-04-13 07:16:57,980] {logging_mixin.py:104} INFO - [2022-04-13 07:16:57,980] {dagbag.py:487} INFO - Filling up the DagBag from /home/airflow/sandbox/lib/python3.8/site-packages/airflow/example_dags/example_external_task_marker_dag.py
[2022-04-13 07:16:58,013] {scheduler_job.py:643} INFO - DAG(s) dict_keys(['example_external_task_marker_parent', 'example_external_task_marker_child']) retrieved from /home/airflow/sandbox/lib/python3.8/site-packages/airflow/example_dags/example_external_task_marker_dag.py
[2022-04-13 07:16:58,854] {logging_mixin.py:104} INFO - [2022-04-13 07:16:58,853] {dag.py:1832} INFO - Sync 2 DAGs
[2022-04-13 07:16:58,883] {logging_mixin.py:104} INFO - [2022-04-13 07:16:58,883] {dag.py:2305} INFO - Setting next_dagrun for example_external_task_marker_child to None
[2022-04-13 07:16:58,885] {logging_mixin.py:104} INFO - [2022-04-13 07:16:58,884] {dag.py:2305} INFO - Setting next_dagrun for example_external_task_marker_parent to None
[2022-04-13 07:16:58,934] {scheduler_job.py:190} INFO - Processing /home/airflow/sandbox/lib/python3.8/site-packages/airflow/example_dags/example_external_task_marker_dag.py took 0.970 seconds
[2022-04-13 07:17:29,570] {scheduler_job.py:182} INFO - Started process (PID=6542) to work on /home/airflow/sandbox/lib/python3.8/site-packages/airflow/example_dags/example_external_task_marker_dag.py
[2022-04-13 07:17:29,573] {scheduler_job.py:633} INFO - Processing file /home/airflow/sandbox/lib/python3.8/site-packages/airflow/example_dags/example_external_task_marker_dag.py for tasks to queue
[2022-04-13 07:17:29,575] {logging_mixin.py:104} INFO - [2022-04-13 07:17:29,575] {dagbag.py:487} INFO - Filling up the DagBag from /home/airflow/sandbox/lib/python3.8/site-packages/airflow/example_dags/example_external_task_marker_dag.py
[2022-04-13 07:17:29,638] {scheduler_job.py:643} INFO - DAG(s) dict_keys(['example_external_task_marker_parent', 'example_external_task_marker_child']) retrieved from /home/airflow/sandbox/lib/python3.8/site-packages/airflow/example_dags/example_external_task_marker_dag.py
[2022-04-13 07:17:29,778] {logging_mixin.py:104} INFO - [2022-04-13 07:17:29,778] {dag.py:1832} INFO - Sync 2 DAGs
[2022-04-13 07:17:29,817] {logging_mixin.py:104} INFO - [2022-04-13 07:17:29,816] {dag.py:2305} INFO - Setting next_dagrun for example_external_task_marker_child to None
[2022-04-13 07:17:29,820] {logging_mixin.py:104} INFO - [2022-04-13 07:17:29,820] {dag.py:2305} INFO - Setting next_dagrun for example_external_task_marker_parent to None
[2022-04-13 07:17:29,853] {scheduler_job.py:190} INFO - Processing /home/airflow/sandbox/lib/python3.8/site-packages/airflow/example_dags/example_external_task_marker_dag.py took 0.296 seconds
[2022-04-13 07:18:00,810] {scheduler_job.py:182} INFO - Started process (PID=6742) to work on /home/airflow/sandbox/lib/python3.8/site-packages/airflow/example_dags/example_external_task_marker_dag.py
[2022-04-13 07:18:00,812] {scheduler_job.py:633} INFO - Processing file /home/airflow/sandbox/lib/python3.8/site-packages/airflow/example_dags/example_external_task_marker_dag.py for tasks to queue
[2022-04-13 07:18:00,814] {logging_mixin.py:104} INFO - [2022-04-13 07:18:00,814] {dagbag.py:487} INFO - Filling up the DagBag from /home/airflow/sandbox/lib/python3.8/site-packages/airflow/example_dags/example_external_task_marker_dag.py
[2022-04-13 07:18:00,848] {scheduler_job.py:643} INFO - DAG(s) dict_keys(['example_external_task_marker_parent', 'example_external_task_marker_child']) retrieved from /home/airflow/sandbox/lib/python3.8/site-packages/airflow/example_dags/example_external_task_marker_dag.py
[2022-04-13 07:18:01,713] {logging_mixin.py:104} INFO - [2022-04-13 07:18:01,712] {dag.py:1832} INFO - Sync 2 DAGs
[2022-04-13 07:18:01,737] {logging_mixin.py:104} INFO - [2022-04-13 07:18:01,737] {dag.py:2305} INFO - Setting next_dagrun for example_external_task_marker_child to None
[2022-04-13 07:18:01,741] {logging_mixin.py:104} INFO - [2022-04-13 07:18:01,741] {dag.py:2305} INFO - Setting next_dagrun for example_external_task_marker_parent to None
[2022-04-13 07:18:01,794] {scheduler_job.py:190} INFO - Processing /home/airflow/sandbox/lib/python3.8/site-packages/airflow/example_dags/example_external_task_marker_dag.py took 0.994 seconds
[2022-04-13 07:18:31,873] {scheduler_job.py:182} INFO - Started process (PID=6941) to work on /home/airflow/sandbox/lib/python3.8/site-packages/airflow/example_dags/example_external_task_marker_dag.py
[2022-04-13 07:18:31,877] {scheduler_job.py:633} INFO - Processing file /home/airflow/sandbox/lib/python3.8/site-packages/airflow/example_dags/example_external_task_marker_dag.py for tasks to queue
[2022-04-13 07:18:31,879] {logging_mixin.py:104} INFO - [2022-04-13 07:18:31,879] {dagbag.py:487} INFO - Filling up the DagBag from /home/airflow/sandbox/lib/python3.8/site-packages/airflow/example_dags/example_external_task_marker_dag.py
[2022-04-13 07:18:31,931] {scheduler_job.py:643} INFO - DAG(s) dict_keys(['example_external_task_marker_parent', 'example_external_task_marker_child']) retrieved from /home/airflow/sandbox/lib/python3.8/site-packages/airflow/example_dags/example_external_task_marker_dag.py
[2022-04-13 07:18:32,070] {logging_mixin.py:104} INFO - [2022-04-13 07:18:32,070] {dag.py:1832} INFO - Sync 2 DAGs
[2022-04-13 07:18:32,117] {logging_mixin.py:104} INFO - [2022-04-13 07:18:32,117] {dag.py:2305} INFO - Setting next_dagrun for example_external_task_marker_child to None
[2022-04-13 07:18:32,124] {logging_mixin.py:104} INFO - [2022-04-13 07:18:32,123] {dag.py:2305} INFO - Setting next_dagrun for example_external_task_marker_parent to None
[2022-04-13 07:18:32,159] {scheduler_job.py:190} INFO - Processing /home/airflow/sandbox/lib/python3.8/site-packages/airflow/example_dags/example_external_task_marker_dag.py took 0.295 seconds
[2022-04-13 07:19:03,625] {scheduler_job.py:182} INFO - Started process (PID=7138) to work on /home/airflow/sandbox/lib/python3.8/site-packages/airflow/example_dags/example_external_task_marker_dag.py
[2022-04-13 07:19:03,652] {scheduler_job.py:633} INFO - Processing file /home/airflow/sandbox/lib/python3.8/site-packages/airflow/example_dags/example_external_task_marker_dag.py for tasks to queue
[2022-04-13 07:19:03,655] {logging_mixin.py:104} INFO - [2022-04-13 07:19:03,655] {dagbag.py:487} INFO - Filling up the DagBag from /home/airflow/sandbox/lib/python3.8/site-packages/airflow/example_dags/example_external_task_marker_dag.py
[2022-04-13 07:19:03,725] {scheduler_job.py:643} INFO - DAG(s) dict_keys(['example_external_task_marker_parent', 'example_external_task_marker_child']) retrieved from /home/airflow/sandbox/lib/python3.8/site-packages/airflow/example_dags/example_external_task_marker_dag.py
[2022-04-13 07:19:03,874] {logging_mixin.py:104} INFO - [2022-04-13 07:19:03,874] {dag.py:1832} INFO - Sync 2 DAGs
[2022-04-13 07:19:03,985] {logging_mixin.py:104} INFO - [2022-04-13 07:19:03,984] {dag.py:2305} INFO - Setting next_dagrun for example_external_task_marker_child to None
[2022-04-13 07:19:03,989] {logging_mixin.py:104} INFO - [2022-04-13 07:19:03,988] {dag.py:2305} INFO - Setting next_dagrun for example_external_task_marker_parent to None
[2022-04-13 07:19:04,127] {scheduler_job.py:190} INFO - Processing /home/airflow/sandbox/lib/python3.8/site-packages/airflow/example_dags/example_external_task_marker_dag.py took 0.513 seconds
[2022-04-13 07:19:34,612] {scheduler_job.py:182} INFO - Started process (PID=7563) to work on /home/airflow/sandbox/lib/python3.8/site-packages/airflow/example_dags/example_external_task_marker_dag.py
[2022-04-13 07:19:34,628] {scheduler_job.py:633} INFO - Processing file /home/airflow/sandbox/lib/python3.8/site-packages/airflow/example_dags/example_external_task_marker_dag.py for tasks to queue
[2022-04-13 07:19:34,630] {logging_mixin.py:104} INFO - [2022-04-13 07:19:34,629] {dagbag.py:487} INFO - Filling up the DagBag from /home/airflow/sandbox/lib/python3.8/site-packages/airflow/example_dags/example_external_task_marker_dag.py
[2022-04-13 07:19:34,727] {scheduler_job.py:643} INFO - DAG(s) dict_keys(['example_external_task_marker_parent', 'example_external_task_marker_child']) retrieved from /home/airflow/sandbox/lib/python3.8/site-packages/airflow/example_dags/example_external_task_marker_dag.py
[2022-04-13 07:19:34,873] {logging_mixin.py:104} INFO - [2022-04-13 07:19:34,873] {dag.py:1832} INFO - Sync 2 DAGs
[2022-04-13 07:19:34,953] {logging_mixin.py:104} INFO - [2022-04-13 07:19:34,953] {dag.py:2305} INFO - Setting next_dagrun for example_external_task_marker_child to None
[2022-04-13 07:19:34,955] {logging_mixin.py:104} INFO - [2022-04-13 07:19:34,955] {dag.py:2305} INFO - Setting next_dagrun for example_external_task_marker_parent to None
[2022-04-13 07:19:35,038] {scheduler_job.py:190} INFO - Processing /home/airflow/sandbox/lib/python3.8/site-packages/airflow/example_dags/example_external_task_marker_dag.py took 0.436 seconds
[2022-04-13 07:20:06,044] {scheduler_job.py:182} INFO - Started process (PID=7760) to work on /home/airflow/sandbox/lib/python3.8/site-packages/airflow/example_dags/example_external_task_marker_dag.py
[2022-04-13 07:20:06,047] {scheduler_job.py:633} INFO - Processing file /home/airflow/sandbox/lib/python3.8/site-packages/airflow/example_dags/example_external_task_marker_dag.py for tasks to queue
[2022-04-13 07:20:06,053] {logging_mixin.py:104} INFO - [2022-04-13 07:20:06,053] {dagbag.py:487} INFO - Filling up the DagBag from /home/airflow/sandbox/lib/python3.8/site-packages/airflow/example_dags/example_external_task_marker_dag.py
[2022-04-13 07:20:06,135] {scheduler_job.py:643} INFO - DAG(s) dict_keys(['example_external_task_marker_parent', 'example_external_task_marker_child']) retrieved from /home/airflow/sandbox/lib/python3.8/site-packages/airflow/example_dags/example_external_task_marker_dag.py
[2022-04-13 07:20:07,660] {logging_mixin.py:104} INFO - [2022-04-13 07:20:07,660] {dag.py:1832} INFO - Sync 2 DAGs
[2022-04-13 07:20:07,701] {logging_mixin.py:104} INFO - [2022-04-13 07:20:07,700] {dag.py:2305} INFO - Setting next_dagrun for example_external_task_marker_child to None
[2022-04-13 07:20:07,703] {logging_mixin.py:104} INFO - [2022-04-13 07:20:07,702] {dag.py:2305} INFO - Setting next_dagrun for example_external_task_marker_parent to None
[2022-04-13 07:20:07,808] {scheduler_job.py:190} INFO - Processing /home/airflow/sandbox/lib/python3.8/site-packages/airflow/example_dags/example_external_task_marker_dag.py took 1.787 seconds
[2022-04-13 07:20:38,217] {scheduler_job.py:182} INFO - Started process (PID=7965) to work on /home/airflow/sandbox/lib/python3.8/site-packages/airflow/example_dags/example_external_task_marker_dag.py
[2022-04-13 07:20:38,220] {scheduler_job.py:633} INFO - Processing file /home/airflow/sandbox/lib/python3.8/site-packages/airflow/example_dags/example_external_task_marker_dag.py for tasks to queue
[2022-04-13 07:20:38,225] {logging_mixin.py:104} INFO - [2022-04-13 07:20:38,225] {dagbag.py:487} INFO - Filling up the DagBag from /home/airflow/sandbox/lib/python3.8/site-packages/airflow/example_dags/example_external_task_marker_dag.py
[2022-04-13 07:20:38,289] {scheduler_job.py:643} INFO - DAG(s) dict_keys(['example_external_task_marker_parent', 'example_external_task_marker_child']) retrieved from /home/airflow/sandbox/lib/python3.8/site-packages/airflow/example_dags/example_external_task_marker_dag.py
[2022-04-13 07:20:38,438] {logging_mixin.py:104} INFO - [2022-04-13 07:20:38,437] {dag.py:1832} INFO - Sync 2 DAGs
[2022-04-13 07:20:38,496] {logging_mixin.py:104} INFO - [2022-04-13 07:20:38,495] {dag.py:2305} INFO - Setting next_dagrun for example_external_task_marker_child to None
[2022-04-13 07:20:38,498] {logging_mixin.py:104} INFO - [2022-04-13 07:20:38,498] {dag.py:2305} INFO - Setting next_dagrun for example_external_task_marker_parent to None
[2022-04-13 07:20:38,583] {scheduler_job.py:190} INFO - Processing /home/airflow/sandbox/lib/python3.8/site-packages/airflow/example_dags/example_external_task_marker_dag.py took 0.404 seconds
[2022-04-13 07:21:09,015] {scheduler_job.py:182} INFO - Started process (PID=8152) to work on /home/airflow/sandbox/lib/python3.8/site-packages/airflow/example_dags/example_external_task_marker_dag.py
[2022-04-13 07:21:09,017] {scheduler_job.py:633} INFO - Processing file /home/airflow/sandbox/lib/python3.8/site-packages/airflow/example_dags/example_external_task_marker_dag.py for tasks to queue
[2022-04-13 07:21:09,019] {logging_mixin.py:104} INFO - [2022-04-13 07:21:09,018] {dagbag.py:487} INFO - Filling up the DagBag from /home/airflow/sandbox/lib/python3.8/site-packages/airflow/example_dags/example_external_task_marker_dag.py
[2022-04-13 07:21:09,047] {scheduler_job.py:643} INFO - DAG(s) dict_keys(['example_external_task_marker_parent', 'example_external_task_marker_child']) retrieved from /home/airflow/sandbox/lib/python3.8/site-packages/airflow/example_dags/example_external_task_marker_dag.py
[2022-04-13 07:21:10,497] {logging_mixin.py:104} INFO - [2022-04-13 07:21:10,496] {dag.py:1832} INFO - Sync 2 DAGs
[2022-04-13 07:21:10,557] {logging_mixin.py:104} INFO - [2022-04-13 07:21:10,557] {dag.py:2305} INFO - Setting next_dagrun for example_external_task_marker_child to None
[2022-04-13 07:21:10,559] {logging_mixin.py:104} INFO - [2022-04-13 07:21:10,559] {dag.py:2305} INFO - Setting next_dagrun for example_external_task_marker_parent to None
[2022-04-13 07:21:10,654] {scheduler_job.py:190} INFO - Processing /home/airflow/sandbox/lib/python3.8/site-packages/airflow/example_dags/example_external_task_marker_dag.py took 1.648 seconds
[2022-04-13 07:21:41,134] {scheduler_job.py:182} INFO - Started process (PID=8353) to work on /home/airflow/sandbox/lib/python3.8/site-packages/airflow/example_dags/example_external_task_marker_dag.py
[2022-04-13 07:21:41,139] {scheduler_job.py:633} INFO - Processing file /home/airflow/sandbox/lib/python3.8/site-packages/airflow/example_dags/example_external_task_marker_dag.py for tasks to queue
[2022-04-13 07:21:41,141] {logging_mixin.py:104} INFO - [2022-04-13 07:21:41,141] {dagbag.py:487} INFO - Filling up the DagBag from /home/airflow/sandbox/lib/python3.8/site-packages/airflow/example_dags/example_external_task_marker_dag.py
[2022-04-13 07:21:41,219] {scheduler_job.py:643} INFO - DAG(s) dict_keys(['example_external_task_marker_parent', 'example_external_task_marker_child']) retrieved from /home/airflow/sandbox/lib/python3.8/site-packages/airflow/example_dags/example_external_task_marker_dag.py
[2022-04-13 07:21:42,458] {logging_mixin.py:104} INFO - [2022-04-13 07:21:42,458] {dag.py:1832} INFO - Sync 2 DAGs
[2022-04-13 07:21:42,500] {logging_mixin.py:104} INFO - [2022-04-13 07:21:42,500] {dag.py:2305} INFO - Setting next_dagrun for example_external_task_marker_child to None
[2022-04-13 07:21:42,502] {logging_mixin.py:104} INFO - [2022-04-13 07:21:42,502] {dag.py:2305} INFO - Setting next_dagrun for example_external_task_marker_parent to None
[2022-04-13 07:21:42,695] {scheduler_job.py:190} INFO - Processing /home/airflow/sandbox/lib/python3.8/site-packages/airflow/example_dags/example_external_task_marker_dag.py took 1.590 seconds
[2022-04-13 07:22:13,222] {scheduler_job.py:182} INFO - Started process (PID=8550) to work on /home/airflow/sandbox/lib/python3.8/site-packages/airflow/example_dags/example_external_task_marker_dag.py
[2022-04-13 07:22:13,228] {scheduler_job.py:633} INFO - Processing file /home/airflow/sandbox/lib/python3.8/site-packages/airflow/example_dags/example_external_task_marker_dag.py for tasks to queue
[2022-04-13 07:22:13,234] {logging_mixin.py:104} INFO - [2022-04-13 07:22:13,234] {dagbag.py:487} INFO - Filling up the DagBag from /home/airflow/sandbox/lib/python3.8/site-packages/airflow/example_dags/example_external_task_marker_dag.py
[2022-04-13 07:22:13,308] {scheduler_job.py:643} INFO - DAG(s) dict_keys(['example_external_task_marker_parent', 'example_external_task_marker_child']) retrieved from /home/airflow/sandbox/lib/python3.8/site-packages/airflow/example_dags/example_external_task_marker_dag.py
[2022-04-13 07:22:14,931] {logging_mixin.py:104} INFO - [2022-04-13 07:22:14,931] {dag.py:1832} INFO - Sync 2 DAGs
[2022-04-13 07:22:14,983] {logging_mixin.py:104} INFO - [2022-04-13 07:22:14,982] {dag.py:2305} INFO - Setting next_dagrun for example_external_task_marker_child to None
[2022-04-13 07:22:14,986] {logging_mixin.py:104} INFO - [2022-04-13 07:22:14,986] {dag.py:2305} INFO - Setting next_dagrun for example_external_task_marker_parent to None
[2022-04-13 07:22:15,235] {scheduler_job.py:190} INFO - Processing /home/airflow/sandbox/lib/python3.8/site-packages/airflow/example_dags/example_external_task_marker_dag.py took 2.032 seconds
[2022-04-13 07:22:45,418] {scheduler_job.py:182} INFO - Started process (PID=8758) to work on /home/airflow/sandbox/lib/python3.8/site-packages/airflow/example_dags/example_external_task_marker_dag.py
[2022-04-13 07:22:45,422] {scheduler_job.py:633} INFO - Processing file /home/airflow/sandbox/lib/python3.8/site-packages/airflow/example_dags/example_external_task_marker_dag.py for tasks to queue
[2022-04-13 07:22:45,424] {logging_mixin.py:104} INFO - [2022-04-13 07:22:45,424] {dagbag.py:487} INFO - Filling up the DagBag from /home/airflow/sandbox/lib/python3.8/site-packages/airflow/example_dags/example_external_task_marker_dag.py
[2022-04-13 07:22:45,449] {scheduler_job.py:643} INFO - DAG(s) dict_keys(['example_external_task_marker_parent', 'example_external_task_marker_child']) retrieved from /home/airflow/sandbox/lib/python3.8/site-packages/airflow/example_dags/example_external_task_marker_dag.py
[2022-04-13 07:22:46,205] {logging_mixin.py:104} INFO - [2022-04-13 07:22:46,205] {dag.py:1832} INFO - Sync 2 DAGs
[2022-04-13 07:22:46,246] {logging_mixin.py:104} INFO - [2022-04-13 07:22:46,246] {dag.py:2305} INFO - Setting next_dagrun for example_external_task_marker_child to None
[2022-04-13 07:22:46,248] {logging_mixin.py:104} INFO - [2022-04-13 07:22:46,248] {dag.py:2305} INFO - Setting next_dagrun for example_external_task_marker_parent to None
[2022-04-13 07:22:46,489] {scheduler_job.py:190} INFO - Processing /home/airflow/sandbox/lib/python3.8/site-packages/airflow/example_dags/example_external_task_marker_dag.py took 1.078 seconds
[2022-04-13 07:23:17,418] {scheduler_job.py:182} INFO - Started process (PID=8958) to work on /home/airflow/sandbox/lib/python3.8/site-packages/airflow/example_dags/example_external_task_marker_dag.py
[2022-04-13 07:23:17,421] {scheduler_job.py:633} INFO - Processing file /home/airflow/sandbox/lib/python3.8/site-packages/airflow/example_dags/example_external_task_marker_dag.py for tasks to queue
[2022-04-13 07:23:17,422] {logging_mixin.py:104} INFO - [2022-04-13 07:23:17,422] {dagbag.py:487} INFO - Filling up the DagBag from /home/airflow/sandbox/lib/python3.8/site-packages/airflow/example_dags/example_external_task_marker_dag.py
[2022-04-13 07:23:17,488] {scheduler_job.py:643} INFO - DAG(s) dict_keys(['example_external_task_marker_parent', 'example_external_task_marker_child']) retrieved from /home/airflow/sandbox/lib/python3.8/site-packages/airflow/example_dags/example_external_task_marker_dag.py
[2022-04-13 07:23:17,620] {logging_mixin.py:104} INFO - [2022-04-13 07:23:17,620] {dag.py:1832} INFO - Sync 2 DAGs
[2022-04-13 07:23:17,670] {logging_mixin.py:104} INFO - [2022-04-13 07:23:17,670] {dag.py:2305} INFO - Setting next_dagrun for example_external_task_marker_child to None
[2022-04-13 07:23:17,673] {logging_mixin.py:104} INFO - [2022-04-13 07:23:17,672] {dag.py:2305} INFO - Setting next_dagrun for example_external_task_marker_parent to None
[2022-04-13 07:23:17,872] {scheduler_job.py:190} INFO - Processing /home/airflow/sandbox/lib/python3.8/site-packages/airflow/example_dags/example_external_task_marker_dag.py took 0.465 seconds
[2022-04-13 07:23:47,938] {scheduler_job.py:182} INFO - Started process (PID=9157) to work on /home/airflow/sandbox/lib/python3.8/site-packages/airflow/example_dags/example_external_task_marker_dag.py
[2022-04-13 07:23:47,940] {scheduler_job.py:633} INFO - Processing file /home/airflow/sandbox/lib/python3.8/site-packages/airflow/example_dags/example_external_task_marker_dag.py for tasks to queue
[2022-04-13 07:23:47,942] {logging_mixin.py:104} INFO - [2022-04-13 07:23:47,941] {dagbag.py:487} INFO - Filling up the DagBag from /home/airflow/sandbox/lib/python3.8/site-packages/airflow/example_dags/example_external_task_marker_dag.py
[2022-04-13 07:23:47,983] {scheduler_job.py:643} INFO - DAG(s) dict_keys(['example_external_task_marker_parent', 'example_external_task_marker_child']) retrieved from /home/airflow/sandbox/lib/python3.8/site-packages/airflow/example_dags/example_external_task_marker_dag.py
[2022-04-13 07:23:48,080] {logging_mixin.py:104} INFO - [2022-04-13 07:23:48,080] {dag.py:1832} INFO - Sync 2 DAGs
[2022-04-13 07:23:48,117] {logging_mixin.py:104} INFO - [2022-04-13 07:23:48,117] {dag.py:2305} INFO - Setting next_dagrun for example_external_task_marker_child to None
[2022-04-13 07:23:48,119] {logging_mixin.py:104} INFO - [2022-04-13 07:23:48,119] {dag.py:2305} INFO - Setting next_dagrun for example_external_task_marker_parent to None
[2022-04-13 07:23:48,287] {scheduler_job.py:190} INFO - Processing /home/airflow/sandbox/lib/python3.8/site-packages/airflow/example_dags/example_external_task_marker_dag.py took 0.361 seconds
[2022-04-13 07:24:19,860] {scheduler_job.py:182} INFO - Started process (PID=9379) to work on /home/airflow/sandbox/lib/python3.8/site-packages/airflow/example_dags/example_external_task_marker_dag.py
[2022-04-13 07:24:19,900] {scheduler_job.py:633} INFO - Processing file /home/airflow/sandbox/lib/python3.8/site-packages/airflow/example_dags/example_external_task_marker_dag.py for tasks to queue
[2022-04-13 07:24:19,906] {logging_mixin.py:104} INFO - [2022-04-13 07:24:19,905] {dagbag.py:487} INFO - Filling up the DagBag from /home/airflow/sandbox/lib/python3.8/site-packages/airflow/example_dags/example_external_task_marker_dag.py
[2022-04-13 07:24:20,035] {scheduler_job.py:643} INFO - DAG(s) dict_keys(['example_external_task_marker_parent', 'example_external_task_marker_child']) retrieved from /home/airflow/sandbox/lib/python3.8/site-packages/airflow/example_dags/example_external_task_marker_dag.py
[2022-04-13 07:24:21,885] {logging_mixin.py:104} INFO - [2022-04-13 07:24:21,885] {dag.py:1832} INFO - Sync 2 DAGs
[2022-04-13 07:24:22,004] {logging_mixin.py:104} INFO - [2022-04-13 07:24:22,003] {dag.py:2305} INFO - Setting next_dagrun for example_external_task_marker_child to None
[2022-04-13 07:24:22,013] {logging_mixin.py:104} INFO - [2022-04-13 07:24:22,013] {dag.py:2305} INFO - Setting next_dagrun for example_external_task_marker_parent to None
[2022-04-13 07:24:22,115] {scheduler_job.py:190} INFO - Processing /home/airflow/sandbox/lib/python3.8/site-packages/airflow/example_dags/example_external_task_marker_dag.py took 2.267 seconds
[2022-04-13 07:24:52,820] {scheduler_job.py:182} INFO - Started process (PID=9805) to work on /home/airflow/sandbox/lib/python3.8/site-packages/airflow/example_dags/example_external_task_marker_dag.py
[2022-04-13 07:24:52,839] {scheduler_job.py:633} INFO - Processing file /home/airflow/sandbox/lib/python3.8/site-packages/airflow/example_dags/example_external_task_marker_dag.py for tasks to queue
[2022-04-13 07:24:52,845] {logging_mixin.py:104} INFO - [2022-04-13 07:24:52,845] {dagbag.py:487} INFO - Filling up the DagBag from /home/airflow/sandbox/lib/python3.8/site-packages/airflow/example_dags/example_external_task_marker_dag.py
[2022-04-13 07:24:52,914] {scheduler_job.py:643} INFO - DAG(s) dict_keys(['example_external_task_marker_parent', 'example_external_task_marker_child']) retrieved from /home/airflow/sandbox/lib/python3.8/site-packages/airflow/example_dags/example_external_task_marker_dag.py
[2022-04-13 07:24:54,244] {logging_mixin.py:104} INFO - [2022-04-13 07:24:54,244] {dag.py:1832} INFO - Sync 2 DAGs
[2022-04-13 07:24:54,282] {logging_mixin.py:104} INFO - [2022-04-13 07:24:54,281] {dag.py:2305} INFO - Setting next_dagrun for example_external_task_marker_child to None
[2022-04-13 07:24:54,284] {logging_mixin.py:104} INFO - [2022-04-13 07:24:54,284] {dag.py:2305} INFO - Setting next_dagrun for example_external_task_marker_parent to None
[2022-04-13 07:24:54,480] {scheduler_job.py:190} INFO - Processing /home/airflow/sandbox/lib/python3.8/site-packages/airflow/example_dags/example_external_task_marker_dag.py took 1.669 seconds
[2022-04-13 07:25:25,013] {scheduler_job.py:182} INFO - Started process (PID=10013) to work on /home/airflow/sandbox/lib/python3.8/site-packages/airflow/example_dags/example_external_task_marker_dag.py
[2022-04-13 07:25:25,015] {scheduler_job.py:633} INFO - Processing file /home/airflow/sandbox/lib/python3.8/site-packages/airflow/example_dags/example_external_task_marker_dag.py for tasks to queue
[2022-04-13 07:25:25,017] {logging_mixin.py:104} INFO - [2022-04-13 07:25:25,017] {dagbag.py:487} INFO - Filling up the DagBag from /home/airflow/sandbox/lib/python3.8/site-packages/airflow/example_dags/example_external_task_marker_dag.py
[2022-04-13 07:25:25,045] {scheduler_job.py:643} INFO - DAG(s) dict_keys(['example_external_task_marker_parent', 'example_external_task_marker_child']) retrieved from /home/airflow/sandbox/lib/python3.8/site-packages/airflow/example_dags/example_external_task_marker_dag.py
[2022-04-13 07:25:25,815] {logging_mixin.py:104} INFO - [2022-04-13 07:25:25,815] {dag.py:1832} INFO - Sync 2 DAGs
[2022-04-13 07:25:25,841] {logging_mixin.py:104} INFO - [2022-04-13 07:25:25,840] {dag.py:2305} INFO - Setting next_dagrun for example_external_task_marker_child to None
[2022-04-13 07:25:25,842] {logging_mixin.py:104} INFO - [2022-04-13 07:25:25,842] {dag.py:2305} INFO - Setting next_dagrun for example_external_task_marker_parent to None
[2022-04-13 07:25:25,873] {scheduler_job.py:190} INFO - Processing /home/airflow/sandbox/lib/python3.8/site-packages/airflow/example_dags/example_external_task_marker_dag.py took 0.870 seconds
[2022-04-13 07:25:56,025] {scheduler_job.py:182} INFO - Started process (PID=10213) to work on /home/airflow/sandbox/lib/python3.8/site-packages/airflow/example_dags/example_external_task_marker_dag.py
[2022-04-13 07:25:56,030] {scheduler_job.py:633} INFO - Processing file /home/airflow/sandbox/lib/python3.8/site-packages/airflow/example_dags/example_external_task_marker_dag.py for tasks to queue
[2022-04-13 07:25:56,032] {logging_mixin.py:104} INFO - [2022-04-13 07:25:56,032] {dagbag.py:487} INFO - Filling up the DagBag from /home/airflow/sandbox/lib/python3.8/site-packages/airflow/example_dags/example_external_task_marker_dag.py
[2022-04-13 07:25:56,059] {scheduler_job.py:643} INFO - DAG(s) dict_keys(['example_external_task_marker_parent', 'example_external_task_marker_child']) retrieved from /home/airflow/sandbox/lib/python3.8/site-packages/airflow/example_dags/example_external_task_marker_dag.py
[2022-04-13 07:25:56,751] {logging_mixin.py:104} INFO - [2022-04-13 07:25:56,751] {dag.py:1832} INFO - Sync 2 DAGs
[2022-04-13 07:25:56,848] {logging_mixin.py:104} INFO - [2022-04-13 07:25:56,848] {dag.py:2305} INFO - Setting next_dagrun for example_external_task_marker_child to None
[2022-04-13 07:25:56,864] {logging_mixin.py:104} INFO - [2022-04-13 07:25:56,863] {dag.py:2305} INFO - Setting next_dagrun for example_external_task_marker_parent to None
[2022-04-13 07:25:57,082] {scheduler_job.py:190} INFO - Processing /home/airflow/sandbox/lib/python3.8/site-packages/airflow/example_dags/example_external_task_marker_dag.py took 1.065 seconds
[2022-04-13 07:26:27,225] {scheduler_job.py:182} INFO - Started process (PID=10411) to work on /home/airflow/sandbox/lib/python3.8/site-packages/airflow/example_dags/example_external_task_marker_dag.py
[2022-04-13 07:26:27,229] {scheduler_job.py:633} INFO - Processing file /home/airflow/sandbox/lib/python3.8/site-packages/airflow/example_dags/example_external_task_marker_dag.py for tasks to queue
[2022-04-13 07:26:27,231] {logging_mixin.py:104} INFO - [2022-04-13 07:26:27,231] {dagbag.py:487} INFO - Filling up the DagBag from /home/airflow/sandbox/lib/python3.8/site-packages/airflow/example_dags/example_external_task_marker_dag.py
[2022-04-13 07:26:27,334] {scheduler_job.py:643} INFO - DAG(s) dict_keys(['example_external_task_marker_parent', 'example_external_task_marker_child']) retrieved from /home/airflow/sandbox/lib/python3.8/site-packages/airflow/example_dags/example_external_task_marker_dag.py
[2022-04-13 07:26:29,025] {logging_mixin.py:104} INFO - [2022-04-13 07:26:29,025] {dag.py:1832} INFO - Sync 2 DAGs
[2022-04-13 07:26:29,071] {logging_mixin.py:104} INFO - [2022-04-13 07:26:29,070] {dag.py:2305} INFO - Setting next_dagrun for example_external_task_marker_child to None
[2022-04-13 07:26:29,079] {logging_mixin.py:104} INFO - [2022-04-13 07:26:29,078] {dag.py:2305} INFO - Setting next_dagrun for example_external_task_marker_parent to None
[2022-04-13 07:26:29,407] {scheduler_job.py:190} INFO - Processing /home/airflow/sandbox/lib/python3.8/site-packages/airflow/example_dags/example_external_task_marker_dag.py took 2.191 seconds
[2022-04-13 07:26:59,595] {scheduler_job.py:182} INFO - Started process (PID=10618) to work on /home/airflow/sandbox/lib/python3.8/site-packages/airflow/example_dags/example_external_task_marker_dag.py
[2022-04-13 07:26:59,603] {scheduler_job.py:633} INFO - Processing file /home/airflow/sandbox/lib/python3.8/site-packages/airflow/example_dags/example_external_task_marker_dag.py for tasks to queue
[2022-04-13 07:26:59,604] {logging_mixin.py:104} INFO - [2022-04-13 07:26:59,604] {dagbag.py:487} INFO - Filling up the DagBag from /home/airflow/sandbox/lib/python3.8/site-packages/airflow/example_dags/example_external_task_marker_dag.py
[2022-04-13 07:26:59,676] {scheduler_job.py:643} INFO - DAG(s) dict_keys(['example_external_task_marker_parent', 'example_external_task_marker_child']) retrieved from /home/airflow/sandbox/lib/python3.8/site-packages/airflow/example_dags/example_external_task_marker_dag.py
[2022-04-13 07:27:00,748] {logging_mixin.py:104} INFO - [2022-04-13 07:27:00,748] {dag.py:1832} INFO - Sync 2 DAGs
[2022-04-13 07:27:00,773] {logging_mixin.py:104} INFO - [2022-04-13 07:27:00,773] {dag.py:2305} INFO - Setting next_dagrun for example_external_task_marker_child to None
[2022-04-13 07:27:00,775] {logging_mixin.py:104} INFO - [2022-04-13 07:27:00,775] {dag.py:2305} INFO - Setting next_dagrun for example_external_task_marker_parent to None
[2022-04-13 07:27:00,808] {scheduler_job.py:190} INFO - Processing /home/airflow/sandbox/lib/python3.8/site-packages/airflow/example_dags/example_external_task_marker_dag.py took 1.221 seconds
[2022-04-13 07:27:30,969] {scheduler_job.py:182} INFO - Started process (PID=10822) to work on /home/airflow/sandbox/lib/python3.8/site-packages/airflow/example_dags/example_external_task_marker_dag.py
[2022-04-13 07:27:30,972] {scheduler_job.py:633} INFO - Processing file /home/airflow/sandbox/lib/python3.8/site-packages/airflow/example_dags/example_external_task_marker_dag.py for tasks to queue
[2022-04-13 07:27:30,973] {logging_mixin.py:104} INFO - [2022-04-13 07:27:30,973] {dagbag.py:487} INFO - Filling up the DagBag from /home/airflow/sandbox/lib/python3.8/site-packages/airflow/example_dags/example_external_task_marker_dag.py
[2022-04-13 07:27:31,064] {scheduler_job.py:643} INFO - DAG(s) dict_keys(['example_external_task_marker_parent', 'example_external_task_marker_child']) retrieved from /home/airflow/sandbox/lib/python3.8/site-packages/airflow/example_dags/example_external_task_marker_dag.py
[2022-04-13 07:27:32,143] {logging_mixin.py:104} INFO - [2022-04-13 07:27:32,143] {dag.py:1832} INFO - Sync 2 DAGs
[2022-04-13 07:27:32,216] {logging_mixin.py:104} INFO - [2022-04-13 07:27:32,215] {dag.py:2305} INFO - Setting next_dagrun for example_external_task_marker_child to None
[2022-04-13 07:27:32,217] {logging_mixin.py:104} INFO - [2022-04-13 07:27:32,217] {dag.py:2305} INFO - Setting next_dagrun for example_external_task_marker_parent to None
[2022-04-13 07:27:32,336] {scheduler_job.py:190} INFO - Processing /home/airflow/sandbox/lib/python3.8/site-packages/airflow/example_dags/example_external_task_marker_dag.py took 1.376 seconds
[2022-04-13 07:28:03,154] {scheduler_job.py:182} INFO - Started process (PID=11021) to work on /home/airflow/sandbox/lib/python3.8/site-packages/airflow/example_dags/example_external_task_marker_dag.py
[2022-04-13 07:28:03,164] {scheduler_job.py:633} INFO - Processing file /home/airflow/sandbox/lib/python3.8/site-packages/airflow/example_dags/example_external_task_marker_dag.py for tasks to queue
[2022-04-13 07:28:03,166] {logging_mixin.py:104} INFO - [2022-04-13 07:28:03,166] {dagbag.py:487} INFO - Filling up the DagBag from /home/airflow/sandbox/lib/python3.8/site-packages/airflow/example_dags/example_external_task_marker_dag.py
[2022-04-13 07:28:03,275] {scheduler_job.py:643} INFO - DAG(s) dict_keys(['example_external_task_marker_parent', 'example_external_task_marker_child']) retrieved from /home/airflow/sandbox/lib/python3.8/site-packages/airflow/example_dags/example_external_task_marker_dag.py
[2022-04-13 07:28:03,746] {logging_mixin.py:104} INFO - [2022-04-13 07:28:03,745] {dag.py:1832} INFO - Sync 2 DAGs
[2022-04-13 07:28:03,825] {logging_mixin.py:104} INFO - [2022-04-13 07:28:03,824] {dag.py:2305} INFO - Setting next_dagrun for example_external_task_marker_child to None
[2022-04-13 07:28:03,827] {logging_mixin.py:104} INFO - [2022-04-13 07:28:03,827] {dag.py:2305} INFO - Setting next_dagrun for example_external_task_marker_parent to None
[2022-04-13 07:28:04,119] {scheduler_job.py:190} INFO - Processing /home/airflow/sandbox/lib/python3.8/site-packages/airflow/example_dags/example_external_task_marker_dag.py took 0.987 seconds
[2022-04-13 07:28:34,731] {scheduler_job.py:182} INFO - Started process (PID=11222) to work on /home/airflow/sandbox/lib/python3.8/site-packages/airflow/example_dags/example_external_task_marker_dag.py
[2022-04-13 07:28:34,757] {scheduler_job.py:633} INFO - Processing file /home/airflow/sandbox/lib/python3.8/site-packages/airflow/example_dags/example_external_task_marker_dag.py for tasks to queue
[2022-04-13 07:28:34,759] {logging_mixin.py:104} INFO - [2022-04-13 07:28:34,759] {dagbag.py:487} INFO - Filling up the DagBag from /home/airflow/sandbox/lib/python3.8/site-packages/airflow/example_dags/example_external_task_marker_dag.py
[2022-04-13 07:28:34,834] {scheduler_job.py:643} INFO - DAG(s) dict_keys(['example_external_task_marker_parent', 'example_external_task_marker_child']) retrieved from /home/airflow/sandbox/lib/python3.8/site-packages/airflow/example_dags/example_external_task_marker_dag.py
[2022-04-13 07:28:36,239] {logging_mixin.py:104} INFO - [2022-04-13 07:28:36,238] {dag.py:1832} INFO - Sync 2 DAGs
[2022-04-13 07:28:36,332] {logging_mixin.py:104} INFO - [2022-04-13 07:28:36,332] {dag.py:2305} INFO - Setting next_dagrun for example_external_task_marker_child to None
[2022-04-13 07:28:36,334] {logging_mixin.py:104} INFO - [2022-04-13 07:28:36,333] {dag.py:2305} INFO - Setting next_dagrun for example_external_task_marker_parent to None
[2022-04-13 07:28:36,508] {scheduler_job.py:190} INFO - Processing /home/airflow/sandbox/lib/python3.8/site-packages/airflow/example_dags/example_external_task_marker_dag.py took 1.787 seconds
[2022-04-13 07:29:06,840] {scheduler_job.py:182} INFO - Started process (PID=11429) to work on /home/airflow/sandbox/lib/python3.8/site-packages/airflow/example_dags/example_external_task_marker_dag.py
[2022-04-13 07:29:06,860] {scheduler_job.py:633} INFO - Processing file /home/airflow/sandbox/lib/python3.8/site-packages/airflow/example_dags/example_external_task_marker_dag.py for tasks to queue
[2022-04-13 07:29:06,861] {logging_mixin.py:104} INFO - [2022-04-13 07:29:06,861] {dagbag.py:487} INFO - Filling up the DagBag from /home/airflow/sandbox/lib/python3.8/site-packages/airflow/example_dags/example_external_task_marker_dag.py
[2022-04-13 07:29:06,892] {scheduler_job.py:643} INFO - DAG(s) dict_keys(['example_external_task_marker_parent', 'example_external_task_marker_child']) retrieved from /home/airflow/sandbox/lib/python3.8/site-packages/airflow/example_dags/example_external_task_marker_dag.py
[2022-04-13 07:29:08,475] {logging_mixin.py:104} INFO - [2022-04-13 07:29:08,475] {dag.py:1832} INFO - Sync 2 DAGs
[2022-04-13 07:29:08,555] {logging_mixin.py:104} INFO - [2022-04-13 07:29:08,555] {dag.py:2305} INFO - Setting next_dagrun for example_external_task_marker_child to None
[2022-04-13 07:29:08,557] {logging_mixin.py:104} INFO - [2022-04-13 07:29:08,557] {dag.py:2305} INFO - Setting next_dagrun for example_external_task_marker_parent to None
[2022-04-13 07:29:08,642] {scheduler_job.py:190} INFO - Processing /home/airflow/sandbox/lib/python3.8/site-packages/airflow/example_dags/example_external_task_marker_dag.py took 1.825 seconds
[2022-04-13 07:29:39,395] {scheduler_job.py:182} INFO - Started process (PID=11872) to work on /home/airflow/sandbox/lib/python3.8/site-packages/airflow/example_dags/example_external_task_marker_dag.py
[2022-04-13 07:29:39,407] {scheduler_job.py:633} INFO - Processing file /home/airflow/sandbox/lib/python3.8/site-packages/airflow/example_dags/example_external_task_marker_dag.py for tasks to queue
[2022-04-13 07:29:39,409] {logging_mixin.py:104} INFO - [2022-04-13 07:29:39,409] {dagbag.py:487} INFO - Filling up the DagBag from /home/airflow/sandbox/lib/python3.8/site-packages/airflow/example_dags/example_external_task_marker_dag.py
[2022-04-13 07:29:39,665] {scheduler_job.py:643} INFO - DAG(s) dict_keys(['example_external_task_marker_parent', 'example_external_task_marker_child']) retrieved from /home/airflow/sandbox/lib/python3.8/site-packages/airflow/example_dags/example_external_task_marker_dag.py
[2022-04-13 07:29:39,808] {logging_mixin.py:104} INFO - [2022-04-13 07:29:39,807] {dag.py:1832} INFO - Sync 2 DAGs
[2022-04-13 07:29:39,879] {logging_mixin.py:104} INFO - [2022-04-13 07:29:39,879] {dag.py:2305} INFO - Setting next_dagrun for example_external_task_marker_child to None
[2022-04-13 07:29:39,881] {logging_mixin.py:104} INFO - [2022-04-13 07:29:39,881] {dag.py:2305} INFO - Setting next_dagrun for example_external_task_marker_parent to None
[2022-04-13 07:29:40,136] {scheduler_job.py:190} INFO - Processing /home/airflow/sandbox/lib/python3.8/site-packages/airflow/example_dags/example_external_task_marker_dag.py took 0.762 seconds
[2022-04-13 07:30:10,638] {scheduler_job.py:182} INFO - Started process (PID=12059) to work on /home/airflow/sandbox/lib/python3.8/site-packages/airflow/example_dags/example_external_task_marker_dag.py
[2022-04-13 07:30:10,648] {scheduler_job.py:633} INFO - Processing file /home/airflow/sandbox/lib/python3.8/site-packages/airflow/example_dags/example_external_task_marker_dag.py for tasks to queue
[2022-04-13 07:30:10,654] {logging_mixin.py:104} INFO - [2022-04-13 07:30:10,654] {dagbag.py:487} INFO - Filling up the DagBag from /home/airflow/sandbox/lib/python3.8/site-packages/airflow/example_dags/example_external_task_marker_dag.py
[2022-04-13 07:30:11,078] {scheduler_job.py:643} INFO - DAG(s) dict_keys(['example_external_task_marker_parent', 'example_external_task_marker_child']) retrieved from /home/airflow/sandbox/lib/python3.8/site-packages/airflow/example_dags/example_external_task_marker_dag.py
[2022-04-13 07:30:12,231] {logging_mixin.py:104} INFO - [2022-04-13 07:30:12,231] {dag.py:1832} INFO - Sync 2 DAGs
[2022-04-13 07:30:12,282] {logging_mixin.py:104} INFO - [2022-04-13 07:30:12,282] {dag.py:2305} INFO - Setting next_dagrun for example_external_task_marker_child to None
[2022-04-13 07:30:12,285] {logging_mixin.py:104} INFO - [2022-04-13 07:30:12,285] {dag.py:2305} INFO - Setting next_dagrun for example_external_task_marker_parent to None
[2022-04-13 07:30:12,385] {scheduler_job.py:190} INFO - Processing /home/airflow/sandbox/lib/python3.8/site-packages/airflow/example_dags/example_external_task_marker_dag.py took 1.781 seconds
[2022-04-13 07:30:44,067] {scheduler_job.py:182} INFO - Started process (PID=12265) to work on /home/airflow/sandbox/lib/python3.8/site-packages/airflow/example_dags/example_external_task_marker_dag.py
[2022-04-13 07:30:44,071] {scheduler_job.py:633} INFO - Processing file /home/airflow/sandbox/lib/python3.8/site-packages/airflow/example_dags/example_external_task_marker_dag.py for tasks to queue
[2022-04-13 07:30:44,080] {logging_mixin.py:104} INFO - [2022-04-13 07:30:44,079] {dagbag.py:487} INFO - Filling up the DagBag from /home/airflow/sandbox/lib/python3.8/site-packages/airflow/example_dags/example_external_task_marker_dag.py
[2022-04-13 07:30:44,462] {scheduler_job.py:643} INFO - DAG(s) dict_keys(['example_external_task_marker_parent', 'example_external_task_marker_child']) retrieved from /home/airflow/sandbox/lib/python3.8/site-packages/airflow/example_dags/example_external_task_marker_dag.py
[2022-04-13 07:30:45,808] {logging_mixin.py:104} INFO - [2022-04-13 07:30:45,808] {dag.py:1832} INFO - Sync 2 DAGs
[2022-04-13 07:30:45,839] {logging_mixin.py:104} INFO - [2022-04-13 07:30:45,838] {dag.py:2305} INFO - Setting next_dagrun for example_external_task_marker_child to None
[2022-04-13 07:30:45,840] {logging_mixin.py:104} INFO - [2022-04-13 07:30:45,840] {dag.py:2305} INFO - Setting next_dagrun for example_external_task_marker_parent to None
[2022-04-13 07:30:45,910] {scheduler_job.py:190} INFO - Processing /home/airflow/sandbox/lib/python3.8/site-packages/airflow/example_dags/example_external_task_marker_dag.py took 1.882 seconds
[2022-04-13 07:31:17,025] {scheduler_job.py:182} INFO - Started process (PID=12502) to work on /home/airflow/sandbox/lib/python3.8/site-packages/airflow/example_dags/example_external_task_marker_dag.py
[2022-04-13 07:31:17,373] {scheduler_job.py:633} INFO - Processing file /home/airflow/sandbox/lib/python3.8/site-packages/airflow/example_dags/example_external_task_marker_dag.py for tasks to queue
[2022-04-13 07:31:17,380] {logging_mixin.py:104} INFO - [2022-04-13 07:31:17,380] {dagbag.py:487} INFO - Filling up the DagBag from /home/airflow/sandbox/lib/python3.8/site-packages/airflow/example_dags/example_external_task_marker_dag.py
[2022-04-13 07:31:17,434] {scheduler_job.py:643} INFO - DAG(s) dict_keys(['example_external_task_marker_parent', 'example_external_task_marker_child']) retrieved from /home/airflow/sandbox/lib/python3.8/site-packages/airflow/example_dags/example_external_task_marker_dag.py
[2022-04-13 07:31:18,971] {logging_mixin.py:104} INFO - [2022-04-13 07:31:18,971] {dag.py:1832} INFO - Sync 2 DAGs
[2022-04-13 07:31:19,039] {logging_mixin.py:104} INFO - [2022-04-13 07:31:19,039] {dag.py:2305} INFO - Setting next_dagrun for example_external_task_marker_child to None
[2022-04-13 07:31:19,041] {logging_mixin.py:104} INFO - [2022-04-13 07:31:19,041] {dag.py:2305} INFO - Setting next_dagrun for example_external_task_marker_parent to None
[2022-04-13 07:31:19,124] {scheduler_job.py:190} INFO - Processing /home/airflow/sandbox/lib/python3.8/site-packages/airflow/example_dags/example_external_task_marker_dag.py took 2.107 seconds
[2022-04-13 07:31:49,366] {scheduler_job.py:182} INFO - Started process (PID=12894) to work on /home/airflow/sandbox/lib/python3.8/site-packages/airflow/example_dags/example_external_task_marker_dag.py
[2022-04-13 07:31:49,377] {scheduler_job.py:633} INFO - Processing file /home/airflow/sandbox/lib/python3.8/site-packages/airflow/example_dags/example_external_task_marker_dag.py for tasks to queue
[2022-04-13 07:31:49,382] {logging_mixin.py:104} INFO - [2022-04-13 07:31:49,382] {dagbag.py:487} INFO - Filling up the DagBag from /home/airflow/sandbox/lib/python3.8/site-packages/airflow/example_dags/example_external_task_marker_dag.py
[2022-04-13 07:31:49,487] {scheduler_job.py:643} INFO - DAG(s) dict_keys(['example_external_task_marker_parent', 'example_external_task_marker_child']) retrieved from /home/airflow/sandbox/lib/python3.8/site-packages/airflow/example_dags/example_external_task_marker_dag.py
[2022-04-13 07:31:50,539] {logging_mixin.py:104} INFO - [2022-04-13 07:31:50,539] {dag.py:1832} INFO - Sync 2 DAGs
[2022-04-13 07:31:50,593] {logging_mixin.py:104} INFO - [2022-04-13 07:31:50,593] {dag.py:2305} INFO - Setting next_dagrun for example_external_task_marker_child to None
[2022-04-13 07:31:50,595] {logging_mixin.py:104} INFO - [2022-04-13 07:31:50,595] {dag.py:2305} INFO - Setting next_dagrun for example_external_task_marker_parent to None
[2022-04-13 07:31:50,699] {scheduler_job.py:190} INFO - Processing /home/airflow/sandbox/lib/python3.8/site-packages/airflow/example_dags/example_external_task_marker_dag.py took 1.343 seconds
[2022-04-13 07:32:20,826] {scheduler_job.py:182} INFO - Started process (PID=13122) to work on /home/airflow/sandbox/lib/python3.8/site-packages/airflow/example_dags/example_external_task_marker_dag.py
[2022-04-13 07:32:20,831] {scheduler_job.py:633} INFO - Processing file /home/airflow/sandbox/lib/python3.8/site-packages/airflow/example_dags/example_external_task_marker_dag.py for tasks to queue
[2022-04-13 07:32:20,833] {logging_mixin.py:104} INFO - [2022-04-13 07:32:20,833] {dagbag.py:487} INFO - Filling up the DagBag from /home/airflow/sandbox/lib/python3.8/site-packages/airflow/example_dags/example_external_task_marker_dag.py
[2022-04-13 07:32:20,913] {scheduler_job.py:643} INFO - DAG(s) dict_keys(['example_external_task_marker_parent', 'example_external_task_marker_child']) retrieved from /home/airflow/sandbox/lib/python3.8/site-packages/airflow/example_dags/example_external_task_marker_dag.py
[2022-04-13 07:32:22,416] {logging_mixin.py:104} INFO - [2022-04-13 07:32:22,416] {dag.py:1832} INFO - Sync 2 DAGs
[2022-04-13 07:32:22,486] {logging_mixin.py:104} INFO - [2022-04-13 07:32:22,486] {dag.py:2305} INFO - Setting next_dagrun for example_external_task_marker_child to None
[2022-04-13 07:32:22,488] {logging_mixin.py:104} INFO - [2022-04-13 07:32:22,488] {dag.py:2305} INFO - Setting next_dagrun for example_external_task_marker_parent to None
[2022-04-13 07:32:22,557] {scheduler_job.py:190} INFO - Processing /home/airflow/sandbox/lib/python3.8/site-packages/airflow/example_dags/example_external_task_marker_dag.py took 1.763 seconds
