[2022-04-13 07:09:32,799] {scheduler_job.py:182} INFO - Started process (PID=3239) to work on /home/airflow/sandbox/lib/python3.8/site-packages/airflow/example_dags/example_branch_python_dop_operator_3.py
[2022-04-13 07:09:32,800] {scheduler_job.py:633} INFO - Processing file /home/airflow/sandbox/lib/python3.8/site-packages/airflow/example_dags/example_branch_python_dop_operator_3.py for tasks to queue
[2022-04-13 07:09:32,801] {logging_mixin.py:104} INFO - [2022-04-13 07:09:32,801] {dagbag.py:487} INFO - Filling up the DagBag from /home/airflow/sandbox/lib/python3.8/site-packages/airflow/example_dags/example_branch_python_dop_operator_3.py
[2022-04-13 07:09:32,863] {scheduler_job.py:643} INFO - DAG(s) dict_keys(['example_branch_dop_operator_v3']) retrieved from /home/airflow/sandbox/lib/python3.8/site-packages/airflow/example_dags/example_branch_python_dop_operator_3.py
[2022-04-13 07:09:34,158] {logging_mixin.py:104} INFO - [2022-04-13 07:09:34,157] {dag.py:1832} INFO - Sync 1 DAGs
[2022-04-13 07:09:34,235] {logging_mixin.py:104} INFO - [2022-04-13 07:09:34,235] {dag.py:2305} INFO - Setting next_dagrun for example_branch_dop_operator_v3 to 2022-04-11 00:00:00+00:00
[2022-04-13 07:09:34,364] {scheduler_job.py:190} INFO - Processing /home/airflow/sandbox/lib/python3.8/site-packages/airflow/example_dags/example_branch_python_dop_operator_3.py took 1.570 seconds
[2022-04-13 07:10:04,677] {scheduler_job.py:182} INFO - Started process (PID=3546) to work on /home/airflow/sandbox/lib/python3.8/site-packages/airflow/example_dags/example_branch_python_dop_operator_3.py
[2022-04-13 07:10:04,679] {scheduler_job.py:633} INFO - Processing file /home/airflow/sandbox/lib/python3.8/site-packages/airflow/example_dags/example_branch_python_dop_operator_3.py for tasks to queue
[2022-04-13 07:10:04,680] {logging_mixin.py:104} INFO - [2022-04-13 07:10:04,680] {dagbag.py:487} INFO - Filling up the DagBag from /home/airflow/sandbox/lib/python3.8/site-packages/airflow/example_dags/example_branch_python_dop_operator_3.py
[2022-04-13 07:10:04,745] {scheduler_job.py:643} INFO - DAG(s) dict_keys(['example_branch_dop_operator_v3']) retrieved from /home/airflow/sandbox/lib/python3.8/site-packages/airflow/example_dags/example_branch_python_dop_operator_3.py
[2022-04-13 07:10:04,886] {logging_mixin.py:104} INFO - [2022-04-13 07:10:04,885] {dag.py:1832} INFO - Sync 1 DAGs
[2022-04-13 07:10:04,988] {logging_mixin.py:104} INFO - [2022-04-13 07:10:04,988] {dag.py:2305} INFO - Setting next_dagrun for example_branch_dop_operator_v3 to 2022-04-11 00:00:00+00:00
[2022-04-13 07:10:05,057] {scheduler_job.py:190} INFO - Processing /home/airflow/sandbox/lib/python3.8/site-packages/airflow/example_dags/example_branch_python_dop_operator_3.py took 0.400 seconds
[2022-04-13 07:14:40,520] {scheduler_job.py:182} INFO - Started process (PID=5184) to work on /home/airflow/sandbox/lib/python3.8/site-packages/airflow/example_dags/example_branch_python_dop_operator_3.py
[2022-04-13 07:14:40,524] {scheduler_job.py:633} INFO - Processing file /home/airflow/sandbox/lib/python3.8/site-packages/airflow/example_dags/example_branch_python_dop_operator_3.py for tasks to queue
[2022-04-13 07:14:40,529] {logging_mixin.py:104} INFO - [2022-04-13 07:14:40,529] {dagbag.py:487} INFO - Filling up the DagBag from /home/airflow/sandbox/lib/python3.8/site-packages/airflow/example_dags/example_branch_python_dop_operator_3.py
[2022-04-13 07:14:40,593] {scheduler_job.py:643} INFO - DAG(s) dict_keys(['example_branch_dop_operator_v3']) retrieved from /home/airflow/sandbox/lib/python3.8/site-packages/airflow/example_dags/example_branch_python_dop_operator_3.py
[2022-04-13 07:14:40,789] {logging_mixin.py:104} INFO - [2022-04-13 07:14:40,789] {dag.py:1832} INFO - Sync 1 DAGs
[2022-04-13 07:14:40,905] {logging_mixin.py:104} INFO - [2022-04-13 07:14:40,905] {dag.py:2305} INFO - Setting next_dagrun for example_branch_dop_operator_v3 to 2022-04-11 00:00:00+00:00
[2022-04-13 07:14:41,015] {scheduler_job.py:190} INFO - Processing /home/airflow/sandbox/lib/python3.8/site-packages/airflow/example_dags/example_branch_python_dop_operator_3.py took 0.529 seconds
[2022-04-13 07:15:14,453] {scheduler_job.py:182} INFO - Started process (PID=5563) to work on /home/airflow/sandbox/lib/python3.8/site-packages/airflow/example_dags/example_branch_python_dop_operator_3.py
[2022-04-13 07:15:14,464] {scheduler_job.py:633} INFO - Processing file /home/airflow/sandbox/lib/python3.8/site-packages/airflow/example_dags/example_branch_python_dop_operator_3.py for tasks to queue
[2022-04-13 07:15:14,466] {logging_mixin.py:104} INFO - [2022-04-13 07:15:14,466] {dagbag.py:487} INFO - Filling up the DagBag from /home/airflow/sandbox/lib/python3.8/site-packages/airflow/example_dags/example_branch_python_dop_operator_3.py
[2022-04-13 07:15:14,502] {scheduler_job.py:643} INFO - DAG(s) dict_keys(['example_branch_dop_operator_v3']) retrieved from /home/airflow/sandbox/lib/python3.8/site-packages/airflow/example_dags/example_branch_python_dop_operator_3.py
[2022-04-13 07:15:14,569] {logging_mixin.py:104} INFO - [2022-04-13 07:15:14,569] {dag.py:1832} INFO - Sync 1 DAGs
[2022-04-13 07:15:14,659] {logging_mixin.py:104} INFO - [2022-04-13 07:15:14,659] {dag.py:2305} INFO - Setting next_dagrun for example_branch_dop_operator_v3 to 2022-04-11 00:00:00+00:00
[2022-04-13 07:15:14,711] {scheduler_job.py:190} INFO - Processing /home/airflow/sandbox/lib/python3.8/site-packages/airflow/example_dags/example_branch_python_dop_operator_3.py took 0.291 seconds
[2022-04-13 07:15:47,283] {scheduler_job.py:182} INFO - Started process (PID=5866) to work on /home/airflow/sandbox/lib/python3.8/site-packages/airflow/example_dags/example_branch_python_dop_operator_3.py
[2022-04-13 07:15:47,286] {scheduler_job.py:633} INFO - Processing file /home/airflow/sandbox/lib/python3.8/site-packages/airflow/example_dags/example_branch_python_dop_operator_3.py for tasks to queue
[2022-04-13 07:15:47,289] {logging_mixin.py:104} INFO - [2022-04-13 07:15:47,289] {dagbag.py:487} INFO - Filling up the DagBag from /home/airflow/sandbox/lib/python3.8/site-packages/airflow/example_dags/example_branch_python_dop_operator_3.py
[2022-04-13 07:15:47,436] {scheduler_job.py:643} INFO - DAG(s) dict_keys(['example_branch_dop_operator_v3']) retrieved from /home/airflow/sandbox/lib/python3.8/site-packages/airflow/example_dags/example_branch_python_dop_operator_3.py
[2022-04-13 07:15:47,651] {logging_mixin.py:104} INFO - [2022-04-13 07:15:47,651] {dag.py:1832} INFO - Sync 1 DAGs
[2022-04-13 07:15:47,856] {logging_mixin.py:104} INFO - [2022-04-13 07:15:47,855] {dag.py:2305} INFO - Setting next_dagrun for example_branch_dop_operator_v3 to 2022-04-11 00:00:00+00:00
[2022-04-13 07:15:48,064] {scheduler_job.py:190} INFO - Processing /home/airflow/sandbox/lib/python3.8/site-packages/airflow/example_dags/example_branch_python_dop_operator_3.py took 0.832 seconds
[2022-04-13 07:16:22,052] {scheduler_job.py:182} INFO - Started process (PID=6116) to work on /home/airflow/sandbox/lib/python3.8/site-packages/airflow/example_dags/example_branch_python_dop_operator_3.py
[2022-04-13 07:16:22,080] {scheduler_job.py:633} INFO - Processing file /home/airflow/sandbox/lib/python3.8/site-packages/airflow/example_dags/example_branch_python_dop_operator_3.py for tasks to queue
[2022-04-13 07:16:22,083] {logging_mixin.py:104} INFO - [2022-04-13 07:16:22,083] {dagbag.py:487} INFO - Filling up the DagBag from /home/airflow/sandbox/lib/python3.8/site-packages/airflow/example_dags/example_branch_python_dop_operator_3.py
[2022-04-13 07:16:22,156] {scheduler_job.py:643} INFO - DAG(s) dict_keys(['example_branch_dop_operator_v3']) retrieved from /home/airflow/sandbox/lib/python3.8/site-packages/airflow/example_dags/example_branch_python_dop_operator_3.py
[2022-04-13 07:16:22,510] {logging_mixin.py:104} INFO - [2022-04-13 07:16:22,510] {dag.py:1832} INFO - Sync 1 DAGs
[2022-04-13 07:16:22,884] {logging_mixin.py:104} INFO - [2022-04-13 07:16:22,883] {dag.py:2305} INFO - Setting next_dagrun for example_branch_dop_operator_v3 to 2022-04-11 00:00:00+00:00
[2022-04-13 07:16:23,020] {scheduler_job.py:190} INFO - Processing /home/airflow/sandbox/lib/python3.8/site-packages/airflow/example_dags/example_branch_python_dop_operator_3.py took 1.051 seconds
[2022-04-13 07:16:54,340] {scheduler_job.py:182} INFO - Started process (PID=6321) to work on /home/airflow/sandbox/lib/python3.8/site-packages/airflow/example_dags/example_branch_python_dop_operator_3.py
[2022-04-13 07:16:54,368] {scheduler_job.py:633} INFO - Processing file /home/airflow/sandbox/lib/python3.8/site-packages/airflow/example_dags/example_branch_python_dop_operator_3.py for tasks to queue
[2022-04-13 07:16:54,373] {logging_mixin.py:104} INFO - [2022-04-13 07:16:54,373] {dagbag.py:487} INFO - Filling up the DagBag from /home/airflow/sandbox/lib/python3.8/site-packages/airflow/example_dags/example_branch_python_dop_operator_3.py
[2022-04-13 07:16:54,455] {scheduler_job.py:643} INFO - DAG(s) dict_keys(['example_branch_dop_operator_v3']) retrieved from /home/airflow/sandbox/lib/python3.8/site-packages/airflow/example_dags/example_branch_python_dop_operator_3.py
[2022-04-13 07:16:54,598] {logging_mixin.py:104} INFO - [2022-04-13 07:16:54,598] {dag.py:1832} INFO - Sync 1 DAGs
[2022-04-13 07:16:54,741] {logging_mixin.py:104} INFO - [2022-04-13 07:16:54,740] {dag.py:2305} INFO - Setting next_dagrun for example_branch_dop_operator_v3 to 2022-04-11 00:00:00+00:00
[2022-04-13 07:16:54,869] {scheduler_job.py:190} INFO - Processing /home/airflow/sandbox/lib/python3.8/site-packages/airflow/example_dags/example_branch_python_dop_operator_3.py took 0.561 seconds
[2022-04-13 07:17:25,890] {scheduler_job.py:182} INFO - Started process (PID=6528) to work on /home/airflow/sandbox/lib/python3.8/site-packages/airflow/example_dags/example_branch_python_dop_operator_3.py
[2022-04-13 07:17:25,908] {scheduler_job.py:633} INFO - Processing file /home/airflow/sandbox/lib/python3.8/site-packages/airflow/example_dags/example_branch_python_dop_operator_3.py for tasks to queue
[2022-04-13 07:17:25,910] {logging_mixin.py:104} INFO - [2022-04-13 07:17:25,909] {dagbag.py:487} INFO - Filling up the DagBag from /home/airflow/sandbox/lib/python3.8/site-packages/airflow/example_dags/example_branch_python_dop_operator_3.py
[2022-04-13 07:17:25,957] {scheduler_job.py:643} INFO - DAG(s) dict_keys(['example_branch_dop_operator_v3']) retrieved from /home/airflow/sandbox/lib/python3.8/site-packages/airflow/example_dags/example_branch_python_dop_operator_3.py
[2022-04-13 07:17:26,100] {logging_mixin.py:104} INFO - [2022-04-13 07:17:26,099] {dag.py:1832} INFO - Sync 1 DAGs
[2022-04-13 07:17:26,226] {logging_mixin.py:104} INFO - [2022-04-13 07:17:26,226] {dag.py:2305} INFO - Setting next_dagrun for example_branch_dop_operator_v3 to 2022-04-11 00:00:00+00:00
[2022-04-13 07:17:26,294] {scheduler_job.py:190} INFO - Processing /home/airflow/sandbox/lib/python3.8/site-packages/airflow/example_dags/example_branch_python_dop_operator_3.py took 0.407 seconds
[2022-04-13 07:17:57,942] {scheduler_job.py:182} INFO - Started process (PID=6727) to work on /home/airflow/sandbox/lib/python3.8/site-packages/airflow/example_dags/example_branch_python_dop_operator_3.py
[2022-04-13 07:17:57,944] {scheduler_job.py:633} INFO - Processing file /home/airflow/sandbox/lib/python3.8/site-packages/airflow/example_dags/example_branch_python_dop_operator_3.py for tasks to queue
[2022-04-13 07:17:57,946] {logging_mixin.py:104} INFO - [2022-04-13 07:17:57,945] {dagbag.py:487} INFO - Filling up the DagBag from /home/airflow/sandbox/lib/python3.8/site-packages/airflow/example_dags/example_branch_python_dop_operator_3.py
[2022-04-13 07:17:58,046] {scheduler_job.py:643} INFO - DAG(s) dict_keys(['example_branch_dop_operator_v3']) retrieved from /home/airflow/sandbox/lib/python3.8/site-packages/airflow/example_dags/example_branch_python_dop_operator_3.py
[2022-04-13 07:17:58,191] {logging_mixin.py:104} INFO - [2022-04-13 07:17:58,191] {dag.py:1832} INFO - Sync 1 DAGs
[2022-04-13 07:17:58,353] {logging_mixin.py:104} INFO - [2022-04-13 07:17:58,353] {dag.py:2305} INFO - Setting next_dagrun for example_branch_dop_operator_v3 to 2022-04-11 00:00:00+00:00
[2022-04-13 07:17:58,589] {scheduler_job.py:190} INFO - Processing /home/airflow/sandbox/lib/python3.8/site-packages/airflow/example_dags/example_branch_python_dop_operator_3.py took 0.655 seconds
[2022-04-13 07:18:30,039] {scheduler_job.py:182} INFO - Started process (PID=6927) to work on /home/airflow/sandbox/lib/python3.8/site-packages/airflow/example_dags/example_branch_python_dop_operator_3.py
[2022-04-13 07:18:30,065] {scheduler_job.py:633} INFO - Processing file /home/airflow/sandbox/lib/python3.8/site-packages/airflow/example_dags/example_branch_python_dop_operator_3.py for tasks to queue
[2022-04-13 07:18:30,067] {logging_mixin.py:104} INFO - [2022-04-13 07:18:30,067] {dagbag.py:487} INFO - Filling up the DagBag from /home/airflow/sandbox/lib/python3.8/site-packages/airflow/example_dags/example_branch_python_dop_operator_3.py
[2022-04-13 07:18:30,191] {scheduler_job.py:643} INFO - DAG(s) dict_keys(['example_branch_dop_operator_v3']) retrieved from /home/airflow/sandbox/lib/python3.8/site-packages/airflow/example_dags/example_branch_python_dop_operator_3.py
[2022-04-13 07:18:30,328] {logging_mixin.py:104} INFO - [2022-04-13 07:18:30,328] {dag.py:1832} INFO - Sync 1 DAGs
[2022-04-13 07:18:30,439] {logging_mixin.py:104} INFO - [2022-04-13 07:18:30,438] {dag.py:2305} INFO - Setting next_dagrun for example_branch_dop_operator_v3 to 2022-04-11 00:00:00+00:00
[2022-04-13 07:18:30,532] {scheduler_job.py:190} INFO - Processing /home/airflow/sandbox/lib/python3.8/site-packages/airflow/example_dags/example_branch_python_dop_operator_3.py took 0.502 seconds
[2022-04-13 07:19:02,822] {scheduler_job.py:182} INFO - Started process (PID=7126) to work on /home/airflow/sandbox/lib/python3.8/site-packages/airflow/example_dags/example_branch_python_dop_operator_3.py
[2022-04-13 07:19:02,858] {scheduler_job.py:633} INFO - Processing file /home/airflow/sandbox/lib/python3.8/site-packages/airflow/example_dags/example_branch_python_dop_operator_3.py for tasks to queue
[2022-04-13 07:19:02,860] {logging_mixin.py:104} INFO - [2022-04-13 07:19:02,859] {dagbag.py:487} INFO - Filling up the DagBag from /home/airflow/sandbox/lib/python3.8/site-packages/airflow/example_dags/example_branch_python_dop_operator_3.py
[2022-04-13 07:19:02,927] {scheduler_job.py:643} INFO - DAG(s) dict_keys(['example_branch_dop_operator_v3']) retrieved from /home/airflow/sandbox/lib/python3.8/site-packages/airflow/example_dags/example_branch_python_dop_operator_3.py
[2022-04-13 07:19:03,092] {logging_mixin.py:104} INFO - [2022-04-13 07:19:03,092] {dag.py:1832} INFO - Sync 1 DAGs
[2022-04-13 07:19:03,224] {logging_mixin.py:104} INFO - [2022-04-13 07:19:03,224] {dag.py:2305} INFO - Setting next_dagrun for example_branch_dop_operator_v3 to 2022-04-11 00:00:00+00:00
[2022-04-13 07:19:03,322] {scheduler_job.py:190} INFO - Processing /home/airflow/sandbox/lib/python3.8/site-packages/airflow/example_dags/example_branch_python_dop_operator_3.py took 0.510 seconds
[2022-04-13 07:19:35,561] {scheduler_job.py:182} INFO - Started process (PID=7579) to work on /home/airflow/sandbox/lib/python3.8/site-packages/airflow/example_dags/example_branch_python_dop_operator_3.py
[2022-04-13 07:19:35,587] {scheduler_job.py:633} INFO - Processing file /home/airflow/sandbox/lib/python3.8/site-packages/airflow/example_dags/example_branch_python_dop_operator_3.py for tasks to queue
[2022-04-13 07:19:35,595] {logging_mixin.py:104} INFO - [2022-04-13 07:19:35,594] {dagbag.py:487} INFO - Filling up the DagBag from /home/airflow/sandbox/lib/python3.8/site-packages/airflow/example_dags/example_branch_python_dop_operator_3.py
[2022-04-13 07:19:35,706] {scheduler_job.py:643} INFO - DAG(s) dict_keys(['example_branch_dop_operator_v3']) retrieved from /home/airflow/sandbox/lib/python3.8/site-packages/airflow/example_dags/example_branch_python_dop_operator_3.py
[2022-04-13 07:19:35,860] {logging_mixin.py:104} INFO - [2022-04-13 07:19:35,860] {dag.py:1832} INFO - Sync 1 DAGs
[2022-04-13 07:19:35,975] {logging_mixin.py:104} INFO - [2022-04-13 07:19:35,975] {dag.py:2305} INFO - Setting next_dagrun for example_branch_dop_operator_v3 to 2022-04-11 00:00:00+00:00
[2022-04-13 07:19:36,091] {scheduler_job.py:190} INFO - Processing /home/airflow/sandbox/lib/python3.8/site-packages/airflow/example_dags/example_branch_python_dop_operator_3.py took 0.541 seconds
[2022-04-13 07:20:08,147] {scheduler_job.py:182} INFO - Started process (PID=7783) to work on /home/airflow/sandbox/lib/python3.8/site-packages/airflow/example_dags/example_branch_python_dop_operator_3.py
[2022-04-13 07:20:08,150] {scheduler_job.py:633} INFO - Processing file /home/airflow/sandbox/lib/python3.8/site-packages/airflow/example_dags/example_branch_python_dop_operator_3.py for tasks to queue
[2022-04-13 07:20:08,152] {logging_mixin.py:104} INFO - [2022-04-13 07:20:08,152] {dagbag.py:487} INFO - Filling up the DagBag from /home/airflow/sandbox/lib/python3.8/site-packages/airflow/example_dags/example_branch_python_dop_operator_3.py
[2022-04-13 07:20:08,223] {scheduler_job.py:643} INFO - DAG(s) dict_keys(['example_branch_dop_operator_v3']) retrieved from /home/airflow/sandbox/lib/python3.8/site-packages/airflow/example_dags/example_branch_python_dop_operator_3.py
[2022-04-13 07:20:08,335] {logging_mixin.py:104} INFO - [2022-04-13 07:20:08,335] {dag.py:1832} INFO - Sync 1 DAGs
[2022-04-13 07:20:08,506] {logging_mixin.py:104} INFO - [2022-04-13 07:20:08,506] {dag.py:2305} INFO - Setting next_dagrun for example_branch_dop_operator_v3 to 2022-04-11 00:00:00+00:00
[2022-04-13 07:20:08,825] {scheduler_job.py:190} INFO - Processing /home/airflow/sandbox/lib/python3.8/site-packages/airflow/example_dags/example_branch_python_dop_operator_3.py took 0.721 seconds
[2022-04-13 07:20:39,359] {scheduler_job.py:182} INFO - Started process (PID=7977) to work on /home/airflow/sandbox/lib/python3.8/site-packages/airflow/example_dags/example_branch_python_dop_operator_3.py
[2022-04-13 07:20:39,374] {scheduler_job.py:633} INFO - Processing file /home/airflow/sandbox/lib/python3.8/site-packages/airflow/example_dags/example_branch_python_dop_operator_3.py for tasks to queue
[2022-04-13 07:20:39,379] {logging_mixin.py:104} INFO - [2022-04-13 07:20:39,379] {dagbag.py:487} INFO - Filling up the DagBag from /home/airflow/sandbox/lib/python3.8/site-packages/airflow/example_dags/example_branch_python_dop_operator_3.py
[2022-04-13 07:20:39,453] {scheduler_job.py:643} INFO - DAG(s) dict_keys(['example_branch_dop_operator_v3']) retrieved from /home/airflow/sandbox/lib/python3.8/site-packages/airflow/example_dags/example_branch_python_dop_operator_3.py
[2022-04-13 07:20:39,599] {logging_mixin.py:104} INFO - [2022-04-13 07:20:39,598] {dag.py:1832} INFO - Sync 1 DAGs
[2022-04-13 07:20:39,733] {logging_mixin.py:104} INFO - [2022-04-13 07:20:39,733] {dag.py:2305} INFO - Setting next_dagrun for example_branch_dop_operator_v3 to 2022-04-11 00:00:00+00:00
[2022-04-13 07:20:40,002] {scheduler_job.py:190} INFO - Processing /home/airflow/sandbox/lib/python3.8/site-packages/airflow/example_dags/example_branch_python_dop_operator_3.py took 0.650 seconds
[2022-04-13 07:21:11,793] {scheduler_job.py:182} INFO - Started process (PID=8187) to work on /home/airflow/sandbox/lib/python3.8/site-packages/airflow/example_dags/example_branch_python_dop_operator_3.py
[2022-04-13 07:21:11,819] {scheduler_job.py:633} INFO - Processing file /home/airflow/sandbox/lib/python3.8/site-packages/airflow/example_dags/example_branch_python_dop_operator_3.py for tasks to queue
[2022-04-13 07:21:11,821] {logging_mixin.py:104} INFO - [2022-04-13 07:21:11,821] {dagbag.py:487} INFO - Filling up the DagBag from /home/airflow/sandbox/lib/python3.8/site-packages/airflow/example_dags/example_branch_python_dop_operator_3.py
[2022-04-13 07:21:11,882] {scheduler_job.py:643} INFO - DAG(s) dict_keys(['example_branch_dop_operator_v3']) retrieved from /home/airflow/sandbox/lib/python3.8/site-packages/airflow/example_dags/example_branch_python_dop_operator_3.py
[2022-04-13 07:21:12,009] {logging_mixin.py:104} INFO - [2022-04-13 07:21:12,008] {dag.py:1832} INFO - Sync 1 DAGs
[2022-04-13 07:21:12,118] {logging_mixin.py:104} INFO - [2022-04-13 07:21:12,117] {dag.py:2305} INFO - Setting next_dagrun for example_branch_dop_operator_v3 to 2022-04-11 00:00:00+00:00
[2022-04-13 07:21:12,221] {scheduler_job.py:190} INFO - Processing /home/airflow/sandbox/lib/python3.8/site-packages/airflow/example_dags/example_branch_python_dop_operator_3.py took 0.445 seconds
[2022-04-13 07:21:43,900] {scheduler_job.py:182} INFO - Started process (PID=8386) to work on /home/airflow/sandbox/lib/python3.8/site-packages/airflow/example_dags/example_branch_python_dop_operator_3.py
[2022-04-13 07:21:43,911] {scheduler_job.py:633} INFO - Processing file /home/airflow/sandbox/lib/python3.8/site-packages/airflow/example_dags/example_branch_python_dop_operator_3.py for tasks to queue
[2022-04-13 07:21:43,929] {logging_mixin.py:104} INFO - [2022-04-13 07:21:43,929] {dagbag.py:487} INFO - Filling up the DagBag from /home/airflow/sandbox/lib/python3.8/site-packages/airflow/example_dags/example_branch_python_dop_operator_3.py
[2022-04-13 07:21:43,979] {scheduler_job.py:643} INFO - DAG(s) dict_keys(['example_branch_dop_operator_v3']) retrieved from /home/airflow/sandbox/lib/python3.8/site-packages/airflow/example_dags/example_branch_python_dop_operator_3.py
[2022-04-13 07:21:44,136] {logging_mixin.py:104} INFO - [2022-04-13 07:21:44,135] {dag.py:1832} INFO - Sync 1 DAGs
[2022-04-13 07:21:44,295] {logging_mixin.py:104} INFO - [2022-04-13 07:21:44,294] {dag.py:2305} INFO - Setting next_dagrun for example_branch_dop_operator_v3 to 2022-04-11 00:00:00+00:00
[2022-04-13 07:21:44,391] {scheduler_job.py:190} INFO - Processing /home/airflow/sandbox/lib/python3.8/site-packages/airflow/example_dags/example_branch_python_dop_operator_3.py took 0.535 seconds
[2022-04-13 07:22:16,189] {scheduler_job.py:182} INFO - Started process (PID=8586) to work on /home/airflow/sandbox/lib/python3.8/site-packages/airflow/example_dags/example_branch_python_dop_operator_3.py
[2022-04-13 07:22:16,201] {scheduler_job.py:633} INFO - Processing file /home/airflow/sandbox/lib/python3.8/site-packages/airflow/example_dags/example_branch_python_dop_operator_3.py for tasks to queue
[2022-04-13 07:22:16,203] {logging_mixin.py:104} INFO - [2022-04-13 07:22:16,203] {dagbag.py:487} INFO - Filling up the DagBag from /home/airflow/sandbox/lib/python3.8/site-packages/airflow/example_dags/example_branch_python_dop_operator_3.py
[2022-04-13 07:22:16,262] {scheduler_job.py:643} INFO - DAG(s) dict_keys(['example_branch_dop_operator_v3']) retrieved from /home/airflow/sandbox/lib/python3.8/site-packages/airflow/example_dags/example_branch_python_dop_operator_3.py
[2022-04-13 07:22:16,392] {logging_mixin.py:104} INFO - [2022-04-13 07:22:16,392] {dag.py:1832} INFO - Sync 1 DAGs
[2022-04-13 07:22:16,532] {logging_mixin.py:104} INFO - [2022-04-13 07:22:16,531] {dag.py:2305} INFO - Setting next_dagrun for example_branch_dop_operator_v3 to 2022-04-11 00:00:00+00:00
[2022-04-13 07:22:16,926] {scheduler_job.py:190} INFO - Processing /home/airflow/sandbox/lib/python3.8/site-packages/airflow/example_dags/example_branch_python_dop_operator_3.py took 0.745 seconds
[2022-04-13 07:22:48,504] {scheduler_job.py:182} INFO - Started process (PID=8792) to work on /home/airflow/sandbox/lib/python3.8/site-packages/airflow/example_dags/example_branch_python_dop_operator_3.py
[2022-04-13 07:22:48,507] {scheduler_job.py:633} INFO - Processing file /home/airflow/sandbox/lib/python3.8/site-packages/airflow/example_dags/example_branch_python_dop_operator_3.py for tasks to queue
[2022-04-13 07:22:48,520] {logging_mixin.py:104} INFO - [2022-04-13 07:22:48,520] {dagbag.py:487} INFO - Filling up the DagBag from /home/airflow/sandbox/lib/python3.8/site-packages/airflow/example_dags/example_branch_python_dop_operator_3.py
[2022-04-13 07:22:48,552] {scheduler_job.py:643} INFO - DAG(s) dict_keys(['example_branch_dop_operator_v3']) retrieved from /home/airflow/sandbox/lib/python3.8/site-packages/airflow/example_dags/example_branch_python_dop_operator_3.py
[2022-04-13 07:22:48,781] {logging_mixin.py:104} INFO - [2022-04-13 07:22:48,781] {dag.py:1832} INFO - Sync 1 DAGs
[2022-04-13 07:22:48,927] {logging_mixin.py:104} INFO - [2022-04-13 07:22:48,926] {dag.py:2305} INFO - Setting next_dagrun for example_branch_dop_operator_v3 to 2022-04-11 00:00:00+00:00
[2022-04-13 07:22:49,270] {scheduler_job.py:190} INFO - Processing /home/airflow/sandbox/lib/python3.8/site-packages/airflow/example_dags/example_branch_python_dop_operator_3.py took 0.787 seconds
[2022-04-13 07:23:19,817] {scheduler_job.py:182} INFO - Started process (PID=8986) to work on /home/airflow/sandbox/lib/python3.8/site-packages/airflow/example_dags/example_branch_python_dop_operator_3.py
[2022-04-13 07:23:19,819] {scheduler_job.py:633} INFO - Processing file /home/airflow/sandbox/lib/python3.8/site-packages/airflow/example_dags/example_branch_python_dop_operator_3.py for tasks to queue
[2022-04-13 07:23:19,821] {logging_mixin.py:104} INFO - [2022-04-13 07:23:19,821] {dagbag.py:487} INFO - Filling up the DagBag from /home/airflow/sandbox/lib/python3.8/site-packages/airflow/example_dags/example_branch_python_dop_operator_3.py
[2022-04-13 07:23:19,860] {scheduler_job.py:643} INFO - DAG(s) dict_keys(['example_branch_dop_operator_v3']) retrieved from /home/airflow/sandbox/lib/python3.8/site-packages/airflow/example_dags/example_branch_python_dop_operator_3.py
[2022-04-13 07:23:20,079] {logging_mixin.py:104} INFO - [2022-04-13 07:23:20,078] {dag.py:1832} INFO - Sync 1 DAGs
[2022-04-13 07:23:20,216] {logging_mixin.py:104} INFO - [2022-04-13 07:23:20,215] {dag.py:2305} INFO - Setting next_dagrun for example_branch_dop_operator_v3 to 2022-04-11 00:00:00+00:00
[2022-04-13 07:23:20,581] {scheduler_job.py:190} INFO - Processing /home/airflow/sandbox/lib/python3.8/site-packages/airflow/example_dags/example_branch_python_dop_operator_3.py took 0.784 seconds
[2022-04-13 07:23:51,247] {scheduler_job.py:182} INFO - Started process (PID=9191) to work on /home/airflow/sandbox/lib/python3.8/site-packages/airflow/example_dags/example_branch_python_dop_operator_3.py
[2022-04-13 07:23:51,256] {scheduler_job.py:633} INFO - Processing file /home/airflow/sandbox/lib/python3.8/site-packages/airflow/example_dags/example_branch_python_dop_operator_3.py for tasks to queue
[2022-04-13 07:23:51,258] {logging_mixin.py:104} INFO - [2022-04-13 07:23:51,258] {dagbag.py:487} INFO - Filling up the DagBag from /home/airflow/sandbox/lib/python3.8/site-packages/airflow/example_dags/example_branch_python_dop_operator_3.py
[2022-04-13 07:23:51,322] {scheduler_job.py:643} INFO - DAG(s) dict_keys(['example_branch_dop_operator_v3']) retrieved from /home/airflow/sandbox/lib/python3.8/site-packages/airflow/example_dags/example_branch_python_dop_operator_3.py
[2022-04-13 07:23:51,387] {logging_mixin.py:104} INFO - [2022-04-13 07:23:51,387] {dag.py:1832} INFO - Sync 1 DAGs
[2022-04-13 07:23:51,442] {logging_mixin.py:104} INFO - [2022-04-13 07:23:51,442] {dag.py:2305} INFO - Setting next_dagrun for example_branch_dop_operator_v3 to 2022-04-11 00:00:00+00:00
[2022-04-13 07:23:51,605] {scheduler_job.py:190} INFO - Processing /home/airflow/sandbox/lib/python3.8/site-packages/airflow/example_dags/example_branch_python_dop_operator_3.py took 0.368 seconds
[2022-04-13 07:24:24,065] {scheduler_job.py:182} INFO - Started process (PID=9523) to work on /home/airflow/sandbox/lib/python3.8/site-packages/airflow/example_dags/example_branch_python_dop_operator_3.py
[2022-04-13 07:24:24,078] {scheduler_job.py:633} INFO - Processing file /home/airflow/sandbox/lib/python3.8/site-packages/airflow/example_dags/example_branch_python_dop_operator_3.py for tasks to queue
[2022-04-13 07:24:24,090] {logging_mixin.py:104} INFO - [2022-04-13 07:24:24,090] {dagbag.py:487} INFO - Filling up the DagBag from /home/airflow/sandbox/lib/python3.8/site-packages/airflow/example_dags/example_branch_python_dop_operator_3.py
[2022-04-13 07:24:24,240] {scheduler_job.py:643} INFO - DAG(s) dict_keys(['example_branch_dop_operator_v3']) retrieved from /home/airflow/sandbox/lib/python3.8/site-packages/airflow/example_dags/example_branch_python_dop_operator_3.py
[2022-04-13 07:24:24,494] {logging_mixin.py:104} INFO - [2022-04-13 07:24:24,494] {dag.py:1832} INFO - Sync 1 DAGs
[2022-04-13 07:24:25,060] {logging_mixin.py:104} INFO - [2022-04-13 07:24:25,060] {dag.py:2305} INFO - Setting next_dagrun for example_branch_dop_operator_v3 to 2022-04-11 00:00:00+00:00
[2022-04-13 07:24:25,310] {scheduler_job.py:190} INFO - Processing /home/airflow/sandbox/lib/python3.8/site-packages/airflow/example_dags/example_branch_python_dop_operator_3.py took 1.282 seconds
[2022-04-13 07:24:55,844] {scheduler_job.py:182} INFO - Started process (PID=9833) to work on /home/airflow/sandbox/lib/python3.8/site-packages/airflow/example_dags/example_branch_python_dop_operator_3.py
[2022-04-13 07:24:55,869] {scheduler_job.py:633} INFO - Processing file /home/airflow/sandbox/lib/python3.8/site-packages/airflow/example_dags/example_branch_python_dop_operator_3.py for tasks to queue
[2022-04-13 07:24:55,871] {logging_mixin.py:104} INFO - [2022-04-13 07:24:55,871] {dagbag.py:487} INFO - Filling up the DagBag from /home/airflow/sandbox/lib/python3.8/site-packages/airflow/example_dags/example_branch_python_dop_operator_3.py
[2022-04-13 07:24:55,945] {scheduler_job.py:643} INFO - DAG(s) dict_keys(['example_branch_dop_operator_v3']) retrieved from /home/airflow/sandbox/lib/python3.8/site-packages/airflow/example_dags/example_branch_python_dop_operator_3.py
[2022-04-13 07:24:56,065] {logging_mixin.py:104} INFO - [2022-04-13 07:24:56,064] {dag.py:1832} INFO - Sync 1 DAGs
[2022-04-13 07:24:56,444] {logging_mixin.py:104} INFO - [2022-04-13 07:24:56,444] {dag.py:2305} INFO - Setting next_dagrun for example_branch_dop_operator_v3 to 2022-04-11 00:00:00+00:00
[2022-04-13 07:24:56,579] {scheduler_job.py:190} INFO - Processing /home/airflow/sandbox/lib/python3.8/site-packages/airflow/example_dags/example_branch_python_dop_operator_3.py took 0.745 seconds
[2022-04-13 07:25:28,470] {scheduler_job.py:182} INFO - Started process (PID=10047) to work on /home/airflow/sandbox/lib/python3.8/site-packages/airflow/example_dags/example_branch_python_dop_operator_3.py
[2022-04-13 07:25:28,472] {scheduler_job.py:633} INFO - Processing file /home/airflow/sandbox/lib/python3.8/site-packages/airflow/example_dags/example_branch_python_dop_operator_3.py for tasks to queue
[2022-04-13 07:25:28,474] {logging_mixin.py:104} INFO - [2022-04-13 07:25:28,474] {dagbag.py:487} INFO - Filling up the DagBag from /home/airflow/sandbox/lib/python3.8/site-packages/airflow/example_dags/example_branch_python_dop_operator_3.py
[2022-04-13 07:25:28,509] {scheduler_job.py:643} INFO - DAG(s) dict_keys(['example_branch_dop_operator_v3']) retrieved from /home/airflow/sandbox/lib/python3.8/site-packages/airflow/example_dags/example_branch_python_dop_operator_3.py
[2022-04-13 07:25:28,695] {logging_mixin.py:104} INFO - [2022-04-13 07:25:28,695] {dag.py:1832} INFO - Sync 1 DAGs
[2022-04-13 07:25:29,120] {logging_mixin.py:104} INFO - [2022-04-13 07:25:29,119] {dag.py:2305} INFO - Setting next_dagrun for example_branch_dop_operator_v3 to 2022-04-11 00:00:00+00:00
[2022-04-13 07:25:29,229] {scheduler_job.py:190} INFO - Processing /home/airflow/sandbox/lib/python3.8/site-packages/airflow/example_dags/example_branch_python_dop_operator_3.py took 0.771 seconds
[2022-04-13 07:26:00,887] {scheduler_job.py:182} INFO - Started process (PID=10254) to work on /home/airflow/sandbox/lib/python3.8/site-packages/airflow/example_dags/example_branch_python_dop_operator_3.py
[2022-04-13 07:26:00,899] {scheduler_job.py:633} INFO - Processing file /home/airflow/sandbox/lib/python3.8/site-packages/airflow/example_dags/example_branch_python_dop_operator_3.py for tasks to queue
[2022-04-13 07:26:00,907] {logging_mixin.py:104} INFO - [2022-04-13 07:26:00,906] {dagbag.py:487} INFO - Filling up the DagBag from /home/airflow/sandbox/lib/python3.8/site-packages/airflow/example_dags/example_branch_python_dop_operator_3.py
[2022-04-13 07:26:00,941] {scheduler_job.py:643} INFO - DAG(s) dict_keys(['example_branch_dop_operator_v3']) retrieved from /home/airflow/sandbox/lib/python3.8/site-packages/airflow/example_dags/example_branch_python_dop_operator_3.py
[2022-04-13 07:26:01,049] {logging_mixin.py:104} INFO - [2022-04-13 07:26:01,049] {dag.py:1832} INFO - Sync 1 DAGs
[2022-04-13 07:26:01,289] {logging_mixin.py:104} INFO - [2022-04-13 07:26:01,281] {dag.py:2305} INFO - Setting next_dagrun for example_branch_dop_operator_v3 to 2022-04-11 00:00:00+00:00
[2022-04-13 07:26:01,361] {scheduler_job.py:190} INFO - Processing /home/airflow/sandbox/lib/python3.8/site-packages/airflow/example_dags/example_branch_python_dop_operator_3.py took 0.488 seconds
[2022-04-13 07:26:32,864] {scheduler_job.py:182} INFO - Started process (PID=10459) to work on /home/airflow/sandbox/lib/python3.8/site-packages/airflow/example_dags/example_branch_python_dop_operator_3.py
[2022-04-13 07:26:32,869] {scheduler_job.py:633} INFO - Processing file /home/airflow/sandbox/lib/python3.8/site-packages/airflow/example_dags/example_branch_python_dop_operator_3.py for tasks to queue
[2022-04-13 07:26:32,870] {logging_mixin.py:104} INFO - [2022-04-13 07:26:32,870] {dagbag.py:487} INFO - Filling up the DagBag from /home/airflow/sandbox/lib/python3.8/site-packages/airflow/example_dags/example_branch_python_dop_operator_3.py
[2022-04-13 07:26:32,962] {scheduler_job.py:643} INFO - DAG(s) dict_keys(['example_branch_dop_operator_v3']) retrieved from /home/airflow/sandbox/lib/python3.8/site-packages/airflow/example_dags/example_branch_python_dop_operator_3.py
[2022-04-13 07:26:33,165] {logging_mixin.py:104} INFO - [2022-04-13 07:26:33,164] {dag.py:1832} INFO - Sync 1 DAGs
[2022-04-13 07:26:33,585] {logging_mixin.py:104} INFO - [2022-04-13 07:26:33,573] {dag.py:2305} INFO - Setting next_dagrun for example_branch_dop_operator_v3 to 2022-04-11 00:00:00+00:00
[2022-04-13 07:26:33,729] {scheduler_job.py:190} INFO - Processing /home/airflow/sandbox/lib/python3.8/site-packages/airflow/example_dags/example_branch_python_dop_operator_3.py took 0.899 seconds
[2022-04-13 07:27:04,525] {scheduler_job.py:182} INFO - Started process (PID=10659) to work on /home/airflow/sandbox/lib/python3.8/site-packages/airflow/example_dags/example_branch_python_dop_operator_3.py
[2022-04-13 07:27:04,528] {scheduler_job.py:633} INFO - Processing file /home/airflow/sandbox/lib/python3.8/site-packages/airflow/example_dags/example_branch_python_dop_operator_3.py for tasks to queue
[2022-04-13 07:27:04,529] {logging_mixin.py:104} INFO - [2022-04-13 07:27:04,529] {dagbag.py:487} INFO - Filling up the DagBag from /home/airflow/sandbox/lib/python3.8/site-packages/airflow/example_dags/example_branch_python_dop_operator_3.py
[2022-04-13 07:27:04,574] {scheduler_job.py:643} INFO - DAG(s) dict_keys(['example_branch_dop_operator_v3']) retrieved from /home/airflow/sandbox/lib/python3.8/site-packages/airflow/example_dags/example_branch_python_dop_operator_3.py
[2022-04-13 07:27:04,927] {logging_mixin.py:104} INFO - [2022-04-13 07:27:04,926] {dag.py:1832} INFO - Sync 1 DAGs
[2022-04-13 07:27:05,025] {logging_mixin.py:104} INFO - [2022-04-13 07:27:05,024] {dag.py:2305} INFO - Setting next_dagrun for example_branch_dop_operator_v3 to 2022-04-11 00:00:00+00:00
[2022-04-13 07:27:05,109] {scheduler_job.py:190} INFO - Processing /home/airflow/sandbox/lib/python3.8/site-packages/airflow/example_dags/example_branch_python_dop_operator_3.py took 0.617 seconds
[2022-04-13 07:27:35,569] {scheduler_job.py:182} INFO - Started process (PID=10857) to work on /home/airflow/sandbox/lib/python3.8/site-packages/airflow/example_dags/example_branch_python_dop_operator_3.py
[2022-04-13 07:27:35,581] {scheduler_job.py:633} INFO - Processing file /home/airflow/sandbox/lib/python3.8/site-packages/airflow/example_dags/example_branch_python_dop_operator_3.py for tasks to queue
[2022-04-13 07:27:35,591] {logging_mixin.py:104} INFO - [2022-04-13 07:27:35,591] {dagbag.py:487} INFO - Filling up the DagBag from /home/airflow/sandbox/lib/python3.8/site-packages/airflow/example_dags/example_branch_python_dop_operator_3.py
[2022-04-13 07:27:35,641] {scheduler_job.py:643} INFO - DAG(s) dict_keys(['example_branch_dop_operator_v3']) retrieved from /home/airflow/sandbox/lib/python3.8/site-packages/airflow/example_dags/example_branch_python_dop_operator_3.py
[2022-04-13 07:27:36,082] {logging_mixin.py:104} INFO - [2022-04-13 07:27:36,081] {dag.py:1832} INFO - Sync 1 DAGs
[2022-04-13 07:27:36,154] {logging_mixin.py:104} INFO - [2022-04-13 07:27:36,153] {dag.py:2305} INFO - Setting next_dagrun for example_branch_dop_operator_v3 to 2022-04-11 00:00:00+00:00
[2022-04-13 07:27:36,250] {scheduler_job.py:190} INFO - Processing /home/airflow/sandbox/lib/python3.8/site-packages/airflow/example_dags/example_branch_python_dop_operator_3.py took 0.707 seconds
[2022-04-13 07:28:06,566] {scheduler_job.py:182} INFO - Started process (PID=11053) to work on /home/airflow/sandbox/lib/python3.8/site-packages/airflow/example_dags/example_branch_python_dop_operator_3.py
[2022-04-13 07:28:06,574] {scheduler_job.py:633} INFO - Processing file /home/airflow/sandbox/lib/python3.8/site-packages/airflow/example_dags/example_branch_python_dop_operator_3.py for tasks to queue
[2022-04-13 07:28:06,577] {logging_mixin.py:104} INFO - [2022-04-13 07:28:06,577] {dagbag.py:487} INFO - Filling up the DagBag from /home/airflow/sandbox/lib/python3.8/site-packages/airflow/example_dags/example_branch_python_dop_operator_3.py
[2022-04-13 07:28:06,632] {scheduler_job.py:643} INFO - DAG(s) dict_keys(['example_branch_dop_operator_v3']) retrieved from /home/airflow/sandbox/lib/python3.8/site-packages/airflow/example_dags/example_branch_python_dop_operator_3.py
[2022-04-13 07:28:06,927] {logging_mixin.py:104} INFO - [2022-04-13 07:28:06,927] {dag.py:1832} INFO - Sync 1 DAGs
[2022-04-13 07:28:07,031] {logging_mixin.py:104} INFO - [2022-04-13 07:28:07,031] {dag.py:2305} INFO - Setting next_dagrun for example_branch_dop_operator_v3 to 2022-04-11 00:00:00+00:00
[2022-04-13 07:28:07,066] {scheduler_job.py:190} INFO - Processing /home/airflow/sandbox/lib/python3.8/site-packages/airflow/example_dags/example_branch_python_dop_operator_3.py took 0.513 seconds
[2022-04-13 07:28:37,210] {scheduler_job.py:182} INFO - Started process (PID=11249) to work on /home/airflow/sandbox/lib/python3.8/site-packages/airflow/example_dags/example_branch_python_dop_operator_3.py
[2022-04-13 07:28:37,224] {scheduler_job.py:633} INFO - Processing file /home/airflow/sandbox/lib/python3.8/site-packages/airflow/example_dags/example_branch_python_dop_operator_3.py for tasks to queue
[2022-04-13 07:28:37,226] {logging_mixin.py:104} INFO - [2022-04-13 07:28:37,226] {dagbag.py:487} INFO - Filling up the DagBag from /home/airflow/sandbox/lib/python3.8/site-packages/airflow/example_dags/example_branch_python_dop_operator_3.py
[2022-04-13 07:28:37,312] {scheduler_job.py:643} INFO - DAG(s) dict_keys(['example_branch_dop_operator_v3']) retrieved from /home/airflow/sandbox/lib/python3.8/site-packages/airflow/example_dags/example_branch_python_dop_operator_3.py
[2022-04-13 07:28:37,594] {logging_mixin.py:104} INFO - [2022-04-13 07:28:37,594] {dag.py:1832} INFO - Sync 1 DAGs
[2022-04-13 07:28:37,639] {logging_mixin.py:104} INFO - [2022-04-13 07:28:37,639] {dag.py:2305} INFO - Setting next_dagrun for example_branch_dop_operator_v3 to 2022-04-11 00:00:00+00:00
[2022-04-13 07:28:37,691] {scheduler_job.py:190} INFO - Processing /home/airflow/sandbox/lib/python3.8/site-packages/airflow/example_dags/example_branch_python_dop_operator_3.py took 0.491 seconds
[2022-04-13 07:29:08,974] {scheduler_job.py:182} INFO - Started process (PID=11450) to work on /home/airflow/sandbox/lib/python3.8/site-packages/airflow/example_dags/example_branch_python_dop_operator_3.py
[2022-04-13 07:29:08,993] {scheduler_job.py:633} INFO - Processing file /home/airflow/sandbox/lib/python3.8/site-packages/airflow/example_dags/example_branch_python_dop_operator_3.py for tasks to queue
[2022-04-13 07:29:09,004] {logging_mixin.py:104} INFO - [2022-04-13 07:29:09,003] {dagbag.py:487} INFO - Filling up the DagBag from /home/airflow/sandbox/lib/python3.8/site-packages/airflow/example_dags/example_branch_python_dop_operator_3.py
[2022-04-13 07:29:09,105] {scheduler_job.py:643} INFO - DAG(s) dict_keys(['example_branch_dop_operator_v3']) retrieved from /home/airflow/sandbox/lib/python3.8/site-packages/airflow/example_dags/example_branch_python_dop_operator_3.py
[2022-04-13 07:29:09,440] {logging_mixin.py:104} INFO - [2022-04-13 07:29:09,440] {dag.py:1832} INFO - Sync 1 DAGs
[2022-04-13 07:29:09,515] {logging_mixin.py:104} INFO - [2022-04-13 07:29:09,515] {dag.py:2305} INFO - Setting next_dagrun for example_branch_dop_operator_v3 to 2022-04-11 00:00:00+00:00
[2022-04-13 07:29:09,604] {scheduler_job.py:190} INFO - Processing /home/airflow/sandbox/lib/python3.8/site-packages/airflow/example_dags/example_branch_python_dop_operator_3.py took 0.640 seconds
[2022-04-13 07:29:41,030] {scheduler_job.py:182} INFO - Started process (PID=11896) to work on /home/airflow/sandbox/lib/python3.8/site-packages/airflow/example_dags/example_branch_python_dop_operator_3.py
[2022-04-13 07:29:41,036] {scheduler_job.py:633} INFO - Processing file /home/airflow/sandbox/lib/python3.8/site-packages/airflow/example_dags/example_branch_python_dop_operator_3.py for tasks to queue
[2022-04-13 07:29:41,038] {logging_mixin.py:104} INFO - [2022-04-13 07:29:41,038] {dagbag.py:487} INFO - Filling up the DagBag from /home/airflow/sandbox/lib/python3.8/site-packages/airflow/example_dags/example_branch_python_dop_operator_3.py
[2022-04-13 07:29:41,351] {scheduler_job.py:643} INFO - DAG(s) dict_keys(['example_branch_dop_operator_v3']) retrieved from /home/airflow/sandbox/lib/python3.8/site-packages/airflow/example_dags/example_branch_python_dop_operator_3.py
[2022-04-13 07:29:41,505] {logging_mixin.py:104} INFO - [2022-04-13 07:29:41,504] {dag.py:1832} INFO - Sync 1 DAGs
[2022-04-13 07:29:41,598] {logging_mixin.py:104} INFO - [2022-04-13 07:29:41,598] {dag.py:2305} INFO - Setting next_dagrun for example_branch_dop_operator_v3 to 2022-04-11 00:00:00+00:00
[2022-04-13 07:29:41,759] {scheduler_job.py:190} INFO - Processing /home/airflow/sandbox/lib/python3.8/site-packages/airflow/example_dags/example_branch_python_dop_operator_3.py took 0.739 seconds
[2022-04-13 07:30:15,043] {scheduler_job.py:182} INFO - Started process (PID=12104) to work on /home/airflow/sandbox/lib/python3.8/site-packages/airflow/example_dags/example_branch_python_dop_operator_3.py
[2022-04-13 07:30:15,046] {scheduler_job.py:633} INFO - Processing file /home/airflow/sandbox/lib/python3.8/site-packages/airflow/example_dags/example_branch_python_dop_operator_3.py for tasks to queue
[2022-04-13 07:30:15,048] {logging_mixin.py:104} INFO - [2022-04-13 07:30:15,048] {dagbag.py:487} INFO - Filling up the DagBag from /home/airflow/sandbox/lib/python3.8/site-packages/airflow/example_dags/example_branch_python_dop_operator_3.py
[2022-04-13 07:30:15,255] {scheduler_job.py:643} INFO - DAG(s) dict_keys(['example_branch_dop_operator_v3']) retrieved from /home/airflow/sandbox/lib/python3.8/site-packages/airflow/example_dags/example_branch_python_dop_operator_3.py
[2022-04-13 07:30:15,323] {logging_mixin.py:104} INFO - [2022-04-13 07:30:15,323] {dag.py:1832} INFO - Sync 1 DAGs
[2022-04-13 07:30:15,379] {logging_mixin.py:104} INFO - [2022-04-13 07:30:15,378] {dag.py:2305} INFO - Setting next_dagrun for example_branch_dop_operator_v3 to 2022-04-11 00:00:00+00:00
[2022-04-13 07:30:15,425] {scheduler_job.py:190} INFO - Processing /home/airflow/sandbox/lib/python3.8/site-packages/airflow/example_dags/example_branch_python_dop_operator_3.py took 0.393 seconds
[2022-04-13 07:30:47,717] {scheduler_job.py:182} INFO - Started process (PID=12301) to work on /home/airflow/sandbox/lib/python3.8/site-packages/airflow/example_dags/example_branch_python_dop_operator_3.py
[2022-04-13 07:30:47,734] {scheduler_job.py:633} INFO - Processing file /home/airflow/sandbox/lib/python3.8/site-packages/airflow/example_dags/example_branch_python_dop_operator_3.py for tasks to queue
[2022-04-13 07:30:47,736] {logging_mixin.py:104} INFO - [2022-04-13 07:30:47,735] {dagbag.py:487} INFO - Filling up the DagBag from /home/airflow/sandbox/lib/python3.8/site-packages/airflow/example_dags/example_branch_python_dop_operator_3.py
[2022-04-13 07:30:48,093] {scheduler_job.py:643} INFO - DAG(s) dict_keys(['example_branch_dop_operator_v3']) retrieved from /home/airflow/sandbox/lib/python3.8/site-packages/airflow/example_dags/example_branch_python_dop_operator_3.py
[2022-04-13 07:30:48,174] {logging_mixin.py:104} INFO - [2022-04-13 07:30:48,174] {dag.py:1832} INFO - Sync 1 DAGs
[2022-04-13 07:30:48,280] {logging_mixin.py:104} INFO - [2022-04-13 07:30:48,279] {dag.py:2305} INFO - Setting next_dagrun for example_branch_dop_operator_v3 to 2022-04-11 00:00:00+00:00
[2022-04-13 07:30:48,438] {scheduler_job.py:190} INFO - Processing /home/airflow/sandbox/lib/python3.8/site-packages/airflow/example_dags/example_branch_python_dop_operator_3.py took 0.752 seconds
[2022-04-13 07:31:24,179] {scheduler_job.py:182} INFO - Started process (PID=12583) to work on /home/airflow/sandbox/lib/python3.8/site-packages/airflow/example_dags/example_branch_python_dop_operator_3.py
[2022-04-13 07:31:24,613] {scheduler_job.py:633} INFO - Processing file /home/airflow/sandbox/lib/python3.8/site-packages/airflow/example_dags/example_branch_python_dop_operator_3.py for tasks to queue
[2022-04-13 07:31:24,615] {logging_mixin.py:104} INFO - [2022-04-13 07:31:24,614] {dagbag.py:487} INFO - Filling up the DagBag from /home/airflow/sandbox/lib/python3.8/site-packages/airflow/example_dags/example_branch_python_dop_operator_3.py
[2022-04-13 07:31:24,648] {scheduler_job.py:643} INFO - DAG(s) dict_keys(['example_branch_dop_operator_v3']) retrieved from /home/airflow/sandbox/lib/python3.8/site-packages/airflow/example_dags/example_branch_python_dop_operator_3.py
[2022-04-13 07:31:24,718] {logging_mixin.py:104} INFO - [2022-04-13 07:31:24,717] {dag.py:1832} INFO - Sync 1 DAGs
[2022-04-13 07:31:24,955] {logging_mixin.py:104} INFO - [2022-04-13 07:31:24,955] {dag.py:2305} INFO - Setting next_dagrun for example_branch_dop_operator_v3 to 2022-04-11 00:00:00+00:00
[2022-04-13 07:31:25,148] {scheduler_job.py:190} INFO - Processing /home/airflow/sandbox/lib/python3.8/site-packages/airflow/example_dags/example_branch_python_dop_operator_3.py took 1.026 seconds
[2022-04-13 07:31:55,803] {scheduler_job.py:182} INFO - Started process (PID=12959) to work on /home/airflow/sandbox/lib/python3.8/site-packages/airflow/example_dags/example_branch_python_dop_operator_3.py
[2022-04-13 07:31:55,825] {scheduler_job.py:633} INFO - Processing file /home/airflow/sandbox/lib/python3.8/site-packages/airflow/example_dags/example_branch_python_dop_operator_3.py for tasks to queue
[2022-04-13 07:31:55,840] {logging_mixin.py:104} INFO - [2022-04-13 07:31:55,840] {dagbag.py:487} INFO - Filling up the DagBag from /home/airflow/sandbox/lib/python3.8/site-packages/airflow/example_dags/example_branch_python_dop_operator_3.py
[2022-04-13 07:31:55,899] {scheduler_job.py:643} INFO - DAG(s) dict_keys(['example_branch_dop_operator_v3']) retrieved from /home/airflow/sandbox/lib/python3.8/site-packages/airflow/example_dags/example_branch_python_dop_operator_3.py
[2022-04-13 07:31:55,976] {logging_mixin.py:104} INFO - [2022-04-13 07:31:55,976] {dag.py:1832} INFO - Sync 1 DAGs
[2022-04-13 07:31:56,038] {logging_mixin.py:104} INFO - [2022-04-13 07:31:56,037] {dag.py:2305} INFO - Setting next_dagrun for example_branch_dop_operator_v3 to 2022-04-11 00:00:00+00:00
[2022-04-13 07:31:56,077] {scheduler_job.py:190} INFO - Processing /home/airflow/sandbox/lib/python3.8/site-packages/airflow/example_dags/example_branch_python_dop_operator_3.py took 0.283 seconds
[2022-04-13 07:32:27,252] {scheduler_job.py:182} INFO - Started process (PID=13177) to work on /home/airflow/sandbox/lib/python3.8/site-packages/airflow/example_dags/example_branch_python_dop_operator_3.py
[2022-04-13 07:32:27,279] {scheduler_job.py:633} INFO - Processing file /home/airflow/sandbox/lib/python3.8/site-packages/airflow/example_dags/example_branch_python_dop_operator_3.py for tasks to queue
[2022-04-13 07:32:27,281] {logging_mixin.py:104} INFO - [2022-04-13 07:32:27,281] {dagbag.py:487} INFO - Filling up the DagBag from /home/airflow/sandbox/lib/python3.8/site-packages/airflow/example_dags/example_branch_python_dop_operator_3.py
[2022-04-13 07:32:27,348] {scheduler_job.py:643} INFO - DAG(s) dict_keys(['example_branch_dop_operator_v3']) retrieved from /home/airflow/sandbox/lib/python3.8/site-packages/airflow/example_dags/example_branch_python_dop_operator_3.py
[2022-04-13 07:32:27,517] {logging_mixin.py:104} INFO - [2022-04-13 07:32:27,517] {dag.py:1832} INFO - Sync 1 DAGs
[2022-04-13 07:32:27,629] {logging_mixin.py:104} INFO - [2022-04-13 07:32:27,629] {dag.py:2305} INFO - Setting next_dagrun for example_branch_dop_operator_v3 to 2022-04-11 00:00:00+00:00
[2022-04-13 07:32:27,751] {scheduler_job.py:190} INFO - Processing /home/airflow/sandbox/lib/python3.8/site-packages/airflow/example_dags/example_branch_python_dop_operator_3.py took 0.506 seconds
