[2022-04-13 07:09:23,083] {scheduler_job.py:182} INFO - Started process (PID=2934) to work on /home/airflow/sandbox/lib/python3.8/site-packages/airflow/example_dags/example_python_operator.py
[2022-04-13 07:09:23,085] {scheduler_job.py:633} INFO - Processing file /home/airflow/sandbox/lib/python3.8/site-packages/airflow/example_dags/example_python_operator.py for tasks to queue
[2022-04-13 07:09:23,086] {logging_mixin.py:104} INFO - [2022-04-13 07:09:23,086] {dagbag.py:487} INFO - Filling up the DagBag from /home/airflow/sandbox/lib/python3.8/site-packages/airflow/example_dags/example_python_operator.py
[2022-04-13 07:09:23,141] {scheduler_job.py:643} INFO - DAG(s) dict_keys(['example_python_operator']) retrieved from /home/airflow/sandbox/lib/python3.8/site-packages/airflow/example_dags/example_python_operator.py
[2022-04-13 07:09:25,299] {logging_mixin.py:104} INFO - [2022-04-13 07:09:25,299] {dag.py:1832} INFO - Sync 1 DAGs
[2022-04-13 07:09:25,527] {logging_mixin.py:104} INFO - [2022-04-13 07:09:25,526] {dag.py:2305} INFO - Setting next_dagrun for example_python_operator to None
[2022-04-13 07:09:25,640] {scheduler_job.py:190} INFO - Processing /home/airflow/sandbox/lib/python3.8/site-packages/airflow/example_dags/example_python_operator.py took 2.561 seconds
[2022-04-13 07:09:56,365] {scheduler_job.py:182} INFO - Started process (PID=3470) to work on /home/airflow/sandbox/lib/python3.8/site-packages/airflow/example_dags/example_python_operator.py
[2022-04-13 07:09:56,367] {scheduler_job.py:633} INFO - Processing file /home/airflow/sandbox/lib/python3.8/site-packages/airflow/example_dags/example_python_operator.py for tasks to queue
[2022-04-13 07:09:56,376] {logging_mixin.py:104} INFO - [2022-04-13 07:09:56,376] {dagbag.py:487} INFO - Filling up the DagBag from /home/airflow/sandbox/lib/python3.8/site-packages/airflow/example_dags/example_python_operator.py
[2022-04-13 07:09:56,395] {scheduler_job.py:643} INFO - DAG(s) dict_keys(['example_python_operator']) retrieved from /home/airflow/sandbox/lib/python3.8/site-packages/airflow/example_dags/example_python_operator.py
[2022-04-13 07:09:56,550] {logging_mixin.py:104} INFO - [2022-04-13 07:09:56,550] {dag.py:1832} INFO - Sync 1 DAGs
[2022-04-13 07:09:56,623] {logging_mixin.py:104} INFO - [2022-04-13 07:09:56,623] {dag.py:2305} INFO - Setting next_dagrun for example_python_operator to None
[2022-04-13 07:09:56,712] {scheduler_job.py:190} INFO - Processing /home/airflow/sandbox/lib/python3.8/site-packages/airflow/example_dags/example_python_operator.py took 0.423 seconds
[2022-04-13 07:14:36,385] {scheduler_job.py:182} INFO - Started process (PID=5113) to work on /home/airflow/sandbox/lib/python3.8/site-packages/airflow/example_dags/example_python_operator.py
[2022-04-13 07:14:36,401] {scheduler_job.py:633} INFO - Processing file /home/airflow/sandbox/lib/python3.8/site-packages/airflow/example_dags/example_python_operator.py for tasks to queue
[2022-04-13 07:14:36,418] {logging_mixin.py:104} INFO - [2022-04-13 07:14:36,417] {dagbag.py:487} INFO - Filling up the DagBag from /home/airflow/sandbox/lib/python3.8/site-packages/airflow/example_dags/example_python_operator.py
[2022-04-13 07:14:36,531] {scheduler_job.py:643} INFO - DAG(s) dict_keys(['example_python_operator']) retrieved from /home/airflow/sandbox/lib/python3.8/site-packages/airflow/example_dags/example_python_operator.py
[2022-04-13 07:14:36,689] {logging_mixin.py:104} INFO - [2022-04-13 07:14:36,689] {dag.py:1832} INFO - Sync 1 DAGs
[2022-04-13 07:14:36,737] {logging_mixin.py:104} INFO - [2022-04-13 07:14:36,736] {dag.py:2305} INFO - Setting next_dagrun for example_python_operator to None
[2022-04-13 07:14:36,807] {scheduler_job.py:190} INFO - Processing /home/airflow/sandbox/lib/python3.8/site-packages/airflow/example_dags/example_python_operator.py took 0.446 seconds
[2022-04-13 07:15:08,730] {scheduler_job.py:182} INFO - Started process (PID=5471) to work on /home/airflow/sandbox/lib/python3.8/site-packages/airflow/example_dags/example_python_operator.py
[2022-04-13 07:15:08,760] {scheduler_job.py:633} INFO - Processing file /home/airflow/sandbox/lib/python3.8/site-packages/airflow/example_dags/example_python_operator.py for tasks to queue
[2022-04-13 07:15:08,762] {logging_mixin.py:104} INFO - [2022-04-13 07:15:08,762] {dagbag.py:487} INFO - Filling up the DagBag from /home/airflow/sandbox/lib/python3.8/site-packages/airflow/example_dags/example_python_operator.py
[2022-04-13 07:15:08,939] {scheduler_job.py:643} INFO - DAG(s) dict_keys(['example_python_operator']) retrieved from /home/airflow/sandbox/lib/python3.8/site-packages/airflow/example_dags/example_python_operator.py
[2022-04-13 07:15:09,147] {logging_mixin.py:104} INFO - [2022-04-13 07:15:09,147] {dag.py:1832} INFO - Sync 1 DAGs
[2022-04-13 07:15:09,282] {logging_mixin.py:104} INFO - [2022-04-13 07:15:09,281] {dag.py:2305} INFO - Setting next_dagrun for example_python_operator to None
[2022-04-13 07:15:09,436] {scheduler_job.py:190} INFO - Processing /home/airflow/sandbox/lib/python3.8/site-packages/airflow/example_dags/example_python_operator.py took 0.716 seconds
[2022-04-13 07:15:40,771] {scheduler_job.py:182} INFO - Started process (PID=5803) to work on /home/airflow/sandbox/lib/python3.8/site-packages/airflow/example_dags/example_python_operator.py
[2022-04-13 07:15:40,774] {scheduler_job.py:633} INFO - Processing file /home/airflow/sandbox/lib/python3.8/site-packages/airflow/example_dags/example_python_operator.py for tasks to queue
[2022-04-13 07:15:40,775] {logging_mixin.py:104} INFO - [2022-04-13 07:15:40,775] {dagbag.py:487} INFO - Filling up the DagBag from /home/airflow/sandbox/lib/python3.8/site-packages/airflow/example_dags/example_python_operator.py
[2022-04-13 07:15:40,839] {scheduler_job.py:643} INFO - DAG(s) dict_keys(['example_python_operator']) retrieved from /home/airflow/sandbox/lib/python3.8/site-packages/airflow/example_dags/example_python_operator.py
[2022-04-13 07:15:40,995] {logging_mixin.py:104} INFO - [2022-04-13 07:15:40,995] {dag.py:1832} INFO - Sync 1 DAGs
[2022-04-13 07:15:41,065] {logging_mixin.py:104} INFO - [2022-04-13 07:15:41,065] {dag.py:2305} INFO - Setting next_dagrun for example_python_operator to None
[2022-04-13 07:15:41,240] {scheduler_job.py:190} INFO - Processing /home/airflow/sandbox/lib/python3.8/site-packages/airflow/example_dags/example_python_operator.py took 0.478 seconds
[2022-04-13 07:16:16,822] {scheduler_job.py:182} INFO - Started process (PID=6042) to work on /home/airflow/sandbox/lib/python3.8/site-packages/airflow/example_dags/example_python_operator.py
[2022-04-13 07:16:16,830] {scheduler_job.py:633} INFO - Processing file /home/airflow/sandbox/lib/python3.8/site-packages/airflow/example_dags/example_python_operator.py for tasks to queue
[2022-04-13 07:16:16,832] {logging_mixin.py:104} INFO - [2022-04-13 07:16:16,832] {dagbag.py:487} INFO - Filling up the DagBag from /home/airflow/sandbox/lib/python3.8/site-packages/airflow/example_dags/example_python_operator.py
[2022-04-13 07:16:16,877] {scheduler_job.py:643} INFO - DAG(s) dict_keys(['example_python_operator']) retrieved from /home/airflow/sandbox/lib/python3.8/site-packages/airflow/example_dags/example_python_operator.py
[2022-04-13 07:16:17,172] {logging_mixin.py:104} INFO - [2022-04-13 07:16:17,172] {dag.py:1832} INFO - Sync 1 DAGs
[2022-04-13 07:16:17,256] {logging_mixin.py:104} INFO - [2022-04-13 07:16:17,255] {dag.py:2305} INFO - Setting next_dagrun for example_python_operator to None
[2022-04-13 07:16:17,432] {scheduler_job.py:190} INFO - Processing /home/airflow/sandbox/lib/python3.8/site-packages/airflow/example_dags/example_python_operator.py took 0.643 seconds
[2022-04-13 07:16:49,411] {scheduler_job.py:182} INFO - Started process (PID=6261) to work on /home/airflow/sandbox/lib/python3.8/site-packages/airflow/example_dags/example_python_operator.py
[2022-04-13 07:16:49,417] {scheduler_job.py:633} INFO - Processing file /home/airflow/sandbox/lib/python3.8/site-packages/airflow/example_dags/example_python_operator.py for tasks to queue
[2022-04-13 07:16:49,419] {logging_mixin.py:104} INFO - [2022-04-13 07:16:49,418] {dagbag.py:487} INFO - Filling up the DagBag from /home/airflow/sandbox/lib/python3.8/site-packages/airflow/example_dags/example_python_operator.py
[2022-04-13 07:16:49,456] {scheduler_job.py:643} INFO - DAG(s) dict_keys(['example_python_operator']) retrieved from /home/airflow/sandbox/lib/python3.8/site-packages/airflow/example_dags/example_python_operator.py
[2022-04-13 07:16:49,529] {logging_mixin.py:104} INFO - [2022-04-13 07:16:49,529] {dag.py:1832} INFO - Sync 1 DAGs
[2022-04-13 07:16:49,580] {logging_mixin.py:104} INFO - [2022-04-13 07:16:49,580] {dag.py:2305} INFO - Setting next_dagrun for example_python_operator to None
[2022-04-13 07:16:49,623] {scheduler_job.py:190} INFO - Processing /home/airflow/sandbox/lib/python3.8/site-packages/airflow/example_dags/example_python_operator.py took 0.220 seconds
[2022-04-13 07:17:21,666] {scheduler_job.py:182} INFO - Started process (PID=6464) to work on /home/airflow/sandbox/lib/python3.8/site-packages/airflow/example_dags/example_python_operator.py
[2022-04-13 07:17:21,696] {scheduler_job.py:633} INFO - Processing file /home/airflow/sandbox/lib/python3.8/site-packages/airflow/example_dags/example_python_operator.py for tasks to queue
[2022-04-13 07:17:21,698] {logging_mixin.py:104} INFO - [2022-04-13 07:17:21,698] {dagbag.py:487} INFO - Filling up the DagBag from /home/airflow/sandbox/lib/python3.8/site-packages/airflow/example_dags/example_python_operator.py
[2022-04-13 07:17:21,814] {scheduler_job.py:643} INFO - DAG(s) dict_keys(['example_python_operator']) retrieved from /home/airflow/sandbox/lib/python3.8/site-packages/airflow/example_dags/example_python_operator.py
[2022-04-13 07:17:21,994] {logging_mixin.py:104} INFO - [2022-04-13 07:17:21,993] {dag.py:1832} INFO - Sync 1 DAGs
[2022-04-13 07:17:22,039] {logging_mixin.py:104} INFO - [2022-04-13 07:17:22,039] {dag.py:2305} INFO - Setting next_dagrun for example_python_operator to None
[2022-04-13 07:17:22,175] {scheduler_job.py:190} INFO - Processing /home/airflow/sandbox/lib/python3.8/site-packages/airflow/example_dags/example_python_operator.py took 0.519 seconds
[2022-04-13 07:17:53,814] {scheduler_job.py:182} INFO - Started process (PID=6663) to work on /home/airflow/sandbox/lib/python3.8/site-packages/airflow/example_dags/example_python_operator.py
[2022-04-13 07:17:53,817] {scheduler_job.py:633} INFO - Processing file /home/airflow/sandbox/lib/python3.8/site-packages/airflow/example_dags/example_python_operator.py for tasks to queue
[2022-04-13 07:17:53,818] {logging_mixin.py:104} INFO - [2022-04-13 07:17:53,818] {dagbag.py:487} INFO - Filling up the DagBag from /home/airflow/sandbox/lib/python3.8/site-packages/airflow/example_dags/example_python_operator.py
[2022-04-13 07:17:53,883] {scheduler_job.py:643} INFO - DAG(s) dict_keys(['example_python_operator']) retrieved from /home/airflow/sandbox/lib/python3.8/site-packages/airflow/example_dags/example_python_operator.py
[2022-04-13 07:17:54,090] {logging_mixin.py:104} INFO - [2022-04-13 07:17:54,089] {dag.py:1832} INFO - Sync 1 DAGs
[2022-04-13 07:17:54,158] {logging_mixin.py:104} INFO - [2022-04-13 07:17:54,158] {dag.py:2305} INFO - Setting next_dagrun for example_python_operator to None
[2022-04-13 07:17:54,270] {scheduler_job.py:190} INFO - Processing /home/airflow/sandbox/lib/python3.8/site-packages/airflow/example_dags/example_python_operator.py took 0.488 seconds
[2022-04-13 07:18:25,737] {scheduler_job.py:182} INFO - Started process (PID=6859) to work on /home/airflow/sandbox/lib/python3.8/site-packages/airflow/example_dags/example_python_operator.py
[2022-04-13 07:18:25,740] {scheduler_job.py:633} INFO - Processing file /home/airflow/sandbox/lib/python3.8/site-packages/airflow/example_dags/example_python_operator.py for tasks to queue
[2022-04-13 07:18:25,742] {logging_mixin.py:104} INFO - [2022-04-13 07:18:25,742] {dagbag.py:487} INFO - Filling up the DagBag from /home/airflow/sandbox/lib/python3.8/site-packages/airflow/example_dags/example_python_operator.py
[2022-04-13 07:18:25,805] {scheduler_job.py:643} INFO - DAG(s) dict_keys(['example_python_operator']) retrieved from /home/airflow/sandbox/lib/python3.8/site-packages/airflow/example_dags/example_python_operator.py
[2022-04-13 07:18:25,963] {logging_mixin.py:104} INFO - [2022-04-13 07:18:25,962] {dag.py:1832} INFO - Sync 1 DAGs
[2022-04-13 07:18:26,042] {logging_mixin.py:104} INFO - [2022-04-13 07:18:26,041] {dag.py:2305} INFO - Setting next_dagrun for example_python_operator to None
[2022-04-13 07:18:26,130] {scheduler_job.py:190} INFO - Processing /home/airflow/sandbox/lib/python3.8/site-packages/airflow/example_dags/example_python_operator.py took 0.426 seconds
[2022-04-13 07:18:58,499] {scheduler_job.py:182} INFO - Started process (PID=7059) to work on /home/airflow/sandbox/lib/python3.8/site-packages/airflow/example_dags/example_python_operator.py
[2022-04-13 07:18:58,522] {scheduler_job.py:633} INFO - Processing file /home/airflow/sandbox/lib/python3.8/site-packages/airflow/example_dags/example_python_operator.py for tasks to queue
[2022-04-13 07:18:58,524] {logging_mixin.py:104} INFO - [2022-04-13 07:18:58,524] {dagbag.py:487} INFO - Filling up the DagBag from /home/airflow/sandbox/lib/python3.8/site-packages/airflow/example_dags/example_python_operator.py
[2022-04-13 07:18:58,578] {scheduler_job.py:643} INFO - DAG(s) dict_keys(['example_python_operator']) retrieved from /home/airflow/sandbox/lib/python3.8/site-packages/airflow/example_dags/example_python_operator.py
[2022-04-13 07:18:58,777] {logging_mixin.py:104} INFO - [2022-04-13 07:18:58,777] {dag.py:1832} INFO - Sync 1 DAGs
[2022-04-13 07:18:58,833] {logging_mixin.py:104} INFO - [2022-04-13 07:18:58,833] {dag.py:2305} INFO - Setting next_dagrun for example_python_operator to None
[2022-04-13 07:18:58,937] {scheduler_job.py:190} INFO - Processing /home/airflow/sandbox/lib/python3.8/site-packages/airflow/example_dags/example_python_operator.py took 0.468 seconds
[2022-04-13 07:19:31,226] {scheduler_job.py:182} INFO - Started process (PID=7507) to work on /home/airflow/sandbox/lib/python3.8/site-packages/airflow/example_dags/example_python_operator.py
[2022-04-13 07:19:31,244] {scheduler_job.py:633} INFO - Processing file /home/airflow/sandbox/lib/python3.8/site-packages/airflow/example_dags/example_python_operator.py for tasks to queue
[2022-04-13 07:19:31,252] {logging_mixin.py:104} INFO - [2022-04-13 07:19:31,252] {dagbag.py:487} INFO - Filling up the DagBag from /home/airflow/sandbox/lib/python3.8/site-packages/airflow/example_dags/example_python_operator.py
[2022-04-13 07:19:31,318] {scheduler_job.py:643} INFO - DAG(s) dict_keys(['example_python_operator']) retrieved from /home/airflow/sandbox/lib/python3.8/site-packages/airflow/example_dags/example_python_operator.py
[2022-04-13 07:19:31,479] {logging_mixin.py:104} INFO - [2022-04-13 07:19:31,479] {dag.py:1832} INFO - Sync 1 DAGs
[2022-04-13 07:19:31,558] {logging_mixin.py:104} INFO - [2022-04-13 07:19:31,558] {dag.py:2305} INFO - Setting next_dagrun for example_python_operator to None
[2022-04-13 07:19:31,718] {scheduler_job.py:190} INFO - Processing /home/airflow/sandbox/lib/python3.8/site-packages/airflow/example_dags/example_python_operator.py took 0.502 seconds
[2022-04-13 07:20:02,858] {scheduler_job.py:182} INFO - Started process (PID=7710) to work on /home/airflow/sandbox/lib/python3.8/site-packages/airflow/example_dags/example_python_operator.py
[2022-04-13 07:20:02,862] {scheduler_job.py:633} INFO - Processing file /home/airflow/sandbox/lib/python3.8/site-packages/airflow/example_dags/example_python_operator.py for tasks to queue
[2022-04-13 07:20:02,863] {logging_mixin.py:104} INFO - [2022-04-13 07:20:02,863] {dagbag.py:487} INFO - Filling up the DagBag from /home/airflow/sandbox/lib/python3.8/site-packages/airflow/example_dags/example_python_operator.py
[2022-04-13 07:20:02,914] {scheduler_job.py:643} INFO - DAG(s) dict_keys(['example_python_operator']) retrieved from /home/airflow/sandbox/lib/python3.8/site-packages/airflow/example_dags/example_python_operator.py
[2022-04-13 07:20:03,131] {logging_mixin.py:104} INFO - [2022-04-13 07:20:03,130] {dag.py:1832} INFO - Sync 1 DAGs
[2022-04-13 07:20:03,212] {logging_mixin.py:104} INFO - [2022-04-13 07:20:03,212] {dag.py:2305} INFO - Setting next_dagrun for example_python_operator to None
[2022-04-13 07:20:03,293] {scheduler_job.py:190} INFO - Processing /home/airflow/sandbox/lib/python3.8/site-packages/airflow/example_dags/example_python_operator.py took 0.444 seconds
[2022-04-13 07:20:35,552] {scheduler_job.py:182} INFO - Started process (PID=7913) to work on /home/airflow/sandbox/lib/python3.8/site-packages/airflow/example_dags/example_python_operator.py
[2022-04-13 07:20:35,554] {scheduler_job.py:633} INFO - Processing file /home/airflow/sandbox/lib/python3.8/site-packages/airflow/example_dags/example_python_operator.py for tasks to queue
[2022-04-13 07:20:35,555] {logging_mixin.py:104} INFO - [2022-04-13 07:20:35,555] {dagbag.py:487} INFO - Filling up the DagBag from /home/airflow/sandbox/lib/python3.8/site-packages/airflow/example_dags/example_python_operator.py
[2022-04-13 07:20:35,582] {scheduler_job.py:643} INFO - DAG(s) dict_keys(['example_python_operator']) retrieved from /home/airflow/sandbox/lib/python3.8/site-packages/airflow/example_dags/example_python_operator.py
[2022-04-13 07:20:35,658] {logging_mixin.py:104} INFO - [2022-04-13 07:20:35,658] {dag.py:1832} INFO - Sync 1 DAGs
[2022-04-13 07:20:35,695] {logging_mixin.py:104} INFO - [2022-04-13 07:20:35,694] {dag.py:2305} INFO - Setting next_dagrun for example_python_operator to None
[2022-04-13 07:20:35,732] {scheduler_job.py:190} INFO - Processing /home/airflow/sandbox/lib/python3.8/site-packages/airflow/example_dags/example_python_operator.py took 0.184 seconds
[2022-04-13 07:21:07,057] {scheduler_job.py:182} INFO - Started process (PID=8110) to work on /home/airflow/sandbox/lib/python3.8/site-packages/airflow/example_dags/example_python_operator.py
[2022-04-13 07:21:07,064] {scheduler_job.py:633} INFO - Processing file /home/airflow/sandbox/lib/python3.8/site-packages/airflow/example_dags/example_python_operator.py for tasks to queue
[2022-04-13 07:21:07,072] {logging_mixin.py:104} INFO - [2022-04-13 07:21:07,072] {dagbag.py:487} INFO - Filling up the DagBag from /home/airflow/sandbox/lib/python3.8/site-packages/airflow/example_dags/example_python_operator.py
[2022-04-13 07:21:07,116] {scheduler_job.py:643} INFO - DAG(s) dict_keys(['example_python_operator']) retrieved from /home/airflow/sandbox/lib/python3.8/site-packages/airflow/example_dags/example_python_operator.py
[2022-04-13 07:21:07,325] {logging_mixin.py:104} INFO - [2022-04-13 07:21:07,325] {dag.py:1832} INFO - Sync 1 DAGs
[2022-04-13 07:21:07,393] {logging_mixin.py:104} INFO - [2022-04-13 07:21:07,393] {dag.py:2305} INFO - Setting next_dagrun for example_python_operator to None
[2022-04-13 07:21:07,582] {scheduler_job.py:190} INFO - Processing /home/airflow/sandbox/lib/python3.8/site-packages/airflow/example_dags/example_python_operator.py took 0.555 seconds
[2022-04-13 07:21:38,651] {scheduler_job.py:182} INFO - Started process (PID=8309) to work on /home/airflow/sandbox/lib/python3.8/site-packages/airflow/example_dags/example_python_operator.py
[2022-04-13 07:21:38,665] {scheduler_job.py:633} INFO - Processing file /home/airflow/sandbox/lib/python3.8/site-packages/airflow/example_dags/example_python_operator.py for tasks to queue
[2022-04-13 07:21:38,666] {logging_mixin.py:104} INFO - [2022-04-13 07:21:38,666] {dagbag.py:487} INFO - Filling up the DagBag from /home/airflow/sandbox/lib/python3.8/site-packages/airflow/example_dags/example_python_operator.py
[2022-04-13 07:21:38,710] {scheduler_job.py:643} INFO - DAG(s) dict_keys(['example_python_operator']) retrieved from /home/airflow/sandbox/lib/python3.8/site-packages/airflow/example_dags/example_python_operator.py
[2022-04-13 07:21:38,858] {logging_mixin.py:104} INFO - [2022-04-13 07:21:38,858] {dag.py:1832} INFO - Sync 1 DAGs
[2022-04-13 07:21:38,962] {logging_mixin.py:104} INFO - [2022-04-13 07:21:38,962] {dag.py:2305} INFO - Setting next_dagrun for example_python_operator to None
[2022-04-13 07:21:39,155] {scheduler_job.py:190} INFO - Processing /home/airflow/sandbox/lib/python3.8/site-packages/airflow/example_dags/example_python_operator.py took 0.514 seconds
[2022-04-13 07:22:09,339] {scheduler_job.py:182} INFO - Started process (PID=8504) to work on /home/airflow/sandbox/lib/python3.8/site-packages/airflow/example_dags/example_python_operator.py
[2022-04-13 07:22:09,343] {scheduler_job.py:633} INFO - Processing file /home/airflow/sandbox/lib/python3.8/site-packages/airflow/example_dags/example_python_operator.py for tasks to queue
[2022-04-13 07:22:09,345] {logging_mixin.py:104} INFO - [2022-04-13 07:22:09,344] {dagbag.py:487} INFO - Filling up the DagBag from /home/airflow/sandbox/lib/python3.8/site-packages/airflow/example_dags/example_python_operator.py
[2022-04-13 07:22:09,383] {scheduler_job.py:643} INFO - DAG(s) dict_keys(['example_python_operator']) retrieved from /home/airflow/sandbox/lib/python3.8/site-packages/airflow/example_dags/example_python_operator.py
[2022-04-13 07:22:09,454] {logging_mixin.py:104} INFO - [2022-04-13 07:22:09,453] {dag.py:1832} INFO - Sync 1 DAGs
[2022-04-13 07:22:09,497] {logging_mixin.py:104} INFO - [2022-04-13 07:22:09,497] {dag.py:2305} INFO - Setting next_dagrun for example_python_operator to None
[2022-04-13 07:22:09,533] {scheduler_job.py:190} INFO - Processing /home/airflow/sandbox/lib/python3.8/site-packages/airflow/example_dags/example_python_operator.py took 0.204 seconds
[2022-04-13 07:22:40,031] {scheduler_job.py:182} INFO - Started process (PID=8699) to work on /home/airflow/sandbox/lib/python3.8/site-packages/airflow/example_dags/example_python_operator.py
[2022-04-13 07:22:40,039] {scheduler_job.py:633} INFO - Processing file /home/airflow/sandbox/lib/python3.8/site-packages/airflow/example_dags/example_python_operator.py for tasks to queue
[2022-04-13 07:22:40,042] {logging_mixin.py:104} INFO - [2022-04-13 07:22:40,042] {dagbag.py:487} INFO - Filling up the DagBag from /home/airflow/sandbox/lib/python3.8/site-packages/airflow/example_dags/example_python_operator.py
[2022-04-13 07:22:40,111] {scheduler_job.py:643} INFO - DAG(s) dict_keys(['example_python_operator']) retrieved from /home/airflow/sandbox/lib/python3.8/site-packages/airflow/example_dags/example_python_operator.py
[2022-04-13 07:22:40,269] {logging_mixin.py:104} INFO - [2022-04-13 07:22:40,269] {dag.py:1832} INFO - Sync 1 DAGs
[2022-04-13 07:22:40,351] {logging_mixin.py:104} INFO - [2022-04-13 07:22:40,351] {dag.py:2305} INFO - Setting next_dagrun for example_python_operator to None
[2022-04-13 07:22:40,721] {scheduler_job.py:190} INFO - Processing /home/airflow/sandbox/lib/python3.8/site-packages/airflow/example_dags/example_python_operator.py took 0.699 seconds
[2022-04-13 07:23:10,998] {scheduler_job.py:182} INFO - Started process (PID=8900) to work on /home/airflow/sandbox/lib/python3.8/site-packages/airflow/example_dags/example_python_operator.py
[2022-04-13 07:23:11,018] {scheduler_job.py:633} INFO - Processing file /home/airflow/sandbox/lib/python3.8/site-packages/airflow/example_dags/example_python_operator.py for tasks to queue
[2022-04-13 07:23:11,020] {logging_mixin.py:104} INFO - [2022-04-13 07:23:11,020] {dagbag.py:487} INFO - Filling up the DagBag from /home/airflow/sandbox/lib/python3.8/site-packages/airflow/example_dags/example_python_operator.py
[2022-04-13 07:23:11,064] {scheduler_job.py:643} INFO - DAG(s) dict_keys(['example_python_operator']) retrieved from /home/airflow/sandbox/lib/python3.8/site-packages/airflow/example_dags/example_python_operator.py
[2022-04-13 07:23:11,251] {logging_mixin.py:104} INFO - [2022-04-13 07:23:11,250] {dag.py:1832} INFO - Sync 1 DAGs
[2022-04-13 07:23:11,299] {logging_mixin.py:104} INFO - [2022-04-13 07:23:11,299] {dag.py:2305} INFO - Setting next_dagrun for example_python_operator to None
[2022-04-13 07:23:11,690] {scheduler_job.py:190} INFO - Processing /home/airflow/sandbox/lib/python3.8/site-packages/airflow/example_dags/example_python_operator.py took 0.713 seconds
[2022-04-13 07:23:42,860] {scheduler_job.py:182} INFO - Started process (PID=9101) to work on /home/airflow/sandbox/lib/python3.8/site-packages/airflow/example_dags/example_python_operator.py
[2022-04-13 07:23:42,880] {scheduler_job.py:633} INFO - Processing file /home/airflow/sandbox/lib/python3.8/site-packages/airflow/example_dags/example_python_operator.py for tasks to queue
[2022-04-13 07:23:42,882] {logging_mixin.py:104} INFO - [2022-04-13 07:23:42,882] {dagbag.py:487} INFO - Filling up the DagBag from /home/airflow/sandbox/lib/python3.8/site-packages/airflow/example_dags/example_python_operator.py
[2022-04-13 07:23:42,950] {scheduler_job.py:643} INFO - DAG(s) dict_keys(['example_python_operator']) retrieved from /home/airflow/sandbox/lib/python3.8/site-packages/airflow/example_dags/example_python_operator.py
[2022-04-13 07:23:43,075] {logging_mixin.py:104} INFO - [2022-04-13 07:23:43,075] {dag.py:1832} INFO - Sync 1 DAGs
[2022-04-13 07:23:43,160] {logging_mixin.py:104} INFO - [2022-04-13 07:23:43,159] {dag.py:2305} INFO - Setting next_dagrun for example_python_operator to None
[2022-04-13 07:23:43,382] {scheduler_job.py:190} INFO - Processing /home/airflow/sandbox/lib/python3.8/site-packages/airflow/example_dags/example_python_operator.py took 0.528 seconds
[2022-04-13 07:24:14,443] {scheduler_job.py:182} INFO - Started process (PID=9300) to work on /home/airflow/sandbox/lib/python3.8/site-packages/airflow/example_dags/example_python_operator.py
[2022-04-13 07:24:14,446] {scheduler_job.py:633} INFO - Processing file /home/airflow/sandbox/lib/python3.8/site-packages/airflow/example_dags/example_python_operator.py for tasks to queue
[2022-04-13 07:24:14,461] {logging_mixin.py:104} INFO - [2022-04-13 07:24:14,461] {dagbag.py:487} INFO - Filling up the DagBag from /home/airflow/sandbox/lib/python3.8/site-packages/airflow/example_dags/example_python_operator.py
[2022-04-13 07:24:14,491] {scheduler_job.py:643} INFO - DAG(s) dict_keys(['example_python_operator']) retrieved from /home/airflow/sandbox/lib/python3.8/site-packages/airflow/example_dags/example_python_operator.py
[2022-04-13 07:24:14,651] {logging_mixin.py:104} INFO - [2022-04-13 07:24:14,651] {dag.py:1832} INFO - Sync 1 DAGs
[2022-04-13 07:24:14,996] {logging_mixin.py:104} INFO - [2022-04-13 07:24:14,995] {dag.py:2305} INFO - Setting next_dagrun for example_python_operator to None
[2022-04-13 07:24:15,144] {scheduler_job.py:190} INFO - Processing /home/airflow/sandbox/lib/python3.8/site-packages/airflow/example_dags/example_python_operator.py took 0.732 seconds
[2022-04-13 07:24:45,364] {scheduler_job.py:182} INFO - Started process (PID=9741) to work on /home/airflow/sandbox/lib/python3.8/site-packages/airflow/example_dags/example_python_operator.py
[2022-04-13 07:24:45,395] {scheduler_job.py:633} INFO - Processing file /home/airflow/sandbox/lib/python3.8/site-packages/airflow/example_dags/example_python_operator.py for tasks to queue
[2022-04-13 07:24:45,406] {logging_mixin.py:104} INFO - [2022-04-13 07:24:45,405] {dagbag.py:487} INFO - Filling up the DagBag from /home/airflow/sandbox/lib/python3.8/site-packages/airflow/example_dags/example_python_operator.py
[2022-04-13 07:24:45,456] {scheduler_job.py:643} INFO - DAG(s) dict_keys(['example_python_operator']) retrieved from /home/airflow/sandbox/lib/python3.8/site-packages/airflow/example_dags/example_python_operator.py
[2022-04-13 07:24:45,620] {logging_mixin.py:104} INFO - [2022-04-13 07:24:45,620] {dag.py:1832} INFO - Sync 1 DAGs
[2022-04-13 07:24:45,945] {logging_mixin.py:104} INFO - [2022-04-13 07:24:45,945] {dag.py:2305} INFO - Setting next_dagrun for example_python_operator to None
[2022-04-13 07:24:46,005] {scheduler_job.py:190} INFO - Processing /home/airflow/sandbox/lib/python3.8/site-packages/airflow/example_dags/example_python_operator.py took 0.651 seconds
[2022-04-13 07:25:16,339] {scheduler_job.py:182} INFO - Started process (PID=9941) to work on /home/airflow/sandbox/lib/python3.8/site-packages/airflow/example_dags/example_python_operator.py
[2022-04-13 07:25:16,341] {scheduler_job.py:633} INFO - Processing file /home/airflow/sandbox/lib/python3.8/site-packages/airflow/example_dags/example_python_operator.py for tasks to queue
[2022-04-13 07:25:16,343] {logging_mixin.py:104} INFO - [2022-04-13 07:25:16,343] {dagbag.py:487} INFO - Filling up the DagBag from /home/airflow/sandbox/lib/python3.8/site-packages/airflow/example_dags/example_python_operator.py
[2022-04-13 07:25:16,373] {scheduler_job.py:643} INFO - DAG(s) dict_keys(['example_python_operator']) retrieved from /home/airflow/sandbox/lib/python3.8/site-packages/airflow/example_dags/example_python_operator.py
[2022-04-13 07:25:16,453] {logging_mixin.py:104} INFO - [2022-04-13 07:25:16,453] {dag.py:1832} INFO - Sync 1 DAGs
[2022-04-13 07:25:16,616] {logging_mixin.py:104} INFO - [2022-04-13 07:25:16,615] {dag.py:2305} INFO - Setting next_dagrun for example_python_operator to None
[2022-04-13 07:25:16,648] {scheduler_job.py:190} INFO - Processing /home/airflow/sandbox/lib/python3.8/site-packages/airflow/example_dags/example_python_operator.py took 0.319 seconds
[2022-04-13 07:25:47,025] {scheduler_job.py:182} INFO - Started process (PID=10141) to work on /home/airflow/sandbox/lib/python3.8/site-packages/airflow/example_dags/example_python_operator.py
[2022-04-13 07:25:47,028] {scheduler_job.py:633} INFO - Processing file /home/airflow/sandbox/lib/python3.8/site-packages/airflow/example_dags/example_python_operator.py for tasks to queue
[2022-04-13 07:25:47,030] {logging_mixin.py:104} INFO - [2022-04-13 07:25:47,029] {dagbag.py:487} INFO - Filling up the DagBag from /home/airflow/sandbox/lib/python3.8/site-packages/airflow/example_dags/example_python_operator.py
[2022-04-13 07:25:47,064] {scheduler_job.py:643} INFO - DAG(s) dict_keys(['example_python_operator']) retrieved from /home/airflow/sandbox/lib/python3.8/site-packages/airflow/example_dags/example_python_operator.py
[2022-04-13 07:25:47,127] {logging_mixin.py:104} INFO - [2022-04-13 07:25:47,127] {dag.py:1832} INFO - Sync 1 DAGs
[2022-04-13 07:25:47,297] {logging_mixin.py:104} INFO - [2022-04-13 07:25:47,296] {dag.py:2305} INFO - Setting next_dagrun for example_python_operator to None
[2022-04-13 07:25:47,326] {scheduler_job.py:190} INFO - Processing /home/airflow/sandbox/lib/python3.8/site-packages/airflow/example_dags/example_python_operator.py took 0.311 seconds
[2022-04-13 07:26:17,619] {scheduler_job.py:182} INFO - Started process (PID=10338) to work on /home/airflow/sandbox/lib/python3.8/site-packages/airflow/example_dags/example_python_operator.py
[2022-04-13 07:26:17,634] {scheduler_job.py:633} INFO - Processing file /home/airflow/sandbox/lib/python3.8/site-packages/airflow/example_dags/example_python_operator.py for tasks to queue
[2022-04-13 07:26:17,643] {logging_mixin.py:104} INFO - [2022-04-13 07:26:17,643] {dagbag.py:487} INFO - Filling up the DagBag from /home/airflow/sandbox/lib/python3.8/site-packages/airflow/example_dags/example_python_operator.py
[2022-04-13 07:26:17,723] {scheduler_job.py:643} INFO - DAG(s) dict_keys(['example_python_operator']) retrieved from /home/airflow/sandbox/lib/python3.8/site-packages/airflow/example_dags/example_python_operator.py
[2022-04-13 07:26:17,852] {logging_mixin.py:104} INFO - [2022-04-13 07:26:17,851] {dag.py:1832} INFO - Sync 1 DAGs
[2022-04-13 07:26:18,147] {logging_mixin.py:104} INFO - [2022-04-13 07:26:18,147] {dag.py:2305} INFO - Setting next_dagrun for example_python_operator to None
[2022-04-13 07:26:18,323] {scheduler_job.py:190} INFO - Processing /home/airflow/sandbox/lib/python3.8/site-packages/airflow/example_dags/example_python_operator.py took 0.713 seconds
[2022-04-13 07:26:48,686] {scheduler_job.py:182} INFO - Started process (PID=10537) to work on /home/airflow/sandbox/lib/python3.8/site-packages/airflow/example_dags/example_python_operator.py
[2022-04-13 07:26:48,710] {scheduler_job.py:633} INFO - Processing file /home/airflow/sandbox/lib/python3.8/site-packages/airflow/example_dags/example_python_operator.py for tasks to queue
[2022-04-13 07:26:48,711] {logging_mixin.py:104} INFO - [2022-04-13 07:26:48,711] {dagbag.py:487} INFO - Filling up the DagBag from /home/airflow/sandbox/lib/python3.8/site-packages/airflow/example_dags/example_python_operator.py
[2022-04-13 07:26:48,773] {scheduler_job.py:643} INFO - DAG(s) dict_keys(['example_python_operator']) retrieved from /home/airflow/sandbox/lib/python3.8/site-packages/airflow/example_dags/example_python_operator.py
[2022-04-13 07:26:49,147] {logging_mixin.py:104} INFO - [2022-04-13 07:26:49,147] {dag.py:1832} INFO - Sync 1 DAGs
[2022-04-13 07:26:49,209] {logging_mixin.py:104} INFO - [2022-04-13 07:26:49,209] {dag.py:2305} INFO - Setting next_dagrun for example_python_operator to None
[2022-04-13 07:26:49,250] {scheduler_job.py:190} INFO - Processing /home/airflow/sandbox/lib/python3.8/site-packages/airflow/example_dags/example_python_operator.py took 0.582 seconds
[2022-04-13 07:27:19,995] {scheduler_job.py:182} INFO - Started process (PID=10733) to work on /home/airflow/sandbox/lib/python3.8/site-packages/airflow/example_dags/example_python_operator.py
[2022-04-13 07:27:19,998] {scheduler_job.py:633} INFO - Processing file /home/airflow/sandbox/lib/python3.8/site-packages/airflow/example_dags/example_python_operator.py for tasks to queue
[2022-04-13 07:27:19,998] {logging_mixin.py:104} INFO - [2022-04-13 07:27:19,998] {dagbag.py:487} INFO - Filling up the DagBag from /home/airflow/sandbox/lib/python3.8/site-packages/airflow/example_dags/example_python_operator.py
[2022-04-13 07:27:20,023] {scheduler_job.py:643} INFO - DAG(s) dict_keys(['example_python_operator']) retrieved from /home/airflow/sandbox/lib/python3.8/site-packages/airflow/example_dags/example_python_operator.py
[2022-04-13 07:27:20,233] {logging_mixin.py:104} INFO - [2022-04-13 07:27:20,233] {dag.py:1832} INFO - Sync 1 DAGs
[2022-04-13 07:27:20,261] {logging_mixin.py:104} INFO - [2022-04-13 07:27:20,261] {dag.py:2305} INFO - Setting next_dagrun for example_python_operator to None
[2022-04-13 07:27:20,286] {scheduler_job.py:190} INFO - Processing /home/airflow/sandbox/lib/python3.8/site-packages/airflow/example_dags/example_python_operator.py took 0.297 seconds
[2022-04-13 07:27:50,366] {scheduler_job.py:182} INFO - Started process (PID=10932) to work on /home/airflow/sandbox/lib/python3.8/site-packages/airflow/example_dags/example_python_operator.py
[2022-04-13 07:27:50,368] {scheduler_job.py:633} INFO - Processing file /home/airflow/sandbox/lib/python3.8/site-packages/airflow/example_dags/example_python_operator.py for tasks to queue
[2022-04-13 07:27:50,370] {logging_mixin.py:104} INFO - [2022-04-13 07:27:50,370] {dagbag.py:487} INFO - Filling up the DagBag from /home/airflow/sandbox/lib/python3.8/site-packages/airflow/example_dags/example_python_operator.py
[2022-04-13 07:27:50,391] {scheduler_job.py:643} INFO - DAG(s) dict_keys(['example_python_operator']) retrieved from /home/airflow/sandbox/lib/python3.8/site-packages/airflow/example_dags/example_python_operator.py
[2022-04-13 07:27:50,559] {logging_mixin.py:104} INFO - [2022-04-13 07:27:50,559] {dag.py:1832} INFO - Sync 1 DAGs
[2022-04-13 07:27:50,587] {logging_mixin.py:104} INFO - [2022-04-13 07:27:50,587] {dag.py:2305} INFO - Setting next_dagrun for example_python_operator to None
[2022-04-13 07:27:50,609] {scheduler_job.py:190} INFO - Processing /home/airflow/sandbox/lib/python3.8/site-packages/airflow/example_dags/example_python_operator.py took 0.252 seconds
[2022-04-13 07:28:20,729] {scheduler_job.py:182} INFO - Started process (PID=11131) to work on /home/airflow/sandbox/lib/python3.8/site-packages/airflow/example_dags/example_python_operator.py
[2022-04-13 07:28:20,738] {scheduler_job.py:633} INFO - Processing file /home/airflow/sandbox/lib/python3.8/site-packages/airflow/example_dags/example_python_operator.py for tasks to queue
[2022-04-13 07:28:20,740] {logging_mixin.py:104} INFO - [2022-04-13 07:28:20,740] {dagbag.py:487} INFO - Filling up the DagBag from /home/airflow/sandbox/lib/python3.8/site-packages/airflow/example_dags/example_python_operator.py
[2022-04-13 07:28:20,772] {scheduler_job.py:643} INFO - DAG(s) dict_keys(['example_python_operator']) retrieved from /home/airflow/sandbox/lib/python3.8/site-packages/airflow/example_dags/example_python_operator.py
[2022-04-13 07:28:20,926] {logging_mixin.py:104} INFO - [2022-04-13 07:28:20,926] {dag.py:1832} INFO - Sync 1 DAGs
[2022-04-13 07:28:20,981] {logging_mixin.py:104} INFO - [2022-04-13 07:28:20,974] {dag.py:2305} INFO - Setting next_dagrun for example_python_operator to None
[2022-04-13 07:28:21,038] {scheduler_job.py:190} INFO - Processing /home/airflow/sandbox/lib/python3.8/site-packages/airflow/example_dags/example_python_operator.py took 0.320 seconds
[2022-04-13 07:28:51,429] {scheduler_job.py:182} INFO - Started process (PID=11331) to work on /home/airflow/sandbox/lib/python3.8/site-packages/airflow/example_dags/example_python_operator.py
[2022-04-13 07:28:51,433] {scheduler_job.py:633} INFO - Processing file /home/airflow/sandbox/lib/python3.8/site-packages/airflow/example_dags/example_python_operator.py for tasks to queue
[2022-04-13 07:28:51,436] {logging_mixin.py:104} INFO - [2022-04-13 07:28:51,435] {dagbag.py:487} INFO - Filling up the DagBag from /home/airflow/sandbox/lib/python3.8/site-packages/airflow/example_dags/example_python_operator.py
[2022-04-13 07:28:51,614] {scheduler_job.py:643} INFO - DAG(s) dict_keys(['example_python_operator']) retrieved from /home/airflow/sandbox/lib/python3.8/site-packages/airflow/example_dags/example_python_operator.py
[2022-04-13 07:28:51,703] {logging_mixin.py:104} INFO - [2022-04-13 07:28:51,702] {dag.py:1832} INFO - Sync 1 DAGs
[2022-04-13 07:28:51,744] {logging_mixin.py:104} INFO - [2022-04-13 07:28:51,744] {dag.py:2305} INFO - Setting next_dagrun for example_python_operator to None
[2022-04-13 07:28:51,775] {scheduler_job.py:190} INFO - Processing /home/airflow/sandbox/lib/python3.8/site-packages/airflow/example_dags/example_python_operator.py took 0.357 seconds
[2022-04-13 07:29:22,402] {scheduler_job.py:182} INFO - Started process (PID=11649) to work on /home/airflow/sandbox/lib/python3.8/site-packages/airflow/example_dags/example_python_operator.py
[2022-04-13 07:29:22,407] {scheduler_job.py:633} INFO - Processing file /home/airflow/sandbox/lib/python3.8/site-packages/airflow/example_dags/example_python_operator.py for tasks to queue
[2022-04-13 07:29:22,413] {logging_mixin.py:104} INFO - [2022-04-13 07:29:22,412] {dagbag.py:487} INFO - Filling up the DagBag from /home/airflow/sandbox/lib/python3.8/site-packages/airflow/example_dags/example_python_operator.py
[2022-04-13 07:29:22,554] {scheduler_job.py:643} INFO - DAG(s) dict_keys(['example_python_operator']) retrieved from /home/airflow/sandbox/lib/python3.8/site-packages/airflow/example_dags/example_python_operator.py
[2022-04-13 07:29:22,658] {logging_mixin.py:104} INFO - [2022-04-13 07:29:22,657] {dag.py:1832} INFO - Sync 1 DAGs
[2022-04-13 07:29:22,701] {logging_mixin.py:104} INFO - [2022-04-13 07:29:22,701] {dag.py:2305} INFO - Setting next_dagrun for example_python_operator to None
[2022-04-13 07:29:22,716] {scheduler_job.py:190} INFO - Processing /home/airflow/sandbox/lib/python3.8/site-packages/airflow/example_dags/example_python_operator.py took 0.333 seconds
[2022-04-13 07:29:53,474] {scheduler_job.py:182} INFO - Started process (PID=11970) to work on /home/airflow/sandbox/lib/python3.8/site-packages/airflow/example_dags/example_python_operator.py
[2022-04-13 07:29:53,478] {scheduler_job.py:633} INFO - Processing file /home/airflow/sandbox/lib/python3.8/site-packages/airflow/example_dags/example_python_operator.py for tasks to queue
[2022-04-13 07:29:53,480] {logging_mixin.py:104} INFO - [2022-04-13 07:29:53,480] {dagbag.py:487} INFO - Filling up the DagBag from /home/airflow/sandbox/lib/python3.8/site-packages/airflow/example_dags/example_python_operator.py
[2022-04-13 07:29:53,618] {scheduler_job.py:643} INFO - DAG(s) dict_keys(['example_python_operator']) retrieved from /home/airflow/sandbox/lib/python3.8/site-packages/airflow/example_dags/example_python_operator.py
[2022-04-13 07:29:53,682] {logging_mixin.py:104} INFO - [2022-04-13 07:29:53,682] {dag.py:1832} INFO - Sync 1 DAGs
[2022-04-13 07:29:53,713] {logging_mixin.py:104} INFO - [2022-04-13 07:29:53,712] {dag.py:2305} INFO - Setting next_dagrun for example_python_operator to None
[2022-04-13 07:29:53,743] {scheduler_job.py:190} INFO - Processing /home/airflow/sandbox/lib/python3.8/site-packages/airflow/example_dags/example_python_operator.py took 0.286 seconds
[2022-04-13 07:30:24,148] {scheduler_job.py:182} INFO - Started process (PID=12167) to work on /home/airflow/sandbox/lib/python3.8/site-packages/airflow/example_dags/example_python_operator.py
[2022-04-13 07:30:24,165] {scheduler_job.py:633} INFO - Processing file /home/airflow/sandbox/lib/python3.8/site-packages/airflow/example_dags/example_python_operator.py for tasks to queue
[2022-04-13 07:30:24,167] {logging_mixin.py:104} INFO - [2022-04-13 07:30:24,167] {dagbag.py:487} INFO - Filling up the DagBag from /home/airflow/sandbox/lib/python3.8/site-packages/airflow/example_dags/example_python_operator.py
[2022-04-13 07:30:24,469] {scheduler_job.py:643} INFO - DAG(s) dict_keys(['example_python_operator']) retrieved from /home/airflow/sandbox/lib/python3.8/site-packages/airflow/example_dags/example_python_operator.py
[2022-04-13 07:30:24,553] {logging_mixin.py:104} INFO - [2022-04-13 07:30:24,553] {dag.py:1832} INFO - Sync 1 DAGs
[2022-04-13 07:30:24,608] {logging_mixin.py:104} INFO - [2022-04-13 07:30:24,608] {dag.py:2305} INFO - Setting next_dagrun for example_python_operator to None
[2022-04-13 07:30:24,658] {scheduler_job.py:190} INFO - Processing /home/airflow/sandbox/lib/python3.8/site-packages/airflow/example_dags/example_python_operator.py took 0.541 seconds
[2022-04-13 07:30:54,891] {scheduler_job.py:182} INFO - Started process (PID=12365) to work on /home/airflow/sandbox/lib/python3.8/site-packages/airflow/example_dags/example_python_operator.py
[2022-04-13 07:30:54,906] {scheduler_job.py:633} INFO - Processing file /home/airflow/sandbox/lib/python3.8/site-packages/airflow/example_dags/example_python_operator.py for tasks to queue
[2022-04-13 07:30:54,923] {logging_mixin.py:104} INFO - [2022-04-13 07:30:54,923] {dagbag.py:487} INFO - Filling up the DagBag from /home/airflow/sandbox/lib/python3.8/site-packages/airflow/example_dags/example_python_operator.py
[2022-04-13 07:30:55,214] {scheduler_job.py:643} INFO - DAG(s) dict_keys(['example_python_operator']) retrieved from /home/airflow/sandbox/lib/python3.8/site-packages/airflow/example_dags/example_python_operator.py
[2022-04-13 07:30:55,364] {logging_mixin.py:104} INFO - [2022-04-13 07:30:55,364] {dag.py:1832} INFO - Sync 1 DAGs
[2022-04-13 07:30:55,417] {logging_mixin.py:104} INFO - [2022-04-13 07:30:55,417] {dag.py:2305} INFO - Setting next_dagrun for example_python_operator to None
[2022-04-13 07:30:55,506] {scheduler_job.py:190} INFO - Processing /home/airflow/sandbox/lib/python3.8/site-packages/airflow/example_dags/example_python_operator.py took 0.624 seconds
[2022-04-13 07:31:35,149] {scheduler_job.py:182} INFO - Started process (PID=12725) to work on /home/airflow/sandbox/lib/python3.8/site-packages/airflow/example_dags/example_python_operator.py
[2022-04-13 07:31:35,178] {scheduler_job.py:633} INFO - Processing file /home/airflow/sandbox/lib/python3.8/site-packages/airflow/example_dags/example_python_operator.py for tasks to queue
[2022-04-13 07:31:35,180] {logging_mixin.py:104} INFO - [2022-04-13 07:31:35,180] {dagbag.py:487} INFO - Filling up the DagBag from /home/airflow/sandbox/lib/python3.8/site-packages/airflow/example_dags/example_python_operator.py
[2022-04-13 07:31:35,297] {scheduler_job.py:643} INFO - DAG(s) dict_keys(['example_python_operator']) retrieved from /home/airflow/sandbox/lib/python3.8/site-packages/airflow/example_dags/example_python_operator.py
[2022-04-13 07:31:35,505] {logging_mixin.py:104} INFO - [2022-04-13 07:31:35,505] {dag.py:1832} INFO - Sync 1 DAGs
[2022-04-13 07:31:35,570] {logging_mixin.py:104} INFO - [2022-04-13 07:31:35,569] {dag.py:2305} INFO - Setting next_dagrun for example_python_operator to None
[2022-04-13 07:31:35,623] {scheduler_job.py:190} INFO - Processing /home/airflow/sandbox/lib/python3.8/site-packages/airflow/example_dags/example_python_operator.py took 0.498 seconds
[2022-04-13 07:32:07,741] {scheduler_job.py:182} INFO - Started process (PID=13021) to work on /home/airflow/sandbox/lib/python3.8/site-packages/airflow/example_dags/example_python_operator.py
[2022-04-13 07:32:07,756] {scheduler_job.py:633} INFO - Processing file /home/airflow/sandbox/lib/python3.8/site-packages/airflow/example_dags/example_python_operator.py for tasks to queue
[2022-04-13 07:32:07,758] {logging_mixin.py:104} INFO - [2022-04-13 07:32:07,757] {dagbag.py:487} INFO - Filling up the DagBag from /home/airflow/sandbox/lib/python3.8/site-packages/airflow/example_dags/example_python_operator.py
[2022-04-13 07:32:07,840] {scheduler_job.py:643} INFO - DAG(s) dict_keys(['example_python_operator']) retrieved from /home/airflow/sandbox/lib/python3.8/site-packages/airflow/example_dags/example_python_operator.py
[2022-04-13 07:32:07,938] {logging_mixin.py:104} INFO - [2022-04-13 07:32:07,938] {dag.py:1832} INFO - Sync 1 DAGs
[2022-04-13 07:32:07,968] {logging_mixin.py:104} INFO - [2022-04-13 07:32:07,968] {dag.py:2305} INFO - Setting next_dagrun for example_python_operator to None
[2022-04-13 07:32:08,041] {scheduler_job.py:190} INFO - Processing /home/airflow/sandbox/lib/python3.8/site-packages/airflow/example_dags/example_python_operator.py took 0.311 seconds
[2022-04-13 07:32:41,463] {scheduler_job.py:182} INFO - Started process (PID=13235) to work on /home/airflow/sandbox/lib/python3.8/site-packages/airflow/example_dags/example_python_operator.py
[2022-04-13 07:32:41,578] {scheduler_job.py:633} INFO - Processing file /home/airflow/sandbox/lib/python3.8/site-packages/airflow/example_dags/example_python_operator.py for tasks to queue
[2022-04-13 07:32:41,594] {logging_mixin.py:104} INFO - [2022-04-13 07:32:41,594] {dagbag.py:487} INFO - Filling up the DagBag from /home/airflow/sandbox/lib/python3.8/site-packages/airflow/example_dags/example_python_operator.py
[2022-04-13 07:32:41,831] {scheduler_job.py:643} INFO - DAG(s) dict_keys(['example_python_operator']) retrieved from /home/airflow/sandbox/lib/python3.8/site-packages/airflow/example_dags/example_python_operator.py
[2022-04-13 07:32:42,260] {logging_mixin.py:104} INFO - [2022-04-13 07:32:42,260] {dag.py:1832} INFO - Sync 1 DAGs
[2022-04-13 07:32:42,548] {logging_mixin.py:104} INFO - [2022-04-13 07:32:42,548] {dag.py:2305} INFO - Setting next_dagrun for example_python_operator to None
[2022-04-13 07:32:42,704] {scheduler_job.py:190} INFO - Processing /home/airflow/sandbox/lib/python3.8/site-packages/airflow/example_dags/example_python_operator.py took 1.251 seconds
