[2022-04-13 07:09:12,257] {scheduler_job.py:182} INFO - Started process (PID=2584) to work on /home/airflow/sandbox/lib/python3.8/site-packages/airflow/example_dags/tutorial_taskflow_api_etl_virtualenv.py
[2022-04-13 07:09:12,259] {scheduler_job.py:633} INFO - Processing file /home/airflow/sandbox/lib/python3.8/site-packages/airflow/example_dags/tutorial_taskflow_api_etl_virtualenv.py for tasks to queue
[2022-04-13 07:09:12,260] {logging_mixin.py:104} INFO - [2022-04-13 07:09:12,259] {dagbag.py:487} INFO - Filling up the DagBag from /home/airflow/sandbox/lib/python3.8/site-packages/airflow/example_dags/tutorial_taskflow_api_etl_virtualenv.py
[2022-04-13 07:09:12,449] {scheduler_job.py:643} INFO - DAG(s) dict_keys(['tutorial_taskflow_api_etl_virtualenv']) retrieved from /home/airflow/sandbox/lib/python3.8/site-packages/airflow/example_dags/tutorial_taskflow_api_etl_virtualenv.py
[2022-04-13 07:09:15,549] {logging_mixin.py:104} INFO - [2022-04-13 07:09:15,549] {dag.py:1832} INFO - Sync 1 DAGs
[2022-04-13 07:09:15,678] {logging_mixin.py:104} INFO - [2022-04-13 07:09:15,677] {dag.py:2305} INFO - Setting next_dagrun for tutorial_taskflow_api_etl_virtualenv to None
[2022-04-13 07:09:15,822] {scheduler_job.py:190} INFO - Processing /home/airflow/sandbox/lib/python3.8/site-packages/airflow/example_dags/tutorial_taskflow_api_etl_virtualenv.py took 3.581 seconds
[2022-04-13 07:09:46,148] {scheduler_job.py:182} INFO - Started process (PID=3388) to work on /home/airflow/sandbox/lib/python3.8/site-packages/airflow/example_dags/tutorial_taskflow_api_etl_virtualenv.py
[2022-04-13 07:09:46,161] {scheduler_job.py:633} INFO - Processing file /home/airflow/sandbox/lib/python3.8/site-packages/airflow/example_dags/tutorial_taskflow_api_etl_virtualenv.py for tasks to queue
[2022-04-13 07:09:46,163] {logging_mixin.py:104} INFO - [2022-04-13 07:09:46,162] {dagbag.py:487} INFO - Filling up the DagBag from /home/airflow/sandbox/lib/python3.8/site-packages/airflow/example_dags/tutorial_taskflow_api_etl_virtualenv.py
[2022-04-13 07:09:46,279] {scheduler_job.py:643} INFO - DAG(s) dict_keys(['tutorial_taskflow_api_etl_virtualenv']) retrieved from /home/airflow/sandbox/lib/python3.8/site-packages/airflow/example_dags/tutorial_taskflow_api_etl_virtualenv.py
[2022-04-13 07:09:47,652] {logging_mixin.py:104} INFO - [2022-04-13 07:09:47,652] {dag.py:1832} INFO - Sync 1 DAGs
[2022-04-13 07:09:47,676] {logging_mixin.py:104} INFO - [2022-04-13 07:09:47,676] {dag.py:2305} INFO - Setting next_dagrun for tutorial_taskflow_api_etl_virtualenv to None
[2022-04-13 07:09:47,703] {scheduler_job.py:190} INFO - Processing /home/airflow/sandbox/lib/python3.8/site-packages/airflow/example_dags/tutorial_taskflow_api_etl_virtualenv.py took 1.593 seconds
[2022-04-13 07:14:32,755] {scheduler_job.py:182} INFO - Started process (PID=5047) to work on /home/airflow/sandbox/lib/python3.8/site-packages/airflow/example_dags/tutorial_taskflow_api_etl_virtualenv.py
[2022-04-13 07:14:32,773] {scheduler_job.py:633} INFO - Processing file /home/airflow/sandbox/lib/python3.8/site-packages/airflow/example_dags/tutorial_taskflow_api_etl_virtualenv.py for tasks to queue
[2022-04-13 07:14:32,780] {logging_mixin.py:104} INFO - [2022-04-13 07:14:32,780] {dagbag.py:487} INFO - Filling up the DagBag from /home/airflow/sandbox/lib/python3.8/site-packages/airflow/example_dags/tutorial_taskflow_api_etl_virtualenv.py
[2022-04-13 07:14:32,834] {scheduler_job.py:643} INFO - DAG(s) dict_keys(['tutorial_taskflow_api_etl_virtualenv']) retrieved from /home/airflow/sandbox/lib/python3.8/site-packages/airflow/example_dags/tutorial_taskflow_api_etl_virtualenv.py
[2022-04-13 07:14:34,421] {logging_mixin.py:104} INFO - [2022-04-13 07:14:34,421] {dag.py:1832} INFO - Sync 1 DAGs
[2022-04-13 07:14:34,497] {logging_mixin.py:104} INFO - [2022-04-13 07:14:34,497] {dag.py:2305} INFO - Setting next_dagrun for tutorial_taskflow_api_etl_virtualenv to None
[2022-04-13 07:14:34,601] {scheduler_job.py:190} INFO - Processing /home/airflow/sandbox/lib/python3.8/site-packages/airflow/example_dags/tutorial_taskflow_api_etl_virtualenv.py took 1.851 seconds
[2022-04-13 07:15:05,152] {scheduler_job.py:182} INFO - Started process (PID=5402) to work on /home/airflow/sandbox/lib/python3.8/site-packages/airflow/example_dags/tutorial_taskflow_api_etl_virtualenv.py
[2022-04-13 07:15:05,154] {scheduler_job.py:633} INFO - Processing file /home/airflow/sandbox/lib/python3.8/site-packages/airflow/example_dags/tutorial_taskflow_api_etl_virtualenv.py for tasks to queue
[2022-04-13 07:15:05,156] {logging_mixin.py:104} INFO - [2022-04-13 07:15:05,155] {dagbag.py:487} INFO - Filling up the DagBag from /home/airflow/sandbox/lib/python3.8/site-packages/airflow/example_dags/tutorial_taskflow_api_etl_virtualenv.py
[2022-04-13 07:15:05,261] {scheduler_job.py:643} INFO - DAG(s) dict_keys(['tutorial_taskflow_api_etl_virtualenv']) retrieved from /home/airflow/sandbox/lib/python3.8/site-packages/airflow/example_dags/tutorial_taskflow_api_etl_virtualenv.py
[2022-04-13 07:15:07,369] {logging_mixin.py:104} INFO - [2022-04-13 07:15:07,369] {dag.py:1832} INFO - Sync 1 DAGs
[2022-04-13 07:15:07,429] {logging_mixin.py:104} INFO - [2022-04-13 07:15:07,429] {dag.py:2305} INFO - Setting next_dagrun for tutorial_taskflow_api_etl_virtualenv to None
[2022-04-13 07:15:07,548] {scheduler_job.py:190} INFO - Processing /home/airflow/sandbox/lib/python3.8/site-packages/airflow/example_dags/tutorial_taskflow_api_etl_virtualenv.py took 2.407 seconds
[2022-04-13 07:15:38,355] {scheduler_job.py:182} INFO - Started process (PID=5779) to work on /home/airflow/sandbox/lib/python3.8/site-packages/airflow/example_dags/tutorial_taskflow_api_etl_virtualenv.py
[2022-04-13 07:15:38,365] {scheduler_job.py:633} INFO - Processing file /home/airflow/sandbox/lib/python3.8/site-packages/airflow/example_dags/tutorial_taskflow_api_etl_virtualenv.py for tasks to queue
[2022-04-13 07:15:38,392] {logging_mixin.py:104} INFO - [2022-04-13 07:15:38,381] {dagbag.py:487} INFO - Filling up the DagBag from /home/airflow/sandbox/lib/python3.8/site-packages/airflow/example_dags/tutorial_taskflow_api_etl_virtualenv.py
[2022-04-13 07:15:38,479] {scheduler_job.py:643} INFO - DAG(s) dict_keys(['tutorial_taskflow_api_etl_virtualenv']) retrieved from /home/airflow/sandbox/lib/python3.8/site-packages/airflow/example_dags/tutorial_taskflow_api_etl_virtualenv.py
[2022-04-13 07:15:40,646] {logging_mixin.py:104} INFO - [2022-04-13 07:15:40,646] {dag.py:1832} INFO - Sync 1 DAGs
[2022-04-13 07:15:40,694] {logging_mixin.py:104} INFO - [2022-04-13 07:15:40,694] {dag.py:2305} INFO - Setting next_dagrun for tutorial_taskflow_api_etl_virtualenv to None
[2022-04-13 07:15:40,803] {scheduler_job.py:190} INFO - Processing /home/airflow/sandbox/lib/python3.8/site-packages/airflow/example_dags/tutorial_taskflow_api_etl_virtualenv.py took 2.510 seconds
[2022-04-13 07:16:13,253] {scheduler_job.py:182} INFO - Started process (PID=6015) to work on /home/airflow/sandbox/lib/python3.8/site-packages/airflow/example_dags/tutorial_taskflow_api_etl_virtualenv.py
[2022-04-13 07:16:13,271] {scheduler_job.py:633} INFO - Processing file /home/airflow/sandbox/lib/python3.8/site-packages/airflow/example_dags/tutorial_taskflow_api_etl_virtualenv.py for tasks to queue
[2022-04-13 07:16:13,295] {logging_mixin.py:104} INFO - [2022-04-13 07:16:13,295] {dagbag.py:487} INFO - Filling up the DagBag from /home/airflow/sandbox/lib/python3.8/site-packages/airflow/example_dags/tutorial_taskflow_api_etl_virtualenv.py
[2022-04-13 07:16:13,482] {scheduler_job.py:643} INFO - DAG(s) dict_keys(['tutorial_taskflow_api_etl_virtualenv']) retrieved from /home/airflow/sandbox/lib/python3.8/site-packages/airflow/example_dags/tutorial_taskflow_api_etl_virtualenv.py
[2022-04-13 07:16:15,784] {logging_mixin.py:104} INFO - [2022-04-13 07:16:15,783] {dag.py:1832} INFO - Sync 1 DAGs
[2022-04-13 07:16:15,818] {logging_mixin.py:104} INFO - [2022-04-13 07:16:15,818] {dag.py:2305} INFO - Setting next_dagrun for tutorial_taskflow_api_etl_virtualenv to None
[2022-04-13 07:16:15,933] {scheduler_job.py:190} INFO - Processing /home/airflow/sandbox/lib/python3.8/site-packages/airflow/example_dags/tutorial_taskflow_api_etl_virtualenv.py took 2.687 seconds
[2022-04-13 07:16:46,562] {scheduler_job.py:182} INFO - Started process (PID=6232) to work on /home/airflow/sandbox/lib/python3.8/site-packages/airflow/example_dags/tutorial_taskflow_api_etl_virtualenv.py
[2022-04-13 07:16:46,572] {scheduler_job.py:633} INFO - Processing file /home/airflow/sandbox/lib/python3.8/site-packages/airflow/example_dags/tutorial_taskflow_api_etl_virtualenv.py for tasks to queue
[2022-04-13 07:16:46,578] {logging_mixin.py:104} INFO - [2022-04-13 07:16:46,578] {dagbag.py:487} INFO - Filling up the DagBag from /home/airflow/sandbox/lib/python3.8/site-packages/airflow/example_dags/tutorial_taskflow_api_etl_virtualenv.py
[2022-04-13 07:16:46,657] {scheduler_job.py:643} INFO - DAG(s) dict_keys(['tutorial_taskflow_api_etl_virtualenv']) retrieved from /home/airflow/sandbox/lib/python3.8/site-packages/airflow/example_dags/tutorial_taskflow_api_etl_virtualenv.py
[2022-04-13 07:16:48,383] {logging_mixin.py:104} INFO - [2022-04-13 07:16:48,383] {dag.py:1832} INFO - Sync 1 DAGs
[2022-04-13 07:16:48,431] {logging_mixin.py:104} INFO - [2022-04-13 07:16:48,431] {dag.py:2305} INFO - Setting next_dagrun for tutorial_taskflow_api_etl_virtualenv to None
[2022-04-13 07:16:48,526] {scheduler_job.py:190} INFO - Processing /home/airflow/sandbox/lib/python3.8/site-packages/airflow/example_dags/tutorial_taskflow_api_etl_virtualenv.py took 1.985 seconds
[2022-04-13 07:17:18,655] {scheduler_job.py:182} INFO - Started process (PID=6435) to work on /home/airflow/sandbox/lib/python3.8/site-packages/airflow/example_dags/tutorial_taskflow_api_etl_virtualenv.py
[2022-04-13 07:17:18,662] {scheduler_job.py:633} INFO - Processing file /home/airflow/sandbox/lib/python3.8/site-packages/airflow/example_dags/tutorial_taskflow_api_etl_virtualenv.py for tasks to queue
[2022-04-13 07:17:18,676] {logging_mixin.py:104} INFO - [2022-04-13 07:17:18,675] {dagbag.py:487} INFO - Filling up the DagBag from /home/airflow/sandbox/lib/python3.8/site-packages/airflow/example_dags/tutorial_taskflow_api_etl_virtualenv.py
[2022-04-13 07:17:18,764] {scheduler_job.py:643} INFO - DAG(s) dict_keys(['tutorial_taskflow_api_etl_virtualenv']) retrieved from /home/airflow/sandbox/lib/python3.8/site-packages/airflow/example_dags/tutorial_taskflow_api_etl_virtualenv.py
[2022-04-13 07:17:20,449] {logging_mixin.py:104} INFO - [2022-04-13 07:17:20,448] {dag.py:1832} INFO - Sync 1 DAGs
[2022-04-13 07:17:20,488] {logging_mixin.py:104} INFO - [2022-04-13 07:17:20,488] {dag.py:2305} INFO - Setting next_dagrun for tutorial_taskflow_api_etl_virtualenv to None
[2022-04-13 07:17:20,604] {scheduler_job.py:190} INFO - Processing /home/airflow/sandbox/lib/python3.8/site-packages/airflow/example_dags/tutorial_taskflow_api_etl_virtualenv.py took 1.958 seconds
[2022-04-13 07:17:51,010] {scheduler_job.py:182} INFO - Started process (PID=6635) to work on /home/airflow/sandbox/lib/python3.8/site-packages/airflow/example_dags/tutorial_taskflow_api_etl_virtualenv.py
[2022-04-13 07:17:51,025] {scheduler_job.py:633} INFO - Processing file /home/airflow/sandbox/lib/python3.8/site-packages/airflow/example_dags/tutorial_taskflow_api_etl_virtualenv.py for tasks to queue
[2022-04-13 07:17:51,027] {logging_mixin.py:104} INFO - [2022-04-13 07:17:51,026] {dagbag.py:487} INFO - Filling up the DagBag from /home/airflow/sandbox/lib/python3.8/site-packages/airflow/example_dags/tutorial_taskflow_api_etl_virtualenv.py
[2022-04-13 07:17:51,108] {scheduler_job.py:643} INFO - DAG(s) dict_keys(['tutorial_taskflow_api_etl_virtualenv']) retrieved from /home/airflow/sandbox/lib/python3.8/site-packages/airflow/example_dags/tutorial_taskflow_api_etl_virtualenv.py
[2022-04-13 07:17:52,675] {logging_mixin.py:104} INFO - [2022-04-13 07:17:52,674] {dag.py:1832} INFO - Sync 1 DAGs
[2022-04-13 07:17:52,728] {logging_mixin.py:104} INFO - [2022-04-13 07:17:52,728] {dag.py:2305} INFO - Setting next_dagrun for tutorial_taskflow_api_etl_virtualenv to None
[2022-04-13 07:17:52,806] {scheduler_job.py:190} INFO - Processing /home/airflow/sandbox/lib/python3.8/site-packages/airflow/example_dags/tutorial_taskflow_api_etl_virtualenv.py took 1.811 seconds
[2022-04-13 07:18:23,151] {scheduler_job.py:182} INFO - Started process (PID=6834) to work on /home/airflow/sandbox/lib/python3.8/site-packages/airflow/example_dags/tutorial_taskflow_api_etl_virtualenv.py
[2022-04-13 07:18:23,159] {scheduler_job.py:633} INFO - Processing file /home/airflow/sandbox/lib/python3.8/site-packages/airflow/example_dags/tutorial_taskflow_api_etl_virtualenv.py for tasks to queue
[2022-04-13 07:18:23,170] {logging_mixin.py:104} INFO - [2022-04-13 07:18:23,170] {dagbag.py:487} INFO - Filling up the DagBag from /home/airflow/sandbox/lib/python3.8/site-packages/airflow/example_dags/tutorial_taskflow_api_etl_virtualenv.py
[2022-04-13 07:18:23,253] {scheduler_job.py:643} INFO - DAG(s) dict_keys(['tutorial_taskflow_api_etl_virtualenv']) retrieved from /home/airflow/sandbox/lib/python3.8/site-packages/airflow/example_dags/tutorial_taskflow_api_etl_virtualenv.py
[2022-04-13 07:18:24,862] {logging_mixin.py:104} INFO - [2022-04-13 07:18:24,861] {dag.py:1832} INFO - Sync 1 DAGs
[2022-04-13 07:18:24,916] {logging_mixin.py:104} INFO - [2022-04-13 07:18:24,916] {dag.py:2305} INFO - Setting next_dagrun for tutorial_taskflow_api_etl_virtualenv to None
[2022-04-13 07:18:24,983] {scheduler_job.py:190} INFO - Processing /home/airflow/sandbox/lib/python3.8/site-packages/airflow/example_dags/tutorial_taskflow_api_etl_virtualenv.py took 1.841 seconds
[2022-04-13 07:18:55,770] {scheduler_job.py:182} INFO - Started process (PID=7032) to work on /home/airflow/sandbox/lib/python3.8/site-packages/airflow/example_dags/tutorial_taskflow_api_etl_virtualenv.py
[2022-04-13 07:18:55,789] {scheduler_job.py:633} INFO - Processing file /home/airflow/sandbox/lib/python3.8/site-packages/airflow/example_dags/tutorial_taskflow_api_etl_virtualenv.py for tasks to queue
[2022-04-13 07:18:55,790] {logging_mixin.py:104} INFO - [2022-04-13 07:18:55,790] {dagbag.py:487} INFO - Filling up the DagBag from /home/airflow/sandbox/lib/python3.8/site-packages/airflow/example_dags/tutorial_taskflow_api_etl_virtualenv.py
[2022-04-13 07:18:55,863] {scheduler_job.py:643} INFO - DAG(s) dict_keys(['tutorial_taskflow_api_etl_virtualenv']) retrieved from /home/airflow/sandbox/lib/python3.8/site-packages/airflow/example_dags/tutorial_taskflow_api_etl_virtualenv.py
[2022-04-13 07:18:57,506] {logging_mixin.py:104} INFO - [2022-04-13 07:18:57,505] {dag.py:1832} INFO - Sync 1 DAGs
[2022-04-13 07:18:57,565] {logging_mixin.py:104} INFO - [2022-04-13 07:18:57,565] {dag.py:2305} INFO - Setting next_dagrun for tutorial_taskflow_api_etl_virtualenv to None
[2022-04-13 07:18:57,662] {scheduler_job.py:190} INFO - Processing /home/airflow/sandbox/lib/python3.8/site-packages/airflow/example_dags/tutorial_taskflow_api_etl_virtualenv.py took 1.906 seconds
[2022-04-13 07:19:28,291] {scheduler_job.py:182} INFO - Started process (PID=7476) to work on /home/airflow/sandbox/lib/python3.8/site-packages/airflow/example_dags/tutorial_taskflow_api_etl_virtualenv.py
[2022-04-13 07:19:28,294] {scheduler_job.py:633} INFO - Processing file /home/airflow/sandbox/lib/python3.8/site-packages/airflow/example_dags/tutorial_taskflow_api_etl_virtualenv.py for tasks to queue
[2022-04-13 07:19:28,297] {logging_mixin.py:104} INFO - [2022-04-13 07:19:28,296] {dagbag.py:487} INFO - Filling up the DagBag from /home/airflow/sandbox/lib/python3.8/site-packages/airflow/example_dags/tutorial_taskflow_api_etl_virtualenv.py
[2022-04-13 07:19:28,443] {scheduler_job.py:643} INFO - DAG(s) dict_keys(['tutorial_taskflow_api_etl_virtualenv']) retrieved from /home/airflow/sandbox/lib/python3.8/site-packages/airflow/example_dags/tutorial_taskflow_api_etl_virtualenv.py
[2022-04-13 07:19:30,041] {logging_mixin.py:104} INFO - [2022-04-13 07:19:30,041] {dag.py:1832} INFO - Sync 1 DAGs
[2022-04-13 07:19:30,095] {logging_mixin.py:104} INFO - [2022-04-13 07:19:30,095] {dag.py:2305} INFO - Setting next_dagrun for tutorial_taskflow_api_etl_virtualenv to None
[2022-04-13 07:19:30,204] {scheduler_job.py:190} INFO - Processing /home/airflow/sandbox/lib/python3.8/site-packages/airflow/example_dags/tutorial_taskflow_api_etl_virtualenv.py took 1.948 seconds
[2022-04-13 07:20:00,356] {scheduler_job.py:182} INFO - Started process (PID=7676) to work on /home/airflow/sandbox/lib/python3.8/site-packages/airflow/example_dags/tutorial_taskflow_api_etl_virtualenv.py
[2022-04-13 07:20:00,400] {scheduler_job.py:633} INFO - Processing file /home/airflow/sandbox/lib/python3.8/site-packages/airflow/example_dags/tutorial_taskflow_api_etl_virtualenv.py for tasks to queue
[2022-04-13 07:20:00,404] {logging_mixin.py:104} INFO - [2022-04-13 07:20:00,403] {dagbag.py:487} INFO - Filling up the DagBag from /home/airflow/sandbox/lib/python3.8/site-packages/airflow/example_dags/tutorial_taskflow_api_etl_virtualenv.py
[2022-04-13 07:20:00,505] {scheduler_job.py:643} INFO - DAG(s) dict_keys(['tutorial_taskflow_api_etl_virtualenv']) retrieved from /home/airflow/sandbox/lib/python3.8/site-packages/airflow/example_dags/tutorial_taskflow_api_etl_virtualenv.py
[2022-04-13 07:20:02,107] {logging_mixin.py:104} INFO - [2022-04-13 07:20:02,080] {dag.py:1832} INFO - Sync 1 DAGs
[2022-04-13 07:20:02,159] {logging_mixin.py:104} INFO - [2022-04-13 07:20:02,159] {dag.py:2305} INFO - Setting next_dagrun for tutorial_taskflow_api_etl_virtualenv to None
[2022-04-13 07:20:02,214] {scheduler_job.py:190} INFO - Processing /home/airflow/sandbox/lib/python3.8/site-packages/airflow/example_dags/tutorial_taskflow_api_etl_virtualenv.py took 1.870 seconds
[2022-04-13 07:20:32,965] {scheduler_job.py:182} INFO - Started process (PID=7887) to work on /home/airflow/sandbox/lib/python3.8/site-packages/airflow/example_dags/tutorial_taskflow_api_etl_virtualenv.py
[2022-04-13 07:20:32,979] {scheduler_job.py:633} INFO - Processing file /home/airflow/sandbox/lib/python3.8/site-packages/airflow/example_dags/tutorial_taskflow_api_etl_virtualenv.py for tasks to queue
[2022-04-13 07:20:32,980] {logging_mixin.py:104} INFO - [2022-04-13 07:20:32,980] {dagbag.py:487} INFO - Filling up the DagBag from /home/airflow/sandbox/lib/python3.8/site-packages/airflow/example_dags/tutorial_taskflow_api_etl_virtualenv.py
[2022-04-13 07:20:33,087] {scheduler_job.py:643} INFO - DAG(s) dict_keys(['tutorial_taskflow_api_etl_virtualenv']) retrieved from /home/airflow/sandbox/lib/python3.8/site-packages/airflow/example_dags/tutorial_taskflow_api_etl_virtualenv.py
[2022-04-13 07:20:35,030] {logging_mixin.py:104} INFO - [2022-04-13 07:20:35,029] {dag.py:1832} INFO - Sync 1 DAGs
[2022-04-13 07:20:35,108] {logging_mixin.py:104} INFO - [2022-04-13 07:20:35,108] {dag.py:2305} INFO - Setting next_dagrun for tutorial_taskflow_api_etl_virtualenv to None
[2022-04-13 07:20:35,192] {scheduler_job.py:190} INFO - Processing /home/airflow/sandbox/lib/python3.8/site-packages/airflow/example_dags/tutorial_taskflow_api_etl_virtualenv.py took 2.248 seconds
[2022-04-13 07:21:05,351] {scheduler_job.py:182} INFO - Started process (PID=8088) to work on /home/airflow/sandbox/lib/python3.8/site-packages/airflow/example_dags/tutorial_taskflow_api_etl_virtualenv.py
[2022-04-13 07:21:05,353] {scheduler_job.py:633} INFO - Processing file /home/airflow/sandbox/lib/python3.8/site-packages/airflow/example_dags/tutorial_taskflow_api_etl_virtualenv.py for tasks to queue
[2022-04-13 07:21:05,355] {logging_mixin.py:104} INFO - [2022-04-13 07:21:05,355] {dagbag.py:487} INFO - Filling up the DagBag from /home/airflow/sandbox/lib/python3.8/site-packages/airflow/example_dags/tutorial_taskflow_api_etl_virtualenv.py
[2022-04-13 07:21:05,425] {scheduler_job.py:643} INFO - DAG(s) dict_keys(['tutorial_taskflow_api_etl_virtualenv']) retrieved from /home/airflow/sandbox/lib/python3.8/site-packages/airflow/example_dags/tutorial_taskflow_api_etl_virtualenv.py
[2022-04-13 07:21:07,006] {logging_mixin.py:104} INFO - [2022-04-13 07:21:07,006] {dag.py:1832} INFO - Sync 1 DAGs
[2022-04-13 07:21:07,061] {logging_mixin.py:104} INFO - [2022-04-13 07:21:07,061] {dag.py:2305} INFO - Setting next_dagrun for tutorial_taskflow_api_etl_virtualenv to None
[2022-04-13 07:21:07,197] {scheduler_job.py:190} INFO - Processing /home/airflow/sandbox/lib/python3.8/site-packages/airflow/example_dags/tutorial_taskflow_api_etl_virtualenv.py took 1.875 seconds
[2022-04-13 07:21:37,939] {scheduler_job.py:182} INFO - Started process (PID=8299) to work on /home/airflow/sandbox/lib/python3.8/site-packages/airflow/example_dags/tutorial_taskflow_api_etl_virtualenv.py
[2022-04-13 07:21:37,951] {scheduler_job.py:633} INFO - Processing file /home/airflow/sandbox/lib/python3.8/site-packages/airflow/example_dags/tutorial_taskflow_api_etl_virtualenv.py for tasks to queue
[2022-04-13 07:21:37,955] {logging_mixin.py:104} INFO - [2022-04-13 07:21:37,955] {dagbag.py:487} INFO - Filling up the DagBag from /home/airflow/sandbox/lib/python3.8/site-packages/airflow/example_dags/tutorial_taskflow_api_etl_virtualenv.py
[2022-04-13 07:21:38,009] {scheduler_job.py:643} INFO - DAG(s) dict_keys(['tutorial_taskflow_api_etl_virtualenv']) retrieved from /home/airflow/sandbox/lib/python3.8/site-packages/airflow/example_dags/tutorial_taskflow_api_etl_virtualenv.py
[2022-04-13 07:21:39,527] {logging_mixin.py:104} INFO - [2022-04-13 07:21:39,527] {dag.py:1832} INFO - Sync 1 DAGs
[2022-04-13 07:21:39,594] {logging_mixin.py:104} INFO - [2022-04-13 07:21:39,593] {dag.py:2305} INFO - Setting next_dagrun for tutorial_taskflow_api_etl_virtualenv to None
[2022-04-13 07:21:39,697] {scheduler_job.py:190} INFO - Processing /home/airflow/sandbox/lib/python3.8/site-packages/airflow/example_dags/tutorial_taskflow_api_etl_virtualenv.py took 1.778 seconds
[2022-04-13 07:22:10,387] {scheduler_job.py:182} INFO - Started process (PID=8510) to work on /home/airflow/sandbox/lib/python3.8/site-packages/airflow/example_dags/tutorial_taskflow_api_etl_virtualenv.py
[2022-04-13 07:22:10,394] {scheduler_job.py:633} INFO - Processing file /home/airflow/sandbox/lib/python3.8/site-packages/airflow/example_dags/tutorial_taskflow_api_etl_virtualenv.py for tasks to queue
[2022-04-13 07:22:10,397] {logging_mixin.py:104} INFO - [2022-04-13 07:22:10,397] {dagbag.py:487} INFO - Filling up the DagBag from /home/airflow/sandbox/lib/python3.8/site-packages/airflow/example_dags/tutorial_taskflow_api_etl_virtualenv.py
[2022-04-13 07:22:10,471] {scheduler_job.py:643} INFO - DAG(s) dict_keys(['tutorial_taskflow_api_etl_virtualenv']) retrieved from /home/airflow/sandbox/lib/python3.8/site-packages/airflow/example_dags/tutorial_taskflow_api_etl_virtualenv.py
[2022-04-13 07:22:11,909] {logging_mixin.py:104} INFO - [2022-04-13 07:22:11,909] {dag.py:1832} INFO - Sync 1 DAGs
[2022-04-13 07:22:11,954] {logging_mixin.py:104} INFO - [2022-04-13 07:22:11,953] {dag.py:2305} INFO - Setting next_dagrun for tutorial_taskflow_api_etl_virtualenv to None
[2022-04-13 07:22:11,993] {scheduler_job.py:190} INFO - Processing /home/airflow/sandbox/lib/python3.8/site-packages/airflow/example_dags/tutorial_taskflow_api_etl_virtualenv.py took 1.621 seconds
[2022-04-13 07:22:42,285] {scheduler_job.py:182} INFO - Started process (PID=8716) to work on /home/airflow/sandbox/lib/python3.8/site-packages/airflow/example_dags/tutorial_taskflow_api_etl_virtualenv.py
[2022-04-13 07:22:42,313] {scheduler_job.py:633} INFO - Processing file /home/airflow/sandbox/lib/python3.8/site-packages/airflow/example_dags/tutorial_taskflow_api_etl_virtualenv.py for tasks to queue
[2022-04-13 07:22:42,315] {logging_mixin.py:104} INFO - [2022-04-13 07:22:42,315] {dagbag.py:487} INFO - Filling up the DagBag from /home/airflow/sandbox/lib/python3.8/site-packages/airflow/example_dags/tutorial_taskflow_api_etl_virtualenv.py
[2022-04-13 07:22:42,400] {scheduler_job.py:643} INFO - DAG(s) dict_keys(['tutorial_taskflow_api_etl_virtualenv']) retrieved from /home/airflow/sandbox/lib/python3.8/site-packages/airflow/example_dags/tutorial_taskflow_api_etl_virtualenv.py
[2022-04-13 07:22:43,882] {logging_mixin.py:104} INFO - [2022-04-13 07:22:43,881] {dag.py:1832} INFO - Sync 1 DAGs
[2022-04-13 07:22:43,943] {logging_mixin.py:104} INFO - [2022-04-13 07:22:43,943] {dag.py:2305} INFO - Setting next_dagrun for tutorial_taskflow_api_etl_virtualenv to None
[2022-04-13 07:22:44,079] {scheduler_job.py:190} INFO - Processing /home/airflow/sandbox/lib/python3.8/site-packages/airflow/example_dags/tutorial_taskflow_api_etl_virtualenv.py took 1.805 seconds
[2022-04-13 07:23:14,436] {scheduler_job.py:182} INFO - Started process (PID=8922) to work on /home/airflow/sandbox/lib/python3.8/site-packages/airflow/example_dags/tutorial_taskflow_api_etl_virtualenv.py
[2022-04-13 07:23:14,465] {scheduler_job.py:633} INFO - Processing file /home/airflow/sandbox/lib/python3.8/site-packages/airflow/example_dags/tutorial_taskflow_api_etl_virtualenv.py for tasks to queue
[2022-04-13 07:23:14,467] {logging_mixin.py:104} INFO - [2022-04-13 07:23:14,466] {dagbag.py:487} INFO - Filling up the DagBag from /home/airflow/sandbox/lib/python3.8/site-packages/airflow/example_dags/tutorial_taskflow_api_etl_virtualenv.py
[2022-04-13 07:23:14,540] {scheduler_job.py:643} INFO - DAG(s) dict_keys(['tutorial_taskflow_api_etl_virtualenv']) retrieved from /home/airflow/sandbox/lib/python3.8/site-packages/airflow/example_dags/tutorial_taskflow_api_etl_virtualenv.py
[2022-04-13 07:23:14,750] {logging_mixin.py:104} INFO - [2022-04-13 07:23:14,750] {dag.py:1832} INFO - Sync 1 DAGs
[2022-04-13 07:23:15,065] {logging_mixin.py:104} INFO - [2022-04-13 07:23:15,064] {dag.py:2305} INFO - Setting next_dagrun for tutorial_taskflow_api_etl_virtualenv to None
[2022-04-13 07:23:15,311] {scheduler_job.py:190} INFO - Processing /home/airflow/sandbox/lib/python3.8/site-packages/airflow/example_dags/tutorial_taskflow_api_etl_virtualenv.py took 0.884 seconds
[2022-04-13 07:23:45,645] {scheduler_job.py:182} INFO - Started process (PID=9127) to work on /home/airflow/sandbox/lib/python3.8/site-packages/airflow/example_dags/tutorial_taskflow_api_etl_virtualenv.py
[2022-04-13 07:23:45,650] {scheduler_job.py:633} INFO - Processing file /home/airflow/sandbox/lib/python3.8/site-packages/airflow/example_dags/tutorial_taskflow_api_etl_virtualenv.py for tasks to queue
[2022-04-13 07:23:45,652] {logging_mixin.py:104} INFO - [2022-04-13 07:23:45,651] {dagbag.py:487} INFO - Filling up the DagBag from /home/airflow/sandbox/lib/python3.8/site-packages/airflow/example_dags/tutorial_taskflow_api_etl_virtualenv.py
[2022-04-13 07:23:45,696] {scheduler_job.py:643} INFO - DAG(s) dict_keys(['tutorial_taskflow_api_etl_virtualenv']) retrieved from /home/airflow/sandbox/lib/python3.8/site-packages/airflow/example_dags/tutorial_taskflow_api_etl_virtualenv.py
[2022-04-13 07:23:46,771] {logging_mixin.py:104} INFO - [2022-04-13 07:23:46,771] {dag.py:1832} INFO - Sync 1 DAGs
[2022-04-13 07:23:46,814] {logging_mixin.py:104} INFO - [2022-04-13 07:23:46,813] {dag.py:2305} INFO - Setting next_dagrun for tutorial_taskflow_api_etl_virtualenv to None
[2022-04-13 07:23:46,878] {scheduler_job.py:190} INFO - Processing /home/airflow/sandbox/lib/python3.8/site-packages/airflow/example_dags/tutorial_taskflow_api_etl_virtualenv.py took 1.249 seconds
[2022-04-13 07:24:17,197] {scheduler_job.py:182} INFO - Started process (PID=9327) to work on /home/airflow/sandbox/lib/python3.8/site-packages/airflow/example_dags/tutorial_taskflow_api_etl_virtualenv.py
[2022-04-13 07:24:17,216] {scheduler_job.py:633} INFO - Processing file /home/airflow/sandbox/lib/python3.8/site-packages/airflow/example_dags/tutorial_taskflow_api_etl_virtualenv.py for tasks to queue
[2022-04-13 07:24:17,232] {logging_mixin.py:104} INFO - [2022-04-13 07:24:17,232] {dagbag.py:487} INFO - Filling up the DagBag from /home/airflow/sandbox/lib/python3.8/site-packages/airflow/example_dags/tutorial_taskflow_api_etl_virtualenv.py
[2022-04-13 07:24:17,325] {scheduler_job.py:643} INFO - DAG(s) dict_keys(['tutorial_taskflow_api_etl_virtualenv']) retrieved from /home/airflow/sandbox/lib/python3.8/site-packages/airflow/example_dags/tutorial_taskflow_api_etl_virtualenv.py
[2022-04-13 07:24:19,543] {logging_mixin.py:104} INFO - [2022-04-13 07:24:19,543] {dag.py:1832} INFO - Sync 1 DAGs
[2022-04-13 07:24:19,681] {logging_mixin.py:104} INFO - [2022-04-13 07:24:19,680] {dag.py:2305} INFO - Setting next_dagrun for tutorial_taskflow_api_etl_virtualenv to None
[2022-04-13 07:24:19,800] {scheduler_job.py:190} INFO - Processing /home/airflow/sandbox/lib/python3.8/site-packages/airflow/example_dags/tutorial_taskflow_api_etl_virtualenv.py took 2.627 seconds
[2022-04-13 07:24:50,070] {scheduler_job.py:182} INFO - Started process (PID=9785) to work on /home/airflow/sandbox/lib/python3.8/site-packages/airflow/example_dags/tutorial_taskflow_api_etl_virtualenv.py
[2022-04-13 07:24:50,081] {scheduler_job.py:633} INFO - Processing file /home/airflow/sandbox/lib/python3.8/site-packages/airflow/example_dags/tutorial_taskflow_api_etl_virtualenv.py for tasks to queue
[2022-04-13 07:24:50,094] {logging_mixin.py:104} INFO - [2022-04-13 07:24:50,094] {dagbag.py:487} INFO - Filling up the DagBag from /home/airflow/sandbox/lib/python3.8/site-packages/airflow/example_dags/tutorial_taskflow_api_etl_virtualenv.py
[2022-04-13 07:24:50,248] {scheduler_job.py:643} INFO - DAG(s) dict_keys(['tutorial_taskflow_api_etl_virtualenv']) retrieved from /home/airflow/sandbox/lib/python3.8/site-packages/airflow/example_dags/tutorial_taskflow_api_etl_virtualenv.py
[2022-04-13 07:24:51,592] {logging_mixin.py:104} INFO - [2022-04-13 07:24:51,592] {dag.py:1832} INFO - Sync 1 DAGs
[2022-04-13 07:24:51,641] {logging_mixin.py:104} INFO - [2022-04-13 07:24:51,640] {dag.py:2305} INFO - Setting next_dagrun for tutorial_taskflow_api_etl_virtualenv to None
[2022-04-13 07:24:51,722] {scheduler_job.py:190} INFO - Processing /home/airflow/sandbox/lib/python3.8/site-packages/airflow/example_dags/tutorial_taskflow_api_etl_virtualenv.py took 1.660 seconds
[2022-04-13 07:25:22,488] {scheduler_job.py:182} INFO - Started process (PID=9989) to work on /home/airflow/sandbox/lib/python3.8/site-packages/airflow/example_dags/tutorial_taskflow_api_etl_virtualenv.py
[2022-04-13 07:25:22,494] {scheduler_job.py:633} INFO - Processing file /home/airflow/sandbox/lib/python3.8/site-packages/airflow/example_dags/tutorial_taskflow_api_etl_virtualenv.py for tasks to queue
[2022-04-13 07:25:22,496] {logging_mixin.py:104} INFO - [2022-04-13 07:25:22,496] {dagbag.py:487} INFO - Filling up the DagBag from /home/airflow/sandbox/lib/python3.8/site-packages/airflow/example_dags/tutorial_taskflow_api_etl_virtualenv.py
[2022-04-13 07:25:22,592] {scheduler_job.py:643} INFO - DAG(s) dict_keys(['tutorial_taskflow_api_etl_virtualenv']) retrieved from /home/airflow/sandbox/lib/python3.8/site-packages/airflow/example_dags/tutorial_taskflow_api_etl_virtualenv.py
[2022-04-13 07:25:23,886] {logging_mixin.py:104} INFO - [2022-04-13 07:25:23,886] {dag.py:1832} INFO - Sync 1 DAGs
[2022-04-13 07:25:23,913] {logging_mixin.py:104} INFO - [2022-04-13 07:25:23,913] {dag.py:2305} INFO - Setting next_dagrun for tutorial_taskflow_api_etl_virtualenv to None
[2022-04-13 07:25:23,945] {scheduler_job.py:190} INFO - Processing /home/airflow/sandbox/lib/python3.8/site-packages/airflow/example_dags/tutorial_taskflow_api_etl_virtualenv.py took 1.482 seconds
[2022-04-13 07:25:54,683] {scheduler_job.py:182} INFO - Started process (PID=10203) to work on /home/airflow/sandbox/lib/python3.8/site-packages/airflow/example_dags/tutorial_taskflow_api_etl_virtualenv.py
[2022-04-13 07:25:54,704] {scheduler_job.py:633} INFO - Processing file /home/airflow/sandbox/lib/python3.8/site-packages/airflow/example_dags/tutorial_taskflow_api_etl_virtualenv.py for tasks to queue
[2022-04-13 07:25:54,706] {logging_mixin.py:104} INFO - [2022-04-13 07:25:54,705] {dagbag.py:487} INFO - Filling up the DagBag from /home/airflow/sandbox/lib/python3.8/site-packages/airflow/example_dags/tutorial_taskflow_api_etl_virtualenv.py
[2022-04-13 07:25:54,828] {scheduler_job.py:643} INFO - DAG(s) dict_keys(['tutorial_taskflow_api_etl_virtualenv']) retrieved from /home/airflow/sandbox/lib/python3.8/site-packages/airflow/example_dags/tutorial_taskflow_api_etl_virtualenv.py
[2022-04-13 07:25:55,875] {logging_mixin.py:104} INFO - [2022-04-13 07:25:55,875] {dag.py:1832} INFO - Sync 1 DAGs
[2022-04-13 07:25:55,899] {logging_mixin.py:104} INFO - [2022-04-13 07:25:55,899] {dag.py:2305} INFO - Setting next_dagrun for tutorial_taskflow_api_etl_virtualenv to None
[2022-04-13 07:25:55,943] {scheduler_job.py:190} INFO - Processing /home/airflow/sandbox/lib/python3.8/site-packages/airflow/example_dags/tutorial_taskflow_api_etl_virtualenv.py took 1.276 seconds
[2022-04-13 07:26:26,176] {scheduler_job.py:182} INFO - Started process (PID=10402) to work on /home/airflow/sandbox/lib/python3.8/site-packages/airflow/example_dags/tutorial_taskflow_api_etl_virtualenv.py
[2022-04-13 07:26:26,209] {scheduler_job.py:633} INFO - Processing file /home/airflow/sandbox/lib/python3.8/site-packages/airflow/example_dags/tutorial_taskflow_api_etl_virtualenv.py for tasks to queue
[2022-04-13 07:26:26,217] {logging_mixin.py:104} INFO - [2022-04-13 07:26:26,217] {dagbag.py:487} INFO - Filling up the DagBag from /home/airflow/sandbox/lib/python3.8/site-packages/airflow/example_dags/tutorial_taskflow_api_etl_virtualenv.py
[2022-04-13 07:26:26,335] {scheduler_job.py:643} INFO - DAG(s) dict_keys(['tutorial_taskflow_api_etl_virtualenv']) retrieved from /home/airflow/sandbox/lib/python3.8/site-packages/airflow/example_dags/tutorial_taskflow_api_etl_virtualenv.py
[2022-04-13 07:26:27,890] {logging_mixin.py:104} INFO - [2022-04-13 07:26:27,889] {dag.py:1832} INFO - Sync 1 DAGs
[2022-04-13 07:26:27,957] {logging_mixin.py:104} INFO - [2022-04-13 07:26:27,957] {dag.py:2305} INFO - Setting next_dagrun for tutorial_taskflow_api_etl_virtualenv to None
[2022-04-13 07:26:27,993] {scheduler_job.py:190} INFO - Processing /home/airflow/sandbox/lib/python3.8/site-packages/airflow/example_dags/tutorial_taskflow_api_etl_virtualenv.py took 1.825 seconds
[2022-04-13 07:26:58,173] {scheduler_job.py:182} INFO - Started process (PID=10606) to work on /home/airflow/sandbox/lib/python3.8/site-packages/airflow/example_dags/tutorial_taskflow_api_etl_virtualenv.py
[2022-04-13 07:26:58,179] {scheduler_job.py:633} INFO - Processing file /home/airflow/sandbox/lib/python3.8/site-packages/airflow/example_dags/tutorial_taskflow_api_etl_virtualenv.py for tasks to queue
[2022-04-13 07:26:58,181] {logging_mixin.py:104} INFO - [2022-04-13 07:26:58,181] {dagbag.py:487} INFO - Filling up the DagBag from /home/airflow/sandbox/lib/python3.8/site-packages/airflow/example_dags/tutorial_taskflow_api_etl_virtualenv.py
[2022-04-13 07:26:58,230] {scheduler_job.py:643} INFO - DAG(s) dict_keys(['tutorial_taskflow_api_etl_virtualenv']) retrieved from /home/airflow/sandbox/lib/python3.8/site-packages/airflow/example_dags/tutorial_taskflow_api_etl_virtualenv.py
[2022-04-13 07:26:58,953] {logging_mixin.py:104} INFO - [2022-04-13 07:26:58,953] {dag.py:1832} INFO - Sync 1 DAGs
[2022-04-13 07:26:58,981] {logging_mixin.py:104} INFO - [2022-04-13 07:26:58,981] {dag.py:2305} INFO - Setting next_dagrun for tutorial_taskflow_api_etl_virtualenv to None
[2022-04-13 07:26:59,012] {scheduler_job.py:190} INFO - Processing /home/airflow/sandbox/lib/python3.8/site-packages/airflow/example_dags/tutorial_taskflow_api_etl_virtualenv.py took 0.850 seconds
[2022-04-13 07:27:29,164] {scheduler_job.py:182} INFO - Started process (PID=10803) to work on /home/airflow/sandbox/lib/python3.8/site-packages/airflow/example_dags/tutorial_taskflow_api_etl_virtualenv.py
[2022-04-13 07:27:29,185] {scheduler_job.py:633} INFO - Processing file /home/airflow/sandbox/lib/python3.8/site-packages/airflow/example_dags/tutorial_taskflow_api_etl_virtualenv.py for tasks to queue
[2022-04-13 07:27:29,187] {logging_mixin.py:104} INFO - [2022-04-13 07:27:29,186] {dagbag.py:487} INFO - Filling up the DagBag from /home/airflow/sandbox/lib/python3.8/site-packages/airflow/example_dags/tutorial_taskflow_api_etl_virtualenv.py
[2022-04-13 07:27:29,290] {scheduler_job.py:643} INFO - DAG(s) dict_keys(['tutorial_taskflow_api_etl_virtualenv']) retrieved from /home/airflow/sandbox/lib/python3.8/site-packages/airflow/example_dags/tutorial_taskflow_api_etl_virtualenv.py
[2022-04-13 07:27:30,673] {logging_mixin.py:104} INFO - [2022-04-13 07:27:30,673] {dag.py:1832} INFO - Sync 1 DAGs
[2022-04-13 07:27:30,699] {logging_mixin.py:104} INFO - [2022-04-13 07:27:30,698] {dag.py:2305} INFO - Setting next_dagrun for tutorial_taskflow_api_etl_virtualenv to None
[2022-04-13 07:27:30,847] {scheduler_job.py:190} INFO - Processing /home/airflow/sandbox/lib/python3.8/site-packages/airflow/example_dags/tutorial_taskflow_api_etl_virtualenv.py took 1.713 seconds
[2022-04-13 07:28:01,330] {scheduler_job.py:182} INFO - Started process (PID=11005) to work on /home/airflow/sandbox/lib/python3.8/site-packages/airflow/example_dags/tutorial_taskflow_api_etl_virtualenv.py
[2022-04-13 07:28:01,341] {scheduler_job.py:633} INFO - Processing file /home/airflow/sandbox/lib/python3.8/site-packages/airflow/example_dags/tutorial_taskflow_api_etl_virtualenv.py for tasks to queue
[2022-04-13 07:28:01,345] {logging_mixin.py:104} INFO - [2022-04-13 07:28:01,345] {dagbag.py:487} INFO - Filling up the DagBag from /home/airflow/sandbox/lib/python3.8/site-packages/airflow/example_dags/tutorial_taskflow_api_etl_virtualenv.py
[2022-04-13 07:28:01,799] {scheduler_job.py:643} INFO - DAG(s) dict_keys(['tutorial_taskflow_api_etl_virtualenv']) retrieved from /home/airflow/sandbox/lib/python3.8/site-packages/airflow/example_dags/tutorial_taskflow_api_etl_virtualenv.py
[2022-04-13 07:28:03,361] {logging_mixin.py:104} INFO - [2022-04-13 07:28:03,360] {dag.py:1832} INFO - Sync 1 DAGs
[2022-04-13 07:28:03,439] {logging_mixin.py:104} INFO - [2022-04-13 07:28:03,439] {dag.py:2305} INFO - Setting next_dagrun for tutorial_taskflow_api_etl_virtualenv to None
[2022-04-13 07:28:03,553] {scheduler_job.py:190} INFO - Processing /home/airflow/sandbox/lib/python3.8/site-packages/airflow/example_dags/tutorial_taskflow_api_etl_virtualenv.py took 2.243 seconds
[2022-04-13 07:28:33,784] {scheduler_job.py:182} INFO - Started process (PID=11214) to work on /home/airflow/sandbox/lib/python3.8/site-packages/airflow/example_dags/tutorial_taskflow_api_etl_virtualenv.py
[2022-04-13 07:28:33,803] {scheduler_job.py:633} INFO - Processing file /home/airflow/sandbox/lib/python3.8/site-packages/airflow/example_dags/tutorial_taskflow_api_etl_virtualenv.py for tasks to queue
[2022-04-13 07:28:33,805] {logging_mixin.py:104} INFO - [2022-04-13 07:28:33,805] {dagbag.py:487} INFO - Filling up the DagBag from /home/airflow/sandbox/lib/python3.8/site-packages/airflow/example_dags/tutorial_taskflow_api_etl_virtualenv.py
[2022-04-13 07:28:34,034] {scheduler_job.py:643} INFO - DAG(s) dict_keys(['tutorial_taskflow_api_etl_virtualenv']) retrieved from /home/airflow/sandbox/lib/python3.8/site-packages/airflow/example_dags/tutorial_taskflow_api_etl_virtualenv.py
[2022-04-13 07:28:34,615] {logging_mixin.py:104} INFO - [2022-04-13 07:28:34,614] {dag.py:1832} INFO - Sync 1 DAGs
[2022-04-13 07:28:34,643] {logging_mixin.py:104} INFO - [2022-04-13 07:28:34,642] {dag.py:2305} INFO - Setting next_dagrun for tutorial_taskflow_api_etl_virtualenv to None
[2022-04-13 07:28:34,670] {scheduler_job.py:190} INFO - Processing /home/airflow/sandbox/lib/python3.8/site-packages/airflow/example_dags/tutorial_taskflow_api_etl_virtualenv.py took 0.896 seconds
[2022-04-13 07:29:05,150] {scheduler_job.py:182} INFO - Started process (PID=11413) to work on /home/airflow/sandbox/lib/python3.8/site-packages/airflow/example_dags/tutorial_taskflow_api_etl_virtualenv.py
[2022-04-13 07:29:05,167] {scheduler_job.py:633} INFO - Processing file /home/airflow/sandbox/lib/python3.8/site-packages/airflow/example_dags/tutorial_taskflow_api_etl_virtualenv.py for tasks to queue
[2022-04-13 07:29:05,169] {logging_mixin.py:104} INFO - [2022-04-13 07:29:05,169] {dagbag.py:487} INFO - Filling up the DagBag from /home/airflow/sandbox/lib/python3.8/site-packages/airflow/example_dags/tutorial_taskflow_api_etl_virtualenv.py
[2022-04-13 07:29:05,627] {scheduler_job.py:643} INFO - DAG(s) dict_keys(['tutorial_taskflow_api_etl_virtualenv']) retrieved from /home/airflow/sandbox/lib/python3.8/site-packages/airflow/example_dags/tutorial_taskflow_api_etl_virtualenv.py
[2022-04-13 07:29:06,650] {logging_mixin.py:104} INFO - [2022-04-13 07:29:06,649] {dag.py:1832} INFO - Sync 1 DAGs
[2022-04-13 07:29:06,686] {logging_mixin.py:104} INFO - [2022-04-13 07:29:06,686] {dag.py:2305} INFO - Setting next_dagrun for tutorial_taskflow_api_etl_virtualenv to None
[2022-04-13 07:29:06,742] {scheduler_job.py:190} INFO - Processing /home/airflow/sandbox/lib/python3.8/site-packages/airflow/example_dags/tutorial_taskflow_api_etl_virtualenv.py took 1.603 seconds
[2022-04-13 07:29:37,746] {scheduler_job.py:182} INFO - Started process (PID=11859) to work on /home/airflow/sandbox/lib/python3.8/site-packages/airflow/example_dags/tutorial_taskflow_api_etl_virtualenv.py
[2022-04-13 07:29:37,749] {scheduler_job.py:633} INFO - Processing file /home/airflow/sandbox/lib/python3.8/site-packages/airflow/example_dags/tutorial_taskflow_api_etl_virtualenv.py for tasks to queue
[2022-04-13 07:29:37,750] {logging_mixin.py:104} INFO - [2022-04-13 07:29:37,750] {dagbag.py:487} INFO - Filling up the DagBag from /home/airflow/sandbox/lib/python3.8/site-packages/airflow/example_dags/tutorial_taskflow_api_etl_virtualenv.py
[2022-04-13 07:29:38,113] {scheduler_job.py:643} INFO - DAG(s) dict_keys(['tutorial_taskflow_api_etl_virtualenv']) retrieved from /home/airflow/sandbox/lib/python3.8/site-packages/airflow/example_dags/tutorial_taskflow_api_etl_virtualenv.py
[2022-04-13 07:29:39,307] {logging_mixin.py:104} INFO - [2022-04-13 07:29:39,306] {dag.py:1832} INFO - Sync 1 DAGs
[2022-04-13 07:29:39,366] {logging_mixin.py:104} INFO - [2022-04-13 07:29:39,365] {dag.py:2305} INFO - Setting next_dagrun for tutorial_taskflow_api_etl_virtualenv to None
[2022-04-13 07:29:39,523] {scheduler_job.py:190} INFO - Processing /home/airflow/sandbox/lib/python3.8/site-packages/airflow/example_dags/tutorial_taskflow_api_etl_virtualenv.py took 1.787 seconds
[2022-04-13 07:30:12,490] {scheduler_job.py:182} INFO - Started process (PID=12077) to work on /home/airflow/sandbox/lib/python3.8/site-packages/airflow/example_dags/tutorial_taskflow_api_etl_virtualenv.py
[2022-04-13 07:30:12,504] {scheduler_job.py:633} INFO - Processing file /home/airflow/sandbox/lib/python3.8/site-packages/airflow/example_dags/tutorial_taskflow_api_etl_virtualenv.py for tasks to queue
[2022-04-13 07:30:12,518] {logging_mixin.py:104} INFO - [2022-04-13 07:30:12,518] {dagbag.py:487} INFO - Filling up the DagBag from /home/airflow/sandbox/lib/python3.8/site-packages/airflow/example_dags/tutorial_taskflow_api_etl_virtualenv.py
[2022-04-13 07:30:12,984] {scheduler_job.py:643} INFO - DAG(s) dict_keys(['tutorial_taskflow_api_etl_virtualenv']) retrieved from /home/airflow/sandbox/lib/python3.8/site-packages/airflow/example_dags/tutorial_taskflow_api_etl_virtualenv.py
[2022-04-13 07:30:14,342] {logging_mixin.py:104} INFO - [2022-04-13 07:30:14,341] {dag.py:1832} INFO - Sync 1 DAGs
[2022-04-13 07:30:14,379] {logging_mixin.py:104} INFO - [2022-04-13 07:30:14,378] {dag.py:2305} INFO - Setting next_dagrun for tutorial_taskflow_api_etl_virtualenv to None
[2022-04-13 07:30:14,466] {scheduler_job.py:190} INFO - Processing /home/airflow/sandbox/lib/python3.8/site-packages/airflow/example_dags/tutorial_taskflow_api_etl_virtualenv.py took 1.987 seconds
[2022-04-13 07:30:46,261] {scheduler_job.py:182} INFO - Started process (PID=12288) to work on /home/airflow/sandbox/lib/python3.8/site-packages/airflow/example_dags/tutorial_taskflow_api_etl_virtualenv.py
[2022-04-13 07:30:46,264] {scheduler_job.py:633} INFO - Processing file /home/airflow/sandbox/lib/python3.8/site-packages/airflow/example_dags/tutorial_taskflow_api_etl_virtualenv.py for tasks to queue
[2022-04-13 07:30:46,284] {logging_mixin.py:104} INFO - [2022-04-13 07:30:46,283] {dagbag.py:487} INFO - Filling up the DagBag from /home/airflow/sandbox/lib/python3.8/site-packages/airflow/example_dags/tutorial_taskflow_api_etl_virtualenv.py
[2022-04-13 07:30:46,615] {scheduler_job.py:643} INFO - DAG(s) dict_keys(['tutorial_taskflow_api_etl_virtualenv']) retrieved from /home/airflow/sandbox/lib/python3.8/site-packages/airflow/example_dags/tutorial_taskflow_api_etl_virtualenv.py
[2022-04-13 07:30:47,986] {logging_mixin.py:104} INFO - [2022-04-13 07:30:47,986] {dag.py:1832} INFO - Sync 1 DAGs
[2022-04-13 07:30:48,072] {logging_mixin.py:104} INFO - [2022-04-13 07:30:48,071] {dag.py:2305} INFO - Setting next_dagrun for tutorial_taskflow_api_etl_virtualenv to None
[2022-04-13 07:30:48,221] {scheduler_job.py:190} INFO - Processing /home/airflow/sandbox/lib/python3.8/site-packages/airflow/example_dags/tutorial_taskflow_api_etl_virtualenv.py took 2.013 seconds
[2022-04-13 07:31:21,376] {scheduler_job.py:182} INFO - Started process (PID=12542) to work on /home/airflow/sandbox/lib/python3.8/site-packages/airflow/example_dags/tutorial_taskflow_api_etl_virtualenv.py
[2022-04-13 07:31:21,744] {scheduler_job.py:633} INFO - Processing file /home/airflow/sandbox/lib/python3.8/site-packages/airflow/example_dags/tutorial_taskflow_api_etl_virtualenv.py for tasks to queue
[2022-04-13 07:31:21,745] {logging_mixin.py:104} INFO - [2022-04-13 07:31:21,745] {dagbag.py:487} INFO - Filling up the DagBag from /home/airflow/sandbox/lib/python3.8/site-packages/airflow/example_dags/tutorial_taskflow_api_etl_virtualenv.py
[2022-04-13 07:31:21,795] {scheduler_job.py:643} INFO - DAG(s) dict_keys(['tutorial_taskflow_api_etl_virtualenv']) retrieved from /home/airflow/sandbox/lib/python3.8/site-packages/airflow/example_dags/tutorial_taskflow_api_etl_virtualenv.py
[2022-04-13 07:31:23,519] {logging_mixin.py:104} INFO - [2022-04-13 07:31:23,519] {dag.py:1832} INFO - Sync 1 DAGs
[2022-04-13 07:31:23,568] {logging_mixin.py:104} INFO - [2022-04-13 07:31:23,567] {dag.py:2305} INFO - Setting next_dagrun for tutorial_taskflow_api_etl_virtualenv to None
[2022-04-13 07:31:23,708] {scheduler_job.py:190} INFO - Processing /home/airflow/sandbox/lib/python3.8/site-packages/airflow/example_dags/tutorial_taskflow_api_etl_virtualenv.py took 2.392 seconds
[2022-04-13 07:31:54,091] {scheduler_job.py:182} INFO - Started process (PID=12937) to work on /home/airflow/sandbox/lib/python3.8/site-packages/airflow/example_dags/tutorial_taskflow_api_etl_virtualenv.py
[2022-04-13 07:31:54,095] {scheduler_job.py:633} INFO - Processing file /home/airflow/sandbox/lib/python3.8/site-packages/airflow/example_dags/tutorial_taskflow_api_etl_virtualenv.py for tasks to queue
[2022-04-13 07:31:54,096] {logging_mixin.py:104} INFO - [2022-04-13 07:31:54,096] {dagbag.py:487} INFO - Filling up the DagBag from /home/airflow/sandbox/lib/python3.8/site-packages/airflow/example_dags/tutorial_taskflow_api_etl_virtualenv.py
[2022-04-13 07:31:54,154] {scheduler_job.py:643} INFO - DAG(s) dict_keys(['tutorial_taskflow_api_etl_virtualenv']) retrieved from /home/airflow/sandbox/lib/python3.8/site-packages/airflow/example_dags/tutorial_taskflow_api_etl_virtualenv.py
[2022-04-13 07:31:55,709] {logging_mixin.py:104} INFO - [2022-04-13 07:31:55,709] {dag.py:1832} INFO - Sync 1 DAGs
[2022-04-13 07:31:55,786] {logging_mixin.py:104} INFO - [2022-04-13 07:31:55,786] {dag.py:2305} INFO - Setting next_dagrun for tutorial_taskflow_api_etl_virtualenv to None
[2022-04-13 07:31:55,850] {scheduler_job.py:190} INFO - Processing /home/airflow/sandbox/lib/python3.8/site-packages/airflow/example_dags/tutorial_taskflow_api_etl_virtualenv.py took 1.767 seconds
[2022-04-13 07:32:26,580] {scheduler_job.py:182} INFO - Started process (PID=13167) to work on /home/airflow/sandbox/lib/python3.8/site-packages/airflow/example_dags/tutorial_taskflow_api_etl_virtualenv.py
[2022-04-13 07:32:26,585] {scheduler_job.py:633} INFO - Processing file /home/airflow/sandbox/lib/python3.8/site-packages/airflow/example_dags/tutorial_taskflow_api_etl_virtualenv.py for tasks to queue
[2022-04-13 07:32:26,593] {logging_mixin.py:104} INFO - [2022-04-13 07:32:26,590] {dagbag.py:487} INFO - Filling up the DagBag from /home/airflow/sandbox/lib/python3.8/site-packages/airflow/example_dags/tutorial_taskflow_api_etl_virtualenv.py
[2022-04-13 07:32:26,654] {scheduler_job.py:643} INFO - DAG(s) dict_keys(['tutorial_taskflow_api_etl_virtualenv']) retrieved from /home/airflow/sandbox/lib/python3.8/site-packages/airflow/example_dags/tutorial_taskflow_api_etl_virtualenv.py
[2022-04-13 07:32:28,000] {logging_mixin.py:104} INFO - [2022-04-13 07:32:28,000] {dag.py:1832} INFO - Sync 1 DAGs
[2022-04-13 07:32:28,062] {logging_mixin.py:104} INFO - [2022-04-13 07:32:28,062] {dag.py:2305} INFO - Setting next_dagrun for tutorial_taskflow_api_etl_virtualenv to None
[2022-04-13 07:32:28,132] {scheduler_job.py:190} INFO - Processing /home/airflow/sandbox/lib/python3.8/site-packages/airflow/example_dags/tutorial_taskflow_api_etl_virtualenv.py took 1.582 seconds
