[2022-04-13 07:09:15,408] {scheduler_job.py:182} INFO - Started process (PID=2659) to work on /home/airflow/sandbox/lib/python3.8/site-packages/airflow/example_dags/tutorial.py
[2022-04-13 07:09:15,409] {scheduler_job.py:633} INFO - Processing file /home/airflow/sandbox/lib/python3.8/site-packages/airflow/example_dags/tutorial.py for tasks to queue
[2022-04-13 07:09:15,410] {logging_mixin.py:104} INFO - [2022-04-13 07:09:15,410] {dagbag.py:487} INFO - Filling up the DagBag from /home/airflow/sandbox/lib/python3.8/site-packages/airflow/example_dags/tutorial.py
[2022-04-13 07:09:15,508] {scheduler_job.py:643} INFO - DAG(s) dict_keys(['tutorial']) retrieved from /home/airflow/sandbox/lib/python3.8/site-packages/airflow/example_dags/tutorial.py
[2022-04-13 07:09:18,547] {logging_mixin.py:104} INFO - [2022-04-13 07:09:18,546] {dag.py:1832} INFO - Sync 1 DAGs
[2022-04-13 07:09:18,603] {logging_mixin.py:104} INFO - [2022-04-13 07:09:18,603] {dag.py:2305} INFO - Setting next_dagrun for tutorial to 2022-04-11 00:00:00+00:00
[2022-04-13 07:09:18,653] {scheduler_job.py:190} INFO - Processing /home/airflow/sandbox/lib/python3.8/site-packages/airflow/example_dags/tutorial.py took 3.263 seconds
[2022-04-13 07:09:48,763] {scheduler_job.py:182} INFO - Started process (PID=3428) to work on /home/airflow/sandbox/lib/python3.8/site-packages/airflow/example_dags/tutorial.py
[2022-04-13 07:09:48,766] {scheduler_job.py:633} INFO - Processing file /home/airflow/sandbox/lib/python3.8/site-packages/airflow/example_dags/tutorial.py for tasks to queue
[2022-04-13 07:09:48,767] {logging_mixin.py:104} INFO - [2022-04-13 07:09:48,767] {dagbag.py:487} INFO - Filling up the DagBag from /home/airflow/sandbox/lib/python3.8/site-packages/airflow/example_dags/tutorial.py
[2022-04-13 07:09:48,797] {scheduler_job.py:643} INFO - DAG(s) dict_keys(['tutorial']) retrieved from /home/airflow/sandbox/lib/python3.8/site-packages/airflow/example_dags/tutorial.py
[2022-04-13 07:09:48,885] {logging_mixin.py:104} INFO - [2022-04-13 07:09:48,884] {dag.py:1832} INFO - Sync 1 DAGs
[2022-04-13 07:09:48,922] {logging_mixin.py:104} INFO - [2022-04-13 07:09:48,921] {dag.py:2305} INFO - Setting next_dagrun for tutorial to 2022-04-11 00:00:00+00:00
[2022-04-13 07:09:48,942] {scheduler_job.py:190} INFO - Processing /home/airflow/sandbox/lib/python3.8/site-packages/airflow/example_dags/tutorial.py took 0.189 seconds
[2022-04-13 07:14:33,004] {scheduler_job.py:182} INFO - Started process (PID=5053) to work on /home/airflow/sandbox/lib/python3.8/site-packages/airflow/example_dags/tutorial.py
[2022-04-13 07:14:33,045] {scheduler_job.py:633} INFO - Processing file /home/airflow/sandbox/lib/python3.8/site-packages/airflow/example_dags/tutorial.py for tasks to queue
[2022-04-13 07:14:33,051] {logging_mixin.py:104} INFO - [2022-04-13 07:14:33,050] {dagbag.py:487} INFO - Filling up the DagBag from /home/airflow/sandbox/lib/python3.8/site-packages/airflow/example_dags/tutorial.py
[2022-04-13 07:14:33,158] {scheduler_job.py:643} INFO - DAG(s) dict_keys(['tutorial']) retrieved from /home/airflow/sandbox/lib/python3.8/site-packages/airflow/example_dags/tutorial.py
[2022-04-13 07:14:33,277] {logging_mixin.py:104} INFO - [2022-04-13 07:14:33,277] {dag.py:1832} INFO - Sync 1 DAGs
[2022-04-13 07:14:33,366] {logging_mixin.py:104} INFO - [2022-04-13 07:14:33,365] {dag.py:2305} INFO - Setting next_dagrun for tutorial to 2022-04-11 00:00:00+00:00
[2022-04-13 07:14:33,501] {scheduler_job.py:190} INFO - Processing /home/airflow/sandbox/lib/python3.8/site-packages/airflow/example_dags/tutorial.py took 0.508 seconds
[2022-04-13 07:15:03,865] {scheduler_job.py:182} INFO - Started process (PID=5381) to work on /home/airflow/sandbox/lib/python3.8/site-packages/airflow/example_dags/tutorial.py
[2022-04-13 07:15:03,894] {scheduler_job.py:633} INFO - Processing file /home/airflow/sandbox/lib/python3.8/site-packages/airflow/example_dags/tutorial.py for tasks to queue
[2022-04-13 07:15:03,896] {logging_mixin.py:104} INFO - [2022-04-13 07:15:03,896] {dagbag.py:487} INFO - Filling up the DagBag from /home/airflow/sandbox/lib/python3.8/site-packages/airflow/example_dags/tutorial.py
[2022-04-13 07:15:04,020] {scheduler_job.py:643} INFO - DAG(s) dict_keys(['tutorial']) retrieved from /home/airflow/sandbox/lib/python3.8/site-packages/airflow/example_dags/tutorial.py
[2022-04-13 07:15:04,258] {logging_mixin.py:104} INFO - [2022-04-13 07:15:04,258] {dag.py:1832} INFO - Sync 1 DAGs
[2022-04-13 07:15:04,392] {logging_mixin.py:104} INFO - [2022-04-13 07:15:04,392] {dag.py:2305} INFO - Setting next_dagrun for tutorial to 2022-04-11 00:00:00+00:00
[2022-04-13 07:15:04,470] {scheduler_job.py:190} INFO - Processing /home/airflow/sandbox/lib/python3.8/site-packages/airflow/example_dags/tutorial.py took 0.618 seconds
[2022-04-13 07:15:34,871] {scheduler_job.py:182} INFO - Started process (PID=5742) to work on /home/airflow/sandbox/lib/python3.8/site-packages/airflow/example_dags/tutorial.py
[2022-04-13 07:15:34,874] {scheduler_job.py:633} INFO - Processing file /home/airflow/sandbox/lib/python3.8/site-packages/airflow/example_dags/tutorial.py for tasks to queue
[2022-04-13 07:15:34,875] {logging_mixin.py:104} INFO - [2022-04-13 07:15:34,875] {dagbag.py:487} INFO - Filling up the DagBag from /home/airflow/sandbox/lib/python3.8/site-packages/airflow/example_dags/tutorial.py
[2022-04-13 07:15:34,999] {scheduler_job.py:643} INFO - DAG(s) dict_keys(['tutorial']) retrieved from /home/airflow/sandbox/lib/python3.8/site-packages/airflow/example_dags/tutorial.py
[2022-04-13 07:15:35,128] {logging_mixin.py:104} INFO - [2022-04-13 07:15:35,128] {dag.py:1832} INFO - Sync 1 DAGs
[2022-04-13 07:15:35,216] {logging_mixin.py:104} INFO - [2022-04-13 07:15:35,215] {dag.py:2305} INFO - Setting next_dagrun for tutorial to 2022-04-11 00:00:00+00:00
[2022-04-13 07:15:35,409] {scheduler_job.py:190} INFO - Processing /home/airflow/sandbox/lib/python3.8/site-packages/airflow/example_dags/tutorial.py took 0.589 seconds
[2022-04-13 07:16:11,682] {scheduler_job.py:182} INFO - Started process (PID=5972) to work on /home/airflow/sandbox/lib/python3.8/site-packages/airflow/example_dags/tutorial.py
[2022-04-13 07:16:11,685] {scheduler_job.py:633} INFO - Processing file /home/airflow/sandbox/lib/python3.8/site-packages/airflow/example_dags/tutorial.py for tasks to queue
[2022-04-13 07:16:11,686] {logging_mixin.py:104} INFO - [2022-04-13 07:16:11,686] {dagbag.py:487} INFO - Filling up the DagBag from /home/airflow/sandbox/lib/python3.8/site-packages/airflow/example_dags/tutorial.py
[2022-04-13 07:16:11,773] {scheduler_job.py:643} INFO - DAG(s) dict_keys(['tutorial']) retrieved from /home/airflow/sandbox/lib/python3.8/site-packages/airflow/example_dags/tutorial.py
[2022-04-13 07:16:11,966] {logging_mixin.py:104} INFO - [2022-04-13 07:16:11,966] {dag.py:1832} INFO - Sync 1 DAGs
[2022-04-13 07:16:12,077] {logging_mixin.py:104} INFO - [2022-04-13 07:16:12,076] {dag.py:2305} INFO - Setting next_dagrun for tutorial to 2022-04-11 00:00:00+00:00
[2022-04-13 07:16:12,296] {scheduler_job.py:190} INFO - Processing /home/airflow/sandbox/lib/python3.8/site-packages/airflow/example_dags/tutorial.py took 0.626 seconds
[2022-04-13 07:16:43,445] {scheduler_job.py:182} INFO - Started process (PID=6205) to work on /home/airflow/sandbox/lib/python3.8/site-packages/airflow/example_dags/tutorial.py
[2022-04-13 07:16:43,455] {scheduler_job.py:633} INFO - Processing file /home/airflow/sandbox/lib/python3.8/site-packages/airflow/example_dags/tutorial.py for tasks to queue
[2022-04-13 07:16:43,463] {logging_mixin.py:104} INFO - [2022-04-13 07:16:43,463] {dagbag.py:487} INFO - Filling up the DagBag from /home/airflow/sandbox/lib/python3.8/site-packages/airflow/example_dags/tutorial.py
[2022-04-13 07:16:43,498] {scheduler_job.py:643} INFO - DAG(s) dict_keys(['tutorial']) retrieved from /home/airflow/sandbox/lib/python3.8/site-packages/airflow/example_dags/tutorial.py
[2022-04-13 07:16:43,718] {logging_mixin.py:104} INFO - [2022-04-13 07:16:43,717] {dag.py:1832} INFO - Sync 1 DAGs
[2022-04-13 07:16:43,812] {logging_mixin.py:104} INFO - [2022-04-13 07:16:43,812] {dag.py:2305} INFO - Setting next_dagrun for tutorial to 2022-04-11 00:00:00+00:00
[2022-04-13 07:16:43,919] {scheduler_job.py:190} INFO - Processing /home/airflow/sandbox/lib/python3.8/site-packages/airflow/example_dags/tutorial.py took 0.482 seconds
[2022-04-13 07:17:14,955] {scheduler_job.py:182} INFO - Started process (PID=6407) to work on /home/airflow/sandbox/lib/python3.8/site-packages/airflow/example_dags/tutorial.py
[2022-04-13 07:17:14,974] {scheduler_job.py:633} INFO - Processing file /home/airflow/sandbox/lib/python3.8/site-packages/airflow/example_dags/tutorial.py for tasks to queue
[2022-04-13 07:17:14,976] {logging_mixin.py:104} INFO - [2022-04-13 07:17:14,975] {dagbag.py:487} INFO - Filling up the DagBag from /home/airflow/sandbox/lib/python3.8/site-packages/airflow/example_dags/tutorial.py
[2022-04-13 07:17:15,038] {scheduler_job.py:643} INFO - DAG(s) dict_keys(['tutorial']) retrieved from /home/airflow/sandbox/lib/python3.8/site-packages/airflow/example_dags/tutorial.py
[2022-04-13 07:17:15,241] {logging_mixin.py:104} INFO - [2022-04-13 07:17:15,241] {dag.py:1832} INFO - Sync 1 DAGs
[2022-04-13 07:17:15,334] {logging_mixin.py:104} INFO - [2022-04-13 07:17:15,333] {dag.py:2305} INFO - Setting next_dagrun for tutorial to 2022-04-11 00:00:00+00:00
[2022-04-13 07:17:15,520] {scheduler_job.py:190} INFO - Processing /home/airflow/sandbox/lib/python3.8/site-packages/airflow/example_dags/tutorial.py took 0.575 seconds
[2022-04-13 07:17:45,679] {scheduler_job.py:182} INFO - Started process (PID=6601) to work on /home/airflow/sandbox/lib/python3.8/site-packages/airflow/example_dags/tutorial.py
[2022-04-13 07:17:45,732] {scheduler_job.py:633} INFO - Processing file /home/airflow/sandbox/lib/python3.8/site-packages/airflow/example_dags/tutorial.py for tasks to queue
[2022-04-13 07:17:45,735] {logging_mixin.py:104} INFO - [2022-04-13 07:17:45,734] {dagbag.py:487} INFO - Filling up the DagBag from /home/airflow/sandbox/lib/python3.8/site-packages/airflow/example_dags/tutorial.py
[2022-04-13 07:17:45,763] {scheduler_job.py:643} INFO - DAG(s) dict_keys(['tutorial']) retrieved from /home/airflow/sandbox/lib/python3.8/site-packages/airflow/example_dags/tutorial.py
[2022-04-13 07:17:45,852] {logging_mixin.py:104} INFO - [2022-04-13 07:17:45,851] {dag.py:1832} INFO - Sync 1 DAGs
[2022-04-13 07:17:45,904] {logging_mixin.py:104} INFO - [2022-04-13 07:17:45,904] {dag.py:2305} INFO - Setting next_dagrun for tutorial to 2022-04-11 00:00:00+00:00
[2022-04-13 07:17:45,944] {scheduler_job.py:190} INFO - Processing /home/airflow/sandbox/lib/python3.8/site-packages/airflow/example_dags/tutorial.py took 0.276 seconds
[2022-04-13 07:18:16,309] {scheduler_job.py:182} INFO - Started process (PID=6798) to work on /home/airflow/sandbox/lib/python3.8/site-packages/airflow/example_dags/tutorial.py
[2022-04-13 07:18:16,322] {scheduler_job.py:633} INFO - Processing file /home/airflow/sandbox/lib/python3.8/site-packages/airflow/example_dags/tutorial.py for tasks to queue
[2022-04-13 07:18:16,341] {logging_mixin.py:104} INFO - [2022-04-13 07:18:16,341] {dagbag.py:487} INFO - Filling up the DagBag from /home/airflow/sandbox/lib/python3.8/site-packages/airflow/example_dags/tutorial.py
[2022-04-13 07:18:16,395] {scheduler_job.py:643} INFO - DAG(s) dict_keys(['tutorial']) retrieved from /home/airflow/sandbox/lib/python3.8/site-packages/airflow/example_dags/tutorial.py
[2022-04-13 07:18:16,562] {logging_mixin.py:104} INFO - [2022-04-13 07:18:16,561] {dag.py:1832} INFO - Sync 1 DAGs
[2022-04-13 07:18:16,627] {logging_mixin.py:104} INFO - [2022-04-13 07:18:16,627] {dag.py:2305} INFO - Setting next_dagrun for tutorial to 2022-04-11 00:00:00+00:00
[2022-04-13 07:18:16,702] {scheduler_job.py:190} INFO - Processing /home/airflow/sandbox/lib/python3.8/site-packages/airflow/example_dags/tutorial.py took 0.416 seconds
[2022-04-13 07:18:47,457] {scheduler_job.py:182} INFO - Started process (PID=6996) to work on /home/airflow/sandbox/lib/python3.8/site-packages/airflow/example_dags/tutorial.py
[2022-04-13 07:18:47,466] {scheduler_job.py:633} INFO - Processing file /home/airflow/sandbox/lib/python3.8/site-packages/airflow/example_dags/tutorial.py for tasks to queue
[2022-04-13 07:18:47,469] {logging_mixin.py:104} INFO - [2022-04-13 07:18:47,469] {dagbag.py:487} INFO - Filling up the DagBag from /home/airflow/sandbox/lib/python3.8/site-packages/airflow/example_dags/tutorial.py
[2022-04-13 07:18:47,550] {scheduler_job.py:643} INFO - DAG(s) dict_keys(['tutorial']) retrieved from /home/airflow/sandbox/lib/python3.8/site-packages/airflow/example_dags/tutorial.py
[2022-04-13 07:18:47,686] {logging_mixin.py:104} INFO - [2022-04-13 07:18:47,686] {dag.py:1832} INFO - Sync 1 DAGs
[2022-04-13 07:18:47,763] {logging_mixin.py:104} INFO - [2022-04-13 07:18:47,762] {dag.py:2305} INFO - Setting next_dagrun for tutorial to 2022-04-11 00:00:00+00:00
[2022-04-13 07:18:47,825] {scheduler_job.py:190} INFO - Processing /home/airflow/sandbox/lib/python3.8/site-packages/airflow/example_dags/tutorial.py took 0.391 seconds
[2022-04-13 07:19:18,357] {scheduler_job.py:182} INFO - Started process (PID=7200) to work on /home/airflow/sandbox/lib/python3.8/site-packages/airflow/example_dags/tutorial.py
[2022-04-13 07:19:18,380] {scheduler_job.py:633} INFO - Processing file /home/airflow/sandbox/lib/python3.8/site-packages/airflow/example_dags/tutorial.py for tasks to queue
[2022-04-13 07:19:18,389] {logging_mixin.py:104} INFO - [2022-04-13 07:19:18,388] {dagbag.py:487} INFO - Filling up the DagBag from /home/airflow/sandbox/lib/python3.8/site-packages/airflow/example_dags/tutorial.py
[2022-04-13 07:19:18,497] {scheduler_job.py:643} INFO - DAG(s) dict_keys(['tutorial']) retrieved from /home/airflow/sandbox/lib/python3.8/site-packages/airflow/example_dags/tutorial.py
[2022-04-13 07:19:18,705] {logging_mixin.py:104} INFO - [2022-04-13 07:19:18,704] {dag.py:1832} INFO - Sync 1 DAGs
[2022-04-13 07:19:18,837] {logging_mixin.py:104} INFO - [2022-04-13 07:19:18,837] {dag.py:2305} INFO - Setting next_dagrun for tutorial to 2022-04-11 00:00:00+00:00
[2022-04-13 07:19:18,943] {scheduler_job.py:190} INFO - Processing /home/airflow/sandbox/lib/python3.8/site-packages/airflow/example_dags/tutorial.py took 0.654 seconds
[2022-04-13 07:19:50,218] {scheduler_job.py:182} INFO - Started process (PID=7642) to work on /home/airflow/sandbox/lib/python3.8/site-packages/airflow/example_dags/tutorial.py
[2022-04-13 07:19:50,221] {scheduler_job.py:633} INFO - Processing file /home/airflow/sandbox/lib/python3.8/site-packages/airflow/example_dags/tutorial.py for tasks to queue
[2022-04-13 07:19:50,223] {logging_mixin.py:104} INFO - [2022-04-13 07:19:50,223] {dagbag.py:487} INFO - Filling up the DagBag from /home/airflow/sandbox/lib/python3.8/site-packages/airflow/example_dags/tutorial.py
[2022-04-13 07:19:50,309] {scheduler_job.py:643} INFO - DAG(s) dict_keys(['tutorial']) retrieved from /home/airflow/sandbox/lib/python3.8/site-packages/airflow/example_dags/tutorial.py
[2022-04-13 07:19:50,442] {logging_mixin.py:104} INFO - [2022-04-13 07:19:50,442] {dag.py:1832} INFO - Sync 1 DAGs
[2022-04-13 07:19:50,499] {logging_mixin.py:104} INFO - [2022-04-13 07:19:50,499] {dag.py:2305} INFO - Setting next_dagrun for tutorial to 2022-04-11 00:00:00+00:00
[2022-04-13 07:19:50,591] {scheduler_job.py:190} INFO - Processing /home/airflow/sandbox/lib/python3.8/site-packages/airflow/example_dags/tutorial.py took 0.411 seconds
[2022-04-13 07:20:21,704] {scheduler_job.py:182} INFO - Started process (PID=7850) to work on /home/airflow/sandbox/lib/python3.8/site-packages/airflow/example_dags/tutorial.py
[2022-04-13 07:20:21,729] {scheduler_job.py:633} INFO - Processing file /home/airflow/sandbox/lib/python3.8/site-packages/airflow/example_dags/tutorial.py for tasks to queue
[2022-04-13 07:20:21,730] {logging_mixin.py:104} INFO - [2022-04-13 07:20:21,730] {dagbag.py:487} INFO - Filling up the DagBag from /home/airflow/sandbox/lib/python3.8/site-packages/airflow/example_dags/tutorial.py
[2022-04-13 07:20:21,770] {scheduler_job.py:643} INFO - DAG(s) dict_keys(['tutorial']) retrieved from /home/airflow/sandbox/lib/python3.8/site-packages/airflow/example_dags/tutorial.py
[2022-04-13 07:20:21,952] {logging_mixin.py:104} INFO - [2022-04-13 07:20:21,952] {dag.py:1832} INFO - Sync 1 DAGs
[2022-04-13 07:20:22,070] {logging_mixin.py:104} INFO - [2022-04-13 07:20:22,070] {dag.py:2305} INFO - Setting next_dagrun for tutorial to 2022-04-11 00:00:00+00:00
[2022-04-13 07:20:22,223] {scheduler_job.py:190} INFO - Processing /home/airflow/sandbox/lib/python3.8/site-packages/airflow/example_dags/tutorial.py took 0.541 seconds
[2022-04-13 07:20:52,400] {scheduler_job.py:182} INFO - Started process (PID=8039) to work on /home/airflow/sandbox/lib/python3.8/site-packages/airflow/example_dags/tutorial.py
[2022-04-13 07:20:52,414] {scheduler_job.py:633} INFO - Processing file /home/airflow/sandbox/lib/python3.8/site-packages/airflow/example_dags/tutorial.py for tasks to queue
[2022-04-13 07:20:52,424] {logging_mixin.py:104} INFO - [2022-04-13 07:20:52,423] {dagbag.py:487} INFO - Filling up the DagBag from /home/airflow/sandbox/lib/python3.8/site-packages/airflow/example_dags/tutorial.py
[2022-04-13 07:20:52,450] {scheduler_job.py:643} INFO - DAG(s) dict_keys(['tutorial']) retrieved from /home/airflow/sandbox/lib/python3.8/site-packages/airflow/example_dags/tutorial.py
[2022-04-13 07:20:52,650] {logging_mixin.py:104} INFO - [2022-04-13 07:20:52,649] {dag.py:1832} INFO - Sync 1 DAGs
[2022-04-13 07:20:52,747] {logging_mixin.py:104} INFO - [2022-04-13 07:20:52,747] {dag.py:2305} INFO - Setting next_dagrun for tutorial to 2022-04-11 00:00:00+00:00
[2022-04-13 07:20:52,880] {scheduler_job.py:190} INFO - Processing /home/airflow/sandbox/lib/python3.8/site-packages/airflow/example_dags/tutorial.py took 0.486 seconds
[2022-04-13 07:21:23,817] {scheduler_job.py:182} INFO - Started process (PID=8238) to work on /home/airflow/sandbox/lib/python3.8/site-packages/airflow/example_dags/tutorial.py
[2022-04-13 07:21:23,839] {scheduler_job.py:633} INFO - Processing file /home/airflow/sandbox/lib/python3.8/site-packages/airflow/example_dags/tutorial.py for tasks to queue
[2022-04-13 07:21:23,842] {logging_mixin.py:104} INFO - [2022-04-13 07:21:23,842] {dagbag.py:487} INFO - Filling up the DagBag from /home/airflow/sandbox/lib/python3.8/site-packages/airflow/example_dags/tutorial.py
[2022-04-13 07:21:23,890] {scheduler_job.py:643} INFO - DAG(s) dict_keys(['tutorial']) retrieved from /home/airflow/sandbox/lib/python3.8/site-packages/airflow/example_dags/tutorial.py
[2022-04-13 07:21:24,026] {logging_mixin.py:104} INFO - [2022-04-13 07:21:24,026] {dag.py:1832} INFO - Sync 1 DAGs
[2022-04-13 07:21:24,100] {logging_mixin.py:104} INFO - [2022-04-13 07:21:24,099] {dag.py:2305} INFO - Setting next_dagrun for tutorial to 2022-04-11 00:00:00+00:00
[2022-04-13 07:21:24,366] {scheduler_job.py:190} INFO - Processing /home/airflow/sandbox/lib/python3.8/site-packages/airflow/example_dags/tutorial.py took 0.558 seconds
[2022-04-13 07:21:54,478] {scheduler_job.py:182} INFO - Started process (PID=8437) to work on /home/airflow/sandbox/lib/python3.8/site-packages/airflow/example_dags/tutorial.py
[2022-04-13 07:21:54,486] {scheduler_job.py:633} INFO - Processing file /home/airflow/sandbox/lib/python3.8/site-packages/airflow/example_dags/tutorial.py for tasks to queue
[2022-04-13 07:21:54,488] {logging_mixin.py:104} INFO - [2022-04-13 07:21:54,488] {dagbag.py:487} INFO - Filling up the DagBag from /home/airflow/sandbox/lib/python3.8/site-packages/airflow/example_dags/tutorial.py
[2022-04-13 07:21:54,538] {scheduler_job.py:643} INFO - DAG(s) dict_keys(['tutorial']) retrieved from /home/airflow/sandbox/lib/python3.8/site-packages/airflow/example_dags/tutorial.py
[2022-04-13 07:21:54,683] {logging_mixin.py:104} INFO - [2022-04-13 07:21:54,683] {dag.py:1832} INFO - Sync 1 DAGs
[2022-04-13 07:21:54,779] {logging_mixin.py:104} INFO - [2022-04-13 07:21:54,778] {dag.py:2305} INFO - Setting next_dagrun for tutorial to 2022-04-11 00:00:00+00:00
[2022-04-13 07:21:54,933] {scheduler_job.py:190} INFO - Processing /home/airflow/sandbox/lib/python3.8/site-packages/airflow/example_dags/tutorial.py took 0.474 seconds
[2022-04-13 07:22:25,425] {scheduler_job.py:182} INFO - Started process (PID=8636) to work on /home/airflow/sandbox/lib/python3.8/site-packages/airflow/example_dags/tutorial.py
[2022-04-13 07:22:25,440] {scheduler_job.py:633} INFO - Processing file /home/airflow/sandbox/lib/python3.8/site-packages/airflow/example_dags/tutorial.py for tasks to queue
[2022-04-13 07:22:25,451] {logging_mixin.py:104} INFO - [2022-04-13 07:22:25,451] {dagbag.py:487} INFO - Filling up the DagBag from /home/airflow/sandbox/lib/python3.8/site-packages/airflow/example_dags/tutorial.py
[2022-04-13 07:22:25,508] {scheduler_job.py:643} INFO - DAG(s) dict_keys(['tutorial']) retrieved from /home/airflow/sandbox/lib/python3.8/site-packages/airflow/example_dags/tutorial.py
[2022-04-13 07:22:25,654] {logging_mixin.py:104} INFO - [2022-04-13 07:22:25,653] {dag.py:1832} INFO - Sync 1 DAGs
[2022-04-13 07:22:25,724] {logging_mixin.py:104} INFO - [2022-04-13 07:22:25,724] {dag.py:2305} INFO - Setting next_dagrun for tutorial to 2022-04-11 00:00:00+00:00
[2022-04-13 07:22:25,783] {scheduler_job.py:190} INFO - Processing /home/airflow/sandbox/lib/python3.8/site-packages/airflow/example_dags/tutorial.py took 0.368 seconds
[2022-04-13 07:22:56,047] {scheduler_job.py:182} INFO - Started process (PID=8836) to work on /home/airflow/sandbox/lib/python3.8/site-packages/airflow/example_dags/tutorial.py
[2022-04-13 07:22:56,050] {scheduler_job.py:633} INFO - Processing file /home/airflow/sandbox/lib/python3.8/site-packages/airflow/example_dags/tutorial.py for tasks to queue
[2022-04-13 07:22:56,052] {logging_mixin.py:104} INFO - [2022-04-13 07:22:56,051] {dagbag.py:487} INFO - Filling up the DagBag from /home/airflow/sandbox/lib/python3.8/site-packages/airflow/example_dags/tutorial.py
[2022-04-13 07:22:56,079] {scheduler_job.py:643} INFO - DAG(s) dict_keys(['tutorial']) retrieved from /home/airflow/sandbox/lib/python3.8/site-packages/airflow/example_dags/tutorial.py
[2022-04-13 07:22:56,157] {logging_mixin.py:104} INFO - [2022-04-13 07:22:56,156] {dag.py:1832} INFO - Sync 1 DAGs
[2022-04-13 07:22:56,207] {logging_mixin.py:104} INFO - [2022-04-13 07:22:56,207] {dag.py:2305} INFO - Setting next_dagrun for tutorial to 2022-04-11 00:00:00+00:00
[2022-04-13 07:22:56,264] {scheduler_job.py:190} INFO - Processing /home/airflow/sandbox/lib/python3.8/site-packages/airflow/example_dags/tutorial.py took 0.228 seconds
[2022-04-13 07:23:26,959] {scheduler_job.py:182} INFO - Started process (PID=9036) to work on /home/airflow/sandbox/lib/python3.8/site-packages/airflow/example_dags/tutorial.py
[2022-04-13 07:23:26,962] {scheduler_job.py:633} INFO - Processing file /home/airflow/sandbox/lib/python3.8/site-packages/airflow/example_dags/tutorial.py for tasks to queue
[2022-04-13 07:23:26,966] {logging_mixin.py:104} INFO - [2022-04-13 07:23:26,966] {dagbag.py:487} INFO - Filling up the DagBag from /home/airflow/sandbox/lib/python3.8/site-packages/airflow/example_dags/tutorial.py
[2022-04-13 07:23:27,005] {scheduler_job.py:643} INFO - DAG(s) dict_keys(['tutorial']) retrieved from /home/airflow/sandbox/lib/python3.8/site-packages/airflow/example_dags/tutorial.py
[2022-04-13 07:23:27,156] {logging_mixin.py:104} INFO - [2022-04-13 07:23:27,156] {dag.py:1832} INFO - Sync 1 DAGs
[2022-04-13 07:23:27,226] {logging_mixin.py:104} INFO - [2022-04-13 07:23:27,226] {dag.py:2305} INFO - Setting next_dagrun for tutorial to 2022-04-11 00:00:00+00:00
[2022-04-13 07:23:27,347] {scheduler_job.py:190} INFO - Processing /home/airflow/sandbox/lib/python3.8/site-packages/airflow/example_dags/tutorial.py took 0.414 seconds
[2022-04-13 07:23:57,590] {scheduler_job.py:182} INFO - Started process (PID=9235) to work on /home/airflow/sandbox/lib/python3.8/site-packages/airflow/example_dags/tutorial.py
[2022-04-13 07:23:57,594] {scheduler_job.py:633} INFO - Processing file /home/airflow/sandbox/lib/python3.8/site-packages/airflow/example_dags/tutorial.py for tasks to queue
[2022-04-13 07:23:57,596] {logging_mixin.py:104} INFO - [2022-04-13 07:23:57,595] {dagbag.py:487} INFO - Filling up the DagBag from /home/airflow/sandbox/lib/python3.8/site-packages/airflow/example_dags/tutorial.py
[2022-04-13 07:23:57,629] {scheduler_job.py:643} INFO - DAG(s) dict_keys(['tutorial']) retrieved from /home/airflow/sandbox/lib/python3.8/site-packages/airflow/example_dags/tutorial.py
[2022-04-13 07:23:57,704] {logging_mixin.py:104} INFO - [2022-04-13 07:23:57,704] {dag.py:1832} INFO - Sync 1 DAGs
[2022-04-13 07:23:57,748] {logging_mixin.py:104} INFO - [2022-04-13 07:23:57,748] {dag.py:2305} INFO - Setting next_dagrun for tutorial to 2022-04-11 00:00:00+00:00
[2022-04-13 07:23:57,775] {scheduler_job.py:190} INFO - Processing /home/airflow/sandbox/lib/python3.8/site-packages/airflow/example_dags/tutorial.py took 0.195 seconds
[2022-04-13 07:24:28,349] {scheduler_job.py:182} INFO - Started process (PID=9675) to work on /home/airflow/sandbox/lib/python3.8/site-packages/airflow/example_dags/tutorial.py
[2022-04-13 07:24:28,359] {scheduler_job.py:633} INFO - Processing file /home/airflow/sandbox/lib/python3.8/site-packages/airflow/example_dags/tutorial.py for tasks to queue
[2022-04-13 07:24:28,364] {logging_mixin.py:104} INFO - [2022-04-13 07:24:28,364] {dagbag.py:487} INFO - Filling up the DagBag from /home/airflow/sandbox/lib/python3.8/site-packages/airflow/example_dags/tutorial.py
[2022-04-13 07:24:28,416] {scheduler_job.py:643} INFO - DAG(s) dict_keys(['tutorial']) retrieved from /home/airflow/sandbox/lib/python3.8/site-packages/airflow/example_dags/tutorial.py
[2022-04-13 07:24:28,554] {logging_mixin.py:104} INFO - [2022-04-13 07:24:28,554] {dag.py:1832} INFO - Sync 1 DAGs
[2022-04-13 07:24:28,910] {logging_mixin.py:104} INFO - [2022-04-13 07:24:28,909] {dag.py:2305} INFO - Setting next_dagrun for tutorial to 2022-04-11 00:00:00+00:00
[2022-04-13 07:24:29,088] {scheduler_job.py:190} INFO - Processing /home/airflow/sandbox/lib/python3.8/site-packages/airflow/example_dags/tutorial.py took 0.748 seconds
[2022-04-13 07:25:00,258] {scheduler_job.py:182} INFO - Started process (PID=9876) to work on /home/airflow/sandbox/lib/python3.8/site-packages/airflow/example_dags/tutorial.py
[2022-04-13 07:25:00,262] {scheduler_job.py:633} INFO - Processing file /home/airflow/sandbox/lib/python3.8/site-packages/airflow/example_dags/tutorial.py for tasks to queue
[2022-04-13 07:25:00,264] {logging_mixin.py:104} INFO - [2022-04-13 07:25:00,264] {dagbag.py:487} INFO - Filling up the DagBag from /home/airflow/sandbox/lib/python3.8/site-packages/airflow/example_dags/tutorial.py
[2022-04-13 07:25:00,407] {scheduler_job.py:643} INFO - DAG(s) dict_keys(['tutorial']) retrieved from /home/airflow/sandbox/lib/python3.8/site-packages/airflow/example_dags/tutorial.py
[2022-04-13 07:25:00,491] {logging_mixin.py:104} INFO - [2022-04-13 07:25:00,490] {dag.py:1832} INFO - Sync 1 DAGs
[2022-04-13 07:25:00,775] {logging_mixin.py:104} INFO - [2022-04-13 07:25:00,775] {dag.py:2305} INFO - Setting next_dagrun for tutorial to 2022-04-11 00:00:00+00:00
[2022-04-13 07:25:01,005] {scheduler_job.py:190} INFO - Processing /home/airflow/sandbox/lib/python3.8/site-packages/airflow/example_dags/tutorial.py took 0.777 seconds
[2022-04-13 07:25:32,036] {scheduler_job.py:182} INFO - Started process (PID=10078) to work on /home/airflow/sandbox/lib/python3.8/site-packages/airflow/example_dags/tutorial.py
[2022-04-13 07:25:32,053] {scheduler_job.py:633} INFO - Processing file /home/airflow/sandbox/lib/python3.8/site-packages/airflow/example_dags/tutorial.py for tasks to queue
[2022-04-13 07:25:32,058] {logging_mixin.py:104} INFO - [2022-04-13 07:25:32,058] {dagbag.py:487} INFO - Filling up the DagBag from /home/airflow/sandbox/lib/python3.8/site-packages/airflow/example_dags/tutorial.py
[2022-04-13 07:25:32,107] {scheduler_job.py:643} INFO - DAG(s) dict_keys(['tutorial']) retrieved from /home/airflow/sandbox/lib/python3.8/site-packages/airflow/example_dags/tutorial.py
[2022-04-13 07:25:32,270] {logging_mixin.py:104} INFO - [2022-04-13 07:25:32,269] {dag.py:1832} INFO - Sync 1 DAGs
[2022-04-13 07:25:32,647] {logging_mixin.py:104} INFO - [2022-04-13 07:25:32,647] {dag.py:2305} INFO - Setting next_dagrun for tutorial to 2022-04-11 00:00:00+00:00
[2022-04-13 07:25:32,749] {scheduler_job.py:190} INFO - Processing /home/airflow/sandbox/lib/python3.8/site-packages/airflow/example_dags/tutorial.py took 0.725 seconds
[2022-04-13 07:26:03,373] {scheduler_job.py:182} INFO - Started process (PID=10278) to work on /home/airflow/sandbox/lib/python3.8/site-packages/airflow/example_dags/tutorial.py
[2022-04-13 07:26:03,389] {scheduler_job.py:633} INFO - Processing file /home/airflow/sandbox/lib/python3.8/site-packages/airflow/example_dags/tutorial.py for tasks to queue
[2022-04-13 07:26:03,392] {logging_mixin.py:104} INFO - [2022-04-13 07:26:03,391] {dagbag.py:487} INFO - Filling up the DagBag from /home/airflow/sandbox/lib/python3.8/site-packages/airflow/example_dags/tutorial.py
[2022-04-13 07:26:03,478] {scheduler_job.py:643} INFO - DAG(s) dict_keys(['tutorial']) retrieved from /home/airflow/sandbox/lib/python3.8/site-packages/airflow/example_dags/tutorial.py
[2022-04-13 07:26:03,613] {logging_mixin.py:104} INFO - [2022-04-13 07:26:03,613] {dag.py:1832} INFO - Sync 1 DAGs
[2022-04-13 07:26:03,981] {logging_mixin.py:104} INFO - [2022-04-13 07:26:03,981] {dag.py:2305} INFO - Setting next_dagrun for tutorial to 2022-04-11 00:00:00+00:00
[2022-04-13 07:26:04,132] {scheduler_job.py:190} INFO - Processing /home/airflow/sandbox/lib/python3.8/site-packages/airflow/example_dags/tutorial.py took 0.769 seconds
[2022-04-13 07:26:34,814] {scheduler_job.py:182} INFO - Started process (PID=10474) to work on /home/airflow/sandbox/lib/python3.8/site-packages/airflow/example_dags/tutorial.py
[2022-04-13 07:26:34,835] {scheduler_job.py:633} INFO - Processing file /home/airflow/sandbox/lib/python3.8/site-packages/airflow/example_dags/tutorial.py for tasks to queue
[2022-04-13 07:26:34,841] {logging_mixin.py:104} INFO - [2022-04-13 07:26:34,841] {dagbag.py:487} INFO - Filling up the DagBag from /home/airflow/sandbox/lib/python3.8/site-packages/airflow/example_dags/tutorial.py
[2022-04-13 07:26:34,889] {scheduler_job.py:643} INFO - DAG(s) dict_keys(['tutorial']) retrieved from /home/airflow/sandbox/lib/python3.8/site-packages/airflow/example_dags/tutorial.py
[2022-04-13 07:26:35,045] {logging_mixin.py:104} INFO - [2022-04-13 07:26:35,045] {dag.py:1832} INFO - Sync 1 DAGs
[2022-04-13 07:26:35,363] {logging_mixin.py:104} INFO - [2022-04-13 07:26:35,362] {dag.py:2305} INFO - Setting next_dagrun for tutorial to 2022-04-11 00:00:00+00:00
[2022-04-13 07:26:35,436] {scheduler_job.py:190} INFO - Processing /home/airflow/sandbox/lib/python3.8/site-packages/airflow/example_dags/tutorial.py took 0.631 seconds
[2022-04-13 07:27:06,209] {scheduler_job.py:182} INFO - Started process (PID=10673) to work on /home/airflow/sandbox/lib/python3.8/site-packages/airflow/example_dags/tutorial.py
[2022-04-13 07:27:06,212] {scheduler_job.py:633} INFO - Processing file /home/airflow/sandbox/lib/python3.8/site-packages/airflow/example_dags/tutorial.py for tasks to queue
[2022-04-13 07:27:06,214] {logging_mixin.py:104} INFO - [2022-04-13 07:27:06,213] {dagbag.py:487} INFO - Filling up the DagBag from /home/airflow/sandbox/lib/python3.8/site-packages/airflow/example_dags/tutorial.py
[2022-04-13 07:27:06,262] {scheduler_job.py:643} INFO - DAG(s) dict_keys(['tutorial']) retrieved from /home/airflow/sandbox/lib/python3.8/site-packages/airflow/example_dags/tutorial.py
[2022-04-13 07:27:06,445] {logging_mixin.py:104} INFO - [2022-04-13 07:27:06,444] {dag.py:1832} INFO - Sync 1 DAGs
[2022-04-13 07:27:06,513] {logging_mixin.py:104} INFO - [2022-04-13 07:27:06,513] {dag.py:2305} INFO - Setting next_dagrun for tutorial to 2022-04-11 00:00:00+00:00
[2022-04-13 07:27:06,759] {scheduler_job.py:190} INFO - Processing /home/airflow/sandbox/lib/python3.8/site-packages/airflow/example_dags/tutorial.py took 0.562 seconds
[2022-04-13 07:27:37,019] {scheduler_job.py:182} INFO - Started process (PID=10870) to work on /home/airflow/sandbox/lib/python3.8/site-packages/airflow/example_dags/tutorial.py
[2022-04-13 07:27:37,036] {scheduler_job.py:633} INFO - Processing file /home/airflow/sandbox/lib/python3.8/site-packages/airflow/example_dags/tutorial.py for tasks to queue
[2022-04-13 07:27:37,038] {logging_mixin.py:104} INFO - [2022-04-13 07:27:37,037] {dagbag.py:487} INFO - Filling up the DagBag from /home/airflow/sandbox/lib/python3.8/site-packages/airflow/example_dags/tutorial.py
[2022-04-13 07:27:37,070] {scheduler_job.py:643} INFO - DAG(s) dict_keys(['tutorial']) retrieved from /home/airflow/sandbox/lib/python3.8/site-packages/airflow/example_dags/tutorial.py
[2022-04-13 07:27:37,489] {logging_mixin.py:104} INFO - [2022-04-13 07:27:37,489] {dag.py:1832} INFO - Sync 1 DAGs
[2022-04-13 07:27:37,560] {logging_mixin.py:104} INFO - [2022-04-13 07:27:37,560] {dag.py:2305} INFO - Setting next_dagrun for tutorial to 2022-04-11 00:00:00+00:00
[2022-04-13 07:27:37,758] {scheduler_job.py:190} INFO - Processing /home/airflow/sandbox/lib/python3.8/site-packages/airflow/example_dags/tutorial.py took 0.749 seconds
[2022-04-13 07:28:08,552] {scheduler_job.py:182} INFO - Started process (PID=11069) to work on /home/airflow/sandbox/lib/python3.8/site-packages/airflow/example_dags/tutorial.py
[2022-04-13 07:28:08,561] {scheduler_job.py:633} INFO - Processing file /home/airflow/sandbox/lib/python3.8/site-packages/airflow/example_dags/tutorial.py for tasks to queue
[2022-04-13 07:28:08,571] {logging_mixin.py:104} INFO - [2022-04-13 07:28:08,571] {dagbag.py:487} INFO - Filling up the DagBag from /home/airflow/sandbox/lib/python3.8/site-packages/airflow/example_dags/tutorial.py
[2022-04-13 07:28:08,619] {scheduler_job.py:643} INFO - DAG(s) dict_keys(['tutorial']) retrieved from /home/airflow/sandbox/lib/python3.8/site-packages/airflow/example_dags/tutorial.py
[2022-04-13 07:28:09,192] {logging_mixin.py:104} INFO - [2022-04-13 07:28:09,192] {dag.py:1832} INFO - Sync 1 DAGs
[2022-04-13 07:28:09,319] {logging_mixin.py:104} INFO - [2022-04-13 07:28:09,319] {dag.py:2305} INFO - Setting next_dagrun for tutorial to 2022-04-11 00:00:00+00:00
[2022-04-13 07:28:09,523] {scheduler_job.py:190} INFO - Processing /home/airflow/sandbox/lib/python3.8/site-packages/airflow/example_dags/tutorial.py took 0.979 seconds
[2022-04-13 07:28:39,821] {scheduler_job.py:182} INFO - Started process (PID=11269) to work on /home/airflow/sandbox/lib/python3.8/site-packages/airflow/example_dags/tutorial.py
[2022-04-13 07:28:39,840] {scheduler_job.py:633} INFO - Processing file /home/airflow/sandbox/lib/python3.8/site-packages/airflow/example_dags/tutorial.py for tasks to queue
[2022-04-13 07:28:39,842] {logging_mixin.py:104} INFO - [2022-04-13 07:28:39,841] {dagbag.py:487} INFO - Filling up the DagBag from /home/airflow/sandbox/lib/python3.8/site-packages/airflow/example_dags/tutorial.py
[2022-04-13 07:28:39,905] {scheduler_job.py:643} INFO - DAG(s) dict_keys(['tutorial']) retrieved from /home/airflow/sandbox/lib/python3.8/site-packages/airflow/example_dags/tutorial.py
[2022-04-13 07:28:40,304] {logging_mixin.py:104} INFO - [2022-04-13 07:28:40,303] {dag.py:1832} INFO - Sync 1 DAGs
[2022-04-13 07:28:40,377] {logging_mixin.py:104} INFO - [2022-04-13 07:28:40,376] {dag.py:2305} INFO - Setting next_dagrun for tutorial to 2022-04-11 00:00:00+00:00
[2022-04-13 07:28:40,578] {scheduler_job.py:190} INFO - Processing /home/airflow/sandbox/lib/python3.8/site-packages/airflow/example_dags/tutorial.py took 0.768 seconds
[2022-04-13 07:29:10,685] {scheduler_job.py:182} INFO - Started process (PID=11465) to work on /home/airflow/sandbox/lib/python3.8/site-packages/airflow/example_dags/tutorial.py
[2022-04-13 07:29:10,688] {scheduler_job.py:633} INFO - Processing file /home/airflow/sandbox/lib/python3.8/site-packages/airflow/example_dags/tutorial.py for tasks to queue
[2022-04-13 07:29:10,690] {logging_mixin.py:104} INFO - [2022-04-13 07:29:10,689] {dagbag.py:487} INFO - Filling up the DagBag from /home/airflow/sandbox/lib/python3.8/site-packages/airflow/example_dags/tutorial.py
[2022-04-13 07:29:10,726] {scheduler_job.py:643} INFO - DAG(s) dict_keys(['tutorial']) retrieved from /home/airflow/sandbox/lib/python3.8/site-packages/airflow/example_dags/tutorial.py
[2022-04-13 07:29:10,938] {logging_mixin.py:104} INFO - [2022-04-13 07:29:10,938] {dag.py:1832} INFO - Sync 1 DAGs
[2022-04-13 07:29:10,967] {logging_mixin.py:104} INFO - [2022-04-13 07:29:10,967] {dag.py:2305} INFO - Setting next_dagrun for tutorial to 2022-04-11 00:00:00+00:00
[2022-04-13 07:29:10,991] {scheduler_job.py:190} INFO - Processing /home/airflow/sandbox/lib/python3.8/site-packages/airflow/example_dags/tutorial.py took 0.316 seconds
[2022-04-13 07:29:41,255] {scheduler_job.py:182} INFO - Started process (PID=11901) to work on /home/airflow/sandbox/lib/python3.8/site-packages/airflow/example_dags/tutorial.py
[2022-04-13 07:29:41,291] {scheduler_job.py:633} INFO - Processing file /home/airflow/sandbox/lib/python3.8/site-packages/airflow/example_dags/tutorial.py for tasks to queue
[2022-04-13 07:29:41,293] {logging_mixin.py:104} INFO - [2022-04-13 07:29:41,293] {dagbag.py:487} INFO - Filling up the DagBag from /home/airflow/sandbox/lib/python3.8/site-packages/airflow/example_dags/tutorial.py
[2022-04-13 07:29:41,651] {scheduler_job.py:643} INFO - DAG(s) dict_keys(['tutorial']) retrieved from /home/airflow/sandbox/lib/python3.8/site-packages/airflow/example_dags/tutorial.py
[2022-04-13 07:29:41,698] {logging_mixin.py:104} INFO - [2022-04-13 07:29:41,698] {dag.py:1832} INFO - Sync 1 DAGs
[2022-04-13 07:29:41,725] {logging_mixin.py:104} INFO - [2022-04-13 07:29:41,725] {dag.py:2305} INFO - Setting next_dagrun for tutorial to 2022-04-11 00:00:00+00:00
[2022-04-13 07:29:41,769] {scheduler_job.py:190} INFO - Processing /home/airflow/sandbox/lib/python3.8/site-packages/airflow/example_dags/tutorial.py took 0.528 seconds
[2022-04-13 07:30:14,546] {scheduler_job.py:182} INFO - Started process (PID=12098) to work on /home/airflow/sandbox/lib/python3.8/site-packages/airflow/example_dags/tutorial.py
[2022-04-13 07:30:14,550] {scheduler_job.py:633} INFO - Processing file /home/airflow/sandbox/lib/python3.8/site-packages/airflow/example_dags/tutorial.py for tasks to queue
[2022-04-13 07:30:14,552] {logging_mixin.py:104} INFO - [2022-04-13 07:30:14,552] {dagbag.py:487} INFO - Filling up the DagBag from /home/airflow/sandbox/lib/python3.8/site-packages/airflow/example_dags/tutorial.py
[2022-04-13 07:30:14,838] {scheduler_job.py:643} INFO - DAG(s) dict_keys(['tutorial']) retrieved from /home/airflow/sandbox/lib/python3.8/site-packages/airflow/example_dags/tutorial.py
[2022-04-13 07:30:14,908] {logging_mixin.py:104} INFO - [2022-04-13 07:30:14,908] {dag.py:1832} INFO - Sync 1 DAGs
[2022-04-13 07:30:14,950] {logging_mixin.py:104} INFO - [2022-04-13 07:30:14,950] {dag.py:2305} INFO - Setting next_dagrun for tutorial to 2022-04-11 00:00:00+00:00
[2022-04-13 07:30:14,984] {scheduler_job.py:190} INFO - Processing /home/airflow/sandbox/lib/python3.8/site-packages/airflow/example_dags/tutorial.py took 0.453 seconds
[2022-04-13 07:30:46,825] {scheduler_job.py:182} INFO - Started process (PID=12295) to work on /home/airflow/sandbox/lib/python3.8/site-packages/airflow/example_dags/tutorial.py
[2022-04-13 07:30:46,829] {scheduler_job.py:633} INFO - Processing file /home/airflow/sandbox/lib/python3.8/site-packages/airflow/example_dags/tutorial.py for tasks to queue
[2022-04-13 07:30:46,832] {logging_mixin.py:104} INFO - [2022-04-13 07:30:46,831] {dagbag.py:487} INFO - Filling up the DagBag from /home/airflow/sandbox/lib/python3.8/site-packages/airflow/example_dags/tutorial.py
[2022-04-13 07:30:47,196] {scheduler_job.py:643} INFO - DAG(s) dict_keys(['tutorial']) retrieved from /home/airflow/sandbox/lib/python3.8/site-packages/airflow/example_dags/tutorial.py
[2022-04-13 07:30:47,383] {logging_mixin.py:104} INFO - [2022-04-13 07:30:47,383] {dag.py:1832} INFO - Sync 1 DAGs
[2022-04-13 07:30:47,456] {logging_mixin.py:104} INFO - [2022-04-13 07:30:47,456] {dag.py:2305} INFO - Setting next_dagrun for tutorial to 2022-04-11 00:00:00+00:00
[2022-04-13 07:30:47,629] {scheduler_job.py:190} INFO - Processing /home/airflow/sandbox/lib/python3.8/site-packages/airflow/example_dags/tutorial.py took 0.825 seconds
[2022-04-13 07:31:21,921] {scheduler_job.py:182} INFO - Started process (PID=12549) to work on /home/airflow/sandbox/lib/python3.8/site-packages/airflow/example_dags/tutorial.py
[2022-04-13 07:31:22,466] {scheduler_job.py:633} INFO - Processing file /home/airflow/sandbox/lib/python3.8/site-packages/airflow/example_dags/tutorial.py for tasks to queue
[2022-04-13 07:31:22,480] {logging_mixin.py:104} INFO - [2022-04-13 07:31:22,480] {dagbag.py:487} INFO - Filling up the DagBag from /home/airflow/sandbox/lib/python3.8/site-packages/airflow/example_dags/tutorial.py
[2022-04-13 07:31:22,521] {scheduler_job.py:643} INFO - DAG(s) dict_keys(['tutorial']) retrieved from /home/airflow/sandbox/lib/python3.8/site-packages/airflow/example_dags/tutorial.py
[2022-04-13 07:31:22,679] {logging_mixin.py:104} INFO - [2022-04-13 07:31:22,678] {dag.py:1832} INFO - Sync 1 DAGs
[2022-04-13 07:31:22,793] {logging_mixin.py:104} INFO - [2022-04-13 07:31:22,792] {dag.py:2305} INFO - Setting next_dagrun for tutorial to 2022-04-11 00:00:00+00:00
[2022-04-13 07:31:22,885] {scheduler_job.py:190} INFO - Processing /home/airflow/sandbox/lib/python3.8/site-packages/airflow/example_dags/tutorial.py took 0.971 seconds
[2022-04-13 07:31:53,094] {scheduler_job.py:182} INFO - Started process (PID=12931) to work on /home/airflow/sandbox/lib/python3.8/site-packages/airflow/example_dags/tutorial.py
[2022-04-13 07:31:53,108] {scheduler_job.py:633} INFO - Processing file /home/airflow/sandbox/lib/python3.8/site-packages/airflow/example_dags/tutorial.py for tasks to queue
[2022-04-13 07:31:53,109] {logging_mixin.py:104} INFO - [2022-04-13 07:31:53,109] {dagbag.py:487} INFO - Filling up the DagBag from /home/airflow/sandbox/lib/python3.8/site-packages/airflow/example_dags/tutorial.py
[2022-04-13 07:31:53,139] {scheduler_job.py:643} INFO - DAG(s) dict_keys(['tutorial']) retrieved from /home/airflow/sandbox/lib/python3.8/site-packages/airflow/example_dags/tutorial.py
[2022-04-13 07:31:53,216] {logging_mixin.py:104} INFO - [2022-04-13 07:31:53,216] {dag.py:1832} INFO - Sync 1 DAGs
[2022-04-13 07:31:53,248] {logging_mixin.py:104} INFO - [2022-04-13 07:31:53,247] {dag.py:2305} INFO - Setting next_dagrun for tutorial to 2022-04-11 00:00:00+00:00
[2022-04-13 07:31:53,282] {scheduler_job.py:190} INFO - Processing /home/airflow/sandbox/lib/python3.8/site-packages/airflow/example_dags/tutorial.py took 0.213 seconds
[2022-04-13 07:32:23,457] {scheduler_job.py:182} INFO - Started process (PID=13153) to work on /home/airflow/sandbox/lib/python3.8/site-packages/airflow/example_dags/tutorial.py
[2022-04-13 07:32:23,487] {scheduler_job.py:633} INFO - Processing file /home/airflow/sandbox/lib/python3.8/site-packages/airflow/example_dags/tutorial.py for tasks to queue
[2022-04-13 07:32:23,493] {logging_mixin.py:104} INFO - [2022-04-13 07:32:23,493] {dagbag.py:487} INFO - Filling up the DagBag from /home/airflow/sandbox/lib/python3.8/site-packages/airflow/example_dags/tutorial.py
[2022-04-13 07:32:23,545] {scheduler_job.py:643} INFO - DAG(s) dict_keys(['tutorial']) retrieved from /home/airflow/sandbox/lib/python3.8/site-packages/airflow/example_dags/tutorial.py
[2022-04-13 07:32:23,615] {logging_mixin.py:104} INFO - [2022-04-13 07:32:23,615] {dag.py:1832} INFO - Sync 1 DAGs
[2022-04-13 07:32:23,669] {logging_mixin.py:104} INFO - [2022-04-13 07:32:23,669] {dag.py:2305} INFO - Setting next_dagrun for tutorial to 2022-04-11 00:00:00+00:00
[2022-04-13 07:32:23,726] {scheduler_job.py:190} INFO - Processing /home/airflow/sandbox/lib/python3.8/site-packages/airflow/example_dags/tutorial.py took 0.323 seconds
