[2022-04-13 07:09:15,982] {scheduler_job.py:182} INFO - Started process (PID=2670) to work on /home/airflow/sandbox/lib/python3.8/site-packages/airflow/example_dags/tutorial_etl_dag.py
[2022-04-13 07:09:15,984] {scheduler_job.py:633} INFO - Processing file /home/airflow/sandbox/lib/python3.8/site-packages/airflow/example_dags/tutorial_etl_dag.py for tasks to queue
[2022-04-13 07:09:15,986] {logging_mixin.py:104} INFO - [2022-04-13 07:09:15,986] {dagbag.py:487} INFO - Filling up the DagBag from /home/airflow/sandbox/lib/python3.8/site-packages/airflow/example_dags/tutorial_etl_dag.py
[2022-04-13 07:09:16,136] {scheduler_job.py:643} INFO - DAG(s) dict_keys(['tutorial_etl_dag']) retrieved from /home/airflow/sandbox/lib/python3.8/site-packages/airflow/example_dags/tutorial_etl_dag.py
[2022-04-13 07:09:18,861] {logging_mixin.py:104} INFO - [2022-04-13 07:09:18,860] {dag.py:1832} INFO - Sync 1 DAGs
[2022-04-13 07:09:18,897] {logging_mixin.py:104} INFO - [2022-04-13 07:09:18,897] {dag.py:2305} INFO - Setting next_dagrun for tutorial_etl_dag to None
[2022-04-13 07:09:19,241] {scheduler_job.py:190} INFO - Processing /home/airflow/sandbox/lib/python3.8/site-packages/airflow/example_dags/tutorial_etl_dag.py took 3.268 seconds
[2022-04-13 07:09:49,773] {scheduler_job.py:182} INFO - Started process (PID=3434) to work on /home/airflow/sandbox/lib/python3.8/site-packages/airflow/example_dags/tutorial_etl_dag.py
[2022-04-13 07:09:49,775] {scheduler_job.py:633} INFO - Processing file /home/airflow/sandbox/lib/python3.8/site-packages/airflow/example_dags/tutorial_etl_dag.py for tasks to queue
[2022-04-13 07:09:49,777] {logging_mixin.py:104} INFO - [2022-04-13 07:09:49,777] {dagbag.py:487} INFO - Filling up the DagBag from /home/airflow/sandbox/lib/python3.8/site-packages/airflow/example_dags/tutorial_etl_dag.py
[2022-04-13 07:09:49,805] {scheduler_job.py:643} INFO - DAG(s) dict_keys(['tutorial_etl_dag']) retrieved from /home/airflow/sandbox/lib/python3.8/site-packages/airflow/example_dags/tutorial_etl_dag.py
[2022-04-13 07:09:49,896] {logging_mixin.py:104} INFO - [2022-04-13 07:09:49,896] {dag.py:1832} INFO - Sync 1 DAGs
[2022-04-13 07:09:49,931] {logging_mixin.py:104} INFO - [2022-04-13 07:09:49,931] {dag.py:2305} INFO - Setting next_dagrun for tutorial_etl_dag to None
[2022-04-13 07:09:49,957] {scheduler_job.py:190} INFO - Processing /home/airflow/sandbox/lib/python3.8/site-packages/airflow/example_dags/tutorial_etl_dag.py took 0.194 seconds
[2022-04-13 07:14:33,583] {scheduler_job.py:182} INFO - Started process (PID=5059) to work on /home/airflow/sandbox/lib/python3.8/site-packages/airflow/example_dags/tutorial_etl_dag.py
[2022-04-13 07:14:33,591] {scheduler_job.py:633} INFO - Processing file /home/airflow/sandbox/lib/python3.8/site-packages/airflow/example_dags/tutorial_etl_dag.py for tasks to queue
[2022-04-13 07:14:33,601] {logging_mixin.py:104} INFO - [2022-04-13 07:14:33,600] {dagbag.py:487} INFO - Filling up the DagBag from /home/airflow/sandbox/lib/python3.8/site-packages/airflow/example_dags/tutorial_etl_dag.py
[2022-04-13 07:14:33,650] {scheduler_job.py:643} INFO - DAG(s) dict_keys(['tutorial_etl_dag']) retrieved from /home/airflow/sandbox/lib/python3.8/site-packages/airflow/example_dags/tutorial_etl_dag.py
[2022-04-13 07:14:33,785] {logging_mixin.py:104} INFO - [2022-04-13 07:14:33,785] {dag.py:1832} INFO - Sync 1 DAGs
[2022-04-13 07:14:33,833] {logging_mixin.py:104} INFO - [2022-04-13 07:14:33,833] {dag.py:2305} INFO - Setting next_dagrun for tutorial_etl_dag to None
[2022-04-13 07:14:33,896] {scheduler_job.py:190} INFO - Processing /home/airflow/sandbox/lib/python3.8/site-packages/airflow/example_dags/tutorial_etl_dag.py took 0.330 seconds
[2022-04-13 07:15:04,587] {scheduler_job.py:182} INFO - Started process (PID=5395) to work on /home/airflow/sandbox/lib/python3.8/site-packages/airflow/example_dags/tutorial_etl_dag.py
[2022-04-13 07:15:04,616] {scheduler_job.py:633} INFO - Processing file /home/airflow/sandbox/lib/python3.8/site-packages/airflow/example_dags/tutorial_etl_dag.py for tasks to queue
[2022-04-13 07:15:04,618] {logging_mixin.py:104} INFO - [2022-04-13 07:15:04,618] {dagbag.py:487} INFO - Filling up the DagBag from /home/airflow/sandbox/lib/python3.8/site-packages/airflow/example_dags/tutorial_etl_dag.py
[2022-04-13 07:15:04,680] {scheduler_job.py:643} INFO - DAG(s) dict_keys(['tutorial_etl_dag']) retrieved from /home/airflow/sandbox/lib/python3.8/site-packages/airflow/example_dags/tutorial_etl_dag.py
[2022-04-13 07:15:04,837] {logging_mixin.py:104} INFO - [2022-04-13 07:15:04,837] {dag.py:1832} INFO - Sync 1 DAGs
[2022-04-13 07:15:04,895] {logging_mixin.py:104} INFO - [2022-04-13 07:15:04,894] {dag.py:2305} INFO - Setting next_dagrun for tutorial_etl_dag to None
[2022-04-13 07:15:05,095] {scheduler_job.py:190} INFO - Processing /home/airflow/sandbox/lib/python3.8/site-packages/airflow/example_dags/tutorial_etl_dag.py took 0.517 seconds
[2022-04-13 07:15:35,507] {scheduler_job.py:182} INFO - Started process (PID=5753) to work on /home/airflow/sandbox/lib/python3.8/site-packages/airflow/example_dags/tutorial_etl_dag.py
[2022-04-13 07:15:35,568] {scheduler_job.py:633} INFO - Processing file /home/airflow/sandbox/lib/python3.8/site-packages/airflow/example_dags/tutorial_etl_dag.py for tasks to queue
[2022-04-13 07:15:35,576] {logging_mixin.py:104} INFO - [2022-04-13 07:15:35,576] {dagbag.py:487} INFO - Filling up the DagBag from /home/airflow/sandbox/lib/python3.8/site-packages/airflow/example_dags/tutorial_etl_dag.py
[2022-04-13 07:15:35,690] {scheduler_job.py:643} INFO - DAG(s) dict_keys(['tutorial_etl_dag']) retrieved from /home/airflow/sandbox/lib/python3.8/site-packages/airflow/example_dags/tutorial_etl_dag.py
[2022-04-13 07:15:35,889] {logging_mixin.py:104} INFO - [2022-04-13 07:15:35,889] {dag.py:1832} INFO - Sync 1 DAGs
[2022-04-13 07:15:36,007] {logging_mixin.py:104} INFO - [2022-04-13 07:15:36,007] {dag.py:2305} INFO - Setting next_dagrun for tutorial_etl_dag to None
[2022-04-13 07:15:36,253] {scheduler_job.py:190} INFO - Processing /home/airflow/sandbox/lib/python3.8/site-packages/airflow/example_dags/tutorial_etl_dag.py took 0.756 seconds
[2022-04-13 07:16:11,804] {scheduler_job.py:182} INFO - Started process (PID=5977) to work on /home/airflow/sandbox/lib/python3.8/site-packages/airflow/example_dags/tutorial_etl_dag.py
[2022-04-13 07:16:11,820] {scheduler_job.py:633} INFO - Processing file /home/airflow/sandbox/lib/python3.8/site-packages/airflow/example_dags/tutorial_etl_dag.py for tasks to queue
[2022-04-13 07:16:11,821] {logging_mixin.py:104} INFO - [2022-04-13 07:16:11,821] {dagbag.py:487} INFO - Filling up the DagBag from /home/airflow/sandbox/lib/python3.8/site-packages/airflow/example_dags/tutorial_etl_dag.py
[2022-04-13 07:16:11,859] {scheduler_job.py:643} INFO - DAG(s) dict_keys(['tutorial_etl_dag']) retrieved from /home/airflow/sandbox/lib/python3.8/site-packages/airflow/example_dags/tutorial_etl_dag.py
[2022-04-13 07:16:12,027] {logging_mixin.py:104} INFO - [2022-04-13 07:16:12,026] {dag.py:1832} INFO - Sync 1 DAGs
[2022-04-13 07:16:12,172] {logging_mixin.py:104} INFO - [2022-04-13 07:16:12,172] {dag.py:2305} INFO - Setting next_dagrun for tutorial_etl_dag to None
[2022-04-13 07:16:12,318] {scheduler_job.py:190} INFO - Processing /home/airflow/sandbox/lib/python3.8/site-packages/airflow/example_dags/tutorial_etl_dag.py took 0.526 seconds
[2022-04-13 07:16:43,668] {scheduler_job.py:182} INFO - Started process (PID=6211) to work on /home/airflow/sandbox/lib/python3.8/site-packages/airflow/example_dags/tutorial_etl_dag.py
[2022-04-13 07:16:43,721] {scheduler_job.py:633} INFO - Processing file /home/airflow/sandbox/lib/python3.8/site-packages/airflow/example_dags/tutorial_etl_dag.py for tasks to queue
[2022-04-13 07:16:43,736] {logging_mixin.py:104} INFO - [2022-04-13 07:16:43,736] {dagbag.py:487} INFO - Filling up the DagBag from /home/airflow/sandbox/lib/python3.8/site-packages/airflow/example_dags/tutorial_etl_dag.py
[2022-04-13 07:16:43,818] {scheduler_job.py:643} INFO - DAG(s) dict_keys(['tutorial_etl_dag']) retrieved from /home/airflow/sandbox/lib/python3.8/site-packages/airflow/example_dags/tutorial_etl_dag.py
[2022-04-13 07:16:43,943] {logging_mixin.py:104} INFO - [2022-04-13 07:16:43,943] {dag.py:1832} INFO - Sync 1 DAGs
[2022-04-13 07:16:44,030] {logging_mixin.py:104} INFO - [2022-04-13 07:16:44,029] {dag.py:2305} INFO - Setting next_dagrun for tutorial_etl_dag to None
[2022-04-13 07:16:44,199] {scheduler_job.py:190} INFO - Processing /home/airflow/sandbox/lib/python3.8/site-packages/airflow/example_dags/tutorial_etl_dag.py took 0.543 seconds
[2022-04-13 07:17:15,617] {scheduler_job.py:182} INFO - Started process (PID=6413) to work on /home/airflow/sandbox/lib/python3.8/site-packages/airflow/example_dags/tutorial_etl_dag.py
[2022-04-13 07:17:15,620] {scheduler_job.py:633} INFO - Processing file /home/airflow/sandbox/lib/python3.8/site-packages/airflow/example_dags/tutorial_etl_dag.py for tasks to queue
[2022-04-13 07:17:15,644] {logging_mixin.py:104} INFO - [2022-04-13 07:17:15,643] {dagbag.py:487} INFO - Filling up the DagBag from /home/airflow/sandbox/lib/python3.8/site-packages/airflow/example_dags/tutorial_etl_dag.py
[2022-04-13 07:17:15,698] {scheduler_job.py:643} INFO - DAG(s) dict_keys(['tutorial_etl_dag']) retrieved from /home/airflow/sandbox/lib/python3.8/site-packages/airflow/example_dags/tutorial_etl_dag.py
[2022-04-13 07:17:15,904] {logging_mixin.py:104} INFO - [2022-04-13 07:17:15,875] {dag.py:1832} INFO - Sync 1 DAGs
[2022-04-13 07:17:16,001] {logging_mixin.py:104} INFO - [2022-04-13 07:17:16,000] {dag.py:2305} INFO - Setting next_dagrun for tutorial_etl_dag to None
[2022-04-13 07:17:16,055] {scheduler_job.py:190} INFO - Processing /home/airflow/sandbox/lib/python3.8/site-packages/airflow/example_dags/tutorial_etl_dag.py took 0.459 seconds
[2022-04-13 07:17:46,809] {scheduler_job.py:182} INFO - Started process (PID=6611) to work on /home/airflow/sandbox/lib/python3.8/site-packages/airflow/example_dags/tutorial_etl_dag.py
[2022-04-13 07:17:46,814] {scheduler_job.py:633} INFO - Processing file /home/airflow/sandbox/lib/python3.8/site-packages/airflow/example_dags/tutorial_etl_dag.py for tasks to queue
[2022-04-13 07:17:46,832] {logging_mixin.py:104} INFO - [2022-04-13 07:17:46,832] {dagbag.py:487} INFO - Filling up the DagBag from /home/airflow/sandbox/lib/python3.8/site-packages/airflow/example_dags/tutorial_etl_dag.py
[2022-04-13 07:17:46,895] {scheduler_job.py:643} INFO - DAG(s) dict_keys(['tutorial_etl_dag']) retrieved from /home/airflow/sandbox/lib/python3.8/site-packages/airflow/example_dags/tutorial_etl_dag.py
[2022-04-13 07:17:47,026] {logging_mixin.py:104} INFO - [2022-04-13 07:17:47,025] {dag.py:1832} INFO - Sync 1 DAGs
[2022-04-13 07:17:47,081] {logging_mixin.py:104} INFO - [2022-04-13 07:17:47,080] {dag.py:2305} INFO - Setting next_dagrun for tutorial_etl_dag to None
[2022-04-13 07:17:47,366] {scheduler_job.py:190} INFO - Processing /home/airflow/sandbox/lib/python3.8/site-packages/airflow/example_dags/tutorial_etl_dag.py took 0.581 seconds
[2022-04-13 07:18:17,505] {scheduler_job.py:182} INFO - Started process (PID=6808) to work on /home/airflow/sandbox/lib/python3.8/site-packages/airflow/example_dags/tutorial_etl_dag.py
[2022-04-13 07:18:17,508] {scheduler_job.py:633} INFO - Processing file /home/airflow/sandbox/lib/python3.8/site-packages/airflow/example_dags/tutorial_etl_dag.py for tasks to queue
[2022-04-13 07:18:17,510] {logging_mixin.py:104} INFO - [2022-04-13 07:18:17,510] {dagbag.py:487} INFO - Filling up the DagBag from /home/airflow/sandbox/lib/python3.8/site-packages/airflow/example_dags/tutorial_etl_dag.py
[2022-04-13 07:18:17,540] {scheduler_job.py:643} INFO - DAG(s) dict_keys(['tutorial_etl_dag']) retrieved from /home/airflow/sandbox/lib/python3.8/site-packages/airflow/example_dags/tutorial_etl_dag.py
[2022-04-13 07:18:17,657] {logging_mixin.py:104} INFO - [2022-04-13 07:18:17,657] {dag.py:1832} INFO - Sync 1 DAGs
[2022-04-13 07:18:17,689] {logging_mixin.py:104} INFO - [2022-04-13 07:18:17,689] {dag.py:2305} INFO - Setting next_dagrun for tutorial_etl_dag to None
[2022-04-13 07:18:17,710] {scheduler_job.py:190} INFO - Processing /home/airflow/sandbox/lib/python3.8/site-packages/airflow/example_dags/tutorial_etl_dag.py took 0.215 seconds
[2022-04-13 07:18:47,875] {scheduler_job.py:182} INFO - Started process (PID=7005) to work on /home/airflow/sandbox/lib/python3.8/site-packages/airflow/example_dags/tutorial_etl_dag.py
[2022-04-13 07:18:47,880] {scheduler_job.py:633} INFO - Processing file /home/airflow/sandbox/lib/python3.8/site-packages/airflow/example_dags/tutorial_etl_dag.py for tasks to queue
[2022-04-13 07:18:47,882] {logging_mixin.py:104} INFO - [2022-04-13 07:18:47,882] {dagbag.py:487} INFO - Filling up the DagBag from /home/airflow/sandbox/lib/python3.8/site-packages/airflow/example_dags/tutorial_etl_dag.py
[2022-04-13 07:18:47,946] {scheduler_job.py:643} INFO - DAG(s) dict_keys(['tutorial_etl_dag']) retrieved from /home/airflow/sandbox/lib/python3.8/site-packages/airflow/example_dags/tutorial_etl_dag.py
[2022-04-13 07:18:48,044] {logging_mixin.py:104} INFO - [2022-04-13 07:18:48,044] {dag.py:1832} INFO - Sync 1 DAGs
[2022-04-13 07:18:48,080] {logging_mixin.py:104} INFO - [2022-04-13 07:18:48,080] {dag.py:2305} INFO - Setting next_dagrun for tutorial_etl_dag to None
[2022-04-13 07:18:48,114] {scheduler_job.py:190} INFO - Processing /home/airflow/sandbox/lib/python3.8/site-packages/airflow/example_dags/tutorial_etl_dag.py took 0.250 seconds
[2022-04-13 07:19:18,908] {scheduler_job.py:182} INFO - Started process (PID=7216) to work on /home/airflow/sandbox/lib/python3.8/site-packages/airflow/example_dags/tutorial_etl_dag.py
[2022-04-13 07:19:18,930] {scheduler_job.py:633} INFO - Processing file /home/airflow/sandbox/lib/python3.8/site-packages/airflow/example_dags/tutorial_etl_dag.py for tasks to queue
[2022-04-13 07:19:18,940] {logging_mixin.py:104} INFO - [2022-04-13 07:19:18,940] {dagbag.py:487} INFO - Filling up the DagBag from /home/airflow/sandbox/lib/python3.8/site-packages/airflow/example_dags/tutorial_etl_dag.py
[2022-04-13 07:19:19,020] {scheduler_job.py:643} INFO - DAG(s) dict_keys(['tutorial_etl_dag']) retrieved from /home/airflow/sandbox/lib/python3.8/site-packages/airflow/example_dags/tutorial_etl_dag.py
[2022-04-13 07:19:19,147] {logging_mixin.py:104} INFO - [2022-04-13 07:19:19,147] {dag.py:1832} INFO - Sync 1 DAGs
[2022-04-13 07:19:19,195] {logging_mixin.py:104} INFO - [2022-04-13 07:19:19,195] {dag.py:2305} INFO - Setting next_dagrun for tutorial_etl_dag to None
[2022-04-13 07:19:19,237] {scheduler_job.py:190} INFO - Processing /home/airflow/sandbox/lib/python3.8/site-packages/airflow/example_dags/tutorial_etl_dag.py took 0.373 seconds
[2022-04-13 07:19:50,262] {scheduler_job.py:182} INFO - Started process (PID=7647) to work on /home/airflow/sandbox/lib/python3.8/site-packages/airflow/example_dags/tutorial_etl_dag.py
[2022-04-13 07:19:50,266] {scheduler_job.py:633} INFO - Processing file /home/airflow/sandbox/lib/python3.8/site-packages/airflow/example_dags/tutorial_etl_dag.py for tasks to queue
[2022-04-13 07:19:50,277] {logging_mixin.py:104} INFO - [2022-04-13 07:19:50,276] {dagbag.py:487} INFO - Filling up the DagBag from /home/airflow/sandbox/lib/python3.8/site-packages/airflow/example_dags/tutorial_etl_dag.py
[2022-04-13 07:19:50,304] {scheduler_job.py:643} INFO - DAG(s) dict_keys(['tutorial_etl_dag']) retrieved from /home/airflow/sandbox/lib/python3.8/site-packages/airflow/example_dags/tutorial_etl_dag.py
[2022-04-13 07:19:50,457] {logging_mixin.py:104} INFO - [2022-04-13 07:19:50,456] {dag.py:1832} INFO - Sync 1 DAGs
[2022-04-13 07:19:50,510] {logging_mixin.py:104} INFO - [2022-04-13 07:19:50,510] {dag.py:2305} INFO - Setting next_dagrun for tutorial_etl_dag to None
[2022-04-13 07:19:50,590] {scheduler_job.py:190} INFO - Processing /home/airflow/sandbox/lib/python3.8/site-packages/airflow/example_dags/tutorial_etl_dag.py took 0.337 seconds
[2022-04-13 07:20:21,100] {scheduler_job.py:182} INFO - Started process (PID=7844) to work on /home/airflow/sandbox/lib/python3.8/site-packages/airflow/example_dags/tutorial_etl_dag.py
[2022-04-13 07:20:21,104] {scheduler_job.py:633} INFO - Processing file /home/airflow/sandbox/lib/python3.8/site-packages/airflow/example_dags/tutorial_etl_dag.py for tasks to queue
[2022-04-13 07:20:21,106] {logging_mixin.py:104} INFO - [2022-04-13 07:20:21,106] {dagbag.py:487} INFO - Filling up the DagBag from /home/airflow/sandbox/lib/python3.8/site-packages/airflow/example_dags/tutorial_etl_dag.py
[2022-04-13 07:20:21,190] {scheduler_job.py:643} INFO - DAG(s) dict_keys(['tutorial_etl_dag']) retrieved from /home/airflow/sandbox/lib/python3.8/site-packages/airflow/example_dags/tutorial_etl_dag.py
[2022-04-13 07:20:21,405] {logging_mixin.py:104} INFO - [2022-04-13 07:20:21,405] {dag.py:1832} INFO - Sync 1 DAGs
[2022-04-13 07:20:21,492] {logging_mixin.py:104} INFO - [2022-04-13 07:20:21,492] {dag.py:2305} INFO - Setting next_dagrun for tutorial_etl_dag to None
[2022-04-13 07:20:21,603] {scheduler_job.py:190} INFO - Processing /home/airflow/sandbox/lib/python3.8/site-packages/airflow/example_dags/tutorial_etl_dag.py took 0.525 seconds
[2022-04-13 07:20:52,453] {scheduler_job.py:182} INFO - Started process (PID=8041) to work on /home/airflow/sandbox/lib/python3.8/site-packages/airflow/example_dags/tutorial_etl_dag.py
[2022-04-13 07:20:52,456] {scheduler_job.py:633} INFO - Processing file /home/airflow/sandbox/lib/python3.8/site-packages/airflow/example_dags/tutorial_etl_dag.py for tasks to queue
[2022-04-13 07:20:52,458] {logging_mixin.py:104} INFO - [2022-04-13 07:20:52,458] {dagbag.py:487} INFO - Filling up the DagBag from /home/airflow/sandbox/lib/python3.8/site-packages/airflow/example_dags/tutorial_etl_dag.py
[2022-04-13 07:20:52,513] {scheduler_job.py:643} INFO - DAG(s) dict_keys(['tutorial_etl_dag']) retrieved from /home/airflow/sandbox/lib/python3.8/site-packages/airflow/example_dags/tutorial_etl_dag.py
[2022-04-13 07:20:52,690] {logging_mixin.py:104} INFO - [2022-04-13 07:20:52,690] {dag.py:1832} INFO - Sync 1 DAGs
[2022-04-13 07:20:52,791] {logging_mixin.py:104} INFO - [2022-04-13 07:20:52,791] {dag.py:2305} INFO - Setting next_dagrun for tutorial_etl_dag to None
[2022-04-13 07:20:52,958] {scheduler_job.py:190} INFO - Processing /home/airflow/sandbox/lib/python3.8/site-packages/airflow/example_dags/tutorial_etl_dag.py took 0.542 seconds
[2022-04-13 07:21:23,840] {scheduler_job.py:182} INFO - Started process (PID=8239) to work on /home/airflow/sandbox/lib/python3.8/site-packages/airflow/example_dags/tutorial_etl_dag.py
[2022-04-13 07:21:23,867] {scheduler_job.py:633} INFO - Processing file /home/airflow/sandbox/lib/python3.8/site-packages/airflow/example_dags/tutorial_etl_dag.py for tasks to queue
[2022-04-13 07:21:23,868] {logging_mixin.py:104} INFO - [2022-04-13 07:21:23,868] {dagbag.py:487} INFO - Filling up the DagBag from /home/airflow/sandbox/lib/python3.8/site-packages/airflow/example_dags/tutorial_etl_dag.py
[2022-04-13 07:21:23,909] {scheduler_job.py:643} INFO - DAG(s) dict_keys(['tutorial_etl_dag']) retrieved from /home/airflow/sandbox/lib/python3.8/site-packages/airflow/example_dags/tutorial_etl_dag.py
[2022-04-13 07:21:24,040] {logging_mixin.py:104} INFO - [2022-04-13 07:21:24,040] {dag.py:1832} INFO - Sync 1 DAGs
[2022-04-13 07:21:24,138] {logging_mixin.py:104} INFO - [2022-04-13 07:21:24,137] {dag.py:2305} INFO - Setting next_dagrun for tutorial_etl_dag to None
[2022-04-13 07:21:24,197] {scheduler_job.py:190} INFO - Processing /home/airflow/sandbox/lib/python3.8/site-packages/airflow/example_dags/tutorial_etl_dag.py took 0.375 seconds
[2022-04-13 07:21:54,483] {scheduler_job.py:182} INFO - Started process (PID=8439) to work on /home/airflow/sandbox/lib/python3.8/site-packages/airflow/example_dags/tutorial_etl_dag.py
[2022-04-13 07:21:54,490] {scheduler_job.py:633} INFO - Processing file /home/airflow/sandbox/lib/python3.8/site-packages/airflow/example_dags/tutorial_etl_dag.py for tasks to queue
[2022-04-13 07:21:54,508] {logging_mixin.py:104} INFO - [2022-04-13 07:21:54,507] {dagbag.py:487} INFO - Filling up the DagBag from /home/airflow/sandbox/lib/python3.8/site-packages/airflow/example_dags/tutorial_etl_dag.py
[2022-04-13 07:21:54,563] {scheduler_job.py:643} INFO - DAG(s) dict_keys(['tutorial_etl_dag']) retrieved from /home/airflow/sandbox/lib/python3.8/site-packages/airflow/example_dags/tutorial_etl_dag.py
[2022-04-13 07:21:54,697] {logging_mixin.py:104} INFO - [2022-04-13 07:21:54,697] {dag.py:1832} INFO - Sync 1 DAGs
[2022-04-13 07:21:54,773] {logging_mixin.py:104} INFO - [2022-04-13 07:21:54,773] {dag.py:2305} INFO - Setting next_dagrun for tutorial_etl_dag to None
[2022-04-13 07:21:54,895] {scheduler_job.py:190} INFO - Processing /home/airflow/sandbox/lib/python3.8/site-packages/airflow/example_dags/tutorial_etl_dag.py took 0.425 seconds
[2022-04-13 07:22:25,449] {scheduler_job.py:182} INFO - Started process (PID=8638) to work on /home/airflow/sandbox/lib/python3.8/site-packages/airflow/example_dags/tutorial_etl_dag.py
[2022-04-13 07:22:25,462] {scheduler_job.py:633} INFO - Processing file /home/airflow/sandbox/lib/python3.8/site-packages/airflow/example_dags/tutorial_etl_dag.py for tasks to queue
[2022-04-13 07:22:25,471] {logging_mixin.py:104} INFO - [2022-04-13 07:22:25,471] {dagbag.py:487} INFO - Filling up the DagBag from /home/airflow/sandbox/lib/python3.8/site-packages/airflow/example_dags/tutorial_etl_dag.py
[2022-04-13 07:22:25,530] {scheduler_job.py:643} INFO - DAG(s) dict_keys(['tutorial_etl_dag']) retrieved from /home/airflow/sandbox/lib/python3.8/site-packages/airflow/example_dags/tutorial_etl_dag.py
[2022-04-13 07:22:25,672] {logging_mixin.py:104} INFO - [2022-04-13 07:22:25,671] {dag.py:1832} INFO - Sync 1 DAGs
[2022-04-13 07:22:25,736] {logging_mixin.py:104} INFO - [2022-04-13 07:22:25,735] {dag.py:2305} INFO - Setting next_dagrun for tutorial_etl_dag to None
[2022-04-13 07:22:26,011] {scheduler_job.py:190} INFO - Processing /home/airflow/sandbox/lib/python3.8/site-packages/airflow/example_dags/tutorial_etl_dag.py took 0.577 seconds
[2022-04-13 07:22:56,425] {scheduler_job.py:182} INFO - Started process (PID=8842) to work on /home/airflow/sandbox/lib/python3.8/site-packages/airflow/example_dags/tutorial_etl_dag.py
[2022-04-13 07:22:56,445] {scheduler_job.py:633} INFO - Processing file /home/airflow/sandbox/lib/python3.8/site-packages/airflow/example_dags/tutorial_etl_dag.py for tasks to queue
[2022-04-13 07:22:56,447] {logging_mixin.py:104} INFO - [2022-04-13 07:22:56,446] {dagbag.py:487} INFO - Filling up the DagBag from /home/airflow/sandbox/lib/python3.8/site-packages/airflow/example_dags/tutorial_etl_dag.py
[2022-04-13 07:22:56,528] {scheduler_job.py:643} INFO - DAG(s) dict_keys(['tutorial_etl_dag']) retrieved from /home/airflow/sandbox/lib/python3.8/site-packages/airflow/example_dags/tutorial_etl_dag.py
[2022-04-13 07:22:56,682] {logging_mixin.py:104} INFO - [2022-04-13 07:22:56,682] {dag.py:1832} INFO - Sync 1 DAGs
[2022-04-13 07:22:56,793] {logging_mixin.py:104} INFO - [2022-04-13 07:22:56,793] {dag.py:2305} INFO - Setting next_dagrun for tutorial_etl_dag to None
[2022-04-13 07:22:56,838] {scheduler_job.py:190} INFO - Processing /home/airflow/sandbox/lib/python3.8/site-packages/airflow/example_dags/tutorial_etl_dag.py took 0.445 seconds
[2022-04-13 07:23:26,956] {scheduler_job.py:182} INFO - Started process (PID=9037) to work on /home/airflow/sandbox/lib/python3.8/site-packages/airflow/example_dags/tutorial_etl_dag.py
[2022-04-13 07:23:26,965] {scheduler_job.py:633} INFO - Processing file /home/airflow/sandbox/lib/python3.8/site-packages/airflow/example_dags/tutorial_etl_dag.py for tasks to queue
[2022-04-13 07:23:26,973] {logging_mixin.py:104} INFO - [2022-04-13 07:23:26,973] {dagbag.py:487} INFO - Filling up the DagBag from /home/airflow/sandbox/lib/python3.8/site-packages/airflow/example_dags/tutorial_etl_dag.py
[2022-04-13 07:23:27,024] {scheduler_job.py:643} INFO - DAG(s) dict_keys(['tutorial_etl_dag']) retrieved from /home/airflow/sandbox/lib/python3.8/site-packages/airflow/example_dags/tutorial_etl_dag.py
[2022-04-13 07:23:27,168] {logging_mixin.py:104} INFO - [2022-04-13 07:23:27,168] {dag.py:1832} INFO - Sync 1 DAGs
[2022-04-13 07:23:27,227] {logging_mixin.py:104} INFO - [2022-04-13 07:23:27,227] {dag.py:2305} INFO - Setting next_dagrun for tutorial_etl_dag to None
[2022-04-13 07:23:27,678] {scheduler_job.py:190} INFO - Processing /home/airflow/sandbox/lib/python3.8/site-packages/airflow/example_dags/tutorial_etl_dag.py took 0.731 seconds
[2022-04-13 07:23:57,869] {scheduler_job.py:182} INFO - Started process (PID=9241) to work on /home/airflow/sandbox/lib/python3.8/site-packages/airflow/example_dags/tutorial_etl_dag.py
[2022-04-13 07:23:57,873] {scheduler_job.py:633} INFO - Processing file /home/airflow/sandbox/lib/python3.8/site-packages/airflow/example_dags/tutorial_etl_dag.py for tasks to queue
[2022-04-13 07:23:57,875] {logging_mixin.py:104} INFO - [2022-04-13 07:23:57,875] {dagbag.py:487} INFO - Filling up the DagBag from /home/airflow/sandbox/lib/python3.8/site-packages/airflow/example_dags/tutorial_etl_dag.py
[2022-04-13 07:23:57,945] {scheduler_job.py:643} INFO - DAG(s) dict_keys(['tutorial_etl_dag']) retrieved from /home/airflow/sandbox/lib/python3.8/site-packages/airflow/example_dags/tutorial_etl_dag.py
[2022-04-13 07:23:58,108] {logging_mixin.py:104} INFO - [2022-04-13 07:23:58,108] {dag.py:1832} INFO - Sync 1 DAGs
[2022-04-13 07:23:58,196] {logging_mixin.py:104} INFO - [2022-04-13 07:23:58,196] {dag.py:2305} INFO - Setting next_dagrun for tutorial_etl_dag to None
[2022-04-13 07:23:58,724] {scheduler_job.py:190} INFO - Processing /home/airflow/sandbox/lib/python3.8/site-packages/airflow/example_dags/tutorial_etl_dag.py took 0.892 seconds
[2022-04-13 07:24:29,009] {scheduler_job.py:182} INFO - Started process (PID=9682) to work on /home/airflow/sandbox/lib/python3.8/site-packages/airflow/example_dags/tutorial_etl_dag.py
[2022-04-13 07:24:29,032] {scheduler_job.py:633} INFO - Processing file /home/airflow/sandbox/lib/python3.8/site-packages/airflow/example_dags/tutorial_etl_dag.py for tasks to queue
[2022-04-13 07:24:29,038] {logging_mixin.py:104} INFO - [2022-04-13 07:24:29,038] {dagbag.py:487} INFO - Filling up the DagBag from /home/airflow/sandbox/lib/python3.8/site-packages/airflow/example_dags/tutorial_etl_dag.py
[2022-04-13 07:24:29,141] {scheduler_job.py:643} INFO - DAG(s) dict_keys(['tutorial_etl_dag']) retrieved from /home/airflow/sandbox/lib/python3.8/site-packages/airflow/example_dags/tutorial_etl_dag.py
[2022-04-13 07:24:29,351] {logging_mixin.py:104} INFO - [2022-04-13 07:24:29,351] {dag.py:1832} INFO - Sync 1 DAGs
[2022-04-13 07:24:29,818] {logging_mixin.py:104} INFO - [2022-04-13 07:24:29,818] {dag.py:2305} INFO - Setting next_dagrun for tutorial_etl_dag to None
[2022-04-13 07:24:29,947] {scheduler_job.py:190} INFO - Processing /home/airflow/sandbox/lib/python3.8/site-packages/airflow/example_dags/tutorial_etl_dag.py took 0.947 seconds
[2022-04-13 07:25:00,674] {scheduler_job.py:182} INFO - Started process (PID=9882) to work on /home/airflow/sandbox/lib/python3.8/site-packages/airflow/example_dags/tutorial_etl_dag.py
[2022-04-13 07:25:00,701] {scheduler_job.py:633} INFO - Processing file /home/airflow/sandbox/lib/python3.8/site-packages/airflow/example_dags/tutorial_etl_dag.py for tasks to queue
[2022-04-13 07:25:00,702] {logging_mixin.py:104} INFO - [2022-04-13 07:25:00,702] {dagbag.py:487} INFO - Filling up the DagBag from /home/airflow/sandbox/lib/python3.8/site-packages/airflow/example_dags/tutorial_etl_dag.py
[2022-04-13 07:25:00,783] {scheduler_job.py:643} INFO - DAG(s) dict_keys(['tutorial_etl_dag']) retrieved from /home/airflow/sandbox/lib/python3.8/site-packages/airflow/example_dags/tutorial_etl_dag.py
[2022-04-13 07:25:00,871] {logging_mixin.py:104} INFO - [2022-04-13 07:25:00,871] {dag.py:1832} INFO - Sync 1 DAGs
[2022-04-13 07:25:01,140] {logging_mixin.py:104} INFO - [2022-04-13 07:25:01,140] {dag.py:2305} INFO - Setting next_dagrun for tutorial_etl_dag to None
[2022-04-13 07:25:01,228] {scheduler_job.py:190} INFO - Processing /home/airflow/sandbox/lib/python3.8/site-packages/airflow/example_dags/tutorial_etl_dag.py took 0.563 seconds
[2022-04-13 07:25:32,228] {scheduler_job.py:182} INFO - Started process (PID=10083) to work on /home/airflow/sandbox/lib/python3.8/site-packages/airflow/example_dags/tutorial_etl_dag.py
[2022-04-13 07:25:32,241] {scheduler_job.py:633} INFO - Processing file /home/airflow/sandbox/lib/python3.8/site-packages/airflow/example_dags/tutorial_etl_dag.py for tasks to queue
[2022-04-13 07:25:32,245] {logging_mixin.py:104} INFO - [2022-04-13 07:25:32,245] {dagbag.py:487} INFO - Filling up the DagBag from /home/airflow/sandbox/lib/python3.8/site-packages/airflow/example_dags/tutorial_etl_dag.py
[2022-04-13 07:25:32,314] {scheduler_job.py:643} INFO - DAG(s) dict_keys(['tutorial_etl_dag']) retrieved from /home/airflow/sandbox/lib/python3.8/site-packages/airflow/example_dags/tutorial_etl_dag.py
[2022-04-13 07:25:32,546] {logging_mixin.py:104} INFO - [2022-04-13 07:25:32,546] {dag.py:1832} INFO - Sync 1 DAGs
[2022-04-13 07:25:32,877] {logging_mixin.py:104} INFO - [2022-04-13 07:25:32,877] {dag.py:2305} INFO - Setting next_dagrun for tutorial_etl_dag to None
[2022-04-13 07:25:32,965] {scheduler_job.py:190} INFO - Processing /home/airflow/sandbox/lib/python3.8/site-packages/airflow/example_dags/tutorial_etl_dag.py took 0.777 seconds
[2022-04-13 07:26:04,260] {scheduler_job.py:182} INFO - Started process (PID=10284) to work on /home/airflow/sandbox/lib/python3.8/site-packages/airflow/example_dags/tutorial_etl_dag.py
[2022-04-13 07:26:04,279] {scheduler_job.py:633} INFO - Processing file /home/airflow/sandbox/lib/python3.8/site-packages/airflow/example_dags/tutorial_etl_dag.py for tasks to queue
[2022-04-13 07:26:04,282] {logging_mixin.py:104} INFO - [2022-04-13 07:26:04,281] {dagbag.py:487} INFO - Filling up the DagBag from /home/airflow/sandbox/lib/python3.8/site-packages/airflow/example_dags/tutorial_etl_dag.py
[2022-04-13 07:26:04,378] {scheduler_job.py:643} INFO - DAG(s) dict_keys(['tutorial_etl_dag']) retrieved from /home/airflow/sandbox/lib/python3.8/site-packages/airflow/example_dags/tutorial_etl_dag.py
[2022-04-13 07:26:04,509] {logging_mixin.py:104} INFO - [2022-04-13 07:26:04,508] {dag.py:1832} INFO - Sync 1 DAGs
[2022-04-13 07:26:04,825] {logging_mixin.py:104} INFO - [2022-04-13 07:26:04,825] {dag.py:2305} INFO - Setting next_dagrun for tutorial_etl_dag to None
[2022-04-13 07:26:04,937] {scheduler_job.py:190} INFO - Processing /home/airflow/sandbox/lib/python3.8/site-packages/airflow/example_dags/tutorial_etl_dag.py took 0.731 seconds
[2022-04-13 07:26:35,545] {scheduler_job.py:182} INFO - Started process (PID=10484) to work on /home/airflow/sandbox/lib/python3.8/site-packages/airflow/example_dags/tutorial_etl_dag.py
[2022-04-13 07:26:35,565] {scheduler_job.py:633} INFO - Processing file /home/airflow/sandbox/lib/python3.8/site-packages/airflow/example_dags/tutorial_etl_dag.py for tasks to queue
[2022-04-13 07:26:35,572] {logging_mixin.py:104} INFO - [2022-04-13 07:26:35,572] {dagbag.py:487} INFO - Filling up the DagBag from /home/airflow/sandbox/lib/python3.8/site-packages/airflow/example_dags/tutorial_etl_dag.py
[2022-04-13 07:26:35,659] {scheduler_job.py:643} INFO - DAG(s) dict_keys(['tutorial_etl_dag']) retrieved from /home/airflow/sandbox/lib/python3.8/site-packages/airflow/example_dags/tutorial_etl_dag.py
[2022-04-13 07:26:35,837] {logging_mixin.py:104} INFO - [2022-04-13 07:26:35,837] {dag.py:1832} INFO - Sync 1 DAGs
[2022-04-13 07:26:36,149] {logging_mixin.py:104} INFO - [2022-04-13 07:26:36,149] {dag.py:2305} INFO - Setting next_dagrun for tutorial_etl_dag to None
[2022-04-13 07:26:36,238] {scheduler_job.py:190} INFO - Processing /home/airflow/sandbox/lib/python3.8/site-packages/airflow/example_dags/tutorial_etl_dag.py took 0.702 seconds
[2022-04-13 07:27:06,562] {scheduler_job.py:182} INFO - Started process (PID=10677) to work on /home/airflow/sandbox/lib/python3.8/site-packages/airflow/example_dags/tutorial_etl_dag.py
[2022-04-13 07:27:06,579] {scheduler_job.py:633} INFO - Processing file /home/airflow/sandbox/lib/python3.8/site-packages/airflow/example_dags/tutorial_etl_dag.py for tasks to queue
[2022-04-13 07:27:06,581] {logging_mixin.py:104} INFO - [2022-04-13 07:27:06,581] {dagbag.py:487} INFO - Filling up the DagBag from /home/airflow/sandbox/lib/python3.8/site-packages/airflow/example_dags/tutorial_etl_dag.py
[2022-04-13 07:27:06,608] {scheduler_job.py:643} INFO - DAG(s) dict_keys(['tutorial_etl_dag']) retrieved from /home/airflow/sandbox/lib/python3.8/site-packages/airflow/example_dags/tutorial_etl_dag.py
[2022-04-13 07:27:06,942] {logging_mixin.py:104} INFO - [2022-04-13 07:27:06,942] {dag.py:1832} INFO - Sync 1 DAGs
[2022-04-13 07:27:07,000] {logging_mixin.py:104} INFO - [2022-04-13 07:27:07,000] {dag.py:2305} INFO - Setting next_dagrun for tutorial_etl_dag to None
[2022-04-13 07:27:07,109] {scheduler_job.py:190} INFO - Processing /home/airflow/sandbox/lib/python3.8/site-packages/airflow/example_dags/tutorial_etl_dag.py took 0.556 seconds
[2022-04-13 07:27:37,238] {scheduler_job.py:182} INFO - Started process (PID=10876) to work on /home/airflow/sandbox/lib/python3.8/site-packages/airflow/example_dags/tutorial_etl_dag.py
[2022-04-13 07:27:37,258] {scheduler_job.py:633} INFO - Processing file /home/airflow/sandbox/lib/python3.8/site-packages/airflow/example_dags/tutorial_etl_dag.py for tasks to queue
[2022-04-13 07:27:37,260] {logging_mixin.py:104} INFO - [2022-04-13 07:27:37,260] {dagbag.py:487} INFO - Filling up the DagBag from /home/airflow/sandbox/lib/python3.8/site-packages/airflow/example_dags/tutorial_etl_dag.py
[2022-04-13 07:27:37,344] {scheduler_job.py:643} INFO - DAG(s) dict_keys(['tutorial_etl_dag']) retrieved from /home/airflow/sandbox/lib/python3.8/site-packages/airflow/example_dags/tutorial_etl_dag.py
[2022-04-13 07:27:37,698] {logging_mixin.py:104} INFO - [2022-04-13 07:27:37,698] {dag.py:1832} INFO - Sync 1 DAGs
[2022-04-13 07:27:37,725] {logging_mixin.py:104} INFO - [2022-04-13 07:27:37,724] {dag.py:2305} INFO - Setting next_dagrun for tutorial_etl_dag to None
[2022-04-13 07:27:37,773] {scheduler_job.py:190} INFO - Processing /home/airflow/sandbox/lib/python3.8/site-packages/airflow/example_dags/tutorial_etl_dag.py took 0.544 seconds
[2022-04-13 07:28:09,009] {scheduler_job.py:182} INFO - Started process (PID=11075) to work on /home/airflow/sandbox/lib/python3.8/site-packages/airflow/example_dags/tutorial_etl_dag.py
[2022-04-13 07:28:09,035] {scheduler_job.py:633} INFO - Processing file /home/airflow/sandbox/lib/python3.8/site-packages/airflow/example_dags/tutorial_etl_dag.py for tasks to queue
[2022-04-13 07:28:09,037] {logging_mixin.py:104} INFO - [2022-04-13 07:28:09,037] {dagbag.py:487} INFO - Filling up the DagBag from /home/airflow/sandbox/lib/python3.8/site-packages/airflow/example_dags/tutorial_etl_dag.py
[2022-04-13 07:28:09,185] {scheduler_job.py:643} INFO - DAG(s) dict_keys(['tutorial_etl_dag']) retrieved from /home/airflow/sandbox/lib/python3.8/site-packages/airflow/example_dags/tutorial_etl_dag.py
[2022-04-13 07:28:09,625] {logging_mixin.py:104} INFO - [2022-04-13 07:28:09,625] {dag.py:1832} INFO - Sync 1 DAGs
[2022-04-13 07:28:09,721] {logging_mixin.py:104} INFO - [2022-04-13 07:28:09,721] {dag.py:2305} INFO - Setting next_dagrun for tutorial_etl_dag to None
[2022-04-13 07:28:09,962] {scheduler_job.py:190} INFO - Processing /home/airflow/sandbox/lib/python3.8/site-packages/airflow/example_dags/tutorial_etl_dag.py took 0.964 seconds
[2022-04-13 07:28:40,669] {scheduler_job.py:182} INFO - Started process (PID=11275) to work on /home/airflow/sandbox/lib/python3.8/site-packages/airflow/example_dags/tutorial_etl_dag.py
[2022-04-13 07:28:40,672] {scheduler_job.py:633} INFO - Processing file /home/airflow/sandbox/lib/python3.8/site-packages/airflow/example_dags/tutorial_etl_dag.py for tasks to queue
[2022-04-13 07:28:40,699] {logging_mixin.py:104} INFO - [2022-04-13 07:28:40,699] {dagbag.py:487} INFO - Filling up the DagBag from /home/airflow/sandbox/lib/python3.8/site-packages/airflow/example_dags/tutorial_etl_dag.py
[2022-04-13 07:28:40,770] {scheduler_job.py:643} INFO - DAG(s) dict_keys(['tutorial_etl_dag']) retrieved from /home/airflow/sandbox/lib/python3.8/site-packages/airflow/example_dags/tutorial_etl_dag.py
[2022-04-13 07:28:41,174] {logging_mixin.py:104} INFO - [2022-04-13 07:28:41,174] {dag.py:1832} INFO - Sync 1 DAGs
[2022-04-13 07:28:41,235] {logging_mixin.py:104} INFO - [2022-04-13 07:28:41,234] {dag.py:2305} INFO - Setting next_dagrun for tutorial_etl_dag to None
[2022-04-13 07:28:41,325] {scheduler_job.py:190} INFO - Processing /home/airflow/sandbox/lib/python3.8/site-packages/airflow/example_dags/tutorial_etl_dag.py took 0.692 seconds
[2022-04-13 07:29:11,712] {scheduler_job.py:182} INFO - Started process (PID=11475) to work on /home/airflow/sandbox/lib/python3.8/site-packages/airflow/example_dags/tutorial_etl_dag.py
[2022-04-13 07:29:11,734] {scheduler_job.py:633} INFO - Processing file /home/airflow/sandbox/lib/python3.8/site-packages/airflow/example_dags/tutorial_etl_dag.py for tasks to queue
[2022-04-13 07:29:11,735] {logging_mixin.py:104} INFO - [2022-04-13 07:29:11,735] {dagbag.py:487} INFO - Filling up the DagBag from /home/airflow/sandbox/lib/python3.8/site-packages/airflow/example_dags/tutorial_etl_dag.py
[2022-04-13 07:29:11,791] {scheduler_job.py:643} INFO - DAG(s) dict_keys(['tutorial_etl_dag']) retrieved from /home/airflow/sandbox/lib/python3.8/site-packages/airflow/example_dags/tutorial_etl_dag.py
[2022-04-13 07:29:12,261] {logging_mixin.py:104} INFO - [2022-04-13 07:29:12,260] {dag.py:1832} INFO - Sync 1 DAGs
[2022-04-13 07:29:12,363] {logging_mixin.py:104} INFO - [2022-04-13 07:29:12,363] {dag.py:2305} INFO - Setting next_dagrun for tutorial_etl_dag to None
[2022-04-13 07:29:12,629] {scheduler_job.py:190} INFO - Processing /home/airflow/sandbox/lib/python3.8/site-packages/airflow/example_dags/tutorial_etl_dag.py took 0.925 seconds
[2022-04-13 07:29:42,877] {scheduler_job.py:182} INFO - Started process (PID=11910) to work on /home/airflow/sandbox/lib/python3.8/site-packages/airflow/example_dags/tutorial_etl_dag.py
[2022-04-13 07:29:42,892] {scheduler_job.py:633} INFO - Processing file /home/airflow/sandbox/lib/python3.8/site-packages/airflow/example_dags/tutorial_etl_dag.py for tasks to queue
[2022-04-13 07:29:42,894] {logging_mixin.py:104} INFO - [2022-04-13 07:29:42,894] {dagbag.py:487} INFO - Filling up the DagBag from /home/airflow/sandbox/lib/python3.8/site-packages/airflow/example_dags/tutorial_etl_dag.py
[2022-04-13 07:29:43,271] {scheduler_job.py:643} INFO - DAG(s) dict_keys(['tutorial_etl_dag']) retrieved from /home/airflow/sandbox/lib/python3.8/site-packages/airflow/example_dags/tutorial_etl_dag.py
[2022-04-13 07:29:43,386] {logging_mixin.py:104} INFO - [2022-04-13 07:29:43,386] {dag.py:1832} INFO - Sync 1 DAGs
[2022-04-13 07:29:43,476] {logging_mixin.py:104} INFO - [2022-04-13 07:29:43,476] {dag.py:2305} INFO - Setting next_dagrun for tutorial_etl_dag to None
[2022-04-13 07:29:43,677] {scheduler_job.py:190} INFO - Processing /home/airflow/sandbox/lib/python3.8/site-packages/airflow/example_dags/tutorial_etl_dag.py took 0.822 seconds
[2022-04-13 07:30:15,504] {scheduler_job.py:182} INFO - Started process (PID=12110) to work on /home/airflow/sandbox/lib/python3.8/site-packages/airflow/example_dags/tutorial_etl_dag.py
[2022-04-13 07:30:15,522] {scheduler_job.py:633} INFO - Processing file /home/airflow/sandbox/lib/python3.8/site-packages/airflow/example_dags/tutorial_etl_dag.py for tasks to queue
[2022-04-13 07:30:15,523] {logging_mixin.py:104} INFO - [2022-04-13 07:30:15,523] {dagbag.py:487} INFO - Filling up the DagBag from /home/airflow/sandbox/lib/python3.8/site-packages/airflow/example_dags/tutorial_etl_dag.py
[2022-04-13 07:30:15,910] {scheduler_job.py:643} INFO - DAG(s) dict_keys(['tutorial_etl_dag']) retrieved from /home/airflow/sandbox/lib/python3.8/site-packages/airflow/example_dags/tutorial_etl_dag.py
[2022-04-13 07:30:16,060] {logging_mixin.py:104} INFO - [2022-04-13 07:30:16,060] {dag.py:1832} INFO - Sync 1 DAGs
[2022-04-13 07:30:16,146] {logging_mixin.py:104} INFO - [2022-04-13 07:30:16,146] {dag.py:2305} INFO - Setting next_dagrun for tutorial_etl_dag to None
[2022-04-13 07:30:16,185] {scheduler_job.py:190} INFO - Processing /home/airflow/sandbox/lib/python3.8/site-packages/airflow/example_dags/tutorial_etl_dag.py took 0.700 seconds
[2022-04-13 07:30:48,548] {scheduler_job.py:182} INFO - Started process (PID=12312) to work on /home/airflow/sandbox/lib/python3.8/site-packages/airflow/example_dags/tutorial_etl_dag.py
[2022-04-13 07:30:48,551] {scheduler_job.py:633} INFO - Processing file /home/airflow/sandbox/lib/python3.8/site-packages/airflow/example_dags/tutorial_etl_dag.py for tasks to queue
[2022-04-13 07:30:48,552] {logging_mixin.py:104} INFO - [2022-04-13 07:30:48,552] {dagbag.py:487} INFO - Filling up the DagBag from /home/airflow/sandbox/lib/python3.8/site-packages/airflow/example_dags/tutorial_etl_dag.py
[2022-04-13 07:30:48,956] {scheduler_job.py:643} INFO - DAG(s) dict_keys(['tutorial_etl_dag']) retrieved from /home/airflow/sandbox/lib/python3.8/site-packages/airflow/example_dags/tutorial_etl_dag.py
[2022-04-13 07:30:49,008] {logging_mixin.py:104} INFO - [2022-04-13 07:30:49,008] {dag.py:1832} INFO - Sync 1 DAGs
[2022-04-13 07:30:49,037] {logging_mixin.py:104} INFO - [2022-04-13 07:30:49,036] {dag.py:2305} INFO - Setting next_dagrun for tutorial_etl_dag to None
[2022-04-13 07:30:49,102] {scheduler_job.py:190} INFO - Processing /home/airflow/sandbox/lib/python3.8/site-packages/airflow/example_dags/tutorial_etl_dag.py took 0.574 seconds
[2022-04-13 07:31:22,976] {scheduler_job.py:182} INFO - Started process (PID=12570) to work on /home/airflow/sandbox/lib/python3.8/site-packages/airflow/example_dags/tutorial_etl_dag.py
[2022-04-13 07:31:23,565] {scheduler_job.py:633} INFO - Processing file /home/airflow/sandbox/lib/python3.8/site-packages/airflow/example_dags/tutorial_etl_dag.py for tasks to queue
[2022-04-13 07:31:23,566] {logging_mixin.py:104} INFO - [2022-04-13 07:31:23,566] {dagbag.py:487} INFO - Filling up the DagBag from /home/airflow/sandbox/lib/python3.8/site-packages/airflow/example_dags/tutorial_etl_dag.py
[2022-04-13 07:31:23,608] {scheduler_job.py:643} INFO - DAG(s) dict_keys(['tutorial_etl_dag']) retrieved from /home/airflow/sandbox/lib/python3.8/site-packages/airflow/example_dags/tutorial_etl_dag.py
[2022-04-13 07:31:23,738] {logging_mixin.py:104} INFO - [2022-04-13 07:31:23,738] {dag.py:1832} INFO - Sync 1 DAGs
[2022-04-13 07:31:23,783] {logging_mixin.py:104} INFO - [2022-04-13 07:31:23,782] {dag.py:2305} INFO - Setting next_dagrun for tutorial_etl_dag to None
[2022-04-13 07:31:23,969] {scheduler_job.py:190} INFO - Processing /home/airflow/sandbox/lib/python3.8/site-packages/airflow/example_dags/tutorial_etl_dag.py took 1.003 seconds
[2022-04-13 07:31:54,380] {scheduler_job.py:182} INFO - Started process (PID=12941) to work on /home/airflow/sandbox/lib/python3.8/site-packages/airflow/example_dags/tutorial_etl_dag.py
[2022-04-13 07:31:54,383] {scheduler_job.py:633} INFO - Processing file /home/airflow/sandbox/lib/python3.8/site-packages/airflow/example_dags/tutorial_etl_dag.py for tasks to queue
[2022-04-13 07:31:54,385] {logging_mixin.py:104} INFO - [2022-04-13 07:31:54,385] {dagbag.py:487} INFO - Filling up the DagBag from /home/airflow/sandbox/lib/python3.8/site-packages/airflow/example_dags/tutorial_etl_dag.py
[2022-04-13 07:31:54,450] {scheduler_job.py:643} INFO - DAG(s) dict_keys(['tutorial_etl_dag']) retrieved from /home/airflow/sandbox/lib/python3.8/site-packages/airflow/example_dags/tutorial_etl_dag.py
[2022-04-13 07:31:54,616] {logging_mixin.py:104} INFO - [2022-04-13 07:31:54,616] {dag.py:1832} INFO - Sync 1 DAGs
[2022-04-13 07:31:54,681] {logging_mixin.py:104} INFO - [2022-04-13 07:31:54,681] {dag.py:2305} INFO - Setting next_dagrun for tutorial_etl_dag to None
[2022-04-13 07:31:54,831] {scheduler_job.py:190} INFO - Processing /home/airflow/sandbox/lib/python3.8/site-packages/airflow/example_dags/tutorial_etl_dag.py took 0.470 seconds
[2022-04-13 07:32:25,522] {scheduler_job.py:182} INFO - Started process (PID=13161) to work on /home/airflow/sandbox/lib/python3.8/site-packages/airflow/example_dags/tutorial_etl_dag.py
[2022-04-13 07:32:25,525] {scheduler_job.py:633} INFO - Processing file /home/airflow/sandbox/lib/python3.8/site-packages/airflow/example_dags/tutorial_etl_dag.py for tasks to queue
[2022-04-13 07:32:25,528] {logging_mixin.py:104} INFO - [2022-04-13 07:32:25,527] {dagbag.py:487} INFO - Filling up the DagBag from /home/airflow/sandbox/lib/python3.8/site-packages/airflow/example_dags/tutorial_etl_dag.py
[2022-04-13 07:32:25,562] {scheduler_job.py:643} INFO - DAG(s) dict_keys(['tutorial_etl_dag']) retrieved from /home/airflow/sandbox/lib/python3.8/site-packages/airflow/example_dags/tutorial_etl_dag.py
[2022-04-13 07:32:25,628] {logging_mixin.py:104} INFO - [2022-04-13 07:32:25,628] {dag.py:1832} INFO - Sync 1 DAGs
[2022-04-13 07:32:25,670] {logging_mixin.py:104} INFO - [2022-04-13 07:32:25,670] {dag.py:2305} INFO - Setting next_dagrun for tutorial_etl_dag to None
[2022-04-13 07:32:25,703] {scheduler_job.py:190} INFO - Processing /home/airflow/sandbox/lib/python3.8/site-packages/airflow/example_dags/tutorial_etl_dag.py took 0.192 seconds
