[2022-04-13 07:09:25,977] {scheduler_job.py:182} INFO - Started process (PID=3009) to work on /home/airflow/sandbox/lib/python3.8/site-packages/airflow/example_dags/tutorial_taskflow_api_etl.py
[2022-04-13 07:09:25,980] {scheduler_job.py:633} INFO - Processing file /home/airflow/sandbox/lib/python3.8/site-packages/airflow/example_dags/tutorial_taskflow_api_etl.py for tasks to queue
[2022-04-13 07:09:25,990] {logging_mixin.py:104} INFO - [2022-04-13 07:09:25,981] {dagbag.py:487} INFO - Filling up the DagBag from /home/airflow/sandbox/lib/python3.8/site-packages/airflow/example_dags/tutorial_taskflow_api_etl.py
[2022-04-13 07:09:26,164] {scheduler_job.py:643} INFO - DAG(s) dict_keys(['tutorial_taskflow_api_etl']) retrieved from /home/airflow/sandbox/lib/python3.8/site-packages/airflow/example_dags/tutorial_taskflow_api_etl.py
[2022-04-13 07:09:28,351] {logging_mixin.py:104} INFO - [2022-04-13 07:09:28,351] {dag.py:1832} INFO - Sync 1 DAGs
[2022-04-13 07:09:28,440] {logging_mixin.py:104} INFO - [2022-04-13 07:09:28,440] {dag.py:2305} INFO - Setting next_dagrun for tutorial_taskflow_api_etl to None
[2022-04-13 07:09:28,539] {scheduler_job.py:190} INFO - Processing /home/airflow/sandbox/lib/python3.8/site-packages/airflow/example_dags/tutorial_taskflow_api_etl.py took 2.589 seconds
[2022-04-13 07:09:58,898] {scheduler_job.py:182} INFO - Started process (PID=3501) to work on /home/airflow/sandbox/lib/python3.8/site-packages/airflow/example_dags/tutorial_taskflow_api_etl.py
[2022-04-13 07:09:58,919] {scheduler_job.py:633} INFO - Processing file /home/airflow/sandbox/lib/python3.8/site-packages/airflow/example_dags/tutorial_taskflow_api_etl.py for tasks to queue
[2022-04-13 07:09:58,920] {logging_mixin.py:104} INFO - [2022-04-13 07:09:58,920] {dagbag.py:487} INFO - Filling up the DagBag from /home/airflow/sandbox/lib/python3.8/site-packages/airflow/example_dags/tutorial_taskflow_api_etl.py
[2022-04-13 07:09:59,006] {scheduler_job.py:643} INFO - DAG(s) dict_keys(['tutorial_taskflow_api_etl']) retrieved from /home/airflow/sandbox/lib/python3.8/site-packages/airflow/example_dags/tutorial_taskflow_api_etl.py
[2022-04-13 07:10:00,006] {logging_mixin.py:104} INFO - [2022-04-13 07:10:00,006] {dag.py:1832} INFO - Sync 1 DAGs
[2022-04-13 07:10:00,059] {logging_mixin.py:104} INFO - [2022-04-13 07:10:00,058] {dag.py:2305} INFO - Setting next_dagrun for tutorial_taskflow_api_etl to None
[2022-04-13 07:10:00,111] {scheduler_job.py:190} INFO - Processing /home/airflow/sandbox/lib/python3.8/site-packages/airflow/example_dags/tutorial_taskflow_api_etl.py took 1.222 seconds
[2022-04-13 07:14:37,279] {scheduler_job.py:182} INFO - Started process (PID=5143) to work on /home/airflow/sandbox/lib/python3.8/site-packages/airflow/example_dags/tutorial_taskflow_api_etl.py
[2022-04-13 07:14:37,282] {scheduler_job.py:633} INFO - Processing file /home/airflow/sandbox/lib/python3.8/site-packages/airflow/example_dags/tutorial_taskflow_api_etl.py for tasks to queue
[2022-04-13 07:14:37,284] {logging_mixin.py:104} INFO - [2022-04-13 07:14:37,283] {dagbag.py:487} INFO - Filling up the DagBag from /home/airflow/sandbox/lib/python3.8/site-packages/airflow/example_dags/tutorial_taskflow_api_etl.py
[2022-04-13 07:14:37,326] {scheduler_job.py:643} INFO - DAG(s) dict_keys(['tutorial_taskflow_api_etl']) retrieved from /home/airflow/sandbox/lib/python3.8/site-packages/airflow/example_dags/tutorial_taskflow_api_etl.py
[2022-04-13 07:14:38,916] {logging_mixin.py:104} INFO - [2022-04-13 07:14:38,916] {dag.py:1832} INFO - Sync 1 DAGs
[2022-04-13 07:14:38,981] {logging_mixin.py:104} INFO - [2022-04-13 07:14:38,981] {dag.py:2305} INFO - Setting next_dagrun for tutorial_taskflow_api_etl to None
[2022-04-13 07:14:39,153] {scheduler_job.py:190} INFO - Processing /home/airflow/sandbox/lib/python3.8/site-packages/airflow/example_dags/tutorial_taskflow_api_etl.py took 1.884 seconds
[2022-04-13 07:15:10,012] {scheduler_job.py:182} INFO - Started process (PID=5489) to work on /home/airflow/sandbox/lib/python3.8/site-packages/airflow/example_dags/tutorial_taskflow_api_etl.py
[2022-04-13 07:15:10,070] {scheduler_job.py:633} INFO - Processing file /home/airflow/sandbox/lib/python3.8/site-packages/airflow/example_dags/tutorial_taskflow_api_etl.py for tasks to queue
[2022-04-13 07:15:10,080] {logging_mixin.py:104} INFO - [2022-04-13 07:15:10,080] {dagbag.py:487} INFO - Filling up the DagBag from /home/airflow/sandbox/lib/python3.8/site-packages/airflow/example_dags/tutorial_taskflow_api_etl.py
[2022-04-13 07:15:10,144] {scheduler_job.py:643} INFO - DAG(s) dict_keys(['tutorial_taskflow_api_etl']) retrieved from /home/airflow/sandbox/lib/python3.8/site-packages/airflow/example_dags/tutorial_taskflow_api_etl.py
[2022-04-13 07:15:12,817] {logging_mixin.py:104} INFO - [2022-04-13 07:15:12,817] {dag.py:1832} INFO - Sync 1 DAGs
[2022-04-13 07:15:12,865] {logging_mixin.py:104} INFO - [2022-04-13 07:15:12,865] {dag.py:2305} INFO - Setting next_dagrun for tutorial_taskflow_api_etl to None
[2022-04-13 07:15:12,946] {scheduler_job.py:190} INFO - Processing /home/airflow/sandbox/lib/python3.8/site-packages/airflow/example_dags/tutorial_taskflow_api_etl.py took 2.946 seconds
[2022-04-13 07:15:43,402] {scheduler_job.py:182} INFO - Started process (PID=5838) to work on /home/airflow/sandbox/lib/python3.8/site-packages/airflow/example_dags/tutorial_taskflow_api_etl.py
[2022-04-13 07:15:43,405] {scheduler_job.py:633} INFO - Processing file /home/airflow/sandbox/lib/python3.8/site-packages/airflow/example_dags/tutorial_taskflow_api_etl.py for tasks to queue
[2022-04-13 07:15:43,407] {logging_mixin.py:104} INFO - [2022-04-13 07:15:43,406] {dagbag.py:487} INFO - Filling up the DagBag from /home/airflow/sandbox/lib/python3.8/site-packages/airflow/example_dags/tutorial_taskflow_api_etl.py
[2022-04-13 07:15:43,477] {scheduler_job.py:643} INFO - DAG(s) dict_keys(['tutorial_taskflow_api_etl']) retrieved from /home/airflow/sandbox/lib/python3.8/site-packages/airflow/example_dags/tutorial_taskflow_api_etl.py
[2022-04-13 07:15:45,803] {logging_mixin.py:104} INFO - [2022-04-13 07:15:45,803] {dag.py:1832} INFO - Sync 1 DAGs
[2022-04-13 07:15:45,902] {logging_mixin.py:104} INFO - [2022-04-13 07:15:45,902] {dag.py:2305} INFO - Setting next_dagrun for tutorial_taskflow_api_etl to None
[2022-04-13 07:15:46,173] {scheduler_job.py:190} INFO - Processing /home/airflow/sandbox/lib/python3.8/site-packages/airflow/example_dags/tutorial_taskflow_api_etl.py took 2.800 seconds
[2022-04-13 07:16:18,723] {scheduler_job.py:182} INFO - Started process (PID=6084) to work on /home/airflow/sandbox/lib/python3.8/site-packages/airflow/example_dags/tutorial_taskflow_api_etl.py
[2022-04-13 07:16:18,733] {scheduler_job.py:633} INFO - Processing file /home/airflow/sandbox/lib/python3.8/site-packages/airflow/example_dags/tutorial_taskflow_api_etl.py for tasks to queue
[2022-04-13 07:16:18,741] {logging_mixin.py:104} INFO - [2022-04-13 07:16:18,740] {dagbag.py:487} INFO - Filling up the DagBag from /home/airflow/sandbox/lib/python3.8/site-packages/airflow/example_dags/tutorial_taskflow_api_etl.py
[2022-04-13 07:16:18,904] {scheduler_job.py:643} INFO - DAG(s) dict_keys(['tutorial_taskflow_api_etl']) retrieved from /home/airflow/sandbox/lib/python3.8/site-packages/airflow/example_dags/tutorial_taskflow_api_etl.py
[2022-04-13 07:16:20,589] {logging_mixin.py:104} INFO - [2022-04-13 07:16:20,588] {dag.py:1832} INFO - Sync 1 DAGs
[2022-04-13 07:16:20,632] {logging_mixin.py:104} INFO - [2022-04-13 07:16:20,632] {dag.py:2305} INFO - Setting next_dagrun for tutorial_taskflow_api_etl to None
[2022-04-13 07:16:20,701] {scheduler_job.py:190} INFO - Processing /home/airflow/sandbox/lib/python3.8/site-packages/airflow/example_dags/tutorial_taskflow_api_etl.py took 2.005 seconds
[2022-04-13 07:16:50,886] {scheduler_job.py:182} INFO - Started process (PID=6291) to work on /home/airflow/sandbox/lib/python3.8/site-packages/airflow/example_dags/tutorial_taskflow_api_etl.py
[2022-04-13 07:16:50,889] {scheduler_job.py:633} INFO - Processing file /home/airflow/sandbox/lib/python3.8/site-packages/airflow/example_dags/tutorial_taskflow_api_etl.py for tasks to queue
[2022-04-13 07:16:50,891] {logging_mixin.py:104} INFO - [2022-04-13 07:16:50,891] {dagbag.py:487} INFO - Filling up the DagBag from /home/airflow/sandbox/lib/python3.8/site-packages/airflow/example_dags/tutorial_taskflow_api_etl.py
[2022-04-13 07:16:50,933] {scheduler_job.py:643} INFO - DAG(s) dict_keys(['tutorial_taskflow_api_etl']) retrieved from /home/airflow/sandbox/lib/python3.8/site-packages/airflow/example_dags/tutorial_taskflow_api_etl.py
[2022-04-13 07:16:52,027] {logging_mixin.py:104} INFO - [2022-04-13 07:16:52,027] {dag.py:1832} INFO - Sync 1 DAGs
[2022-04-13 07:16:52,071] {logging_mixin.py:104} INFO - [2022-04-13 07:16:52,070] {dag.py:2305} INFO - Setting next_dagrun for tutorial_taskflow_api_etl to None
[2022-04-13 07:16:52,332] {scheduler_job.py:190} INFO - Processing /home/airflow/sandbox/lib/python3.8/site-packages/airflow/example_dags/tutorial_taskflow_api_etl.py took 1.461 seconds
[2022-04-13 07:17:22,984] {scheduler_job.py:182} INFO - Started process (PID=6488) to work on /home/airflow/sandbox/lib/python3.8/site-packages/airflow/example_dags/tutorial_taskflow_api_etl.py
[2022-04-13 07:17:23,007] {scheduler_job.py:633} INFO - Processing file /home/airflow/sandbox/lib/python3.8/site-packages/airflow/example_dags/tutorial_taskflow_api_etl.py for tasks to queue
[2022-04-13 07:17:23,008] {logging_mixin.py:104} INFO - [2022-04-13 07:17:23,008] {dagbag.py:487} INFO - Filling up the DagBag from /home/airflow/sandbox/lib/python3.8/site-packages/airflow/example_dags/tutorial_taskflow_api_etl.py
[2022-04-13 07:17:23,134] {scheduler_job.py:643} INFO - DAG(s) dict_keys(['tutorial_taskflow_api_etl']) retrieved from /home/airflow/sandbox/lib/python3.8/site-packages/airflow/example_dags/tutorial_taskflow_api_etl.py
[2022-04-13 07:17:24,296] {logging_mixin.py:104} INFO - [2022-04-13 07:17:24,296] {dag.py:1832} INFO - Sync 1 DAGs
[2022-04-13 07:17:24,347] {logging_mixin.py:104} INFO - [2022-04-13 07:17:24,347] {dag.py:2305} INFO - Setting next_dagrun for tutorial_taskflow_api_etl to None
[2022-04-13 07:17:24,536] {scheduler_job.py:190} INFO - Processing /home/airflow/sandbox/lib/python3.8/site-packages/airflow/example_dags/tutorial_taskflow_api_etl.py took 1.562 seconds
[2022-04-13 07:17:54,935] {scheduler_job.py:182} INFO - Started process (PID=6685) to work on /home/airflow/sandbox/lib/python3.8/site-packages/airflow/example_dags/tutorial_taskflow_api_etl.py
[2022-04-13 07:17:54,938] {scheduler_job.py:633} INFO - Processing file /home/airflow/sandbox/lib/python3.8/site-packages/airflow/example_dags/tutorial_taskflow_api_etl.py for tasks to queue
[2022-04-13 07:17:54,940] {logging_mixin.py:104} INFO - [2022-04-13 07:17:54,940] {dagbag.py:487} INFO - Filling up the DagBag from /home/airflow/sandbox/lib/python3.8/site-packages/airflow/example_dags/tutorial_taskflow_api_etl.py
[2022-04-13 07:17:54,975] {scheduler_job.py:643} INFO - DAG(s) dict_keys(['tutorial_taskflow_api_etl']) retrieved from /home/airflow/sandbox/lib/python3.8/site-packages/airflow/example_dags/tutorial_taskflow_api_etl.py
[2022-04-13 07:17:56,442] {logging_mixin.py:104} INFO - [2022-04-13 07:17:56,442] {dag.py:1832} INFO - Sync 1 DAGs
[2022-04-13 07:17:56,485] {logging_mixin.py:104} INFO - [2022-04-13 07:17:56,485] {dag.py:2305} INFO - Setting next_dagrun for tutorial_taskflow_api_etl to None
[2022-04-13 07:17:56,561] {scheduler_job.py:190} INFO - Processing /home/airflow/sandbox/lib/python3.8/site-packages/airflow/example_dags/tutorial_taskflow_api_etl.py took 1.638 seconds
[2022-04-13 07:18:27,079] {scheduler_job.py:182} INFO - Started process (PID=6884) to work on /home/airflow/sandbox/lib/python3.8/site-packages/airflow/example_dags/tutorial_taskflow_api_etl.py
[2022-04-13 07:18:27,082] {scheduler_job.py:633} INFO - Processing file /home/airflow/sandbox/lib/python3.8/site-packages/airflow/example_dags/tutorial_taskflow_api_etl.py for tasks to queue
[2022-04-13 07:18:27,088] {logging_mixin.py:104} INFO - [2022-04-13 07:18:27,087] {dagbag.py:487} INFO - Filling up the DagBag from /home/airflow/sandbox/lib/python3.8/site-packages/airflow/example_dags/tutorial_taskflow_api_etl.py
[2022-04-13 07:18:27,145] {scheduler_job.py:643} INFO - DAG(s) dict_keys(['tutorial_taskflow_api_etl']) retrieved from /home/airflow/sandbox/lib/python3.8/site-packages/airflow/example_dags/tutorial_taskflow_api_etl.py
[2022-04-13 07:18:28,646] {logging_mixin.py:104} INFO - [2022-04-13 07:18:28,645] {dag.py:1832} INFO - Sync 1 DAGs
[2022-04-13 07:18:28,724] {logging_mixin.py:104} INFO - [2022-04-13 07:18:28,723] {dag.py:2305} INFO - Setting next_dagrun for tutorial_taskflow_api_etl to None
[2022-04-13 07:18:29,069] {scheduler_job.py:190} INFO - Processing /home/airflow/sandbox/lib/python3.8/site-packages/airflow/example_dags/tutorial_taskflow_api_etl.py took 1.999 seconds
[2022-04-13 07:19:00,585] {scheduler_job.py:182} INFO - Started process (PID=7098) to work on /home/airflow/sandbox/lib/python3.8/site-packages/airflow/example_dags/tutorial_taskflow_api_etl.py
[2022-04-13 07:19:00,587] {scheduler_job.py:633} INFO - Processing file /home/airflow/sandbox/lib/python3.8/site-packages/airflow/example_dags/tutorial_taskflow_api_etl.py for tasks to queue
[2022-04-13 07:19:00,589] {logging_mixin.py:104} INFO - [2022-04-13 07:19:00,589] {dagbag.py:487} INFO - Filling up the DagBag from /home/airflow/sandbox/lib/python3.8/site-packages/airflow/example_dags/tutorial_taskflow_api_etl.py
[2022-04-13 07:19:00,675] {scheduler_job.py:643} INFO - DAG(s) dict_keys(['tutorial_taskflow_api_etl']) retrieved from /home/airflow/sandbox/lib/python3.8/site-packages/airflow/example_dags/tutorial_taskflow_api_etl.py
[2022-04-13 07:19:02,509] {logging_mixin.py:104} INFO - [2022-04-13 07:19:02,509] {dag.py:1832} INFO - Sync 1 DAGs
[2022-04-13 07:19:02,574] {logging_mixin.py:104} INFO - [2022-04-13 07:19:02,573] {dag.py:2305} INFO - Setting next_dagrun for tutorial_taskflow_api_etl to None
[2022-04-13 07:19:02,701] {scheduler_job.py:190} INFO - Processing /home/airflow/sandbox/lib/python3.8/site-packages/airflow/example_dags/tutorial_taskflow_api_etl.py took 2.153 seconds
[2022-04-13 07:19:33,012] {scheduler_job.py:182} INFO - Started process (PID=7541) to work on /home/airflow/sandbox/lib/python3.8/site-packages/airflow/example_dags/tutorial_taskflow_api_etl.py
[2022-04-13 07:19:33,017] {scheduler_job.py:633} INFO - Processing file /home/airflow/sandbox/lib/python3.8/site-packages/airflow/example_dags/tutorial_taskflow_api_etl.py for tasks to queue
[2022-04-13 07:19:33,019] {logging_mixin.py:104} INFO - [2022-04-13 07:19:33,018] {dagbag.py:487} INFO - Filling up the DagBag from /home/airflow/sandbox/lib/python3.8/site-packages/airflow/example_dags/tutorial_taskflow_api_etl.py
[2022-04-13 07:19:33,092] {scheduler_job.py:643} INFO - DAG(s) dict_keys(['tutorial_taskflow_api_etl']) retrieved from /home/airflow/sandbox/lib/python3.8/site-packages/airflow/example_dags/tutorial_taskflow_api_etl.py
[2022-04-13 07:19:34,214] {logging_mixin.py:104} INFO - [2022-04-13 07:19:34,213] {dag.py:1832} INFO - Sync 1 DAGs
[2022-04-13 07:19:34,283] {logging_mixin.py:104} INFO - [2022-04-13 07:19:34,283] {dag.py:2305} INFO - Setting next_dagrun for tutorial_taskflow_api_etl to None
[2022-04-13 07:19:34,518] {scheduler_job.py:190} INFO - Processing /home/airflow/sandbox/lib/python3.8/site-packages/airflow/example_dags/tutorial_taskflow_api_etl.py took 1.518 seconds
[2022-04-13 07:20:05,011] {scheduler_job.py:182} INFO - Started process (PID=7753) to work on /home/airflow/sandbox/lib/python3.8/site-packages/airflow/example_dags/tutorial_taskflow_api_etl.py
[2022-04-13 07:20:05,014] {scheduler_job.py:633} INFO - Processing file /home/airflow/sandbox/lib/python3.8/site-packages/airflow/example_dags/tutorial_taskflow_api_etl.py for tasks to queue
[2022-04-13 07:20:05,017] {logging_mixin.py:104} INFO - [2022-04-13 07:20:05,017] {dagbag.py:487} INFO - Filling up the DagBag from /home/airflow/sandbox/lib/python3.8/site-packages/airflow/example_dags/tutorial_taskflow_api_etl.py
[2022-04-13 07:20:05,060] {scheduler_job.py:643} INFO - DAG(s) dict_keys(['tutorial_taskflow_api_etl']) retrieved from /home/airflow/sandbox/lib/python3.8/site-packages/airflow/example_dags/tutorial_taskflow_api_etl.py
[2022-04-13 07:20:05,930] {logging_mixin.py:104} INFO - [2022-04-13 07:20:05,929] {dag.py:1832} INFO - Sync 1 DAGs
[2022-04-13 07:20:05,967] {logging_mixin.py:104} INFO - [2022-04-13 07:20:05,966] {dag.py:2305} INFO - Setting next_dagrun for tutorial_taskflow_api_etl to None
[2022-04-13 07:20:06,073] {scheduler_job.py:190} INFO - Processing /home/airflow/sandbox/lib/python3.8/site-packages/airflow/example_dags/tutorial_taskflow_api_etl.py took 1.092 seconds
[2022-04-13 07:20:37,397] {scheduler_job.py:182} INFO - Started process (PID=7956) to work on /home/airflow/sandbox/lib/python3.8/site-packages/airflow/example_dags/tutorial_taskflow_api_etl.py
[2022-04-13 07:20:37,412] {scheduler_job.py:633} INFO - Processing file /home/airflow/sandbox/lib/python3.8/site-packages/airflow/example_dags/tutorial_taskflow_api_etl.py for tasks to queue
[2022-04-13 07:20:37,414] {logging_mixin.py:104} INFO - [2022-04-13 07:20:37,413] {dagbag.py:487} INFO - Filling up the DagBag from /home/airflow/sandbox/lib/python3.8/site-packages/airflow/example_dags/tutorial_taskflow_api_etl.py
[2022-04-13 07:20:37,506] {scheduler_job.py:643} INFO - DAG(s) dict_keys(['tutorial_taskflow_api_etl']) retrieved from /home/airflow/sandbox/lib/python3.8/site-packages/airflow/example_dags/tutorial_taskflow_api_etl.py
[2022-04-13 07:20:39,015] {logging_mixin.py:104} INFO - [2022-04-13 07:20:39,014] {dag.py:1832} INFO - Sync 1 DAGs
[2022-04-13 07:20:39,058] {logging_mixin.py:104} INFO - [2022-04-13 07:20:39,057] {dag.py:2305} INFO - Setting next_dagrun for tutorial_taskflow_api_etl to None
[2022-04-13 07:20:39,280] {scheduler_job.py:190} INFO - Processing /home/airflow/sandbox/lib/python3.8/site-packages/airflow/example_dags/tutorial_taskflow_api_etl.py took 1.893 seconds
[2022-04-13 07:21:09,838] {scheduler_job.py:182} INFO - Started process (PID=8164) to work on /home/airflow/sandbox/lib/python3.8/site-packages/airflow/example_dags/tutorial_taskflow_api_etl.py
[2022-04-13 07:21:09,841] {scheduler_job.py:633} INFO - Processing file /home/airflow/sandbox/lib/python3.8/site-packages/airflow/example_dags/tutorial_taskflow_api_etl.py for tasks to queue
[2022-04-13 07:21:09,842] {logging_mixin.py:104} INFO - [2022-04-13 07:21:09,842] {dagbag.py:487} INFO - Filling up the DagBag from /home/airflow/sandbox/lib/python3.8/site-packages/airflow/example_dags/tutorial_taskflow_api_etl.py
[2022-04-13 07:21:09,967] {scheduler_job.py:643} INFO - DAG(s) dict_keys(['tutorial_taskflow_api_etl']) retrieved from /home/airflow/sandbox/lib/python3.8/site-packages/airflow/example_dags/tutorial_taskflow_api_etl.py
[2022-04-13 07:21:11,418] {logging_mixin.py:104} INFO - [2022-04-13 07:21:11,418] {dag.py:1832} INFO - Sync 1 DAGs
[2022-04-13 07:21:11,454] {logging_mixin.py:104} INFO - [2022-04-13 07:21:11,453] {dag.py:2305} INFO - Setting next_dagrun for tutorial_taskflow_api_etl to None
[2022-04-13 07:21:11,596] {scheduler_job.py:190} INFO - Processing /home/airflow/sandbox/lib/python3.8/site-packages/airflow/example_dags/tutorial_taskflow_api_etl.py took 1.772 seconds
[2022-04-13 07:21:41,941] {scheduler_job.py:182} INFO - Started process (PID=8363) to work on /home/airflow/sandbox/lib/python3.8/site-packages/airflow/example_dags/tutorial_taskflow_api_etl.py
[2022-04-13 07:21:41,969] {scheduler_job.py:633} INFO - Processing file /home/airflow/sandbox/lib/python3.8/site-packages/airflow/example_dags/tutorial_taskflow_api_etl.py for tasks to queue
[2022-04-13 07:21:41,970] {logging_mixin.py:104} INFO - [2022-04-13 07:21:41,970] {dagbag.py:487} INFO - Filling up the DagBag from /home/airflow/sandbox/lib/python3.8/site-packages/airflow/example_dags/tutorial_taskflow_api_etl.py
[2022-04-13 07:21:42,010] {scheduler_job.py:643} INFO - DAG(s) dict_keys(['tutorial_taskflow_api_etl']) retrieved from /home/airflow/sandbox/lib/python3.8/site-packages/airflow/example_dags/tutorial_taskflow_api_etl.py
[2022-04-13 07:21:43,478] {logging_mixin.py:104} INFO - [2022-04-13 07:21:43,477] {dag.py:1832} INFO - Sync 1 DAGs
[2022-04-13 07:21:43,522] {logging_mixin.py:104} INFO - [2022-04-13 07:21:43,522] {dag.py:2305} INFO - Setting next_dagrun for tutorial_taskflow_api_etl to None
[2022-04-13 07:21:43,745] {scheduler_job.py:190} INFO - Processing /home/airflow/sandbox/lib/python3.8/site-packages/airflow/example_dags/tutorial_taskflow_api_etl.py took 1.828 seconds
[2022-04-13 07:22:13,880] {scheduler_job.py:182} INFO - Started process (PID=8562) to work on /home/airflow/sandbox/lib/python3.8/site-packages/airflow/example_dags/tutorial_taskflow_api_etl.py
[2022-04-13 07:22:13,901] {scheduler_job.py:633} INFO - Processing file /home/airflow/sandbox/lib/python3.8/site-packages/airflow/example_dags/tutorial_taskflow_api_etl.py for tasks to queue
[2022-04-13 07:22:13,902] {logging_mixin.py:104} INFO - [2022-04-13 07:22:13,902] {dagbag.py:487} INFO - Filling up the DagBag from /home/airflow/sandbox/lib/python3.8/site-packages/airflow/example_dags/tutorial_taskflow_api_etl.py
[2022-04-13 07:22:13,954] {scheduler_job.py:643} INFO - DAG(s) dict_keys(['tutorial_taskflow_api_etl']) retrieved from /home/airflow/sandbox/lib/python3.8/site-packages/airflow/example_dags/tutorial_taskflow_api_etl.py
[2022-04-13 07:22:15,234] {logging_mixin.py:104} INFO - [2022-04-13 07:22:15,233] {dag.py:1832} INFO - Sync 1 DAGs
[2022-04-13 07:22:15,299] {logging_mixin.py:104} INFO - [2022-04-13 07:22:15,299] {dag.py:2305} INFO - Setting next_dagrun for tutorial_taskflow_api_etl to None
[2022-04-13 07:22:15,440] {scheduler_job.py:190} INFO - Processing /home/airflow/sandbox/lib/python3.8/site-packages/airflow/example_dags/tutorial_taskflow_api_etl.py took 1.567 seconds
[2022-04-13 07:22:46,302] {scheduler_job.py:182} INFO - Started process (PID=8762) to work on /home/airflow/sandbox/lib/python3.8/site-packages/airflow/example_dags/tutorial_taskflow_api_etl.py
[2022-04-13 07:22:46,304] {scheduler_job.py:633} INFO - Processing file /home/airflow/sandbox/lib/python3.8/site-packages/airflow/example_dags/tutorial_taskflow_api_etl.py for tasks to queue
[2022-04-13 07:22:46,305] {logging_mixin.py:104} INFO - [2022-04-13 07:22:46,305] {dagbag.py:487} INFO - Filling up the DagBag from /home/airflow/sandbox/lib/python3.8/site-packages/airflow/example_dags/tutorial_taskflow_api_etl.py
[2022-04-13 07:22:46,328] {scheduler_job.py:643} INFO - DAG(s) dict_keys(['tutorial_taskflow_api_etl']) retrieved from /home/airflow/sandbox/lib/python3.8/site-packages/airflow/example_dags/tutorial_taskflow_api_etl.py
[2022-04-13 07:22:47,659] {logging_mixin.py:104} INFO - [2022-04-13 07:22:47,658] {dag.py:1832} INFO - Sync 1 DAGs
[2022-04-13 07:22:47,716] {logging_mixin.py:104} INFO - [2022-04-13 07:22:47,715] {dag.py:2305} INFO - Setting next_dagrun for tutorial_taskflow_api_etl to None
[2022-04-13 07:22:47,781] {scheduler_job.py:190} INFO - Processing /home/airflow/sandbox/lib/python3.8/site-packages/airflow/example_dags/tutorial_taskflow_api_etl.py took 1.486 seconds
[2022-04-13 07:23:17,958] {scheduler_job.py:182} INFO - Started process (PID=8964) to work on /home/airflow/sandbox/lib/python3.8/site-packages/airflow/example_dags/tutorial_taskflow_api_etl.py
[2022-04-13 07:23:17,961] {scheduler_job.py:633} INFO - Processing file /home/airflow/sandbox/lib/python3.8/site-packages/airflow/example_dags/tutorial_taskflow_api_etl.py for tasks to queue
[2022-04-13 07:23:17,966] {logging_mixin.py:104} INFO - [2022-04-13 07:23:17,966] {dagbag.py:487} INFO - Filling up the DagBag from /home/airflow/sandbox/lib/python3.8/site-packages/airflow/example_dags/tutorial_taskflow_api_etl.py
[2022-04-13 07:23:18,079] {scheduler_job.py:643} INFO - DAG(s) dict_keys(['tutorial_taskflow_api_etl']) retrieved from /home/airflow/sandbox/lib/python3.8/site-packages/airflow/example_dags/tutorial_taskflow_api_etl.py
[2022-04-13 07:23:19,677] {logging_mixin.py:104} INFO - [2022-04-13 07:23:19,677] {dag.py:1832} INFO - Sync 1 DAGs
[2022-04-13 07:23:19,763] {logging_mixin.py:104} INFO - [2022-04-13 07:23:19,762] {dag.py:2305} INFO - Setting next_dagrun for tutorial_taskflow_api_etl to None
[2022-04-13 07:23:19,893] {scheduler_job.py:190} INFO - Processing /home/airflow/sandbox/lib/python3.8/site-packages/airflow/example_dags/tutorial_taskflow_api_etl.py took 1.944 seconds
[2022-04-13 07:23:50,142] {scheduler_job.py:182} INFO - Started process (PID=9181) to work on /home/airflow/sandbox/lib/python3.8/site-packages/airflow/example_dags/tutorial_taskflow_api_etl.py
[2022-04-13 07:23:50,146] {scheduler_job.py:633} INFO - Processing file /home/airflow/sandbox/lib/python3.8/site-packages/airflow/example_dags/tutorial_taskflow_api_etl.py for tasks to queue
[2022-04-13 07:23:50,148] {logging_mixin.py:104} INFO - [2022-04-13 07:23:50,147] {dagbag.py:487} INFO - Filling up the DagBag from /home/airflow/sandbox/lib/python3.8/site-packages/airflow/example_dags/tutorial_taskflow_api_etl.py
[2022-04-13 07:23:50,186] {scheduler_job.py:643} INFO - DAG(s) dict_keys(['tutorial_taskflow_api_etl']) retrieved from /home/airflow/sandbox/lib/python3.8/site-packages/airflow/example_dags/tutorial_taskflow_api_etl.py
[2022-04-13 07:23:50,969] {logging_mixin.py:104} INFO - [2022-04-13 07:23:50,968] {dag.py:1832} INFO - Sync 1 DAGs
[2022-04-13 07:23:51,022] {logging_mixin.py:104} INFO - [2022-04-13 07:23:51,021] {dag.py:2305} INFO - Setting next_dagrun for tutorial_taskflow_api_etl to None
[2022-04-13 07:23:51,138] {scheduler_job.py:190} INFO - Processing /home/airflow/sandbox/lib/python3.8/site-packages/airflow/example_dags/tutorial_taskflow_api_etl.py took 1.009 seconds
[2022-04-13 07:24:22,246] {scheduler_job.py:182} INFO - Started process (PID=9450) to work on /home/airflow/sandbox/lib/python3.8/site-packages/airflow/example_dags/tutorial_taskflow_api_etl.py
[2022-04-13 07:24:22,252] {scheduler_job.py:633} INFO - Processing file /home/airflow/sandbox/lib/python3.8/site-packages/airflow/example_dags/tutorial_taskflow_api_etl.py for tasks to queue
[2022-04-13 07:24:22,256] {logging_mixin.py:104} INFO - [2022-04-13 07:24:22,255] {dagbag.py:487} INFO - Filling up the DagBag from /home/airflow/sandbox/lib/python3.8/site-packages/airflow/example_dags/tutorial_taskflow_api_etl.py
[2022-04-13 07:24:22,321] {scheduler_job.py:643} INFO - DAG(s) dict_keys(['tutorial_taskflow_api_etl']) retrieved from /home/airflow/sandbox/lib/python3.8/site-packages/airflow/example_dags/tutorial_taskflow_api_etl.py
[2022-04-13 07:24:23,582] {logging_mixin.py:104} INFO - [2022-04-13 07:24:23,582] {dag.py:1832} INFO - Sync 1 DAGs
[2022-04-13 07:24:23,696] {logging_mixin.py:104} INFO - [2022-04-13 07:24:23,696] {dag.py:2305} INFO - Setting next_dagrun for tutorial_taskflow_api_etl to None
[2022-04-13 07:24:23,765] {scheduler_job.py:190} INFO - Processing /home/airflow/sandbox/lib/python3.8/site-packages/airflow/example_dags/tutorial_taskflow_api_etl.py took 1.568 seconds
[2022-04-13 07:24:53,931] {scheduler_job.py:182} INFO - Started process (PID=9815) to work on /home/airflow/sandbox/lib/python3.8/site-packages/airflow/example_dags/tutorial_taskflow_api_etl.py
[2022-04-13 07:24:53,943] {scheduler_job.py:633} INFO - Processing file /home/airflow/sandbox/lib/python3.8/site-packages/airflow/example_dags/tutorial_taskflow_api_etl.py for tasks to queue
[2022-04-13 07:24:53,945] {logging_mixin.py:104} INFO - [2022-04-13 07:24:53,944] {dagbag.py:487} INFO - Filling up the DagBag from /home/airflow/sandbox/lib/python3.8/site-packages/airflow/example_dags/tutorial_taskflow_api_etl.py
[2022-04-13 07:24:54,026] {scheduler_job.py:643} INFO - DAG(s) dict_keys(['tutorial_taskflow_api_etl']) retrieved from /home/airflow/sandbox/lib/python3.8/site-packages/airflow/example_dags/tutorial_taskflow_api_etl.py
[2022-04-13 07:24:55,444] {logging_mixin.py:104} INFO - [2022-04-13 07:24:55,444] {dag.py:1832} INFO - Sync 1 DAGs
[2022-04-13 07:24:55,501] {logging_mixin.py:104} INFO - [2022-04-13 07:24:55,501] {dag.py:2305} INFO - Setting next_dagrun for tutorial_taskflow_api_etl to None
[2022-04-13 07:24:55,741] {scheduler_job.py:190} INFO - Processing /home/airflow/sandbox/lib/python3.8/site-packages/airflow/example_dags/tutorial_taskflow_api_etl.py took 1.831 seconds
[2022-04-13 07:25:25,969] {scheduler_job.py:182} INFO - Started process (PID=10019) to work on /home/airflow/sandbox/lib/python3.8/site-packages/airflow/example_dags/tutorial_taskflow_api_etl.py
[2022-04-13 07:25:25,972] {scheduler_job.py:633} INFO - Processing file /home/airflow/sandbox/lib/python3.8/site-packages/airflow/example_dags/tutorial_taskflow_api_etl.py for tasks to queue
[2022-04-13 07:25:25,974] {logging_mixin.py:104} INFO - [2022-04-13 07:25:25,974] {dagbag.py:487} INFO - Filling up the DagBag from /home/airflow/sandbox/lib/python3.8/site-packages/airflow/example_dags/tutorial_taskflow_api_etl.py
[2022-04-13 07:25:26,039] {scheduler_job.py:643} INFO - DAG(s) dict_keys(['tutorial_taskflow_api_etl']) retrieved from /home/airflow/sandbox/lib/python3.8/site-packages/airflow/example_dags/tutorial_taskflow_api_etl.py
[2022-04-13 07:25:27,513] {logging_mixin.py:104} INFO - [2022-04-13 07:25:27,513] {dag.py:1832} INFO - Sync 1 DAGs
[2022-04-13 07:25:27,538] {logging_mixin.py:104} INFO - [2022-04-13 07:25:27,538] {dag.py:2305} INFO - Setting next_dagrun for tutorial_taskflow_api_etl to None
[2022-04-13 07:25:27,782] {scheduler_job.py:190} INFO - Processing /home/airflow/sandbox/lib/python3.8/site-packages/airflow/example_dags/tutorial_taskflow_api_etl.py took 1.846 seconds
[2022-04-13 07:25:58,295] {scheduler_job.py:182} INFO - Started process (PID=10226) to work on /home/airflow/sandbox/lib/python3.8/site-packages/airflow/example_dags/tutorial_taskflow_api_etl.py
[2022-04-13 07:25:58,299] {scheduler_job.py:633} INFO - Processing file /home/airflow/sandbox/lib/python3.8/site-packages/airflow/example_dags/tutorial_taskflow_api_etl.py for tasks to queue
[2022-04-13 07:25:58,309] {logging_mixin.py:104} INFO - [2022-04-13 07:25:58,309] {dagbag.py:487} INFO - Filling up the DagBag from /home/airflow/sandbox/lib/python3.8/site-packages/airflow/example_dags/tutorial_taskflow_api_etl.py
[2022-04-13 07:25:58,403] {scheduler_job.py:643} INFO - DAG(s) dict_keys(['tutorial_taskflow_api_etl']) retrieved from /home/airflow/sandbox/lib/python3.8/site-packages/airflow/example_dags/tutorial_taskflow_api_etl.py
[2022-04-13 07:25:59,965] {logging_mixin.py:104} INFO - [2022-04-13 07:25:59,965] {dag.py:1832} INFO - Sync 1 DAGs
[2022-04-13 07:26:00,038] {logging_mixin.py:104} INFO - [2022-04-13 07:26:00,037] {dag.py:2305} INFO - Setting next_dagrun for tutorial_taskflow_api_etl to None
[2022-04-13 07:26:00,212] {scheduler_job.py:190} INFO - Processing /home/airflow/sandbox/lib/python3.8/site-packages/airflow/example_dags/tutorial_taskflow_api_etl.py took 1.955 seconds
[2022-04-13 07:26:30,524] {scheduler_job.py:182} INFO - Started process (PID=10433) to work on /home/airflow/sandbox/lib/python3.8/site-packages/airflow/example_dags/tutorial_taskflow_api_etl.py
[2022-04-13 07:26:30,539] {scheduler_job.py:633} INFO - Processing file /home/airflow/sandbox/lib/python3.8/site-packages/airflow/example_dags/tutorial_taskflow_api_etl.py for tasks to queue
[2022-04-13 07:26:30,555] {logging_mixin.py:104} INFO - [2022-04-13 07:26:30,555] {dagbag.py:487} INFO - Filling up the DagBag from /home/airflow/sandbox/lib/python3.8/site-packages/airflow/example_dags/tutorial_taskflow_api_etl.py
[2022-04-13 07:26:30,678] {scheduler_job.py:643} INFO - DAG(s) dict_keys(['tutorial_taskflow_api_etl']) retrieved from /home/airflow/sandbox/lib/python3.8/site-packages/airflow/example_dags/tutorial_taskflow_api_etl.py
[2022-04-13 07:26:32,411] {logging_mixin.py:104} INFO - [2022-04-13 07:26:32,411] {dag.py:1832} INFO - Sync 1 DAGs
[2022-04-13 07:26:32,479] {logging_mixin.py:104} INFO - [2022-04-13 07:26:32,479] {dag.py:2305} INFO - Setting next_dagrun for tutorial_taskflow_api_etl to None
[2022-04-13 07:26:32,676] {scheduler_job.py:190} INFO - Processing /home/airflow/sandbox/lib/python3.8/site-packages/airflow/example_dags/tutorial_taskflow_api_etl.py took 2.163 seconds
[2022-04-13 07:27:02,867] {scheduler_job.py:182} INFO - Started process (PID=10641) to work on /home/airflow/sandbox/lib/python3.8/site-packages/airflow/example_dags/tutorial_taskflow_api_etl.py
[2022-04-13 07:27:02,870] {scheduler_job.py:633} INFO - Processing file /home/airflow/sandbox/lib/python3.8/site-packages/airflow/example_dags/tutorial_taskflow_api_etl.py for tasks to queue
[2022-04-13 07:27:02,879] {logging_mixin.py:104} INFO - [2022-04-13 07:27:02,879] {dagbag.py:487} INFO - Filling up the DagBag from /home/airflow/sandbox/lib/python3.8/site-packages/airflow/example_dags/tutorial_taskflow_api_etl.py
[2022-04-13 07:27:02,977] {scheduler_job.py:643} INFO - DAG(s) dict_keys(['tutorial_taskflow_api_etl']) retrieved from /home/airflow/sandbox/lib/python3.8/site-packages/airflow/example_dags/tutorial_taskflow_api_etl.py
[2022-04-13 07:27:04,623] {logging_mixin.py:104} INFO - [2022-04-13 07:27:04,623] {dag.py:1832} INFO - Sync 1 DAGs
[2022-04-13 07:27:04,775] {logging_mixin.py:104} INFO - [2022-04-13 07:27:04,775] {dag.py:2305} INFO - Setting next_dagrun for tutorial_taskflow_api_etl to None
[2022-04-13 07:27:04,890] {scheduler_job.py:190} INFO - Processing /home/airflow/sandbox/lib/python3.8/site-packages/airflow/example_dags/tutorial_taskflow_api_etl.py took 2.100 seconds
[2022-04-13 07:27:35,263] {scheduler_job.py:182} INFO - Started process (PID=10852) to work on /home/airflow/sandbox/lib/python3.8/site-packages/airflow/example_dags/tutorial_taskflow_api_etl.py
[2022-04-13 07:27:35,267] {scheduler_job.py:633} INFO - Processing file /home/airflow/sandbox/lib/python3.8/site-packages/airflow/example_dags/tutorial_taskflow_api_etl.py for tasks to queue
[2022-04-13 07:27:35,269] {logging_mixin.py:104} INFO - [2022-04-13 07:27:35,268] {dagbag.py:487} INFO - Filling up the DagBag from /home/airflow/sandbox/lib/python3.8/site-packages/airflow/example_dags/tutorial_taskflow_api_etl.py
[2022-04-13 07:27:35,316] {scheduler_job.py:643} INFO - DAG(s) dict_keys(['tutorial_taskflow_api_etl']) retrieved from /home/airflow/sandbox/lib/python3.8/site-packages/airflow/example_dags/tutorial_taskflow_api_etl.py
[2022-04-13 07:27:36,795] {logging_mixin.py:104} INFO - [2022-04-13 07:27:36,795] {dag.py:1832} INFO - Sync 1 DAGs
[2022-04-13 07:27:36,848] {logging_mixin.py:104} INFO - [2022-04-13 07:27:36,847] {dag.py:2305} INFO - Setting next_dagrun for tutorial_taskflow_api_etl to None
[2022-04-13 07:27:36,925] {scheduler_job.py:190} INFO - Processing /home/airflow/sandbox/lib/python3.8/site-packages/airflow/example_dags/tutorial_taskflow_api_etl.py took 1.672 seconds
[2022-04-13 07:28:07,114] {scheduler_job.py:182} INFO - Started process (PID=11059) to work on /home/airflow/sandbox/lib/python3.8/site-packages/airflow/example_dags/tutorial_taskflow_api_etl.py
[2022-04-13 07:28:07,117] {scheduler_job.py:633} INFO - Processing file /home/airflow/sandbox/lib/python3.8/site-packages/airflow/example_dags/tutorial_taskflow_api_etl.py for tasks to queue
[2022-04-13 07:28:07,119] {logging_mixin.py:104} INFO - [2022-04-13 07:28:07,119] {dagbag.py:487} INFO - Filling up the DagBag from /home/airflow/sandbox/lib/python3.8/site-packages/airflow/example_dags/tutorial_taskflow_api_etl.py
[2022-04-13 07:28:07,299] {scheduler_job.py:643} INFO - DAG(s) dict_keys(['tutorial_taskflow_api_etl']) retrieved from /home/airflow/sandbox/lib/python3.8/site-packages/airflow/example_dags/tutorial_taskflow_api_etl.py
[2022-04-13 07:28:08,717] {logging_mixin.py:104} INFO - [2022-04-13 07:28:08,717] {dag.py:1832} INFO - Sync 1 DAGs
[2022-04-13 07:28:08,765] {logging_mixin.py:104} INFO - [2022-04-13 07:28:08,765] {dag.py:2305} INFO - Setting next_dagrun for tutorial_taskflow_api_etl to None
[2022-04-13 07:28:08,908] {scheduler_job.py:190} INFO - Processing /home/airflow/sandbox/lib/python3.8/site-packages/airflow/example_dags/tutorial_taskflow_api_etl.py took 1.802 seconds
[2022-04-13 07:28:39,203] {scheduler_job.py:182} INFO - Started process (PID=11264) to work on /home/airflow/sandbox/lib/python3.8/site-packages/airflow/example_dags/tutorial_taskflow_api_etl.py
[2022-04-13 07:28:39,206] {scheduler_job.py:633} INFO - Processing file /home/airflow/sandbox/lib/python3.8/site-packages/airflow/example_dags/tutorial_taskflow_api_etl.py for tasks to queue
[2022-04-13 07:28:39,208] {logging_mixin.py:104} INFO - [2022-04-13 07:28:39,207] {dagbag.py:487} INFO - Filling up the DagBag from /home/airflow/sandbox/lib/python3.8/site-packages/airflow/example_dags/tutorial_taskflow_api_etl.py
[2022-04-13 07:28:39,485] {scheduler_job.py:643} INFO - DAG(s) dict_keys(['tutorial_taskflow_api_etl']) retrieved from /home/airflow/sandbox/lib/python3.8/site-packages/airflow/example_dags/tutorial_taskflow_api_etl.py
[2022-04-13 07:28:40,519] {logging_mixin.py:104} INFO - [2022-04-13 07:28:40,519] {dag.py:1832} INFO - Sync 1 DAGs
[2022-04-13 07:28:40,548] {logging_mixin.py:104} INFO - [2022-04-13 07:28:40,547] {dag.py:2305} INFO - Setting next_dagrun for tutorial_taskflow_api_etl to None
[2022-04-13 07:28:40,631] {scheduler_job.py:190} INFO - Processing /home/airflow/sandbox/lib/python3.8/site-packages/airflow/example_dags/tutorial_taskflow_api_etl.py took 1.443 seconds
[2022-04-13 07:29:11,067] {scheduler_job.py:182} INFO - Started process (PID=11471) to work on /home/airflow/sandbox/lib/python3.8/site-packages/airflow/example_dags/tutorial_taskflow_api_etl.py
[2022-04-13 07:29:11,089] {scheduler_job.py:633} INFO - Processing file /home/airflow/sandbox/lib/python3.8/site-packages/airflow/example_dags/tutorial_taskflow_api_etl.py for tasks to queue
[2022-04-13 07:29:11,096] {logging_mixin.py:104} INFO - [2022-04-13 07:29:11,096] {dagbag.py:487} INFO - Filling up the DagBag from /home/airflow/sandbox/lib/python3.8/site-packages/airflow/example_dags/tutorial_taskflow_api_etl.py
[2022-04-13 07:29:11,291] {scheduler_job.py:643} INFO - DAG(s) dict_keys(['tutorial_taskflow_api_etl']) retrieved from /home/airflow/sandbox/lib/python3.8/site-packages/airflow/example_dags/tutorial_taskflow_api_etl.py
[2022-04-13 07:29:12,048] {logging_mixin.py:104} INFO - [2022-04-13 07:29:12,047] {dag.py:1832} INFO - Sync 1 DAGs
[2022-04-13 07:29:12,112] {logging_mixin.py:104} INFO - [2022-04-13 07:29:12,112] {dag.py:2305} INFO - Setting next_dagrun for tutorial_taskflow_api_etl to None
[2022-04-13 07:29:12,224] {scheduler_job.py:190} INFO - Processing /home/airflow/sandbox/lib/python3.8/site-packages/airflow/example_dags/tutorial_taskflow_api_etl.py took 1.166 seconds
[2022-04-13 07:29:42,889] {scheduler_job.py:182} INFO - Started process (PID=11911) to work on /home/airflow/sandbox/lib/python3.8/site-packages/airflow/example_dags/tutorial_taskflow_api_etl.py
[2022-04-13 07:29:42,928] {scheduler_job.py:633} INFO - Processing file /home/airflow/sandbox/lib/python3.8/site-packages/airflow/example_dags/tutorial_taskflow_api_etl.py for tasks to queue
[2022-04-13 07:29:42,931] {logging_mixin.py:104} INFO - [2022-04-13 07:29:42,930] {dagbag.py:487} INFO - Filling up the DagBag from /home/airflow/sandbox/lib/python3.8/site-packages/airflow/example_dags/tutorial_taskflow_api_etl.py
[2022-04-13 07:29:43,295] {scheduler_job.py:643} INFO - DAG(s) dict_keys(['tutorial_taskflow_api_etl']) retrieved from /home/airflow/sandbox/lib/python3.8/site-packages/airflow/example_dags/tutorial_taskflow_api_etl.py
[2022-04-13 07:29:44,449] {logging_mixin.py:104} INFO - [2022-04-13 07:29:44,449] {dag.py:1832} INFO - Sync 1 DAGs
[2022-04-13 07:29:44,481] {logging_mixin.py:104} INFO - [2022-04-13 07:29:44,481] {dag.py:2305} INFO - Setting next_dagrun for tutorial_taskflow_api_etl to None
[2022-04-13 07:29:44,745] {scheduler_job.py:190} INFO - Processing /home/airflow/sandbox/lib/python3.8/site-packages/airflow/example_dags/tutorial_taskflow_api_etl.py took 1.875 seconds
[2022-04-13 07:30:16,441] {scheduler_job.py:182} INFO - Started process (PID=12125) to work on /home/airflow/sandbox/lib/python3.8/site-packages/airflow/example_dags/tutorial_taskflow_api_etl.py
[2022-04-13 07:30:16,444] {scheduler_job.py:633} INFO - Processing file /home/airflow/sandbox/lib/python3.8/site-packages/airflow/example_dags/tutorial_taskflow_api_etl.py for tasks to queue
[2022-04-13 07:30:16,468] {logging_mixin.py:104} INFO - [2022-04-13 07:30:16,468] {dagbag.py:487} INFO - Filling up the DagBag from /home/airflow/sandbox/lib/python3.8/site-packages/airflow/example_dags/tutorial_taskflow_api_etl.py
[2022-04-13 07:30:16,820] {scheduler_job.py:643} INFO - DAG(s) dict_keys(['tutorial_taskflow_api_etl']) retrieved from /home/airflow/sandbox/lib/python3.8/site-packages/airflow/example_dags/tutorial_taskflow_api_etl.py
[2022-04-13 07:30:18,110] {logging_mixin.py:104} INFO - [2022-04-13 07:30:18,110] {dag.py:1832} INFO - Sync 1 DAGs
[2022-04-13 07:30:18,176] {logging_mixin.py:104} INFO - [2022-04-13 07:30:18,176] {dag.py:2305} INFO - Setting next_dagrun for tutorial_taskflow_api_etl to None
[2022-04-13 07:30:18,444] {scheduler_job.py:190} INFO - Processing /home/airflow/sandbox/lib/python3.8/site-packages/airflow/example_dags/tutorial_taskflow_api_etl.py took 2.011 seconds
[2022-04-13 07:30:49,617] {scheduler_job.py:182} INFO - Started process (PID=12329) to work on /home/airflow/sandbox/lib/python3.8/site-packages/airflow/example_dags/tutorial_taskflow_api_etl.py
[2022-04-13 07:30:49,645] {scheduler_job.py:633} INFO - Processing file /home/airflow/sandbox/lib/python3.8/site-packages/airflow/example_dags/tutorial_taskflow_api_etl.py for tasks to queue
[2022-04-13 07:30:49,647] {logging_mixin.py:104} INFO - [2022-04-13 07:30:49,647] {dagbag.py:487} INFO - Filling up the DagBag from /home/airflow/sandbox/lib/python3.8/site-packages/airflow/example_dags/tutorial_taskflow_api_etl.py
[2022-04-13 07:30:49,994] {scheduler_job.py:643} INFO - DAG(s) dict_keys(['tutorial_taskflow_api_etl']) retrieved from /home/airflow/sandbox/lib/python3.8/site-packages/airflow/example_dags/tutorial_taskflow_api_etl.py
[2022-04-13 07:30:51,301] {logging_mixin.py:104} INFO - [2022-04-13 07:30:51,301] {dag.py:1832} INFO - Sync 1 DAGs
[2022-04-13 07:30:51,361] {logging_mixin.py:104} INFO - [2022-04-13 07:30:51,360] {dag.py:2305} INFO - Setting next_dagrun for tutorial_taskflow_api_etl to None
[2022-04-13 07:30:51,525] {scheduler_job.py:190} INFO - Processing /home/airflow/sandbox/lib/python3.8/site-packages/airflow/example_dags/tutorial_taskflow_api_etl.py took 1.917 seconds
[2022-04-13 07:31:29,458] {scheduler_job.py:182} INFO - Started process (PID=12649) to work on /home/airflow/sandbox/lib/python3.8/site-packages/airflow/example_dags/tutorial_taskflow_api_etl.py
[2022-04-13 07:31:30,583] {scheduler_job.py:633} INFO - Processing file /home/airflow/sandbox/lib/python3.8/site-packages/airflow/example_dags/tutorial_taskflow_api_etl.py for tasks to queue
[2022-04-13 07:31:30,670] {logging_mixin.py:104} INFO - [2022-04-13 07:31:30,669] {dagbag.py:487} INFO - Filling up the DagBag from /home/airflow/sandbox/lib/python3.8/site-packages/airflow/example_dags/tutorial_taskflow_api_etl.py
[2022-04-13 07:31:31,067] {scheduler_job.py:643} INFO - DAG(s) dict_keys(['tutorial_taskflow_api_etl']) retrieved from /home/airflow/sandbox/lib/python3.8/site-packages/airflow/example_dags/tutorial_taskflow_api_etl.py
[2022-04-13 07:31:34,509] {logging_mixin.py:104} INFO - [2022-04-13 07:31:34,508] {dag.py:1832} INFO - Sync 1 DAGs
[2022-04-13 07:31:34,612] {logging_mixin.py:104} INFO - [2022-04-13 07:31:34,612] {dag.py:2305} INFO - Setting next_dagrun for tutorial_taskflow_api_etl to None
[2022-04-13 07:31:34,773] {scheduler_job.py:190} INFO - Processing /home/airflow/sandbox/lib/python3.8/site-packages/airflow/example_dags/tutorial_taskflow_api_etl.py took 5.327 seconds
[2022-04-13 07:32:05,496] {scheduler_job.py:182} INFO - Started process (PID=12998) to work on /home/airflow/sandbox/lib/python3.8/site-packages/airflow/example_dags/tutorial_taskflow_api_etl.py
[2022-04-13 07:32:05,505] {scheduler_job.py:633} INFO - Processing file /home/airflow/sandbox/lib/python3.8/site-packages/airflow/example_dags/tutorial_taskflow_api_etl.py for tasks to queue
[2022-04-13 07:32:05,509] {logging_mixin.py:104} INFO - [2022-04-13 07:32:05,508] {dagbag.py:487} INFO - Filling up the DagBag from /home/airflow/sandbox/lib/python3.8/site-packages/airflow/example_dags/tutorial_taskflow_api_etl.py
[2022-04-13 07:32:05,604] {scheduler_job.py:643} INFO - DAG(s) dict_keys(['tutorial_taskflow_api_etl']) retrieved from /home/airflow/sandbox/lib/python3.8/site-packages/airflow/example_dags/tutorial_taskflow_api_etl.py
[2022-04-13 07:32:07,309] {logging_mixin.py:104} INFO - [2022-04-13 07:32:07,309] {dag.py:1832} INFO - Sync 1 DAGs
[2022-04-13 07:32:07,377] {logging_mixin.py:104} INFO - [2022-04-13 07:32:07,377] {dag.py:2305} INFO - Setting next_dagrun for tutorial_taskflow_api_etl to None
[2022-04-13 07:32:07,640] {scheduler_job.py:190} INFO - Processing /home/airflow/sandbox/lib/python3.8/site-packages/airflow/example_dags/tutorial_taskflow_api_etl.py took 2.176 seconds
[2022-04-13 07:32:37,862] {scheduler_job.py:182} INFO - Started process (PID=13210) to work on /home/airflow/sandbox/lib/python3.8/site-packages/airflow/example_dags/tutorial_taskflow_api_etl.py
[2022-04-13 07:32:37,866] {scheduler_job.py:633} INFO - Processing file /home/airflow/sandbox/lib/python3.8/site-packages/airflow/example_dags/tutorial_taskflow_api_etl.py for tasks to queue
[2022-04-13 07:32:37,873] {logging_mixin.py:104} INFO - [2022-04-13 07:32:37,873] {dagbag.py:487} INFO - Filling up the DagBag from /home/airflow/sandbox/lib/python3.8/site-packages/airflow/example_dags/tutorial_taskflow_api_etl.py
[2022-04-13 07:32:37,963] {scheduler_job.py:643} INFO - DAG(s) dict_keys(['tutorial_taskflow_api_etl']) retrieved from /home/airflow/sandbox/lib/python3.8/site-packages/airflow/example_dags/tutorial_taskflow_api_etl.py
[2022-04-13 07:32:40,478] {logging_mixin.py:104} INFO - [2022-04-13 07:32:40,478] {dag.py:1832} INFO - Sync 1 DAGs
[2022-04-13 07:32:40,694] {logging_mixin.py:104} INFO - [2022-04-13 07:32:40,694] {dag.py:2305} INFO - Setting next_dagrun for tutorial_taskflow_api_etl to None
[2022-04-13 07:32:40,851] {scheduler_job.py:190} INFO - Processing /home/airflow/sandbox/lib/python3.8/site-packages/airflow/example_dags/tutorial_taskflow_api_etl.py took 3.020 seconds
