[2022-04-22 09:18:46,554] {taskinstance.py:1043} INFO - Dependencies all met for <TaskInstance: parallel_dag.task_4 scheduled__2022-04-21T00:00:00+00:00 [queued]>
[2022-04-22 09:18:46,586] {taskinstance.py:1043} INFO - Dependencies all met for <TaskInstance: parallel_dag.task_4 scheduled__2022-04-21T00:00:00+00:00 [queued]>
[2022-04-22 09:18:46,588] {taskinstance.py:1249} INFO - 
--------------------------------------------------------------------------------
[2022-04-22 09:18:46,588] {taskinstance.py:1250} INFO - Starting attempt 1 of 1
[2022-04-22 09:18:46,588] {taskinstance.py:1251} INFO - 
--------------------------------------------------------------------------------
[2022-04-22 09:18:46,676] {taskinstance.py:1270} INFO - Executing <Task(BashOperator): task_4> on 2022-04-21 00:00:00+00:00
[2022-04-22 09:18:46,678] {standard_task_runner.py:52} INFO - Started process 40395 to run task
[2022-04-22 09:18:46,683] {standard_task_runner.py:79} INFO - Running: ['airflow', 'tasks', 'run', 'parallel_dag', 'task_4', 'scheduled__2022-04-21T00:00:00+00:00', '--job-id', '200', '--raw', '--subdir', 'DAGS_FOLDER/parallel_dag.py', '--cfg-path', '/tmp/tmps5n6gqek', '--error-file', '/tmp/tmp8tg5h6vg']
[2022-04-22 09:18:46,683] {standard_task_runner.py:80} INFO - Job 200: Subtask task_4
[2022-04-22 09:18:46,764] {logging_mixin.py:109} INFO - Running <TaskInstance: parallel_dag.task_4 scheduled__2022-04-21T00:00:00+00:00 [running]> on host 10.0.2.15
[2022-04-22 09:18:46,862] {taskinstance.py:1446} INFO - Exporting the following env vars:
AIRFLOW_CTX_DAG_OWNER=solfa
AIRFLOW_CTX_DAG_ID=parallel_dag
AIRFLOW_CTX_TASK_ID=task_4
AIRFLOW_CTX_EXECUTION_DATE=2022-04-21T00:00:00+00:00
AIRFLOW_CTX_DAG_RUN_ID=scheduled__2022-04-21T00:00:00+00:00
[2022-04-22 09:18:46,863] {subprocess.py:62} INFO - Tmp dir root location: 
 /tmp
[2022-04-22 09:18:46,863] {subprocess.py:74} INFO - Running command: ['bash', '-c', 'sleep 3']
[2022-04-22 09:18:46,875] {subprocess.py:85} INFO - Output:
[2022-04-22 09:18:49,896] {subprocess.py:93} INFO - Command exited with return code 0
[2022-04-22 09:18:50,081] {taskinstance.py:1278} INFO - Marking task as SUCCESS. dag_id=parallel_dag, task_id=task_4, execution_date=20220421T000000, start_date=20220422T091846, end_date=20220422T091850
[2022-04-22 09:18:50,281] {local_task_job.py:154} INFO - Task exited with return code 0
[2022-04-22 09:18:50,394] {local_task_job.py:264} INFO - 0 downstream tasks scheduled from follow-on schedule check
