[2022-04-22 09:18:40,283] {taskinstance.py:1043} INFO - Dependencies all met for <TaskInstance: parallel_dag.processing_tasks.task_2 scheduled__2022-04-21T00:00:00+00:00 [queued]>
[2022-04-22 09:18:40,322] {taskinstance.py:1043} INFO - Dependencies all met for <TaskInstance: parallel_dag.processing_tasks.task_2 scheduled__2022-04-21T00:00:00+00:00 [queued]>
[2022-04-22 09:18:40,329] {taskinstance.py:1249} INFO - 
--------------------------------------------------------------------------------
[2022-04-22 09:18:40,329] {taskinstance.py:1250} INFO - Starting attempt 1 of 1
[2022-04-22 09:18:40,329] {taskinstance.py:1251} INFO - 
--------------------------------------------------------------------------------
[2022-04-22 09:18:40,356] {taskinstance.py:1270} INFO - Executing <Task(PythonOperator): processing_tasks.task_2> on 2022-04-21 00:00:00+00:00
[2022-04-22 09:18:40,359] {standard_task_runner.py:52} INFO - Started process 40115 to run task
[2022-04-22 09:18:40,394] {standard_task_runner.py:79} INFO - Running: ['airflow', 'tasks', 'run', 'parallel_dag', 'processing_tasks.task_2', 'scheduled__2022-04-21T00:00:00+00:00', '--job-id', '198', '--raw', '--subdir', 'DAGS_FOLDER/parallel_dag.py', '--cfg-path', '/tmp/tmpdsrm8gbq', '--error-file', '/tmp/tmp8ap6aokz']
[2022-04-22 09:18:40,400] {standard_task_runner.py:80} INFO - Job 198: Subtask processing_tasks.task_2
[2022-04-22 09:18:40,709] {logging_mixin.py:109} INFO - Running <TaskInstance: parallel_dag.processing_tasks.task_2 scheduled__2022-04-21T00:00:00+00:00 [running]> on host 10.0.2.15
[2022-04-22 09:18:40,965] {taskinstance.py:1446} INFO - Exporting the following env vars:
AIRFLOW_CTX_DAG_OWNER=solfa
AIRFLOW_CTX_DAG_ID=parallel_dag
AIRFLOW_CTX_TASK_ID=processing_tasks.task_2
AIRFLOW_CTX_EXECUTION_DATE=2022-04-21T00:00:00+00:00
AIRFLOW_CTX_DAG_RUN_ID=scheduled__2022-04-21T00:00:00+00:00
[2022-04-22 09:18:43,973] {python.py:175} INFO - Done. Returned value was: None
[2022-04-22 09:18:44,044] {taskinstance.py:1278} INFO - Marking task as SUCCESS. dag_id=parallel_dag, task_id=processing_tasks.task_2, execution_date=20220421T000000, start_date=20220422T091840, end_date=20220422T091844
[2022-04-22 09:18:44,424] {local_task_job.py:154} INFO - Task exited with return code 0
[2022-04-22 09:18:44,636] {local_task_job.py:264} INFO - 1 downstream tasks scheduled from follow-on schedule check
