[2022-04-15 13:48:58,685] {taskinstance.py:1043} INFO - Dependencies all met for <TaskInstance: parallel_dag.task_1 scheduled__2020-01-14T00:00:00+00:00 [queued]>
[2022-04-15 13:48:59,419] {taskinstance.py:1043} INFO - Dependencies all met for <TaskInstance: parallel_dag.task_1 scheduled__2020-01-14T00:00:00+00:00 [queued]>
[2022-04-15 13:48:59,429] {taskinstance.py:1249} INFO - 
--------------------------------------------------------------------------------
[2022-04-15 13:48:59,435] {taskinstance.py:1250} INFO - Starting attempt 1 of 1
[2022-04-15 13:48:59,442] {taskinstance.py:1251} INFO - 
--------------------------------------------------------------------------------
[2022-04-15 13:49:00,203] {taskinstance.py:1270} INFO - Executing <Task(BashOperator): task_1> on 2020-01-14 00:00:00+00:00
[2022-04-15 13:49:00,430] {standard_task_runner.py:52} INFO - Started process 107926 to run task
[2022-04-15 13:49:00,259] {standard_task_runner.py:79} INFO - Running: ['airflow', 'tasks', 'run', 'parallel_dag', 'task_1', 'scheduled__2020-01-14T00:00:00+00:00', '--job-id', '68', '--raw', '--subdir', 'DAGS_FOLDER/parallel_dag.py', '--cfg-path', '/tmp/tmpv3tgjcd5', '--error-file', '/tmp/tmpic7g88cm']
[2022-04-15 13:49:00,830] {standard_task_runner.py:80} INFO - Job 68: Subtask task_1
[2022-04-15 13:49:05,931] {logging_mixin.py:109} INFO - Running <TaskInstance: parallel_dag.task_1 scheduled__2020-01-14T00:00:00+00:00 [running]> on host 10.0.2.15
[2022-04-15 13:49:09,722] {taskinstance.py:1446} INFO - Exporting the following env vars:
AIRFLOW_CTX_DAG_OWNER=solfa
AIRFLOW_CTX_DAG_ID=parallel_dag
AIRFLOW_CTX_TASK_ID=task_1
AIRFLOW_CTX_EXECUTION_DATE=2020-01-14T00:00:00+00:00
AIRFLOW_CTX_DAG_RUN_ID=scheduled__2020-01-14T00:00:00+00:00
[2022-04-15 13:49:09,757] {subprocess.py:62} INFO - Tmp dir root location: 
 /tmp
[2022-04-15 13:49:09,796] {subprocess.py:74} INFO - Running command: ['bash', '-c', 'sleep 3']
[2022-04-15 13:49:09,999] {subprocess.py:85} INFO - Output:
[2022-04-15 13:49:13,271] {subprocess.py:93} INFO - Command exited with return code 0
[2022-04-15 13:49:14,915] {taskinstance.py:1278} INFO - Marking task as SUCCESS. dag_id=parallel_dag, task_id=task_1, execution_date=20200114T000000, start_date=20220415T134858, end_date=20220415T134914
[2022-04-15 13:49:16,315] {local_task_job.py:154} INFO - Task exited with return code 0
[2022-04-15 13:49:18,634] {local_task_job.py:264} INFO - 2 downstream tasks scheduled from follow-on schedule check
[2022-04-15 15:54:14,172] {taskinstance.py:1043} INFO - Dependencies all met for <TaskInstance: parallel_dag.task_1 scheduled__2020-01-14T00:00:00+00:00 [queued]>
[2022-04-15 15:54:14,179] {taskinstance.py:1043} INFO - Dependencies all met for <TaskInstance: parallel_dag.task_1 scheduled__2020-01-14T00:00:00+00:00 [queued]>
[2022-04-15 15:54:14,179] {taskinstance.py:1249} INFO - 
--------------------------------------------------------------------------------
[2022-04-15 15:54:14,179] {taskinstance.py:1250} INFO - Starting attempt 1 of 1
[2022-04-15 15:54:14,179] {taskinstance.py:1251} INFO - 
--------------------------------------------------------------------------------
[2022-04-15 15:54:14,191] {taskinstance.py:1270} INFO - Executing <Task(BashOperator): task_1> on 2020-01-14 00:00:00+00:00
[2022-04-15 15:54:14,194] {standard_task_runner.py:52} INFO - Started process 176045 to run task
[2022-04-15 15:54:14,205] {standard_task_runner.py:79} INFO - Running: ['airflow', 'tasks', 'run', 'parallel_dag', 'task_1', 'scheduled__2020-01-14T00:00:00+00:00', '--job-id', '131', '--raw', '--subdir', 'DAGS_FOLDER/parallel_dag.py', '--cfg-path', '/tmp/tmpgb6feavf', '--error-file', '/tmp/tmpoll6gqtg']
[2022-04-15 15:54:14,206] {standard_task_runner.py:80} INFO - Job 131: Subtask task_1
[2022-04-15 15:54:14,311] {logging_mixin.py:109} INFO - Running <TaskInstance: parallel_dag.task_1 scheduled__2020-01-14T00:00:00+00:00 [running]> on host 10.0.2.15
[2022-04-15 15:54:14,468] {taskinstance.py:1446} INFO - Exporting the following env vars:
AIRFLOW_CTX_DAG_OWNER=solfa
AIRFLOW_CTX_DAG_ID=parallel_dag
AIRFLOW_CTX_TASK_ID=task_1
AIRFLOW_CTX_EXECUTION_DATE=2020-01-14T00:00:00+00:00
AIRFLOW_CTX_DAG_RUN_ID=scheduled__2020-01-14T00:00:00+00:00
[2022-04-15 15:54:14,469] {subprocess.py:62} INFO - Tmp dir root location: 
 /tmp
[2022-04-15 15:54:14,472] {subprocess.py:74} INFO - Running command: ['bash', '-c', 'sleep 3']
[2022-04-15 15:54:14,484] {subprocess.py:85} INFO - Output:
[2022-04-15 15:54:17,500] {subprocess.py:93} INFO - Command exited with return code 0
[2022-04-15 15:54:17,539] {taskinstance.py:1278} INFO - Marking task as SUCCESS. dag_id=parallel_dag, task_id=task_1, execution_date=20200114T000000, start_date=20220415T155414, end_date=20220415T155417
[2022-04-15 15:54:17,559] {local_task_job.py:154} INFO - Task exited with return code 0
[2022-04-15 15:54:17,655] {local_task_job.py:264} INFO - 2 downstream tasks scheduled from follow-on schedule check
