[2022-04-15 13:51:32,796] {taskinstance.py:1043} INFO - Dependencies all met for <TaskInstance: parallel_dag.task_2 scheduled__2020-01-16T00:00:00+00:00 [queued]>
[2022-04-15 13:51:33,714] {taskinstance.py:1043} INFO - Dependencies all met for <TaskInstance: parallel_dag.task_2 scheduled__2020-01-16T00:00:00+00:00 [queued]>
[2022-04-15 13:51:33,760] {taskinstance.py:1249} INFO - 
--------------------------------------------------------------------------------
[2022-04-15 13:51:33,761] {taskinstance.py:1250} INFO - Starting attempt 1 of 1
[2022-04-15 13:51:33,761] {taskinstance.py:1251} INFO - 
--------------------------------------------------------------------------------
[2022-04-15 13:51:34,570] {taskinstance.py:1270} INFO - Executing <Task(PythonOperator): task_2> on 2020-01-16 00:00:00+00:00
[2022-04-15 13:51:34,832] {standard_task_runner.py:52} INFO - Started process 114379 to run task
[2022-04-15 13:51:35,191] {standard_task_runner.py:79} INFO - Running: ['airflow', 'tasks', 'run', 'parallel_dag', 'task_2', 'scheduled__2020-01-16T00:00:00+00:00', '--job-id', '94', '--raw', '--subdir', 'DAGS_FOLDER/parallel_dag.py', '--cfg-path', '/tmp/tmp_3p5mhkb', '--error-file', '/tmp/tmpkx8ztf1j']
[2022-04-15 13:51:35,316] {standard_task_runner.py:80} INFO - Job 94: Subtask task_2
[2022-04-15 13:51:39,784] {logging_mixin.py:109} INFO - Running <TaskInstance: parallel_dag.task_2 scheduled__2020-01-16T00:00:00+00:00 [running]> on host 10.0.2.15
[2022-04-15 13:51:44,232] {taskinstance.py:1446} INFO - Exporting the following env vars:
AIRFLOW_CTX_DAG_OWNER=solfa
AIRFLOW_CTX_DAG_ID=parallel_dag
AIRFLOW_CTX_TASK_ID=task_2
AIRFLOW_CTX_EXECUTION_DATE=2020-01-16T00:00:00+00:00
AIRFLOW_CTX_DAG_RUN_ID=scheduled__2020-01-16T00:00:00+00:00
[2022-04-15 13:51:47,310] {python.py:175} INFO - Done. Returned value was: None
[2022-04-15 13:51:50,986] {taskinstance.py:1278} INFO - Marking task as SUCCESS. dag_id=parallel_dag, task_id=task_2, execution_date=20200116T000000, start_date=20220415T135132, end_date=20220415T135150
[2022-04-15 13:51:52,039] {local_task_job.py:154} INFO - Task exited with return code 0
[2022-04-15 13:51:54,793] {local_task_job.py:264} INFO - 0 downstream tasks scheduled from follow-on schedule check
[2022-04-15 15:57:20,977] {taskinstance.py:1043} INFO - Dependencies all met for <TaskInstance: parallel_dag.task_2 scheduled__2020-01-16T00:00:00+00:00 [queued]>
[2022-04-15 15:57:21,039] {taskinstance.py:1043} INFO - Dependencies all met for <TaskInstance: parallel_dag.task_2 scheduled__2020-01-16T00:00:00+00:00 [queued]>
[2022-04-15 15:57:21,041] {taskinstance.py:1249} INFO - 
--------------------------------------------------------------------------------
[2022-04-15 15:57:21,042] {taskinstance.py:1250} INFO - Starting attempt 1 of 1
[2022-04-15 15:57:21,043] {taskinstance.py:1251} INFO - 
--------------------------------------------------------------------------------
[2022-04-15 15:57:21,095] {taskinstance.py:1270} INFO - Executing <Task(PythonOperator): task_2> on 2020-01-16 00:00:00+00:00
[2022-04-15 15:57:21,104] {standard_task_runner.py:52} INFO - Started process 184006 to run task
[2022-04-15 15:57:21,116] {standard_task_runner.py:79} INFO - Running: ['airflow', 'tasks', 'run', 'parallel_dag', 'task_2', 'scheduled__2020-01-16T00:00:00+00:00', '--job-id', '165', '--raw', '--subdir', 'DAGS_FOLDER/parallel_dag.py', '--cfg-path', '/tmp/tmp9x3g7dhv', '--error-file', '/tmp/tmpgow7g39n']
[2022-04-15 15:57:21,141] {standard_task_runner.py:80} INFO - Job 165: Subtask task_2
[2022-04-15 15:57:21,398] {logging_mixin.py:109} INFO - Running <TaskInstance: parallel_dag.task_2 scheduled__2020-01-16T00:00:00+00:00 [running]> on host 10.0.2.15
[2022-04-15 15:57:21,585] {taskinstance.py:1446} INFO - Exporting the following env vars:
AIRFLOW_CTX_DAG_OWNER=solfa
AIRFLOW_CTX_DAG_ID=parallel_dag
AIRFLOW_CTX_TASK_ID=task_2
AIRFLOW_CTX_EXECUTION_DATE=2020-01-16T00:00:00+00:00
AIRFLOW_CTX_DAG_RUN_ID=scheduled__2020-01-16T00:00:00+00:00
[2022-04-15 15:57:24,589] {python.py:175} INFO - Done. Returned value was: None
[2022-04-15 15:57:24,610] {taskinstance.py:1278} INFO - Marking task as SUCCESS. dag_id=parallel_dag, task_id=task_2, execution_date=20200116T000000, start_date=20220415T155720, end_date=20220415T155724
[2022-04-15 15:57:24,658] {local_task_job.py:154} INFO - Task exited with return code 0
[2022-04-15 15:57:24,696] {local_task_job.py:264} INFO - 1 downstream tasks scheduled from follow-on schedule check
