[2022-04-15 13:52:44,034] {taskinstance.py:1043} INFO - Dependencies all met for <TaskInstance: parallel_dag.task_1 scheduled__2020-01-25T00:00:00+00:00 [queued]>
[2022-04-15 13:52:44,881] {taskinstance.py:1043} INFO - Dependencies all met for <TaskInstance: parallel_dag.task_1 scheduled__2020-01-25T00:00:00+00:00 [queued]>
[2022-04-15 13:52:44,942] {taskinstance.py:1249} INFO - 
--------------------------------------------------------------------------------
[2022-04-15 13:52:44,942] {taskinstance.py:1250} INFO - Starting attempt 1 of 1
[2022-04-15 13:52:44,942] {taskinstance.py:1251} INFO - 
--------------------------------------------------------------------------------
[2022-04-15 13:52:45,919] {taskinstance.py:1270} INFO - Executing <Task(BashOperator): task_1> on 2020-01-25 00:00:00+00:00
[2022-04-15 13:52:46,024] {standard_task_runner.py:52} INFO - Started process 117193 to run task
[2022-04-15 13:52:46,371] {standard_task_runner.py:79} INFO - Running: ['airflow', 'tasks', 'run', 'parallel_dag', 'task_1', 'scheduled__2020-01-25T00:00:00+00:00', '--job-id', '115', '--raw', '--subdir', 'DAGS_FOLDER/parallel_dag.py', '--cfg-path', '/tmp/tmpz79q9edr', '--error-file', '/tmp/tmp6i020te8']
[2022-04-15 13:52:46,799] {standard_task_runner.py:80} INFO - Job 115: Subtask task_1
[2022-04-15 13:52:51,068] {logging_mixin.py:109} INFO - Running <TaskInstance: parallel_dag.task_1 scheduled__2020-01-25T00:00:00+00:00 [running]> on host 10.0.2.15
[2022-04-15 13:52:56,052] {taskinstance.py:1446} INFO - Exporting the following env vars:
AIRFLOW_CTX_DAG_OWNER=solfa
AIRFLOW_CTX_DAG_ID=parallel_dag
AIRFLOW_CTX_TASK_ID=task_1
AIRFLOW_CTX_EXECUTION_DATE=2020-01-25T00:00:00+00:00
AIRFLOW_CTX_DAG_RUN_ID=scheduled__2020-01-25T00:00:00+00:00
[2022-04-15 13:52:56,139] {subprocess.py:62} INFO - Tmp dir root location: 
 /tmp
[2022-04-15 13:52:56,153] {subprocess.py:74} INFO - Running command: ['bash', '-c', 'sleep 3']
[2022-04-15 13:52:56,429] {subprocess.py:85} INFO - Output:
[2022-04-15 13:52:59,774] {subprocess.py:93} INFO - Command exited with return code 0
[2022-04-15 13:53:01,854] {taskinstance.py:1278} INFO - Marking task as SUCCESS. dag_id=parallel_dag, task_id=task_1, execution_date=20200125T000000, start_date=20220415T135244, end_date=20220415T135301
[2022-04-15 13:53:03,053] {local_task_job.py:154} INFO - Task exited with return code 0
[2022-04-15 13:53:05,221] {local_task_job.py:264} INFO - 2 downstream tasks scheduled from follow-on schedule check
