[2022-04-15 13:46:32,859] {taskinstance.py:1043} INFO - Dependencies all met for <TaskInstance: parallel_dag.task_1 scheduled__2020-01-08T00:00:00+00:00 [queued]>
[2022-04-15 13:46:33,825] {taskinstance.py:1043} INFO - Dependencies all met for <TaskInstance: parallel_dag.task_1 scheduled__2020-01-08T00:00:00+00:00 [queued]>
[2022-04-15 13:46:33,837] {taskinstance.py:1249} INFO - 
--------------------------------------------------------------------------------
[2022-04-15 13:46:33,866] {taskinstance.py:1250} INFO - Starting attempt 1 of 1
[2022-04-15 13:46:33,942] {taskinstance.py:1251} INFO - 
--------------------------------------------------------------------------------
[2022-04-15 13:46:35,324] {taskinstance.py:1270} INFO - Executing <Task(BashOperator): task_1> on 2020-01-08 00:00:00+00:00
[2022-04-15 13:46:35,453] {standard_task_runner.py:79} INFO - Running: ['airflow', 'tasks', 'run', 'parallel_dag', 'task_1', 'scheduled__2020-01-08T00:00:00+00:00', '--job-id', '43', '--raw', '--subdir', 'DAGS_FOLDER/parallel_dag.py', '--cfg-path', '/tmp/tmp1wii0pqh', '--error-file', '/tmp/tmp_wkosy58']
[2022-04-15 13:46:35,574] {standard_task_runner.py:52} INFO - Started process 101553 to run task
[2022-04-15 13:46:36,080] {standard_task_runner.py:80} INFO - Job 43: Subtask task_1
[2022-04-15 13:46:41,239] {logging_mixin.py:109} INFO - Running <TaskInstance: parallel_dag.task_1 scheduled__2020-01-08T00:00:00+00:00 [running]> on host 10.0.2.15
[2022-04-15 13:46:46,598] {taskinstance.py:1446} INFO - Exporting the following env vars:
AIRFLOW_CTX_DAG_OWNER=solfa
AIRFLOW_CTX_DAG_ID=parallel_dag
AIRFLOW_CTX_TASK_ID=task_1
AIRFLOW_CTX_EXECUTION_DATE=2020-01-08T00:00:00+00:00
AIRFLOW_CTX_DAG_RUN_ID=scheduled__2020-01-08T00:00:00+00:00
[2022-04-15 13:46:46,641] {subprocess.py:62} INFO - Tmp dir root location: 
 /tmp
[2022-04-15 13:46:46,805] {subprocess.py:74} INFO - Running command: ['bash', '-c', 'sleep 3']
[2022-04-15 13:46:47,693] {subprocess.py:85} INFO - Output:
[2022-04-15 13:46:51,756] {subprocess.py:93} INFO - Command exited with return code 0
[2022-04-15 13:46:54,270] {taskinstance.py:1278} INFO - Marking task as SUCCESS. dag_id=parallel_dag, task_id=task_1, execution_date=20200108T000000, start_date=20220415T134632, end_date=20220415T134654
[2022-04-15 13:46:57,386] {local_task_job.py:154} INFO - Task exited with return code 0
[2022-04-15 13:47:11,931] {local_task_job.py:264} INFO - 0 downstream tasks scheduled from follow-on schedule check
[2022-04-15 15:53:42,789] {taskinstance.py:1043} INFO - Dependencies all met for <TaskInstance: parallel_dag.task_1 scheduled__2020-01-08T00:00:00+00:00 [queued]>
[2022-04-15 15:53:42,800] {taskinstance.py:1043} INFO - Dependencies all met for <TaskInstance: parallel_dag.task_1 scheduled__2020-01-08T00:00:00+00:00 [queued]>
[2022-04-15 15:53:42,801] {taskinstance.py:1249} INFO - 
--------------------------------------------------------------------------------
[2022-04-15 15:53:42,801] {taskinstance.py:1250} INFO - Starting attempt 1 of 1
[2022-04-15 15:53:42,801] {taskinstance.py:1251} INFO - 
--------------------------------------------------------------------------------
[2022-04-15 15:53:42,814] {taskinstance.py:1270} INFO - Executing <Task(BashOperator): task_1> on 2020-01-08 00:00:00+00:00
[2022-04-15 15:53:42,816] {standard_task_runner.py:52} INFO - Started process 174668 to run task
[2022-04-15 15:53:42,823] {standard_task_runner.py:79} INFO - Running: ['airflow', 'tasks', 'run', 'parallel_dag', 'task_1', 'scheduled__2020-01-08T00:00:00+00:00', '--job-id', '125', '--raw', '--subdir', 'DAGS_FOLDER/parallel_dag.py', '--cfg-path', '/tmp/tmpv724z7c2', '--error-file', '/tmp/tmp3jkmgew7']
[2022-04-15 15:53:42,826] {standard_task_runner.py:80} INFO - Job 125: Subtask task_1
[2022-04-15 15:53:42,959] {logging_mixin.py:109} INFO - Running <TaskInstance: parallel_dag.task_1 scheduled__2020-01-08T00:00:00+00:00 [running]> on host 10.0.2.15
[2022-04-15 15:53:43,072] {taskinstance.py:1446} INFO - Exporting the following env vars:
AIRFLOW_CTX_DAG_OWNER=solfa
AIRFLOW_CTX_DAG_ID=parallel_dag
AIRFLOW_CTX_TASK_ID=task_1
AIRFLOW_CTX_EXECUTION_DATE=2020-01-08T00:00:00+00:00
AIRFLOW_CTX_DAG_RUN_ID=scheduled__2020-01-08T00:00:00+00:00
[2022-04-15 15:53:43,073] {subprocess.py:62} INFO - Tmp dir root location: 
 /tmp
[2022-04-15 15:53:43,073] {subprocess.py:74} INFO - Running command: ['bash', '-c', 'sleep 3']
[2022-04-15 15:53:43,080] {subprocess.py:85} INFO - Output:
[2022-04-15 15:53:46,087] {subprocess.py:93} INFO - Command exited with return code 0
[2022-04-15 15:53:46,428] {taskinstance.py:1278} INFO - Marking task as SUCCESS. dag_id=parallel_dag, task_id=task_1, execution_date=20200108T000000, start_date=20220415T155342, end_date=20220415T155346
[2022-04-15 15:53:46,503] {local_task_job.py:154} INFO - Task exited with return code 0
[2022-04-15 15:53:46,621] {local_task_job.py:264} INFO - 2 downstream tasks scheduled from follow-on schedule check
