[2022-04-15 13:47:19,514] {taskinstance.py:1043} INFO - Dependencies all met for <TaskInstance: parallel_dag.task_2 scheduled__2020-01-06T00:00:00+00:00 [queued]>
[2022-04-15 13:47:20,954] {taskinstance.py:1043} INFO - Dependencies all met for <TaskInstance: parallel_dag.task_2 scheduled__2020-01-06T00:00:00+00:00 [queued]>
[2022-04-15 13:47:21,009] {taskinstance.py:1249} INFO - 
--------------------------------------------------------------------------------
[2022-04-15 13:47:21,009] {taskinstance.py:1250} INFO - Starting attempt 1 of 1
[2022-04-15 13:47:21,009] {taskinstance.py:1251} INFO - 
--------------------------------------------------------------------------------
[2022-04-15 13:47:22,209] {taskinstance.py:1270} INFO - Executing <Task(PythonOperator): task_2> on 2020-01-06 00:00:00+00:00
[2022-04-15 13:47:22,381] {standard_task_runner.py:52} INFO - Started process 103378 to run task
[2022-04-15 13:47:22,585] {standard_task_runner.py:79} INFO - Running: ['airflow', 'tasks', 'run', 'parallel_dag', 'task_2', 'scheduled__2020-01-06T00:00:00+00:00', '--job-id', '49', '--raw', '--subdir', 'DAGS_FOLDER/parallel_dag.py', '--cfg-path', '/tmp/tmppoyg_2zb', '--error-file', '/tmp/tmplhtla94y']
[2022-04-15 13:47:23,012] {standard_task_runner.py:80} INFO - Job 49: Subtask task_2
[2022-04-15 13:47:27,965] {logging_mixin.py:109} INFO - Running <TaskInstance: parallel_dag.task_2 scheduled__2020-01-06T00:00:00+00:00 [running]> on host 10.0.2.15
[2022-04-15 13:47:33,013] {taskinstance.py:1446} INFO - Exporting the following env vars:
AIRFLOW_CTX_DAG_OWNER=solfa
AIRFLOW_CTX_DAG_ID=parallel_dag
AIRFLOW_CTX_TASK_ID=task_2
AIRFLOW_CTX_EXECUTION_DATE=2020-01-06T00:00:00+00:00
AIRFLOW_CTX_DAG_RUN_ID=scheduled__2020-01-06T00:00:00+00:00
[2022-04-15 13:47:36,139] {python.py:175} INFO - Done. Returned value was: None
[2022-04-15 13:47:37,364] {taskinstance.py:1278} INFO - Marking task as SUCCESS. dag_id=parallel_dag, task_id=task_2, execution_date=20200106T000000, start_date=20220415T134719, end_date=20220415T134737
[2022-04-15 13:47:38,869] {local_task_job.py:154} INFO - Task exited with return code 0
[2022-04-15 13:47:42,146] {local_task_job.py:264} INFO - 0 downstream tasks scheduled from follow-on schedule check
[2022-04-15 15:55:25,530] {taskinstance.py:1043} INFO - Dependencies all met for <TaskInstance: parallel_dag.task_2 scheduled__2020-01-06T00:00:00+00:00 [queued]>
[2022-04-15 15:55:25,553] {taskinstance.py:1043} INFO - Dependencies all met for <TaskInstance: parallel_dag.task_2 scheduled__2020-01-06T00:00:00+00:00 [queued]>
[2022-04-15 15:55:25,554] {taskinstance.py:1249} INFO - 
--------------------------------------------------------------------------------
[2022-04-15 15:55:25,554] {taskinstance.py:1250} INFO - Starting attempt 1 of 1
[2022-04-15 15:55:25,554] {taskinstance.py:1251} INFO - 
--------------------------------------------------------------------------------
[2022-04-15 15:55:25,574] {taskinstance.py:1270} INFO - Executing <Task(PythonOperator): task_2> on 2020-01-06 00:00:00+00:00
[2022-04-15 15:55:25,577] {standard_task_runner.py:52} INFO - Started process 179053 to run task
[2022-04-15 15:55:25,585] {standard_task_runner.py:79} INFO - Running: ['airflow', 'tasks', 'run', 'parallel_dag', 'task_2', 'scheduled__2020-01-06T00:00:00+00:00', '--job-id', '144', '--raw', '--subdir', 'DAGS_FOLDER/parallel_dag.py', '--cfg-path', '/tmp/tmpvq9c07s5', '--error-file', '/tmp/tmphukwt06m']
[2022-04-15 15:55:25,587] {standard_task_runner.py:80} INFO - Job 144: Subtask task_2
[2022-04-15 15:55:25,684] {logging_mixin.py:109} INFO - Running <TaskInstance: parallel_dag.task_2 scheduled__2020-01-06T00:00:00+00:00 [running]> on host 10.0.2.15
[2022-04-15 15:55:25,903] {taskinstance.py:1446} INFO - Exporting the following env vars:
AIRFLOW_CTX_DAG_OWNER=solfa
AIRFLOW_CTX_DAG_ID=parallel_dag
AIRFLOW_CTX_TASK_ID=task_2
AIRFLOW_CTX_EXECUTION_DATE=2020-01-06T00:00:00+00:00
AIRFLOW_CTX_DAG_RUN_ID=scheduled__2020-01-06T00:00:00+00:00
[2022-04-15 15:55:28,906] {python.py:175} INFO - Done. Returned value was: None
[2022-04-15 15:55:29,008] {taskinstance.py:1278} INFO - Marking task as SUCCESS. dag_id=parallel_dag, task_id=task_2, execution_date=20200106T000000, start_date=20220415T155525, end_date=20220415T155529
[2022-04-15 15:55:29,067] {local_task_job.py:154} INFO - Task exited with return code 0
[2022-04-15 15:55:29,202] {local_task_job.py:264} INFO - 0 downstream tasks scheduled from follow-on schedule check
