[2022-04-15 13:47:21,146] {taskinstance.py:1043} INFO - Dependencies all met for <TaskInstance: parallel_dag.task_1 scheduled__2020-01-10T00:00:00+00:00 [queued]>
[2022-04-15 13:47:22,148] {taskinstance.py:1043} INFO - Dependencies all met for <TaskInstance: parallel_dag.task_1 scheduled__2020-01-10T00:00:00+00:00 [queued]>
[2022-04-15 13:47:22,148] {taskinstance.py:1249} INFO - 
--------------------------------------------------------------------------------
[2022-04-15 13:47:22,159] {taskinstance.py:1250} INFO - Starting attempt 1 of 1
[2022-04-15 13:47:22,234] {taskinstance.py:1251} INFO - 
--------------------------------------------------------------------------------
[2022-04-15 13:47:23,391] {taskinstance.py:1270} INFO - Executing <Task(BashOperator): task_1> on 2020-01-10 00:00:00+00:00
[2022-04-15 13:47:23,629] {standard_task_runner.py:52} INFO - Started process 103429 to run task
[2022-04-15 13:47:23,763] {standard_task_runner.py:79} INFO - Running: ['airflow', 'tasks', 'run', 'parallel_dag', 'task_1', 'scheduled__2020-01-10T00:00:00+00:00', '--job-id', '51', '--raw', '--subdir', 'DAGS_FOLDER/parallel_dag.py', '--cfg-path', '/tmp/tmpfhdsfbvg', '--error-file', '/tmp/tmpb96q3vi6']
[2022-04-15 13:47:24,273] {standard_task_runner.py:80} INFO - Job 51: Subtask task_1
[2022-04-15 13:47:30,358] {logging_mixin.py:109} INFO - Running <TaskInstance: parallel_dag.task_1 scheduled__2020-01-10T00:00:00+00:00 [running]> on host 10.0.2.15
[2022-04-15 13:47:34,854] {taskinstance.py:1446} INFO - Exporting the following env vars:
AIRFLOW_CTX_DAG_OWNER=solfa
AIRFLOW_CTX_DAG_ID=parallel_dag
AIRFLOW_CTX_TASK_ID=task_1
AIRFLOW_CTX_EXECUTION_DATE=2020-01-10T00:00:00+00:00
AIRFLOW_CTX_DAG_RUN_ID=scheduled__2020-01-10T00:00:00+00:00
[2022-04-15 13:47:34,867] {subprocess.py:62} INFO - Tmp dir root location: 
 /tmp
[2022-04-15 13:47:34,992] {subprocess.py:74} INFO - Running command: ['bash', '-c', 'sleep 3']
[2022-04-15 13:47:35,414] {subprocess.py:85} INFO - Output:
[2022-04-15 13:47:38,878] {subprocess.py:93} INFO - Command exited with return code 0
[2022-04-15 13:47:41,390] {taskinstance.py:1278} INFO - Marking task as SUCCESS. dag_id=parallel_dag, task_id=task_1, execution_date=20200110T000000, start_date=20220415T134721, end_date=20220415T134741
[2022-04-15 13:47:42,641] {local_task_job.py:154} INFO - Task exited with return code 0
[2022-04-15 13:47:54,397] {local_task_job.py:264} INFO - 0 downstream tasks scheduled from follow-on schedule check
[2022-04-15 15:53:52,195] {taskinstance.py:1043} INFO - Dependencies all met for <TaskInstance: parallel_dag.task_1 scheduled__2020-01-10T00:00:00+00:00 [queued]>
[2022-04-15 15:53:52,208] {taskinstance.py:1043} INFO - Dependencies all met for <TaskInstance: parallel_dag.task_1 scheduled__2020-01-10T00:00:00+00:00 [queued]>
[2022-04-15 15:53:52,208] {taskinstance.py:1249} INFO - 
--------------------------------------------------------------------------------
[2022-04-15 15:53:52,208] {taskinstance.py:1250} INFO - Starting attempt 1 of 1
[2022-04-15 15:53:52,208] {taskinstance.py:1251} INFO - 
--------------------------------------------------------------------------------
[2022-04-15 15:53:52,222] {taskinstance.py:1270} INFO - Executing <Task(BashOperator): task_1> on 2020-01-10 00:00:00+00:00
[2022-04-15 15:53:52,224] {standard_task_runner.py:52} INFO - Started process 175111 to run task
[2022-04-15 15:53:52,229] {standard_task_runner.py:79} INFO - Running: ['airflow', 'tasks', 'run', 'parallel_dag', 'task_1', 'scheduled__2020-01-10T00:00:00+00:00', '--job-id', '127', '--raw', '--subdir', 'DAGS_FOLDER/parallel_dag.py', '--cfg-path', '/tmp/tmp6husv50b', '--error-file', '/tmp/tmp1e4soc1e']
[2022-04-15 15:53:52,230] {standard_task_runner.py:80} INFO - Job 127: Subtask task_1
[2022-04-15 15:53:52,328] {logging_mixin.py:109} INFO - Running <TaskInstance: parallel_dag.task_1 scheduled__2020-01-10T00:00:00+00:00 [running]> on host 10.0.2.15
[2022-04-15 15:53:52,435] {taskinstance.py:1446} INFO - Exporting the following env vars:
AIRFLOW_CTX_DAG_OWNER=solfa
AIRFLOW_CTX_DAG_ID=parallel_dag
AIRFLOW_CTX_TASK_ID=task_1
AIRFLOW_CTX_EXECUTION_DATE=2020-01-10T00:00:00+00:00
AIRFLOW_CTX_DAG_RUN_ID=scheduled__2020-01-10T00:00:00+00:00
[2022-04-15 15:53:52,435] {subprocess.py:62} INFO - Tmp dir root location: 
 /tmp
[2022-04-15 15:53:52,436] {subprocess.py:74} INFO - Running command: ['bash', '-c', 'sleep 3']
[2022-04-15 15:53:52,442] {subprocess.py:85} INFO - Output:
[2022-04-15 15:53:55,452] {subprocess.py:93} INFO - Command exited with return code 0
[2022-04-15 15:53:55,626] {taskinstance.py:1278} INFO - Marking task as SUCCESS. dag_id=parallel_dag, task_id=task_1, execution_date=20200110T000000, start_date=20220415T155352, end_date=20220415T155355
[2022-04-15 15:53:55,729] {local_task_job.py:154} INFO - Task exited with return code 0
[2022-04-15 15:53:55,781] {local_task_job.py:264} INFO - 2 downstream tasks scheduled from follow-on schedule check
