[2022-04-15 13:47:56,013] {taskinstance.py:1043} INFO - Dependencies all met for <TaskInstance: parallel_dag.task_3 scheduled__2020-01-07T00:00:00+00:00 [queued]>
[2022-04-15 13:47:57,286] {taskinstance.py:1043} INFO - Dependencies all met for <TaskInstance: parallel_dag.task_3 scheduled__2020-01-07T00:00:00+00:00 [queued]>
[2022-04-15 13:47:57,312] {taskinstance.py:1249} INFO - 
--------------------------------------------------------------------------------
[2022-04-15 13:47:57,322] {taskinstance.py:1250} INFO - Starting attempt 1 of 1
[2022-04-15 13:47:57,411] {taskinstance.py:1251} INFO - 
--------------------------------------------------------------------------------
[2022-04-15 13:47:58,707] {taskinstance.py:1270} INFO - Executing <Task(BashOperator): task_3> on 2020-01-07 00:00:00+00:00
[2022-04-15 13:47:58,893] {standard_task_runner.py:52} INFO - Started process 105126 to run task
[2022-04-15 13:47:59,099] {standard_task_runner.py:79} INFO - Running: ['airflow', 'tasks', 'run', 'parallel_dag', 'task_3', 'scheduled__2020-01-07T00:00:00+00:00', '--job-id', '56', '--raw', '--subdir', 'DAGS_FOLDER/parallel_dag.py', '--cfg-path', '/tmp/tmp37tf7q_b', '--error-file', '/tmp/tmp08pg89on']
[2022-04-15 13:47:59,661] {standard_task_runner.py:80} INFO - Job 56: Subtask task_3
[2022-04-15 13:48:07,261] {logging_mixin.py:109} INFO - Running <TaskInstance: parallel_dag.task_3 scheduled__2020-01-07T00:00:00+00:00 [running]> on host 10.0.2.15
[2022-04-15 13:48:13,303] {taskinstance.py:1446} INFO - Exporting the following env vars:
AIRFLOW_CTX_DAG_OWNER=solfa
AIRFLOW_CTX_DAG_ID=parallel_dag
AIRFLOW_CTX_TASK_ID=task_3
AIRFLOW_CTX_EXECUTION_DATE=2020-01-07T00:00:00+00:00
AIRFLOW_CTX_DAG_RUN_ID=scheduled__2020-01-07T00:00:00+00:00
[2022-04-15 13:48:13,414] {subprocess.py:62} INFO - Tmp dir root location: 
 /tmp
[2022-04-15 13:48:13,515] {subprocess.py:74} INFO - Running command: ['bash', '-c', 'sleep 3']
[2022-04-15 13:48:14,165] {subprocess.py:85} INFO - Output:
[2022-04-15 13:48:18,458] {subprocess.py:93} INFO - Command exited with return code 0
[2022-04-15 13:48:24,883] {taskinstance.py:1278} INFO - Marking task as SUCCESS. dag_id=parallel_dag, task_id=task_3, execution_date=20200107T000000, start_date=20220415T134756, end_date=20220415T134824
[2022-04-15 13:48:26,228] {local_task_job.py:154} INFO - Task exited with return code 0
[2022-04-15 13:48:29,295] {local_task_job.py:264} INFO - 1 downstream tasks scheduled from follow-on schedule check
[2022-04-15 15:55:35,844] {taskinstance.py:1043} INFO - Dependencies all met for <TaskInstance: parallel_dag.task_3 scheduled__2020-01-07T00:00:00+00:00 [queued]>
[2022-04-15 15:55:35,937] {taskinstance.py:1043} INFO - Dependencies all met for <TaskInstance: parallel_dag.task_3 scheduled__2020-01-07T00:00:00+00:00 [queued]>
[2022-04-15 15:55:35,943] {taskinstance.py:1249} INFO - 
--------------------------------------------------------------------------------
[2022-04-15 15:55:35,977] {taskinstance.py:1250} INFO - Starting attempt 1 of 1
[2022-04-15 15:55:35,977] {taskinstance.py:1251} INFO - 
--------------------------------------------------------------------------------
[2022-04-15 15:55:36,034] {taskinstance.py:1270} INFO - Executing <Task(BashOperator): task_3> on 2020-01-07 00:00:00+00:00
[2022-04-15 15:55:36,049] {standard_task_runner.py:52} INFO - Started process 179523 to run task
[2022-04-15 15:55:36,085] {standard_task_runner.py:79} INFO - Running: ['airflow', 'tasks', 'run', 'parallel_dag', 'task_3', 'scheduled__2020-01-07T00:00:00+00:00', '--job-id', '146', '--raw', '--subdir', 'DAGS_FOLDER/parallel_dag.py', '--cfg-path', '/tmp/tmp7_8p4e83', '--error-file', '/tmp/tmpz7y83vjt']
[2022-04-15 15:55:36,087] {standard_task_runner.py:80} INFO - Job 146: Subtask task_3
[2022-04-15 15:55:36,338] {logging_mixin.py:109} INFO - Running <TaskInstance: parallel_dag.task_3 scheduled__2020-01-07T00:00:00+00:00 [running]> on host 10.0.2.15
[2022-04-15 15:55:36,571] {taskinstance.py:1446} INFO - Exporting the following env vars:
AIRFLOW_CTX_DAG_OWNER=solfa
AIRFLOW_CTX_DAG_ID=parallel_dag
AIRFLOW_CTX_TASK_ID=task_3
AIRFLOW_CTX_EXECUTION_DATE=2020-01-07T00:00:00+00:00
AIRFLOW_CTX_DAG_RUN_ID=scheduled__2020-01-07T00:00:00+00:00
[2022-04-15 15:55:36,572] {subprocess.py:62} INFO - Tmp dir root location: 
 /tmp
[2022-04-15 15:55:36,584] {subprocess.py:74} INFO - Running command: ['bash', '-c', 'sleep 3']
[2022-04-15 15:55:36,612] {subprocess.py:85} INFO - Output:
[2022-04-15 15:55:39,649] {subprocess.py:93} INFO - Command exited with return code 0
[2022-04-15 15:55:39,695] {taskinstance.py:1278} INFO - Marking task as SUCCESS. dag_id=parallel_dag, task_id=task_3, execution_date=20200107T000000, start_date=20220415T155535, end_date=20220415T155539
[2022-04-15 15:55:39,733] {local_task_job.py:154} INFO - Task exited with return code 0
[2022-04-15 15:55:39,794] {local_task_job.py:264} INFO - 0 downstream tasks scheduled from follow-on schedule check
