[2022-04-13 07:08:57,062] {taskinstance.py:876} INFO - Dependencies all met for <TaskInstance: parallel_dag.task_1 2022-04-12T00:00:00+00:00 [queued]>
[2022-04-13 07:08:57,147] {taskinstance.py:876} INFO - Dependencies all met for <TaskInstance: parallel_dag.task_1 2022-04-12T00:00:00+00:00 [queued]>
[2022-04-13 07:08:57,158] {taskinstance.py:1067} INFO - 
--------------------------------------------------------------------------------
[2022-04-13 07:08:57,158] {taskinstance.py:1068} INFO - Starting attempt 1 of 1
[2022-04-13 07:08:57,159] {taskinstance.py:1069} INFO - 
--------------------------------------------------------------------------------
[2022-04-13 07:08:57,224] {taskinstance.py:1087} INFO - Executing <Task(BashOperator): task_1> on 2022-04-12T00:00:00+00:00
[2022-04-13 07:08:57,271] {standard_task_runner.py:52} INFO - Started process 2056 to run task
[2022-04-13 07:08:57,413] {standard_task_runner.py:76} INFO - Running: ['airflow', 'tasks', 'run', 'parallel_dag', 'task_1', '2022-04-12T00:00:00+00:00', '--job-id', '7', '--pool', 'default_pool', '--raw', '--subdir', 'DAGS_FOLDER/parallel_dag.py', '--cfg-path', '/tmp/tmpsb7dk_bv', '--error-file', '/tmp/tmpuqvewsh1']
[2022-04-13 07:08:57,418] {standard_task_runner.py:77} INFO - Job 7: Subtask task_1
[2022-04-13 07:08:58,145] {logging_mixin.py:104} INFO - Running <TaskInstance: parallel_dag.task_1 2022-04-12T00:00:00+00:00 [running]> on host 10.0.2.15
[2022-04-13 07:08:58,751] {taskinstance.py:1280} INFO - Exporting the following env vars:
AIRFLOW_CTX_DAG_OWNER=solfa
AIRFLOW_CTX_DAG_ID=parallel_dag
AIRFLOW_CTX_TASK_ID=task_1
AIRFLOW_CTX_EXECUTION_DATE=2022-04-12T00:00:00+00:00
AIRFLOW_CTX_DAG_RUN_ID=scheduled__2022-04-12T00:00:00+00:00
[2022-04-13 07:08:58,753] {subprocess.py:52} INFO - Tmp dir root location: 
 /tmp
[2022-04-13 07:08:58,754] {subprocess.py:63} INFO - Running command: ['bash', '-c', 'sleep 3']
[2022-04-13 07:08:58,809] {subprocess.py:75} INFO - Output:
[2022-04-13 07:09:01,864] {subprocess.py:83} INFO - Command exited with return code 0
[2022-04-13 07:09:02,156] {taskinstance.py:1184} INFO - Marking task as SUCCESS. dag_id=parallel_dag, task_id=task_1, execution_date=20220412T000000, start_date=20220413T070857, end_date=20220413T070902
[2022-04-13 07:09:02,748] {taskinstance.py:1245} INFO - 2 downstream tasks scheduled from follow-on schedule check
[2022-04-13 07:09:02,799] {local_task_job.py:151} INFO - Task exited with return code 0
