[2022-04-13 07:08:53,356] {scheduler_job.py:182} INFO - Started process (PID=1955) to work on /home/airflow/airflow/dags/parallel_dag.py
[2022-04-13 07:08:53,435] {scheduler_job.py:633} INFO - Processing file /home/airflow/airflow/dags/parallel_dag.py for tasks to queue
[2022-04-13 07:08:53,439] {logging_mixin.py:104} INFO - [2022-04-13 07:08:53,439] {dagbag.py:487} INFO - Filling up the DagBag from /home/airflow/airflow/dags/parallel_dag.py
[2022-04-13 07:08:53,811] {scheduler_job.py:643} INFO - DAG(s) dict_keys(['parallel_dag']) retrieved from /home/airflow/airflow/dags/parallel_dag.py
[2022-04-13 07:08:54,210] {logging_mixin.py:104} INFO - [2022-04-13 07:08:54,209] {dag.py:1832} INFO - Sync 1 DAGs
[2022-04-13 07:08:54,640] {logging_mixin.py:104} INFO - [2022-04-13 07:08:54,606] {dag.py:2305} INFO - Setting next_dagrun for parallel_dag to 2022-04-13 00:00:00+00:00
[2022-04-13 07:08:54,789] {scheduler_job.py:190} INFO - Processing /home/airflow/airflow/dags/parallel_dag.py took 1.528 seconds
[2022-04-13 07:09:34,605] {scheduler_job.py:182} INFO - Started process (PID=3254) to work on /home/airflow/airflow/dags/parallel_dag.py
[2022-04-13 07:09:34,608] {scheduler_job.py:633} INFO - Processing file /home/airflow/airflow/dags/parallel_dag.py for tasks to queue
[2022-04-13 07:09:34,609] {logging_mixin.py:104} INFO - [2022-04-13 07:09:34,609] {dagbag.py:487} INFO - Filling up the DagBag from /home/airflow/airflow/dags/parallel_dag.py
[2022-04-13 07:09:34,678] {scheduler_job.py:643} INFO - DAG(s) dict_keys(['parallel_dag']) retrieved from /home/airflow/airflow/dags/parallel_dag.py
[2022-04-13 07:09:34,792] {logging_mixin.py:104} INFO - [2022-04-13 07:09:34,792] {dag.py:1832} INFO - Sync 1 DAGs
[2022-04-13 07:09:34,908] {logging_mixin.py:104} INFO - [2022-04-13 07:09:34,907] {dag.py:2305} INFO - Setting next_dagrun for parallel_dag to 2022-04-13 00:00:00+00:00
[2022-04-13 07:09:35,110] {scheduler_job.py:190} INFO - Processing /home/airflow/airflow/dags/parallel_dag.py took 0.537 seconds
[2022-04-13 07:10:05,216] {scheduler_job.py:182} INFO - Started process (PID=3563) to work on /home/airflow/airflow/dags/parallel_dag.py
[2022-04-13 07:10:05,219] {scheduler_job.py:633} INFO - Processing file /home/airflow/airflow/dags/parallel_dag.py for tasks to queue
[2022-04-13 07:10:05,221] {logging_mixin.py:104} INFO - [2022-04-13 07:10:05,220] {dagbag.py:487} INFO - Filling up the DagBag from /home/airflow/airflow/dags/parallel_dag.py
[2022-04-13 07:10:05,257] {scheduler_job.py:643} INFO - DAG(s) dict_keys(['parallel_dag']) retrieved from /home/airflow/airflow/dags/parallel_dag.py
[2022-04-13 07:10:05,341] {logging_mixin.py:104} INFO - [2022-04-13 07:10:05,341] {dag.py:1832} INFO - Sync 1 DAGs
[2022-04-13 07:10:05,466] {logging_mixin.py:104} INFO - [2022-04-13 07:10:05,466] {dag.py:2305} INFO - Setting next_dagrun for parallel_dag to 2022-04-13 00:00:00+00:00
[2022-04-13 07:10:05,612] {scheduler_job.py:190} INFO - Processing /home/airflow/airflow/dags/parallel_dag.py took 0.406 seconds
[2022-04-13 07:14:17,770] {scheduler_job.py:182} INFO - Started process (PID=4694) to work on /home/airflow/airflow/dags/parallel_dag.py
[2022-04-13 07:14:17,784] {scheduler_job.py:633} INFO - Processing file /home/airflow/airflow/dags/parallel_dag.py for tasks to queue
[2022-04-13 07:14:17,797] {logging_mixin.py:104} INFO - [2022-04-13 07:14:17,797] {dagbag.py:487} INFO - Filling up the DagBag from /home/airflow/airflow/dags/parallel_dag.py
[2022-04-13 07:14:17,990] {scheduler_job.py:643} INFO - DAG(s) dict_keys(['parallel_dag']) retrieved from /home/airflow/airflow/dags/parallel_dag.py
[2022-04-13 07:14:18,151] {logging_mixin.py:104} INFO - [2022-04-13 07:14:18,150] {dag.py:1832} INFO - Sync 1 DAGs
[2022-04-13 07:14:18,256] {logging_mixin.py:104} INFO - [2022-04-13 07:14:18,256] {dag.py:2305} INFO - Setting next_dagrun for parallel_dag to 2022-04-13 00:00:00+00:00
[2022-04-13 07:14:18,505] {scheduler_job.py:190} INFO - Processing /home/airflow/airflow/dags/parallel_dag.py took 0.822 seconds
[2022-04-13 07:14:49,114] {scheduler_job.py:182} INFO - Started process (PID=5205) to work on /home/airflow/airflow/dags/parallel_dag.py
[2022-04-13 07:14:49,139] {scheduler_job.py:633} INFO - Processing file /home/airflow/airflow/dags/parallel_dag.py for tasks to queue
[2022-04-13 07:14:49,153] {logging_mixin.py:104} INFO - [2022-04-13 07:14:49,153] {dagbag.py:487} INFO - Filling up the DagBag from /home/airflow/airflow/dags/parallel_dag.py
[2022-04-13 07:14:49,245] {scheduler_job.py:643} INFO - DAG(s) dict_keys(['parallel_dag']) retrieved from /home/airflow/airflow/dags/parallel_dag.py
[2022-04-13 07:14:49,405] {logging_mixin.py:104} INFO - [2022-04-13 07:14:49,405] {dag.py:1832} INFO - Sync 1 DAGs
[2022-04-13 07:14:49,518] {logging_mixin.py:104} INFO - [2022-04-13 07:14:49,518] {dag.py:2305} INFO - Setting next_dagrun for parallel_dag to 2022-04-13 00:00:00+00:00
[2022-04-13 07:14:49,676] {scheduler_job.py:190} INFO - Processing /home/airflow/airflow/dags/parallel_dag.py took 0.571 seconds
[2022-04-13 07:15:19,838] {scheduler_job.py:182} INFO - Started process (PID=5605) to work on /home/airflow/airflow/dags/parallel_dag.py
[2022-04-13 07:15:19,840] {scheduler_job.py:633} INFO - Processing file /home/airflow/airflow/dags/parallel_dag.py for tasks to queue
[2022-04-13 07:15:19,842] {logging_mixin.py:104} INFO - [2022-04-13 07:15:19,842] {dagbag.py:487} INFO - Filling up the DagBag from /home/airflow/airflow/dags/parallel_dag.py
[2022-04-13 07:15:19,958] {scheduler_job.py:643} INFO - DAG(s) dict_keys(['parallel_dag']) retrieved from /home/airflow/airflow/dags/parallel_dag.py
[2022-04-13 07:15:20,054] {logging_mixin.py:104} INFO - [2022-04-13 07:15:20,054] {dag.py:1832} INFO - Sync 1 DAGs
[2022-04-13 07:15:20,095] {logging_mixin.py:104} INFO - [2022-04-13 07:15:20,094] {dag.py:2305} INFO - Setting next_dagrun for parallel_dag to 2022-04-13 00:00:00+00:00
[2022-04-13 07:15:20,143] {scheduler_job.py:190} INFO - Processing /home/airflow/airflow/dags/parallel_dag.py took 0.316 seconds
[2022-04-13 07:15:50,976] {scheduler_job.py:182} INFO - Started process (PID=5893) to work on /home/airflow/airflow/dags/parallel_dag.py
[2022-04-13 07:15:51,013] {scheduler_job.py:633} INFO - Processing file /home/airflow/airflow/dags/parallel_dag.py for tasks to queue
[2022-04-13 07:15:51,015] {logging_mixin.py:104} INFO - [2022-04-13 07:15:51,015] {dagbag.py:487} INFO - Filling up the DagBag from /home/airflow/airflow/dags/parallel_dag.py
[2022-04-13 07:15:51,093] {scheduler_job.py:643} INFO - DAG(s) dict_keys(['parallel_dag']) retrieved from /home/airflow/airflow/dags/parallel_dag.py
[2022-04-13 07:15:51,280] {logging_mixin.py:104} INFO - [2022-04-13 07:15:51,280] {dag.py:1832} INFO - Sync 1 DAGs
[2022-04-13 07:15:51,393] {logging_mixin.py:104} INFO - [2022-04-13 07:15:51,392] {dag.py:2305} INFO - Setting next_dagrun for parallel_dag to 2022-04-13 00:00:00+00:00
[2022-04-13 07:15:51,505] {scheduler_job.py:190} INFO - Processing /home/airflow/airflow/dags/parallel_dag.py took 0.539 seconds
[2022-04-13 07:16:23,210] {scheduler_job.py:182} INFO - Started process (PID=6132) to work on /home/airflow/airflow/dags/parallel_dag.py
[2022-04-13 07:16:23,212] {scheduler_job.py:633} INFO - Processing file /home/airflow/airflow/dags/parallel_dag.py for tasks to queue
[2022-04-13 07:16:23,213] {logging_mixin.py:104} INFO - [2022-04-13 07:16:23,213] {dagbag.py:487} INFO - Filling up the DagBag from /home/airflow/airflow/dags/parallel_dag.py
[2022-04-13 07:16:23,295] {scheduler_job.py:643} INFO - DAG(s) dict_keys(['parallel_dag']) retrieved from /home/airflow/airflow/dags/parallel_dag.py
[2022-04-13 07:16:23,474] {logging_mixin.py:104} INFO - [2022-04-13 07:16:23,474] {dag.py:1832} INFO - Sync 1 DAGs
[2022-04-13 07:16:23,532] {logging_mixin.py:104} INFO - [2022-04-13 07:16:23,531] {dag.py:2305} INFO - Setting next_dagrun for parallel_dag to 2022-04-13 00:00:00+00:00
[2022-04-13 07:16:23,586] {scheduler_job.py:190} INFO - Processing /home/airflow/airflow/dags/parallel_dag.py took 0.380 seconds
[2022-04-13 07:16:54,651] {scheduler_job.py:182} INFO - Started process (PID=6331) to work on /home/airflow/airflow/dags/parallel_dag.py
[2022-04-13 07:16:54,656] {scheduler_job.py:633} INFO - Processing file /home/airflow/airflow/dags/parallel_dag.py for tasks to queue
[2022-04-13 07:16:54,666] {logging_mixin.py:104} INFO - [2022-04-13 07:16:54,666] {dagbag.py:487} INFO - Filling up the DagBag from /home/airflow/airflow/dags/parallel_dag.py
[2022-04-13 07:16:54,767] {scheduler_job.py:643} INFO - DAG(s) dict_keys(['parallel_dag']) retrieved from /home/airflow/airflow/dags/parallel_dag.py
[2022-04-13 07:16:54,959] {logging_mixin.py:104} INFO - [2022-04-13 07:16:54,958] {dag.py:1832} INFO - Sync 1 DAGs
[2022-04-13 07:16:55,026] {logging_mixin.py:104} INFO - [2022-04-13 07:16:55,026] {dag.py:2305} INFO - Setting next_dagrun for parallel_dag to 2022-04-13 00:00:00+00:00
[2022-04-13 07:16:55,076] {scheduler_job.py:190} INFO - Processing /home/airflow/airflow/dags/parallel_dag.py took 0.471 seconds
[2022-04-13 07:17:25,271] {scheduler_job.py:182} INFO - Started process (PID=6522) to work on /home/airflow/airflow/dags/parallel_dag.py
[2022-04-13 07:17:25,286] {scheduler_job.py:633} INFO - Processing file /home/airflow/airflow/dags/parallel_dag.py for tasks to queue
[2022-04-13 07:17:25,287] {logging_mixin.py:104} INFO - [2022-04-13 07:17:25,287] {dagbag.py:487} INFO - Filling up the DagBag from /home/airflow/airflow/dags/parallel_dag.py
[2022-04-13 07:17:25,358] {scheduler_job.py:643} INFO - DAG(s) dict_keys(['parallel_dag']) retrieved from /home/airflow/airflow/dags/parallel_dag.py
[2022-04-13 07:17:25,588] {logging_mixin.py:104} INFO - [2022-04-13 07:17:25,588] {dag.py:1832} INFO - Sync 1 DAGs
[2022-04-13 07:17:25,678] {logging_mixin.py:104} INFO - [2022-04-13 07:17:25,678] {dag.py:2305} INFO - Setting next_dagrun for parallel_dag to 2022-04-13 00:00:00+00:00
[2022-04-13 07:17:25,812] {scheduler_job.py:190} INFO - Processing /home/airflow/airflow/dags/parallel_dag.py took 0.559 seconds
[2022-04-13 07:17:56,672] {scheduler_job.py:182} INFO - Started process (PID=6709) to work on /home/airflow/airflow/dags/parallel_dag.py
[2022-04-13 07:17:56,688] {scheduler_job.py:633} INFO - Processing file /home/airflow/airflow/dags/parallel_dag.py for tasks to queue
[2022-04-13 07:17:56,706] {logging_mixin.py:104} INFO - [2022-04-13 07:17:56,705] {dagbag.py:487} INFO - Filling up the DagBag from /home/airflow/airflow/dags/parallel_dag.py
[2022-04-13 07:17:56,815] {scheduler_job.py:643} INFO - DAG(s) dict_keys(['parallel_dag']) retrieved from /home/airflow/airflow/dags/parallel_dag.py
[2022-04-13 07:17:57,027] {logging_mixin.py:104} INFO - [2022-04-13 07:17:57,027] {dag.py:1832} INFO - Sync 1 DAGs
[2022-04-13 07:17:57,100] {logging_mixin.py:104} INFO - [2022-04-13 07:17:57,100] {dag.py:2305} INFO - Setting next_dagrun for parallel_dag to 2022-04-13 00:00:00+00:00
[2022-04-13 07:17:57,202] {scheduler_job.py:190} INFO - Processing /home/airflow/airflow/dags/parallel_dag.py took 0.538 seconds
[2022-04-13 07:18:28,924] {scheduler_job.py:182} INFO - Started process (PID=6908) to work on /home/airflow/airflow/dags/parallel_dag.py
[2022-04-13 07:18:28,928] {scheduler_job.py:633} INFO - Processing file /home/airflow/airflow/dags/parallel_dag.py for tasks to queue
[2022-04-13 07:18:28,934] {logging_mixin.py:104} INFO - [2022-04-13 07:18:28,934] {dagbag.py:487} INFO - Filling up the DagBag from /home/airflow/airflow/dags/parallel_dag.py
[2022-04-13 07:18:28,961] {scheduler_job.py:643} INFO - DAG(s) dict_keys(['parallel_dag']) retrieved from /home/airflow/airflow/dags/parallel_dag.py
[2022-04-13 07:18:29,025] {logging_mixin.py:104} INFO - [2022-04-13 07:18:29,024] {dag.py:1832} INFO - Sync 1 DAGs
[2022-04-13 07:18:29,134] {logging_mixin.py:104} INFO - [2022-04-13 07:18:29,133] {dag.py:2305} INFO - Setting next_dagrun for parallel_dag to 2022-04-13 00:00:00+00:00
[2022-04-13 07:18:29,287] {scheduler_job.py:190} INFO - Processing /home/airflow/airflow/dags/parallel_dag.py took 0.374 seconds
[2022-04-13 07:19:00,211] {scheduler_job.py:182} INFO - Started process (PID=7092) to work on /home/airflow/airflow/dags/parallel_dag.py
[2022-04-13 07:19:00,216] {scheduler_job.py:633} INFO - Processing file /home/airflow/airflow/dags/parallel_dag.py for tasks to queue
[2022-04-13 07:19:00,218] {logging_mixin.py:104} INFO - [2022-04-13 07:19:00,218] {dagbag.py:487} INFO - Filling up the DagBag from /home/airflow/airflow/dags/parallel_dag.py
[2022-04-13 07:19:00,298] {scheduler_job.py:643} INFO - DAG(s) dict_keys(['parallel_dag']) retrieved from /home/airflow/airflow/dags/parallel_dag.py
[2022-04-13 07:19:00,429] {logging_mixin.py:104} INFO - [2022-04-13 07:19:00,429] {dag.py:1832} INFO - Sync 1 DAGs
[2022-04-13 07:19:00,467] {logging_mixin.py:104} INFO - [2022-04-13 07:19:00,467] {dag.py:2305} INFO - Setting next_dagrun for parallel_dag to 2022-04-13 00:00:00+00:00
[2022-04-13 07:19:00,494] {scheduler_job.py:190} INFO - Processing /home/airflow/airflow/dags/parallel_dag.py took 0.292 seconds
[2022-04-13 07:19:30,683] {scheduler_job.py:182} INFO - Started process (PID=7492) to work on /home/airflow/airflow/dags/parallel_dag.py
[2022-04-13 07:19:30,712] {scheduler_job.py:633} INFO - Processing file /home/airflow/airflow/dags/parallel_dag.py for tasks to queue
[2022-04-13 07:19:30,714] {logging_mixin.py:104} INFO - [2022-04-13 07:19:30,713] {dagbag.py:487} INFO - Filling up the DagBag from /home/airflow/airflow/dags/parallel_dag.py
[2022-04-13 07:19:30,785] {scheduler_job.py:643} INFO - DAG(s) dict_keys(['parallel_dag']) retrieved from /home/airflow/airflow/dags/parallel_dag.py
[2022-04-13 07:19:30,942] {logging_mixin.py:104} INFO - [2022-04-13 07:19:30,941] {dag.py:1832} INFO - Sync 1 DAGs
[2022-04-13 07:19:31,033] {logging_mixin.py:104} INFO - [2022-04-13 07:19:31,033] {dag.py:2305} INFO - Setting next_dagrun for parallel_dag to 2022-04-13 00:00:00+00:00
[2022-04-13 07:19:31,098] {scheduler_job.py:190} INFO - Processing /home/airflow/airflow/dags/parallel_dag.py took 0.460 seconds
[2022-04-13 07:20:01,615] {scheduler_job.py:182} INFO - Started process (PID=7685) to work on /home/airflow/airflow/dags/parallel_dag.py
[2022-04-13 07:20:01,620] {scheduler_job.py:633} INFO - Processing file /home/airflow/airflow/dags/parallel_dag.py for tasks to queue
[2022-04-13 07:20:01,625] {logging_mixin.py:104} INFO - [2022-04-13 07:20:01,624] {dagbag.py:487} INFO - Filling up the DagBag from /home/airflow/airflow/dags/parallel_dag.py
[2022-04-13 07:20:01,768] {scheduler_job.py:643} INFO - DAG(s) dict_keys(['parallel_dag']) retrieved from /home/airflow/airflow/dags/parallel_dag.py
[2022-04-13 07:20:01,967] {logging_mixin.py:104} INFO - [2022-04-13 07:20:01,966] {dag.py:1832} INFO - Sync 1 DAGs
[2022-04-13 07:20:02,127] {logging_mixin.py:104} INFO - [2022-04-13 07:20:02,127] {dag.py:2305} INFO - Setting next_dagrun for parallel_dag to 2022-04-13 00:00:00+00:00
[2022-04-13 07:20:02,204] {scheduler_job.py:190} INFO - Processing /home/airflow/airflow/dags/parallel_dag.py took 0.632 seconds
[2022-04-13 07:20:32,392] {scheduler_job.py:182} INFO - Started process (PID=7881) to work on /home/airflow/airflow/dags/parallel_dag.py
[2022-04-13 07:20:32,429] {scheduler_job.py:633} INFO - Processing file /home/airflow/airflow/dags/parallel_dag.py for tasks to queue
[2022-04-13 07:20:32,441] {logging_mixin.py:104} INFO - [2022-04-13 07:20:32,441] {dagbag.py:487} INFO - Filling up the DagBag from /home/airflow/airflow/dags/parallel_dag.py
[2022-04-13 07:20:32,513] {scheduler_job.py:643} INFO - DAG(s) dict_keys(['parallel_dag']) retrieved from /home/airflow/airflow/dags/parallel_dag.py
[2022-04-13 07:20:32,633] {logging_mixin.py:104} INFO - [2022-04-13 07:20:32,633] {dag.py:1832} INFO - Sync 1 DAGs
[2022-04-13 07:20:32,769] {logging_mixin.py:104} INFO - [2022-04-13 07:20:32,768] {dag.py:2305} INFO - Setting next_dagrun for parallel_dag to 2022-04-13 00:00:00+00:00
[2022-04-13 07:20:32,865] {scheduler_job.py:190} INFO - Processing /home/airflow/airflow/dags/parallel_dag.py took 0.480 seconds
[2022-04-13 07:21:03,033] {scheduler_job.py:182} INFO - Started process (PID=8076) to work on /home/airflow/airflow/dags/parallel_dag.py
[2022-04-13 07:21:03,036] {scheduler_job.py:633} INFO - Processing file /home/airflow/airflow/dags/parallel_dag.py for tasks to queue
[2022-04-13 07:21:03,038] {logging_mixin.py:104} INFO - [2022-04-13 07:21:03,037] {dagbag.py:487} INFO - Filling up the DagBag from /home/airflow/airflow/dags/parallel_dag.py
[2022-04-13 07:21:03,077] {scheduler_job.py:643} INFO - DAG(s) dict_keys(['parallel_dag']) retrieved from /home/airflow/airflow/dags/parallel_dag.py
[2022-04-13 07:21:03,145] {logging_mixin.py:104} INFO - [2022-04-13 07:21:03,145] {dag.py:1832} INFO - Sync 1 DAGs
[2022-04-13 07:21:03,211] {logging_mixin.py:104} INFO - [2022-04-13 07:21:03,211] {dag.py:2305} INFO - Setting next_dagrun for parallel_dag to 2022-04-13 00:00:00+00:00
[2022-04-13 07:21:03,247] {scheduler_job.py:190} INFO - Processing /home/airflow/airflow/dags/parallel_dag.py took 0.223 seconds
[2022-04-13 07:21:33,471] {scheduler_job.py:182} INFO - Started process (PID=8275) to work on /home/airflow/airflow/dags/parallel_dag.py
[2022-04-13 07:21:33,475] {scheduler_job.py:633} INFO - Processing file /home/airflow/airflow/dags/parallel_dag.py for tasks to queue
[2022-04-13 07:21:33,476] {logging_mixin.py:104} INFO - [2022-04-13 07:21:33,475] {dagbag.py:487} INFO - Filling up the DagBag from /home/airflow/airflow/dags/parallel_dag.py
[2022-04-13 07:21:33,500] {scheduler_job.py:643} INFO - DAG(s) dict_keys(['parallel_dag']) retrieved from /home/airflow/airflow/dags/parallel_dag.py
[2022-04-13 07:21:33,559] {logging_mixin.py:104} INFO - [2022-04-13 07:21:33,559] {dag.py:1832} INFO - Sync 1 DAGs
[2022-04-13 07:21:33,611] {logging_mixin.py:104} INFO - [2022-04-13 07:21:33,610] {dag.py:2305} INFO - Setting next_dagrun for parallel_dag to 2022-04-13 00:00:00+00:00
[2022-04-13 07:21:33,643] {scheduler_job.py:190} INFO - Processing /home/airflow/airflow/dags/parallel_dag.py took 0.181 seconds
[2022-04-13 07:22:04,160] {scheduler_job.py:182} INFO - Started process (PID=8474) to work on /home/airflow/airflow/dags/parallel_dag.py
[2022-04-13 07:22:04,162] {scheduler_job.py:633} INFO - Processing file /home/airflow/airflow/dags/parallel_dag.py for tasks to queue
[2022-04-13 07:22:04,164] {logging_mixin.py:104} INFO - [2022-04-13 07:22:04,164] {dagbag.py:487} INFO - Filling up the DagBag from /home/airflow/airflow/dags/parallel_dag.py
[2022-04-13 07:22:04,193] {scheduler_job.py:643} INFO - DAG(s) dict_keys(['parallel_dag']) retrieved from /home/airflow/airflow/dags/parallel_dag.py
[2022-04-13 07:22:04,260] {logging_mixin.py:104} INFO - [2022-04-13 07:22:04,260] {dag.py:1832} INFO - Sync 1 DAGs
[2022-04-13 07:22:04,331] {logging_mixin.py:104} INFO - [2022-04-13 07:22:04,318] {dag.py:2305} INFO - Setting next_dagrun for parallel_dag to 2022-04-13 00:00:00+00:00
[2022-04-13 07:22:04,482] {scheduler_job.py:190} INFO - Processing /home/airflow/airflow/dags/parallel_dag.py took 0.331 seconds
[2022-04-13 07:22:34,571] {scheduler_job.py:182} INFO - Started process (PID=8673) to work on /home/airflow/airflow/dags/parallel_dag.py
[2022-04-13 07:22:34,576] {scheduler_job.py:633} INFO - Processing file /home/airflow/airflow/dags/parallel_dag.py for tasks to queue
[2022-04-13 07:22:34,578] {logging_mixin.py:104} INFO - [2022-04-13 07:22:34,577] {dagbag.py:487} INFO - Filling up the DagBag from /home/airflow/airflow/dags/parallel_dag.py
[2022-04-13 07:22:34,626] {scheduler_job.py:643} INFO - DAG(s) dict_keys(['parallel_dag']) retrieved from /home/airflow/airflow/dags/parallel_dag.py
[2022-04-13 07:22:34,700] {logging_mixin.py:104} INFO - [2022-04-13 07:22:34,700] {dag.py:1832} INFO - Sync 1 DAGs
[2022-04-13 07:22:34,746] {logging_mixin.py:104} INFO - [2022-04-13 07:22:34,746] {dag.py:2305} INFO - Setting next_dagrun for parallel_dag to 2022-04-13 00:00:00+00:00
[2022-04-13 07:22:34,909] {scheduler_job.py:190} INFO - Processing /home/airflow/airflow/dags/parallel_dag.py took 0.348 seconds
[2022-04-13 07:23:05,011] {scheduler_job.py:182} INFO - Started process (PID=8867) to work on /home/airflow/airflow/dags/parallel_dag.py
[2022-04-13 07:23:05,033] {scheduler_job.py:633} INFO - Processing file /home/airflow/airflow/dags/parallel_dag.py for tasks to queue
[2022-04-13 07:23:05,037] {logging_mixin.py:104} INFO - [2022-04-13 07:23:05,034] {dagbag.py:487} INFO - Filling up the DagBag from /home/airflow/airflow/dags/parallel_dag.py
[2022-04-13 07:23:05,123] {scheduler_job.py:643} INFO - DAG(s) dict_keys(['parallel_dag']) retrieved from /home/airflow/airflow/dags/parallel_dag.py
[2022-04-13 07:23:05,293] {logging_mixin.py:104} INFO - [2022-04-13 07:23:05,293] {dag.py:1832} INFO - Sync 1 DAGs
[2022-04-13 07:23:05,720] {logging_mixin.py:104} INFO - [2022-04-13 07:23:05,719] {dag.py:2305} INFO - Setting next_dagrun for parallel_dag to 2022-04-13 00:00:00+00:00
[2022-04-13 07:23:05,802] {scheduler_job.py:190} INFO - Processing /home/airflow/airflow/dags/parallel_dag.py took 0.800 seconds
[2022-04-13 07:23:36,127] {scheduler_job.py:182} INFO - Started process (PID=9067) to work on /home/airflow/airflow/dags/parallel_dag.py
[2022-04-13 07:23:36,130] {scheduler_job.py:633} INFO - Processing file /home/airflow/airflow/dags/parallel_dag.py for tasks to queue
[2022-04-13 07:23:36,135] {logging_mixin.py:104} INFO - [2022-04-13 07:23:36,134] {dagbag.py:487} INFO - Filling up the DagBag from /home/airflow/airflow/dags/parallel_dag.py
[2022-04-13 07:23:36,199] {scheduler_job.py:643} INFO - DAG(s) dict_keys(['parallel_dag']) retrieved from /home/airflow/airflow/dags/parallel_dag.py
[2022-04-13 07:23:36,290] {logging_mixin.py:104} INFO - [2022-04-13 07:23:36,290] {dag.py:1832} INFO - Sync 1 DAGs
[2022-04-13 07:23:36,474] {logging_mixin.py:104} INFO - [2022-04-13 07:23:36,473] {dag.py:2305} INFO - Setting next_dagrun for parallel_dag to 2022-04-13 00:00:00+00:00
[2022-04-13 07:23:36,498] {scheduler_job.py:190} INFO - Processing /home/airflow/airflow/dags/parallel_dag.py took 0.405 seconds
[2022-04-13 07:24:06,835] {scheduler_job.py:182} INFO - Started process (PID=9266) to work on /home/airflow/airflow/dags/parallel_dag.py
[2022-04-13 07:24:06,836] {scheduler_job.py:633} INFO - Processing file /home/airflow/airflow/dags/parallel_dag.py for tasks to queue
[2022-04-13 07:24:06,838] {logging_mixin.py:104} INFO - [2022-04-13 07:24:06,837] {dagbag.py:487} INFO - Filling up the DagBag from /home/airflow/airflow/dags/parallel_dag.py
[2022-04-13 07:24:06,875] {scheduler_job.py:643} INFO - DAG(s) dict_keys(['parallel_dag']) retrieved from /home/airflow/airflow/dags/parallel_dag.py
[2022-04-13 07:24:06,969] {logging_mixin.py:104} INFO - [2022-04-13 07:24:06,969] {dag.py:1832} INFO - Sync 1 DAGs
[2022-04-13 07:24:07,148] {logging_mixin.py:104} INFO - [2022-04-13 07:24:07,147] {dag.py:2305} INFO - Setting next_dagrun for parallel_dag to 2022-04-13 00:00:00+00:00
[2022-04-13 07:24:07,182] {scheduler_job.py:190} INFO - Processing /home/airflow/airflow/dags/parallel_dag.py took 0.359 seconds
[2022-04-13 07:24:38,144] {scheduler_job.py:182} INFO - Started process (PID=9709) to work on /home/airflow/airflow/dags/parallel_dag.py
[2022-04-13 07:24:38,147] {scheduler_job.py:633} INFO - Processing file /home/airflow/airflow/dags/parallel_dag.py for tasks to queue
[2022-04-13 07:24:38,148] {logging_mixin.py:104} INFO - [2022-04-13 07:24:38,148] {dagbag.py:487} INFO - Filling up the DagBag from /home/airflow/airflow/dags/parallel_dag.py
[2022-04-13 07:24:38,190] {scheduler_job.py:643} INFO - DAG(s) dict_keys(['parallel_dag']) retrieved from /home/airflow/airflow/dags/parallel_dag.py
[2022-04-13 07:24:38,267] {logging_mixin.py:104} INFO - [2022-04-13 07:24:38,267] {dag.py:1832} INFO - Sync 1 DAGs
[2022-04-13 07:24:38,497] {logging_mixin.py:104} INFO - [2022-04-13 07:24:38,497] {dag.py:2305} INFO - Setting next_dagrun for parallel_dag to 2022-04-13 00:00:00+00:00
[2022-04-13 07:24:38,528] {scheduler_job.py:190} INFO - Processing /home/airflow/airflow/dags/parallel_dag.py took 0.395 seconds
[2022-04-13 07:25:08,976] {scheduler_job.py:182} INFO - Started process (PID=9911) to work on /home/airflow/airflow/dags/parallel_dag.py
[2022-04-13 07:25:08,998] {scheduler_job.py:633} INFO - Processing file /home/airflow/airflow/dags/parallel_dag.py for tasks to queue
[2022-04-13 07:25:09,000] {logging_mixin.py:104} INFO - [2022-04-13 07:25:09,000] {dagbag.py:487} INFO - Filling up the DagBag from /home/airflow/airflow/dags/parallel_dag.py
[2022-04-13 07:25:09,046] {scheduler_job.py:643} INFO - DAG(s) dict_keys(['parallel_dag']) retrieved from /home/airflow/airflow/dags/parallel_dag.py
[2022-04-13 07:25:09,112] {logging_mixin.py:104} INFO - [2022-04-13 07:25:09,111] {dag.py:1832} INFO - Sync 1 DAGs
[2022-04-13 07:25:09,273] {logging_mixin.py:104} INFO - [2022-04-13 07:25:09,272] {dag.py:2305} INFO - Setting next_dagrun for parallel_dag to 2022-04-13 00:00:00+00:00
[2022-04-13 07:25:09,307] {scheduler_job.py:190} INFO - Processing /home/airflow/airflow/dags/parallel_dag.py took 0.340 seconds
[2022-04-13 07:25:39,739] {scheduler_job.py:182} INFO - Started process (PID=10111) to work on /home/airflow/airflow/dags/parallel_dag.py
[2022-04-13 07:25:39,742] {scheduler_job.py:633} INFO - Processing file /home/airflow/airflow/dags/parallel_dag.py for tasks to queue
[2022-04-13 07:25:39,745] {logging_mixin.py:104} INFO - [2022-04-13 07:25:39,743] {dagbag.py:487} INFO - Filling up the DagBag from /home/airflow/airflow/dags/parallel_dag.py
[2022-04-13 07:25:39,792] {scheduler_job.py:643} INFO - DAG(s) dict_keys(['parallel_dag']) retrieved from /home/airflow/airflow/dags/parallel_dag.py
[2022-04-13 07:25:39,867] {logging_mixin.py:104} INFO - [2022-04-13 07:25:39,867] {dag.py:1832} INFO - Sync 1 DAGs
[2022-04-13 07:25:40,075] {logging_mixin.py:104} INFO - [2022-04-13 07:25:40,075] {dag.py:2305} INFO - Setting next_dagrun for parallel_dag to 2022-04-13 00:00:00+00:00
[2022-04-13 07:25:40,117] {scheduler_job.py:190} INFO - Processing /home/airflow/airflow/dags/parallel_dag.py took 0.388 seconds
[2022-04-13 07:26:10,227] {scheduler_job.py:182} INFO - Started process (PID=10311) to work on /home/airflow/airflow/dags/parallel_dag.py
[2022-04-13 07:26:10,230] {scheduler_job.py:633} INFO - Processing file /home/airflow/airflow/dags/parallel_dag.py for tasks to queue
[2022-04-13 07:26:10,231] {logging_mixin.py:104} INFO - [2022-04-13 07:26:10,231] {dagbag.py:487} INFO - Filling up the DagBag from /home/airflow/airflow/dags/parallel_dag.py
[2022-04-13 07:26:10,276] {scheduler_job.py:643} INFO - DAG(s) dict_keys(['parallel_dag']) retrieved from /home/airflow/airflow/dags/parallel_dag.py
[2022-04-13 07:26:10,492] {logging_mixin.py:104} INFO - [2022-04-13 07:26:10,492] {dag.py:1832} INFO - Sync 1 DAGs
[2022-04-13 07:26:10,593] {logging_mixin.py:104} INFO - [2022-04-13 07:26:10,593] {dag.py:2305} INFO - Setting next_dagrun for parallel_dag to 2022-04-13 00:00:00+00:00
[2022-04-13 07:26:10,626] {scheduler_job.py:190} INFO - Processing /home/airflow/airflow/dags/parallel_dag.py took 0.409 seconds
[2022-04-13 07:26:41,225] {scheduler_job.py:182} INFO - Started process (PID=10510) to work on /home/airflow/airflow/dags/parallel_dag.py
[2022-04-13 07:26:41,230] {scheduler_job.py:633} INFO - Processing file /home/airflow/airflow/dags/parallel_dag.py for tasks to queue
[2022-04-13 07:26:41,232] {logging_mixin.py:104} INFO - [2022-04-13 07:26:41,232] {dagbag.py:487} INFO - Filling up the DagBag from /home/airflow/airflow/dags/parallel_dag.py
[2022-04-13 07:26:41,276] {scheduler_job.py:643} INFO - DAG(s) dict_keys(['parallel_dag']) retrieved from /home/airflow/airflow/dags/parallel_dag.py
[2022-04-13 07:26:41,482] {logging_mixin.py:104} INFO - [2022-04-13 07:26:41,482] {dag.py:1832} INFO - Sync 1 DAGs
[2022-04-13 07:26:41,512] {logging_mixin.py:104} INFO - [2022-04-13 07:26:41,512] {dag.py:2305} INFO - Setting next_dagrun for parallel_dag to 2022-04-13 00:00:00+00:00
[2022-04-13 07:26:41,532] {scheduler_job.py:190} INFO - Processing /home/airflow/airflow/dags/parallel_dag.py took 0.316 seconds
[2022-04-13 07:27:11,833] {scheduler_job.py:182} INFO - Started process (PID=10709) to work on /home/airflow/airflow/dags/parallel_dag.py
[2022-04-13 07:27:11,836] {scheduler_job.py:633} INFO - Processing file /home/airflow/airflow/dags/parallel_dag.py for tasks to queue
[2022-04-13 07:27:11,837] {logging_mixin.py:104} INFO - [2022-04-13 07:27:11,837] {dagbag.py:487} INFO - Filling up the DagBag from /home/airflow/airflow/dags/parallel_dag.py
[2022-04-13 07:27:11,862] {scheduler_job.py:643} INFO - DAG(s) dict_keys(['parallel_dag']) retrieved from /home/airflow/airflow/dags/parallel_dag.py
[2022-04-13 07:27:12,067] {logging_mixin.py:104} INFO - [2022-04-13 07:27:12,066] {dag.py:1832} INFO - Sync 1 DAGs
[2022-04-13 07:27:12,100] {logging_mixin.py:104} INFO - [2022-04-13 07:27:12,100] {dag.py:2305} INFO - Setting next_dagrun for parallel_dag to 2022-04-13 00:00:00+00:00
[2022-04-13 07:27:12,128] {scheduler_job.py:190} INFO - Processing /home/airflow/airflow/dags/parallel_dag.py took 0.303 seconds
[2022-04-13 07:27:42,231] {scheduler_job.py:182} INFO - Started process (PID=10908) to work on /home/airflow/airflow/dags/parallel_dag.py
[2022-04-13 07:27:42,234] {scheduler_job.py:633} INFO - Processing file /home/airflow/airflow/dags/parallel_dag.py for tasks to queue
[2022-04-13 07:27:42,236] {logging_mixin.py:104} INFO - [2022-04-13 07:27:42,236] {dagbag.py:487} INFO - Filling up the DagBag from /home/airflow/airflow/dags/parallel_dag.py
[2022-04-13 07:27:42,282] {scheduler_job.py:643} INFO - DAG(s) dict_keys(['parallel_dag']) retrieved from /home/airflow/airflow/dags/parallel_dag.py
[2022-04-13 07:27:42,468] {logging_mixin.py:104} INFO - [2022-04-13 07:27:42,468] {dag.py:1832} INFO - Sync 1 DAGs
[2022-04-13 07:27:42,504] {logging_mixin.py:104} INFO - [2022-04-13 07:27:42,504] {dag.py:2305} INFO - Setting next_dagrun for parallel_dag to 2022-04-13 00:00:00+00:00
[2022-04-13 07:27:42,526] {scheduler_job.py:190} INFO - Processing /home/airflow/airflow/dags/parallel_dag.py took 0.307 seconds
[2022-04-13 07:28:12,677] {scheduler_job.py:182} INFO - Started process (PID=11101) to work on /home/airflow/airflow/dags/parallel_dag.py
[2022-04-13 07:28:12,698] {scheduler_job.py:633} INFO - Processing file /home/airflow/airflow/dags/parallel_dag.py for tasks to queue
[2022-04-13 07:28:12,700] {logging_mixin.py:104} INFO - [2022-04-13 07:28:12,699] {dagbag.py:487} INFO - Filling up the DagBag from /home/airflow/airflow/dags/parallel_dag.py
[2022-04-13 07:28:12,774] {scheduler_job.py:643} INFO - DAG(s) dict_keys(['parallel_dag']) retrieved from /home/airflow/airflow/dags/parallel_dag.py
[2022-04-13 07:28:13,310] {logging_mixin.py:104} INFO - [2022-04-13 07:28:13,309] {dag.py:1832} INFO - Sync 1 DAGs
[2022-04-13 07:28:13,389] {logging_mixin.py:104} INFO - [2022-04-13 07:28:13,389] {dag.py:2305} INFO - Setting next_dagrun for parallel_dag to 2022-04-13 00:00:00+00:00
[2022-04-13 07:28:13,664] {scheduler_job.py:190} INFO - Processing /home/airflow/airflow/dags/parallel_dag.py took 0.996 seconds
[2022-04-13 07:28:43,849] {scheduler_job.py:182} INFO - Started process (PID=11301) to work on /home/airflow/airflow/dags/parallel_dag.py
[2022-04-13 07:28:43,852] {scheduler_job.py:633} INFO - Processing file /home/airflow/airflow/dags/parallel_dag.py for tasks to queue
[2022-04-13 07:28:43,854] {logging_mixin.py:104} INFO - [2022-04-13 07:28:43,853] {dagbag.py:487} INFO - Filling up the DagBag from /home/airflow/airflow/dags/parallel_dag.py
[2022-04-13 07:28:44,020] {scheduler_job.py:643} INFO - DAG(s) dict_keys(['parallel_dag']) retrieved from /home/airflow/airflow/dags/parallel_dag.py
[2022-04-13 07:28:44,089] {logging_mixin.py:104} INFO - [2022-04-13 07:28:44,087] {dag.py:1832} INFO - Sync 1 DAGs
[2022-04-13 07:28:44,126] {logging_mixin.py:104} INFO - [2022-04-13 07:28:44,126] {dag.py:2305} INFO - Setting next_dagrun for parallel_dag to 2022-04-13 00:00:00+00:00
[2022-04-13 07:28:44,157] {scheduler_job.py:190} INFO - Processing /home/airflow/airflow/dags/parallel_dag.py took 0.313 seconds
[2022-04-13 07:29:14,240] {scheduler_job.py:182} INFO - Started process (PID=11498) to work on /home/airflow/airflow/dags/parallel_dag.py
[2022-04-13 07:29:14,260] {scheduler_job.py:633} INFO - Processing file /home/airflow/airflow/dags/parallel_dag.py for tasks to queue
[2022-04-13 07:29:14,277] {logging_mixin.py:104} INFO - [2022-04-13 07:29:14,277] {dagbag.py:487} INFO - Filling up the DagBag from /home/airflow/airflow/dags/parallel_dag.py
[2022-04-13 07:29:14,610] {scheduler_job.py:643} INFO - DAG(s) dict_keys(['parallel_dag']) retrieved from /home/airflow/airflow/dags/parallel_dag.py
[2022-04-13 07:29:14,741] {logging_mixin.py:104} INFO - [2022-04-13 07:29:14,740] {dag.py:1832} INFO - Sync 1 DAGs
[2022-04-13 07:29:14,865] {logging_mixin.py:104} INFO - [2022-04-13 07:29:14,865] {dag.py:2305} INFO - Setting next_dagrun for parallel_dag to 2022-04-13 00:00:00+00:00
[2022-04-13 07:29:15,237] {scheduler_job.py:190} INFO - Processing /home/airflow/airflow/dags/parallel_dag.py took 1.005 seconds
[2022-04-13 07:29:45,838] {scheduler_job.py:182} INFO - Started process (PID=11934) to work on /home/airflow/airflow/dags/parallel_dag.py
[2022-04-13 07:29:45,852] {scheduler_job.py:633} INFO - Processing file /home/airflow/airflow/dags/parallel_dag.py for tasks to queue
[2022-04-13 07:29:45,854] {logging_mixin.py:104} INFO - [2022-04-13 07:29:45,854] {dagbag.py:487} INFO - Filling up the DagBag from /home/airflow/airflow/dags/parallel_dag.py
[2022-04-13 07:29:46,219] {scheduler_job.py:643} INFO - DAG(s) dict_keys(['parallel_dag']) retrieved from /home/airflow/airflow/dags/parallel_dag.py
[2022-04-13 07:29:46,336] {logging_mixin.py:104} INFO - [2022-04-13 07:29:46,335] {dag.py:1832} INFO - Sync 1 DAGs
[2022-04-13 07:29:46,426] {logging_mixin.py:104} INFO - [2022-04-13 07:29:46,426] {dag.py:2305} INFO - Setting next_dagrun for parallel_dag to 2022-04-13 00:00:00+00:00
[2022-04-13 07:29:46,616] {scheduler_job.py:190} INFO - Processing /home/airflow/airflow/dags/parallel_dag.py took 0.791 seconds
[2022-04-13 07:30:17,314] {scheduler_job.py:182} INFO - Started process (PID=12132) to work on /home/airflow/airflow/dags/parallel_dag.py
[2022-04-13 07:30:17,349] {scheduler_job.py:633} INFO - Processing file /home/airflow/airflow/dags/parallel_dag.py for tasks to queue
[2022-04-13 07:30:17,351] {logging_mixin.py:104} INFO - [2022-04-13 07:30:17,351] {dagbag.py:487} INFO - Filling up the DagBag from /home/airflow/airflow/dags/parallel_dag.py
[2022-04-13 07:30:17,764] {scheduler_job.py:643} INFO - DAG(s) dict_keys(['parallel_dag']) retrieved from /home/airflow/airflow/dags/parallel_dag.py
[2022-04-13 07:30:17,941] {logging_mixin.py:104} INFO - [2022-04-13 07:30:17,940] {dag.py:1832} INFO - Sync 1 DAGs
[2022-04-13 07:30:18,020] {logging_mixin.py:104} INFO - [2022-04-13 07:30:18,020] {dag.py:2305} INFO - Setting next_dagrun for parallel_dag to 2022-04-13 00:00:00+00:00
[2022-04-13 07:30:18,087] {scheduler_job.py:190} INFO - Processing /home/airflow/airflow/dags/parallel_dag.py took 0.783 seconds
[2022-04-13 07:30:48,316] {scheduler_job.py:182} INFO - Started process (PID=12307) to work on /home/airflow/airflow/dags/parallel_dag.py
[2022-04-13 07:30:48,319] {scheduler_job.py:633} INFO - Processing file /home/airflow/airflow/dags/parallel_dag.py for tasks to queue
[2022-04-13 07:30:48,320] {logging_mixin.py:104} INFO - [2022-04-13 07:30:48,320] {dagbag.py:487} INFO - Filling up the DagBag from /home/airflow/airflow/dags/parallel_dag.py
[2022-04-13 07:30:48,627] {scheduler_job.py:643} INFO - DAG(s) dict_keys(['parallel_dag']) retrieved from /home/airflow/airflow/dags/parallel_dag.py
[2022-04-13 07:30:48,823] {logging_mixin.py:104} INFO - [2022-04-13 07:30:48,822] {dag.py:1832} INFO - Sync 1 DAGs
[2022-04-13 07:30:48,917] {logging_mixin.py:104} INFO - [2022-04-13 07:30:48,917] {dag.py:2305} INFO - Setting next_dagrun for parallel_dag to 2022-04-13 00:00:00+00:00
[2022-04-13 07:30:49,083] {scheduler_job.py:190} INFO - Processing /home/airflow/airflow/dags/parallel_dag.py took 0.785 seconds
[2022-04-13 07:31:19,872] {scheduler_job.py:182} INFO - Started process (PID=12530) to work on /home/airflow/airflow/dags/parallel_dag.py
[2022-04-13 07:31:20,421] {scheduler_job.py:633} INFO - Processing file /home/airflow/airflow/dags/parallel_dag.py for tasks to queue
[2022-04-13 07:31:20,450] {logging_mixin.py:104} INFO - [2022-04-13 07:31:20,450] {dagbag.py:487} INFO - Filling up the DagBag from /home/airflow/airflow/dags/parallel_dag.py
[2022-04-13 07:31:20,522] {scheduler_job.py:643} INFO - DAG(s) dict_keys(['parallel_dag']) retrieved from /home/airflow/airflow/dags/parallel_dag.py
[2022-04-13 07:31:20,710] {logging_mixin.py:104} INFO - [2022-04-13 07:31:20,710] {dag.py:1832} INFO - Sync 1 DAGs
[2022-04-13 07:31:20,868] {logging_mixin.py:104} INFO - [2022-04-13 07:31:20,835] {dag.py:2305} INFO - Setting next_dagrun for parallel_dag to 2022-04-13 00:00:00+00:00
[2022-04-13 07:31:21,215] {scheduler_job.py:190} INFO - Processing /home/airflow/airflow/dags/parallel_dag.py took 1.373 seconds
[2022-04-13 07:31:52,032] {scheduler_job.py:182} INFO - Started process (PID=12919) to work on /home/airflow/airflow/dags/parallel_dag.py
[2022-04-13 07:31:52,035] {scheduler_job.py:633} INFO - Processing file /home/airflow/airflow/dags/parallel_dag.py for tasks to queue
[2022-04-13 07:31:52,047] {logging_mixin.py:104} INFO - [2022-04-13 07:31:52,047] {dagbag.py:487} INFO - Filling up the DagBag from /home/airflow/airflow/dags/parallel_dag.py
[2022-04-13 07:31:52,140] {scheduler_job.py:643} INFO - DAG(s) dict_keys(['parallel_dag']) retrieved from /home/airflow/airflow/dags/parallel_dag.py
[2022-04-13 07:31:52,323] {logging_mixin.py:104} INFO - [2022-04-13 07:31:52,323] {dag.py:1832} INFO - Sync 1 DAGs
[2022-04-13 07:31:52,423] {logging_mixin.py:104} INFO - [2022-04-13 07:31:52,422] {dag.py:2305} INFO - Setting next_dagrun for parallel_dag to 2022-04-13 00:00:00+00:00
[2022-04-13 07:31:52,497] {scheduler_job.py:190} INFO - Processing /home/airflow/airflow/dags/parallel_dag.py took 0.508 seconds
[2022-04-13 07:32:22,929] {scheduler_job.py:182} INFO - Started process (PID=13143) to work on /home/airflow/airflow/dags/parallel_dag.py
[2022-04-13 07:32:22,955] {scheduler_job.py:633} INFO - Processing file /home/airflow/airflow/dags/parallel_dag.py for tasks to queue
[2022-04-13 07:32:22,956] {logging_mixin.py:104} INFO - [2022-04-13 07:32:22,956] {dagbag.py:487} INFO - Filling up the DagBag from /home/airflow/airflow/dags/parallel_dag.py
[2022-04-13 07:32:23,038] {scheduler_job.py:643} INFO - DAG(s) dict_keys(['parallel_dag']) retrieved from /home/airflow/airflow/dags/parallel_dag.py
[2022-04-13 07:32:23,185] {logging_mixin.py:104} INFO - [2022-04-13 07:32:23,185] {dag.py:1832} INFO - Sync 1 DAGs
[2022-04-13 07:32:23,299] {logging_mixin.py:104} INFO - [2022-04-13 07:32:23,299] {dag.py:2305} INFO - Setting next_dagrun for parallel_dag to 2022-04-13 00:00:00+00:00
[2022-04-13 07:32:23,363] {scheduler_job.py:190} INFO - Processing /home/airflow/airflow/dags/parallel_dag.py took 0.453 seconds
